# lattice-scale --inv-acoustic-scale=16 "ark:gunzip -c exp/mono_1k/decode/lat.*.gz|" ark:- | lattice-add-penalty --word-ins-penalty=0.0 ark:- ark:- | lattice-best-path --word-symbol-table=exp/mono_1k/graph1/words.txt ark:- ark,t:- | utils/int2sym.pl -f 2- exp/mono_1k/graph1/words.txt | cat > exp/mono_1k/decode/scoring_kaldi/penalty_0.0/16.txt 
# Started at Tue Dec  8 06:00:17 UTC 2020
#
lattice-scale --inv-acoustic-scale=16 'ark:gunzip -c exp/mono_1k/decode/lat.*.gz|' ark:- 
lattice-add-penalty --word-ins-penalty=0.0 ark:- ark:- 
lattice-best-path --word-symbol-table=exp/mono_1k/graph1/words.txt ark:- ark,t:- 
LOG (lattice-best-path[5.5.0~1-40c7]:main():lattice-best-path.cc:99) For utterance 248-130644-0000, best cost 154.08 + 11037.6 = 11191.7 over 1688 frames.
248-130644-0000 
LOG (lattice-best-path[5.5.0~1-40c7]:main():lattice-best-path.cc:99) For utterance 248-130644-0001, best cost 133.046 + 10750.6 = 10883.6 over 1649 frames.
248-130644-0001 
LOG (lattice-best-path[5.5.0~1-40c7]:main():lattice-best-path.cc:99) For utterance 248-130644-0002, best cost 157.616 + 14070.8 = 14228.4 over 2159 frames.
248-130644-0002 
LOG (lattice-best-path[5.5.0~1-40c7]:main():lattice-best-path.cc:99) For utterance 248-130644-0003, best cost 149.259 + 11739.2 = 11888.5 over 1795 frames.
248-130644-0003 
LOG (lattice-best-path[5.5.0~1-40c7]:main():lattice-best-path.cc:99) For utterance 248-130644-0004, best cost 160.793 + 14849.6 = 15010.4 over 2249 frames.
248-130644-0004 
LOG (lattice-best-path[5.5.0~1-40c7]:main():lattice-best-path.cc:99) For utterance 248-130644-0005, best cost 158.293 + 13793.8 = 13952.1 over 2103 frames.
248-130644-0005 
LOG (lattice-best-path[5.5.0~1-40c7]:main():lattice-best-path.cc:99) For utterance 248-130644-0006, best cost 177.44 + 13839.8 = 14017.2 over 2133 frames.
248-130644-0006 
LOG (lattice-best-path[5.5.0~1-40c7]:main():lattice-best-path.cc:99) For utterance 248-130644-0007, best cost 172.371 + 14289.6 = 14462 over 2205 frames.
248-130644-0007 
LOG (lattice-best-path[5.5.0~1-40c7]:main():lattice-best-path.cc:99) For utterance 248-130644-0008, best cost 169.478 + 14936.9 = 15106.4 over 2270 frames.
248-130644-0008 
LOG (lattice-best-path[5.5.0~1-40c7]:main():lattice-best-path.cc:99) For utterance 248-130644-0009, best cost 150.304 + 12363.2 = 12513.5 over 1875 frames.
248-130644-0009 
LOG (lattice-best-path[5.5.0~1-40c7]:main():lattice-best-path.cc:99) For utterance 248-130644-0010, best cost 184.762 + 15860.7 = 16045.5 over 2430 frames.
248-130644-0010 
LOG (lattice-best-path[5.5.0~1-40c7]:main():lattice-best-path.cc:99) For utterance 248-130644-0011, best cost 156.5 + 12865.3 = 13021.8 over 1960 frames.
248-130644-0011 
LOG (lattice-best-path[5.5.0~1-40c7]:main():lattice-best-path.cc:99) For utterance 248-130644-0012, best cost 118.175 + 10155.2 = 10273.3 over 1546 frames.
248-130644-0012 
LOG (lattice-best-path[5.5.0~1-40c7]:main():lattice-best-path.cc:99) For utterance 248-130644-0013, best cost 140.894 + 10861.5 = 11002.4 over 1660 frames.
248-130644-0013 
LOG (lattice-best-path[5.5.0~1-40c7]:main():lattice-best-path.cc:99) For utterance 248-130644-0014, best cost 91.1015 + 6542.57 = 6633.67 over 995 frames.
248-130644-0014 
LOG (lattice-best-path[5.5.0~1-40c7]:main():lattice-best-path.cc:99) For utterance 248-130644-0015, best cost 149.864 + 11906.1 = 12056 over 1817 frames.
248-130644-0015 
LOG (lattice-best-path[5.5.0~1-40c7]:main():lattice-best-path.cc:99) For utterance 248-130644-0016, best cost 169.662 + 14324.7 = 14494.4 over 2181 frames.
248-130644-0016 
LOG (lattice-best-path[5.5.0~1-40c7]:main():lattice-best-path.cc:99) For utterance 248-130644-0017, best cost 131.925 + 10204.9 = 10336.8 over 1562 frames.
248-130644-0017 
LOG (lattice-best-path[5.5.0~1-40c7]:main():lattice-best-path.cc:99) For utterance 248-130644-0018, best cost 160.544 + 13447.7 = 13608.3 over 2057 frames.
248-130644-0018 
LOG (lattice-best-path[5.5.0~1-40c7]:main():lattice-best-path.cc:99) For utterance 248-130644-0019, best cost 200.092 + 15581 = 15781.1 over 2398 frames.
248-130644-0019 
LOG (lattice-best-path[5.5.0~1-40c7]:main():lattice-best-path.cc:99) For utterance 248-130644-0020, best cost 131.012 + 10779.5 = 10910.6 over 1649 frames.
248-130644-0020 
LOG (lattice-best-path[5.5.0~1-40c7]:main():lattice-best-path.cc:99) For utterance 248-130644-0021, best cost 198.998 + 16949.7 = 17148.7 over 2570 frames.
248-130644-0021 
LOG (lattice-best-path[5.5.0~1-40c7]:main():lattice-best-path.cc:99) For utterance 248-130644-0022, best cost 131.937 + 10183.9 = 10315.8 over 1566 frames.
248-130644-0022 
LOG (lattice-best-path[5.5.0~1-40c7]:main():lattice-best-path.cc:99) For utterance 248-130644-0023, best cost 111.793 + 8541.66 = 8653.46 over 1294 frames.
248-130644-0023 
LOG (lattice-best-path[5.5.0~1-40c7]:main():lattice-best-path.cc:99) For utterance 248-130644-0024, best cost 143.787 + 13033.7 = 13177.5 over 1988 frames.
248-130644-0024 
LOG (lattice-best-path[5.5.0~1-40c7]:main():lattice-best-path.cc:99) For utterance 248-130644-0025, best cost 159.475 + 13811 = 13970.4 over 2117 frames.
248-130644-0025 
LOG (lattice-best-path[5.5.0~1-40c7]:main():lattice-best-path.cc:99) For utterance 248-130644-0026, best cost 157.672 + 13617.1 = 13774.8 over 2090 frames.
248-130644-0026 
LOG (lattice-best-path[5.5.0~1-40c7]:main():lattice-best-path.cc:99) For utterance 248-130644-0027, best cost 91.2966 + 7478.28 = 7569.57 over 1164 frames.
248-130644-0027 
LOG (lattice-best-path[5.5.0~1-40c7]:main():lattice-best-path.cc:99) For utterance 248-130644-0028, best cost 155.937 + 13315.5 = 13471.4 over 2046 frames.
248-130644-0028 
LOG (lattice-best-path[5.5.0~1-40c7]:main():lattice-best-path.cc:99) For utterance 248-130644-0029, best cost 149.268 + 11554.3 = 11703.6 over 1744 frames.
248-130644-0029 
LOG (lattice-best-path[5.5.0~1-40c7]:main():lattice-best-path.cc:99) For utterance 248-130644-0030, best cost 178.872 + 14600 = 14778.8 over 2249 frames.
248-130644-0030 
LOG (lattice-best-path[5.5.0~1-40c7]:main():lattice-best-path.cc:99) For utterance 248-130644-0031, best cost 102.818 + 8571 = 8673.82 over 1336 frames.
248-130644-0031 
LOG (lattice-best-path[5.5.0~1-40c7]:main():lattice-best-path.cc:99) For utterance 248-130644-0032, best cost 137.814 + 11520.6 = 11658.4 over 1782 frames.
248-130644-0032 
LOG (lattice-best-path[5.5.0~1-40c7]:main():lattice-best-path.cc:99) For utterance 248-130644-0033, best cost 156.281 + 13534.7 = 13691 over 2081 frames.
248-130644-0033 
LOG (lattice-best-path[5.5.0~1-40c7]:main():lattice-best-path.cc:99) For utterance 248-130644-0034, best cost 147.267 + 10383.5 = 10530.8 over 1617 frames.
248-130644-0034 
LOG (lattice-best-path[5.5.0~1-40c7]:main():lattice-best-path.cc:99) For utterance 248-130644-0035, best cost 160.987 + 13891.3 = 14052.3 over 2138 frames.
248-130644-0035 
LOG (lattice-best-path[5.5.0~1-40c7]:main():lattice-best-path.cc:99) For utterance 248-130644-0036, best cost 43.676 + 2770.02 = 2813.7 over 434 frames.
248-130644-0036 
LOG (lattice-best-path[5.5.0~1-40c7]:main():lattice-best-path.cc:99) For utterance 248-130652-0000, best cost 138.291 + 13926.2 = 14064.5 over 2183 frames.
248-130652-0000 
LOG (lattice-best-path[5.5.0~1-40c7]:main():lattice-best-path.cc:99) For utterance 248-130652-0001, best cost 120.247 + 8766.48 = 8886.73 over 1327 frames.
248-130652-0001 
LOG (lattice-best-path[5.5.0~1-40c7]:main():lattice-best-path.cc:99) For utterance 248-130652-0002, best cost 156.188 + 13733.7 = 13889.9 over 2123 frames.
248-130652-0002 
LOG (lattice-best-path[5.5.0~1-40c7]:main():lattice-best-path.cc:99) For utterance 248-130652-0003, best cost 154.735 + 13133.4 = 13288.1 over 2022 frames.
248-130652-0003 
LOG (lattice-best-path[5.5.0~1-40c7]:main():lattice-best-path.cc:99) For utterance 248-130652-0004, best cost 155.55 + 13706.6 = 13862.2 over 2097 frames.
248-130652-0004 
LOG (lattice-best-path[5.5.0~1-40c7]:main():lattice-best-path.cc:99) For utterance 248-130652-0005, best cost 136.701 + 11239.9 = 11376.6 over 1734 frames.
248-130652-0005 
LOG (lattice-best-path[5.5.0~1-40c7]:main():lattice-best-path.cc:99) For utterance 248-130652-0006, best cost 139.283 + 11022.2 = 11161.5 over 1699 frames.
248-130652-0006 
LOG (lattice-best-path[5.5.0~1-40c7]:main():lattice-best-path.cc:99) For utterance 248-130652-0007, best cost 179.565 + 13337 = 13516.6 over 2069 frames.
248-130652-0007 
LOG (lattice-best-path[5.5.0~1-40c7]:main():lattice-best-path.cc:99) For utterance 248-130652-0008, best cost 191.657 + 16006.3 = 16197.9 over 2462 frames.
248-130652-0008 
LOG (lattice-best-path[5.5.0~1-40c7]:main():lattice-best-path.cc:99) For utterance 248-130652-0009, best cost 154.271 + 14071 = 14225.3 over 2149 frames.
248-130652-0009 
LOG (lattice-best-path[5.5.0~1-40c7]:main():lattice-best-path.cc:99) For utterance 248-130652-0010, best cost 146.381 + 11846.9 = 11993.3 over 1821 frames.
248-130652-0010 
LOG (lattice-best-path[5.5.0~1-40c7]:main():lattice-best-path.cc:99) For utterance 248-130652-0011, best cost 148.392 + 12222 = 12370.4 over 1886 frames.
248-130652-0011 
LOG (lattice-best-path[5.5.0~1-40c7]:main():lattice-best-path.cc:99) For utterance 248-130652-0012, best cost 112.162 + 10827.5 = 10939.6 over 1728 frames.
248-130652-0012 
LOG (lattice-best-path[5.5.0~1-40c7]:main():lattice-best-path.cc:99) For utterance 248-130652-0013, best cost 158.585 + 13248.3 = 13406.9 over 2047 frames.
248-130652-0013 
LOG (lattice-best-path[5.5.0~1-40c7]:main():lattice-best-path.cc:99) For utterance 248-130652-0014, best cost 93.9079 + 6586.56 = 6680.47 over 1048 frames.
248-130652-0014 
LOG (lattice-best-path[5.5.0~1-40c7]:main():lattice-best-path.cc:99) For utterance 248-130652-0015, best cost 142.335 + 12114 = 12256.3 over 1905 frames.
248-130652-0015 
LOG (lattice-best-path[5.5.0~1-40c7]:main():lattice-best-path.cc:99) For utterance 248-130652-0016, best cost 127.774 + 11188.2 = 11315.9 over 1739 frames.
248-130652-0016 
LOG (lattice-best-path[5.5.0~1-40c7]:main():lattice-best-path.cc:99) For utterance 248-130652-0017, best cost 125.058 + 10747.2 = 10872.3 over 1670 frames.
248-130652-0017 
LOG (lattice-best-path[5.5.0~1-40c7]:main():lattice-best-path.cc:99) For utterance 248-130652-0018, best cost 172.45 + 15098.2 = 15270.7 over 2316 frames.
248-130652-0018 
LOG (lattice-best-path[5.5.0~1-40c7]:main():lattice-best-path.cc:99) For utterance 248-130652-0019, best cost 117.509 + 11023.3 = 11140.8 over 1747 frames.
248-130652-0019 
LOG (lattice-best-path[5.5.0~1-40c7]:main():lattice-best-path.cc:99) For utterance 248-130652-0020, best cost 129.641 + 10646.9 = 10776.6 over 1660 frames.
248-130652-0020 
LOG (lattice-best-path[5.5.0~1-40c7]:main():lattice-best-path.cc:99) For utterance 248-130652-0021, best cost 136.575 + 12075.1 = 12211.7 over 1886 frames.
248-130652-0021 
LOG (lattice-best-path[5.5.0~1-40c7]:main():lattice-best-path.cc:99) For utterance 248-130652-0022, best cost 137.044 + 12492.6 = 12629.6 over 1937 frames.
248-130652-0022 
LOG (lattice-best-path[5.5.0~1-40c7]:main():lattice-best-path.cc:99) For utterance 248-130652-0023, best cost 128.863 + 11715.7 = 11844.6 over 1869 frames.
248-130652-0023 
LOG (lattice-best-path[5.5.0~1-40c7]:main():lattice-best-path.cc:99) For utterance 248-130652-0024, best cost 176.74 + 15222.4 = 15399.1 over 2353 frames.
248-130652-0024 
LOG (lattice-best-path[5.5.0~1-40c7]:main():lattice-best-path.cc:99) For utterance 248-130652-0025, best cost 132.89 + 12027.3 = 12160.2 over 1909 frames.
248-130652-0025 
LOG (lattice-best-path[5.5.0~1-40c7]:main():lattice-best-path.cc:99) For utterance 248-130652-0026, best cost 111.449 + 11105.6 = 11217.1 over 1791 frames.
248-130652-0026 
LOG (lattice-best-path[5.5.0~1-40c7]:main():lattice-best-path.cc:99) For utterance 248-130652-0027, best cost 139.496 + 13348.3 = 13487.8 over 2089 frames.
248-130652-0027 
LOG (lattice-best-path[5.5.0~1-40c7]:main():lattice-best-path.cc:99) For utterance 248-130652-0028, best cost 138.283 + 11991.2 = 12129.5 over 1865 frames.
248-130652-0028 
LOG (lattice-best-path[5.5.0~1-40c7]:main():lattice-best-path.cc:99) For utterance 248-130652-0029, best cost 172.549 + 14428.2 = 14600.7 over 2223 frames.
248-130652-0029 
LOG (lattice-best-path[5.5.0~1-40c7]:main():lattice-best-path.cc:99) For utterance 248-130652-0030, best cost 134.03 + 12432.9 = 12566.9 over 1939 frames.
248-130652-0030 
LOG (lattice-best-path[5.5.0~1-40c7]:main():lattice-best-path.cc:99) For utterance 248-130652-0031, best cost 160.654 + 14271.9 = 14432.5 over 2145 frames.
248-130652-0031 
LOG (lattice-best-path[5.5.0~1-40c7]:main():lattice-best-path.cc:99) For utterance 248-130652-0032, best cost 144.46 + 13501.5 = 13646 over 2078 frames.
248-130652-0032 
LOG (lattice-best-path[5.5.0~1-40c7]:main():lattice-best-path.cc:99) For utterance 248-130652-0033, best cost 182.807 + 14491.5 = 14674.3 over 2190 frames.
248-130652-0033 
LOG (lattice-best-path[5.5.0~1-40c7]:main():lattice-best-path.cc:99) For utterance 248-130652-0034, best cost 147.277 + 12201.2 = 12348.5 over 1886 frames.
248-130652-0034 
LOG (lattice-best-path[5.5.0~1-40c7]:main():lattice-best-path.cc:99) For utterance 248-130652-0035, best cost 118.385 + 10217.6 = 10336 over 1590 frames.
248-130652-0035 
LOG (lattice-best-path[5.5.0~1-40c7]:main():lattice-best-path.cc:99) For utterance 248-130652-0036, best cost 168.371 + 13742.8 = 13911.1 over 2081 frames.
248-130652-0036 
LOG (lattice-best-path[5.5.0~1-40c7]:main():lattice-best-path.cc:99) For utterance 248-130652-0037, best cost 126.848 + 12191.9 = 12318.8 over 1886 frames.
248-130652-0037 
LOG (lattice-best-path[5.5.0~1-40c7]:main():lattice-best-path.cc:99) For utterance 248-130652-0038, best cost 139.694 + 11707.5 = 11847.2 over 1801 frames.
248-130652-0038 
LOG (lattice-best-path[5.5.0~1-40c7]:main():lattice-best-path.cc:99) For utterance 248-130652-0039, best cost 69.6335 + 6103.92 = 6173.55 over 931 frames.
248-130652-0039 
LOG (lattice-best-path[5.5.0~1-40c7]:main():lattice-best-path.cc:99) For utterance 248-130697-0000, best cost 97.3942 + 7334.75 = 7432.14 over 1164 frames.
248-130697-0000 
LOG (lattice-best-path[5.5.0~1-40c7]:main():lattice-best-path.cc:99) For utterance 248-130697-0001, best cost 135.512 + 11037.2 = 11172.7 over 1709 frames.
248-130697-0001 
LOG (lattice-best-path[5.5.0~1-40c7]:main():lattice-best-path.cc:99) For utterance 248-130697-0002, best cost 142.259 + 12548.6 = 12690.8 over 2019 frames.
248-130697-0002 
LOG (lattice-best-path[5.5.0~1-40c7]:main():lattice-best-path.cc:99) For utterance 248-130697-0003, best cost 172.149 + 14200.3 = 14372.5 over 2193 frames.
248-130697-0003 
LOG (lattice-best-path[5.5.0~1-40c7]:main():lattice-best-path.cc:99) For utterance 248-130697-0004, best cost 127.41 + 13336.7 = 13464.1 over 2132 frames.
248-130697-0004 
LOG (lattice-best-path[5.5.0~1-40c7]:main():lattice-best-path.cc:99) For utterance 248-130697-0005, best cost 140.941 + 11882.1 = 12023.1 over 1872 frames.
248-130697-0005 
LOG (lattice-best-path[5.5.0~1-40c7]:main():lattice-best-path.cc:99) For utterance 248-130697-0006, best cost 125.189 + 12017.3 = 12142.5 over 1878 frames.
248-130697-0006 
LOG (lattice-best-path[5.5.0~1-40c7]:main():lattice-best-path.cc:99) For utterance 248-130697-0007, best cost 124.18 + 12585.3 = 12709.5 over 1977 frames.
248-130697-0007 
LOG (lattice-best-path[5.5.0~1-40c7]:main():lattice-best-path.cc:99) For utterance 248-130697-0008, best cost 136.039 + 10621.1 = 10757.1 over 1620 frames.
248-130697-0008 
LOG (lattice-best-path[5.5.0~1-40c7]:main():lattice-best-path.cc:99) For utterance 248-130697-0009, best cost 138.564 + 11717.6 = 11856.1 over 1814 frames.
248-130697-0009 
LOG (lattice-best-path[5.5.0~1-40c7]:main():lattice-best-path.cc:99) For utterance 248-130697-0010, best cost 132.504 + 14391.4 = 14523.9 over 2218 frames.
248-130697-0010 
LOG (lattice-best-path[5.5.0~1-40c7]:main():lattice-best-path.cc:99) For utterance 248-130697-0011, best cost 129.026 + 12954.9 = 13084 over 2042 frames.
248-130697-0011 
LOG (lattice-best-path[5.5.0~1-40c7]:main():lattice-best-path.cc:99) For utterance 248-130697-0012, best cost 119.156 + 9846.21 = 9965.36 over 1559 frames.
248-130697-0012 
LOG (lattice-best-path[5.5.0~1-40c7]:main():lattice-best-path.cc:99) For utterance 248-130697-0013, best cost 156.179 + 14669.9 = 14826.1 over 2263 frames.
248-130697-0013 
LOG (lattice-best-path[5.5.0~1-40c7]:main():lattice-best-path.cc:99) For utterance 248-130697-0014, best cost 90.1769 + 7829.94 = 7920.12 over 1277 frames.
248-130697-0014 
LOG (lattice-best-path[5.5.0~1-40c7]:main():lattice-best-path.cc:99) For utterance 248-130697-0015, best cost 107.438 + 10416.4 = 10523.9 over 1654 frames.
248-130697-0015 
LOG (lattice-best-path[5.5.0~1-40c7]:main():lattice-best-path.cc:99) For utterance 248-130697-0016, best cost 129.66 + 13720.5 = 13850.2 over 2162 frames.
248-130697-0016 
LOG (lattice-best-path[5.5.0~1-40c7]:main():lattice-best-path.cc:99) For utterance 248-130697-0017, best cost 130.32 + 11512 = 11642.3 over 1798 frames.
248-130697-0017 
LOG (lattice-best-path[5.5.0~1-40c7]:main():lattice-best-path.cc:99) For utterance 248-130697-0018, best cost 149.088 + 13536.7 = 13685.7 over 2120 frames.
248-130697-0018 
LOG (lattice-best-path[5.5.0~1-40c7]:main():lattice-best-path.cc:99) For utterance 248-130697-0019, best cost 154.247 + 13285.5 = 13439.7 over 2052 frames.
248-130697-0019 
LOG (lattice-best-path[5.5.0~1-40c7]:main():lattice-best-path.cc:99) For utterance 248-130697-0020, best cost 144.018 + 13108.1 = 13252.1 over 2003 frames.
248-130697-0020 
LOG (lattice-best-path[5.5.0~1-40c7]:main():lattice-best-path.cc:99) For utterance 248-130697-0021, best cost 140.455 + 11970 = 12110.4 over 1835 frames.
248-130697-0021 
LOG (lattice-best-path[5.5.0~1-40c7]:main():lattice-best-path.cc:99) For utterance 248-130697-0022, best cost 134.282 + 11380.3 = 11514.6 over 1726 frames.
248-130697-0022 
LOG (lattice-best-path[5.5.0~1-40c7]:main():lattice-best-path.cc:99) For utterance 248-130697-0023, best cost 120.091 + 10895.1 = 11015.2 over 1719 frames.
248-130697-0023 
LOG (lattice-best-path[5.5.0~1-40c7]:main():lattice-best-path.cc:99) For utterance 248-130697-0024, best cost 152.838 + 13539.3 = 13692.2 over 2088 frames.
248-130697-0024 
LOG (lattice-best-path[5.5.0~1-40c7]:main():lattice-best-path.cc:99) For utterance 248-130697-0025, best cost 97.7402 + 9255.3 = 9353.04 over 1450 frames.
248-130697-0025 
LOG (lattice-best-path[5.5.0~1-40c7]:main():lattice-best-path.cc:99) For utterance 248-130697-0026, best cost 103.041 + 8894.65 = 8997.69 over 1368 frames.
248-130697-0026 
LOG (lattice-best-path[5.5.0~1-40c7]:main():lattice-best-path.cc:99) For utterance 248-130697-0027, best cost 122.416 + 10833.9 = 10956.3 over 1708 frames.
248-130697-0027 
LOG (lattice-best-path[5.5.0~1-40c7]:main():lattice-best-path.cc:99) For utterance 248-130697-0028, best cost 117.388 + 12260.3 = 12377.7 over 1966 frames.
248-130697-0028 
LOG (lattice-best-path[5.5.0~1-40c7]:main():lattice-best-path.cc:99) For utterance 248-130697-0029, best cost 114.661 + 11292.9 = 11407.6 over 1782 frames.
248-130697-0029 
LOG (lattice-best-path[5.5.0~1-40c7]:main():lattice-best-path.cc:99) For utterance 248-130697-0030, best cost 128.747 + 12794.8 = 12923.5 over 2020 frames.
248-130697-0030 
LOG (lattice-best-path[5.5.0~1-40c7]:main():lattice-best-path.cc:99) For utterance 248-130697-0031, best cost 127.41 + 11867.4 = 11994.8 over 1826 frames.
248-130697-0031 
LOG (lattice-best-path[5.5.0~1-40c7]:main():lattice-best-path.cc:99) For utterance 248-130697-0032, best cost 133.915 + 12784.8 = 12918.7 over 2023 frames.
248-130697-0032 
LOG (lattice-best-path[5.5.0~1-40c7]:main():lattice-best-path.cc:99) For utterance 248-130697-0033, best cost 48.3489 + 3417.16 = 3465.51 over 532 frames.
248-130697-0033 
LOG (lattice-best-path[5.5.0~1-40c7]:main():lattice-best-path.cc:99) For utterance 248-130697-0034, best cost 139.358 + 12467.7 = 12607 over 1950 frames.
248-130697-0034 
LOG (lattice-best-path[5.5.0~1-40c7]:main():lattice-best-path.cc:99) For utterance 248-130697-0035, best cost 104.673 + 10073.5 = 10178.2 over 1570 frames.
248-130697-0035 
LOG (lattice-best-path[5.5.0~1-40c7]:main():lattice-best-path.cc:99) For utterance 248-130697-0036, best cost 58.8884 + 3630.87 = 3689.76 over 561 frames.
248-130697-0036 
LOG (lattice-best-path[5.5.0~1-40c7]:main():lattice-best-path.cc:99) For utterance 302-123504-0000, best cost 116.419 + 14307 = 14423.5 over 1960 frames.
302-123504-0000 
LOG (lattice-best-path[5.5.0~1-40c7]:main():lattice-best-path.cc:99) For utterance 302-123504-0001, best cost 133.163 + 13849.2 = 13982.3 over 1901 frames.
302-123504-0001 
LOG (lattice-best-path[5.5.0~1-40c7]:main():lattice-best-path.cc:99) For utterance 302-123504-0002, best cost 139.408 + 15407.3 = 15546.8 over 2145 frames.
302-123504-0002 
LOG (lattice-best-path[5.5.0~1-40c7]:main():lattice-best-path.cc:99) For utterance 302-123504-0003, best cost 126.225 + 12753.2 = 12879.4 over 1801 frames.
302-123504-0003 
LOG (lattice-best-path[5.5.0~1-40c7]:main():lattice-best-path.cc:99) For utterance 302-123504-0004, best cost 152.447 + 16428.4 = 16580.9 over 2256 frames.
302-123504-0004 
LOG (lattice-best-path[5.5.0~1-40c7]:main():lattice-best-path.cc:99) For utterance 302-123504-0005, best cost 142.692 + 14911.4 = 15054.1 over 2046 frames.
302-123504-0005 
LOG (lattice-best-path[5.5.0~1-40c7]:main():lattice-best-path.cc:99) For utterance 302-123504-0006, best cost 110.248 + 12409 = 12519.3 over 1698 frames.
302-123504-0006 
LOG (lattice-best-path[5.5.0~1-40c7]:main():lattice-best-path.cc:99) For utterance 302-123504-0007, best cost 120.854 + 11553.8 = 11674.6 over 1619 frames.
302-123504-0007 
LOG (lattice-best-path[5.5.0~1-40c7]:main():lattice-best-path.cc:99) For utterance 302-123504-0008, best cost 135.906 + 13766.8 = 13902.7 over 1923 frames.
302-123504-0008 
LOG (lattice-best-path[5.5.0~1-40c7]:main():lattice-best-path.cc:99) For utterance 302-123504-0009, best cost 140.11 + 15682.3 = 15822.4 over 2188 frames.
302-123504-0009 
LOG (lattice-best-path[5.5.0~1-40c7]:main():lattice-best-path.cc:99) For utterance 302-123504-0010, best cost 165.672 + 15495.7 = 15661.3 over 2164 frames.
302-123504-0010 
LOG (lattice-best-path[5.5.0~1-40c7]:main():lattice-best-path.cc:99) For utterance 302-123504-0011, best cost 74.5568 + 7477.04 = 7551.6 over 1030 frames.
302-123504-0011 
LOG (lattice-best-path[5.5.0~1-40c7]:main():lattice-best-path.cc:99) For utterance 302-123504-0012, best cost 131.532 + 13865.1 = 13996.7 over 1917 frames.
302-123504-0012 
LOG (lattice-best-path[5.5.0~1-40c7]:main():lattice-best-path.cc:99) For utterance 302-123504-0013, best cost 130.836 + 15197.8 = 15328.7 over 2099 frames.
302-123504-0013 
LOG (lattice-best-path[5.5.0~1-40c7]:main():lattice-best-path.cc:99) For utterance 302-123504-0014, best cost 140.383 + 15786.8 = 15927.2 over 2228 frames.
302-123504-0014 
LOG (lattice-best-path[5.5.0~1-40c7]:main():lattice-best-path.cc:99) For utterance 302-123504-0015, best cost 124.954 + 13639.7 = 13764.7 over 1873 frames.
302-123504-0015 
LOG (lattice-best-path[5.5.0~1-40c7]:main():lattice-best-path.cc:99) For utterance 302-123504-0016, best cost 129.237 + 13543.2 = 13672.5 over 1869 frames.
302-123504-0016 
LOG (lattice-best-path[5.5.0~1-40c7]:main():lattice-best-path.cc:99) For utterance 302-123504-0017, best cost 117.782 + 12661.6 = 12779.4 over 1715 frames.
302-123504-0017 
LOG (lattice-best-path[5.5.0~1-40c7]:main():lattice-best-path.cc:99) For utterance 302-123504-0018, best cost 131.694 + 12674.7 = 12806.4 over 1723 frames.
302-123504-0018 
LOG (lattice-best-path[5.5.0~1-40c7]:main():lattice-best-path.cc:99) For utterance 302-123504-0019, best cost 132.829 + 13231.5 = 13364.3 over 1817 frames.
302-123504-0019 
LOG (lattice-best-path[5.5.0~1-40c7]:main():lattice-best-path.cc:99) For utterance 302-123504-0020, best cost 157.365 + 15466.5 = 15623.9 over 2142 frames.
302-123504-0020 
LOG (lattice-best-path[5.5.0~1-40c7]:main():lattice-best-path.cc:99) For utterance 302-123504-0021, best cost 143.831 + 15694.5 = 15838.3 over 2188 frames.
302-123504-0021 
LOG (lattice-best-path[5.5.0~1-40c7]:main():lattice-best-path.cc:99) For utterance 302-123504-0022, best cost 146.013 + 14551.9 = 14697.9 over 2020 frames.
302-123504-0022 
LOG (lattice-best-path[5.5.0~1-40c7]:main():lattice-best-path.cc:99) For utterance 302-123504-0023, best cost 135.862 + 13879.4 = 14015.3 over 1933 frames.
302-123504-0023 
LOG (lattice-best-path[5.5.0~1-40c7]:main():lattice-best-path.cc:99) For utterance 302-123504-0024, best cost 135.227 + 13488.9 = 13624.1 over 1860 frames.
302-123504-0024 
LOG (lattice-best-path[5.5.0~1-40c7]:main():lattice-best-path.cc:99) For utterance 302-123504-0025, best cost 151.607 + 15577.4 = 15729 over 2143 frames.
302-123504-0025 
LOG (lattice-best-path[5.5.0~1-40c7]:main():lattice-best-path.cc:99) For utterance 302-123504-0026, best cost 133.951 + 14193.3 = 14327.2 over 1964 frames.
302-123504-0026 
LOG (lattice-best-path[5.5.0~1-40c7]:main():lattice-best-path.cc:99) For utterance 302-123504-0027, best cost 150.987 + 15298.1 = 15449.1 over 2111 frames.
302-123504-0027 
LOG (lattice-best-path[5.5.0~1-40c7]:main():lattice-best-path.cc:99) For utterance 302-123504-0028, best cost 156.604 + 15416.1 = 15572.7 over 2122 frames.
302-123504-0028 
LOG (lattice-best-path[5.5.0~1-40c7]:main():lattice-best-path.cc:99) For utterance 302-123504-0029, best cost 138.743 + 14993 = 15131.8 over 2046 frames.
302-123504-0029 
LOG (lattice-best-path[5.5.0~1-40c7]:main():lattice-best-path.cc:99) For utterance 302-123504-0030, best cost 153.786 + 16133.4 = 16287.2 over 2234 frames.
302-123504-0030 
LOG (lattice-best-path[5.5.0~1-40c7]:main():lattice-best-path.cc:99) For utterance 302-123504-0031, best cost 152.214 + 15092 = 15244.2 over 2083 frames.
302-123504-0031 
LOG (lattice-best-path[5.5.0~1-40c7]:main():lattice-best-path.cc:99) For utterance 302-123504-0032, best cost 155.698 + 14266.8 = 14422.5 over 1969 frames.
302-123504-0032 
LOG (lattice-best-path[5.5.0~1-40c7]:main():lattice-best-path.cc:99) For utterance 302-123504-0033, best cost 150.5 + 15146.2 = 15296.7 over 2078 frames.
302-123504-0033 
LOG (lattice-best-path[5.5.0~1-40c7]:main():lattice-best-path.cc:99) For utterance 302-123504-0034, best cost 147.224 + 13934.3 = 14081.5 over 1903 frames.
302-123504-0034 
LOG (lattice-best-path[5.5.0~1-40c7]:main():lattice-best-path.cc:99) For utterance 302-123504-0035, best cost 127.54 + 12133.4 = 12261 over 1646 frames.
302-123504-0035 
LOG (lattice-best-path[5.5.0~1-40c7]:main():lattice-best-path.cc:99) For utterance 302-123504-0036, best cost 130.91 + 14871.2 = 15002.1 over 2032 frames.
302-123504-0036 
LOG (lattice-best-path[5.5.0~1-40c7]:main():lattice-best-path.cc:99) For utterance 302-123504-0037, best cost 102.154 + 7959.69 = 8061.84 over 1081 frames.
302-123504-0037 
LOG (lattice-best-path[5.5.0~1-40c7]:main():lattice-best-path.cc:99) For utterance 302-123516-0000, best cost 104.439 + 11990.3 = 12094.7 over 1768 frames.
302-123516-0000 
LOG (lattice-best-path[5.5.0~1-40c7]:main():lattice-best-path.cc:99) For utterance 302-123516-0001, best cost 142.87 + 13019.3 = 13162.2 over 1893 frames.
302-123516-0001 
LOG (lattice-best-path[5.5.0~1-40c7]:main():lattice-best-path.cc:99) For utterance 302-123516-0002, best cost 179.847 + 15320.7 = 15500.6 over 2209 frames.
302-123516-0002 
LOG (lattice-best-path[5.5.0~1-40c7]:main():lattice-best-path.cc:99) For utterance 302-123516-0003, best cost 99.8569 + 8312.96 = 8412.82 over 1199 frames.
302-123516-0003 
LOG (lattice-best-path[5.5.0~1-40c7]:main():lattice-best-path.cc:99) For utterance 302-123516-0004, best cost 148.683 + 14213.9 = 14362.6 over 2052 frames.
302-123516-0004 
LOG (lattice-best-path[5.5.0~1-40c7]:main():lattice-best-path.cc:99) For utterance 302-123516-0005, best cost 114.916 + 11023.7 = 11138.6 over 1576 frames.
302-123516-0005 
LOG (lattice-best-path[5.5.0~1-40c7]:main():lattice-best-path.cc:99) For utterance 302-123516-0006, best cost 117.223 + 11021 = 11138.3 over 1591 frames.
302-123516-0006 
LOG (lattice-best-path[5.5.0~1-40c7]:main():lattice-best-path.cc:99) For utterance 302-123516-0007, best cost 151.514 + 13451.2 = 13602.7 over 1927 frames.
302-123516-0007 
LOG (lattice-best-path[5.5.0~1-40c7]:main():lattice-best-path.cc:99) For utterance 302-123516-0008, best cost 178.105 + 14976.8 = 15154.9 over 2150 frames.
302-123516-0008 
LOG (lattice-best-path[5.5.0~1-40c7]:main():lattice-best-path.cc:99) For utterance 302-123516-0009, best cost 161.155 + 14623.9 = 14785 over 2097 frames.
302-123516-0009 
LOG (lattice-best-path[5.5.0~1-40c7]:main():lattice-best-path.cc:99) For utterance 302-123516-0010, best cost 159.6 + 15646.9 = 15806.5 over 2245 frames.
302-123516-0010 
LOG (lattice-best-path[5.5.0~1-40c7]:main():lattice-best-path.cc:99) For utterance 302-123516-0011, best cost 134.868 + 12458.1 = 12592.9 over 1801 frames.
302-123516-0011 
LOG (lattice-best-path[5.5.0~1-40c7]:main():lattice-best-path.cc:99) For utterance 302-123516-0012, best cost 173.674 + 15188.8 = 15362.5 over 2184 frames.
302-123516-0012 
LOG (lattice-best-path[5.5.0~1-40c7]:main():lattice-best-path.cc:99) For utterance 302-123516-0013, best cost 167.703 + 15810.7 = 15978.4 over 2259 frames.
302-123516-0013 
LOG (lattice-best-path[5.5.0~1-40c7]:main():lattice-best-path.cc:99) For utterance 302-123516-0014, best cost 172.824 + 15048.8 = 15221.7 over 2167 frames.
302-123516-0014 
LOG (lattice-best-path[5.5.0~1-40c7]:main():lattice-best-path.cc:99) For utterance 302-123516-0015, best cost 114.114 + 10832.3 = 10946.4 over 1560 frames.
302-123516-0015 
LOG (lattice-best-path[5.5.0~1-40c7]:main():lattice-best-path.cc:99) For utterance 302-123516-0016, best cost 153.513 + 13551.2 = 13704.7 over 1927 frames.
302-123516-0016 
LOG (lattice-best-path[5.5.0~1-40c7]:main():lattice-best-path.cc:99) For utterance 302-123516-0017, best cost 159.314 + 13674.2 = 13833.5 over 1962 frames.
302-123516-0017 
LOG (lattice-best-path[5.5.0~1-40c7]:main():lattice-best-path.cc:99) For utterance 302-123516-0018, best cost 92.4969 + 8649.26 = 8741.76 over 1251 frames.
302-123516-0018 
LOG (lattice-best-path[5.5.0~1-40c7]:main():lattice-best-path.cc:99) For utterance 302-123516-0019, best cost 90.6774 + 7907.36 = 7998.04 over 1127 frames.
302-123516-0019 
LOG (lattice-best-path[5.5.0~1-40c7]:main():lattice-best-path.cc:99) For utterance 302-123516-0020, best cost 100.415 + 8893.67 = 8994.09 over 1296 frames.
302-123516-0020 
LOG (lattice-best-path[5.5.0~1-40c7]:main():lattice-best-path.cc:99) For utterance 302-123516-0021, best cost 152.063 + 13999.1 = 14151.1 over 2006 frames.
302-123516-0021 
LOG (lattice-best-path[5.5.0~1-40c7]:main():lattice-best-path.cc:99) For utterance 302-123516-0022, best cost 124.322 + 11095.1 = 11219.4 over 1586 frames.
302-123516-0022 
LOG (lattice-best-path[5.5.0~1-40c7]:main():lattice-best-path.cc:99) For utterance 302-123516-0023, best cost 163.633 + 15520.9 = 15684.5 over 2226 frames.
302-123516-0023 
LOG (lattice-best-path[5.5.0~1-40c7]:main():lattice-best-path.cc:99) For utterance 302-123516-0024, best cost 54.9076 + 4198.96 = 4253.87 over 600 frames.
302-123516-0024 
LOG (lattice-best-path[5.5.0~1-40c7]:main():lattice-best-path.cc:99) For utterance 302-123516-0025, best cost 128.107 + 12571 = 12699.1 over 1801 frames.
302-123516-0025 
LOG (lattice-best-path[5.5.0~1-40c7]:main():lattice-best-path.cc:99) For utterance 302-123516-0026, best cost 139.66 + 13959.4 = 14099.1 over 2007 frames.
302-123516-0026 
LOG (lattice-best-path[5.5.0~1-40c7]:main():lattice-best-path.cc:99) For utterance 302-123516-0027, best cost 154.939 + 14498.5 = 14653.5 over 2074 frames.
302-123516-0027 
LOG (lattice-best-path[5.5.0~1-40c7]:main():lattice-best-path.cc:99) For utterance 302-123516-0028, best cost 168.091 + 14347.8 = 14515.9 over 2052 frames.
302-123516-0028 
LOG (lattice-best-path[5.5.0~1-40c7]:main():lattice-best-path.cc:99) For utterance 302-123516-0029, best cost 162.675 + 14726.6 = 14889.2 over 2107 frames.
302-123516-0029 
LOG (lattice-best-path[5.5.0~1-40c7]:main():lattice-best-path.cc:99) For utterance 302-123516-0030, best cost 87.6597 + 6518.38 = 6606.04 over 931 frames.
302-123516-0030 
LOG (lattice-best-path[5.5.0~1-40c7]:main():lattice-best-path.cc:99) For utterance 302-123516-0031, best cost 155.726 + 13888.1 = 14043.8 over 1994 frames.
302-123516-0031 
LOG (lattice-best-path[5.5.0~1-40c7]:main():lattice-best-path.cc:99) For utterance 302-123516-0032, best cost 73.9768 + 6645.83 = 6719.8 over 963 frames.
302-123516-0032 
LOG (lattice-best-path[5.5.0~1-40c7]:main():lattice-best-path.cc:99) For utterance 302-123516-0033, best cost 122.531 + 10882.5 = 11005 over 1567 frames.
302-123516-0033 
LOG (lattice-best-path[5.5.0~1-40c7]:main():lattice-best-path.cc:99) For utterance 302-123516-0034, best cost 41.4108 + 2572.45 = 2613.86 over 369 frames.
302-123516-0034 
LOG (lattice-best-path[5.5.0~1-40c7]:main():lattice-best-path.cc:99) For utterance 302-123516-0035, best cost 159.46 + 14119.6 = 14279 over 2025 frames.
302-123516-0035 
LOG (lattice-best-path[5.5.0~1-40c7]:main():lattice-best-path.cc:99) For utterance 302-123523-0000, best cost 153.145 + 15431.1 = 15584.2 over 2141 frames.
302-123523-0000 
LOG (lattice-best-path[5.5.0~1-40c7]:main():lattice-best-path.cc:99) For utterance 302-123523-0001, best cost 89.4974 + 6694.97 = 6784.47 over 941 frames.
302-123523-0001 
LOG (lattice-best-path[5.5.0~1-40c7]:main():lattice-best-path.cc:99) For utterance 302-123523-0002, best cost 164.484 + 15977 = 16141.5 over 2242 frames.
302-123523-0002 
LOG (lattice-best-path[5.5.0~1-40c7]:main():lattice-best-path.cc:99) For utterance 302-123523-0003, best cost 177.759 + 16021.9 = 16199.7 over 2293 frames.
302-123523-0003 
LOG (lattice-best-path[5.5.0~1-40c7]:main():lattice-best-path.cc:99) For utterance 302-123523-0004, best cost 129.435 + 11865.3 = 11994.7 over 1672 frames.
302-123523-0004 
LOG (lattice-best-path[5.5.0~1-40c7]:main():lattice-best-path.cc:99) For utterance 302-123523-0005, best cost 125.12 + 12741.5 = 12866.6 over 1814 frames.
302-123523-0005 
LOG (lattice-best-path[5.5.0~1-40c7]:main():lattice-best-path.cc:99) For utterance 302-123523-0006, best cost 139.399 + 13372.5 = 13511.9 over 1895 frames.
302-123523-0006 
LOG (lattice-best-path[5.5.0~1-40c7]:main():lattice-best-path.cc:99) For utterance 302-123523-0007, best cost 143.88 + 13840.9 = 13984.8 over 1959 frames.
302-123523-0007 
LOG (lattice-best-path[5.5.0~1-40c7]:main():lattice-best-path.cc:99) For utterance 302-123523-0008, best cost 155.46 + 15147 = 15302.5 over 2147 frames.
302-123523-0008 
LOG (lattice-best-path[5.5.0~1-40c7]:main():lattice-best-path.cc:99) For utterance 302-123523-0009, best cost 153.804 + 15583.3 = 15737.1 over 2195 frames.
302-123523-0009 
LOG (lattice-best-path[5.5.0~1-40c7]:main():lattice-best-path.cc:99) For utterance 302-123523-0010, best cost 149.047 + 13335.7 = 13484.8 over 1881 frames.
302-123523-0010 
LOG (lattice-best-path[5.5.0~1-40c7]:main():lattice-best-path.cc:99) For utterance 302-123523-0011, best cost 141.985 + 13735.2 = 13877.2 over 1960 frames.
302-123523-0011 
LOG (lattice-best-path[5.5.0~1-40c7]:main():lattice-best-path.cc:99) For utterance 302-123523-0012, best cost 130.719 + 14531.4 = 14662.1 over 2064 frames.
302-123523-0012 
LOG (lattice-best-path[5.5.0~1-40c7]:main():lattice-best-path.cc:99) For utterance 302-123523-0013, best cost 155.443 + 13805.1 = 13960.5 over 1936 frames.
302-123523-0013 
LOG (lattice-best-path[5.5.0~1-40c7]:main():lattice-best-path.cc:99) For utterance 302-123523-0014, best cost 150.279 + 14355.6 = 14505.9 over 2008 frames.
302-123523-0014 
LOG (lattice-best-path[5.5.0~1-40c7]:main():lattice-best-path.cc:99) For utterance 302-123523-0015, best cost 146.093 + 14039.1 = 14185.2 over 1996 frames.
302-123523-0015 
LOG (lattice-best-path[5.5.0~1-40c7]:main():lattice-best-path.cc:99) For utterance 302-123523-0016, best cost 113.406 + 10232.2 = 10345.6 over 1460 frames.
302-123523-0016 
LOG (lattice-best-path[5.5.0~1-40c7]:main():lattice-best-path.cc:99) For utterance 302-123523-0017, best cost 149.978 + 14296.1 = 14446.1 over 2028 frames.
302-123523-0017 
LOG (lattice-best-path[5.5.0~1-40c7]:main():lattice-best-path.cc:99) For utterance 302-123523-0018, best cost 136.007 + 14375.7 = 14511.7 over 2042 frames.
302-123523-0018 
LOG (lattice-best-path[5.5.0~1-40c7]:main():lattice-best-path.cc:99) For utterance 302-123523-0019, best cost 131.276 + 13451.7 = 13583 over 1877 frames.
302-123523-0019 
LOG (lattice-best-path[5.5.0~1-40c7]:main():lattice-best-path.cc:99) For utterance 302-123523-0020, best cost 153.275 + 15152 = 15305.3 over 2139 frames.
302-123523-0020 
LOG (lattice-best-path[5.5.0~1-40c7]:main():lattice-best-path.cc:99) For utterance 302-123523-0021, best cost 42.3897 + 3219.57 = 3261.96 over 463 frames.
302-123523-0021 
LOG (lattice-best-path[5.5.0~1-40c7]:main():lattice-best-path.cc:99) For utterance 302-123523-0022, best cost 110.242 + 10611.6 = 10721.8 over 1505 frames.
302-123523-0022 
LOG (lattice-best-path[5.5.0~1-40c7]:main():lattice-best-path.cc:99) For utterance 302-123523-0023, best cost 135.858 + 13524.8 = 13660.6 over 1926 frames.
302-123523-0023 
LOG (lattice-best-path[5.5.0~1-40c7]:main():lattice-best-path.cc:99) For utterance 302-123523-0024, best cost 112.254 + 10701.7 = 10814 over 1511 frames.
302-123523-0024 
LOG (lattice-best-path[5.5.0~1-40c7]:main():lattice-best-path.cc:99) For utterance 302-123523-0025, best cost 165.236 + 16672 = 16837.3 over 2390 frames.
302-123523-0025 
LOG (lattice-best-path[5.5.0~1-40c7]:main():lattice-best-path.cc:99) For utterance 302-123523-0026, best cost 149.003 + 14335.3 = 14484.3 over 2036 frames.
302-123523-0026 
LOG (lattice-best-path[5.5.0~1-40c7]:main():lattice-best-path.cc:99) For utterance 302-123523-0027, best cost 135.916 + 13817.5 = 13953.4 over 1980 frames.
302-123523-0027 
LOG (lattice-best-path[5.5.0~1-40c7]:main():lattice-best-path.cc:99) For utterance 302-123523-0028, best cost 127.144 + 11663.8 = 11790.9 over 1687 frames.
302-123523-0028 
LOG (lattice-best-path[5.5.0~1-40c7]:main():lattice-best-path.cc:99) For utterance 302-123523-0029, best cost 136.254 + 13312.8 = 13449.1 over 1914 frames.
302-123523-0029 
LOG (lattice-best-path[5.5.0~1-40c7]:main():lattice-best-path.cc:99) For utterance 302-123523-0030, best cost 164.005 + 15662.5 = 15826.5 over 2248 frames.
302-123523-0030 
LOG (lattice-best-path[5.5.0~1-40c7]:main():lattice-best-path.cc:99) For utterance 302-123523-0031, best cost 159.288 + 15038.7 = 15198 over 2137 frames.
302-123523-0031 
LOG (lattice-best-path[5.5.0~1-40c7]:main():lattice-best-path.cc:99) For utterance 302-123523-0032, best cost 165.731 + 15376 = 15541.8 over 2178 frames.
302-123523-0032 
LOG (lattice-best-path[5.5.0~1-40c7]:main():lattice-best-path.cc:99) For utterance 302-123523-0033, best cost 139.476 + 13561.6 = 13701 over 1938 frames.
302-123523-0033 
LOG (lattice-best-path[5.5.0~1-40c7]:main():lattice-best-path.cc:99) For utterance 302-123523-0034, best cost 122.177 + 12649.2 = 12771.4 over 1798 frames.
302-123523-0034 
LOG (lattice-best-path[5.5.0~1-40c7]:main():lattice-best-path.cc:99) For utterance 302-123523-0035, best cost 118.212 + 11604 = 11722.2 over 1663 frames.
302-123523-0035 
LOG (lattice-best-path[5.5.0~1-40c7]:main():lattice-best-path.cc:99) For utterance 302-123523-0036, best cost 123.057 + 13041.1 = 13164.1 over 1823 frames.
302-123523-0036 
LOG (lattice-best-path[5.5.0~1-40c7]:main():lattice-best-path.cc:99) For utterance 302-123523-0037, best cost 163.798 + 16092.9 = 16256.7 over 2284 frames.
302-123523-0037 
LOG (lattice-best-path[5.5.0~1-40c7]:main():lattice-best-path.cc:99) For utterance 302-123523-0038, best cost 148.8 + 14977.4 = 15126.2 over 2123 frames.
302-123523-0038 
LOG (lattice-best-path[5.5.0~1-40c7]:main():lattice-best-path.cc:99) For utterance 78-368-0000, best cost 112.692 + 12790.9 = 12903.6 over 2028 frames.
78-368-0000 
LOG (lattice-best-path[5.5.0~1-40c7]:main():lattice-best-path.cc:99) For utterance 78-368-0001, best cost 99.7523 + 9426.42 = 9526.18 over 1476 frames.
78-368-0001 
LOG (lattice-best-path[5.5.0~1-40c7]:main():lattice-best-path.cc:99) For utterance 78-368-0002, best cost 124.532 + 11988.4 = 12112.9 over 1864 frames.
78-368-0002 
LOG (lattice-best-path[5.5.0~1-40c7]:main():lattice-best-path.cc:99) For utterance 78-368-0003, best cost 126.059 + 12522.6 = 12648.6 over 1969 frames.
78-368-0003 
LOG (lattice-best-path[5.5.0~1-40c7]:main():lattice-best-path.cc:99) For utterance 78-368-0004, best cost 134.674 + 12327.6 = 12462.3 over 1950 frames.
78-368-0004 
LOG (lattice-best-path[5.5.0~1-40c7]:main():lattice-best-path.cc:99) For utterance 78-368-0005, best cost 156.553 + 15070.1 = 15226.6 over 2352 frames.
78-368-0005 
LOG (lattice-best-path[5.5.0~1-40c7]:main():lattice-best-path.cc:99) For utterance 78-368-0006, best cost 87.2359 + 8065.48 = 8152.72 over 1284 frames.
78-368-0006 
LOG (lattice-best-path[5.5.0~1-40c7]:main():lattice-best-path.cc:99) For utterance 78-368-0007, best cost 94.9528 + 7700.44 = 7795.39 over 1201 frames.
78-368-0007 
LOG (lattice-best-path[5.5.0~1-40c7]:main():lattice-best-path.cc:99) For utterance 78-368-0008, best cost 149.989 + 14482.2 = 14632.2 over 2285 frames.
78-368-0008 
LOG (lattice-best-path[5.5.0~1-40c7]:main():lattice-best-path.cc:99) For utterance 78-368-0009, best cost 129.243 + 12058.9 = 12188.1 over 1941 frames.
78-368-0009 
LOG (lattice-best-path[5.5.0~1-40c7]:main():lattice-best-path.cc:99) For utterance 78-368-0010, best cost 71.3371 + 8485.87 = 8557.2 over 1373 frames.
78-368-0010 
LOG (lattice-best-path[5.5.0~1-40c7]:main():lattice-best-path.cc:99) For utterance 78-368-0011, best cost 114.749 + 10540.1 = 10654.9 over 1672 frames.
78-368-0011 
LOG (lattice-best-path[5.5.0~1-40c7]:main():lattice-best-path.cc:99) For utterance 78-368-0012, best cost 131.777 + 13718.8 = 13850.6 over 2173 frames.
78-368-0012 
LOG (lattice-best-path[5.5.0~1-40c7]:main():lattice-best-path.cc:99) For utterance 78-368-0013, best cost 113.471 + 11137.9 = 11251.4 over 1756 frames.
78-368-0013 
LOG (lattice-best-path[5.5.0~1-40c7]:main():lattice-best-path.cc:99) For utterance 78-368-0014, best cost 133.519 + 11854.2 = 11987.7 over 1868 frames.
78-368-0014 
LOG (lattice-best-path[5.5.0~1-40c7]:main():lattice-best-path.cc:99) For utterance 78-368-0015, best cost 101.022 + 11468.2 = 11569.2 over 1825 frames.
78-368-0015 
LOG (lattice-best-path[5.5.0~1-40c7]:main():lattice-best-path.cc:99) For utterance 78-368-0016, best cost 69.765 + 6980.01 = 7049.78 over 1140 frames.
78-368-0016 
LOG (lattice-best-path[5.5.0~1-40c7]:main():lattice-best-path.cc:99) For utterance 78-368-0017, best cost 137.644 + 13395 = 13532.7 over 2083 frames.
78-368-0017 
LOG (lattice-best-path[5.5.0~1-40c7]:main():lattice-best-path.cc:99) For utterance 78-368-0018, best cost 136.182 + 13536.2 = 13672.4 over 2116 frames.
78-368-0018 
LOG (lattice-best-path[5.5.0~1-40c7]:main():lattice-best-path.cc:99) For utterance 78-368-0019, best cost 141.801 + 13537.2 = 13679 over 2143 frames.
78-368-0019 
LOG (lattice-best-path[5.5.0~1-40c7]:main():lattice-best-path.cc:99) For utterance 78-368-0020, best cost 82.5048 + 8100.38 = 8182.89 over 1284 frames.
78-368-0020 
LOG (lattice-best-path[5.5.0~1-40c7]:main():lattice-best-path.cc:99) For utterance 78-368-0021, best cost 108.954 + 11885.5 = 11994.4 over 1876 frames.
78-368-0021 
LOG (lattice-best-path[5.5.0~1-40c7]:main():lattice-best-path.cc:99) For utterance 78-368-0022, best cost 103.839 + 8712.32 = 8816.16 over 1384 frames.
78-368-0022 
LOG (lattice-best-path[5.5.0~1-40c7]:main():lattice-best-path.cc:99) For utterance 78-368-0023, best cost 101.267 + 10194.5 = 10295.8 over 1616 frames.
78-368-0023 
LOG (lattice-best-path[5.5.0~1-40c7]:main():lattice-best-path.cc:99) For utterance 78-368-0024, best cost 107.683 + 10605.4 = 10713 over 1669 frames.
78-368-0024 
LOG (lattice-best-path[5.5.0~1-40c7]:main():lattice-best-path.cc:99) For utterance 78-368-0025, best cost 56.7161 + 5193.6 = 5250.32 over 821 frames.
78-368-0025 
LOG (lattice-best-path[5.5.0~1-40c7]:main():lattice-best-path.cc:99) For utterance 78-368-0026, best cost 152.216 + 14166.1 = 14318.3 over 2233 frames.
78-368-0026 
LOG (lattice-best-path[5.5.0~1-40c7]:main():lattice-best-path.cc:99) For utterance 78-368-0027, best cost 120.663 + 11859.9 = 11980.6 over 1853 frames.
78-368-0027 
LOG (lattice-best-path[5.5.0~1-40c7]:main():lattice-best-path.cc:99) For utterance 78-368-0028, best cost 83.0253 + 8383.21 = 8466.23 over 1357 frames.
78-368-0028 
LOG (lattice-best-path[5.5.0~1-40c7]:main():lattice-best-path.cc:99) For utterance 78-368-0029, best cost 143.556 + 13095.7 = 13239.2 over 2113 frames.
78-368-0029 
LOG (lattice-best-path[5.5.0~1-40c7]:main():lattice-best-path.cc:99) For utterance 78-368-0030, best cost 119.888 + 11356.2 = 11476.1 over 1788 frames.
78-368-0030 
LOG (lattice-best-path[5.5.0~1-40c7]:main():lattice-best-path.cc:99) For utterance 78-368-0031, best cost 44.1646 + 3100.3 = 3144.46 over 493 frames.
78-368-0031 
LOG (lattice-best-path[5.5.0~1-40c7]:main():lattice-best-path.cc:99) For utterance 78-368-0032, best cost 151.659 + 14339.9 = 14491.5 over 2260 frames.
78-368-0032 
LOG (lattice-best-path[5.5.0~1-40c7]:main():lattice-best-path.cc:99) For utterance 78-368-0033, best cost 100.707 + 12042.3 = 12143 over 1919 frames.
78-368-0033 
LOG (lattice-best-path[5.5.0~1-40c7]:main():lattice-best-path.cc:99) For utterance 78-368-0034, best cost 86.345 + 6586.36 = 6672.7 over 1026 frames.
78-368-0034 
LOG (lattice-best-path[5.5.0~1-40c7]:main():lattice-best-path.cc:99) For utterance 78-368-0035, best cost 124.44 + 12701.1 = 12825.6 over 2011 frames.
78-368-0035 
LOG (lattice-best-path[5.5.0~1-40c7]:main():lattice-best-path.cc:99) For utterance 78-368-0036, best cost 116.602 + 10158 = 10274.6 over 1581 frames.
78-368-0036 
LOG (lattice-best-path[5.5.0~1-40c7]:main():lattice-best-path.cc:99) For utterance 78-368-0037, best cost 105.431 + 10671.4 = 10776.8 over 1701 frames.
78-368-0037 
LOG (lattice-best-path[5.5.0~1-40c7]:main():lattice-best-path.cc:99) For utterance 78-368-0038, best cost 54.1235 + 3293.91 = 3348.04 over 504 frames.
78-368-0038 
LOG (lattice-best-path[5.5.0~1-40c7]:main():lattice-best-path.cc:99) For utterance 78-368-0039, best cost 131.867 + 13340.3 = 13472.2 over 2099 frames.
78-368-0039 
LOG (lattice-best-path[5.5.0~1-40c7]:main():lattice-best-path.cc:99) For utterance 78-368-0040, best cost 134.304 + 13462.6 = 13596.9 over 2111 frames.
78-368-0040 
LOG (lattice-best-path[5.5.0~1-40c7]:main():lattice-best-path.cc:99) For utterance 78-368-0041, best cost 111.066 + 9382.78 = 9493.85 over 1450 frames.
78-368-0041 
LOG (lattice-best-path[5.5.0~1-40c7]:main():lattice-best-path.cc:99) For utterance 78-368-0042, best cost 43.0112 + 2300.19 = 2343.2 over 356 frames.
78-368-0042 
LOG (lattice-best-path[5.5.0~1-40c7]:main():lattice-best-path.cc:99) For utterance 78-368-0043, best cost 119.001 + 10142.7 = 10261.7 over 1554 frames.
78-368-0043 
LOG (lattice-best-path[5.5.0~1-40c7]:main():lattice-best-path.cc:99) For utterance 78-368-0044, best cost 80.9373 + 6951.09 = 7032.02 over 1073 frames.
78-368-0044 
LOG (lattice-best-path[5.5.0~1-40c7]:main():lattice-best-path.cc:99) For utterance 78-368-0045, best cost 118.35 + 12321.8 = 12440.1 over 1934 frames.
78-368-0045 
LOG (lattice-best-path[5.5.0~1-40c7]:main():lattice-best-path.cc:99) For utterance 78-368-0046, best cost 141.196 + 11795.3 = 11936.5 over 1827 frames.
78-368-0046 
LOG (lattice-best-path[5.5.0~1-40c7]:main():lattice-best-path.cc:99) For utterance 78-368-0047, best cost 120.8 + 12507.3 = 12628.1 over 1945 frames.
78-368-0047 
LOG (lattice-best-path[5.5.0~1-40c7]:main():lattice-best-path.cc:99) For utterance 78-368-0048, best cost 125.679 + 10750.6 = 10876.3 over 1629 frames.
78-368-0048 
LOG (lattice-best-path[5.5.0~1-40c7]:main():lattice-best-path.cc:99) For utterance 78-368-0049, best cost 127.209 + 13767.7 = 13894.9 over 2106 frames.
78-368-0049 
LOG (lattice-best-path[5.5.0~1-40c7]:main():lattice-best-path.cc:99) For utterance 78-368-0050, best cost 68.2024 + 7532.11 = 7600.31 over 1181 frames.
78-368-0050 
LOG (lattice-best-path[5.5.0~1-40c7]:main():lattice-best-path.cc:99) For utterance 78-368-0051, best cost 173.254 + 14914.2 = 15087.5 over 2321 frames.
78-368-0051 
LOG (lattice-best-path[5.5.0~1-40c7]:main():lattice-best-path.cc:99) For utterance 78-368-0052, best cost 124.025 + 11771.5 = 11895.5 over 1832 frames.
78-368-0052 
LOG (lattice-best-path[5.5.0~1-40c7]:main():lattice-best-path.cc:99) For utterance 78-368-0053, best cost 56.7349 + 3782.54 = 3839.27 over 580 frames.
78-368-0053 
LOG (lattice-best-path[5.5.0~1-40c7]:main():lattice-best-path.cc:99) For utterance 78-369-0000, best cost 96.9682 + 11872 = 11969 over 1976 frames.
78-369-0000 
LOG (lattice-best-path[5.5.0~1-40c7]:main():lattice-best-path.cc:99) For utterance 78-369-0001, best cost 109.354 + 9444.75 = 9554.1 over 1507 frames.
78-369-0001 
LOG (lattice-best-path[5.5.0~1-40c7]:main():lattice-best-path.cc:99) For utterance 78-369-0002, best cost 95.892 + 11357.2 = 11453.1 over 1843 frames.
78-369-0002 
LOG (lattice-best-path[5.5.0~1-40c7]:main():lattice-best-path.cc:99) For utterance 78-369-0003, best cost 90.1392 + 8228.14 = 8318.28 over 1325 frames.
78-369-0003 
LOG (lattice-best-path[5.5.0~1-40c7]:main():lattice-best-path.cc:99) For utterance 78-369-0004, best cost 121.076 + 11967.1 = 12088.2 over 1989 frames.
78-369-0004 
LOG (lattice-best-path[5.5.0~1-40c7]:main():lattice-best-path.cc:99) For utterance 78-369-0005, best cost 124.99 + 11465 = 11590 over 1875 frames.
78-369-0005 
LOG (lattice-best-path[5.5.0~1-40c7]:main():lattice-best-path.cc:99) For utterance 78-369-0006, best cost 134.203 + 13414.5 = 13548.7 over 2197 frames.
78-369-0006 
LOG (lattice-best-path[5.5.0~1-40c7]:main():lattice-best-path.cc:99) For utterance 78-369-0007, best cost 61.0611 + 8780.03 = 8841.09 over 1457 frames.
78-369-0007 
LOG (lattice-best-path[5.5.0~1-40c7]:main():lattice-best-path.cc:99) For utterance 78-369-0008, best cost 108.579 + 12366.2 = 12474.8 over 2023 frames.
78-369-0008 
LOG (lattice-best-path[5.5.0~1-40c7]:main():lattice-best-path.cc:99) For utterance 78-369-0009, best cost 147.976 + 13252.7 = 13400.6 over 2139 frames.
78-369-0009 
LOG (lattice-best-path[5.5.0~1-40c7]:main():lattice-best-path.cc:99) For utterance 78-369-0010, best cost 95.9872 + 9758.83 = 9854.82 over 1575 frames.
78-369-0010 
LOG (lattice-best-path[5.5.0~1-40c7]:main():lattice-best-path.cc:99) For utterance 78-369-0011, best cost 120.363 + 12659 = 12779.4 over 2102 frames.
78-369-0011 
LOG (lattice-best-path[5.5.0~1-40c7]:main():lattice-best-path.cc:99) For utterance 78-369-0012, best cost 78.1913 + 8139.96 = 8218.15 over 1339 frames.
78-369-0012 
LOG (lattice-best-path[5.5.0~1-40c7]:main():lattice-best-path.cc:99) For utterance 78-369-0013, best cost 88.0027 + 7763.56 = 7851.56 over 1276 frames.
78-369-0013 
LOG (lattice-best-path[5.5.0~1-40c7]:main():lattice-best-path.cc:99) For utterance 78-369-0014, best cost 90.9649 + 8546.67 = 8637.64 over 1411 frames.
78-369-0014 
LOG (lattice-best-path[5.5.0~1-40c7]:main():lattice-best-path.cc:99) For utterance 78-369-0015, best cost 126.815 + 13621.2 = 13748.1 over 2229 frames.
78-369-0015 
LOG (lattice-best-path[5.5.0~1-40c7]:main():lattice-best-path.cc:99) For utterance 78-369-0016, best cost 111.195 + 12145.6 = 12256.8 over 1966 frames.
78-369-0016 
LOG (lattice-best-path[5.5.0~1-40c7]:main():lattice-best-path.cc:99) For utterance 78-369-0017, best cost 130.286 + 11681.2 = 11811.5 over 1890 frames.
78-369-0017 
LOG (lattice-best-path[5.5.0~1-40c7]:main():lattice-best-path.cc:99) For utterance 78-369-0018, best cost 115.164 + 10742.5 = 10857.7 over 1746 frames.
78-369-0018 
LOG (lattice-best-path[5.5.0~1-40c7]:main():lattice-best-path.cc:99) For utterance 78-369-0019, best cost 106.896 + 11607.1 = 11714 over 1854 frames.
78-369-0019 
LOG (lattice-best-path[5.5.0~1-40c7]:main():lattice-best-path.cc:99) For utterance 78-369-0020, best cost 78.4872 + 8009.4 = 8087.88 over 1316 frames.
78-369-0020 
LOG (lattice-best-path[5.5.0~1-40c7]:main():lattice-best-path.cc:99) For utterance 78-369-0021, best cost 102.115 + 11471.2 = 11573.3 over 1871 frames.
78-369-0021 
LOG (lattice-best-path[5.5.0~1-40c7]:main():lattice-best-path.cc:99) For utterance 78-369-0022, best cost 139.272 + 13351.2 = 13490.4 over 2136 frames.
78-369-0022 
LOG (lattice-best-path[5.5.0~1-40c7]:main():lattice-best-path.cc:99) For utterance 78-369-0023, best cost 146.183 + 15020.7 = 15166.9 over 2397 frames.
78-369-0023 
LOG (lattice-best-path[5.5.0~1-40c7]:main():lattice-best-path.cc:99) For utterance 78-369-0024, best cost 154.864 + 12361.6 = 12516.5 over 1989 frames.
78-369-0024 
LOG (lattice-best-path[5.5.0~1-40c7]:main():lattice-best-path.cc:99) For utterance 78-369-0025, best cost 139.766 + 12627.9 = 12767.7 over 2035 frames.
78-369-0025 
LOG (lattice-best-path[5.5.0~1-40c7]:main():lattice-best-path.cc:99) For utterance 78-369-0026, best cost 92.0894 + 8018.33 = 8110.42 over 1303 frames.
78-369-0026 
LOG (lattice-best-path[5.5.0~1-40c7]:main():lattice-best-path.cc:99) For utterance 78-369-0027, best cost 151.121 + 14301.5 = 14452.7 over 2298 frames.
78-369-0027 
LOG (lattice-best-path[5.5.0~1-40c7]:main():lattice-best-path.cc:99) For utterance 78-369-0028, best cost 94.1586 + 10462.5 = 10556.7 over 1735 frames.
78-369-0028 
LOG (lattice-best-path[5.5.0~1-40c7]:main():lattice-best-path.cc:99) For utterance 78-369-0029, best cost 99.5132 + 8414.54 = 8514.06 over 1369 frames.
78-369-0029 
LOG (lattice-best-path[5.5.0~1-40c7]:main():lattice-best-path.cc:99) For utterance 78-369-0030, best cost 105.415 + 9158.98 = 9264.4 over 1477 frames.
78-369-0030 
LOG (lattice-best-path[5.5.0~1-40c7]:main():lattice-best-path.cc:99) For utterance 78-369-0031, best cost 113.608 + 11501.1 = 11614.7 over 1885 frames.
78-369-0031 
LOG (lattice-best-path[5.5.0~1-40c7]:main():lattice-best-path.cc:99) For utterance 78-369-0032, best cost 130.61 + 13117 = 13247.6 over 2073 frames.
78-369-0032 
LOG (lattice-best-path[5.5.0~1-40c7]:main():lattice-best-path.cc:99) For utterance 78-369-0033, best cost 111.023 + 10680.4 = 10791.4 over 1703 frames.
78-369-0033 
LOG (lattice-best-path[5.5.0~1-40c7]:main():lattice-best-path.cc:99) For utterance 78-369-0034, best cost 134.339 + 12974.3 = 13108.6 over 2095 frames.
78-369-0034 
LOG (lattice-best-path[5.5.0~1-40c7]:main():lattice-best-path.cc:99) For utterance 78-369-0035, best cost 99.642 + 8233.21 = 8332.85 over 1354 frames.
78-369-0035 
LOG (lattice-best-path[5.5.0~1-40c7]:main():lattice-best-path.cc:99) For utterance 78-369-0036, best cost 130.845 + 12115.1 = 12246 over 1911 frames.
78-369-0036 
LOG (lattice-best-path[5.5.0~1-40c7]:main():lattice-best-path.cc:99) For utterance 78-369-0037, best cost 112.202 + 10145.1 = 10257.3 over 1639 frames.
78-369-0037 
LOG (lattice-best-path[5.5.0~1-40c7]:main():lattice-best-path.cc:99) For utterance 78-369-0038, best cost 116.687 + 12526.5 = 12643.2 over 2034 frames.
78-369-0038 
LOG (lattice-best-path[5.5.0~1-40c7]:main():lattice-best-path.cc:99) For utterance 78-369-0039, best cost 128.744 + 12051.2 = 12179.9 over 1944 frames.
78-369-0039 
LOG (lattice-best-path[5.5.0~1-40c7]:main():lattice-best-path.cc:99) For utterance 78-369-0040, best cost 97.1721 + 8801.08 = 8898.25 over 1412 frames.
78-369-0040 
LOG (lattice-best-path[5.5.0~1-40c7]:main():lattice-best-path.cc:99) For utterance 78-369-0041, best cost 125.148 + 13498.7 = 13623.9 over 2141 frames.
78-369-0041 
LOG (lattice-best-path[5.5.0~1-40c7]:main():lattice-best-path.cc:99) For utterance 78-369-0042, best cost 143.933 + 13326.6 = 13470.5 over 2125 frames.
78-369-0042 
LOG (lattice-best-path[5.5.0~1-40c7]:main():lattice-best-path.cc:99) For utterance 78-369-0043, best cost 147.139 + 13558.7 = 13705.8 over 2169 frames.
78-369-0043 
LOG (lattice-best-path[5.5.0~1-40c7]:main():lattice-best-path.cc:99) For utterance 78-369-0044, best cost 117.808 + 10782.9 = 10900.7 over 1732 frames.
78-369-0044 
LOG (lattice-best-path[5.5.0~1-40c7]:main():lattice-best-path.cc:99) For utterance 78-369-0045, best cost 128.854 + 13215 = 13343.9 over 2104 frames.
78-369-0045 
LOG (lattice-best-path[5.5.0~1-40c7]:main():lattice-best-path.cc:99) For utterance 78-369-0046, best cost 171.445 + 14865.8 = 15037.2 over 2337 frames.
78-369-0046 
LOG (lattice-best-path[5.5.0~1-40c7]:main():lattice-best-path.cc:99) For utterance 78-369-0047, best cost 95.6743 + 10367.3 = 10463 over 1643 frames.
78-369-0047 
LOG (lattice-best-path[5.5.0~1-40c7]:main():lattice-best-path.cc:99) For utterance 78-369-0048, best cost 75.0748 + 6771.23 = 6846.31 over 1085 frames.
78-369-0048 
LOG (lattice-best-path[5.5.0~1-40c7]:main():lattice-best-path.cc:99) For utterance 78-369-0049, best cost 138.789 + 13369.7 = 13508.4 over 2086 frames.
78-369-0049 
LOG (lattice-best-path[5.5.0~1-40c7]:main():lattice-best-path.cc:99) For utterance 78-369-0050, best cost 126.748 + 12464.5 = 12591.2 over 2001 frames.
78-369-0050 
LOG (lattice-best-path[5.5.0~1-40c7]:main():lattice-best-path.cc:99) For utterance 78-369-0051, best cost 140.302 + 11870.6 = 12010.9 over 1883 frames.
78-369-0051 
LOG (lattice-best-path[5.5.0~1-40c7]:main():lattice-best-path.cc:99) For utterance 78-369-0052, best cost 109.764 + 9673.04 = 9782.81 over 1531 frames.
78-369-0052 
LOG (lattice-best-path[5.5.0~1-40c7]:main():lattice-best-path.cc:99) For utterance 78-369-0053, best cost 141.775 + 13130.6 = 13272.4 over 2101 frames.
78-369-0053 
LOG (lattice-best-path[5.5.0~1-40c7]:main():lattice-best-path.cc:99) For utterance 78-369-0054, best cost 112.449 + 10203.4 = 10315.9 over 1623 frames.
78-369-0054 
LOG (lattice-best-path[5.5.0~1-40c7]:main():lattice-best-path.cc:99) For utterance 78-369-0055, best cost 137.11 + 12583.2 = 12720.3 over 1989 frames.
78-369-0055 
LOG (lattice-best-path[5.5.0~1-40c7]:main():lattice-best-path.cc:99) For utterance 78-369-0056, best cost 124.411 + 11649.7 = 11774.1 over 1874 frames.
78-369-0056 
LOG (lattice-best-path[5.5.0~1-40c7]:main():lattice-best-path.cc:99) For utterance 78-369-0057, best cost 87.504 + 7091.62 = 7179.12 over 1122 frames.
78-369-0057 
LOG (lattice-best-path[5.5.0~1-40c7]:main():lattice-best-path.cc:99) For utterance 78-369-0058, best cost 103.337 + 7661.08 = 7764.42 over 1204 frames.
78-369-0058 
LOG (lattice-best-path[5.5.0~1-40c7]:main():lattice-best-path.cc:99) For utterance 78-369-0059, best cost 174.879 + 14814.7 = 14989.6 over 2344 frames.
78-369-0059 
LOG (lattice-scale[5.5.0~1-40c7]:main():lattice-scale.cc:107) Done 345 lattices.
LOG (lattice-best-path[5.5.0~1-40c7]:main():lattice-best-path.cc:99) For utterance 78-369-0060, best cost 148.795 + 13226.5 = 13375.3 over 2129 frames.
78-369-0060 
LOG (lattice-add-penalty[5.5.0~1-40c7]:main():lattice-add-penalty.cc:62) Done adding word insertion penalty to 345 lattices.
LOG (lattice-best-path[5.5.0~1-40c7]:main():lattice-best-path.cc:99) For utterance 78-369-0061, best cost 98.3967 + 9887.51 = 9985.9 over 1636 frames.
78-369-0061 
LOG (lattice-best-path[5.5.0~1-40c7]:main():lattice-best-path.cc:99) For utterance 78-369-0062, best cost 125.985 + 13644 = 13770 over 2189 frames.
78-369-0062 
LOG (lattice-best-path[5.5.0~1-40c7]:main():lattice-best-path.cc:99) For utterance 78-369-0063, best cost 123.127 + 10620.2 = 10743.3 over 1693 frames.
78-369-0063 
LOG (lattice-best-path[5.5.0~1-40c7]:main():lattice-best-path.cc:124) Overall cost per frame is 6.68142 = 0.071232 [graph] + 6.61019 [acoustic] over 626920 frames.
LOG (lattice-best-path[5.5.0~1-40c7]:main():lattice-best-path.cc:128) Done 345 lattices, failed for 0
# Accounting: time=2 threads=1
# Ended (code 0) at Tue Dec  8 06:00:19 UTC 2020, elapsed time 2 seconds
