# gmm-align-compiled --transition-scale=1.0 --acoustic-scale=0.1 --self-loop-scale=0.1 --beam=10 --retry-beam=40 --careful=false "gmm-boost-silence --boost=1.0 1 exp/tri2a/10.mdl - |" "ark:gunzip -c exp/tri2a/fsts.17.gz|" "ark,s,cs:apply-cmvn  --utt2spk=ark:data/train/split24/17/utt2spk scp:data/train/split24/17/cmvn.scp scp:data/train/split24/17/feats.scp ark:- | add-deltas  ark:- ark:- |" "ark:|gzip -c >exp/tri2a/ali.17.gz" 
# Started at Mon Dec  7 01:30:43 UTC 2020
#
gmm-align-compiled --transition-scale=1.0 --acoustic-scale=0.1 --self-loop-scale=0.1 --beam=10 --retry-beam=40 --careful=false 'gmm-boost-silence --boost=1.0 1 exp/tri2a/10.mdl - |' 'ark:gunzip -c exp/tri2a/fsts.17.gz|' 'ark,s,cs:apply-cmvn  --utt2spk=ark:data/train/split24/17/utt2spk scp:data/train/split24/17/cmvn.scp scp:data/train/split24/17/feats.scp ark:- | add-deltas  ark:- ark:- |' 'ark:|gzip -c >exp/tri2a/ali.17.gz' 
gmm-boost-silence --boost=1.0 1 exp/tri2a/10.mdl - 
WARNING (gmm-boost-silence[5.5.0~1-40c7]:main():gmm-boost-silence.cc:82) The pdfs for the silence phones may be shared by other phones (note: this probably does not matter.)
LOG (gmm-boost-silence[5.5.0~1-40c7]:main():gmm-boost-silence.cc:93) Boosted weights for 5 pdfs, by factor of 1
LOG (gmm-boost-silence[5.5.0~1-40c7]:main():gmm-boost-silence.cc:103) Wrote model to -
add-deltas ark:- ark:- 
apply-cmvn --utt2spk=ark:data/train/split24/17/utt2spk scp:data/train/split24/17/cmvn.scp scp:data/train/split24/17/feats.scp ark:- 
LOG (gmm-align-compiled[5.5.0~1-40c7]:main():gmm-align-compiled.cc:127) 6272-70168-0000
LOG (gmm-align-compiled[5.5.0~1-40c7]:main():gmm-align-compiled.cc:127) 6272-70168-0001
LOG (gmm-align-compiled[5.5.0~1-40c7]:main():gmm-align-compiled.cc:127) 6272-70168-0002
LOG (gmm-align-compiled[5.5.0~1-40c7]:main():gmm-align-compiled.cc:127) 6272-70168-0003
LOG (gmm-align-compiled[5.5.0~1-40c7]:main():gmm-align-compiled.cc:127) 6272-70168-0004
LOG (gmm-align-compiled[5.5.0~1-40c7]:main():gmm-align-compiled.cc:127) 6272-70168-0005
LOG (gmm-align-compiled[5.5.0~1-40c7]:main():gmm-align-compiled.cc:127) 6272-70168-0006
LOG (gmm-align-compiled[5.5.0~1-40c7]:main():gmm-align-compiled.cc:127) 6272-70168-0007
LOG (gmm-align-compiled[5.5.0~1-40c7]:main():gmm-align-compiled.cc:127) 6272-70168-0008
LOG (gmm-align-compiled[5.5.0~1-40c7]:main():gmm-align-compiled.cc:127) 6272-70168-0009
LOG (gmm-align-compiled[5.5.0~1-40c7]:main():gmm-align-compiled.cc:127) 6272-70168-0010
LOG (gmm-align-compiled[5.5.0~1-40c7]:main():gmm-align-compiled.cc:127) 6272-70168-0011
LOG (gmm-align-compiled[5.5.0~1-40c7]:main():gmm-align-compiled.cc:127) 6272-70168-0012
LOG (gmm-align-compiled[5.5.0~1-40c7]:main():gmm-align-compiled.cc:127) 6272-70168-0013
LOG (gmm-align-compiled[5.5.0~1-40c7]:main():gmm-align-compiled.cc:127) 6272-70168-0014
LOG (gmm-align-compiled[5.5.0~1-40c7]:main():gmm-align-compiled.cc:127) 6272-70168-0015
LOG (gmm-align-compiled[5.5.0~1-40c7]:main():gmm-align-compiled.cc:127) 6272-70168-0016
WARNING (gmm-align-compiled[5.5.0~1-40c7]:AlignUtteranceWrapper():decoder-wrappers.cc:617) Retrying utterance 6272-70168-0016 with beam 40
LOG (gmm-align-compiled[5.5.0~1-40c7]:main():gmm-align-compiled.cc:127) 6272-70168-0017
LOG (gmm-align-compiled[5.5.0~1-40c7]:main():gmm-align-compiled.cc:127) 6272-70168-0018
LOG (gmm-align-compiled[5.5.0~1-40c7]:main():gmm-align-compiled.cc:127) 6272-70168-0019
LOG (gmm-align-compiled[5.5.0~1-40c7]:main():gmm-align-compiled.cc:127) 6272-70168-0020
LOG (gmm-align-compiled[5.5.0~1-40c7]:main():gmm-align-compiled.cc:127) 6272-70168-0021
LOG (gmm-align-compiled[5.5.0~1-40c7]:main():gmm-align-compiled.cc:127) 6272-70168-0022
LOG (gmm-align-compiled[5.5.0~1-40c7]:main():gmm-align-compiled.cc:127) 6272-70168-0023
LOG (gmm-align-compiled[5.5.0~1-40c7]:main():gmm-align-compiled.cc:127) 6272-70168-0024
LOG (gmm-align-compiled[5.5.0~1-40c7]:main():gmm-align-compiled.cc:127) 6272-70168-0025
LOG (gmm-align-compiled[5.5.0~1-40c7]:main():gmm-align-compiled.cc:127) 6272-70168-0026
LOG (gmm-align-compiled[5.5.0~1-40c7]:main():gmm-align-compiled.cc:127) 6272-70168-0027
LOG (gmm-align-compiled[5.5.0~1-40c7]:main():gmm-align-compiled.cc:127) 6272-70168-0028
LOG (gmm-align-compiled[5.5.0~1-40c7]:main():gmm-align-compiled.cc:127) 6272-70168-0029
LOG (gmm-align-compiled[5.5.0~1-40c7]:main():gmm-align-compiled.cc:127) 6272-70168-0030
WARNING (gmm-align-compiled[5.5.0~1-40c7]:AlignUtteranceWrapper():decoder-wrappers.cc:617) Retrying utterance 6272-70168-0030 with beam 40
LOG (gmm-align-compiled[5.5.0~1-40c7]:main():gmm-align-compiled.cc:127) 6272-70168-0031
LOG (gmm-align-compiled[5.5.0~1-40c7]:main():gmm-align-compiled.cc:127) 6272-70168-0032
LOG (gmm-align-compiled[5.5.0~1-40c7]:main():gmm-align-compiled.cc:127) 6272-70168-0033
LOG (gmm-align-compiled[5.5.0~1-40c7]:main():gmm-align-compiled.cc:127) 6272-70168-0034
LOG (gmm-align-compiled[5.5.0~1-40c7]:main():gmm-align-compiled.cc:127) 6272-70171-0000
LOG (gmm-align-compiled[5.5.0~1-40c7]:main():gmm-align-compiled.cc:127) 6272-70171-0001
LOG (gmm-align-compiled[5.5.0~1-40c7]:main():gmm-align-compiled.cc:127) 6272-70171-0002
LOG (gmm-align-compiled[5.5.0~1-40c7]:main():gmm-align-compiled.cc:127) 6272-70171-0003
LOG (gmm-align-compiled[5.5.0~1-40c7]:main():gmm-align-compiled.cc:127) 6272-70171-0004
LOG (gmm-align-compiled[5.5.0~1-40c7]:main():gmm-align-compiled.cc:127) 6272-70171-0005
LOG (gmm-align-compiled[5.5.0~1-40c7]:main():gmm-align-compiled.cc:127) 6272-70171-0006
LOG (gmm-align-compiled[5.5.0~1-40c7]:main():gmm-align-compiled.cc:127) 6272-70171-0007
LOG (gmm-align-compiled[5.5.0~1-40c7]:main():gmm-align-compiled.cc:127) 6272-70171-0008
LOG (gmm-align-compiled[5.5.0~1-40c7]:main():gmm-align-compiled.cc:127) 6272-70171-0009
LOG (gmm-align-compiled[5.5.0~1-40c7]:main():gmm-align-compiled.cc:127) 6272-70171-0010
LOG (gmm-align-compiled[5.5.0~1-40c7]:main():gmm-align-compiled.cc:127) 6272-70171-0011
WARNING (gmm-align-compiled[5.5.0~1-40c7]:AlignUtteranceWrapper():decoder-wrappers.cc:617) Retrying utterance 6272-70171-0011 with beam 40
LOG (gmm-align-compiled[5.5.0~1-40c7]:main():gmm-align-compiled.cc:127) 6272-70171-0012
LOG (gmm-align-compiled[5.5.0~1-40c7]:main():gmm-align-compiled.cc:127) 6272-70171-0013
LOG (gmm-align-compiled[5.5.0~1-40c7]:main():gmm-align-compiled.cc:127) 6272-70171-0014
LOG (gmm-align-compiled[5.5.0~1-40c7]:main():gmm-align-compiled.cc:127) 6272-70171-0015
LOG (gmm-align-compiled[5.5.0~1-40c7]:main():gmm-align-compiled.cc:127) 6272-70171-0016
LOG (gmm-align-compiled[5.5.0~1-40c7]:main():gmm-align-compiled.cc:127) 6272-70171-0017
LOG (gmm-align-compiled[5.5.0~1-40c7]:main():gmm-align-compiled.cc:127) 6272-70171-0018
LOG (gmm-align-compiled[5.5.0~1-40c7]:main():gmm-align-compiled.cc:127) 6272-70171-0019
LOG (gmm-align-compiled[5.5.0~1-40c7]:main():gmm-align-compiled.cc:127) 6272-70171-0020
LOG (gmm-align-compiled[5.5.0~1-40c7]:main():gmm-align-compiled.cc:127) 6272-70171-0021
LOG (gmm-align-compiled[5.5.0~1-40c7]:main():gmm-align-compiled.cc:127) 6272-70171-0022
LOG (gmm-align-compiled[5.5.0~1-40c7]:main():gmm-align-compiled.cc:127) 6272-70171-0023
LOG (gmm-align-compiled[5.5.0~1-40c7]:main():gmm-align-compiled.cc:127) 6272-70171-0024
LOG (gmm-align-compiled[5.5.0~1-40c7]:main():gmm-align-compiled.cc:127) 6272-70171-0025
LOG (gmm-align-compiled[5.5.0~1-40c7]:main():gmm-align-compiled.cc:127) 6272-70171-0026
LOG (gmm-align-compiled[5.5.0~1-40c7]:main():gmm-align-compiled.cc:127) 6272-70171-0027
LOG (gmm-align-compiled[5.5.0~1-40c7]:main():gmm-align-compiled.cc:127) 6272-70171-0028
LOG (gmm-align-compiled[5.5.0~1-40c7]:main():gmm-align-compiled.cc:127) 6272-70171-0029
LOG (gmm-align-compiled[5.5.0~1-40c7]:main():gmm-align-compiled.cc:127) 6272-70171-0030
LOG (gmm-align-compiled[5.5.0~1-40c7]:main():gmm-align-compiled.cc:127) 6272-70171-0031
LOG (gmm-align-compiled[5.5.0~1-40c7]:main():gmm-align-compiled.cc:127) 6272-70171-0032
LOG (gmm-align-compiled[5.5.0~1-40c7]:main():gmm-align-compiled.cc:127) 6272-70171-0033
LOG (gmm-align-compiled[5.5.0~1-40c7]:main():gmm-align-compiled.cc:127) 6272-70171-0034
LOG (gmm-align-compiled[5.5.0~1-40c7]:main():gmm-align-compiled.cc:127) 6272-70171-0035
LOG (gmm-align-compiled[5.5.0~1-40c7]:main():gmm-align-compiled.cc:127) 6272-70171-0036
LOG (gmm-align-compiled[5.5.0~1-40c7]:main():gmm-align-compiled.cc:127) 6272-70171-0037
LOG (gmm-align-compiled[5.5.0~1-40c7]:main():gmm-align-compiled.cc:127) 6272-70171-0038
LOG (gmm-align-compiled[5.5.0~1-40c7]:main():gmm-align-compiled.cc:127) 6272-70171-0039
LOG (gmm-align-compiled[5.5.0~1-40c7]:main():gmm-align-compiled.cc:127) 6272-70171-0040
LOG (gmm-align-compiled[5.5.0~1-40c7]:main():gmm-align-compiled.cc:127) 6272-70171-0041
LOG (gmm-align-compiled[5.5.0~1-40c7]:main():gmm-align-compiled.cc:127) 6272-70191-0000
LOG (gmm-align-compiled[5.5.0~1-40c7]:main():gmm-align-compiled.cc:127) 6272-70191-0001
LOG (gmm-align-compiled[5.5.0~1-40c7]:main():gmm-align-compiled.cc:127) 6272-70191-0002
LOG (gmm-align-compiled[5.5.0~1-40c7]:main():gmm-align-compiled.cc:127) 6272-70191-0003
LOG (gmm-align-compiled[5.5.0~1-40c7]:main():gmm-align-compiled.cc:127) 6272-70191-0004
LOG (gmm-align-compiled[5.5.0~1-40c7]:main():gmm-align-compiled.cc:127) 6272-70191-0005
LOG (gmm-align-compiled[5.5.0~1-40c7]:main():gmm-align-compiled.cc:127) 6272-70191-0006
LOG (gmm-align-compiled[5.5.0~1-40c7]:main():gmm-align-compiled.cc:127) 6272-70191-0007
LOG (gmm-align-compiled[5.5.0~1-40c7]:main():gmm-align-compiled.cc:127) 6272-70191-0008
LOG (gmm-align-compiled[5.5.0~1-40c7]:main():gmm-align-compiled.cc:127) 6272-70191-0009
LOG (gmm-align-compiled[5.5.0~1-40c7]:main():gmm-align-compiled.cc:127) 6272-70191-0010
WARNING (gmm-align-compiled[5.5.0~1-40c7]:AlignUtteranceWrapper():decoder-wrappers.cc:617) Retrying utterance 6272-70191-0010 with beam 40
LOG (gmm-align-compiled[5.5.0~1-40c7]:main():gmm-align-compiled.cc:127) 6272-70191-0011
WARNING (gmm-align-compiled[5.5.0~1-40c7]:AlignUtteranceWrapper():decoder-wrappers.cc:617) Retrying utterance 6272-70191-0011 with beam 40
LOG (gmm-align-compiled[5.5.0~1-40c7]:main():gmm-align-compiled.cc:127) 6272-70191-0012
WARNING (gmm-align-compiled[5.5.0~1-40c7]:AlignUtteranceWrapper():decoder-wrappers.cc:617) Retrying utterance 6272-70191-0012 with beam 40
LOG (gmm-align-compiled[5.5.0~1-40c7]:main():gmm-align-compiled.cc:127) 6272-70191-0013
LOG (gmm-align-compiled[5.5.0~1-40c7]:main():gmm-align-compiled.cc:127) 6272-70191-0014
LOG (gmm-align-compiled[5.5.0~1-40c7]:main():gmm-align-compiled.cc:127) 6272-70191-0015
LOG (gmm-align-compiled[5.5.0~1-40c7]:main():gmm-align-compiled.cc:127) 6272-70191-0016
LOG (gmm-align-compiled[5.5.0~1-40c7]:main():gmm-align-compiled.cc:127) 6272-70191-0017
LOG (gmm-align-compiled[5.5.0~1-40c7]:main():gmm-align-compiled.cc:127) 6272-70191-0018
LOG (gmm-align-compiled[5.5.0~1-40c7]:main():gmm-align-compiled.cc:127) 6272-70191-0019
LOG (gmm-align-compiled[5.5.0~1-40c7]:main():gmm-align-compiled.cc:127) 6272-70191-0020
WARNING (gmm-align-compiled[5.5.0~1-40c7]:AlignUtteranceWrapper():decoder-wrappers.cc:617) Retrying utterance 6272-70191-0020 with beam 40
LOG (gmm-align-compiled[5.5.0~1-40c7]:main():gmm-align-compiled.cc:127) 6272-70191-0021
WARNING (gmm-align-compiled[5.5.0~1-40c7]:AlignUtteranceWrapper():decoder-wrappers.cc:617) Retrying utterance 6272-70191-0021 with beam 40
LOG (gmm-align-compiled[5.5.0~1-40c7]:main():gmm-align-compiled.cc:127) 6272-70191-0022
LOG (gmm-align-compiled[5.5.0~1-40c7]:main():gmm-align-compiled.cc:127) 6272-70191-0023
LOG (gmm-align-compiled[5.5.0~1-40c7]:main():gmm-align-compiled.cc:127) 6272-70191-0024
LOG (gmm-align-compiled[5.5.0~1-40c7]:main():gmm-align-compiled.cc:127) 6272-70191-0025
LOG (gmm-align-compiled[5.5.0~1-40c7]:main():gmm-align-compiled.cc:127) 6272-70191-0026
LOG (gmm-align-compiled[5.5.0~1-40c7]:main():gmm-align-compiled.cc:127) 6272-70191-0027
LOG (gmm-align-compiled[5.5.0~1-40c7]:main():gmm-align-compiled.cc:127) 6272-70191-0028
LOG (gmm-align-compiled[5.5.0~1-40c7]:main():gmm-align-compiled.cc:127) 6272-70191-0029
LOG (gmm-align-compiled[5.5.0~1-40c7]:main():gmm-align-compiled.cc:127) 6272-70191-0030
LOG (gmm-align-compiled[5.5.0~1-40c7]:main():gmm-align-compiled.cc:127) 6272-70191-0031
LOG (gmm-align-compiled[5.5.0~1-40c7]:main():gmm-align-compiled.cc:127) 6272-70191-0032
LOG (gmm-align-compiled[5.5.0~1-40c7]:main():gmm-align-compiled.cc:127) 6272-70191-0033
LOG (gmm-align-compiled[5.5.0~1-40c7]:main():gmm-align-compiled.cc:127) 6272-70191-0034
LOG (gmm-align-compiled[5.5.0~1-40c7]:main():gmm-align-compiled.cc:127) 6272-70191-0035
LOG (gmm-align-compiled[5.5.0~1-40c7]:main():gmm-align-compiled.cc:127) 6272-70191-0036
LOG (gmm-align-compiled[5.5.0~1-40c7]:main():gmm-align-compiled.cc:127) 6272-70191-0037
LOG (gmm-align-compiled[5.5.0~1-40c7]:main():gmm-align-compiled.cc:127) 6563-285357-0000
WARNING (gmm-align-compiled[5.5.0~1-40c7]:AlignUtteranceWrapper():decoder-wrappers.cc:617) Retrying utterance 6563-285357-0000 with beam 40
LOG (gmm-align-compiled[5.5.0~1-40c7]:main():gmm-align-compiled.cc:127) 6563-285357-0001
LOG (gmm-align-compiled[5.5.0~1-40c7]:main():gmm-align-compiled.cc:127) 6563-285357-0002
WARNING (gmm-align-compiled[5.5.0~1-40c7]:AlignUtteranceWrapper():decoder-wrappers.cc:617) Retrying utterance 6563-285357-0002 with beam 40
LOG (gmm-align-compiled[5.5.0~1-40c7]:main():gmm-align-compiled.cc:127) 6563-285357-0003
WARNING (gmm-align-compiled[5.5.0~1-40c7]:AlignUtteranceWrapper():decoder-wrappers.cc:617) Retrying utterance 6563-285357-0003 with beam 40
LOG (gmm-align-compiled[5.5.0~1-40c7]:main():gmm-align-compiled.cc:127) 6563-285357-0004
LOG (gmm-align-compiled[5.5.0~1-40c7]:main():gmm-align-compiled.cc:127) 6563-285357-0005
WARNING (gmm-align-compiled[5.5.0~1-40c7]:AlignUtteranceWrapper():decoder-wrappers.cc:617) Retrying utterance 6563-285357-0005 with beam 40
LOG (gmm-align-compiled[5.5.0~1-40c7]:main():gmm-align-compiled.cc:127) 6563-285357-0006
LOG (gmm-align-compiled[5.5.0~1-40c7]:main():gmm-align-compiled.cc:127) 6563-285357-0007
LOG (gmm-align-compiled[5.5.0~1-40c7]:main():gmm-align-compiled.cc:127) 6563-285357-0008
WARNING (gmm-align-compiled[5.5.0~1-40c7]:AlignUtteranceWrapper():decoder-wrappers.cc:617) Retrying utterance 6563-285357-0008 with beam 40
LOG (gmm-align-compiled[5.5.0~1-40c7]:main():gmm-align-compiled.cc:127) 6563-285357-0009
LOG (gmm-align-compiled[5.5.0~1-40c7]:main():gmm-align-compiled.cc:127) 6563-285357-0010
LOG (gmm-align-compiled[5.5.0~1-40c7]:main():gmm-align-compiled.cc:127) 6563-285357-0011
LOG (gmm-align-compiled[5.5.0~1-40c7]:main():gmm-align-compiled.cc:127) 6563-285357-0012
WARNING (gmm-align-compiled[5.5.0~1-40c7]:AlignUtteranceWrapper():decoder-wrappers.cc:617) Retrying utterance 6563-285357-0012 with beam 40
LOG (gmm-align-compiled[5.5.0~1-40c7]:main():gmm-align-compiled.cc:127) 6563-285357-0013
LOG (gmm-align-compiled[5.5.0~1-40c7]:main():gmm-align-compiled.cc:127) 6563-285357-0014
LOG (gmm-align-compiled[5.5.0~1-40c7]:main():gmm-align-compiled.cc:127) 6563-285357-0015
LOG (gmm-align-compiled[5.5.0~1-40c7]:main():gmm-align-compiled.cc:127) 6563-285357-0016
LOG (gmm-align-compiled[5.5.0~1-40c7]:main():gmm-align-compiled.cc:127) 6563-285357-0017
WARNING (gmm-align-compiled[5.5.0~1-40c7]:AlignUtteranceWrapper():decoder-wrappers.cc:617) Retrying utterance 6563-285357-0017 with beam 40
LOG (gmm-align-compiled[5.5.0~1-40c7]:main():gmm-align-compiled.cc:127) 6563-285357-0018
LOG (gmm-align-compiled[5.5.0~1-40c7]:main():gmm-align-compiled.cc:127) 6563-285357-0019
LOG (gmm-align-compiled[5.5.0~1-40c7]:main():gmm-align-compiled.cc:127) 6563-285357-0020
LOG (gmm-align-compiled[5.5.0~1-40c7]:main():gmm-align-compiled.cc:127) 6563-285357-0021
WARNING (gmm-align-compiled[5.5.0~1-40c7]:AlignUtteranceWrapper():decoder-wrappers.cc:617) Retrying utterance 6563-285357-0021 with beam 40
LOG (gmm-align-compiled[5.5.0~1-40c7]:main():gmm-align-compiled.cc:127) 6563-285357-0022
WARNING (gmm-align-compiled[5.5.0~1-40c7]:AlignUtteranceWrapper():decoder-wrappers.cc:617) Retrying utterance 6563-285357-0022 with beam 40
LOG (gmm-align-compiled[5.5.0~1-40c7]:main():gmm-align-compiled.cc:127) 6563-285357-0023
WARNING (gmm-align-compiled[5.5.0~1-40c7]:AlignUtteranceWrapper():decoder-wrappers.cc:617) Retrying utterance 6563-285357-0023 with beam 40
LOG (gmm-align-compiled[5.5.0~1-40c7]:main():gmm-align-compiled.cc:127) 6563-285357-0024
LOG (gmm-align-compiled[5.5.0~1-40c7]:main():gmm-align-compiled.cc:127) 6563-285357-0025
LOG (gmm-align-compiled[5.5.0~1-40c7]:main():gmm-align-compiled.cc:127) 6563-285357-0026
LOG (gmm-align-compiled[5.5.0~1-40c7]:main():gmm-align-compiled.cc:127) 6563-285357-0027
LOG (gmm-align-compiled[5.5.0~1-40c7]:main():gmm-align-compiled.cc:127) 6563-285357-0028
LOG (gmm-align-compiled[5.5.0~1-40c7]:main():gmm-align-compiled.cc:127) 6563-285357-0029
LOG (gmm-align-compiled[5.5.0~1-40c7]:main():gmm-align-compiled.cc:127) 6563-285357-0030
LOG (gmm-align-compiled[5.5.0~1-40c7]:main():gmm-align-compiled.cc:127) 6563-285357-0031
LOG (gmm-align-compiled[5.5.0~1-40c7]:main():gmm-align-compiled.cc:127) 6563-285357-0032
LOG (gmm-align-compiled[5.5.0~1-40c7]:main():gmm-align-compiled.cc:127) 6563-285357-0033
LOG (gmm-align-compiled[5.5.0~1-40c7]:main():gmm-align-compiled.cc:127) 6563-285357-0034
LOG (gmm-align-compiled[5.5.0~1-40c7]:main():gmm-align-compiled.cc:127) 6563-285357-0035
WARNING (gmm-align-compiled[5.5.0~1-40c7]:AlignUtteranceWrapper():decoder-wrappers.cc:617) Retrying utterance 6563-285357-0035 with beam 40
LOG (gmm-align-compiled[5.5.0~1-40c7]:main():gmm-align-compiled.cc:127) 6563-285357-0036
LOG (gmm-align-compiled[5.5.0~1-40c7]:main():gmm-align-compiled.cc:127) 6563-285357-0037
LOG (gmm-align-compiled[5.5.0~1-40c7]:main():gmm-align-compiled.cc:127) 6563-285357-0038
LOG (gmm-align-compiled[5.5.0~1-40c7]:main():gmm-align-compiled.cc:127) 6563-285357-0039
LOG (gmm-align-compiled[5.5.0~1-40c7]:main():gmm-align-compiled.cc:127) 6563-285357-0040
LOG (gmm-align-compiled[5.5.0~1-40c7]:main():gmm-align-compiled.cc:127) 6563-285357-0041
WARNING (gmm-align-compiled[5.5.0~1-40c7]:AlignUtteranceWrapper():decoder-wrappers.cc:617) Retrying utterance 6563-285357-0041 with beam 40
LOG (gmm-align-compiled[5.5.0~1-40c7]:main():gmm-align-compiled.cc:127) 6563-285357-0042
LOG (gmm-align-compiled[5.5.0~1-40c7]:main():gmm-align-compiled.cc:127) 6563-285357-0043
LOG (gmm-align-compiled[5.5.0~1-40c7]:main():gmm-align-compiled.cc:127) 6563-285357-0044
LOG (gmm-align-compiled[5.5.0~1-40c7]:main():gmm-align-compiled.cc:127) 6563-63821-0000
LOG (gmm-align-compiled[5.5.0~1-40c7]:main():gmm-align-compiled.cc:127) 6563-63821-0001
LOG (gmm-align-compiled[5.5.0~1-40c7]:main():gmm-align-compiled.cc:127) 6563-63821-0002
LOG (gmm-align-compiled[5.5.0~1-40c7]:main():gmm-align-compiled.cc:127) 6563-63821-0003
LOG (gmm-align-compiled[5.5.0~1-40c7]:main():gmm-align-compiled.cc:127) 6563-63821-0004
LOG (gmm-align-compiled[5.5.0~1-40c7]:main():gmm-align-compiled.cc:127) 6563-63821-0005
WARNING (gmm-align-compiled[5.5.0~1-40c7]:AlignUtteranceWrapper():decoder-wrappers.cc:617) Retrying utterance 6563-63821-0005 with beam 40
LOG (gmm-align-compiled[5.5.0~1-40c7]:main():gmm-align-compiled.cc:127) 6563-63821-0006
LOG (gmm-align-compiled[5.5.0~1-40c7]:main():gmm-align-compiled.cc:127) 6563-63821-0007
LOG (gmm-align-compiled[5.5.0~1-40c7]:main():gmm-align-compiled.cc:127) 6563-63821-0008
LOG (gmm-align-compiled[5.5.0~1-40c7]:main():gmm-align-compiled.cc:127) 6563-63821-0009
LOG (gmm-align-compiled[5.5.0~1-40c7]:main():gmm-align-compiled.cc:127) 6563-63821-0010
LOG (gmm-align-compiled[5.5.0~1-40c7]:main():gmm-align-compiled.cc:127) 6563-63821-0011
LOG (gmm-align-compiled[5.5.0~1-40c7]:main():gmm-align-compiled.cc:127) 6563-63821-0012
LOG (gmm-align-compiled[5.5.0~1-40c7]:main():gmm-align-compiled.cc:127) 6563-63821-0013
LOG (gmm-align-compiled[5.5.0~1-40c7]:main():gmm-align-compiled.cc:127) 6563-63821-0014
LOG (gmm-align-compiled[5.5.0~1-40c7]:main():gmm-align-compiled.cc:127) 6563-63821-0015
LOG (gmm-align-compiled[5.5.0~1-40c7]:main():gmm-align-compiled.cc:127) 6563-63821-0016
LOG (gmm-align-compiled[5.5.0~1-40c7]:main():gmm-align-compiled.cc:127) 6563-63821-0017
LOG (gmm-align-compiled[5.5.0~1-40c7]:main():gmm-align-compiled.cc:127) 6563-63821-0018
WARNING (gmm-align-compiled[5.5.0~1-40c7]:AlignUtteranceWrapper():decoder-wrappers.cc:617) Retrying utterance 6563-63821-0018 with beam 40
LOG (gmm-align-compiled[5.5.0~1-40c7]:main():gmm-align-compiled.cc:127) 6563-63821-0019
LOG (gmm-align-compiled[5.5.0~1-40c7]:main():gmm-align-compiled.cc:127) 6563-63821-0020
LOG (gmm-align-compiled[5.5.0~1-40c7]:main():gmm-align-compiled.cc:127) 6563-63821-0021
LOG (gmm-align-compiled[5.5.0~1-40c7]:main():gmm-align-compiled.cc:127) 6563-63821-0022
LOG (gmm-align-compiled[5.5.0~1-40c7]:main():gmm-align-compiled.cc:127) 6563-63821-0023
LOG (gmm-align-compiled[5.5.0~1-40c7]:main():gmm-align-compiled.cc:127) 6563-63821-0024
WARNING (gmm-align-compiled[5.5.0~1-40c7]:AlignUtteranceWrapper():decoder-wrappers.cc:617) Retrying utterance 6563-63821-0024 with beam 40
LOG (gmm-align-compiled[5.5.0~1-40c7]:main():gmm-align-compiled.cc:127) 6563-63821-0025
LOG (gmm-align-compiled[5.5.0~1-40c7]:main():gmm-align-compiled.cc:127) 6563-63821-0026
LOG (gmm-align-compiled[5.5.0~1-40c7]:main():gmm-align-compiled.cc:127) 6563-63821-0027
LOG (gmm-align-compiled[5.5.0~1-40c7]:main():gmm-align-compiled.cc:127) 6563-63821-0028
LOG (gmm-align-compiled[5.5.0~1-40c7]:main():gmm-align-compiled.cc:127) 6563-63821-0029
WARNING (gmm-align-compiled[5.5.0~1-40c7]:AlignUtteranceWrapper():decoder-wrappers.cc:617) Retrying utterance 6563-63821-0029 with beam 40
LOG (gmm-align-compiled[5.5.0~1-40c7]:main():gmm-align-compiled.cc:127) 6563-63821-0030
LOG (gmm-align-compiled[5.5.0~1-40c7]:main():gmm-align-compiled.cc:127) 6563-63821-0031
LOG (gmm-align-compiled[5.5.0~1-40c7]:main():gmm-align-compiled.cc:127) 6563-63821-0032
WARNING (gmm-align-compiled[5.5.0~1-40c7]:AlignUtteranceWrapper():decoder-wrappers.cc:617) Retrying utterance 6563-63821-0032 with beam 40
LOG (gmm-align-compiled[5.5.0~1-40c7]:main():gmm-align-compiled.cc:127) 6563-63821-0033
LOG (gmm-align-compiled[5.5.0~1-40c7]:main():gmm-align-compiled.cc:127) 6563-63821-0034
LOG (gmm-align-compiled[5.5.0~1-40c7]:main():gmm-align-compiled.cc:127) 6563-63821-0035
LOG (gmm-align-compiled[5.5.0~1-40c7]:main():gmm-align-compiled.cc:127) 6563-63821-0036
LOG (gmm-align-compiled[5.5.0~1-40c7]:main():gmm-align-compiled.cc:127) 6563-63821-0037
LOG (gmm-align-compiled[5.5.0~1-40c7]:main():gmm-align-compiled.cc:127) 6563-63821-0038
LOG (gmm-align-compiled[5.5.0~1-40c7]:main():gmm-align-compiled.cc:127) 6563-63821-0039
LOG (gmm-align-compiled[5.5.0~1-40c7]:main():gmm-align-compiled.cc:127) 6563-63821-0040
LOG (gmm-align-compiled[5.5.0~1-40c7]:main():gmm-align-compiled.cc:127) 6563-63821-0041
LOG (gmm-align-compiled[5.5.0~1-40c7]:main():gmm-align-compiled.cc:127) 6563-63821-0042
LOG (gmm-align-compiled[5.5.0~1-40c7]:main():gmm-align-compiled.cc:127) 6563-63821-0043
LOG (gmm-align-compiled[5.5.0~1-40c7]:main():gmm-align-compiled.cc:127) 6563-63821-0044
LOG (apply-cmvn[5.5.0~1-40c7]:main():apply-cmvn.cc:162) Applied cepstral mean normalization to 207 utterances, errors on 0
LOG (gmm-align-compiled[5.5.0~1-40c7]:main():gmm-align-compiled.cc:127) 6563-63821-0045
LOG (gmm-align-compiled[5.5.0~1-40c7]:main():gmm-align-compiled.cc:127) 6563-63821-0046
LOG (gmm-align-compiled[5.5.0~1-40c7]:main():gmm-align-compiled.cc:135) Overall log-likelihood per frame is -102.519 over 395077 frames.
LOG (gmm-align-compiled[5.5.0~1-40c7]:main():gmm-align-compiled.cc:137) Retried 25 out of 207 utterances.
LOG (gmm-align-compiled[5.5.0~1-40c7]:main():gmm-align-compiled.cc:139) Done 207, errors on 0
# Accounting: time=21 threads=1
# Ended (code 0) at Mon Dec  7 01:31:04 UTC 2020, elapsed time 21 seconds
