# compile-train-graphs --read-disambig-syms=data/lang/phones/disambig.int exp/tri2a/tree exp/tri2a/1.mdl data/lang/L.fst "ark:utils/sym2int.pl --map-oov 133027 -f 2- data/lang/words.txt < data/train/split24/22/text |" "ark:|gzip -c >exp/tri2a/fsts.22.gz" 
# Started at Mon Dec  7 01:29:17 UTC 2020
#
compile-train-graphs --read-disambig-syms=data/lang/phones/disambig.int exp/tri2a/tree exp/tri2a/1.mdl data/lang/L.fst 'ark:utils/sym2int.pl --map-oov 133027 -f 2- data/lang/words.txt < data/train/split24/22/text |' 'ark:|gzip -c >exp/tri2a/fsts.22.gz' 
sym2int.pl: replacing SUBJECTION with 133027
sym2int.pl: replacing MASQUERADED with 133027
sym2int.pl: replacing HURSETON with 133027
sym2int.pl: replacing MALLESON with 133027
sym2int.pl: replacing LANGUIDLY with 133027
sym2int.pl: replacing PLANTAGENET'S with 133027
sym2int.pl: replacing MALLESON with 133027
sym2int.pl: replacing MALLESON with 133027
sym2int.pl: replacing PETTISHLY with 133027
sym2int.pl: replacing MALLESON'S with 133027
sym2int.pl: replacing BERYL'S with 133027
sym2int.pl: replacing DISINHERITED with 133027
sym2int.pl: replacing DURHAM'S with 133027
sym2int.pl: replacing EVASIVELY with 133027
sym2int.pl: replacing PLANTAGENET with 133027
sym2int.pl: replacing SCORNFULLY with 133027
sym2int.pl: replacing CONNISTON'S with 133027
sym2int.pl: replacing CONNISTON with 133027
sym2int.pl: replacing CONNISTON with 133027
sym2int.pl: replacing SCAMP with 133027
sym2int.pl: not warning for OOVs any more times
** Replaced 132 instances of OOVs with 133027
LOG (compile-train-graphs[5.5.0~1-40c7]:main():compile-train-graphs.cc:147) compile-train-graphs: succeeded for 214 graphs, failed for 0
# Accounting: time=4 threads=1
# Ended (code 0) at Mon Dec  7 01:29:21 UTC 2020, elapsed time 4 seconds
