# gmm-est --mix-up=7500 --power=0.25 --write-occs=exp/tri2a/12.occs exp/tri2a/11.mdl "gmm-sum-accs - exp/tri2a/11.*.acc |" exp/tri2a/12.mdl 
# Started at Mon Dec  7 01:31:23 UTC 2020
#
gmm-est --mix-up=7500 --power=0.25 --write-occs=exp/tri2a/12.occs exp/tri2a/11.mdl 'gmm-sum-accs - exp/tri2a/11.*.acc |' exp/tri2a/12.mdl 
gmm-sum-accs - exp/tri2a/11.1.acc exp/tri2a/11.10.acc exp/tri2a/11.11.acc exp/tri2a/11.12.acc exp/tri2a/11.13.acc exp/tri2a/11.14.acc exp/tri2a/11.15.acc exp/tri2a/11.16.acc exp/tri2a/11.17.acc exp/tri2a/11.18.acc exp/tri2a/11.19.acc exp/tri2a/11.2.acc exp/tri2a/11.20.acc exp/tri2a/11.21.acc exp/tri2a/11.22.acc exp/tri2a/11.23.acc exp/tri2a/11.24.acc exp/tri2a/11.3.acc exp/tri2a/11.4.acc exp/tri2a/11.5.acc exp/tri2a/11.6.acc exp/tri2a/11.7.acc exp/tri2a/11.8.acc exp/tri2a/11.9.acc 
LOG (gmm-sum-accs[5.5.0~1-40c7]:main():gmm-sum-accs.cc:63) Summed 24 stats, total count 8.40011e+06, avg like/frame -102.53
LOG (gmm-sum-accs[5.5.0~1-40c7]:main():gmm-sum-accs.cc:66) Total count of stats is 8.40011e+06
LOG (gmm-sum-accs[5.5.0~1-40c7]:main():gmm-sum-accs.cc:67) Written stats to -
LOG (gmm-est[5.5.0~1-40c7]:MleUpdate():transition-model.cc:528) TransitionModel::Update, objf change is -1.41346e-11 per frame over 8.40011e+06 frames. 
LOG (gmm-est[5.5.0~1-40c7]:MleUpdate():transition-model.cc:531) 72 probabilities floored, 4052 out of 7734 transition-states skipped due to insuffient data (it is normal to have some skipped.)
LOG (gmm-est[5.5.0~1-40c7]:main():gmm-est.cc:102) Transition model update: Overall -1.41346e-11 log-like improvement per frame over 8.40011e+06 frames.
WARNING (gmm-est[5.5.0~1-40c7]:MleDiagGmmUpdate():mle-diag-gmm.cc:365) Gaussian has too little data but not removing it because it is the last Gaussian: i = 0, occ = 0, weight = 1
WARNING (gmm-est[5.5.0~1-40c7]:MleDiagGmmUpdate():mle-diag-gmm.cc:365) Gaussian has too little data but not removing it because it is the last Gaussian: i = 0, occ = 0, weight = 1
WARNING (gmm-est[5.5.0~1-40c7]:MleDiagGmmUpdate():mle-diag-gmm.cc:365) Gaussian has too little data but not removing it because it is the last Gaussian: i = 0, occ = 0, weight = 1
WARNING (gmm-est[5.5.0~1-40c7]:MleDiagGmmUpdate():mle-diag-gmm.cc:365) Gaussian has too little data but not removing it because it is the last Gaussian: i = 0, occ = 0, weight = 1
WARNING (gmm-est[5.5.0~1-40c7]:MleDiagGmmUpdate():mle-diag-gmm.cc:365) Gaussian has too little data but not removing it because it is the last Gaussian: i = 0, occ = 0, weight = 1
WARNING (gmm-est[5.5.0~1-40c7]:MleDiagGmmUpdate():mle-diag-gmm.cc:365) Gaussian has too little data but not removing it because it is the last Gaussian: i = 0, occ = 0, weight = 1
WARNING (gmm-est[5.5.0~1-40c7]:MleDiagGmmUpdate():mle-diag-gmm.cc:365) Gaussian has too little data but not removing it because it is the last Gaussian: i = 0, occ = 0, weight = 1
WARNING (gmm-est[5.5.0~1-40c7]:MleDiagGmmUpdate():mle-diag-gmm.cc:365) Gaussian has too little data but not removing it because it is the last Gaussian: i = 0, occ = 0, weight = 1
WARNING (gmm-est[5.5.0~1-40c7]:MleDiagGmmUpdate():mle-diag-gmm.cc:365) Gaussian has too little data but not removing it because it is the last Gaussian: i = 0, occ = 0, weight = 1
WARNING (gmm-est[5.5.0~1-40c7]:MleDiagGmmUpdate():mle-diag-gmm.cc:365) Gaussian has too little data but not removing it because it is the last Gaussian: i = 0, occ = 0, weight = 1
WARNING (gmm-est[5.5.0~1-40c7]:MleDiagGmmUpdate():mle-diag-gmm.cc:365) Gaussian has too little data but not removing it because it is the last Gaussian: i = 0, occ = 0, weight = 1
WARNING (gmm-est[5.5.0~1-40c7]:MleDiagGmmUpdate():mle-diag-gmm.cc:365) Gaussian has too little data but not removing it because it is the last Gaussian: i = 0, occ = 0, weight = 1
WARNING (gmm-est[5.5.0~1-40c7]:MleDiagGmmUpdate():mle-diag-gmm.cc:365) Gaussian has too little data but not removing it because it is the last Gaussian: i = 0, occ = 0, weight = 1
WARNING (gmm-est[5.5.0~1-40c7]:MleDiagGmmUpdate():mle-diag-gmm.cc:365) Gaussian has too little data but not removing it because it is the last Gaussian: i = 0, occ = 0, weight = 1
WARNING (gmm-est[5.5.0~1-40c7]:MleDiagGmmUpdate():mle-diag-gmm.cc:365) Gaussian has too little data but not removing it because it is the last Gaussian: i = 0, occ = 0, weight = 1
WARNING (gmm-est[5.5.0~1-40c7]:MleDiagGmmUpdate():mle-diag-gmm.cc:365) Gaussian has too little data but not removing it because it is the last Gaussian: i = 0, occ = 0, weight = 1
WARNING (gmm-est[5.5.0~1-40c7]:MleDiagGmmUpdate():mle-diag-gmm.cc:365) Gaussian has too little data but not removing it because it is the last Gaussian: i = 0, occ = 0, weight = 1
WARNING (gmm-est[5.5.0~1-40c7]:MleDiagGmmUpdate():mle-diag-gmm.cc:365) Gaussian has too little data but not removing it because it is the last Gaussian: i = 0, occ = 0, weight = 1
WARNING (gmm-est[5.5.0~1-40c7]:MleDiagGmmUpdate():mle-diag-gmm.cc:365) Gaussian has too little data but not removing it because it is the last Gaussian: i = 0, occ = 0, weight = 1
WARNING (gmm-est[5.5.0~1-40c7]:MleDiagGmmUpdate():mle-diag-gmm.cc:365) Gaussian has too little data but not removing it because it is the last Gaussian: i = 0, occ = 0, weight = 1
WARNING (gmm-est[5.5.0~1-40c7]:MleDiagGmmUpdate():mle-diag-gmm.cc:365) Gaussian has too little data but not removing it because it is the last Gaussian: i = 0, occ = 0, weight = 1
WARNING (gmm-est[5.5.0~1-40c7]:MleDiagGmmUpdate():mle-diag-gmm.cc:365) Gaussian has too little data but not removing it because it is the last Gaussian: i = 0, occ = 0, weight = 1
WARNING (gmm-est[5.5.0~1-40c7]:MleDiagGmmUpdate():mle-diag-gmm.cc:365) Gaussian has too little data but not removing it because it is the last Gaussian: i = 0, occ = 0, weight = 1
WARNING (gmm-est[5.5.0~1-40c7]:MleDiagGmmUpdate():mle-diag-gmm.cc:365) Gaussian has too little data but not removing it because it is the last Gaussian: i = 0, occ = 0, weight = 1
WARNING (gmm-est[5.5.0~1-40c7]:MleDiagGmmUpdate():mle-diag-gmm.cc:365) Gaussian has too little data but not removing it because it is the last Gaussian: i = 0, occ = 0, weight = 1
WARNING (gmm-est[5.5.0~1-40c7]:MleDiagGmmUpdate():mle-diag-gmm.cc:365) Gaussian has too little data but not removing it because it is the last Gaussian: i = 0, occ = 0, weight = 1
WARNING (gmm-est[5.5.0~1-40c7]:MleDiagGmmUpdate():mle-diag-gmm.cc:365) Gaussian has too little data but not removing it because it is the last Gaussian: i = 0, occ = 0, weight = 1
WARNING (gmm-est[5.5.0~1-40c7]:MleDiagGmmUpdate():mle-diag-gmm.cc:365) Gaussian has too little data but not removing it because it is the last Gaussian: i = 0, occ = 0, weight = 1
WARNING (gmm-est[5.5.0~1-40c7]:MleDiagGmmUpdate():mle-diag-gmm.cc:365) Gaussian has too little data but not removing it because it is the last Gaussian: i = 0, occ = 0, weight = 1
WARNING (gmm-est[5.5.0~1-40c7]:MleDiagGmmUpdate():mle-diag-gmm.cc:365) Gaussian has too little data but not removing it because it is the last Gaussian: i = 0, occ = 0, weight = 1
WARNING (gmm-est[5.5.0~1-40c7]:MleDiagGmmUpdate():mle-diag-gmm.cc:365) Gaussian has too little data but not removing it because it is the last Gaussian: i = 0, occ = 0, weight = 1
WARNING (gmm-est[5.5.0~1-40c7]:MleDiagGmmUpdate():mle-diag-gmm.cc:365) Gaussian has too little data but not removing it because it is the last Gaussian: i = 0, occ = 0, weight = 1
WARNING (gmm-est[5.5.0~1-40c7]:MleDiagGmmUpdate():mle-diag-gmm.cc:365) Gaussian has too little data but not removing it because it is the last Gaussian: i = 0, occ = 0, weight = 1
WARNING (gmm-est[5.5.0~1-40c7]:MleDiagGmmUpdate():mle-diag-gmm.cc:365) Gaussian has too little data but not removing it because it is the last Gaussian: i = 0, occ = 0, weight = 1
WARNING (gmm-est[5.5.0~1-40c7]:MleDiagGmmUpdate():mle-diag-gmm.cc:365) Gaussian has too little data but not removing it because it is the last Gaussian: i = 0, occ = 0, weight = 1
WARNING (gmm-est[5.5.0~1-40c7]:MleDiagGmmUpdate():mle-diag-gmm.cc:365) Gaussian has too little data but not removing it because it is the last Gaussian: i = 0, occ = 0, weight = 1
WARNING (gmm-est[5.5.0~1-40c7]:MleDiagGmmUpdate():mle-diag-gmm.cc:365) Gaussian has too little data but not removing it because it is the last Gaussian: i = 0, occ = 0, weight = 1
WARNING (gmm-est[5.5.0~1-40c7]:MleDiagGmmUpdate():mle-diag-gmm.cc:365) Gaussian has too little data but not removing it because it is the last Gaussian: i = 0, occ = 0, weight = 1
LOG (gmm-est[5.5.0~1-40c7]:MleAmDiagGmmUpdate():mle-am-diag-gmm.cc:225) 0 variance elements floored in 0 Gaussians, out of 7000
LOG (gmm-est[5.5.0~1-40c7]:MleAmDiagGmmUpdate():mle-am-diag-gmm.cc:229) Removed 0 Gaussians due to counts < --min-gaussian-occupancy=10 and --remove-low-count-gaussians=true
LOG (gmm-est[5.5.0~1-40c7]:main():gmm-est.cc:113) GMM update: Overall 0.0616618 objective function improvement per frame over 8.40011e+06 frames
LOG (gmm-est[5.5.0~1-40c7]:main():gmm-est.cc:116) GMM update: Overall avg like per frame = -102.53 over 8.40011e+06 frames.
LOG (gmm-est[5.5.0~1-40c7]:SplitByCount():am-diag-gmm.cc:116) Split 1944 states with target = 7500, power = 0.25, perturb_factor = 0.01 and min_count = 20, split #Gauss from 7000 to 7500
LOG (gmm-est[5.5.0~1-40c7]:main():gmm-est.cc:146) Written model to exp/tri2a/12.mdl
# Accounting: time=1 threads=1
# Ended (code 0) at Mon Dec  7 01:31:24 UTC 2020, elapsed time 1 seconds
