# gmm-acc-stats-ali exp/tri4a/32.mdl "ark,s,cs:apply-cmvn  --utt2spk=ark:data/train/split32/29/utt2spk scp:data/train/split32/29/cmvn.scp scp:data/train/split32/29/feats.scp ark:- | splice-feats  ark:- ark:- | transform-feats exp/tri3a_ali/final.mat ark:- ark:- | transform-feats --utt2spk=ark:data/train/split32/29/utt2spk ark:exp/tri4a/trans.29 ark:- ark:- |" "ark,s,cs:gunzip -c exp/tri4a/ali.29.gz|" exp/tri4a/32.29.acc 
# Started at Mon Dec  7 02:05:47 UTC 2020
#
gmm-acc-stats-ali exp/tri4a/32.mdl 'ark,s,cs:apply-cmvn  --utt2spk=ark:data/train/split32/29/utt2spk scp:data/train/split32/29/cmvn.scp scp:data/train/split32/29/feats.scp ark:- | splice-feats  ark:- ark:- | transform-feats exp/tri3a_ali/final.mat ark:- ark:- | transform-feats --utt2spk=ark:data/train/split32/29/utt2spk ark:exp/tri4a/trans.29 ark:- ark:- |' 'ark,s,cs:gunzip -c exp/tri4a/ali.29.gz|' exp/tri4a/32.29.acc 
apply-cmvn --utt2spk=ark:data/train/split32/29/utt2spk scp:data/train/split32/29/cmvn.scp scp:data/train/split32/29/feats.scp ark:- 
splice-feats ark:- ark:- 
transform-feats exp/tri3a_ali/final.mat ark:- ark:- 
transform-feats --utt2spk=ark:data/train/split32/29/utt2spk ark:exp/tri4a/trans.29 ark:- ark:- 
LOG (gmm-acc-stats-ali[5.5.0~1-40c7]:main():gmm-acc-stats-ali.cc:105) Processed 50 utterances; for utterance 8747-293952-0049 avg. like is -47.8273 over 1945 frames.
LOG (gmm-acc-stats-ali[5.5.0~1-40c7]:main():gmm-acc-stats-ali.cc:105) Processed 100 utterances; for utterance 8747-293952-0099 avg. like is -49.594 over 1994 frames.
LOG (apply-cmvn[5.5.0~1-40c7]:main():apply-cmvn.cc:162) Applied cepstral mean normalization to 110 utterances, errors on 0
LOG (transform-feats[5.5.0~1-40c7]:main():transform-feats.cc:158) Overall average [pseudo-]logdet is -100.497 over 190554 frames.
LOG (transform-feats[5.5.0~1-40c7]:main():transform-feats.cc:161) Applied transform to 110 utterances; 0 had errors.
LOG (transform-feats[5.5.0~1-40c7]:main():transform-feats.cc:158) Overall average logdet is 2.94112 over 190554 frames.
LOG (transform-feats[5.5.0~1-40c7]:main():transform-feats.cc:161) Applied transform to 110 utterances; 0 had errors.
LOG (gmm-acc-stats-ali[5.5.0~1-40c7]:main():gmm-acc-stats-ali.cc:112) Done 110 files, 0 with errors.
LOG (gmm-acc-stats-ali[5.5.0~1-40c7]:main():gmm-acc-stats-ali.cc:115) Overall avg like per frame (Gaussian only) = -48.6831 over 190554 frames.
LOG (gmm-acc-stats-ali[5.5.0~1-40c7]:main():gmm-acc-stats-ali.cc:123) Written accs.
# Accounting: time=2 threads=1
# Ended (code 0) at Mon Dec  7 02:05:49 UTC 2020, elapsed time 2 seconds
