# gmm-acc-stats-ali exp/tri4a/7.mdl "ark,s,cs:apply-cmvn  --utt2spk=ark:data/train/split32/11/utt2spk scp:data/train/split32/11/cmvn.scp scp:data/train/split32/11/feats.scp ark:- | splice-feats  ark:- ark:- | transform-feats exp/tri3a_ali/final.mat ark:- ark:- | transform-feats --utt2spk=ark:data/train/split32/11/utt2spk ark:exp/tri4a/trans.11 ark:- ark:- |" "ark,s,cs:gunzip -c exp/tri4a/ali.11.gz|" exp/tri4a/7.11.acc 
# Started at Mon Dec  7 01:56:25 UTC 2020
#
gmm-acc-stats-ali exp/tri4a/7.mdl 'ark,s,cs:apply-cmvn  --utt2spk=ark:data/train/split32/11/utt2spk scp:data/train/split32/11/cmvn.scp scp:data/train/split32/11/feats.scp ark:- | splice-feats  ark:- ark:- | transform-feats exp/tri3a_ali/final.mat ark:- ark:- | transform-feats --utt2spk=ark:data/train/split32/11/utt2spk ark:exp/tri4a/trans.11 ark:- ark:- |' 'ark,s,cs:gunzip -c exp/tri4a/ali.11.gz|' exp/tri4a/7.11.acc 
apply-cmvn --utt2spk=ark:data/train/split32/11/utt2spk scp:data/train/split32/11/cmvn.scp scp:data/train/split32/11/feats.scp ark:- 
transform-feats --utt2spk=ark:data/train/split32/11/utt2spk ark:exp/tri4a/trans.11 ark:- ark:- 
transform-feats exp/tri3a_ali/final.mat ark:- ark:- 
splice-feats ark:- ark:- 
LOG (gmm-acc-stats-ali[5.5.0~1-40c7]:main():gmm-acc-stats-ali.cc:105) Processed 50 utterances; for utterance 3486-166424-0049 avg. like is -51.678 over 1122 frames.
LOG (gmm-acc-stats-ali[5.5.0~1-40c7]:main():gmm-acc-stats-ali.cc:105) Processed 100 utterances; for utterance 3486-166446-0023 avg. like is -60.8257 over 2259 frames.
LOG (apply-cmvn[5.5.0~1-40c7]:main():apply-cmvn.cc:162) Applied cepstral mean normalization to 120 utterances, errors on 0
LOG (transform-feats[5.5.0~1-40c7]:main():transform-feats.cc:158) Overall average [pseudo-]logdet is -100.497 over 215184 frames.
LOG (transform-feats[5.5.0~1-40c7]:main():transform-feats.cc:161) Applied transform to 120 utterances; 0 had errors.
LOG (transform-feats[5.5.0~1-40c7]:main():transform-feats.cc:158) Overall average logdet is 6.36959 over 215184 frames.
LOG (transform-feats[5.5.0~1-40c7]:main():transform-feats.cc:161) Applied transform to 120 utterances; 0 had errors.
LOG (gmm-acc-stats-ali[5.5.0~1-40c7]:main():gmm-acc-stats-ali.cc:112) Done 120 files, 0 with errors.
LOG (gmm-acc-stats-ali[5.5.0~1-40c7]:main():gmm-acc-stats-ali.cc:115) Overall avg like per frame (Gaussian only) = -54.695 over 215184 frames.
LOG (gmm-acc-stats-ali[5.5.0~1-40c7]:main():gmm-acc-stats-ali.cc:123) Written accs.
# Accounting: time=2 threads=1
# Ended (code 0) at Mon Dec  7 01:56:27 UTC 2020, elapsed time 2 seconds
