# gmm-acc-stats-ali exp/tri4a/32.mdl "ark,s,cs:apply-cmvn  --utt2spk=ark:data/train/split32/31/utt2spk scp:data/train/split32/31/cmvn.scp scp:data/train/split32/31/feats.scp ark:- | splice-feats  ark:- ark:- | transform-feats exp/tri3a_ali/final.mat ark:- ark:- | transform-feats --utt2spk=ark:data/train/split32/31/utt2spk ark:exp/tri4a/trans.31 ark:- ark:- |" "ark,s,cs:gunzip -c exp/tri4a/ali.31.gz|" exp/tri4a/32.31.acc 
# Started at Mon Dec  7 02:05:48 UTC 2020
#
gmm-acc-stats-ali exp/tri4a/32.mdl 'ark,s,cs:apply-cmvn  --utt2spk=ark:data/train/split32/31/utt2spk scp:data/train/split32/31/cmvn.scp scp:data/train/split32/31/feats.scp ark:- | splice-feats  ark:- ark:- | transform-feats exp/tri3a_ali/final.mat ark:- ark:- | transform-feats --utt2spk=ark:data/train/split32/31/utt2spk ark:exp/tri4a/trans.31 ark:- ark:- |' 'ark,s,cs:gunzip -c exp/tri4a/ali.31.gz|' exp/tri4a/32.31.acc 
transform-feats --utt2spk=ark:data/train/split32/31/utt2spk ark:exp/tri4a/trans.31 ark:- ark:- 
splice-feats ark:- ark:- 
transform-feats exp/tri3a_ali/final.mat ark:- ark:- 
apply-cmvn --utt2spk=ark:data/train/split32/31/utt2spk scp:data/train/split32/31/cmvn.scp scp:data/train/split32/31/feats.scp ark:- 
LOG (gmm-acc-stats-ali[5.5.0~1-40c7]:main():gmm-acc-stats-ali.cc:105) Processed 50 utterances; for utterance 887-123290-0009 avg. like is -48.1834 over 2208 frames.
LOG (gmm-acc-stats-ali[5.5.0~1-40c7]:main():gmm-acc-stats-ali.cc:105) Processed 100 utterances; for utterance 887-123291-0027 avg. like is -48.6642 over 2088 frames.
LOG (apply-cmvn[5.5.0~1-40c7]:main():apply-cmvn.cc:162) Applied cepstral mean normalization to 115 utterances, errors on 0
LOG (transform-feats[5.5.0~1-40c7]:main():transform-feats.cc:158) Overall average [pseudo-]logdet is -100.497 over 210965 frames.
LOG (transform-feats[5.5.0~1-40c7]:main():transform-feats.cc:161) Applied transform to 115 utterances; 0 had errors.
LOG (transform-feats[5.5.0~1-40c7]:main():transform-feats.cc:158) Overall average logdet is 4.15093 over 210965 frames.
LOG (transform-feats[5.5.0~1-40c7]:main():transform-feats.cc:161) Applied transform to 115 utterances; 0 had errors.
LOG (gmm-acc-stats-ali[5.5.0~1-40c7]:main():gmm-acc-stats-ali.cc:112) Done 115 files, 0 with errors.
LOG (gmm-acc-stats-ali[5.5.0~1-40c7]:main():gmm-acc-stats-ali.cc:115) Overall avg like per frame (Gaussian only) = -49.088 over 210965 frames.
LOG (gmm-acc-stats-ali[5.5.0~1-40c7]:main():gmm-acc-stats-ali.cc:123) Written accs.
# Accounting: time=2 threads=1
# Ended (code 0) at Mon Dec  7 02:05:50 UTC 2020, elapsed time 2 seconds
