# gmm-acc-stats-ali exp/tri4a/30.mdl "ark,s,cs:apply-cmvn  --utt2spk=ark:data/train/split32/28/utt2spk scp:data/train/split32/28/cmvn.scp scp:data/train/split32/28/feats.scp ark:- | splice-feats  ark:- ark:- | transform-feats exp/tri3a_ali/final.mat ark:- ark:- | transform-feats --utt2spk=ark:data/train/split32/28/utt2spk ark:exp/tri4a/trans.28 ark:- ark:- |" "ark,s,cs:gunzip -c exp/tri4a/ali.28.gz|" exp/tri4a/30.28.acc 
# Started at Mon Dec  7 02:05:15 UTC 2020
#
gmm-acc-stats-ali exp/tri4a/30.mdl 'ark,s,cs:apply-cmvn  --utt2spk=ark:data/train/split32/28/utt2spk scp:data/train/split32/28/cmvn.scp scp:data/train/split32/28/feats.scp ark:- | splice-feats  ark:- ark:- | transform-feats exp/tri3a_ali/final.mat ark:- ark:- | transform-feats --utt2spk=ark:data/train/split32/28/utt2spk ark:exp/tri4a/trans.28 ark:- ark:- |' 'ark,s,cs:gunzip -c exp/tri4a/ali.28.gz|' exp/tri4a/30.28.acc 
splice-feats ark:- ark:- 
apply-cmvn --utt2spk=ark:data/train/split32/28/utt2spk scp:data/train/split32/28/cmvn.scp scp:data/train/split32/28/feats.scp ark:- 
transform-feats --utt2spk=ark:data/train/split32/28/utt2spk ark:exp/tri4a/trans.28 ark:- ark:- 
transform-feats exp/tri3a_ali/final.mat ark:- ark:- 
LOG (gmm-acc-stats-ali[5.5.0~1-40c7]:main():gmm-acc-stats-ali.cc:105) Processed 50 utterances; for utterance 8108-280354-0000 avg. like is -49.4525 over 2139 frames.
LOG (gmm-acc-stats-ali[5.5.0~1-40c7]:main():gmm-acc-stats-ali.cc:105) Processed 100 utterances; for utterance 8108-280359-0018 avg. like is -49.4015 over 2242 frames.
LOG (gmm-acc-stats-ali[5.5.0~1-40c7]:main():gmm-acc-stats-ali.cc:105) Processed 150 utterances; for utterance 8609-262281-0039 avg. like is -49.853 over 2146 frames.
LOG (gmm-acc-stats-ali[5.5.0~1-40c7]:main():gmm-acc-stats-ali.cc:105) Processed 200 utterances; for utterance 8609-283227-0045 avg. like is -45.3019 over 657 frames.
LOG (apply-cmvn[5.5.0~1-40c7]:main():apply-cmvn.cc:162) Applied cepstral mean normalization to 225 utterances, errors on 0
LOG (transform-feats[5.5.0~1-40c7]:main():transform-feats.cc:158) Overall average [pseudo-]logdet is -100.497 over 435473 frames.
LOG (transform-feats[5.5.0~1-40c7]:main():transform-feats.cc:161) Applied transform to 225 utterances; 0 had errors.
LOG (transform-feats[5.5.0~1-40c7]:main():transform-feats.cc:158) Overall average logdet is 0.350961 over 435473 frames.
LOG (transform-feats[5.5.0~1-40c7]:main():transform-feats.cc:161) Applied transform to 225 utterances; 0 had errors.
LOG (gmm-acc-stats-ali[5.5.0~1-40c7]:main():gmm-acc-stats-ali.cc:112) Done 225 files, 0 with errors.
LOG (gmm-acc-stats-ali[5.5.0~1-40c7]:main():gmm-acc-stats-ali.cc:115) Overall avg like per frame (Gaussian only) = -50.3633 over 435473 frames.
LOG (gmm-acc-stats-ali[5.5.0~1-40c7]:main():gmm-acc-stats-ali.cc:123) Written accs.
# Accounting: time=3 threads=1
# Ended (code 0) at Mon Dec  7 02:05:18 UTC 2020, elapsed time 3 seconds
