# gmm-acc-stats-ali exp/tri4a/29.mdl "ark,s,cs:apply-cmvn  --utt2spk=ark:data/train/split32/32/utt2spk scp:data/train/split32/32/cmvn.scp scp:data/train/split32/32/feats.scp ark:- | splice-feats  ark:- ark:- | transform-feats exp/tri3a_ali/final.mat ark:- ark:- | transform-feats --utt2spk=ark:data/train/split32/32/utt2spk ark:exp/tri4a/trans.32 ark:- ark:- |" "ark,s,cs:gunzip -c exp/tri4a/ali.32.gz|" exp/tri4a/29.32.acc 
# Started at Mon Dec  7 02:04:05 UTC 2020
#
gmm-acc-stats-ali exp/tri4a/29.mdl 'ark,s,cs:apply-cmvn  --utt2spk=ark:data/train/split32/32/utt2spk scp:data/train/split32/32/cmvn.scp scp:data/train/split32/32/feats.scp ark:- | splice-feats  ark:- ark:- | transform-feats exp/tri3a_ali/final.mat ark:- ark:- | transform-feats --utt2spk=ark:data/train/split32/32/utt2spk ark:exp/tri4a/trans.32 ark:- ark:- |' 'ark,s,cs:gunzip -c exp/tri4a/ali.32.gz|' exp/tri4a/29.32.acc 
apply-cmvn --utt2spk=ark:data/train/split32/32/utt2spk scp:data/train/split32/32/cmvn.scp scp:data/train/split32/32/feats.scp ark:- 
transform-feats exp/tri3a_ali/final.mat ark:- ark:- 
transform-feats --utt2spk=ark:data/train/split32/32/utt2spk ark:exp/tri4a/trans.32 ark:- ark:- 
splice-feats ark:- ark:- 
LOG (gmm-acc-stats-ali[5.5.0~1-40c7]:main():gmm-acc-stats-ali.cc:105) Processed 50 utterances; for utterance 89-218-0049 avg. like is -49.0003 over 584 frames.
LOG (gmm-acc-stats-ali[5.5.0~1-40c7]:main():gmm-acc-stats-ali.cc:105) Processed 100 utterances; for utterance 89-219-0041 avg. like is -47.209 over 636 frames.
LOG (apply-cmvn[5.5.0~1-40c7]:main():apply-cmvn.cc:162) Applied cepstral mean normalization to 123 utterances, errors on 0
LOG (transform-feats[5.5.0~1-40c7]:main():transform-feats.cc:158) Overall average [pseudo-]logdet is -100.497 over 218371 frames.
LOG (transform-feats[5.5.0~1-40c7]:main():transform-feats.cc:161) Applied transform to 123 utterances; 0 had errors.
LOG (transform-feats[5.5.0~1-40c7]:main():transform-feats.cc:158) Overall average logdet is 6.25392 over 218371 frames.
LOG (transform-feats[5.5.0~1-40c7]:main():transform-feats.cc:161) Applied transform to 123 utterances; 0 had errors.
LOG (gmm-acc-stats-ali[5.5.0~1-40c7]:main():gmm-acc-stats-ali.cc:112) Done 123 files, 0 with errors.
LOG (gmm-acc-stats-ali[5.5.0~1-40c7]:main():gmm-acc-stats-ali.cc:115) Overall avg like per frame (Gaussian only) = -51.1002 over 218371 frames.
LOG (gmm-acc-stats-ali[5.5.0~1-40c7]:main():gmm-acc-stats-ali.cc:123) Written accs.
# Accounting: time=2 threads=1
# Ended (code 0) at Mon Dec  7 02:04:07 UTC 2020, elapsed time 2 seconds
