# gmm-acc-stats-ali exp/tri4a/7.mdl "ark,s,cs:apply-cmvn  --utt2spk=ark:data/train/split32/14/utt2spk scp:data/train/split32/14/cmvn.scp scp:data/train/split32/14/feats.scp ark:- | splice-feats  ark:- ark:- | transform-feats exp/tri3a_ali/final.mat ark:- ark:- | transform-feats --utt2spk=ark:data/train/split32/14/utt2spk ark:exp/tri4a/trans.14 ark:- ark:- |" "ark,s,cs:gunzip -c exp/tri4a/ali.14.gz|" exp/tri4a/7.14.acc 
# Started at Mon Dec  7 01:56:25 UTC 2020
#
gmm-acc-stats-ali exp/tri4a/7.mdl 'ark,s,cs:apply-cmvn  --utt2spk=ark:data/train/split32/14/utt2spk scp:data/train/split32/14/cmvn.scp scp:data/train/split32/14/feats.scp ark:- | splice-feats  ark:- ark:- | transform-feats exp/tri3a_ali/final.mat ark:- ark:- | transform-feats --utt2spk=ark:data/train/split32/14/utt2spk ark:exp/tri4a/trans.14 ark:- ark:- |' 'ark,s,cs:gunzip -c exp/tri4a/ali.14.gz|' exp/tri4a/7.14.acc 
apply-cmvn --utt2spk=ark:data/train/split32/14/utt2spk scp:data/train/split32/14/cmvn.scp scp:data/train/split32/14/feats.scp ark:- 
transform-feats exp/tri3a_ali/final.mat ark:- ark:- 
splice-feats ark:- ark:- 
transform-feats --utt2spk=ark:data/train/split32/14/utt2spk ark:exp/tri4a/trans.14 ark:- ark:- 
LOG (gmm-acc-stats-ali[5.5.0~1-40c7]:main():gmm-acc-stats-ali.cc:105) Processed 50 utterances; for utterance 4051-11217-0021 avg. like is -55.9362 over 2164 frames.
LOG (gmm-acc-stats-ali[5.5.0~1-40c7]:main():gmm-acc-stats-ali.cc:105) Processed 100 utterances; for utterance 4051-11218-0029 avg. like is -56.6647 over 511 frames.
LOG (apply-cmvn[5.5.0~1-40c7]:main():apply-cmvn.cc:162) Applied cepstral mean normalization to 133 utterances, errors on 0
LOG (transform-feats[5.5.0~1-40c7]:main():transform-feats.cc:158) Overall average [pseudo-]logdet is -100.497 over 216193 frames.
LOG (transform-feats[5.5.0~1-40c7]:main():transform-feats.cc:161) Applied transform to 133 utterances; 0 had errors.
LOG (transform-feats[5.5.0~1-40c7]:main():transform-feats.cc:158) Overall average logdet is 2.1915 over 216193 frames.
LOG (transform-feats[5.5.0~1-40c7]:main():transform-feats.cc:161) Applied transform to 133 utterances; 0 had errors.
LOG (gmm-acc-stats-ali[5.5.0~1-40c7]:main():gmm-acc-stats-ali.cc:112) Done 133 files, 0 with errors.
LOG (gmm-acc-stats-ali[5.5.0~1-40c7]:main():gmm-acc-stats-ali.cc:115) Overall avg like per frame (Gaussian only) = -53.8652 over 216193 frames.
LOG (gmm-acc-stats-ali[5.5.0~1-40c7]:main():gmm-acc-stats-ali.cc:123) Written accs.
# Accounting: time=1 threads=1
# Ended (code 0) at Mon Dec  7 01:56:27 UTC 2020, elapsed time 1 seconds
