# gmm-acc-stats-ali exp/tri4a/11.mdl "ark,s,cs:apply-cmvn  --utt2spk=ark:data/train/split32/27/utt2spk scp:data/train/split32/27/cmvn.scp scp:data/train/split32/27/feats.scp ark:- | splice-feats  ark:- ark:- | transform-feats exp/tri3a_ali/final.mat ark:- ark:- | transform-feats --utt2spk=ark:data/train/split32/27/utt2spk ark:exp/tri4a/trans.27 ark:- ark:- |" "ark,s,cs:gunzip -c exp/tri4a/ali.27.gz|" exp/tri4a/11.27.acc 
# Started at Mon Dec  7 01:58:05 UTC 2020
#
gmm-acc-stats-ali exp/tri4a/11.mdl 'ark,s,cs:apply-cmvn  --utt2spk=ark:data/train/split32/27/utt2spk scp:data/train/split32/27/cmvn.scp scp:data/train/split32/27/feats.scp ark:- | splice-feats  ark:- ark:- | transform-feats exp/tri3a_ali/final.mat ark:- ark:- | transform-feats --utt2spk=ark:data/train/split32/27/utt2spk ark:exp/tri4a/trans.27 ark:- ark:- |' 'ark,s,cs:gunzip -c exp/tri4a/ali.27.gz|' exp/tri4a/11.27.acc 
transform-feats --utt2spk=ark:data/train/split32/27/utt2spk ark:exp/tri4a/trans.27 ark:- ark:- 
apply-cmvn --utt2spk=ark:data/train/split32/27/utt2spk scp:data/train/split32/27/cmvn.scp scp:data/train/split32/27/feats.scp ark:- 
splice-feats ark:- ark:- 
transform-feats exp/tri3a_ali/final.mat ark:- ark:- 
LOG (gmm-acc-stats-ali[5.5.0~1-40c7]:main():gmm-acc-stats-ali.cc:105) Processed 50 utterances; for utterance 8098-278252-0015 avg. like is -53.2128 over 1686 frames.
LOG (gmm-acc-stats-ali[5.5.0~1-40c7]:main():gmm-acc-stats-ali.cc:105) Processed 100 utterances; for utterance 8098-278278-0024 avg. like is -51.2776 over 1874 frames.
LOG (apply-cmvn[5.5.0~1-40c7]:main():apply-cmvn.cc:162) Applied cepstral mean normalization to 116 utterances, errors on 0
LOG (transform-feats[5.5.0~1-40c7]:main():transform-feats.cc:158) Overall average [pseudo-]logdet is -100.497 over 214751 frames.
LOG (transform-feats[5.5.0~1-40c7]:main():transform-feats.cc:161) Applied transform to 116 utterances; 0 had errors.
LOG (transform-feats[5.5.0~1-40c7]:main():transform-feats.cc:158) Overall average logdet is 3.64032 over 214751 frames.
LOG (transform-feats[5.5.0~1-40c7]:main():transform-feats.cc:161) Applied transform to 116 utterances; 0 had errors.
LOG (gmm-acc-stats-ali[5.5.0~1-40c7]:main():gmm-acc-stats-ali.cc:112) Done 116 files, 0 with errors.
LOG (gmm-acc-stats-ali[5.5.0~1-40c7]:main():gmm-acc-stats-ali.cc:115) Overall avg like per frame (Gaussian only) = -52.22 over 214751 frames.
LOG (gmm-acc-stats-ali[5.5.0~1-40c7]:main():gmm-acc-stats-ali.cc:123) Written accs.
# Accounting: time=2 threads=1
# Ended (code 0) at Mon Dec  7 01:58:07 UTC 2020, elapsed time 2 seconds
