# gmm-acc-stats-ali exp/tri4a/32.mdl "ark,s,cs:apply-cmvn  --utt2spk=ark:data/train/split32/17/utt2spk scp:data/train/split32/17/cmvn.scp scp:data/train/split32/17/feats.scp ark:- | splice-feats  ark:- ark:- | transform-feats exp/tri3a_ali/final.mat ark:- ark:- | transform-feats --utt2spk=ark:data/train/split32/17/utt2spk ark:exp/tri4a/trans.17 ark:- ark:- |" "ark,s,cs:gunzip -c exp/tri4a/ali.17.gz|" exp/tri4a/32.17.acc 
# Started at Mon Dec  7 02:05:42 UTC 2020
#
gmm-acc-stats-ali exp/tri4a/32.mdl 'ark,s,cs:apply-cmvn  --utt2spk=ark:data/train/split32/17/utt2spk scp:data/train/split32/17/cmvn.scp scp:data/train/split32/17/feats.scp ark:- | splice-feats  ark:- ark:- | transform-feats exp/tri3a_ali/final.mat ark:- ark:- | transform-feats --utt2spk=ark:data/train/split32/17/utt2spk ark:exp/tri4a/trans.17 ark:- ark:- |' 'ark,s,cs:gunzip -c exp/tri4a/ali.17.gz|' exp/tri4a/32.17.acc 
apply-cmvn --utt2spk=ark:data/train/split32/17/utt2spk scp:data/train/split32/17/cmvn.scp scp:data/train/split32/17/feats.scp ark:- 
transform-feats exp/tri3a_ali/final.mat ark:- ark:- 
transform-feats --utt2spk=ark:data/train/split32/17/utt2spk ark:exp/tri4a/trans.17 ark:- ark:- 
splice-feats ark:- ark:- 
LOG (gmm-acc-stats-ali[5.5.0~1-40c7]:main():gmm-acc-stats-ali.cc:105) Processed 50 utterances; for utterance 4640-19188-0007 avg. like is -52.2133 over 1989 frames.
LOG (gmm-acc-stats-ali[5.5.0~1-40c7]:main():gmm-acc-stats-ali.cc:105) Processed 100 utterances; for utterance 4640-19189-0016 avg. like is -46.4379 over 1798 frames.
LOG (apply-cmvn[5.5.0~1-40c7]:main():apply-cmvn.cc:162) Applied cepstral mean normalization to 128 utterances, errors on 0
LOG (transform-feats[5.5.0~1-40c7]:main():transform-feats.cc:158) Overall average [pseudo-]logdet is -100.497 over 205597 frames.
LOG (transform-feats[5.5.0~1-40c7]:main():transform-feats.cc:161) Applied transform to 128 utterances; 0 had errors.
LOG (transform-feats[5.5.0~1-40c7]:main():transform-feats.cc:158) Overall average logdet is 5.94177 over 205597 frames.
LOG (transform-feats[5.5.0~1-40c7]:main():transform-feats.cc:161) Applied transform to 128 utterances; 0 had errors.
LOG (gmm-acc-stats-ali[5.5.0~1-40c7]:main():gmm-acc-stats-ali.cc:112) Done 128 files, 0 with errors.
LOG (gmm-acc-stats-ali[5.5.0~1-40c7]:main():gmm-acc-stats-ali.cc:115) Overall avg like per frame (Gaussian only) = -49.0569 over 205597 frames.
LOG (gmm-acc-stats-ali[5.5.0~1-40c7]:main():gmm-acc-stats-ali.cc:123) Written accs.
# Accounting: time=3 threads=1
# Ended (code 0) at Mon Dec  7 02:05:45 UTC 2020, elapsed time 3 seconds
