# gmm-acc-stats-ali exp/tri4a/11.mdl "ark,s,cs:apply-cmvn  --utt2spk=ark:data/train/split32/19/utt2spk scp:data/train/split32/19/cmvn.scp scp:data/train/split32/19/feats.scp ark:- | splice-feats  ark:- ark:- | transform-feats exp/tri3a_ali/final.mat ark:- ark:- | transform-feats --utt2spk=ark:data/train/split32/19/utt2spk ark:exp/tri4a/trans.19 ark:- ark:- |" "ark,s,cs:gunzip -c exp/tri4a/ali.19.gz|" exp/tri4a/11.19.acc 
# Started at Mon Dec  7 01:58:03 UTC 2020
#
gmm-acc-stats-ali exp/tri4a/11.mdl 'ark,s,cs:apply-cmvn  --utt2spk=ark:data/train/split32/19/utt2spk scp:data/train/split32/19/cmvn.scp scp:data/train/split32/19/feats.scp ark:- | splice-feats  ark:- ark:- | transform-feats exp/tri3a_ali/final.mat ark:- ark:- | transform-feats --utt2spk=ark:data/train/split32/19/utt2spk ark:exp/tri4a/trans.19 ark:- ark:- |' 'ark,s,cs:gunzip -c exp/tri4a/ali.19.gz|' exp/tri4a/11.19.acc 
apply-cmvn --utt2spk=ark:data/train/split32/19/utt2spk scp:data/train/split32/19/cmvn.scp scp:data/train/split32/19/feats.scp ark:- 
transform-feats --utt2spk=ark:data/train/split32/19/utt2spk ark:exp/tri4a/trans.19 ark:- ark:- 
splice-feats ark:- ark:- 
transform-feats exp/tri3a_ali/final.mat ark:- ark:- 
LOG (gmm-acc-stats-ali[5.5.0~1-40c7]:main():gmm-acc-stats-ali.cc:105) Processed 50 utterances; for utterance 5514-19192-0049 avg. like is -48.6789 over 2093 frames.
LOG (gmm-acc-stats-ali[5.5.0~1-40c7]:main():gmm-acc-stats-ali.cc:105) Processed 100 utterances; for utterance 5703-47198-0012 avg. like is -51.8853 over 1927 frames.
LOG (gmm-acc-stats-ali[5.5.0~1-40c7]:main():gmm-acc-stats-ali.cc:105) Processed 150 utterances; for utterance 5703-47212-0002 avg. like is -56.2732 over 2297 frames.
LOG (apply-cmvn[5.5.0~1-40c7]:main():apply-cmvn.cc:162) Applied cepstral mean normalization to 200 utterances, errors on 0
LOG (transform-feats[5.5.0~1-40c7]:main():transform-feats.cc:158) Overall average [pseudo-]logdet is -100.497 over 367591 frames.
LOG (transform-feats[5.5.0~1-40c7]:main():transform-feats.cc:161) Applied transform to 200 utterances; 0 had errors.
LOG (transform-feats[5.5.0~1-40c7]:main():transform-feats.cc:158) Overall average logdet is 1.21174 over 367591 frames.
LOG (transform-feats[5.5.0~1-40c7]:main():transform-feats.cc:161) Applied transform to 200 utterances; 0 had errors.
LOG (gmm-acc-stats-ali[5.5.0~1-40c7]:main():gmm-acc-stats-ali.cc:105) Processed 200 utterances; for utterance 5703-47212-0052 avg. like is -54.5552 over 2092 frames.
LOG (gmm-acc-stats-ali[5.5.0~1-40c7]:main():gmm-acc-stats-ali.cc:112) Done 200 files, 0 with errors.
LOG (gmm-acc-stats-ali[5.5.0~1-40c7]:main():gmm-acc-stats-ali.cc:115) Overall avg like per frame (Gaussian only) = -53.145 over 367591 frames.
LOG (gmm-acc-stats-ali[5.5.0~1-40c7]:main():gmm-acc-stats-ali.cc:123) Written accs.
# Accounting: time=3 threads=1
# Ended (code 0) at Mon Dec  7 01:58:06 UTC 2020, elapsed time 3 seconds
