# gmm-acc-stats-ali exp/tri4a/7.mdl "ark,s,cs:apply-cmvn  --utt2spk=ark:data/train/split32/16/utt2spk scp:data/train/split32/16/cmvn.scp scp:data/train/split32/16/feats.scp ark:- | splice-feats  ark:- ark:- | transform-feats exp/tri3a_ali/final.mat ark:- ark:- | transform-feats --utt2spk=ark:data/train/split32/16/utt2spk ark:exp/tri4a/trans.16 ark:- ark:- |" "ark,s,cs:gunzip -c exp/tri4a/ali.16.gz|" exp/tri4a/7.16.acc 
# Started at Mon Dec  7 01:56:26 UTC 2020
#
gmm-acc-stats-ali exp/tri4a/7.mdl 'ark,s,cs:apply-cmvn  --utt2spk=ark:data/train/split32/16/utt2spk scp:data/train/split32/16/cmvn.scp scp:data/train/split32/16/feats.scp ark:- | splice-feats  ark:- ark:- | transform-feats exp/tri3a_ali/final.mat ark:- ark:- | transform-feats --utt2spk=ark:data/train/split32/16/utt2spk ark:exp/tri4a/trans.16 ark:- ark:- |' 'ark,s,cs:gunzip -c exp/tri4a/ali.16.gz|' exp/tri4a/7.16.acc 
apply-cmvn --utt2spk=ark:data/train/split32/16/utt2spk scp:data/train/split32/16/cmvn.scp scp:data/train/split32/16/feats.scp ark:- 
transform-feats --utt2spk=ark:data/train/split32/16/utt2spk ark:exp/tri4a/trans.16 ark:- ark:- 
splice-feats ark:- ark:- 
transform-feats exp/tri3a_ali/final.mat ark:- ark:- 
LOG (gmm-acc-stats-ali[5.5.0~1-40c7]:main():gmm-acc-stats-ali.cc:105) Processed 50 utterances; for utterance 4340-15220-0049 avg. like is -56.7866 over 2065 frames.
LOG (gmm-acc-stats-ali[5.5.0~1-40c7]:main():gmm-acc-stats-ali.cc:105) Processed 100 utterances; for utterance 4340-15220-0099 avg. like is -51.7822 over 1762 frames.
LOG (gmm-acc-stats-ali[5.5.0~1-40c7]:main():gmm-acc-stats-ali.cc:105) Processed 150 utterances; for utterance 446-123501-0048 avg. like is -51.872 over 1806 frames.
LOG (gmm-acc-stats-ali[5.5.0~1-40c7]:main():gmm-acc-stats-ali.cc:105) Processed 200 utterances; for utterance 446-123502-0037 avg. like is -49.6146 over 1931 frames.
LOG (apply-cmvn[5.5.0~1-40c7]:main():apply-cmvn.cc:162) Applied cepstral mean normalization to 212 utterances, errors on 0
LOG (transform-feats[5.5.0~1-40c7]:main():transform-feats.cc:158) Overall average [pseudo-]logdet is -100.497 over 392786 frames.
LOG (transform-feats[5.5.0~1-40c7]:main():transform-feats.cc:161) Applied transform to 212 utterances; 0 had errors.
LOG (transform-feats[5.5.0~1-40c7]:main():transform-feats.cc:158) Overall average logdet is 1.69697 over 392786 frames.
LOG (transform-feats[5.5.0~1-40c7]:main():transform-feats.cc:161) Applied transform to 212 utterances; 0 had errors.
LOG (gmm-acc-stats-ali[5.5.0~1-40c7]:main():gmm-acc-stats-ali.cc:112) Done 212 files, 0 with errors.
LOG (gmm-acc-stats-ali[5.5.0~1-40c7]:main():gmm-acc-stats-ali.cc:115) Overall avg like per frame (Gaussian only) = -52.6221 over 392786 frames.
LOG (gmm-acc-stats-ali[5.5.0~1-40c7]:main():gmm-acc-stats-ali.cc:123) Written accs.
# Accounting: time=3 threads=1
# Ended (code 0) at Mon Dec  7 01:56:29 UTC 2020, elapsed time 3 seconds
