# gmm-acc-stats-ali exp/tri4a/25.mdl "ark,s,cs:apply-cmvn  --utt2spk=ark:data/train/split32/21/utt2spk scp:data/train/split32/21/cmvn.scp scp:data/train/split32/21/feats.scp ark:- | splice-feats  ark:- ark:- | transform-feats exp/tri3a_ali/final.mat ark:- ark:- | transform-feats --utt2spk=ark:data/train/split32/21/utt2spk ark:exp/tri4a/trans.21 ark:- ark:- |" "ark,s,cs:gunzip -c exp/tri4a/ali.21.gz|" exp/tri4a/25.21.acc 
# Started at Mon Dec  7 02:02:54 UTC 2020
#
gmm-acc-stats-ali exp/tri4a/25.mdl 'ark,s,cs:apply-cmvn  --utt2spk=ark:data/train/split32/21/utt2spk scp:data/train/split32/21/cmvn.scp scp:data/train/split32/21/feats.scp ark:- | splice-feats  ark:- ark:- | transform-feats exp/tri3a_ali/final.mat ark:- ark:- | transform-feats --utt2spk=ark:data/train/split32/21/utt2spk ark:exp/tri4a/trans.21 ark:- ark:- |' 'ark,s,cs:gunzip -c exp/tri4a/ali.21.gz|' exp/tri4a/25.21.acc 
transform-feats --utt2spk=ark:data/train/split32/21/utt2spk ark:exp/tri4a/trans.21 ark:- ark:- 
transform-feats exp/tri3a_ali/final.mat ark:- ark:- 
splice-feats ark:- ark:- 
apply-cmvn --utt2spk=ark:data/train/split32/21/utt2spk scp:data/train/split32/21/cmvn.scp scp:data/train/split32/21/feats.scp ark:- 
LOG (gmm-acc-stats-ali[5.5.0~1-40c7]:main():gmm-acc-stats-ali.cc:105) Processed 50 utterances; for utterance 6147-34606-0008 avg. like is -50.9922 over 2054 frames.
LOG (gmm-acc-stats-ali[5.5.0~1-40c7]:main():gmm-acc-stats-ali.cc:105) Processed 100 utterances; for utterance 6147-34607-0023 avg. like is -50.8052 over 1840 frames.
LOG (apply-cmvn[5.5.0~1-40c7]:main():apply-cmvn.cc:162) Applied cepstral mean normalization to 117 utterances, errors on 0
LOG (transform-feats[5.5.0~1-40c7]:main():transform-feats.cc:158) Overall average [pseudo-]logdet is -100.497 over 215347 frames.
LOG (transform-feats[5.5.0~1-40c7]:main():transform-feats.cc:161) Applied transform to 117 utterances; 0 had errors.
LOG (transform-feats[5.5.0~1-40c7]:main():transform-feats.cc:158) Overall average logdet is -0.859993 over 215347 frames.
LOG (transform-feats[5.5.0~1-40c7]:main():transform-feats.cc:161) Applied transform to 117 utterances; 0 had errors.
LOG (gmm-acc-stats-ali[5.5.0~1-40c7]:main():gmm-acc-stats-ali.cc:112) Done 117 files, 0 with errors.
LOG (gmm-acc-stats-ali[5.5.0~1-40c7]:main():gmm-acc-stats-ali.cc:115) Overall avg like per frame (Gaussian only) = -51.3577 over 215347 frames.
LOG (gmm-acc-stats-ali[5.5.0~1-40c7]:main():gmm-acc-stats-ali.cc:123) Written accs.
# Accounting: time=2 threads=1
# Ended (code 0) at Mon Dec  7 02:02:56 UTC 2020, elapsed time 2 seconds
