# gmm-acc-stats-ali exp/tri4a/1.mdl "ark,s,cs:apply-cmvn  --utt2spk=ark:data/train/split32/2/utt2spk scp:data/train/split32/2/cmvn.scp scp:data/train/split32/2/feats.scp ark:- | splice-feats  ark:- ark:- | transform-feats exp/tri3a_ali/final.mat ark:- ark:- | transform-feats --utt2spk=ark:data/train/split32/2/utt2spk ark,s,cs:exp/tri3a_ali/trans.2 ark:- ark:- |" "ark,s,cs:gunzip -c exp/tri4a/ali.2.gz|" exp/tri4a/1.2.acc 
# Started at Mon Dec  7 01:53:32 UTC 2020
#
gmm-acc-stats-ali exp/tri4a/1.mdl 'ark,s,cs:apply-cmvn  --utt2spk=ark:data/train/split32/2/utt2spk scp:data/train/split32/2/cmvn.scp scp:data/train/split32/2/feats.scp ark:- | splice-feats  ark:- ark:- | transform-feats exp/tri3a_ali/final.mat ark:- ark:- | transform-feats --utt2spk=ark:data/train/split32/2/utt2spk ark,s,cs:exp/tri3a_ali/trans.2 ark:- ark:- |' 'ark,s,cs:gunzip -c exp/tri4a/ali.2.gz|' exp/tri4a/1.2.acc 
splice-feats ark:- ark:- 
transform-feats exp/tri3a_ali/final.mat ark:- ark:- 
apply-cmvn --utt2spk=ark:data/train/split32/2/utt2spk scp:data/train/split32/2/cmvn.scp scp:data/train/split32/2/feats.scp ark:- 
transform-feats --utt2spk=ark:data/train/split32/2/utt2spk ark,s,cs:exp/tri3a_ali/trans.2 ark:- ark:- 
LOG (gmm-acc-stats-ali[5.5.0~1-40c7]:main():gmm-acc-stats-ali.cc:105) Processed 50 utterances; for utterance 1963-142393-0049 avg. like is -59.0568 over 2131 frames.
LOG (gmm-acc-stats-ali[5.5.0~1-40c7]:main():gmm-acc-stats-ali.cc:105) Processed 100 utterances; for utterance 1963-147036-0006 avg. like is -52.4149 over 1770 frames.
LOG (apply-cmvn[5.5.0~1-40c7]:main():apply-cmvn.cc:162) Applied cepstral mean normalization to 129 utterances, errors on 0
LOG (transform-feats[5.5.0~1-40c7]:main():transform-feats.cc:158) Overall average [pseudo-]logdet is -100.497 over 211428 frames.
LOG (transform-feats[5.5.0~1-40c7]:main():transform-feats.cc:161) Applied transform to 129 utterances; 0 had errors.
LOG (transform-feats[5.5.0~1-40c7]:main():transform-feats.cc:158) Overall average logdet is -0.877922 over 211428 frames.
LOG (transform-feats[5.5.0~1-40c7]:main():transform-feats.cc:161) Applied transform to 129 utterances; 0 had errors.
LOG (gmm-acc-stats-ali[5.5.0~1-40c7]:main():gmm-acc-stats-ali.cc:112) Done 129 files, 0 with errors.
LOG (gmm-acc-stats-ali[5.5.0~1-40c7]:main():gmm-acc-stats-ali.cc:115) Overall avg like per frame (Gaussian only) = -57.3204 over 211428 frames.
LOG (gmm-acc-stats-ali[5.5.0~1-40c7]:main():gmm-acc-stats-ali.cc:123) Written accs.
# Accounting: time=2 threads=1
# Ended (code 0) at Mon Dec  7 01:53:34 UTC 2020, elapsed time 2 seconds
