# gmm-acc-stats-ali exp/tri4a/14.mdl "ark,s,cs:apply-cmvn  --utt2spk=ark:data/train/split32/12/utt2spk scp:data/train/split32/12/cmvn.scp scp:data/train/split32/12/feats.scp ark:- | splice-feats  ark:- ark:- | transform-feats exp/tri3a_ali/final.mat ark:- ark:- | transform-feats --utt2spk=ark:data/train/split32/12/utt2spk ark:exp/tri4a/trans.12 ark:- ark:- |" "ark,s,cs:gunzip -c exp/tri4a/ali.12.gz|" exp/tri4a/14.12.acc 
# Started at Mon Dec  7 01:59:15 UTC 2020
#
gmm-acc-stats-ali exp/tri4a/14.mdl 'ark,s,cs:apply-cmvn  --utt2spk=ark:data/train/split32/12/utt2spk scp:data/train/split32/12/cmvn.scp scp:data/train/split32/12/feats.scp ark:- | splice-feats  ark:- ark:- | transform-feats exp/tri3a_ali/final.mat ark:- ark:- | transform-feats --utt2spk=ark:data/train/split32/12/utt2spk ark:exp/tri4a/trans.12 ark:- ark:- |' 'ark,s,cs:gunzip -c exp/tri4a/ali.12.gz|' exp/tri4a/14.12.acc 
transform-feats exp/tri3a_ali/final.mat ark:- ark:- 
apply-cmvn --utt2spk=ark:data/train/split32/12/utt2spk scp:data/train/split32/12/cmvn.scp scp:data/train/split32/12/feats.scp ark:- 
splice-feats ark:- ark:- 
transform-feats --utt2spk=ark:data/train/split32/12/utt2spk ark:exp/tri4a/trans.12 ark:- ark:- 
LOG (gmm-acc-stats-ali[5.5.0~1-40c7]:main():gmm-acc-stats-ali.cc:105) Processed 50 utterances; for utterance 3830-12530-0043 avg. like is -53.4365 over 2138 frames.
LOG (gmm-acc-stats-ali[5.5.0~1-40c7]:main():gmm-acc-stats-ali.cc:105) Processed 100 utterances; for utterance 3830-12535-0015 avg. like is -50.4148 over 1942 frames.
LOG (apply-cmvn[5.5.0~1-40c7]:main():apply-cmvn.cc:162) Applied cepstral mean normalization to 118 utterances, errors on 0
LOG (transform-feats[5.5.0~1-40c7]:main():transform-feats.cc:158) Overall average [pseudo-]logdet is -100.497 over 207921 frames.
LOG (transform-feats[5.5.0~1-40c7]:main():transform-feats.cc:161) Applied transform to 118 utterances; 0 had errors.
LOG (transform-feats[5.5.0~1-40c7]:main():transform-feats.cc:158) Overall average logdet is 3.55945 over 207921 frames.
LOG (transform-feats[5.5.0~1-40c7]:main():transform-feats.cc:161) Applied transform to 118 utterances; 0 had errors.
LOG (gmm-acc-stats-ali[5.5.0~1-40c7]:main():gmm-acc-stats-ali.cc:112) Done 118 files, 0 with errors.
LOG (gmm-acc-stats-ali[5.5.0~1-40c7]:main():gmm-acc-stats-ali.cc:115) Overall avg like per frame (Gaussian only) = -52.3113 over 207921 frames.
LOG (gmm-acc-stats-ali[5.5.0~1-40c7]:main():gmm-acc-stats-ali.cc:123) Written accs.
# Accounting: time=1 threads=1
# Ended (code 0) at Mon Dec  7 01:59:16 UTC 2020, elapsed time 1 seconds
