# gmm-acc-stats-ali exp/tri4a/7.mdl "ark,s,cs:apply-cmvn  --utt2spk=ark:data/train/split32/22/utt2spk scp:data/train/split32/22/cmvn.scp scp:data/train/split32/22/feats.scp ark:- | splice-feats  ark:- ark:- | transform-feats exp/tri3a_ali/final.mat ark:- ark:- | transform-feats --utt2spk=ark:data/train/split32/22/utt2spk ark:exp/tri4a/trans.22 ark:- ark:- |" "ark,s,cs:gunzip -c exp/tri4a/ali.22.gz|" exp/tri4a/7.22.acc 
# Started at Mon Dec  7 01:56:27 UTC 2020
#
gmm-acc-stats-ali exp/tri4a/7.mdl 'ark,s,cs:apply-cmvn  --utt2spk=ark:data/train/split32/22/utt2spk scp:data/train/split32/22/cmvn.scp scp:data/train/split32/22/feats.scp ark:- | splice-feats  ark:- ark:- | transform-feats exp/tri3a_ali/final.mat ark:- ark:- | transform-feats --utt2spk=ark:data/train/split32/22/utt2spk ark:exp/tri4a/trans.22 ark:- ark:- |' 'ark,s,cs:gunzip -c exp/tri4a/ali.22.gz|' exp/tri4a/7.22.acc 
apply-cmvn --utt2spk=ark:data/train/split32/22/utt2spk scp:data/train/split32/22/cmvn.scp scp:data/train/split32/22/feats.scp ark:- 
splice-feats ark:- ark:- 
transform-feats --utt2spk=ark:data/train/split32/22/utt2spk ark:exp/tri4a/trans.22 ark:- ark:- 
transform-feats exp/tri3a_ali/final.mat ark:- ark:- 
LOG (gmm-acc-stats-ali[5.5.0~1-40c7]:main():gmm-acc-stats-ali.cc:105) Processed 50 utterances; for utterance 6272-70171-0014 avg. like is -50.2134 over 1775 frames.
LOG (gmm-acc-stats-ali[5.5.0~1-40c7]:main():gmm-acc-stats-ali.cc:105) Processed 100 utterances; for utterance 6272-70191-0022 avg. like is -51.7973 over 1114 frames.
LOG (apply-cmvn[5.5.0~1-40c7]:main():apply-cmvn.cc:162) Applied cepstral mean normalization to 115 utterances, errors on 0
LOG (transform-feats[5.5.0~1-40c7]:main():transform-feats.cc:158) Overall average [pseudo-]logdet is -100.497 over 208913 frames.
LOG (transform-feats[5.5.0~1-40c7]:main():transform-feats.cc:161) Applied transform to 115 utterances; 0 had errors.
LOG (transform-feats[5.5.0~1-40c7]:main():transform-feats.cc:158) Overall average logdet is 3.60849 over 208913 frames.
LOG (transform-feats[5.5.0~1-40c7]:main():transform-feats.cc:161) Applied transform to 115 utterances; 0 had errors.
LOG (gmm-acc-stats-ali[5.5.0~1-40c7]:main():gmm-acc-stats-ali.cc:112) Done 115 files, 0 with errors.
LOG (gmm-acc-stats-ali[5.5.0~1-40c7]:main():gmm-acc-stats-ali.cc:115) Overall avg like per frame (Gaussian only) = -50.9059 over 208913 frames.
LOG (gmm-acc-stats-ali[5.5.0~1-40c7]:main():gmm-acc-stats-ali.cc:123) Written accs.
# Accounting: time=1 threads=1
# Ended (code 0) at Mon Dec  7 01:56:29 UTC 2020, elapsed time 1 seconds
