# gmm-acc-stats-ali exp/tri4a/21.mdl "ark,s,cs:apply-cmvn  --utt2spk=ark:data/train/split32/24/utt2spk scp:data/train/split32/24/cmvn.scp scp:data/train/split32/24/feats.scp ark:- | splice-feats  ark:- ark:- | transform-feats exp/tri3a_ali/final.mat ark:- ark:- | transform-feats --utt2spk=ark:data/train/split32/24/utt2spk ark:exp/tri4a/trans.24 ark:- ark:- |" "ark,s,cs:gunzip -c exp/tri4a/ali.24.gz|" exp/tri4a/21.24.acc 
# Started at Mon Dec  7 02:01:50 UTC 2020
#
gmm-acc-stats-ali exp/tri4a/21.mdl 'ark,s,cs:apply-cmvn  --utt2spk=ark:data/train/split32/24/utt2spk scp:data/train/split32/24/cmvn.scp scp:data/train/split32/24/feats.scp ark:- | splice-feats  ark:- ark:- | transform-feats exp/tri3a_ali/final.mat ark:- ark:- | transform-feats --utt2spk=ark:data/train/split32/24/utt2spk ark:exp/tri4a/trans.24 ark:- ark:- |' 'ark,s,cs:gunzip -c exp/tri4a/ali.24.gz|' exp/tri4a/21.24.acc 
transform-feats exp/tri3a_ali/final.mat ark:- ark:- 
apply-cmvn --utt2spk=ark:data/train/split32/24/utt2spk scp:data/train/split32/24/cmvn.scp scp:data/train/split32/24/feats.scp ark:- 
splice-feats ark:- ark:- 
transform-feats --utt2spk=ark:data/train/split32/24/utt2spk ark:exp/tri4a/trans.24 ark:- ark:- 
LOG (gmm-acc-stats-ali[5.5.0~1-40c7]:main():gmm-acc-stats-ali.cc:105) Processed 50 utterances; for utterance 7226-86964-0049 avg. like is -50.582 over 1883 frames.
LOG (gmm-acc-stats-ali[5.5.0~1-40c7]:main():gmm-acc-stats-ali.cc:105) Processed 100 utterances; for utterance 7226-86965-0038 avg. like is -47.9011 over 2164 frames.
LOG (apply-cmvn[5.5.0~1-40c7]:main():apply-cmvn.cc:162) Applied cepstral mean normalization to 137 utterances, errors on 0
LOG (transform-feats[5.5.0~1-40c7]:main():transform-feats.cc:158) Overall average [pseudo-]logdet is -100.497 over 262301 frames.
LOG (transform-feats[5.5.0~1-40c7]:main():transform-feats.cc:161) Applied transform to 137 utterances; 0 had errors.
LOG (transform-feats[5.5.0~1-40c7]:main():transform-feats.cc:158) Overall average logdet is 0.997286 over 262301 frames.
LOG (transform-feats[5.5.0~1-40c7]:main():transform-feats.cc:161) Applied transform to 137 utterances; 0 had errors.
LOG (gmm-acc-stats-ali[5.5.0~1-40c7]:main():gmm-acc-stats-ali.cc:112) Done 137 files, 0 with errors.
LOG (gmm-acc-stats-ali[5.5.0~1-40c7]:main():gmm-acc-stats-ali.cc:115) Overall avg like per frame (Gaussian only) = -49.8448 over 262301 frames.
LOG (gmm-acc-stats-ali[5.5.0~1-40c7]:main():gmm-acc-stats-ali.cc:123) Written accs.
# Accounting: time=3 threads=1
# Ended (code 0) at Mon Dec  7 02:01:53 UTC 2020, elapsed time 3 seconds
