# gmm-acc-stats-ali exp/tri4a/8.mdl "ark,s,cs:apply-cmvn  --utt2spk=ark:data/train/split32/7/utt2spk scp:data/train/split32/7/cmvn.scp scp:data/train/split32/7/feats.scp ark:- | splice-feats  ark:- ark:- | transform-feats exp/tri3a_ali/final.mat ark:- ark:- | transform-feats --utt2spk=ark:data/train/split32/7/utt2spk ark:exp/tri4a/trans.7 ark:- ark:- |" "ark,s,cs:gunzip -c exp/tri4a/ali.7.gz|" exp/tri4a/8.7.acc 
# Started at Mon Dec  7 01:56:35 UTC 2020
#
gmm-acc-stats-ali exp/tri4a/8.mdl 'ark,s,cs:apply-cmvn  --utt2spk=ark:data/train/split32/7/utt2spk scp:data/train/split32/7/cmvn.scp scp:data/train/split32/7/feats.scp ark:- | splice-feats  ark:- ark:- | transform-feats exp/tri3a_ali/final.mat ark:- ark:- | transform-feats --utt2spk=ark:data/train/split32/7/utt2spk ark:exp/tri4a/trans.7 ark:- ark:- |' 'ark,s,cs:gunzip -c exp/tri4a/ali.7.gz|' exp/tri4a/8.7.acc 
apply-cmvn --utt2spk=ark:data/train/split32/7/utt2spk scp:data/train/split32/7/cmvn.scp scp:data/train/split32/7/feats.scp ark:- 
splice-feats ark:- ark:- 
transform-feats exp/tri3a_ali/final.mat ark:- ark:- 
transform-feats --utt2spk=ark:data/train/split32/7/utt2spk ark:exp/tri4a/trans.7 ark:- ark:- 
LOG (gmm-acc-stats-ali[5.5.0~1-40c7]:main():gmm-acc-stats-ali.cc:105) Processed 50 utterances; for utterance 302-123516-0011 avg. like is -52.4108 over 1801 frames.
LOG (gmm-acc-stats-ali[5.5.0~1-40c7]:main():gmm-acc-stats-ali.cc:105) Processed 100 utterances; for utterance 302-123523-0025 avg. like is -53.2106 over 2390 frames.
LOG (apply-cmvn[5.5.0~1-40c7]:main():apply-cmvn.cc:162) Applied cepstral mean normalization to 113 utterances, errors on 0
LOG (transform-feats[5.5.0~1-40c7]:main():transform-feats.cc:158) Overall average [pseudo-]logdet is -100.497 over 210370 frames.
LOG (transform-feats[5.5.0~1-40c7]:main():transform-feats.cc:161) Applied transform to 113 utterances; 0 had errors.
LOG (transform-feats[5.5.0~1-40c7]:main():transform-feats.cc:158) Overall average logdet is -2.6162 over 210370 frames.
LOG (transform-feats[5.5.0~1-40c7]:main():transform-feats.cc:161) Applied transform to 113 utterances; 0 had errors.
LOG (gmm-acc-stats-ali[5.5.0~1-40c7]:main():gmm-acc-stats-ali.cc:112) Done 113 files, 0 with errors.
LOG (gmm-acc-stats-ali[5.5.0~1-40c7]:main():gmm-acc-stats-ali.cc:115) Overall avg like per frame (Gaussian only) = -54.9535 over 210370 frames.
LOG (gmm-acc-stats-ali[5.5.0~1-40c7]:main():gmm-acc-stats-ali.cc:123) Written accs.
# Accounting: time=2 threads=1
# Ended (code 0) at Mon Dec  7 01:56:37 UTC 2020, elapsed time 2 seconds
