# ali-to-post "ark:gunzip -c exp/tri4a/ali.29.gz|" ark:- | gmm-acc-stats-twofeats exp/tri4a/35.mdl "ark,s,cs:apply-cmvn  --utt2spk=ark:data/train/split32/29/utt2spk scp:data/train/split32/29/cmvn.scp scp:data/train/split32/29/feats.scp ark:- | splice-feats  ark:- ark:- | transform-feats exp/tri3a_ali/final.mat ark:- ark:- | transform-feats --utt2spk=ark:data/train/split32/29/utt2spk ark:exp/tri4a/trans.29 ark:- ark:- |" "ark,s,cs:apply-cmvn  --utt2spk=ark:data/train/split32/29/utt2spk scp:data/train/split32/29/cmvn.scp scp:data/train/split32/29/feats.scp ark:- | splice-feats  ark:- ark:- | transform-feats exp/tri3a_ali/final.mat ark:- ark:- |" ark,s,cs:- exp/tri4a/35.29.acc 
# Started at Mon Dec  7 02:06:44 UTC 2020
#
ali-to-post 'ark:gunzip -c exp/tri4a/ali.29.gz|' ark:- 
gmm-acc-stats-twofeats exp/tri4a/35.mdl 'ark,s,cs:apply-cmvn  --utt2spk=ark:data/train/split32/29/utt2spk scp:data/train/split32/29/cmvn.scp scp:data/train/split32/29/feats.scp ark:- | splice-feats  ark:- ark:- | transform-feats exp/tri3a_ali/final.mat ark:- ark:- | transform-feats --utt2spk=ark:data/train/split32/29/utt2spk ark:exp/tri4a/trans.29 ark:- ark:- |' 'ark,s,cs:apply-cmvn  --utt2spk=ark:data/train/split32/29/utt2spk scp:data/train/split32/29/cmvn.scp scp:data/train/split32/29/feats.scp ark:- | splice-feats  ark:- ark:- | transform-feats exp/tri3a_ali/final.mat ark:- ark:- |' ark,s,cs:- exp/tri4a/35.29.acc 
transform-feats exp/tri3a_ali/final.mat ark:- ark:- 
apply-cmvn --utt2spk=ark:data/train/split32/29/utt2spk scp:data/train/split32/29/cmvn.scp scp:data/train/split32/29/feats.scp ark:- 
splice-feats ark:- ark:- 
transform-feats --utt2spk=ark:data/train/split32/29/utt2spk ark:exp/tri4a/trans.29 ark:- ark:- 
transform-feats exp/tri3a_ali/final.mat ark:- ark:- 
splice-feats ark:- ark:- 
apply-cmvn --utt2spk=ark:data/train/split32/29/utt2spk scp:data/train/split32/29/cmvn.scp scp:data/train/split32/29/feats.scp ark:- 
LOG (gmm-acc-stats-twofeats[5.5.0~1-40c7]:main():gmm-acc-stats-twofeats.cc:140) Average like for this file is -52.1168 over 1928 frames.
LOG (gmm-acc-stats-twofeats[5.5.0~1-40c7]:main():gmm-acc-stats-twofeats.cc:140) Average like for this file is -50.8279 over 2225 frames.
LOG (gmm-acc-stats-twofeats[5.5.0~1-40c7]:main():gmm-acc-stats-twofeats.cc:140) Average like for this file is -48.6576 over 1472 frames.
LOG (gmm-acc-stats-twofeats[5.5.0~1-40c7]:main():gmm-acc-stats-twofeats.cc:140) Average like for this file is -50.8414 over 1250 frames.
LOG (gmm-acc-stats-twofeats[5.5.0~1-40c7]:main():gmm-acc-stats-twofeats.cc:140) Average like for this file is -49.6463 over 2145 frames.
LOG (gmm-acc-stats-twofeats[5.5.0~1-40c7]:main():gmm-acc-stats-twofeats.cc:140) Average like for this file is -49.6643 over 2477 frames.
LOG (gmm-acc-stats-twofeats[5.5.0~1-40c7]:main():gmm-acc-stats-twofeats.cc:140) Average like for this file is -49.1085 over 2162 frames.
LOG (gmm-acc-stats-twofeats[5.5.0~1-40c7]:main():gmm-acc-stats-twofeats.cc:140) Average like for this file is -48.9254 over 2054 frames.
LOG (gmm-acc-stats-twofeats[5.5.0~1-40c7]:main():gmm-acc-stats-twofeats.cc:140) Average like for this file is -47.423 over 2097 frames.
LOG (gmm-acc-stats-twofeats[5.5.0~1-40c7]:main():gmm-acc-stats-twofeats.cc:140) Average like for this file is -50.8707 over 2358 frames.
LOG (gmm-acc-stats-twofeats[5.5.0~1-40c7]:main():gmm-acc-stats-twofeats.cc:146) Avg like per frame so far is -49.7979
LOG (gmm-acc-stats-twofeats[5.5.0~1-40c7]:main():gmm-acc-stats-twofeats.cc:140) Average like for this file is -49.1352 over 1257 frames.
LOG (gmm-acc-stats-twofeats[5.5.0~1-40c7]:main():gmm-acc-stats-twofeats.cc:140) Average like for this file is -45.9685 over 1150 frames.
LOG (gmm-acc-stats-twofeats[5.5.0~1-40c7]:main():gmm-acc-stats-twofeats.cc:140) Average like for this file is -48.9863 over 1986 frames.
LOG (gmm-acc-stats-twofeats[5.5.0~1-40c7]:main():gmm-acc-stats-twofeats.cc:140) Average like for this file is -47.8148 over 1959 frames.
LOG (gmm-acc-stats-twofeats[5.5.0~1-40c7]:main():gmm-acc-stats-twofeats.cc:140) Average like for this file is -49.0183 over 2114 frames.
LOG (gmm-acc-stats-twofeats[5.5.0~1-40c7]:main():gmm-acc-stats-twofeats.cc:140) Average like for this file is -47.343 over 1894 frames.
LOG (gmm-acc-stats-twofeats[5.5.0~1-40c7]:main():gmm-acc-stats-twofeats.cc:140) Average like for this file is -46.3737 over 1770 frames.
LOG (gmm-acc-stats-twofeats[5.5.0~1-40c7]:main():gmm-acc-stats-twofeats.cc:140) Average like for this file is -49.215 over 1915 frames.
LOG (gmm-acc-stats-twofeats[5.5.0~1-40c7]:main():gmm-acc-stats-twofeats.cc:140) Average like for this file is -48.3573 over 454 frames.
LOG (gmm-acc-stats-twofeats[5.5.0~1-40c7]:main():gmm-acc-stats-twofeats.cc:140) Average like for this file is -47.0245 over 1323 frames.
LOG (gmm-acc-stats-twofeats[5.5.0~1-40c7]:main():gmm-acc-stats-twofeats.cc:146) Avg like per frame so far is -49.0051
LOG (gmm-acc-stats-twofeats[5.5.0~1-40c7]:main():gmm-acc-stats-twofeats.cc:140) Average like for this file is -48.1899 over 288 frames.
LOG (gmm-acc-stats-twofeats[5.5.0~1-40c7]:main():gmm-acc-stats-twofeats.cc:140) Average like for this file is -48.6351 over 2128 frames.
LOG (gmm-acc-stats-twofeats[5.5.0~1-40c7]:main():gmm-acc-stats-twofeats.cc:140) Average like for this file is -49.1759 over 1901 frames.
LOG (gmm-acc-stats-twofeats[5.5.0~1-40c7]:main():gmm-acc-stats-twofeats.cc:140) Average like for this file is -45.8928 over 1805 frames.
LOG (gmm-acc-stats-twofeats[5.5.0~1-40c7]:main():gmm-acc-stats-twofeats.cc:140) Average like for this file is -48.986 over 2127 frames.
LOG (gmm-acc-stats-twofeats[5.5.0~1-40c7]:main():gmm-acc-stats-twofeats.cc:140) Average like for this file is -47.5049 over 1614 frames.
LOG (gmm-acc-stats-twofeats[5.5.0~1-40c7]:main():gmm-acc-stats-twofeats.cc:140) Average like for this file is -48.6902 over 1891 frames.
LOG (gmm-acc-stats-twofeats[5.5.0~1-40c7]:main():gmm-acc-stats-twofeats.cc:140) Average like for this file is -46.3016 over 1503 frames.
LOG (gmm-acc-stats-twofeats[5.5.0~1-40c7]:main():gmm-acc-stats-twofeats.cc:140) Average like for this file is -45.8979 over 1833 frames.
LOG (gmm-acc-stats-twofeats[5.5.0~1-40c7]:main():gmm-acc-stats-twofeats.cc:140) Average like for this file is -49.5147 over 2087 frames.
LOG (gmm-acc-stats-twofeats[5.5.0~1-40c7]:main():gmm-acc-stats-twofeats.cc:146) Avg like per frame so far is -48.6653
LOG (gmm-acc-stats-twofeats[5.5.0~1-40c7]:main():gmm-acc-stats-twofeats.cc:140) Average like for this file is -45.4014 over 346 frames.
LOG (gmm-acc-stats-twofeats[5.5.0~1-40c7]:main():gmm-acc-stats-twofeats.cc:140) Average like for this file is -49.6597 over 2011 frames.
LOG (gmm-acc-stats-twofeats[5.5.0~1-40c7]:main():gmm-acc-stats-twofeats.cc:140) Average like for this file is -52.5199 over 694 frames.
LOG (gmm-acc-stats-twofeats[5.5.0~1-40c7]:main():gmm-acc-stats-twofeats.cc:140) Average like for this file is -48.9818 over 2177 frames.
LOG (gmm-acc-stats-twofeats[5.5.0~1-40c7]:main():gmm-acc-stats-twofeats.cc:140) Average like for this file is -49.59 over 2117 frames.
LOG (gmm-acc-stats-twofeats[5.5.0~1-40c7]:main():gmm-acc-stats-twofeats.cc:140) Average like for this file is -51.4797 over 2037 frames.
LOG (gmm-acc-stats-twofeats[5.5.0~1-40c7]:main():gmm-acc-stats-twofeats.cc:140) Average like for this file is -46.3036 over 1858 frames.
LOG (gmm-acc-stats-twofeats[5.5.0~1-40c7]:main():gmm-acc-stats-twofeats.cc:140) Average like for this file is -47.2563 over 590 frames.
LOG (gmm-acc-stats-twofeats[5.5.0~1-40c7]:main():gmm-acc-stats-twofeats.cc:140) Average like for this file is -49.6427 over 1977 frames.
LOG (gmm-acc-stats-twofeats[5.5.0~1-40c7]:main():gmm-acc-stats-twofeats.cc:140) Average like for this file is -56.3227 over 697 frames.
LOG (gmm-acc-stats-twofeats[5.5.0~1-40c7]:main():gmm-acc-stats-twofeats.cc:146) Avg like per frame so far is -48.8718
LOG (gmm-acc-stats-twofeats[5.5.0~1-40c7]:main():gmm-acc-stats-twofeats.cc:140) Average like for this file is -49.5423 over 1860 frames.
LOG (gmm-acc-stats-twofeats[5.5.0~1-40c7]:main():gmm-acc-stats-twofeats.cc:140) Average like for this file is -47.7497 over 2003 frames.
LOG (gmm-acc-stats-twofeats[5.5.0~1-40c7]:main():gmm-acc-stats-twofeats.cc:140) Average like for this file is -48.0594 over 2011 frames.
LOG (gmm-acc-stats-twofeats[5.5.0~1-40c7]:main():gmm-acc-stats-twofeats.cc:140) Average like for this file is -47.4858 over 1803 frames.
LOG (gmm-acc-stats-twofeats[5.5.0~1-40c7]:main():gmm-acc-stats-twofeats.cc:140) Average like for this file is -50.0662 over 2067 frames.
LOG (gmm-acc-stats-twofeats[5.5.0~1-40c7]:main():gmm-acc-stats-twofeats.cc:140) Average like for this file is -50.2348 over 1886 frames.
LOG (gmm-acc-stats-twofeats[5.5.0~1-40c7]:main():gmm-acc-stats-twofeats.cc:140) Average like for this file is -48.5901 over 1632 frames.
LOG (gmm-acc-stats-twofeats[5.5.0~1-40c7]:main():gmm-acc-stats-twofeats.cc:140) Average like for this file is -47.9667 over 1482 frames.
LOG (gmm-acc-stats-twofeats[5.5.0~1-40c7]:main():gmm-acc-stats-twofeats.cc:140) Average like for this file is -50.5038 over 865 frames.
LOG (gmm-acc-stats-twofeats[5.5.0~1-40c7]:main():gmm-acc-stats-twofeats.cc:140) Average like for this file is -47.7691 over 1945 frames.
LOG (gmm-acc-stats-twofeats[5.5.0~1-40c7]:main():gmm-acc-stats-twofeats.cc:146) Avg like per frame so far is -48.841
LOG (gmm-acc-stats-twofeats[5.5.0~1-40c7]:main():gmm-acc-stats-twofeats.cc:140) Average like for this file is -47.9906 over 2052 frames.
LOG (gmm-acc-stats-twofeats[5.5.0~1-40c7]:main():gmm-acc-stats-twofeats.cc:140) Average like for this file is -45.476 over 1647 frames.
LOG (gmm-acc-stats-twofeats[5.5.0~1-40c7]:main():gmm-acc-stats-twofeats.cc:140) Average like for this file is -49.6031 over 2138 frames.
LOG (gmm-acc-stats-twofeats[5.5.0~1-40c7]:main():gmm-acc-stats-twofeats.cc:140) Average like for this file is -49.4535 over 1102 frames.
LOG (gmm-acc-stats-twofeats[5.5.0~1-40c7]:main():gmm-acc-stats-twofeats.cc:140) Average like for this file is -49.1729 over 564 frames.
LOG (gmm-acc-stats-twofeats[5.5.0~1-40c7]:main():gmm-acc-stats-twofeats.cc:140) Average like for this file is -48.8029 over 1965 frames.
LOG (gmm-acc-stats-twofeats[5.5.0~1-40c7]:main():gmm-acc-stats-twofeats.cc:140) Average like for this file is -51.5355 over 530 frames.
LOG (gmm-acc-stats-twofeats[5.5.0~1-40c7]:main():gmm-acc-stats-twofeats.cc:140) Average like for this file is -50.7999 over 1975 frames.
LOG (gmm-acc-stats-twofeats[5.5.0~1-40c7]:main():gmm-acc-stats-twofeats.cc:140) Average like for this file is -50.4057 over 2218 frames.
LOG (gmm-acc-stats-twofeats[5.5.0~1-40c7]:main():gmm-acc-stats-twofeats.cc:140) Average like for this file is -53.0005 over 597 frames.
LOG (gmm-acc-stats-twofeats[5.5.0~1-40c7]:main():gmm-acc-stats-twofeats.cc:146) Avg like per frame so far is -48.9048
LOG (gmm-acc-stats-twofeats[5.5.0~1-40c7]:main():gmm-acc-stats-twofeats.cc:140) Average like for this file is -47.9439 over 1984 frames.
LOG (gmm-acc-stats-twofeats[5.5.0~1-40c7]:main():gmm-acc-stats-twofeats.cc:140) Average like for this file is -48.0836 over 1913 frames.
LOG (gmm-acc-stats-twofeats[5.5.0~1-40c7]:main():gmm-acc-stats-twofeats.cc:140) Average like for this file is -46.3067 over 1848 frames.
LOG (gmm-acc-stats-twofeats[5.5.0~1-40c7]:main():gmm-acc-stats-twofeats.cc:140) Average like for this file is -49.0979 over 2210 frames.
LOG (gmm-acc-stats-twofeats[5.5.0~1-40c7]:main():gmm-acc-stats-twofeats.cc:140) Average like for this file is -49.2975 over 1141 frames.
LOG (gmm-acc-stats-twofeats[5.5.0~1-40c7]:main():gmm-acc-stats-twofeats.cc:140) Average like for this file is -48.1837 over 2147 frames.
LOG (gmm-acc-stats-twofeats[5.5.0~1-40c7]:main():gmm-acc-stats-twofeats.cc:140) Average like for this file is -48.1812 over 2061 frames.
LOG (gmm-acc-stats-twofeats[5.5.0~1-40c7]:main():gmm-acc-stats-twofeats.cc:140) Average like for this file is -46.8686 over 1735 frames.
LOG (gmm-acc-stats-twofeats[5.5.0~1-40c7]:main():gmm-acc-stats-twofeats.cc:140) Average like for this file is -48.881 over 2143 frames.
LOG (gmm-acc-stats-twofeats[5.5.0~1-40c7]:main():gmm-acc-stats-twofeats.cc:140) Average like for this file is -48.6553 over 1699 frames.
LOG (gmm-acc-stats-twofeats[5.5.0~1-40c7]:main():gmm-acc-stats-twofeats.cc:146) Avg like per frame so far is -48.7832
LOG (gmm-acc-stats-twofeats[5.5.0~1-40c7]:main():gmm-acc-stats-twofeats.cc:140) Average like for this file is -48.7942 over 2179 frames.
LOG (gmm-acc-stats-twofeats[5.5.0~1-40c7]:main():gmm-acc-stats-twofeats.cc:140) Average like for this file is -47.892 over 1799 frames.
LOG (gmm-acc-stats-twofeats[5.5.0~1-40c7]:main():gmm-acc-stats-twofeats.cc:140) Average like for this file is -47.728 over 1978 frames.
LOG (gmm-acc-stats-twofeats[5.5.0~1-40c7]:main():gmm-acc-stats-twofeats.cc:140) Average like for this file is -46.9596 over 2105 frames.
LOG (gmm-acc-stats-twofeats[5.5.0~1-40c7]:main():gmm-acc-stats-twofeats.cc:140) Average like for this file is -46.1458 over 1665 frames.
LOG (gmm-acc-stats-twofeats[5.5.0~1-40c7]:main():gmm-acc-stats-twofeats.cc:140) Average like for this file is -49.9075 over 2219 frames.
LOG (gmm-acc-stats-twofeats[5.5.0~1-40c7]:main():gmm-acc-stats-twofeats.cc:140) Average like for this file is -46.3004 over 1480 frames.
LOG (gmm-acc-stats-twofeats[5.5.0~1-40c7]:main():gmm-acc-stats-twofeats.cc:140) Average like for this file is -46.2888 over 1033 frames.
LOG (gmm-acc-stats-twofeats[5.5.0~1-40c7]:main():gmm-acc-stats-twofeats.cc:140) Average like for this file is -45.6965 over 2113 frames.
LOG (gmm-acc-stats-twofeats[5.5.0~1-40c7]:main():gmm-acc-stats-twofeats.cc:140) Average like for this file is -47.8241 over 2067 frames.
LOG (gmm-acc-stats-twofeats[5.5.0~1-40c7]:main():gmm-acc-stats-twofeats.cc:146) Avg like per frame so far is -48.6076
LOG (gmm-acc-stats-twofeats[5.5.0~1-40c7]:main():gmm-acc-stats-twofeats.cc:140) Average like for this file is -48.1378 over 2183 frames.
LOG (gmm-acc-stats-twofeats[5.5.0~1-40c7]:main():gmm-acc-stats-twofeats.cc:140) Average like for this file is -49.0599 over 1875 frames.
LOG (gmm-acc-stats-twofeats[5.5.0~1-40c7]:main():gmm-acc-stats-twofeats.cc:140) Average like for this file is -49.3742 over 2107 frames.
LOG (gmm-acc-stats-twofeats[5.5.0~1-40c7]:main():gmm-acc-stats-twofeats.cc:140) Average like for this file is -49.3292 over 296 frames.
LOG (gmm-acc-stats-twofeats[5.5.0~1-40c7]:main():gmm-acc-stats-twofeats.cc:140) Average like for this file is -50.0788 over 1837 frames.
LOG (gmm-acc-stats-twofeats[5.5.0~1-40c7]:main():gmm-acc-stats-twofeats.cc:140) Average like for this file is -48.8975 over 2122 frames.
LOG (gmm-acc-stats-twofeats[5.5.0~1-40c7]:main():gmm-acc-stats-twofeats.cc:140) Average like for this file is -47.6146 over 1606 frames.
LOG (gmm-acc-stats-twofeats[5.5.0~1-40c7]:main():gmm-acc-stats-twofeats.cc:140) Average like for this file is -49.087 over 2284 frames.
LOG (gmm-acc-stats-twofeats[5.5.0~1-40c7]:main():gmm-acc-stats-twofeats.cc:140) Average like for this file is -47.5856 over 1906 frames.
LOG (gmm-acc-stats-twofeats[5.5.0~1-40c7]:main():gmm-acc-stats-twofeats.cc:140) Average like for this file is -48.954 over 1948 frames.
LOG (gmm-acc-stats-twofeats[5.5.0~1-40c7]:main():gmm-acc-stats-twofeats.cc:146) Avg like per frame so far is -48.6281
LOG (gmm-acc-stats-twofeats[5.5.0~1-40c7]:main():gmm-acc-stats-twofeats.cc:140) Average like for this file is -49.178 over 2174 frames.
LOG (gmm-acc-stats-twofeats[5.5.0~1-40c7]:main():gmm-acc-stats-twofeats.cc:140) Average like for this file is -49.2291 over 2330 frames.
LOG (gmm-acc-stats-twofeats[5.5.0~1-40c7]:main():gmm-acc-stats-twofeats.cc:140) Average like for this file is -48.5212 over 1851 frames.
LOG (gmm-acc-stats-twofeats[5.5.0~1-40c7]:main():gmm-acc-stats-twofeats.cc:140) Average like for this file is -48.993 over 2224 frames.
LOG (gmm-acc-stats-twofeats[5.5.0~1-40c7]:main():gmm-acc-stats-twofeats.cc:140) Average like for this file is -50.1722 over 2128 frames.
LOG (gmm-acc-stats-twofeats[5.5.0~1-40c7]:main():gmm-acc-stats-twofeats.cc:140) Average like for this file is -49.8831 over 1836 frames.
LOG (gmm-acc-stats-twofeats[5.5.0~1-40c7]:main():gmm-acc-stats-twofeats.cc:140) Average like for this file is -51.1023 over 1525 frames.
LOG (gmm-acc-stats-twofeats[5.5.0~1-40c7]:main():gmm-acc-stats-twofeats.cc:140) Average like for this file is -48.0368 over 2122 frames.
LOG (gmm-acc-stats-twofeats[5.5.0~1-40c7]:main():gmm-acc-stats-twofeats.cc:140) Average like for this file is -48.0883 over 1718 frames.
LOG (gmm-acc-stats-twofeats[5.5.0~1-40c7]:main():gmm-acc-stats-twofeats.cc:140) Average like for this file is -49.5372 over 1994 frames.
LOG (gmm-acc-stats-twofeats[5.5.0~1-40c7]:main():gmm-acc-stats-twofeats.cc:146) Avg like per frame so far is -48.6976
LOG (gmm-acc-stats-twofeats[5.5.0~1-40c7]:main():gmm-acc-stats-twofeats.cc:140) Average like for this file is -49.5692 over 1708 frames.
LOG (gmm-acc-stats-twofeats[5.5.0~1-40c7]:main():gmm-acc-stats-twofeats.cc:140) Average like for this file is -46.2564 over 388 frames.
LOG (gmm-acc-stats-twofeats[5.5.0~1-40c7]:main():gmm-acc-stats-twofeats.cc:140) Average like for this file is -44.0715 over 671 frames.
LOG (gmm-acc-stats-twofeats[5.5.0~1-40c7]:main():gmm-acc-stats-twofeats.cc:140) Average like for this file is -46.4707 over 1653 frames.
LOG (gmm-acc-stats-twofeats[5.5.0~1-40c7]:main():gmm-acc-stats-twofeats.cc:140) Average like for this file is -48.6856 over 2152 frames.
LOG (apply-cmvn[5.5.0~1-40c7]:main():apply-cmvn.cc:162) Applied cepstral mean normalization to 110 utterances, errors on 0
LOG (gmm-acc-stats-twofeats[5.5.0~1-40c7]:main():gmm-acc-stats-twofeats.cc:140) Average like for this file is -48.0277 over 2019 frames.
LOG (apply-cmvn[5.5.0~1-40c7]:main():apply-cmvn.cc:162) Applied cepstral mean normalization to 110 utterances, errors on 0
LOG (ali-to-post[5.5.0~1-40c7]:main():ali-to-post.cc:73) Converted 110 alignments.
LOG (gmm-acc-stats-twofeats[5.5.0~1-40c7]:main():gmm-acc-stats-twofeats.cc:140) Average like for this file is -47.0676 over 2077 frames.
LOG (gmm-acc-stats-twofeats[5.5.0~1-40c7]:main():gmm-acc-stats-twofeats.cc:140) Average like for this file is -48.234 over 1887 frames.
LOG (transform-feats[5.5.0~1-40c7]:main():transform-feats.cc:158) Overall average [pseudo-]logdet is -100.497 over 190554 frames.
LOG (transform-feats[5.5.0~1-40c7]:main():transform-feats.cc:161) Applied transform to 110 utterances; 0 had errors.
LOG (gmm-acc-stats-twofeats[5.5.0~1-40c7]:main():gmm-acc-stats-twofeats.cc:140) Average like for this file is -48.6242 over 1942 frames.
LOG (transform-feats[5.5.0~1-40c7]:main():transform-feats.cc:158) Overall average logdet is 2.94112 over 190554 frames.
LOG (transform-feats[5.5.0~1-40c7]:main():transform-feats.cc:161) Applied transform to 110 utterances; 0 had errors.
LOG (transform-feats[5.5.0~1-40c7]:main():transform-feats.cc:158) Overall average [pseudo-]logdet is -100.497 over 190554 frames.
LOG (transform-feats[5.5.0~1-40c7]:main():transform-feats.cc:161) Applied transform to 110 utterances; 0 had errors.
LOG (gmm-acc-stats-twofeats[5.5.0~1-40c7]:main():gmm-acc-stats-twofeats.cc:140) Average like for this file is -46.6666 over 459 frames.
LOG (gmm-acc-stats-twofeats[5.5.0~1-40c7]:main():gmm-acc-stats-twofeats.cc:146) Avg like per frame so far is -48.6296
LOG (gmm-acc-stats-twofeats[5.5.0~1-40c7]:main():gmm-acc-stats-twofeats.cc:150) Done 110 files, 0 with no posteriors, 0 with no second features, 0 with other errors.
LOG (gmm-acc-stats-twofeats[5.5.0~1-40c7]:main():gmm-acc-stats-twofeats.cc:155) Overall avg like per frame (Gaussian only) = -48.6296 over 190554 frames.
LOG (gmm-acc-stats-twofeats[5.5.0~1-40c7]:main():gmm-acc-stats-twofeats.cc:163) Written accs.
# Accounting: time=4 threads=1
# Ended (code 0) at Mon Dec  7 02:06:48 UTC 2020, elapsed time 4 seconds
