# ali-to-post "ark:gunzip -c exp/tri4a/ali.26.gz|" ark:- | gmm-acc-stats-twofeats exp/tri4a/35.mdl "ark,s,cs:apply-cmvn  --utt2spk=ark:data/train/split32/26/utt2spk scp:data/train/split32/26/cmvn.scp scp:data/train/split32/26/feats.scp ark:- | splice-feats  ark:- ark:- | transform-feats exp/tri3a_ali/final.mat ark:- ark:- | transform-feats --utt2spk=ark:data/train/split32/26/utt2spk ark:exp/tri4a/trans.26 ark:- ark:- |" "ark,s,cs:apply-cmvn  --utt2spk=ark:data/train/split32/26/utt2spk scp:data/train/split32/26/cmvn.scp scp:data/train/split32/26/feats.scp ark:- | splice-feats  ark:- ark:- | transform-feats exp/tri3a_ali/final.mat ark:- ark:- |" ark,s,cs:- exp/tri4a/35.26.acc 
# Started at Mon Dec  7 02:06:43 UTC 2020
#
gmm-acc-stats-twofeats exp/tri4a/35.mdl 'ark,s,cs:apply-cmvn  --utt2spk=ark:data/train/split32/26/utt2spk scp:data/train/split32/26/cmvn.scp scp:data/train/split32/26/feats.scp ark:- | splice-feats  ark:- ark:- | transform-feats exp/tri3a_ali/final.mat ark:- ark:- | transform-feats --utt2spk=ark:data/train/split32/26/utt2spk ark:exp/tri4a/trans.26 ark:- ark:- |' 'ark,s,cs:apply-cmvn  --utt2spk=ark:data/train/split32/26/utt2spk scp:data/train/split32/26/cmvn.scp scp:data/train/split32/26/feats.scp ark:- | splice-feats  ark:- ark:- | transform-feats exp/tri3a_ali/final.mat ark:- ark:- |' ark,s,cs:- exp/tri4a/35.26.acc 
ali-to-post 'ark:gunzip -c exp/tri4a/ali.26.gz|' ark:- 
apply-cmvn --utt2spk=ark:data/train/split32/26/utt2spk scp:data/train/split32/26/cmvn.scp scp:data/train/split32/26/feats.scp ark:- 
transform-feats exp/tri3a_ali/final.mat ark:- ark:- 
splice-feats ark:- ark:- 
transform-feats --utt2spk=ark:data/train/split32/26/utt2spk ark:exp/tri4a/trans.26 ark:- ark:- 
splice-feats ark:- ark:- 
apply-cmvn --utt2spk=ark:data/train/split32/26/utt2spk scp:data/train/split32/26/cmvn.scp scp:data/train/split32/26/feats.scp ark:- 
transform-feats exp/tri3a_ali/final.mat ark:- ark:- 
LOG (gmm-acc-stats-twofeats[5.5.0~1-40c7]:main():gmm-acc-stats-twofeats.cc:140) Average like for this file is -48.4668 over 2028 frames.
LOG (gmm-acc-stats-twofeats[5.5.0~1-40c7]:main():gmm-acc-stats-twofeats.cc:140) Average like for this file is -48.6785 over 1476 frames.
LOG (gmm-acc-stats-twofeats[5.5.0~1-40c7]:main():gmm-acc-stats-twofeats.cc:140) Average like for this file is -49.0833 over 1864 frames.
LOG (gmm-acc-stats-twofeats[5.5.0~1-40c7]:main():gmm-acc-stats-twofeats.cc:140) Average like for this file is -48.6993 over 1969 frames.
LOG (gmm-acc-stats-twofeats[5.5.0~1-40c7]:main():gmm-acc-stats-twofeats.cc:140) Average like for this file is -48.9313 over 1950 frames.
LOG (gmm-acc-stats-twofeats[5.5.0~1-40c7]:main():gmm-acc-stats-twofeats.cc:140) Average like for this file is -50.8396 over 2352 frames.
LOG (gmm-acc-stats-twofeats[5.5.0~1-40c7]:main():gmm-acc-stats-twofeats.cc:140) Average like for this file is -49.3811 over 1284 frames.
LOG (gmm-acc-stats-twofeats[5.5.0~1-40c7]:main():gmm-acc-stats-twofeats.cc:140) Average like for this file is -52.5108 over 1201 frames.
LOG (gmm-acc-stats-twofeats[5.5.0~1-40c7]:main():gmm-acc-stats-twofeats.cc:140) Average like for this file is -48.4833 over 2285 frames.
LOG (gmm-acc-stats-twofeats[5.5.0~1-40c7]:main():gmm-acc-stats-twofeats.cc:140) Average like for this file is -47.3124 over 1941 frames.
LOG (gmm-acc-stats-twofeats[5.5.0~1-40c7]:main():gmm-acc-stats-twofeats.cc:146) Avg like per frame so far is -49.1335
LOG (gmm-acc-stats-twofeats[5.5.0~1-40c7]:main():gmm-acc-stats-twofeats.cc:140) Average like for this file is -46.0659 over 1373 frames.
LOG (gmm-acc-stats-twofeats[5.5.0~1-40c7]:main():gmm-acc-stats-twofeats.cc:140) Average like for this file is -47.0333 over 1672 frames.
LOG (gmm-acc-stats-twofeats[5.5.0~1-40c7]:main():gmm-acc-stats-twofeats.cc:140) Average like for this file is -49.4829 over 2173 frames.
LOG (gmm-acc-stats-twofeats[5.5.0~1-40c7]:main():gmm-acc-stats-twofeats.cc:140) Average like for this file is -49.537 over 1756 frames.
LOG (gmm-acc-stats-twofeats[5.5.0~1-40c7]:main():gmm-acc-stats-twofeats.cc:140) Average like for this file is -49.0175 over 1868 frames.
LOG (gmm-acc-stats-twofeats[5.5.0~1-40c7]:main():gmm-acc-stats-twofeats.cc:140) Average like for this file is -48.9538 over 1825 frames.
LOG (gmm-acc-stats-twofeats[5.5.0~1-40c7]:main():gmm-acc-stats-twofeats.cc:140) Average like for this file is -49.5947 over 1140 frames.
LOG (gmm-acc-stats-twofeats[5.5.0~1-40c7]:main():gmm-acc-stats-twofeats.cc:140) Average like for this file is -50.8802 over 2083 frames.
LOG (gmm-acc-stats-twofeats[5.5.0~1-40c7]:main():gmm-acc-stats-twofeats.cc:140) Average like for this file is -49.824 over 2116 frames.
LOG (gmm-acc-stats-twofeats[5.5.0~1-40c7]:main():gmm-acc-stats-twofeats.cc:140) Average like for this file is -48.2283 over 2143 frames.
LOG (gmm-acc-stats-twofeats[5.5.0~1-40c7]:main():gmm-acc-stats-twofeats.cc:146) Avg like per frame so far is -49.0482
LOG (gmm-acc-stats-twofeats[5.5.0~1-40c7]:main():gmm-acc-stats-twofeats.cc:140) Average like for this file is -52.8357 over 1284 frames.
LOG (gmm-acc-stats-twofeats[5.5.0~1-40c7]:main():gmm-acc-stats-twofeats.cc:140) Average like for this file is -48.5843 over 1876 frames.
LOG (gmm-acc-stats-twofeats[5.5.0~1-40c7]:main():gmm-acc-stats-twofeats.cc:140) Average like for this file is -48.1465 over 1384 frames.
LOG (gmm-acc-stats-twofeats[5.5.0~1-40c7]:main():gmm-acc-stats-twofeats.cc:140) Average like for this file is -48.8207 over 1616 frames.
LOG (gmm-acc-stats-twofeats[5.5.0~1-40c7]:main():gmm-acc-stats-twofeats.cc:140) Average like for this file is -50.1222 over 1669 frames.
LOG (gmm-acc-stats-twofeats[5.5.0~1-40c7]:main():gmm-acc-stats-twofeats.cc:140) Average like for this file is -48.7295 over 821 frames.
LOG (gmm-acc-stats-twofeats[5.5.0~1-40c7]:main():gmm-acc-stats-twofeats.cc:140) Average like for this file is -49.7405 over 2233 frames.
LOG (gmm-acc-stats-twofeats[5.5.0~1-40c7]:main():gmm-acc-stats-twofeats.cc:140) Average like for this file is -50.0111 over 1853 frames.
LOG (gmm-acc-stats-twofeats[5.5.0~1-40c7]:main():gmm-acc-stats-twofeats.cc:140) Average like for this file is -44.4455 over 1357 frames.
LOG (gmm-acc-stats-twofeats[5.5.0~1-40c7]:main():gmm-acc-stats-twofeats.cc:140) Average like for this file is -46.162 over 2113 frames.
LOG (gmm-acc-stats-twofeats[5.5.0~1-40c7]:main():gmm-acc-stats-twofeats.cc:146) Avg like per frame so far is -48.9513
LOG (gmm-acc-stats-twofeats[5.5.0~1-40c7]:main():gmm-acc-stats-twofeats.cc:140) Average like for this file is -48.9968 over 1788 frames.
LOG (gmm-acc-stats-twofeats[5.5.0~1-40c7]:main():gmm-acc-stats-twofeats.cc:140) Average like for this file is -49.0124 over 493 frames.
LOG (gmm-acc-stats-twofeats[5.5.0~1-40c7]:main():gmm-acc-stats-twofeats.cc:140) Average like for this file is -48.8918 over 2260 frames.
LOG (gmm-acc-stats-twofeats[5.5.0~1-40c7]:main():gmm-acc-stats-twofeats.cc:140) Average like for this file is -46.3742 over 1919 frames.
LOG (gmm-acc-stats-twofeats[5.5.0~1-40c7]:main():gmm-acc-stats-twofeats.cc:140) Average like for this file is -52.6996 over 1026 frames.
LOG (gmm-acc-stats-twofeats[5.5.0~1-40c7]:main():gmm-acc-stats-twofeats.cc:140) Average like for this file is -47.5398 over 2011 frames.
LOG (gmm-acc-stats-twofeats[5.5.0~1-40c7]:main():gmm-acc-stats-twofeats.cc:140) Average like for this file is -50.0071 over 1581 frames.
LOG (gmm-acc-stats-twofeats[5.5.0~1-40c7]:main():gmm-acc-stats-twofeats.cc:140) Average like for this file is -47.1251 over 1701 frames.
LOG (gmm-acc-stats-twofeats[5.5.0~1-40c7]:main():gmm-acc-stats-twofeats.cc:140) Average like for this file is -50.9928 over 504 frames.
LOG (gmm-acc-stats-twofeats[5.5.0~1-40c7]:main():gmm-acc-stats-twofeats.cc:140) Average like for this file is -49.3804 over 2099 frames.
LOG (gmm-acc-stats-twofeats[5.5.0~1-40c7]:main():gmm-acc-stats-twofeats.cc:146) Avg like per frame so far is -48.9004
LOG (gmm-acc-stats-twofeats[5.5.0~1-40c7]:main():gmm-acc-stats-twofeats.cc:140) Average like for this file is -50.8005 over 2111 frames.
LOG (gmm-acc-stats-twofeats[5.5.0~1-40c7]:main():gmm-acc-stats-twofeats.cc:140) Average like for this file is -51.3312 over 1450 frames.
LOG (gmm-acc-stats-twofeats[5.5.0~1-40c7]:main():gmm-acc-stats-twofeats.cc:140) Average like for this file is -46.467 over 356 frames.
LOG (gmm-acc-stats-twofeats[5.5.0~1-40c7]:main():gmm-acc-stats-twofeats.cc:140) Average like for this file is -53.376 over 1554 frames.
LOG (gmm-acc-stats-twofeats[5.5.0~1-40c7]:main():gmm-acc-stats-twofeats.cc:140) Average like for this file is -52.2381 over 1073 frames.
LOG (gmm-acc-stats-twofeats[5.5.0~1-40c7]:main():gmm-acc-stats-twofeats.cc:140) Average like for this file is -48.1555 over 1934 frames.
LOG (gmm-acc-stats-twofeats[5.5.0~1-40c7]:main():gmm-acc-stats-twofeats.cc:140) Average like for this file is -52.4488 over 1827 frames.
LOG (gmm-acc-stats-twofeats[5.5.0~1-40c7]:main():gmm-acc-stats-twofeats.cc:140) Average like for this file is -50.4233 over 1945 frames.
LOG (gmm-acc-stats-twofeats[5.5.0~1-40c7]:main():gmm-acc-stats-twofeats.cc:140) Average like for this file is -53.9428 over 1629 frames.
LOG (gmm-acc-stats-twofeats[5.5.0~1-40c7]:main():gmm-acc-stats-twofeats.cc:140) Average like for this file is -54.0278 over 2106 frames.
LOG (gmm-acc-stats-twofeats[5.5.0~1-40c7]:main():gmm-acc-stats-twofeats.cc:146) Avg like per frame so far is -49.4264
LOG (gmm-acc-stats-twofeats[5.5.0~1-40c7]:main():gmm-acc-stats-twofeats.cc:140) Average like for this file is -48.5767 over 1181 frames.
LOG (gmm-acc-stats-twofeats[5.5.0~1-40c7]:main():gmm-acc-stats-twofeats.cc:140) Average like for this file is -50.0114 over 2321 frames.
LOG (gmm-acc-stats-twofeats[5.5.0~1-40c7]:main():gmm-acc-stats-twofeats.cc:140) Average like for this file is -51.5458 over 1832 frames.
LOG (gmm-acc-stats-twofeats[5.5.0~1-40c7]:main():gmm-acc-stats-twofeats.cc:140) Average like for this file is -52.7507 over 580 frames.
LOG (gmm-acc-stats-twofeats[5.5.0~1-40c7]:main():gmm-acc-stats-twofeats.cc:140) Average like for this file is -41.1954 over 1976 frames.
LOG (gmm-acc-stats-twofeats[5.5.0~1-40c7]:main():gmm-acc-stats-twofeats.cc:140) Average like for this file is -45.5822 over 1507 frames.
LOG (gmm-acc-stats-twofeats[5.5.0~1-40c7]:main():gmm-acc-stats-twofeats.cc:140) Average like for this file is -43.1232 over 1843 frames.
LOG (gmm-acc-stats-twofeats[5.5.0~1-40c7]:main():gmm-acc-stats-twofeats.cc:140) Average like for this file is -46.0703 over 1325 frames.
LOG (gmm-acc-stats-twofeats[5.5.0~1-40c7]:main():gmm-acc-stats-twofeats.cc:140) Average like for this file is -42.4187 over 1989 frames.
LOG (gmm-acc-stats-twofeats[5.5.0~1-40c7]:main():gmm-acc-stats-twofeats.cc:140) Average like for this file is -44.2639 over 1875 frames.
LOG (gmm-acc-stats-twofeats[5.5.0~1-40c7]:main():gmm-acc-stats-twofeats.cc:146) Avg like per frame so far is -48.8734
LOG (gmm-acc-stats-twofeats[5.5.0~1-40c7]:main():gmm-acc-stats-twofeats.cc:140) Average like for this file is -43.4381 over 2197 frames.
LOG (gmm-acc-stats-twofeats[5.5.0~1-40c7]:main():gmm-acc-stats-twofeats.cc:140) Average like for this file is -42.3528 over 1457 frames.
LOG (gmm-acc-stats-twofeats[5.5.0~1-40c7]:main():gmm-acc-stats-twofeats.cc:140) Average like for this file is -43.6626 over 2023 frames.
LOG (gmm-acc-stats-twofeats[5.5.0~1-40c7]:main():gmm-acc-stats-twofeats.cc:140) Average like for this file is -45.4922 over 2139 frames.
LOG (gmm-acc-stats-twofeats[5.5.0~1-40c7]:main():gmm-acc-stats-twofeats.cc:140) Average like for this file is -43.1283 over 1575 frames.
LOG (gmm-acc-stats-twofeats[5.5.0~1-40c7]:main():gmm-acc-stats-twofeats.cc:140) Average like for this file is -41.5944 over 2102 frames.
LOG (gmm-acc-stats-twofeats[5.5.0~1-40c7]:main():gmm-acc-stats-twofeats.cc:140) Average like for this file is -43.6564 over 1339 frames.
LOG (gmm-acc-stats-twofeats[5.5.0~1-40c7]:main():gmm-acc-stats-twofeats.cc:140) Average like for this file is -42.1764 over 1276 frames.
LOG (gmm-acc-stats-twofeats[5.5.0~1-40c7]:main():gmm-acc-stats-twofeats.cc:140) Average like for this file is -41.8107 over 1411 frames.
LOG (gmm-acc-stats-twofeats[5.5.0~1-40c7]:main():gmm-acc-stats-twofeats.cc:140) Average like for this file is -45.3716 over 2229 frames.
LOG (gmm-acc-stats-twofeats[5.5.0~1-40c7]:main():gmm-acc-stats-twofeats.cc:146) Avg like per frame so far is -48.0542
LOG (gmm-acc-stats-twofeats[5.5.0~1-40c7]:main():gmm-acc-stats-twofeats.cc:140) Average like for this file is -45.4342 over 1966 frames.
LOG (gmm-acc-stats-twofeats[5.5.0~1-40c7]:main():gmm-acc-stats-twofeats.cc:140) Average like for this file is -46.0877 over 1890 frames.
LOG (gmm-acc-stats-twofeats[5.5.0~1-40c7]:main():gmm-acc-stats-twofeats.cc:140) Average like for this file is -43.5919 over 1746 frames.
LOG (gmm-acc-stats-twofeats[5.5.0~1-40c7]:main():gmm-acc-stats-twofeats.cc:140) Average like for this file is -46.4485 over 1854 frames.
LOG (gmm-acc-stats-twofeats[5.5.0~1-40c7]:main():gmm-acc-stats-twofeats.cc:140) Average like for this file is -45.6862 over 1316 frames.
LOG (gmm-acc-stats-twofeats[5.5.0~1-40c7]:main():gmm-acc-stats-twofeats.cc:140) Average like for this file is -44.1658 over 1871 frames.
LOG (gmm-acc-stats-twofeats[5.5.0~1-40c7]:main():gmm-acc-stats-twofeats.cc:140) Average like for this file is -48.2306 over 2136 frames.
LOG (gmm-acc-stats-twofeats[5.5.0~1-40c7]:main():gmm-acc-stats-twofeats.cc:140) Average like for this file is -48.1432 over 2397 frames.
LOG (gmm-acc-stats-twofeats[5.5.0~1-40c7]:main():gmm-acc-stats-twofeats.cc:140) Average like for this file is -45.2248 over 1989 frames.
LOG (gmm-acc-stats-twofeats[5.5.0~1-40c7]:main():gmm-acc-stats-twofeats.cc:140) Average like for this file is -46.1412 over 2035 frames.
LOG (gmm-acc-stats-twofeats[5.5.0~1-40c7]:main():gmm-acc-stats-twofeats.cc:146) Avg like per frame so far is -47.7708
LOG (gmm-acc-stats-twofeats[5.5.0~1-40c7]:main():gmm-acc-stats-twofeats.cc:140) Average like for this file is -43.7687 over 1303 frames.
LOG (gmm-acc-stats-twofeats[5.5.0~1-40c7]:main():gmm-acc-stats-twofeats.cc:140) Average like for this file is -46.4296 over 2298 frames.
LOG (gmm-acc-stats-twofeats[5.5.0~1-40c7]:main():gmm-acc-stats-twofeats.cc:140) Average like for this file is -39.8174 over 1735 frames.
LOG (gmm-acc-stats-twofeats[5.5.0~1-40c7]:main():gmm-acc-stats-twofeats.cc:140) Average like for this file is -43.8649 over 1369 frames.
LOG (gmm-acc-stats-twofeats[5.5.0~1-40c7]:main():gmm-acc-stats-twofeats.cc:140) Average like for this file is -45.0568 over 1477 frames.
LOG (gmm-acc-stats-twofeats[5.5.0~1-40c7]:main():gmm-acc-stats-twofeats.cc:140) Average like for this file is -44.5276 over 1885 frames.
LOG (gmm-acc-stats-twofeats[5.5.0~1-40c7]:main():gmm-acc-stats-twofeats.cc:140) Average like for this file is -47.9006 over 2073 frames.
LOG (gmm-acc-stats-twofeats[5.5.0~1-40c7]:main():gmm-acc-stats-twofeats.cc:140) Average like for this file is -47.076 over 1703 frames.
LOG (gmm-acc-stats-twofeats[5.5.0~1-40c7]:main():gmm-acc-stats-twofeats.cc:140) Average like for this file is -46.0909 over 2095 frames.
LOG (gmm-acc-stats-twofeats[5.5.0~1-40c7]:main():gmm-acc-stats-twofeats.cc:140) Average like for this file is -43.1145 over 1354 frames.
LOG (gmm-acc-stats-twofeats[5.5.0~1-40c7]:main():gmm-acc-stats-twofeats.cc:146) Avg like per frame so far is -47.4586
LOG (gmm-acc-stats-twofeats[5.5.0~1-40c7]:main():gmm-acc-stats-twofeats.cc:140) Average like for this file is -48.5609 over 1911 frames.
LOG (gmm-acc-stats-twofeats[5.5.0~1-40c7]:main():gmm-acc-stats-twofeats.cc:140) Average like for this file is -44.8419 over 1639 frames.
LOG (gmm-acc-stats-twofeats[5.5.0~1-40c7]:main():gmm-acc-stats-twofeats.cc:140) Average like for this file is -45.0718 over 2034 frames.
LOG (gmm-acc-stats-twofeats[5.5.0~1-40c7]:main():gmm-acc-stats-twofeats.cc:140) Average like for this file is -47.8069 over 1944 frames.
LOG (gmm-acc-stats-twofeats[5.5.0~1-40c7]:main():gmm-acc-stats-twofeats.cc:140) Average like for this file is -47.3557 over 1412 frames.
LOG (gmm-acc-stats-twofeats[5.5.0~1-40c7]:main():gmm-acc-stats-twofeats.cc:140) Average like for this file is -48.1718 over 2141 frames.
LOG (gmm-acc-stats-twofeats[5.5.0~1-40c7]:main():gmm-acc-stats-twofeats.cc:140) Average like for this file is -46.6946 over 2125 frames.
LOG (gmm-acc-stats-twofeats[5.5.0~1-40c7]:main():gmm-acc-stats-twofeats.cc:140) Average like for this file is -46.3574 over 2169 frames.
LOG (gmm-acc-stats-twofeats[5.5.0~1-40c7]:main():gmm-acc-stats-twofeats.cc:140) Average like for this file is -45.7741 over 1732 frames.
LOG (gmm-acc-stats-twofeats[5.5.0~1-40c7]:main():gmm-acc-stats-twofeats.cc:140) Average like for this file is -47.2773 over 2104 frames.
LOG (gmm-acc-stats-twofeats[5.5.0~1-40c7]:main():gmm-acc-stats-twofeats.cc:146) Avg like per frame so far is -47.388
LOG (gmm-acc-stats-twofeats[5.5.0~1-40c7]:main():gmm-acc-stats-twofeats.cc:140) Average like for this file is -49.189 over 2337 frames.
LOG (gmm-acc-stats-twofeats[5.5.0~1-40c7]:main():gmm-acc-stats-twofeats.cc:140) Average like for this file is -46.5975 over 1643 frames.
LOG (gmm-acc-stats-twofeats[5.5.0~1-40c7]:main():gmm-acc-stats-twofeats.cc:140) Average like for this file is -47.2807 over 1085 frames.
LOG (gmm-acc-stats-twofeats[5.5.0~1-40c7]:main():gmm-acc-stats-twofeats.cc:140) Average like for this file is -53.3195 over 2086 frames.
LOG (gmm-acc-stats-twofeats[5.5.0~1-40c7]:main():gmm-acc-stats-twofeats.cc:140) Average like for this file is -47.3395 over 2001 frames.
LOG (gmm-acc-stats-twofeats[5.5.0~1-40c7]:main():gmm-acc-stats-twofeats.cc:140) Average like for this file is -46.2911 over 1883 frames.
LOG (gmm-acc-stats-twofeats[5.5.0~1-40c7]:main():gmm-acc-stats-twofeats.cc:140) Average like for this file is -48.7464 over 1531 frames.
LOG (gmm-acc-stats-twofeats[5.5.0~1-40c7]:main():gmm-acc-stats-twofeats.cc:140) Average like for this file is -46.5557 over 2101 frames.
LOG (gmm-acc-stats-twofeats[5.5.0~1-40c7]:main():gmm-acc-stats-twofeats.cc:140) Average like for this file is -49.2633 over 1623 frames.
LOG (gmm-acc-stats-twofeats[5.5.0~1-40c7]:main():gmm-acc-stats-twofeats.cc:140) Average like for this file is -48.142 over 1989 frames.
LOG (gmm-acc-stats-twofeats[5.5.0~1-40c7]:main():gmm-acc-stats-twofeats.cc:146) Avg like per frame so far is -47.481
LOG (gmm-acc-stats-twofeats[5.5.0~1-40c7]:main():gmm-acc-stats-twofeats.cc:140) Average like for this file is -44.7092 over 1874 frames.
LOG (gmm-acc-stats-twofeats[5.5.0~1-40c7]:main():gmm-acc-stats-twofeats.cc:140) Average like for this file is -47.1581 over 1122 frames.
LOG (gmm-acc-stats-twofeats[5.5.0~1-40c7]:main():gmm-acc-stats-twofeats.cc:140) Average like for this file is -47.892 over 1204 frames.
LOG (gmm-acc-stats-twofeats[5.5.0~1-40c7]:main():gmm-acc-stats-twofeats.cc:140) Average like for this file is -47.807 over 2344 frames.
LOG (apply-cmvn[5.5.0~1-40c7]:main():apply-cmvn.cc:162) Applied cepstral mean normalization to 118 utterances, errors on 0
LOG (gmm-acc-stats-twofeats[5.5.0~1-40c7]:main():gmm-acc-stats-twofeats.cc:140) Average like for this file is -48.8341 over 2129 frames.
LOG (apply-cmvn[5.5.0~1-40c7]:main():apply-cmvn.cc:162) Applied cepstral mean normalization to 118 utterances, errors on 0
LOG (ali-to-post[5.5.0~1-40c7]:main():ali-to-post.cc:73) Converted 118 alignments.
LOG (gmm-acc-stats-twofeats[5.5.0~1-40c7]:main():gmm-acc-stats-twofeats.cc:140) Average like for this file is -41.6938 over 1636 frames.
LOG (transform-feats[5.5.0~1-40c7]:main():transform-feats.cc:158) Overall average [pseudo-]logdet is -100.497 over 206422 frames.
LOG (transform-feats[5.5.0~1-40c7]:main():transform-feats.cc:161) Applied transform to 118 utterances; 0 had errors.
LOG (gmm-acc-stats-twofeats[5.5.0~1-40c7]:main():gmm-acc-stats-twofeats.cc:140) Average like for this file is -46.34 over 2189 frames.
LOG (transform-feats[5.5.0~1-40c7]:main():transform-feats.cc:158) Overall average logdet is 7.46179 over 206422 frames.
LOG (transform-feats[5.5.0~1-40c7]:main():transform-feats.cc:161) Applied transform to 118 utterances; 0 had errors.
LOG (transform-feats[5.5.0~1-40c7]:main():transform-feats.cc:158) Overall average [pseudo-]logdet is -100.497 over 206422 frames.
LOG (transform-feats[5.5.0~1-40c7]:main():transform-feats.cc:161) Applied transform to 118 utterances; 0 had errors.
LOG (gmm-acc-stats-twofeats[5.5.0~1-40c7]:main():gmm-acc-stats-twofeats.cc:140) Average like for this file is -46.7226 over 1693 frames.
LOG (gmm-acc-stats-twofeats[5.5.0~1-40c7]:main():gmm-acc-stats-twofeats.cc:150) Done 118 files, 0 with no posteriors, 0 with no second features, 0 with other errors.
LOG (gmm-acc-stats-twofeats[5.5.0~1-40c7]:main():gmm-acc-stats-twofeats.cc:155) Overall avg like per frame (Gaussian only) = -47.4099 over 206422 frames.
LOG (gmm-acc-stats-twofeats[5.5.0~1-40c7]:main():gmm-acc-stats-twofeats.cc:163) Written accs.
# Accounting: time=5 threads=1
# Ended (code 0) at Mon Dec  7 02:06:48 UTC 2020, elapsed time 5 seconds
