# ali-to-post "ark:gunzip -c exp/tri4a/ali.31.gz|" ark:- | gmm-acc-stats-twofeats exp/tri4a/35.mdl "ark,s,cs:apply-cmvn  --utt2spk=ark:data/train/split32/31/utt2spk scp:data/train/split32/31/cmvn.scp scp:data/train/split32/31/feats.scp ark:- | splice-feats  ark:- ark:- | transform-feats exp/tri3a_ali/final.mat ark:- ark:- | transform-feats --utt2spk=ark:data/train/split32/31/utt2spk ark:exp/tri4a/trans.31 ark:- ark:- |" "ark,s,cs:apply-cmvn  --utt2spk=ark:data/train/split32/31/utt2spk scp:data/train/split32/31/cmvn.scp scp:data/train/split32/31/feats.scp ark:- | splice-feats  ark:- ark:- | transform-feats exp/tri3a_ali/final.mat ark:- ark:- |" ark,s,cs:- exp/tri4a/35.31.acc 
# Started at Mon Dec  7 02:06:45 UTC 2020
#
gmm-acc-stats-twofeats exp/tri4a/35.mdl 'ark,s,cs:apply-cmvn  --utt2spk=ark:data/train/split32/31/utt2spk scp:data/train/split32/31/cmvn.scp scp:data/train/split32/31/feats.scp ark:- | splice-feats  ark:- ark:- | transform-feats exp/tri3a_ali/final.mat ark:- ark:- | transform-feats --utt2spk=ark:data/train/split32/31/utt2spk ark:exp/tri4a/trans.31 ark:- ark:- |' 'ark,s,cs:apply-cmvn  --utt2spk=ark:data/train/split32/31/utt2spk scp:data/train/split32/31/cmvn.scp scp:data/train/split32/31/feats.scp ark:- | splice-feats  ark:- ark:- | transform-feats exp/tri3a_ali/final.mat ark:- ark:- |' ark,s,cs:- exp/tri4a/35.31.acc 
ali-to-post 'ark:gunzip -c exp/tri4a/ali.31.gz|' ark:- 
transform-feats exp/tri3a_ali/final.mat ark:- ark:- 
splice-feats ark:- ark:- 
transform-feats --utt2spk=ark:data/train/split32/31/utt2spk ark:exp/tri4a/trans.31 ark:- ark:- 
apply-cmvn --utt2spk=ark:data/train/split32/31/utt2spk scp:data/train/split32/31/cmvn.scp scp:data/train/split32/31/feats.scp ark:- 
transform-feats exp/tri3a_ali/final.mat ark:- ark:- 
splice-feats ark:- ark:- 
apply-cmvn --utt2spk=ark:data/train/split32/31/utt2spk scp:data/train/split32/31/cmvn.scp scp:data/train/split32/31/feats.scp ark:- 
LOG (gmm-acc-stats-twofeats[5.5.0~1-40c7]:main():gmm-acc-stats-twofeats.cc:140) Average like for this file is -48.7461 over 2083 frames.
LOG (gmm-acc-stats-twofeats[5.5.0~1-40c7]:main():gmm-acc-stats-twofeats.cc:140) Average like for this file is -46.6516 over 1897 frames.
LOG (gmm-acc-stats-twofeats[5.5.0~1-40c7]:main():gmm-acc-stats-twofeats.cc:140) Average like for this file is -47.6568 over 1734 frames.
LOG (gmm-acc-stats-twofeats[5.5.0~1-40c7]:main():gmm-acc-stats-twofeats.cc:140) Average like for this file is -47.1442 over 1730 frames.
LOG (gmm-acc-stats-twofeats[5.5.0~1-40c7]:main():gmm-acc-stats-twofeats.cc:140) Average like for this file is -46.8779 over 1560 frames.
LOG (gmm-acc-stats-twofeats[5.5.0~1-40c7]:main():gmm-acc-stats-twofeats.cc:140) Average like for this file is -45.01 over 1470 frames.
LOG (gmm-acc-stats-twofeats[5.5.0~1-40c7]:main():gmm-acc-stats-twofeats.cc:140) Average like for this file is -51.3691 over 2305 frames.
LOG (gmm-acc-stats-twofeats[5.5.0~1-40c7]:main():gmm-acc-stats-twofeats.cc:140) Average like for this file is -49.4201 over 2181 frames.
LOG (gmm-acc-stats-twofeats[5.5.0~1-40c7]:main():gmm-acc-stats-twofeats.cc:140) Average like for this file is -46.859 over 1885 frames.
LOG (gmm-acc-stats-twofeats[5.5.0~1-40c7]:main():gmm-acc-stats-twofeats.cc:140) Average like for this file is -47.3372 over 1910 frames.
LOG (gmm-acc-stats-twofeats[5.5.0~1-40c7]:main():gmm-acc-stats-twofeats.cc:146) Avg like per frame so far is -47.9052
LOG (gmm-acc-stats-twofeats[5.5.0~1-40c7]:main():gmm-acc-stats-twofeats.cc:140) Average like for this file is -45.7456 over 1999 frames.
LOG (gmm-acc-stats-twofeats[5.5.0~1-40c7]:main():gmm-acc-stats-twofeats.cc:140) Average like for this file is -46.8271 over 2004 frames.
LOG (gmm-acc-stats-twofeats[5.5.0~1-40c7]:main():gmm-acc-stats-twofeats.cc:140) Average like for this file is -47.4148 over 1966 frames.
LOG (gmm-acc-stats-twofeats[5.5.0~1-40c7]:main():gmm-acc-stats-twofeats.cc:140) Average like for this file is -49.1092 over 1508 frames.
LOG (gmm-acc-stats-twofeats[5.5.0~1-40c7]:main():gmm-acc-stats-twofeats.cc:140) Average like for this file is -51.1176 over 2296 frames.
LOG (gmm-acc-stats-twofeats[5.5.0~1-40c7]:main():gmm-acc-stats-twofeats.cc:140) Average like for this file is -48.6117 over 1822 frames.
LOG (gmm-acc-stats-twofeats[5.5.0~1-40c7]:main():gmm-acc-stats-twofeats.cc:140) Average like for this file is -49.0227 over 2133 frames.
LOG (gmm-acc-stats-twofeats[5.5.0~1-40c7]:main():gmm-acc-stats-twofeats.cc:140) Average like for this file is -48.0317 over 2070 frames.
LOG (gmm-acc-stats-twofeats[5.5.0~1-40c7]:main():gmm-acc-stats-twofeats.cc:140) Average like for this file is -48.2647 over 1139 frames.
LOG (gmm-acc-stats-twofeats[5.5.0~1-40c7]:main():gmm-acc-stats-twofeats.cc:140) Average like for this file is -48.4796 over 2148 frames.
LOG (gmm-acc-stats-twofeats[5.5.0~1-40c7]:main():gmm-acc-stats-twofeats.cc:146) Avg like per frame so far is -48.0988
LOG (gmm-acc-stats-twofeats[5.5.0~1-40c7]:main():gmm-acc-stats-twofeats.cc:140) Average like for this file is -48.4669 over 2338 frames.
LOG (gmm-acc-stats-twofeats[5.5.0~1-40c7]:main():gmm-acc-stats-twofeats.cc:140) Average like for this file is -48.7284 over 2232 frames.
LOG (gmm-acc-stats-twofeats[5.5.0~1-40c7]:main():gmm-acc-stats-twofeats.cc:140) Average like for this file is -50.3987 over 734 frames.
LOG (gmm-acc-stats-twofeats[5.5.0~1-40c7]:main():gmm-acc-stats-twofeats.cc:140) Average like for this file is -48.6436 over 1295 frames.
LOG (gmm-acc-stats-twofeats[5.5.0~1-40c7]:main():gmm-acc-stats-twofeats.cc:140) Average like for this file is -48.3155 over 2245 frames.
LOG (gmm-acc-stats-twofeats[5.5.0~1-40c7]:main():gmm-acc-stats-twofeats.cc:140) Average like for this file is -48.3194 over 2286 frames.
LOG (gmm-acc-stats-twofeats[5.5.0~1-40c7]:main():gmm-acc-stats-twofeats.cc:140) Average like for this file is -47.7053 over 2155 frames.
LOG (gmm-acc-stats-twofeats[5.5.0~1-40c7]:main():gmm-acc-stats-twofeats.cc:140) Average like for this file is -50.0314 over 2250 frames.
LOG (gmm-acc-stats-twofeats[5.5.0~1-40c7]:main():gmm-acc-stats-twofeats.cc:140) Average like for this file is -50.8655 over 2132 frames.
LOG (gmm-acc-stats-twofeats[5.5.0~1-40c7]:main():gmm-acc-stats-twofeats.cc:140) Average like for this file is -48.446 over 2046 frames.
LOG (gmm-acc-stats-twofeats[5.5.0~1-40c7]:main():gmm-acc-stats-twofeats.cc:146) Avg like per frame so far is -48.3726
LOG (gmm-acc-stats-twofeats[5.5.0~1-40c7]:main():gmm-acc-stats-twofeats.cc:140) Average like for this file is -48.5356 over 2042 frames.
LOG (gmm-acc-stats-twofeats[5.5.0~1-40c7]:main():gmm-acc-stats-twofeats.cc:140) Average like for this file is -50.4558 over 2205 frames.
LOG (gmm-acc-stats-twofeats[5.5.0~1-40c7]:main():gmm-acc-stats-twofeats.cc:140) Average like for this file is -50.2902 over 1072 frames.
LOG (gmm-acc-stats-twofeats[5.5.0~1-40c7]:main():gmm-acc-stats-twofeats.cc:140) Average like for this file is -45.2939 over 549 frames.
LOG (gmm-acc-stats-twofeats[5.5.0~1-40c7]:main():gmm-acc-stats-twofeats.cc:140) Average like for this file is -47.5555 over 1910 frames.
LOG (gmm-acc-stats-twofeats[5.5.0~1-40c7]:main():gmm-acc-stats-twofeats.cc:140) Average like for this file is -48.2295 over 2186 frames.
LOG (gmm-acc-stats-twofeats[5.5.0~1-40c7]:main():gmm-acc-stats-twofeats.cc:140) Average like for this file is -46.2681 over 1625 frames.
LOG (gmm-acc-stats-twofeats[5.5.0~1-40c7]:main():gmm-acc-stats-twofeats.cc:140) Average like for this file is -45.097 over 1014 frames.
LOG (gmm-acc-stats-twofeats[5.5.0~1-40c7]:main():gmm-acc-stats-twofeats.cc:140) Average like for this file is -49.0928 over 2009 frames.
LOG (gmm-acc-stats-twofeats[5.5.0~1-40c7]:main():gmm-acc-stats-twofeats.cc:140) Average like for this file is -50.7064 over 1313 frames.
LOG (gmm-acc-stats-twofeats[5.5.0~1-40c7]:main():gmm-acc-stats-twofeats.cc:146) Avg like per frame so far is -48.3888
LOG (gmm-acc-stats-twofeats[5.5.0~1-40c7]:main():gmm-acc-stats-twofeats.cc:140) Average like for this file is -48.3856 over 1775 frames.
LOG (gmm-acc-stats-twofeats[5.5.0~1-40c7]:main():gmm-acc-stats-twofeats.cc:140) Average like for this file is -48.5837 over 2249 frames.
LOG (gmm-acc-stats-twofeats[5.5.0~1-40c7]:main():gmm-acc-stats-twofeats.cc:140) Average like for this file is -52.0182 over 2410 frames.
LOG (gmm-acc-stats-twofeats[5.5.0~1-40c7]:main():gmm-acc-stats-twofeats.cc:140) Average like for this file is -49.9412 over 2113 frames.
LOG (gmm-acc-stats-twofeats[5.5.0~1-40c7]:main():gmm-acc-stats-twofeats.cc:140) Average like for this file is -51.3966 over 2120 frames.
LOG (gmm-acc-stats-twofeats[5.5.0~1-40c7]:main():gmm-acc-stats-twofeats.cc:140) Average like for this file is -51.1236 over 2010 frames.
LOG (gmm-acc-stats-twofeats[5.5.0~1-40c7]:main():gmm-acc-stats-twofeats.cc:140) Average like for this file is -46.7346 over 1648 frames.
LOG (gmm-acc-stats-twofeats[5.5.0~1-40c7]:main():gmm-acc-stats-twofeats.cc:140) Average like for this file is -47.6469 over 1715 frames.
LOG (gmm-acc-stats-twofeats[5.5.0~1-40c7]:main():gmm-acc-stats-twofeats.cc:140) Average like for this file is -48.7186 over 2157 frames.
LOG (gmm-acc-stats-twofeats[5.5.0~1-40c7]:main():gmm-acc-stats-twofeats.cc:140) Average like for this file is -48.0863 over 2208 frames.
LOG (gmm-acc-stats-twofeats[5.5.0~1-40c7]:main():gmm-acc-stats-twofeats.cc:146) Avg like per frame so far is -48.6058
LOG (gmm-acc-stats-twofeats[5.5.0~1-40c7]:main():gmm-acc-stats-twofeats.cc:140) Average like for this file is -47.6316 over 1978 frames.
LOG (gmm-acc-stats-twofeats[5.5.0~1-40c7]:main():gmm-acc-stats-twofeats.cc:140) Average like for this file is -46.5411 over 1857 frames.
LOG (gmm-acc-stats-twofeats[5.5.0~1-40c7]:main():gmm-acc-stats-twofeats.cc:140) Average like for this file is -49.3389 over 1118 frames.
LOG (gmm-acc-stats-twofeats[5.5.0~1-40c7]:main():gmm-acc-stats-twofeats.cc:140) Average like for this file is -48.2267 over 2144 frames.
LOG (gmm-acc-stats-twofeats[5.5.0~1-40c7]:main():gmm-acc-stats-twofeats.cc:140) Average like for this file is -49.9939 over 2213 frames.
LOG (gmm-acc-stats-twofeats[5.5.0~1-40c7]:main():gmm-acc-stats-twofeats.cc:140) Average like for this file is -49.2994 over 681 frames.
LOG (gmm-acc-stats-twofeats[5.5.0~1-40c7]:main():gmm-acc-stats-twofeats.cc:140) Average like for this file is -47.6661 over 1747 frames.
LOG (gmm-acc-stats-twofeats[5.5.0~1-40c7]:main():gmm-acc-stats-twofeats.cc:140) Average like for this file is -48.3008 over 2157 frames.
LOG (gmm-acc-stats-twofeats[5.5.0~1-40c7]:main():gmm-acc-stats-twofeats.cc:140) Average like for this file is -49.6939 over 1924 frames.
LOG (gmm-acc-stats-twofeats[5.5.0~1-40c7]:main():gmm-acc-stats-twofeats.cc:140) Average like for this file is -51.0738 over 2421 frames.
LOG (gmm-acc-stats-twofeats[5.5.0~1-40c7]:main():gmm-acc-stats-twofeats.cc:146) Avg like per frame so far is -48.6376
LOG (gmm-acc-stats-twofeats[5.5.0~1-40c7]:main():gmm-acc-stats-twofeats.cc:140) Average like for this file is -50.5165 over 1980 frames.
LOG (gmm-acc-stats-twofeats[5.5.0~1-40c7]:main():gmm-acc-stats-twofeats.cc:140) Average like for this file is -47.4013 over 1900 frames.
LOG (gmm-acc-stats-twofeats[5.5.0~1-40c7]:main():gmm-acc-stats-twofeats.cc:140) Average like for this file is -49.5731 over 2216 frames.
LOG (gmm-acc-stats-twofeats[5.5.0~1-40c7]:main():gmm-acc-stats-twofeats.cc:140) Average like for this file is -47.6002 over 2142 frames.
LOG (gmm-acc-stats-twofeats[5.5.0~1-40c7]:main():gmm-acc-stats-twofeats.cc:140) Average like for this file is -47.3202 over 2091 frames.
LOG (gmm-acc-stats-twofeats[5.5.0~1-40c7]:main():gmm-acc-stats-twofeats.cc:140) Average like for this file is -51.1479 over 2161 frames.
LOG (gmm-acc-stats-twofeats[5.5.0~1-40c7]:main():gmm-acc-stats-twofeats.cc:140) Average like for this file is -48.5274 over 2172 frames.
LOG (gmm-acc-stats-twofeats[5.5.0~1-40c7]:main():gmm-acc-stats-twofeats.cc:140) Average like for this file is -47.8818 over 2089 frames.
LOG (gmm-acc-stats-twofeats[5.5.0~1-40c7]:main():gmm-acc-stats-twofeats.cc:140) Average like for this file is -53.6465 over 1978 frames.
LOG (gmm-acc-stats-twofeats[5.5.0~1-40c7]:main():gmm-acc-stats-twofeats.cc:140) Average like for this file is -49.0641 over 2275 frames.
LOG (gmm-acc-stats-twofeats[5.5.0~1-40c7]:main():gmm-acc-stats-twofeats.cc:146) Avg like per frame so far is -48.7349
LOG (gmm-acc-stats-twofeats[5.5.0~1-40c7]:main():gmm-acc-stats-twofeats.cc:140) Average like for this file is -48.271 over 312 frames.
LOG (gmm-acc-stats-twofeats[5.5.0~1-40c7]:main():gmm-acc-stats-twofeats.cc:140) Average like for this file is -47.3959 over 1772 frames.
LOG (gmm-acc-stats-twofeats[5.5.0~1-40c7]:main():gmm-acc-stats-twofeats.cc:140) Average like for this file is -51.107 over 2151 frames.
LOG (gmm-acc-stats-twofeats[5.5.0~1-40c7]:main():gmm-acc-stats-twofeats.cc:140) Average like for this file is -53.5046 over 1246 frames.
LOG (gmm-acc-stats-twofeats[5.5.0~1-40c7]:main():gmm-acc-stats-twofeats.cc:140) Average like for this file is -50.9178 over 1931 frames.
LOG (gmm-acc-stats-twofeats[5.5.0~1-40c7]:main():gmm-acc-stats-twofeats.cc:140) Average like for this file is -49.2973 over 2080 frames.
LOG (gmm-acc-stats-twofeats[5.5.0~1-40c7]:main():gmm-acc-stats-twofeats.cc:140) Average like for this file is -51.5001 over 1718 frames.
LOG (gmm-acc-stats-twofeats[5.5.0~1-40c7]:main():gmm-acc-stats-twofeats.cc:140) Average like for this file is -52.543 over 1885 frames.
LOG (gmm-acc-stats-twofeats[5.5.0~1-40c7]:main():gmm-acc-stats-twofeats.cc:140) Average like for this file is -51.2579 over 2514 frames.
LOG (gmm-acc-stats-twofeats[5.5.0~1-40c7]:main():gmm-acc-stats-twofeats.cc:140) Average like for this file is -49.5555 over 2148 frames.
LOG (gmm-acc-stats-twofeats[5.5.0~1-40c7]:main():gmm-acc-stats-twofeats.cc:146) Avg like per frame so far is -48.9599
LOG (gmm-acc-stats-twofeats[5.5.0~1-40c7]:main():gmm-acc-stats-twofeats.cc:140) Average like for this file is -49.3105 over 2231 frames.
LOG (gmm-acc-stats-twofeats[5.5.0~1-40c7]:main():gmm-acc-stats-twofeats.cc:140) Average like for this file is -49.57 over 1976 frames.
LOG (gmm-acc-stats-twofeats[5.5.0~1-40c7]:main():gmm-acc-stats-twofeats.cc:140) Average like for this file is -49.9439 over 1285 frames.
LOG (gmm-acc-stats-twofeats[5.5.0~1-40c7]:main():gmm-acc-stats-twofeats.cc:140) Average like for this file is -48.5428 over 1732 frames.
LOG (gmm-acc-stats-twofeats[5.5.0~1-40c7]:main():gmm-acc-stats-twofeats.cc:140) Average like for this file is -48.9632 over 1917 frames.
LOG (gmm-acc-stats-twofeats[5.5.0~1-40c7]:main():gmm-acc-stats-twofeats.cc:140) Average like for this file is -48.7871 over 2061 frames.
LOG (gmm-acc-stats-twofeats[5.5.0~1-40c7]:main():gmm-acc-stats-twofeats.cc:140) Average like for this file is -49.1872 over 2347 frames.
LOG (gmm-acc-stats-twofeats[5.5.0~1-40c7]:main():gmm-acc-stats-twofeats.cc:140) Average like for this file is -49.2891 over 2175 frames.
LOG (gmm-acc-stats-twofeats[5.5.0~1-40c7]:main():gmm-acc-stats-twofeats.cc:140) Average like for this file is -47.4813 over 2290 frames.
LOG (gmm-acc-stats-twofeats[5.5.0~1-40c7]:main():gmm-acc-stats-twofeats.cc:140) Average like for this file is -49.0685 over 1822 frames.
LOG (gmm-acc-stats-twofeats[5.5.0~1-40c7]:main():gmm-acc-stats-twofeats.cc:146) Avg like per frame so far is -48.9613
LOG (gmm-acc-stats-twofeats[5.5.0~1-40c7]:main():gmm-acc-stats-twofeats.cc:140) Average like for this file is -50.4486 over 2286 frames.
LOG (gmm-acc-stats-twofeats[5.5.0~1-40c7]:main():gmm-acc-stats-twofeats.cc:140) Average like for this file is -49.1636 over 1944 frames.
LOG (gmm-acc-stats-twofeats[5.5.0~1-40c7]:main():gmm-acc-stats-twofeats.cc:140) Average like for this file is -50.0334 over 1796 frames.
LOG (gmm-acc-stats-twofeats[5.5.0~1-40c7]:main():gmm-acc-stats-twofeats.cc:140) Average like for this file is -52.7775 over 1173 frames.
LOG (gmm-acc-stats-twofeats[5.5.0~1-40c7]:main():gmm-acc-stats-twofeats.cc:140) Average like for this file is -49.8334 over 2049 frames.
LOG (gmm-acc-stats-twofeats[5.5.0~1-40c7]:main():gmm-acc-stats-twofeats.cc:140) Average like for this file is -47.7973 over 1741 frames.
LOG (gmm-acc-stats-twofeats[5.5.0~1-40c7]:main():gmm-acc-stats-twofeats.cc:140) Average like for this file is -51.4114 over 1125 frames.
LOG (gmm-acc-stats-twofeats[5.5.0~1-40c7]:main():gmm-acc-stats-twofeats.cc:140) Average like for this file is -49.0936 over 1034 frames.
LOG (gmm-acc-stats-twofeats[5.5.0~1-40c7]:main():gmm-acc-stats-twofeats.cc:140) Average like for this file is -39.5643 over 251 frames.
LOG (gmm-acc-stats-twofeats[5.5.0~1-40c7]:main():gmm-acc-stats-twofeats.cc:140) Average like for this file is -48.6306 over 2088 frames.
LOG (gmm-acc-stats-twofeats[5.5.0~1-40c7]:main():gmm-acc-stats-twofeats.cc:146) Avg like per frame so far is -49.0139
LOG (gmm-acc-stats-twofeats[5.5.0~1-40c7]:main():gmm-acc-stats-twofeats.cc:140) Average like for this file is -49.4258 over 2357 frames.
LOG (gmm-acc-stats-twofeats[5.5.0~1-40c7]:main():gmm-acc-stats-twofeats.cc:140) Average like for this file is -48.2004 over 553 frames.
LOG (gmm-acc-stats-twofeats[5.5.0~1-40c7]:main():gmm-acc-stats-twofeats.cc:140) Average like for this file is -50.3538 over 2049 frames.
LOG (gmm-acc-stats-twofeats[5.5.0~1-40c7]:main():gmm-acc-stats-twofeats.cc:140) Average like for this file is -48.6868 over 2051 frames.
LOG (gmm-acc-stats-twofeats[5.5.0~1-40c7]:main():gmm-acc-stats-twofeats.cc:140) Average like for this file is -49.3747 over 1292 frames.
LOG (gmm-acc-stats-twofeats[5.5.0~1-40c7]:main():gmm-acc-stats-twofeats.cc:140) Average like for this file is -46.8508 over 1878 frames.
LOG (gmm-acc-stats-twofeats[5.5.0~1-40c7]:main():gmm-acc-stats-twofeats.cc:140) Average like for this file is -53.6807 over 483 frames.
LOG (gmm-acc-stats-twofeats[5.5.0~1-40c7]:main():gmm-acc-stats-twofeats.cc:140) Average like for this file is -47.5164 over 2104 frames.
LOG (gmm-acc-stats-twofeats[5.5.0~1-40c7]:main():gmm-acc-stats-twofeats.cc:140) Average like for this file is -50.0101 over 2142 frames.
LOG (gmm-acc-stats-twofeats[5.5.0~1-40c7]:main():gmm-acc-stats-twofeats.cc:140) Average like for this file is -47.0756 over 1034 frames.
LOG (gmm-acc-stats-twofeats[5.5.0~1-40c7]:main():gmm-acc-stats-twofeats.cc:146) Avg like per frame so far is -49.0052
LOG (gmm-acc-stats-twofeats[5.5.0~1-40c7]:main():gmm-acc-stats-twofeats.cc:140) Average like for this file is -49.4682 over 1925 frames.
LOG (apply-cmvn[5.5.0~1-40c7]:main():apply-cmvn.cc:162) Applied cepstral mean normalization to 115 utterances, errors on 0
LOG (gmm-acc-stats-twofeats[5.5.0~1-40c7]:main():gmm-acc-stats-twofeats.cc:140) Average like for this file is -46.7336 over 826 frames.
LOG (ali-to-post[5.5.0~1-40c7]:main():ali-to-post.cc:73) Converted 115 alignments.
LOG (apply-cmvn[5.5.0~1-40c7]:main():apply-cmvn.cc:162) Applied cepstral mean normalization to 115 utterances, errors on 0
LOG (gmm-acc-stats-twofeats[5.5.0~1-40c7]:main():gmm-acc-stats-twofeats.cc:140) Average like for this file is -50.6354 over 2038 frames.
LOG (transform-feats[5.5.0~1-40c7]:main():transform-feats.cc:158) Overall average [pseudo-]logdet is -100.497 over 210965 frames.
LOG (transform-feats[5.5.0~1-40c7]:main():transform-feats.cc:161) Applied transform to 115 utterances; 0 had errors.
LOG (gmm-acc-stats-twofeats[5.5.0~1-40c7]:main():gmm-acc-stats-twofeats.cc:140) Average like for this file is -49.7693 over 1765 frames.
LOG (transform-feats[5.5.0~1-40c7]:main():transform-feats.cc:158) Overall average logdet is 4.15093 over 210965 frames.
LOG (transform-feats[5.5.0~1-40c7]:main():transform-feats.cc:161) Applied transform to 115 utterances; 0 had errors.
LOG (transform-feats[5.5.0~1-40c7]:main():transform-feats.cc:158) Overall average [pseudo-]logdet is -100.497 over 210965 frames.
LOG (transform-feats[5.5.0~1-40c7]:main():transform-feats.cc:161) Applied transform to 115 utterances; 0 had errors.
LOG (gmm-acc-stats-twofeats[5.5.0~1-40c7]:main():gmm-acc-stats-twofeats.cc:140) Average like for this file is -50.2331 over 2261 frames.
LOG (gmm-acc-stats-twofeats[5.5.0~1-40c7]:main():gmm-acc-stats-twofeats.cc:150) Done 115 files, 0 with no posteriors, 0 with no second features, 0 with other errors.
LOG (gmm-acc-stats-twofeats[5.5.0~1-40c7]:main():gmm-acc-stats-twofeats.cc:155) Overall avg like per frame (Gaussian only) = -49.0358 over 210965 frames.
LOG (gmm-acc-stats-twofeats[5.5.0~1-40c7]:main():gmm-acc-stats-twofeats.cc:163) Written accs.
# Accounting: time=4 threads=1
# Ended (code 0) at Mon Dec  7 02:06:49 UTC 2020, elapsed time 4 seconds
