# ali-to-post "ark:gunzip -c exp/tri4a/ali.13.gz|" ark:- | gmm-acc-stats-twofeats exp/tri4a/35.mdl "ark,s,cs:apply-cmvn  --utt2spk=ark:data/train/split32/13/utt2spk scp:data/train/split32/13/cmvn.scp scp:data/train/split32/13/feats.scp ark:- | splice-feats  ark:- ark:- | transform-feats exp/tri3a_ali/final.mat ark:- ark:- | transform-feats --utt2spk=ark:data/train/split32/13/utt2spk ark:exp/tri4a/trans.13 ark:- ark:- |" "ark,s,cs:apply-cmvn  --utt2spk=ark:data/train/split32/13/utt2spk scp:data/train/split32/13/cmvn.scp scp:data/train/split32/13/feats.scp ark:- | splice-feats  ark:- ark:- | transform-feats exp/tri3a_ali/final.mat ark:- ark:- |" ark,s,cs:- exp/tri4a/35.13.acc 
# Started at Mon Dec  7 02:06:33 UTC 2020
#
ali-to-post 'ark:gunzip -c exp/tri4a/ali.13.gz|' ark:- 
gmm-acc-stats-twofeats exp/tri4a/35.mdl 'ark,s,cs:apply-cmvn  --utt2spk=ark:data/train/split32/13/utt2spk scp:data/train/split32/13/cmvn.scp scp:data/train/split32/13/feats.scp ark:- | splice-feats  ark:- ark:- | transform-feats exp/tri3a_ali/final.mat ark:- ark:- | transform-feats --utt2spk=ark:data/train/split32/13/utt2spk ark:exp/tri4a/trans.13 ark:- ark:- |' 'ark,s,cs:apply-cmvn  --utt2spk=ark:data/train/split32/13/utt2spk scp:data/train/split32/13/cmvn.scp scp:data/train/split32/13/feats.scp ark:- | splice-feats  ark:- ark:- | transform-feats exp/tri3a_ali/final.mat ark:- ark:- |' ark,s,cs:- exp/tri4a/35.13.acc 
transform-feats --utt2spk=ark:data/train/split32/13/utt2spk ark:exp/tri4a/trans.13 ark:- ark:- 
transform-feats exp/tri3a_ali/final.mat ark:- ark:- 
splice-feats ark:- ark:- 
apply-cmvn --utt2spk=ark:data/train/split32/13/utt2spk scp:data/train/split32/13/cmvn.scp scp:data/train/split32/13/feats.scp ark:- 
splice-feats ark:- ark:- 
transform-feats exp/tri3a_ali/final.mat ark:- ark:- 
apply-cmvn --utt2spk=ark:data/train/split32/13/utt2spk scp:data/train/split32/13/cmvn.scp scp:data/train/split32/13/feats.scp ark:- 
LOG (gmm-acc-stats-twofeats[5.5.0~1-40c7]:main():gmm-acc-stats-twofeats.cc:140) Average like for this file is -52.1629 over 2104 frames.
LOG (gmm-acc-stats-twofeats[5.5.0~1-40c7]:main():gmm-acc-stats-twofeats.cc:140) Average like for this file is -50.7311 over 1426 frames.
LOG (gmm-acc-stats-twofeats[5.5.0~1-40c7]:main():gmm-acc-stats-twofeats.cc:140) Average like for this file is -52.0904 over 2089 frames.
LOG (gmm-acc-stats-twofeats[5.5.0~1-40c7]:main():gmm-acc-stats-twofeats.cc:140) Average like for this file is -51.6863 over 2128 frames.
LOG (gmm-acc-stats-twofeats[5.5.0~1-40c7]:main():gmm-acc-stats-twofeats.cc:140) Average like for this file is -50.7409 over 2218 frames.
LOG (gmm-acc-stats-twofeats[5.5.0~1-40c7]:main():gmm-acc-stats-twofeats.cc:140) Average like for this file is -49.8616 over 2104 frames.
LOG (gmm-acc-stats-twofeats[5.5.0~1-40c7]:main():gmm-acc-stats-twofeats.cc:140) Average like for this file is -49.4506 over 1957 frames.
LOG (gmm-acc-stats-twofeats[5.5.0~1-40c7]:main():gmm-acc-stats-twofeats.cc:140) Average like for this file is -50.1135 over 2129 frames.
LOG (gmm-acc-stats-twofeats[5.5.0~1-40c7]:main():gmm-acc-stats-twofeats.cc:140) Average like for this file is -49.445 over 1937 frames.
LOG (gmm-acc-stats-twofeats[5.5.0~1-40c7]:main():gmm-acc-stats-twofeats.cc:140) Average like for this file is -49.3923 over 1829 frames.
LOG (gmm-acc-stats-twofeats[5.5.0~1-40c7]:main():gmm-acc-stats-twofeats.cc:146) Avg like per frame so far is -50.5964
LOG (gmm-acc-stats-twofeats[5.5.0~1-40c7]:main():gmm-acc-stats-twofeats.cc:140) Average like for this file is -51.1176 over 2228 frames.
LOG (gmm-acc-stats-twofeats[5.5.0~1-40c7]:main():gmm-acc-stats-twofeats.cc:140) Average like for this file is -47.8327 over 1085 frames.
LOG (gmm-acc-stats-twofeats[5.5.0~1-40c7]:main():gmm-acc-stats-twofeats.cc:140) Average like for this file is -50.1887 over 2154 frames.
LOG (gmm-acc-stats-twofeats[5.5.0~1-40c7]:main():gmm-acc-stats-twofeats.cc:140) Average like for this file is -50.353 over 1979 frames.
LOG (gmm-acc-stats-twofeats[5.5.0~1-40c7]:main():gmm-acc-stats-twofeats.cc:140) Average like for this file is -50.4304 over 2059 frames.
LOG (gmm-acc-stats-twofeats[5.5.0~1-40c7]:main():gmm-acc-stats-twofeats.cc:140) Average like for this file is -48.978 over 1456 frames.
LOG (gmm-acc-stats-twofeats[5.5.0~1-40c7]:main():gmm-acc-stats-twofeats.cc:140) Average like for this file is -50.6655 over 1847 frames.
LOG (gmm-acc-stats-twofeats[5.5.0~1-40c7]:main():gmm-acc-stats-twofeats.cc:140) Average like for this file is -50.7003 over 1905 frames.
LOG (gmm-acc-stats-twofeats[5.5.0~1-40c7]:main():gmm-acc-stats-twofeats.cc:140) Average like for this file is -52.1369 over 1861 frames.
LOG (gmm-acc-stats-twofeats[5.5.0~1-40c7]:main():gmm-acc-stats-twofeats.cc:140) Average like for this file is -50.2888 over 1676 frames.
LOG (gmm-acc-stats-twofeats[5.5.0~1-40c7]:main():gmm-acc-stats-twofeats.cc:146) Avg like per frame so far is -50.5121
LOG (gmm-acc-stats-twofeats[5.5.0~1-40c7]:main():gmm-acc-stats-twofeats.cc:140) Average like for this file is -50.3645 over 1369 frames.
LOG (gmm-acc-stats-twofeats[5.5.0~1-40c7]:main():gmm-acc-stats-twofeats.cc:140) Average like for this file is -50.6852 over 1822 frames.
LOG (gmm-acc-stats-twofeats[5.5.0~1-40c7]:main():gmm-acc-stats-twofeats.cc:140) Average like for this file is -50.894 over 1521 frames.
LOG (gmm-acc-stats-twofeats[5.5.0~1-40c7]:main():gmm-acc-stats-twofeats.cc:140) Average like for this file is -50.3664 over 1910 frames.
LOG (gmm-acc-stats-twofeats[5.5.0~1-40c7]:main():gmm-acc-stats-twofeats.cc:140) Average like for this file is -50.0943 over 2036 frames.
LOG (gmm-acc-stats-twofeats[5.5.0~1-40c7]:main():gmm-acc-stats-twofeats.cc:140) Average like for this file is -51.5309 over 1697 frames.
LOG (gmm-acc-stats-twofeats[5.5.0~1-40c7]:main():gmm-acc-stats-twofeats.cc:140) Average like for this file is -50.0774 over 2005 frames.
LOG (gmm-acc-stats-twofeats[5.5.0~1-40c7]:main():gmm-acc-stats-twofeats.cc:140) Average like for this file is -50.6055 over 2293 frames.
LOG (gmm-acc-stats-twofeats[5.5.0~1-40c7]:main():gmm-acc-stats-twofeats.cc:140) Average like for this file is -51.0012 over 2091 frames.
LOG (gmm-acc-stats-twofeats[5.5.0~1-40c7]:main():gmm-acc-stats-twofeats.cc:140) Average like for this file is -51.3086 over 1498 frames.
LOG (gmm-acc-stats-twofeats[5.5.0~1-40c7]:main():gmm-acc-stats-twofeats.cc:146) Avg like per frame so far is -50.5626
LOG (gmm-acc-stats-twofeats[5.5.0~1-40c7]:main():gmm-acc-stats-twofeats.cc:140) Average like for this file is -48.5786 over 1539 frames.
LOG (gmm-acc-stats-twofeats[5.5.0~1-40c7]:main():gmm-acc-stats-twofeats.cc:140) Average like for this file is -50.9883 over 1977 frames.
LOG (gmm-acc-stats-twofeats[5.5.0~1-40c7]:main():gmm-acc-stats-twofeats.cc:140) Average like for this file is -50.8263 over 1675 frames.
LOG (gmm-acc-stats-twofeats[5.5.0~1-40c7]:main():gmm-acc-stats-twofeats.cc:140) Average like for this file is -50.308 over 2126 frames.
LOG (gmm-acc-stats-twofeats[5.5.0~1-40c7]:main():gmm-acc-stats-twofeats.cc:140) Average like for this file is -48.6091 over 1644 frames.
LOG (gmm-acc-stats-twofeats[5.5.0~1-40c7]:main():gmm-acc-stats-twofeats.cc:140) Average like for this file is -48.9578 over 1815 frames.
LOG (gmm-acc-stats-twofeats[5.5.0~1-40c7]:main():gmm-acc-stats-twofeats.cc:140) Average like for this file is -46.6061 over 1310 frames.
LOG (gmm-acc-stats-twofeats[5.5.0~1-40c7]:main():gmm-acc-stats-twofeats.cc:140) Average like for this file is -45.4231 over 1677 frames.
LOG (gmm-acc-stats-twofeats[5.5.0~1-40c7]:main():gmm-acc-stats-twofeats.cc:140) Average like for this file is -51.2347 over 1805 frames.
LOG (gmm-acc-stats-twofeats[5.5.0~1-40c7]:main():gmm-acc-stats-twofeats.cc:140) Average like for this file is -53.556 over 2270 frames.
LOG (gmm-acc-stats-twofeats[5.5.0~1-40c7]:main():gmm-acc-stats-twofeats.cc:146) Avg like per frame so far is -50.371
LOG (gmm-acc-stats-twofeats[5.5.0~1-40c7]:main():gmm-acc-stats-twofeats.cc:140) Average like for this file is -53.5844 over 1914 frames.
LOG (gmm-acc-stats-twofeats[5.5.0~1-40c7]:main():gmm-acc-stats-twofeats.cc:140) Average like for this file is -49.1401 over 1875 frames.
LOG (gmm-acc-stats-twofeats[5.5.0~1-40c7]:main():gmm-acc-stats-twofeats.cc:140) Average like for this file is -50.0141 over 1919 frames.
LOG (gmm-acc-stats-twofeats[5.5.0~1-40c7]:main():gmm-acc-stats-twofeats.cc:140) Average like for this file is -50.013 over 1885 frames.
LOG (gmm-acc-stats-twofeats[5.5.0~1-40c7]:main():gmm-acc-stats-twofeats.cc:140) Average like for this file is -50.6981 over 2222 frames.
LOG (gmm-acc-stats-twofeats[5.5.0~1-40c7]:main():gmm-acc-stats-twofeats.cc:140) Average like for this file is -50.3884 over 2076 frames.
LOG (gmm-acc-stats-twofeats[5.5.0~1-40c7]:main():gmm-acc-stats-twofeats.cc:140) Average like for this file is -51.4239 over 2098 frames.
LOG (gmm-acc-stats-twofeats[5.5.0~1-40c7]:main():gmm-acc-stats-twofeats.cc:140) Average like for this file is -50.7703 over 2036 frames.
LOG (gmm-acc-stats-twofeats[5.5.0~1-40c7]:main():gmm-acc-stats-twofeats.cc:140) Average like for this file is -49.9503 over 2135 frames.
LOG (gmm-acc-stats-twofeats[5.5.0~1-40c7]:main():gmm-acc-stats-twofeats.cc:140) Average like for this file is -51.1553 over 2382 frames.
LOG (gmm-acc-stats-twofeats[5.5.0~1-40c7]:main():gmm-acc-stats-twofeats.cc:146) Avg like per frame so far is -50.4474
LOG (gmm-acc-stats-twofeats[5.5.0~1-40c7]:main():gmm-acc-stats-twofeats.cc:140) Average like for this file is -51.7146 over 1739 frames.
LOG (gmm-acc-stats-twofeats[5.5.0~1-40c7]:main():gmm-acc-stats-twofeats.cc:140) Average like for this file is -52.8888 over 2533 frames.
LOG (gmm-acc-stats-twofeats[5.5.0~1-40c7]:main():gmm-acc-stats-twofeats.cc:140) Average like for this file is -50.6761 over 684 frames.
LOG (gmm-acc-stats-twofeats[5.5.0~1-40c7]:main():gmm-acc-stats-twofeats.cc:140) Average like for this file is -50.9824 over 2241 frames.
LOG (gmm-acc-stats-twofeats[5.5.0~1-40c7]:main():gmm-acc-stats-twofeats.cc:140) Average like for this file is -53.8287 over 2081 frames.
LOG (gmm-acc-stats-twofeats[5.5.0~1-40c7]:main():gmm-acc-stats-twofeats.cc:140) Average like for this file is -52.236 over 1137 frames.
LOG (gmm-acc-stats-twofeats[5.5.0~1-40c7]:main():gmm-acc-stats-twofeats.cc:140) Average like for this file is -51.8564 over 1707 frames.
LOG (gmm-acc-stats-twofeats[5.5.0~1-40c7]:main():gmm-acc-stats-twofeats.cc:140) Average like for this file is -50.9653 over 1991 frames.
LOG (gmm-acc-stats-twofeats[5.5.0~1-40c7]:main():gmm-acc-stats-twofeats.cc:140) Average like for this file is -51.8466 over 1786 frames.
LOG (gmm-acc-stats-twofeats[5.5.0~1-40c7]:main():gmm-acc-stats-twofeats.cc:140) Average like for this file is -52.2386 over 1991 frames.
LOG (gmm-acc-stats-twofeats[5.5.0~1-40c7]:main():gmm-acc-stats-twofeats.cc:146) Avg like per frame so far is -50.6986
LOG (gmm-acc-stats-twofeats[5.5.0~1-40c7]:main():gmm-acc-stats-twofeats.cc:140) Average like for this file is -50.1276 over 2042 frames.
LOG (gmm-acc-stats-twofeats[5.5.0~1-40c7]:main():gmm-acc-stats-twofeats.cc:140) Average like for this file is -50.4557 over 2061 frames.
LOG (gmm-acc-stats-twofeats[5.5.0~1-40c7]:main():gmm-acc-stats-twofeats.cc:140) Average like for this file is -49.6305 over 1855 frames.
LOG (gmm-acc-stats-twofeats[5.5.0~1-40c7]:main():gmm-acc-stats-twofeats.cc:140) Average like for this file is -52.589 over 1998 frames.
LOG (gmm-acc-stats-twofeats[5.5.0~1-40c7]:main():gmm-acc-stats-twofeats.cc:140) Average like for this file is -50.4557 over 2153 frames.
LOG (gmm-acc-stats-twofeats[5.5.0~1-40c7]:main():gmm-acc-stats-twofeats.cc:140) Average like for this file is -51.0842 over 1835 frames.
LOG (gmm-acc-stats-twofeats[5.5.0~1-40c7]:main():gmm-acc-stats-twofeats.cc:140) Average like for this file is -53.175 over 1758 frames.
LOG (gmm-acc-stats-twofeats[5.5.0~1-40c7]:main():gmm-acc-stats-twofeats.cc:140) Average like for this file is -51.1795 over 2046 frames.
LOG (gmm-acc-stats-twofeats[5.5.0~1-40c7]:main():gmm-acc-stats-twofeats.cc:140) Average like for this file is -51.7204 over 1919 frames.
LOG (gmm-acc-stats-twofeats[5.5.0~1-40c7]:main():gmm-acc-stats-twofeats.cc:140) Average like for this file is -51.792 over 2071 frames.
LOG (gmm-acc-stats-twofeats[5.5.0~1-40c7]:main():gmm-acc-stats-twofeats.cc:146) Avg like per frame so far is -50.7732
LOG (gmm-acc-stats-twofeats[5.5.0~1-40c7]:main():gmm-acc-stats-twofeats.cc:140) Average like for this file is -51.5063 over 1858 frames.
LOG (gmm-acc-stats-twofeats[5.5.0~1-40c7]:main():gmm-acc-stats-twofeats.cc:140) Average like for this file is -51.304 over 2129 frames.
LOG (gmm-acc-stats-twofeats[5.5.0~1-40c7]:main():gmm-acc-stats-twofeats.cc:140) Average like for this file is -51.1078 over 1578 frames.
LOG (gmm-acc-stats-twofeats[5.5.0~1-40c7]:main():gmm-acc-stats-twofeats.cc:140) Average like for this file is -51.5758 over 2176 frames.
LOG (gmm-acc-stats-twofeats[5.5.0~1-40c7]:main():gmm-acc-stats-twofeats.cc:140) Average like for this file is -48.5685 over 1851 frames.
LOG (gmm-acc-stats-twofeats[5.5.0~1-40c7]:main():gmm-acc-stats-twofeats.cc:140) Average like for this file is -52.2826 over 1340 frames.
LOG (gmm-acc-stats-twofeats[5.5.0~1-40c7]:main():gmm-acc-stats-twofeats.cc:140) Average like for this file is -50.4546 over 2229 frames.
LOG (gmm-acc-stats-twofeats[5.5.0~1-40c7]:main():gmm-acc-stats-twofeats.cc:140) Average like for this file is -50.234 over 2055 frames.
LOG (gmm-acc-stats-twofeats[5.5.0~1-40c7]:main():gmm-acc-stats-twofeats.cc:140) Average like for this file is -49.4735 over 1582 frames.
LOG (gmm-acc-stats-twofeats[5.5.0~1-40c7]:main():gmm-acc-stats-twofeats.cc:140) Average like for this file is -50.204 over 2095 frames.
LOG (gmm-acc-stats-twofeats[5.5.0~1-40c7]:main():gmm-acc-stats-twofeats.cc:146) Avg like per frame so far is -50.7576
LOG (gmm-acc-stats-twofeats[5.5.0~1-40c7]:main():gmm-acc-stats-twofeats.cc:140) Average like for this file is -49.4144 over 2013 frames.
LOG (gmm-acc-stats-twofeats[5.5.0~1-40c7]:main():gmm-acc-stats-twofeats.cc:140) Average like for this file is -48.8914 over 2186 frames.
LOG (gmm-acc-stats-twofeats[5.5.0~1-40c7]:main():gmm-acc-stats-twofeats.cc:140) Average like for this file is -48.1891 over 2158 frames.
LOG (gmm-acc-stats-twofeats[5.5.0~1-40c7]:main():gmm-acc-stats-twofeats.cc:140) Average like for this file is -50.4056 over 1926 frames.
LOG (gmm-acc-stats-twofeats[5.5.0~1-40c7]:main():gmm-acc-stats-twofeats.cc:140) Average like for this file is -49.9038 over 2076 frames.
LOG (gmm-acc-stats-twofeats[5.5.0~1-40c7]:main():gmm-acc-stats-twofeats.cc:140) Average like for this file is -50.1328 over 2321 frames.
LOG (gmm-acc-stats-twofeats[5.5.0~1-40c7]:main():gmm-acc-stats-twofeats.cc:140) Average like for this file is -49.1564 over 2395 frames.
LOG (gmm-acc-stats-twofeats[5.5.0~1-40c7]:main():gmm-acc-stats-twofeats.cc:140) Average like for this file is -50.834 over 2170 frames.
LOG (gmm-acc-stats-twofeats[5.5.0~1-40c7]:main():gmm-acc-stats-twofeats.cc:140) Average like for this file is -49.8469 over 1837 frames.
LOG (gmm-acc-stats-twofeats[5.5.0~1-40c7]:main():gmm-acc-stats-twofeats.cc:140) Average like for this file is -49.6451 over 2098 frames.
LOG (gmm-acc-stats-twofeats[5.5.0~1-40c7]:main():gmm-acc-stats-twofeats.cc:146) Avg like per frame so far is -50.619
LOG (gmm-acc-stats-twofeats[5.5.0~1-40c7]:main():gmm-acc-stats-twofeats.cc:140) Average like for this file is -47.9152 over 1922 frames.
LOG (gmm-acc-stats-twofeats[5.5.0~1-40c7]:main():gmm-acc-stats-twofeats.cc:140) Average like for this file is -49.4358 over 2132 frames.
LOG (gmm-acc-stats-twofeats[5.5.0~1-40c7]:main():gmm-acc-stats-twofeats.cc:140) Average like for this file is -49.1728 over 1896 frames.
LOG (gmm-acc-stats-twofeats[5.5.0~1-40c7]:main():gmm-acc-stats-twofeats.cc:140) Average like for this file is -49.8015 over 2134 frames.
LOG (gmm-acc-stats-twofeats[5.5.0~1-40c7]:main():gmm-acc-stats-twofeats.cc:140) Average like for this file is -51.2114 over 1958 frames.
LOG (gmm-acc-stats-twofeats[5.5.0~1-40c7]:main():gmm-acc-stats-twofeats.cc:140) Average like for this file is -52.1177 over 2202 frames.
LOG (gmm-acc-stats-twofeats[5.5.0~1-40c7]:main():gmm-acc-stats-twofeats.cc:140) Average like for this file is -49.2977 over 1948 frames.
LOG (gmm-acc-stats-twofeats[5.5.0~1-40c7]:main():gmm-acc-stats-twofeats.cc:140) Average like for this file is -48.5652 over 1551 frames.
LOG (gmm-acc-stats-twofeats[5.5.0~1-40c7]:main():gmm-acc-stats-twofeats.cc:140) Average like for this file is -50.4645 over 2134 frames.
LOG (gmm-acc-stats-twofeats[5.5.0~1-40c7]:main():gmm-acc-stats-twofeats.cc:140) Average like for this file is -49.7558 over 1965 frames.
LOG (gmm-acc-stats-twofeats[5.5.0~1-40c7]:main():gmm-acc-stats-twofeats.cc:146) Avg like per frame so far is -50.5383
LOG (gmm-acc-stats-twofeats[5.5.0~1-40c7]:main():gmm-acc-stats-twofeats.cc:140) Average like for this file is -51.2688 over 2140 frames.
LOG (gmm-acc-stats-twofeats[5.5.0~1-40c7]:main():gmm-acc-stats-twofeats.cc:140) Average like for this file is -49.1664 over 2125 frames.
LOG (gmm-acc-stats-twofeats[5.5.0~1-40c7]:main():gmm-acc-stats-twofeats.cc:140) Average like for this file is -47.3071 over 1649 frames.
LOG (gmm-acc-stats-twofeats[5.5.0~1-40c7]:main():gmm-acc-stats-twofeats.cc:140) Average like for this file is -48.0945 over 931 frames.
LOG (gmm-acc-stats-twofeats[5.5.0~1-40c7]:main():gmm-acc-stats-twofeats.cc:140) Average like for this file is -50.5259 over 1979 frames.
LOG (gmm-acc-stats-twofeats[5.5.0~1-40c7]:main():gmm-acc-stats-twofeats.cc:140) Average like for this file is -49.542 over 2115 frames.
LOG (gmm-acc-stats-twofeats[5.5.0~1-40c7]:main():gmm-acc-stats-twofeats.cc:140) Average like for this file is -49.395 over 1891 frames.
LOG (gmm-acc-stats-twofeats[5.5.0~1-40c7]:main():gmm-acc-stats-twofeats.cc:140) Average like for this file is -50.9745 over 1781 frames.
LOG (gmm-acc-stats-twofeats[5.5.0~1-40c7]:main():gmm-acc-stats-twofeats.cc:140) Average like for this file is -49.5693 over 2254 frames.
LOG (gmm-acc-stats-twofeats[5.5.0~1-40c7]:main():gmm-acc-stats-twofeats.cc:140) Average like for this file is -49.5115 over 2111 frames.
LOG (gmm-acc-stats-twofeats[5.5.0~1-40c7]:main():gmm-acc-stats-twofeats.cc:146) Avg like per frame so far is -50.4587
LOG (gmm-acc-stats-twofeats[5.5.0~1-40c7]:main():gmm-acc-stats-twofeats.cc:140) Average like for this file is -43.1391 over 230 frames.
LOG (gmm-acc-stats-twofeats[5.5.0~1-40c7]:main():gmm-acc-stats-twofeats.cc:140) Average like for this file is -45.61 over 1959 frames.
LOG (gmm-acc-stats-twofeats[5.5.0~1-40c7]:main():gmm-acc-stats-twofeats.cc:140) Average like for this file is -48.7753 over 2149 frames.
LOG (gmm-acc-stats-twofeats[5.5.0~1-40c7]:main():gmm-acc-stats-twofeats.cc:140) Average like for this file is -48.4888 over 2001 frames.
LOG (gmm-acc-stats-twofeats[5.5.0~1-40c7]:main():gmm-acc-stats-twofeats.cc:140) Average like for this file is -47.7051 over 1968 frames.
LOG (gmm-acc-stats-twofeats[5.5.0~1-40c7]:main():gmm-acc-stats-twofeats.cc:140) Average like for this file is -48.3093 over 1831 frames.
LOG (gmm-acc-stats-twofeats[5.5.0~1-40c7]:main():gmm-acc-stats-twofeats.cc:140) Average like for this file is -48.4391 over 2154 frames.
LOG (gmm-acc-stats-twofeats[5.5.0~1-40c7]:main():gmm-acc-stats-twofeats.cc:140) Average like for this file is -49.7119 over 1900 frames.
LOG (gmm-acc-stats-twofeats[5.5.0~1-40c7]:main():gmm-acc-stats-twofeats.cc:140) Average like for this file is -46.2043 over 1909 frames.
LOG (gmm-acc-stats-twofeats[5.5.0~1-40c7]:main():gmm-acc-stats-twofeats.cc:140) Average like for this file is -48.9191 over 1965 frames.
LOG (gmm-acc-stats-twofeats[5.5.0~1-40c7]:main():gmm-acc-stats-twofeats.cc:146) Avg like per frame so far is -50.2624
LOG (gmm-acc-stats-twofeats[5.5.0~1-40c7]:main():gmm-acc-stats-twofeats.cc:140) Average like for this file is -45.9874 over 1966 frames.
LOG (gmm-acc-stats-twofeats[5.5.0~1-40c7]:main():gmm-acc-stats-twofeats.cc:140) Average like for this file is -48.7733 over 2091 frames.
LOG (gmm-acc-stats-twofeats[5.5.0~1-40c7]:main():gmm-acc-stats-twofeats.cc:140) Average like for this file is -47.3619 over 1893 frames.
LOG (gmm-acc-stats-twofeats[5.5.0~1-40c7]:main():gmm-acc-stats-twofeats.cc:140) Average like for this file is -48.4936 over 1863 frames.
LOG (gmm-acc-stats-twofeats[5.5.0~1-40c7]:main():gmm-acc-stats-twofeats.cc:140) Average like for this file is -51.4725 over 1891 frames.
LOG (gmm-acc-stats-twofeats[5.5.0~1-40c7]:main():gmm-acc-stats-twofeats.cc:140) Average like for this file is -49.1539 over 1623 frames.
LOG (gmm-acc-stats-twofeats[5.5.0~1-40c7]:main():gmm-acc-stats-twofeats.cc:140) Average like for this file is -50.1626 over 1997 frames.
LOG (gmm-acc-stats-twofeats[5.5.0~1-40c7]:main():gmm-acc-stats-twofeats.cc:140) Average like for this file is -49.3908 over 1987 frames.
LOG (gmm-acc-stats-twofeats[5.5.0~1-40c7]:main():gmm-acc-stats-twofeats.cc:140) Average like for this file is -51.2105 over 2184 frames.
LOG (gmm-acc-stats-twofeats[5.5.0~1-40c7]:main():gmm-acc-stats-twofeats.cc:140) Average like for this file is -47.6384 over 1771 frames.
LOG (gmm-acc-stats-twofeats[5.5.0~1-40c7]:main():gmm-acc-stats-twofeats.cc:146) Avg like per frame so far is -50.1646
LOG (gmm-acc-stats-twofeats[5.5.0~1-40c7]:main():gmm-acc-stats-twofeats.cc:140) Average like for this file is -50.0251 over 1894 frames.
LOG (gmm-acc-stats-twofeats[5.5.0~1-40c7]:main():gmm-acc-stats-twofeats.cc:140) Average like for this file is -51.1439 over 2024 frames.
LOG (gmm-acc-stats-twofeats[5.5.0~1-40c7]:main():gmm-acc-stats-twofeats.cc:140) Average like for this file is -51.6114 over 1745 frames.
LOG (gmm-acc-stats-twofeats[5.5.0~1-40c7]:main():gmm-acc-stats-twofeats.cc:140) Average like for this file is -49.6505 over 1724 frames.
LOG (gmm-acc-stats-twofeats[5.5.0~1-40c7]:main():gmm-acc-stats-twofeats.cc:140) Average like for this file is -49.0092 over 1461 frames.
LOG (gmm-acc-stats-twofeats[5.5.0~1-40c7]:main():gmm-acc-stats-twofeats.cc:140) Average like for this file is -48.8757 over 1892 frames.
LOG (gmm-acc-stats-twofeats[5.5.0~1-40c7]:main():gmm-acc-stats-twofeats.cc:140) Average like for this file is -49.3654 over 1685 frames.
LOG (gmm-acc-stats-twofeats[5.5.0~1-40c7]:main():gmm-acc-stats-twofeats.cc:140) Average like for this file is -51.5439 over 597 frames.
LOG (gmm-acc-stats-twofeats[5.5.0~1-40c7]:main():gmm-acc-stats-twofeats.cc:140) Average like for this file is -50.4456 over 1601 frames.
LOG (gmm-acc-stats-twofeats[5.5.0~1-40c7]:main():gmm-acc-stats-twofeats.cc:140) Average like for this file is -47.604 over 1789 frames.
LOG (gmm-acc-stats-twofeats[5.5.0~1-40c7]:main():gmm-acc-stats-twofeats.cc:146) Avg like per frame so far is -50.1441
LOG (gmm-acc-stats-twofeats[5.5.0~1-40c7]:main():gmm-acc-stats-twofeats.cc:140) Average like for this file is -48.1787 over 1843 frames.
LOG (gmm-acc-stats-twofeats[5.5.0~1-40c7]:main():gmm-acc-stats-twofeats.cc:140) Average like for this file is -52.6337 over 2267 frames.
LOG (gmm-acc-stats-twofeats[5.5.0~1-40c7]:main():gmm-acc-stats-twofeats.cc:140) Average like for this file is -51.9653 over 1099 frames.
LOG (gmm-acc-stats-twofeats[5.5.0~1-40c7]:main():gmm-acc-stats-twofeats.cc:140) Average like for this file is -49.2593 over 1744 frames.
LOG (gmm-acc-stats-twofeats[5.5.0~1-40c7]:main():gmm-acc-stats-twofeats.cc:140) Average like for this file is -50.4028 over 1209 frames.
LOG (gmm-acc-stats-twofeats[5.5.0~1-40c7]:main():gmm-acc-stats-twofeats.cc:140) Average like for this file is -48.4127 over 2060 frames.
LOG (gmm-acc-stats-twofeats[5.5.0~1-40c7]:main():gmm-acc-stats-twofeats.cc:140) Average like for this file is -48.5144 over 2094 frames.
LOG (gmm-acc-stats-twofeats[5.5.0~1-40c7]:main():gmm-acc-stats-twofeats.cc:140) Average like for this file is -48.63 over 2556 frames.
LOG (gmm-acc-stats-twofeats[5.5.0~1-40c7]:main():gmm-acc-stats-twofeats.cc:140) Average like for this file is -47.3476 over 2188 frames.
LOG (gmm-acc-stats-twofeats[5.5.0~1-40c7]:main():gmm-acc-stats-twofeats.cc:140) Average like for this file is -47.0447 over 1881 frames.
LOG (gmm-acc-stats-twofeats[5.5.0~1-40c7]:main():gmm-acc-stats-twofeats.cc:146) Avg like per frame so far is -50.0737
LOG (gmm-acc-stats-twofeats[5.5.0~1-40c7]:main():gmm-acc-stats-twofeats.cc:140) Average like for this file is -48.8596 over 1744 frames.
LOG (gmm-acc-stats-twofeats[5.5.0~1-40c7]:main():gmm-acc-stats-twofeats.cc:140) Average like for this file is -47.806 over 2157 frames.
LOG (gmm-acc-stats-twofeats[5.5.0~1-40c7]:main():gmm-acc-stats-twofeats.cc:140) Average like for this file is -45.6307 over 2061 frames.
LOG (gmm-acc-stats-twofeats[5.5.0~1-40c7]:main():gmm-acc-stats-twofeats.cc:140) Average like for this file is -48.9172 over 2105 frames.
LOG (gmm-acc-stats-twofeats[5.5.0~1-40c7]:main():gmm-acc-stats-twofeats.cc:140) Average like for this file is -49.1712 over 2193 frames.
LOG (gmm-acc-stats-twofeats[5.5.0~1-40c7]:main():gmm-acc-stats-twofeats.cc:140) Average like for this file is -50.2411 over 686 frames.
LOG (gmm-acc-stats-twofeats[5.5.0~1-40c7]:main():gmm-acc-stats-twofeats.cc:140) Average like for this file is -50.2383 over 2127 frames.
LOG (gmm-acc-stats-twofeats[5.5.0~1-40c7]:main():gmm-acc-stats-twofeats.cc:140) Average like for this file is -48.6503 over 1968 frames.
LOG (gmm-acc-stats-twofeats[5.5.0~1-40c7]:main():gmm-acc-stats-twofeats.cc:140) Average like for this file is -45.4387 over 1959 frames.
LOG (gmm-acc-stats-twofeats[5.5.0~1-40c7]:main():gmm-acc-stats-twofeats.cc:140) Average like for this file is -52.7364 over 2312 frames.
LOG (gmm-acc-stats-twofeats[5.5.0~1-40c7]:main():gmm-acc-stats-twofeats.cc:146) Avg like per frame so far is -49.9885
LOG (gmm-acc-stats-twofeats[5.5.0~1-40c7]:main():gmm-acc-stats-twofeats.cc:140) Average like for this file is -49.7098 over 2128 frames.
LOG (gmm-acc-stats-twofeats[5.5.0~1-40c7]:main():gmm-acc-stats-twofeats.cc:140) Average like for this file is -45.475 over 1565 frames.
LOG (gmm-acc-stats-twofeats[5.5.0~1-40c7]:main():gmm-acc-stats-twofeats.cc:140) Average like for this file is -48.7309 over 1908 frames.
LOG (gmm-acc-stats-twofeats[5.5.0~1-40c7]:main():gmm-acc-stats-twofeats.cc:140) Average like for this file is -51.3727 over 1777 frames.
LOG (gmm-acc-stats-twofeats[5.5.0~1-40c7]:main():gmm-acc-stats-twofeats.cc:140) Average like for this file is -49.0355 over 2420 frames.
LOG (gmm-acc-stats-twofeats[5.5.0~1-40c7]:main():gmm-acc-stats-twofeats.cc:140) Average like for this file is -50.995 over 2055 frames.
LOG (gmm-acc-stats-twofeats[5.5.0~1-40c7]:main():gmm-acc-stats-twofeats.cc:140) Average like for this file is -49.2285 over 1978 frames.
LOG (gmm-acc-stats-twofeats[5.5.0~1-40c7]:main():gmm-acc-stats-twofeats.cc:140) Average like for this file is -47.6326 over 1344 frames.
LOG (gmm-acc-stats-twofeats[5.5.0~1-40c7]:main():gmm-acc-stats-twofeats.cc:140) Average like for this file is -49.8672 over 1830 frames.
LOG (gmm-acc-stats-twofeats[5.5.0~1-40c7]:main():gmm-acc-stats-twofeats.cc:140) Average like for this file is -47.7515 over 2083 frames.
LOG (gmm-acc-stats-twofeats[5.5.0~1-40c7]:main():gmm-acc-stats-twofeats.cc:146) Avg like per frame so far is -49.9346
LOG (gmm-acc-stats-twofeats[5.5.0~1-40c7]:main():gmm-acc-stats-twofeats.cc:140) Average like for this file is -51.9609 over 1875 frames.
LOG (gmm-acc-stats-twofeats[5.5.0~1-40c7]:main():gmm-acc-stats-twofeats.cc:140) Average like for this file is -48.341 over 2081 frames.
LOG (gmm-acc-stats-twofeats[5.5.0~1-40c7]:main():gmm-acc-stats-twofeats.cc:140) Average like for this file is -51.2748 over 2213 frames.
LOG (gmm-acc-stats-twofeats[5.5.0~1-40c7]:main():gmm-acc-stats-twofeats.cc:140) Average like for this file is -50.1787 over 2196 frames.
LOG (gmm-acc-stats-twofeats[5.5.0~1-40c7]:main():gmm-acc-stats-twofeats.cc:140) Average like for this file is -48.7079 over 2184 frames.
LOG (gmm-acc-stats-twofeats[5.5.0~1-40c7]:main():gmm-acc-stats-twofeats.cc:140) Average like for this file is -49.158 over 2333 frames.
LOG (gmm-acc-stats-twofeats[5.5.0~1-40c7]:main():gmm-acc-stats-twofeats.cc:140) Average like for this file is -48.2531 over 1625 frames.
LOG (gmm-acc-stats-twofeats[5.5.0~1-40c7]:main():gmm-acc-stats-twofeats.cc:140) Average like for this file is -49.469 over 1574 frames.
LOG (gmm-acc-stats-twofeats[5.5.0~1-40c7]:main():gmm-acc-stats-twofeats.cc:140) Average like for this file is -49.8253 over 2173 frames.
LOG (gmm-acc-stats-twofeats[5.5.0~1-40c7]:main():gmm-acc-stats-twofeats.cc:140) Average like for this file is -50.0819 over 2096 frames.
LOG (gmm-acc-stats-twofeats[5.5.0~1-40c7]:main():gmm-acc-stats-twofeats.cc:146) Avg like per frame so far is -49.9232
LOG (gmm-acc-stats-twofeats[5.5.0~1-40c7]:main():gmm-acc-stats-twofeats.cc:140) Average like for this file is -48.0261 over 1998 frames.
LOG (gmm-acc-stats-twofeats[5.5.0~1-40c7]:main():gmm-acc-stats-twofeats.cc:140) Average like for this file is -47.382 over 2062 frames.
LOG (gmm-acc-stats-twofeats[5.5.0~1-40c7]:main():gmm-acc-stats-twofeats.cc:140) Average like for this file is -48.7237 over 2053 frames.
LOG (gmm-acc-stats-twofeats[5.5.0~1-40c7]:main():gmm-acc-stats-twofeats.cc:140) Average like for this file is -48.6905 over 1924 frames.
LOG (gmm-acc-stats-twofeats[5.5.0~1-40c7]:main():gmm-acc-stats-twofeats.cc:140) Average like for this file is -49.0131 over 2144 frames.
LOG (gmm-acc-stats-twofeats[5.5.0~1-40c7]:main():gmm-acc-stats-twofeats.cc:140) Average like for this file is -48.9204 over 2072 frames.
LOG (gmm-acc-stats-twofeats[5.5.0~1-40c7]:main():gmm-acc-stats-twofeats.cc:140) Average like for this file is -45.2619 over 2017 frames.
LOG (gmm-acc-stats-twofeats[5.5.0~1-40c7]:main():gmm-acc-stats-twofeats.cc:140) Average like for this file is -48.4672 over 2158 frames.
LOG (gmm-acc-stats-twofeats[5.5.0~1-40c7]:main():gmm-acc-stats-twofeats.cc:140) Average like for this file is -48.689 over 1893 frames.
LOG (gmm-acc-stats-twofeats[5.5.0~1-40c7]:main():gmm-acc-stats-twofeats.cc:140) Average like for this file is -45.5025 over 979 frames.
LOG (gmm-acc-stats-twofeats[5.5.0~1-40c7]:main():gmm-acc-stats-twofeats.cc:146) Avg like per frame so far is -49.8207
LOG (gmm-acc-stats-twofeats[5.5.0~1-40c7]:main():gmm-acc-stats-twofeats.cc:140) Average like for this file is -50.1659 over 1158 frames.
LOG (gmm-acc-stats-twofeats[5.5.0~1-40c7]:main():gmm-acc-stats-twofeats.cc:140) Average like for this file is -46.1747 over 1956 frames.
LOG (gmm-acc-stats-twofeats[5.5.0~1-40c7]:main():gmm-acc-stats-twofeats.cc:140) Average like for this file is -46.1617 over 1445 frames.
LOG (gmm-acc-stats-twofeats[5.5.0~1-40c7]:main():gmm-acc-stats-twofeats.cc:140) Average like for this file is -46.0703 over 1860 frames.
LOG (gmm-acc-stats-twofeats[5.5.0~1-40c7]:main():gmm-acc-stats-twofeats.cc:140) Average like for this file is -45.328 over 361 frames.
LOG (gmm-acc-stats-twofeats[5.5.0~1-40c7]:main():gmm-acc-stats-twofeats.cc:140) Average like for this file is -46.9955 over 1705 frames.
LOG (gmm-acc-stats-twofeats[5.5.0~1-40c7]:main():gmm-acc-stats-twofeats.cc:140) Average like for this file is -47.8244 over 2152 frames.
LOG (gmm-acc-stats-twofeats[5.5.0~1-40c7]:main():gmm-acc-stats-twofeats.cc:140) Average like for this file is -50.7578 over 1733 frames.
LOG (gmm-acc-stats-twofeats[5.5.0~1-40c7]:main():gmm-acc-stats-twofeats.cc:140) Average like for this file is -46.2519 over 1814 frames.
LOG (gmm-acc-stats-twofeats[5.5.0~1-40c7]:main():gmm-acc-stats-twofeats.cc:140) Average like for this file is -49.4064 over 1989 frames.
LOG (gmm-acc-stats-twofeats[5.5.0~1-40c7]:main():gmm-acc-stats-twofeats.cc:146) Avg like per frame so far is -49.7271
LOG (gmm-acc-stats-twofeats[5.5.0~1-40c7]:main():gmm-acc-stats-twofeats.cc:140) Average like for this file is -50.5575 over 1909 frames.
LOG (gmm-acc-stats-twofeats[5.5.0~1-40c7]:main():gmm-acc-stats-twofeats.cc:140) Average like for this file is -48.8675 over 2035 frames.
LOG (gmm-acc-stats-twofeats[5.5.0~1-40c7]:main():gmm-acc-stats-twofeats.cc:140) Average like for this file is -49.7716 over 2315 frames.
LOG (gmm-acc-stats-twofeats[5.5.0~1-40c7]:main():gmm-acc-stats-twofeats.cc:140) Average like for this file is -49.4456 over 1992 frames.
LOG (gmm-acc-stats-twofeats[5.5.0~1-40c7]:main():gmm-acc-stats-twofeats.cc:140) Average like for this file is -45.7673 over 1866 frames.
LOG (gmm-acc-stats-twofeats[5.5.0~1-40c7]:main():gmm-acc-stats-twofeats.cc:140) Average like for this file is -48.9984 over 2071 frames.
LOG (gmm-acc-stats-twofeats[5.5.0~1-40c7]:main():gmm-acc-stats-twofeats.cc:140) Average like for this file is -47.1945 over 1957 frames.
LOG (gmm-acc-stats-twofeats[5.5.0~1-40c7]:main():gmm-acc-stats-twofeats.cc:140) Average like for this file is -49.2834 over 2028 frames.
LOG (gmm-acc-stats-twofeats[5.5.0~1-40c7]:main():gmm-acc-stats-twofeats.cc:140) Average like for this file is -47.5885 over 1985 frames.
LOG (gmm-acc-stats-twofeats[5.5.0~1-40c7]:main():gmm-acc-stats-twofeats.cc:140) Average like for this file is -49.1152 over 445 frames.
LOG (gmm-acc-stats-twofeats[5.5.0~1-40c7]:main():gmm-acc-stats-twofeats.cc:146) Avg like per frame so far is -49.677
LOG (gmm-acc-stats-twofeats[5.5.0~1-40c7]:main():gmm-acc-stats-twofeats.cc:140) Average like for this file is -46.5828 over 1871 frames.
LOG (gmm-acc-stats-twofeats[5.5.0~1-40c7]:main():gmm-acc-stats-twofeats.cc:140) Average like for this file is -49.1511 over 2111 frames.
LOG (gmm-acc-stats-twofeats[5.5.0~1-40c7]:main():gmm-acc-stats-twofeats.cc:140) Average like for this file is -46.7744 over 620 frames.
LOG (gmm-acc-stats-twofeats[5.5.0~1-40c7]:main():gmm-acc-stats-twofeats.cc:140) Average like for this file is -48.6681 over 1842 frames.
LOG (gmm-acc-stats-twofeats[5.5.0~1-40c7]:main():gmm-acc-stats-twofeats.cc:140) Average like for this file is -48.112 over 1314 frames.
LOG (gmm-acc-stats-twofeats[5.5.0~1-40c7]:main():gmm-acc-stats-twofeats.cc:140) Average like for this file is -44.8366 over 1775 frames.
LOG (gmm-acc-stats-twofeats[5.5.0~1-40c7]:main():gmm-acc-stats-twofeats.cc:140) Average like for this file is -47.1691 over 1784 frames.
LOG (gmm-acc-stats-twofeats[5.5.0~1-40c7]:main():gmm-acc-stats-twofeats.cc:140) Average like for this file is -48.1933 over 1713 frames.
LOG (gmm-acc-stats-twofeats[5.5.0~1-40c7]:main():gmm-acc-stats-twofeats.cc:140) Average like for this file is -48.2568 over 1893 frames.
LOG (gmm-acc-stats-twofeats[5.5.0~1-40c7]:main():gmm-acc-stats-twofeats.cc:140) Average like for this file is -50.6181 over 2162 frames.
LOG (gmm-acc-stats-twofeats[5.5.0~1-40c7]:main():gmm-acc-stats-twofeats.cc:146) Avg like per frame so far is -49.6072
LOG (apply-cmvn[5.5.0~1-40c7]:main():apply-cmvn.cc:162) Applied cepstral mean normalization to 224 utterances, errors on 0
LOG (gmm-acc-stats-twofeats[5.5.0~1-40c7]:main():gmm-acc-stats-twofeats.cc:140) Average like for this file is -46.2958 over 1590 frames.
LOG (ali-to-post[5.5.0~1-40c7]:main():ali-to-post.cc:73) Converted 224 alignments.
LOG (apply-cmvn[5.5.0~1-40c7]:main():apply-cmvn.cc:162) Applied cepstral mean normalization to 224 utterances, errors on 0
LOG (gmm-acc-stats-twofeats[5.5.0~1-40c7]:main():gmm-acc-stats-twofeats.cc:140) Average like for this file is -50.0485 over 2068 frames.
LOG (transform-feats[5.5.0~1-40c7]:main():transform-feats.cc:158) Overall average [pseudo-]logdet is -100.497 over 420743 frames.
LOG (transform-feats[5.5.0~1-40c7]:main():transform-feats.cc:161) Applied transform to 224 utterances; 0 had errors.
LOG (gmm-acc-stats-twofeats[5.5.0~1-40c7]:main():gmm-acc-stats-twofeats.cc:140) Average like for this file is -48.17 over 1358 frames.
LOG (transform-feats[5.5.0~1-40c7]:main():transform-feats.cc:158) Overall average logdet is 3.49316 over 420743 frames.
LOG (transform-feats[5.5.0~1-40c7]:main():transform-feats.cc:161) Applied transform to 224 utterances; 0 had errors.
LOG (transform-feats[5.5.0~1-40c7]:main():transform-feats.cc:158) Overall average [pseudo-]logdet is -100.497 over 420743 frames.
LOG (transform-feats[5.5.0~1-40c7]:main():transform-feats.cc:161) Applied transform to 224 utterances; 0 had errors.
LOG (gmm-acc-stats-twofeats[5.5.0~1-40c7]:main():gmm-acc-stats-twofeats.cc:140) Average like for this file is -50.3528 over 1819 frames.
LOG (gmm-acc-stats-twofeats[5.5.0~1-40c7]:main():gmm-acc-stats-twofeats.cc:150) Done 224 files, 0 with no posteriors, 0 with no second features, 0 with other errors.
LOG (gmm-acc-stats-twofeats[5.5.0~1-40c7]:main():gmm-acc-stats-twofeats.cc:155) Overall avg like per frame (Gaussian only) = -49.5955 over 420743 frames.
LOG (gmm-acc-stats-twofeats[5.5.0~1-40c7]:main():gmm-acc-stats-twofeats.cc:163) Written accs.
# Accounting: time=8 threads=1
# Ended (code 0) at Mon Dec  7 02:06:41 UTC 2020, elapsed time 8 seconds
