# gmm-align-compiled --transition-scale=1.0 --acoustic-scale=0.1 --self-loop-scale=0.1 --beam=10 --retry-beam=40 --careful=false "gmm-boost-silence --boost=1.0 1 exp/tri4a/20.mdl - |" "ark:gunzip -c exp/tri4a/fsts.18.gz|" "ark,s,cs:apply-cmvn  --utt2spk=ark:data/train/split32/18/utt2spk scp:data/train/split32/18/cmvn.scp scp:data/train/split32/18/feats.scp ark:- | splice-feats  ark:- ark:- | transform-feats exp/tri3a_ali/final.mat ark:- ark:- | transform-feats --utt2spk=ark:data/train/split32/18/utt2spk ark:exp/tri4a/trans.18 ark:- ark:- |" "ark:|gzip -c >exp/tri4a/ali.18.gz" 
# Started at Mon Dec  7 02:00:58 UTC 2020
#
gmm-align-compiled --transition-scale=1.0 --acoustic-scale=0.1 --self-loop-scale=0.1 --beam=10 --retry-beam=40 --careful=false 'gmm-boost-silence --boost=1.0 1 exp/tri4a/20.mdl - |' 'ark:gunzip -c exp/tri4a/fsts.18.gz|' 'ark,s,cs:apply-cmvn  --utt2spk=ark:data/train/split32/18/utt2spk scp:data/train/split32/18/cmvn.scp scp:data/train/split32/18/feats.scp ark:- | splice-feats  ark:- ark:- | transform-feats exp/tri3a_ali/final.mat ark:- ark:- | transform-feats --utt2spk=ark:data/train/split32/18/utt2spk ark:exp/tri4a/trans.18 ark:- ark:- |' 'ark:|gzip -c >exp/tri4a/ali.18.gz' 
gmm-boost-silence --boost=1.0 1 exp/tri4a/20.mdl - 
WARNING (gmm-boost-silence[5.5.0~1-40c7]:main():gmm-boost-silence.cc:82) The pdfs for the silence phones may be shared by other phones (note: this probably does not matter.)
LOG (gmm-boost-silence[5.5.0~1-40c7]:main():gmm-boost-silence.cc:93) Boosted weights for 5 pdfs, by factor of 1
LOG (gmm-boost-silence[5.5.0~1-40c7]:main():gmm-boost-silence.cc:103) Wrote model to -
splice-feats ark:- ark:- 
transform-feats --utt2spk=ark:data/train/split32/18/utt2spk ark:exp/tri4a/trans.18 ark:- ark:- 
transform-feats exp/tri3a_ali/final.mat ark:- ark:- 
apply-cmvn --utt2spk=ark:data/train/split32/18/utt2spk scp:data/train/split32/18/cmvn.scp scp:data/train/split32/18/feats.scp ark:- 
LOG (gmm-align-compiled[5.5.0~1-40c7]:main():gmm-align-compiled.cc:127) 5049-25947-0000
LOG (gmm-align-compiled[5.5.0~1-40c7]:main():gmm-align-compiled.cc:127) 5049-25947-0001
LOG (gmm-align-compiled[5.5.0~1-40c7]:main():gmm-align-compiled.cc:127) 5049-25947-0002
LOG (gmm-align-compiled[5.5.0~1-40c7]:main():gmm-align-compiled.cc:127) 5049-25947-0003
LOG (gmm-align-compiled[5.5.0~1-40c7]:main():gmm-align-compiled.cc:127) 5049-25947-0004
LOG (gmm-align-compiled[5.5.0~1-40c7]:main():gmm-align-compiled.cc:127) 5049-25947-0005
LOG (gmm-align-compiled[5.5.0~1-40c7]:main():gmm-align-compiled.cc:127) 5049-25947-0006
LOG (gmm-align-compiled[5.5.0~1-40c7]:main():gmm-align-compiled.cc:127) 5049-25947-0007
LOG (gmm-align-compiled[5.5.0~1-40c7]:main():gmm-align-compiled.cc:127) 5049-25947-0008
LOG (gmm-align-compiled[5.5.0~1-40c7]:main():gmm-align-compiled.cc:127) 5049-25947-0009
LOG (gmm-align-compiled[5.5.0~1-40c7]:main():gmm-align-compiled.cc:127) 5049-25947-0010
LOG (gmm-align-compiled[5.5.0~1-40c7]:main():gmm-align-compiled.cc:127) 5049-25947-0011
LOG (gmm-align-compiled[5.5.0~1-40c7]:main():gmm-align-compiled.cc:127) 5049-25947-0012
LOG (gmm-align-compiled[5.5.0~1-40c7]:main():gmm-align-compiled.cc:127) 5049-25947-0013
LOG (gmm-align-compiled[5.5.0~1-40c7]:main():gmm-align-compiled.cc:127) 5049-25947-0014
LOG (gmm-align-compiled[5.5.0~1-40c7]:main():gmm-align-compiled.cc:127) 5049-25947-0015
LOG (gmm-align-compiled[5.5.0~1-40c7]:main():gmm-align-compiled.cc:127) 5049-25947-0016
LOG (gmm-align-compiled[5.5.0~1-40c7]:main():gmm-align-compiled.cc:127) 5049-25947-0017
LOG (gmm-align-compiled[5.5.0~1-40c7]:main():gmm-align-compiled.cc:127) 5049-25947-0018
WARNING (gmm-align-compiled[5.5.0~1-40c7]:AlignUtteranceWrapper():decoder-wrappers.cc:617) Retrying utterance 5049-25947-0018 with beam 40
LOG (gmm-align-compiled[5.5.0~1-40c7]:main():gmm-align-compiled.cc:127) 5049-25947-0019
LOG (gmm-align-compiled[5.5.0~1-40c7]:main():gmm-align-compiled.cc:127) 5049-25947-0020
LOG (gmm-align-compiled[5.5.0~1-40c7]:main():gmm-align-compiled.cc:127) 5049-25947-0021
LOG (gmm-align-compiled[5.5.0~1-40c7]:main():gmm-align-compiled.cc:127) 5049-25947-0022
LOG (gmm-align-compiled[5.5.0~1-40c7]:main():gmm-align-compiled.cc:127) 5049-25947-0023
LOG (gmm-align-compiled[5.5.0~1-40c7]:main():gmm-align-compiled.cc:127) 5049-25947-0024
LOG (gmm-align-compiled[5.5.0~1-40c7]:main():gmm-align-compiled.cc:127) 5049-25947-0025
LOG (gmm-align-compiled[5.5.0~1-40c7]:main():gmm-align-compiled.cc:127) 5049-25947-0026
LOG (gmm-align-compiled[5.5.0~1-40c7]:main():gmm-align-compiled.cc:127) 5049-25947-0027
LOG (gmm-align-compiled[5.5.0~1-40c7]:main():gmm-align-compiled.cc:127) 5049-25947-0028
LOG (gmm-align-compiled[5.5.0~1-40c7]:main():gmm-align-compiled.cc:127) 5049-25947-0029
LOG (gmm-align-compiled[5.5.0~1-40c7]:main():gmm-align-compiled.cc:127) 5049-25947-0030
LOG (gmm-align-compiled[5.5.0~1-40c7]:main():gmm-align-compiled.cc:127) 5049-25947-0031
WARNING (gmm-align-compiled[5.5.0~1-40c7]:AlignUtteranceWrapper():decoder-wrappers.cc:617) Retrying utterance 5049-25947-0031 with beam 40
LOG (gmm-align-compiled[5.5.0~1-40c7]:main():gmm-align-compiled.cc:127) 5049-25947-0032
LOG (gmm-align-compiled[5.5.0~1-40c7]:main():gmm-align-compiled.cc:127) 5049-25947-0033
LOG (gmm-align-compiled[5.5.0~1-40c7]:main():gmm-align-compiled.cc:127) 5049-25947-0034
LOG (gmm-align-compiled[5.5.0~1-40c7]:main():gmm-align-compiled.cc:127) 5049-25947-0035
LOG (gmm-align-compiled[5.5.0~1-40c7]:main():gmm-align-compiled.cc:127) 5049-25947-0036
LOG (gmm-align-compiled[5.5.0~1-40c7]:main():gmm-align-compiled.cc:127) 5049-25947-0037
LOG (gmm-align-compiled[5.5.0~1-40c7]:main():gmm-align-compiled.cc:127) 5049-25947-0038
LOG (gmm-align-compiled[5.5.0~1-40c7]:main():gmm-align-compiled.cc:127) 5049-25947-0039
LOG (gmm-align-compiled[5.5.0~1-40c7]:main():gmm-align-compiled.cc:127) 5049-25947-0040
LOG (gmm-align-compiled[5.5.0~1-40c7]:main():gmm-align-compiled.cc:127) 5049-25947-0041
LOG (gmm-align-compiled[5.5.0~1-40c7]:main():gmm-align-compiled.cc:127) 5049-25947-0042
LOG (gmm-align-compiled[5.5.0~1-40c7]:main():gmm-align-compiled.cc:127) 5049-25947-0043
LOG (gmm-align-compiled[5.5.0~1-40c7]:main():gmm-align-compiled.cc:127) 5049-25947-0044
LOG (gmm-align-compiled[5.5.0~1-40c7]:main():gmm-align-compiled.cc:127) 5049-25947-0045
LOG (gmm-align-compiled[5.5.0~1-40c7]:main():gmm-align-compiled.cc:127) 5049-25947-0046
LOG (gmm-align-compiled[5.5.0~1-40c7]:main():gmm-align-compiled.cc:127) 5049-25947-0047
LOG (gmm-align-compiled[5.5.0~1-40c7]:main():gmm-align-compiled.cc:127) 5049-25947-0048
LOG (gmm-align-compiled[5.5.0~1-40c7]:main():gmm-align-compiled.cc:127) 5049-25947-0049
WARNING (gmm-align-compiled[5.5.0~1-40c7]:AlignUtteranceWrapper():decoder-wrappers.cc:617) Retrying utterance 5049-25947-0049 with beam 40
LOG (gmm-align-compiled[5.5.0~1-40c7]:main():gmm-align-compiled.cc:127) 5049-25947-0050
LOG (gmm-align-compiled[5.5.0~1-40c7]:main():gmm-align-compiled.cc:127) 5049-25947-0051
LOG (gmm-align-compiled[5.5.0~1-40c7]:main():gmm-align-compiled.cc:127) 5049-25947-0052
LOG (gmm-align-compiled[5.5.0~1-40c7]:main():gmm-align-compiled.cc:127) 5049-25947-0053
LOG (gmm-align-compiled[5.5.0~1-40c7]:main():gmm-align-compiled.cc:127) 5049-25947-0054
LOG (gmm-align-compiled[5.5.0~1-40c7]:main():gmm-align-compiled.cc:127) 5049-25947-0055
LOG (gmm-align-compiled[5.5.0~1-40c7]:main():gmm-align-compiled.cc:127) 5049-25947-0056
LOG (gmm-align-compiled[5.5.0~1-40c7]:main():gmm-align-compiled.cc:127) 5049-25947-0057
LOG (gmm-align-compiled[5.5.0~1-40c7]:main():gmm-align-compiled.cc:127) 5049-25947-0058
LOG (gmm-align-compiled[5.5.0~1-40c7]:main():gmm-align-compiled.cc:127) 5049-25947-0059
LOG (gmm-align-compiled[5.5.0~1-40c7]:main():gmm-align-compiled.cc:127) 5049-25947-0060
LOG (gmm-align-compiled[5.5.0~1-40c7]:main():gmm-align-compiled.cc:127) 5049-25947-0061
LOG (gmm-align-compiled[5.5.0~1-40c7]:main():gmm-align-compiled.cc:127) 5049-25947-0062
LOG (gmm-align-compiled[5.5.0~1-40c7]:main():gmm-align-compiled.cc:127) 5049-25947-0063
LOG (gmm-align-compiled[5.5.0~1-40c7]:main():gmm-align-compiled.cc:127) 5049-25947-0064
LOG (gmm-align-compiled[5.5.0~1-40c7]:main():gmm-align-compiled.cc:127) 5049-25947-0065
LOG (gmm-align-compiled[5.5.0~1-40c7]:main():gmm-align-compiled.cc:127) 5049-25947-0066
LOG (gmm-align-compiled[5.5.0~1-40c7]:main():gmm-align-compiled.cc:127) 5049-25947-0067
LOG (gmm-align-compiled[5.5.0~1-40c7]:main():gmm-align-compiled.cc:127) 5049-25947-0068
LOG (gmm-align-compiled[5.5.0~1-40c7]:main():gmm-align-compiled.cc:127) 5049-25947-0069
LOG (gmm-align-compiled[5.5.0~1-40c7]:main():gmm-align-compiled.cc:127) 5049-25947-0070
LOG (gmm-align-compiled[5.5.0~1-40c7]:main():gmm-align-compiled.cc:127) 5049-25947-0071
LOG (gmm-align-compiled[5.5.0~1-40c7]:main():gmm-align-compiled.cc:127) 5049-25947-0072
LOG (gmm-align-compiled[5.5.0~1-40c7]:main():gmm-align-compiled.cc:127) 5049-25947-0073
LOG (gmm-align-compiled[5.5.0~1-40c7]:main():gmm-align-compiled.cc:127) 5049-25947-0074
LOG (gmm-align-compiled[5.5.0~1-40c7]:main():gmm-align-compiled.cc:127) 5049-25947-0075
LOG (gmm-align-compiled[5.5.0~1-40c7]:main():gmm-align-compiled.cc:127) 5049-25947-0076
LOG (gmm-align-compiled[5.5.0~1-40c7]:main():gmm-align-compiled.cc:127) 5049-25947-0077
LOG (gmm-align-compiled[5.5.0~1-40c7]:main():gmm-align-compiled.cc:127) 5049-25947-0078
LOG (gmm-align-compiled[5.5.0~1-40c7]:main():gmm-align-compiled.cc:127) 5049-25947-0079
LOG (gmm-align-compiled[5.5.0~1-40c7]:main():gmm-align-compiled.cc:127) 5049-25947-0080
LOG (gmm-align-compiled[5.5.0~1-40c7]:main():gmm-align-compiled.cc:127) 5049-25947-0081
LOG (gmm-align-compiled[5.5.0~1-40c7]:main():gmm-align-compiled.cc:127) 5049-25947-0082
LOG (gmm-align-compiled[5.5.0~1-40c7]:main():gmm-align-compiled.cc:127) 5049-25947-0083
LOG (gmm-align-compiled[5.5.0~1-40c7]:main():gmm-align-compiled.cc:127) 5049-25947-0084
LOG (gmm-align-compiled[5.5.0~1-40c7]:main():gmm-align-compiled.cc:127) 5049-25947-0085
LOG (gmm-align-compiled[5.5.0~1-40c7]:main():gmm-align-compiled.cc:127) 5049-25947-0086
LOG (gmm-align-compiled[5.5.0~1-40c7]:main():gmm-align-compiled.cc:127) 5049-25947-0087
LOG (gmm-align-compiled[5.5.0~1-40c7]:main():gmm-align-compiled.cc:127) 5049-25947-0088
LOG (gmm-align-compiled[5.5.0~1-40c7]:main():gmm-align-compiled.cc:127) 5049-25947-0089
LOG (gmm-align-compiled[5.5.0~1-40c7]:main():gmm-align-compiled.cc:127) 5049-25947-0090
LOG (gmm-align-compiled[5.5.0~1-40c7]:main():gmm-align-compiled.cc:127) 5049-25947-0091
LOG (gmm-align-compiled[5.5.0~1-40c7]:main():gmm-align-compiled.cc:127) 5049-25947-0092
LOG (gmm-align-compiled[5.5.0~1-40c7]:main():gmm-align-compiled.cc:127) 5049-25947-0093
LOG (gmm-align-compiled[5.5.0~1-40c7]:main():gmm-align-compiled.cc:127) 5049-25947-0094
LOG (gmm-align-compiled[5.5.0~1-40c7]:main():gmm-align-compiled.cc:127) 5049-25947-0095
LOG (gmm-align-compiled[5.5.0~1-40c7]:main():gmm-align-compiled.cc:127) 5049-25947-0096
LOG (gmm-align-compiled[5.5.0~1-40c7]:main():gmm-align-compiled.cc:127) 5049-25947-0097
LOG (gmm-align-compiled[5.5.0~1-40c7]:main():gmm-align-compiled.cc:127) 5049-25947-0098
LOG (gmm-align-compiled[5.5.0~1-40c7]:main():gmm-align-compiled.cc:127) 5049-25947-0099
LOG (gmm-align-compiled[5.5.0~1-40c7]:main():gmm-align-compiled.cc:127) 5049-25947-0100
LOG (gmm-align-compiled[5.5.0~1-40c7]:main():gmm-align-compiled.cc:127) 5049-25947-0101
LOG (gmm-align-compiled[5.5.0~1-40c7]:main():gmm-align-compiled.cc:127) 5049-25947-0102
LOG (gmm-align-compiled[5.5.0~1-40c7]:main():gmm-align-compiled.cc:127) 5049-25947-0103
LOG (gmm-align-compiled[5.5.0~1-40c7]:main():gmm-align-compiled.cc:127) 5049-25947-0104
LOG (gmm-align-compiled[5.5.0~1-40c7]:main():gmm-align-compiled.cc:127) 5049-25947-0105
LOG (gmm-align-compiled[5.5.0~1-40c7]:main():gmm-align-compiled.cc:127) 5049-25947-0106
LOG (gmm-align-compiled[5.5.0~1-40c7]:main():gmm-align-compiled.cc:127) 5049-25947-0107
LOG (gmm-align-compiled[5.5.0~1-40c7]:main():gmm-align-compiled.cc:127) 5049-25947-0108
LOG (gmm-align-compiled[5.5.0~1-40c7]:main():gmm-align-compiled.cc:127) 5049-25947-0109
LOG (gmm-align-compiled[5.5.0~1-40c7]:main():gmm-align-compiled.cc:127) 5049-25947-0110
LOG (gmm-align-compiled[5.5.0~1-40c7]:main():gmm-align-compiled.cc:127) 5049-25947-0111
LOG (gmm-align-compiled[5.5.0~1-40c7]:main():gmm-align-compiled.cc:127) 5049-25947-0112
LOG (gmm-align-compiled[5.5.0~1-40c7]:main():gmm-align-compiled.cc:127) 5049-25947-0113
LOG (gmm-align-compiled[5.5.0~1-40c7]:main():gmm-align-compiled.cc:127) 5049-25947-0114
LOG (gmm-align-compiled[5.5.0~1-40c7]:main():gmm-align-compiled.cc:127) 5049-25947-0115
LOG (gmm-align-compiled[5.5.0~1-40c7]:main():gmm-align-compiled.cc:127) 5049-25947-0116
LOG (gmm-align-compiled[5.5.0~1-40c7]:main():gmm-align-compiled.cc:127) 5049-25947-0117
LOG (gmm-align-compiled[5.5.0~1-40c7]:main():gmm-align-compiled.cc:127) 5049-25947-0118
LOG (gmm-align-compiled[5.5.0~1-40c7]:main():gmm-align-compiled.cc:127) 5049-25947-0119
LOG (gmm-align-compiled[5.5.0~1-40c7]:main():gmm-align-compiled.cc:127) 5049-25947-0120
LOG (gmm-align-compiled[5.5.0~1-40c7]:main():gmm-align-compiled.cc:127) 5049-25947-0121
LOG (gmm-align-compiled[5.5.0~1-40c7]:main():gmm-align-compiled.cc:127) 5049-25947-0122
LOG (gmm-align-compiled[5.5.0~1-40c7]:main():gmm-align-compiled.cc:127) 5049-25947-0123
LOG (apply-cmvn[5.5.0~1-40c7]:main():apply-cmvn.cc:162) Applied cepstral mean normalization to 127 utterances, errors on 0
LOG (gmm-align-compiled[5.5.0~1-40c7]:main():gmm-align-compiled.cc:127) 5049-25947-0124
LOG (gmm-align-compiled[5.5.0~1-40c7]:main():gmm-align-compiled.cc:127) 5049-25947-0125
LOG (transform-feats[5.5.0~1-40c7]:main():transform-feats.cc:158) Overall average [pseudo-]logdet is -100.497 over 209881 frames.
LOG (transform-feats[5.5.0~1-40c7]:main():transform-feats.cc:161) Applied transform to 127 utterances; 0 had errors.
LOG (transform-feats[5.5.0~1-40c7]:main():transform-feats.cc:158) Overall average logdet is 0.436657 over 209881 frames.
LOG (transform-feats[5.5.0~1-40c7]:main():transform-feats.cc:161) Applied transform to 127 utterances; 0 had errors.
LOG (gmm-align-compiled[5.5.0~1-40c7]:main():gmm-align-compiled.cc:127) 5049-25947-0126
LOG (gmm-align-compiled[5.5.0~1-40c7]:main():gmm-align-compiled.cc:135) Overall log-likelihood per frame is -54.2464 over 209881 frames.
LOG (gmm-align-compiled[5.5.0~1-40c7]:main():gmm-align-compiled.cc:137) Retried 3 out of 127 utterances.
LOG (gmm-align-compiled[5.5.0~1-40c7]:main():gmm-align-compiled.cc:139) Done 127, errors on 0
# Accounting: time=10 threads=1
# Ended (code 0) at Mon Dec  7 02:01:08 UTC 2020, elapsed time 10 seconds
