# gmm-align-compiled --transition-scale=1.0 --acoustic-scale=0.1 --self-loop-scale=0.1 --beam=10 --retry-beam=40 --careful=false "gmm-boost-silence --boost=1.0 1 exp/tri4a/30.mdl - |" "ark:gunzip -c exp/tri4a/fsts.31.gz|" "ark,s,cs:apply-cmvn  --utt2spk=ark:data/train/split32/31/utt2spk scp:data/train/split32/31/cmvn.scp scp:data/train/split32/31/feats.scp ark:- | splice-feats  ark:- ark:- | transform-feats exp/tri3a_ali/final.mat ark:- ark:- | transform-feats --utt2spk=ark:data/train/split32/31/utt2spk ark:exp/tri4a/trans.31 ark:- ark:- |" "ark:|gzip -c >exp/tri4a/ali.31.gz" 
# Started at Mon Dec  7 02:04:50 UTC 2020
#
gmm-align-compiled --transition-scale=1.0 --acoustic-scale=0.1 --self-loop-scale=0.1 --beam=10 --retry-beam=40 --careful=false 'gmm-boost-silence --boost=1.0 1 exp/tri4a/30.mdl - |' 'ark:gunzip -c exp/tri4a/fsts.31.gz|' 'ark,s,cs:apply-cmvn  --utt2spk=ark:data/train/split32/31/utt2spk scp:data/train/split32/31/cmvn.scp scp:data/train/split32/31/feats.scp ark:- | splice-feats  ark:- ark:- | transform-feats exp/tri3a_ali/final.mat ark:- ark:- | transform-feats --utt2spk=ark:data/train/split32/31/utt2spk ark:exp/tri4a/trans.31 ark:- ark:- |' 'ark:|gzip -c >exp/tri4a/ali.31.gz' 
gmm-boost-silence --boost=1.0 1 exp/tri4a/30.mdl - 
WARNING (gmm-boost-silence[5.5.0~1-40c7]:main():gmm-boost-silence.cc:82) The pdfs for the silence phones may be shared by other phones (note: this probably does not matter.)
LOG (gmm-boost-silence[5.5.0~1-40c7]:main():gmm-boost-silence.cc:93) Boosted weights for 5 pdfs, by factor of 1
LOG (gmm-boost-silence[5.5.0~1-40c7]:main():gmm-boost-silence.cc:103) Wrote model to -
splice-feats ark:- ark:- 
transform-feats exp/tri3a_ali/final.mat ark:- ark:- 
transform-feats --utt2spk=ark:data/train/split32/31/utt2spk ark:exp/tri4a/trans.31 ark:- ark:- 
apply-cmvn --utt2spk=ark:data/train/split32/31/utt2spk scp:data/train/split32/31/cmvn.scp scp:data/train/split32/31/feats.scp ark:- 
LOG (gmm-align-compiled[5.5.0~1-40c7]:main():gmm-align-compiled.cc:127) 887-123289-0000
LOG (gmm-align-compiled[5.5.0~1-40c7]:main():gmm-align-compiled.cc:127) 887-123289-0001
LOG (gmm-align-compiled[5.5.0~1-40c7]:main():gmm-align-compiled.cc:127) 887-123289-0002
LOG (gmm-align-compiled[5.5.0~1-40c7]:main():gmm-align-compiled.cc:127) 887-123289-0003
LOG (gmm-align-compiled[5.5.0~1-40c7]:main():gmm-align-compiled.cc:127) 887-123289-0004
LOG (gmm-align-compiled[5.5.0~1-40c7]:main():gmm-align-compiled.cc:127) 887-123289-0005
LOG (gmm-align-compiled[5.5.0~1-40c7]:main():gmm-align-compiled.cc:127) 887-123289-0006
LOG (gmm-align-compiled[5.5.0~1-40c7]:main():gmm-align-compiled.cc:127) 887-123289-0007
LOG (gmm-align-compiled[5.5.0~1-40c7]:main():gmm-align-compiled.cc:127) 887-123289-0008
LOG (gmm-align-compiled[5.5.0~1-40c7]:main():gmm-align-compiled.cc:127) 887-123289-0009
LOG (gmm-align-compiled[5.5.0~1-40c7]:main():gmm-align-compiled.cc:127) 887-123289-0010
LOG (gmm-align-compiled[5.5.0~1-40c7]:main():gmm-align-compiled.cc:127) 887-123289-0011
LOG (gmm-align-compiled[5.5.0~1-40c7]:main():gmm-align-compiled.cc:127) 887-123289-0012
LOG (gmm-align-compiled[5.5.0~1-40c7]:main():gmm-align-compiled.cc:127) 887-123289-0013
LOG (gmm-align-compiled[5.5.0~1-40c7]:main():gmm-align-compiled.cc:127) 887-123289-0014
LOG (gmm-align-compiled[5.5.0~1-40c7]:main():gmm-align-compiled.cc:127) 887-123289-0015
LOG (gmm-align-compiled[5.5.0~1-40c7]:main():gmm-align-compiled.cc:127) 887-123289-0016
LOG (gmm-align-compiled[5.5.0~1-40c7]:main():gmm-align-compiled.cc:127) 887-123289-0017
LOG (gmm-align-compiled[5.5.0~1-40c7]:main():gmm-align-compiled.cc:127) 887-123289-0018
LOG (gmm-align-compiled[5.5.0~1-40c7]:main():gmm-align-compiled.cc:127) 887-123289-0019
LOG (gmm-align-compiled[5.5.0~1-40c7]:main():gmm-align-compiled.cc:127) 887-123289-0020
LOG (gmm-align-compiled[5.5.0~1-40c7]:main():gmm-align-compiled.cc:127) 887-123289-0021
LOG (gmm-align-compiled[5.5.0~1-40c7]:main():gmm-align-compiled.cc:127) 887-123289-0022
LOG (gmm-align-compiled[5.5.0~1-40c7]:main():gmm-align-compiled.cc:127) 887-123289-0023
LOG (gmm-align-compiled[5.5.0~1-40c7]:main():gmm-align-compiled.cc:127) 887-123289-0024
WARNING (gmm-align-compiled[5.5.0~1-40c7]:AlignUtteranceWrapper():decoder-wrappers.cc:617) Retrying utterance 887-123289-0024 with beam 40
LOG (gmm-align-compiled[5.5.0~1-40c7]:main():gmm-align-compiled.cc:127) 887-123289-0025
LOG (gmm-align-compiled[5.5.0~1-40c7]:main():gmm-align-compiled.cc:127) 887-123289-0026
LOG (gmm-align-compiled[5.5.0~1-40c7]:main():gmm-align-compiled.cc:127) 887-123289-0027
LOG (gmm-align-compiled[5.5.0~1-40c7]:main():gmm-align-compiled.cc:127) 887-123289-0028
LOG (gmm-align-compiled[5.5.0~1-40c7]:main():gmm-align-compiled.cc:127) 887-123289-0029
LOG (gmm-align-compiled[5.5.0~1-40c7]:main():gmm-align-compiled.cc:127) 887-123289-0030
LOG (gmm-align-compiled[5.5.0~1-40c7]:main():gmm-align-compiled.cc:127) 887-123289-0031
LOG (gmm-align-compiled[5.5.0~1-40c7]:main():gmm-align-compiled.cc:127) 887-123289-0032
LOG (gmm-align-compiled[5.5.0~1-40c7]:main():gmm-align-compiled.cc:127) 887-123289-0033
LOG (gmm-align-compiled[5.5.0~1-40c7]:main():gmm-align-compiled.cc:127) 887-123289-0034
LOG (gmm-align-compiled[5.5.0~1-40c7]:main():gmm-align-compiled.cc:127) 887-123289-0035
LOG (gmm-align-compiled[5.5.0~1-40c7]:main():gmm-align-compiled.cc:127) 887-123289-0036
LOG (gmm-align-compiled[5.5.0~1-40c7]:main():gmm-align-compiled.cc:127) 887-123289-0037
LOG (gmm-align-compiled[5.5.0~1-40c7]:main():gmm-align-compiled.cc:127) 887-123289-0038
LOG (gmm-align-compiled[5.5.0~1-40c7]:main():gmm-align-compiled.cc:127) 887-123289-0039
LOG (gmm-align-compiled[5.5.0~1-40c7]:main():gmm-align-compiled.cc:127) 887-123290-0000
LOG (gmm-align-compiled[5.5.0~1-40c7]:main():gmm-align-compiled.cc:127) 887-123290-0001
LOG (gmm-align-compiled[5.5.0~1-40c7]:main():gmm-align-compiled.cc:127) 887-123290-0002
WARNING (gmm-align-compiled[5.5.0~1-40c7]:AlignUtteranceWrapper():decoder-wrappers.cc:617) Retrying utterance 887-123290-0002 with beam 40
LOG (gmm-align-compiled[5.5.0~1-40c7]:main():gmm-align-compiled.cc:127) 887-123290-0003
LOG (gmm-align-compiled[5.5.0~1-40c7]:main():gmm-align-compiled.cc:127) 887-123290-0004
LOG (gmm-align-compiled[5.5.0~1-40c7]:main():gmm-align-compiled.cc:127) 887-123290-0005
LOG (gmm-align-compiled[5.5.0~1-40c7]:main():gmm-align-compiled.cc:127) 887-123290-0006
LOG (gmm-align-compiled[5.5.0~1-40c7]:main():gmm-align-compiled.cc:127) 887-123290-0007
LOG (gmm-align-compiled[5.5.0~1-40c7]:main():gmm-align-compiled.cc:127) 887-123290-0008
LOG (gmm-align-compiled[5.5.0~1-40c7]:main():gmm-align-compiled.cc:127) 887-123290-0009
LOG (gmm-align-compiled[5.5.0~1-40c7]:main():gmm-align-compiled.cc:127) 887-123290-0010
LOG (gmm-align-compiled[5.5.0~1-40c7]:main():gmm-align-compiled.cc:127) 887-123290-0011
LOG (gmm-align-compiled[5.5.0~1-40c7]:main():gmm-align-compiled.cc:127) 887-123290-0012
LOG (gmm-align-compiled[5.5.0~1-40c7]:main():gmm-align-compiled.cc:127) 887-123290-0013
LOG (gmm-align-compiled[5.5.0~1-40c7]:main():gmm-align-compiled.cc:127) 887-123290-0014
LOG (gmm-align-compiled[5.5.0~1-40c7]:main():gmm-align-compiled.cc:127) 887-123290-0015
LOG (gmm-align-compiled[5.5.0~1-40c7]:main():gmm-align-compiled.cc:127) 887-123290-0016
LOG (gmm-align-compiled[5.5.0~1-40c7]:main():gmm-align-compiled.cc:127) 887-123290-0017
WARNING (gmm-align-compiled[5.5.0~1-40c7]:AlignUtteranceWrapper():decoder-wrappers.cc:617) Retrying utterance 887-123290-0017 with beam 40
LOG (gmm-align-compiled[5.5.0~1-40c7]:main():gmm-align-compiled.cc:127) 887-123290-0018
LOG (gmm-align-compiled[5.5.0~1-40c7]:main():gmm-align-compiled.cc:127) 887-123290-0019
LOG (gmm-align-compiled[5.5.0~1-40c7]:main():gmm-align-compiled.cc:127) 887-123290-0020
LOG (gmm-align-compiled[5.5.0~1-40c7]:main():gmm-align-compiled.cc:127) 887-123290-0021
LOG (gmm-align-compiled[5.5.0~1-40c7]:main():gmm-align-compiled.cc:127) 887-123290-0022
LOG (gmm-align-compiled[5.5.0~1-40c7]:main():gmm-align-compiled.cc:127) 887-123290-0023
LOG (gmm-align-compiled[5.5.0~1-40c7]:main():gmm-align-compiled.cc:127) 887-123290-0024
LOG (gmm-align-compiled[5.5.0~1-40c7]:main():gmm-align-compiled.cc:127) 887-123290-0025
LOG (gmm-align-compiled[5.5.0~1-40c7]:main():gmm-align-compiled.cc:127) 887-123290-0026
LOG (gmm-align-compiled[5.5.0~1-40c7]:main():gmm-align-compiled.cc:127) 887-123290-0027
LOG (gmm-align-compiled[5.5.0~1-40c7]:main():gmm-align-compiled.cc:127) 887-123290-0028
LOG (gmm-align-compiled[5.5.0~1-40c7]:main():gmm-align-compiled.cc:127) 887-123290-0029
LOG (gmm-align-compiled[5.5.0~1-40c7]:main():gmm-align-compiled.cc:127) 887-123290-0030
LOG (gmm-align-compiled[5.5.0~1-40c7]:main():gmm-align-compiled.cc:127) 887-123290-0031
LOG (gmm-align-compiled[5.5.0~1-40c7]:main():gmm-align-compiled.cc:127) 887-123291-0000
LOG (gmm-align-compiled[5.5.0~1-40c7]:main():gmm-align-compiled.cc:127) 887-123291-0001
LOG (gmm-align-compiled[5.5.0~1-40c7]:main():gmm-align-compiled.cc:127) 887-123291-0002
LOG (gmm-align-compiled[5.5.0~1-40c7]:main():gmm-align-compiled.cc:127) 887-123291-0003
LOG (gmm-align-compiled[5.5.0~1-40c7]:main():gmm-align-compiled.cc:127) 887-123291-0004
LOG (gmm-align-compiled[5.5.0~1-40c7]:main():gmm-align-compiled.cc:127) 887-123291-0005
LOG (gmm-align-compiled[5.5.0~1-40c7]:main():gmm-align-compiled.cc:127) 887-123291-0006
LOG (gmm-align-compiled[5.5.0~1-40c7]:main():gmm-align-compiled.cc:127) 887-123291-0007
LOG (gmm-align-compiled[5.5.0~1-40c7]:main():gmm-align-compiled.cc:127) 887-123291-0008
LOG (gmm-align-compiled[5.5.0~1-40c7]:main():gmm-align-compiled.cc:127) 887-123291-0009
LOG (gmm-align-compiled[5.5.0~1-40c7]:main():gmm-align-compiled.cc:127) 887-123291-0010
LOG (gmm-align-compiled[5.5.0~1-40c7]:main():gmm-align-compiled.cc:127) 887-123291-0011
LOG (gmm-align-compiled[5.5.0~1-40c7]:main():gmm-align-compiled.cc:127) 887-123291-0012
LOG (gmm-align-compiled[5.5.0~1-40c7]:main():gmm-align-compiled.cc:127) 887-123291-0013
LOG (gmm-align-compiled[5.5.0~1-40c7]:main():gmm-align-compiled.cc:127) 887-123291-0014
LOG (gmm-align-compiled[5.5.0~1-40c7]:main():gmm-align-compiled.cc:127) 887-123291-0015
LOG (gmm-align-compiled[5.5.0~1-40c7]:main():gmm-align-compiled.cc:127) 887-123291-0016
LOG (gmm-align-compiled[5.5.0~1-40c7]:main():gmm-align-compiled.cc:127) 887-123291-0017
LOG (gmm-align-compiled[5.5.0~1-40c7]:main():gmm-align-compiled.cc:127) 887-123291-0018
LOG (gmm-align-compiled[5.5.0~1-40c7]:main():gmm-align-compiled.cc:127) 887-123291-0019
LOG (gmm-align-compiled[5.5.0~1-40c7]:main():gmm-align-compiled.cc:127) 887-123291-0020
LOG (gmm-align-compiled[5.5.0~1-40c7]:main():gmm-align-compiled.cc:127) 887-123291-0021
LOG (gmm-align-compiled[5.5.0~1-40c7]:main():gmm-align-compiled.cc:127) 887-123291-0022
LOG (gmm-align-compiled[5.5.0~1-40c7]:main():gmm-align-compiled.cc:127) 887-123291-0023
LOG (gmm-align-compiled[5.5.0~1-40c7]:main():gmm-align-compiled.cc:127) 887-123291-0024
LOG (gmm-align-compiled[5.5.0~1-40c7]:main():gmm-align-compiled.cc:127) 887-123291-0025
LOG (gmm-align-compiled[5.5.0~1-40c7]:main():gmm-align-compiled.cc:127) 887-123291-0026
LOG (gmm-align-compiled[5.5.0~1-40c7]:main():gmm-align-compiled.cc:127) 887-123291-0027
LOG (gmm-align-compiled[5.5.0~1-40c7]:main():gmm-align-compiled.cc:127) 887-123291-0028
LOG (gmm-align-compiled[5.5.0~1-40c7]:main():gmm-align-compiled.cc:127) 887-123291-0029
LOG (gmm-align-compiled[5.5.0~1-40c7]:main():gmm-align-compiled.cc:127) 887-123291-0030
LOG (gmm-align-compiled[5.5.0~1-40c7]:main():gmm-align-compiled.cc:127) 887-123291-0031
LOG (gmm-align-compiled[5.5.0~1-40c7]:main():gmm-align-compiled.cc:127) 887-123291-0032
LOG (gmm-align-compiled[5.5.0~1-40c7]:main():gmm-align-compiled.cc:127) 887-123291-0033
LOG (gmm-align-compiled[5.5.0~1-40c7]:main():gmm-align-compiled.cc:127) 887-123291-0034
LOG (gmm-align-compiled[5.5.0~1-40c7]:main():gmm-align-compiled.cc:127) 887-123291-0035
LOG (gmm-align-compiled[5.5.0~1-40c7]:main():gmm-align-compiled.cc:127) 887-123291-0036
LOG (gmm-align-compiled[5.5.0~1-40c7]:main():gmm-align-compiled.cc:127) 887-123291-0037
LOG (gmm-align-compiled[5.5.0~1-40c7]:main():gmm-align-compiled.cc:127) 887-123291-0038
LOG (gmm-align-compiled[5.5.0~1-40c7]:main():gmm-align-compiled.cc:127) 887-123291-0039
LOG (apply-cmvn[5.5.0~1-40c7]:main():apply-cmvn.cc:162) Applied cepstral mean normalization to 115 utterances, errors on 0
LOG (gmm-align-compiled[5.5.0~1-40c7]:main():gmm-align-compiled.cc:127) 887-123291-0040
LOG (gmm-align-compiled[5.5.0~1-40c7]:main():gmm-align-compiled.cc:127) 887-123291-0041
LOG (transform-feats[5.5.0~1-40c7]:main():transform-feats.cc:158) Overall average [pseudo-]logdet is -100.497 over 210965 frames.
LOG (transform-feats[5.5.0~1-40c7]:main():transform-feats.cc:161) Applied transform to 115 utterances; 0 had errors.
LOG (transform-feats[5.5.0~1-40c7]:main():transform-feats.cc:158) Overall average logdet is 4.15093 over 210965 frames.
LOG (transform-feats[5.5.0~1-40c7]:main():transform-feats.cc:161) Applied transform to 115 utterances; 0 had errors.
LOG (gmm-align-compiled[5.5.0~1-40c7]:main():gmm-align-compiled.cc:127) 887-123291-0042
LOG (gmm-align-compiled[5.5.0~1-40c7]:main():gmm-align-compiled.cc:135) Overall log-likelihood per frame is -49.9969 over 210965 frames.
LOG (gmm-align-compiled[5.5.0~1-40c7]:main():gmm-align-compiled.cc:137) Retried 3 out of 115 utterances.
LOG (gmm-align-compiled[5.5.0~1-40c7]:main():gmm-align-compiled.cc:139) Done 115, errors on 0
# Accounting: time=10 threads=1
# Ended (code 0) at Mon Dec  7 02:05:00 UTC 2020, elapsed time 10 seconds
