# compile-train-graphs --read-disambig-syms=data/lang/phones/disambig.int exp/tri4a/tree exp/tri4a/1.mdl data/lang/L.fst "ark:utils/sym2int.pl --map-oov 133027 -f 2- data/lang/words.txt < data/train/split32/1/text |" "ark:|gzip -c >exp/tri4a/fsts.1.gz" 
# Started at Mon Dec  7 01:53:20 UTC 2020
#
compile-train-graphs --read-disambig-syms=data/lang/phones/disambig.int exp/tri4a/tree exp/tri4a/1.mdl data/lang/L.fst 'ark:utils/sym2int.pl --map-oov 133027 -f 2- data/lang/words.txt < data/train/split32/1/text |' 'ark:|gzip -c >exp/tri4a/fsts.1.gz' 
sym2int.pl: replacing ROSEBREAST with 133027
sym2int.pl: replacing ROSEBREAST with 133027
sym2int.pl: replacing ROSEBREAST with 133027
sym2int.pl: replacing ROSEBREAST with 133027
sym2int.pl: replacing ROSEBREAST with 133027
sym2int.pl: replacing ROSEBREAST with 133027
sym2int.pl: replacing WREN'S with 133027
sym2int.pl: replacing CROSSLY with 133027
sym2int.pl: replacing ROSEBREAST with 133027
sym2int.pl: replacing ROSEBREAST with 133027
sym2int.pl: replacing CROSSLY with 133027
sym2int.pl: replacing ROSEBREAST with 133027
sym2int.pl: replacing ROSEBREAST with 133027
sym2int.pl: replacing LIPPERTY with 133027
sym2int.pl: replacing LIPPERTY with 133027
sym2int.pl: replacing REDWING with 133027
sym2int.pl: replacing TANAGER with 133027
sym2int.pl: replacing BROADWING with 133027
sym2int.pl: replacing TANAGER with 133027
sym2int.pl: replacing THENARDIER with 133027
sym2int.pl: not warning for OOVs any more times
** Replaced 89 instances of OOVs with 133027
LOG (compile-train-graphs[5.5.0~1-40c7]:main():compile-train-graphs.cc:147) compile-train-graphs: succeeded for 216 graphs, failed for 0
# Accounting: time=3 threads=1
# Ended (code 0) at Mon Dec  7 01:53:23 UTC 2020, elapsed time 3 seconds
