# compile-train-graphs --read-disambig-syms=data/lang/phones/disambig.int exp/tri4a/tree exp/tri4a/1.mdl data/lang/L.fst "ark:utils/sym2int.pl --map-oov 133027 -f 2- data/lang/words.txt < data/train/split32/22/text |" "ark:|gzip -c >exp/tri4a/fsts.22.gz" 
# Started at Mon Dec  7 01:53:26 UTC 2020
#
compile-train-graphs --read-disambig-syms=data/lang/phones/disambig.int exp/tri4a/tree exp/tri4a/1.mdl data/lang/L.fst 'ark:utils/sym2int.pl --map-oov 133027 -f 2- data/lang/words.txt < data/train/split32/22/text |' 'ark:|gzip -c >exp/tri4a/fsts.22.gz' 
sym2int.pl: replacing BARMOUTH with 133027
sym2int.pl: replacing WONTED with 133027
sym2int.pl: replacing GRAND'THER'S with 133027
sym2int.pl: replacing VUM with 133027
sym2int.pl: replacing HEPSEY with 133027
sym2int.pl: replacing MORGESON with 133027
sym2int.pl: replacing DIFFIDENCE with 133027
sym2int.pl: replacing PALMIRY with 133027
sym2int.pl: replacing CASSY with 133027
sym2int.pl: replacing EXPIATION with 133027
sym2int.pl: replacing BARMOUTH with 133027
sym2int.pl: replacing GRAND'THER with 133027
sym2int.pl: replacing GRAND'THER'S with 133027
sym2int.pl: replacing GRAND'THER with 133027
sym2int.pl: replacing HEPSEY with 133027
sym2int.pl: replacing BANNOCK with 133027
sym2int.pl: replacing DELF with 133027
sym2int.pl: replacing BANNOCK with 133027
sym2int.pl: replacing GLUTTON with 133027
sym2int.pl: replacing UNDRESSING with 133027
sym2int.pl: not warning for OOVs any more times
** Replaced 75 instances of OOVs with 133027
LOG (compile-train-graphs[5.5.0~1-40c7]:main():compile-train-graphs.cc:147) compile-train-graphs: succeeded for 115 graphs, failed for 0
# Accounting: time=3 threads=1
# Ended (code 0) at Mon Dec  7 01:53:29 UTC 2020, elapsed time 3 seconds
