# compile-train-graphs --read-disambig-syms=data/lang/phones/disambig.int exp/tri4a/tree exp/tri4a/1.mdl data/lang/L.fst "ark:utils/sym2int.pl --map-oov 133027 -f 2- data/lang/words.txt < data/train/split32/23/text |" "ark:|gzip -c >exp/tri4a/fsts.23.gz" 
# Started at Mon Dec  7 01:53:26 UTC 2020
#
compile-train-graphs --read-disambig-syms=data/lang/phones/disambig.int exp/tri4a/tree exp/tri4a/1.mdl data/lang/L.fst 'ark:utils/sym2int.pl --map-oov 133027 -f 2- data/lang/words.txt < data/train/split32/23/text |' 'ark:|gzip -c >exp/tri4a/fsts.23.gz' 
sym2int.pl: replacing INVENTOR'S with 133027
sym2int.pl: replacing PERSONAGE with 133027
sym2int.pl: replacing INVENTOR'S with 133027
sym2int.pl: replacing WURTEMBERG with 133027
sym2int.pl: replacing WURTEMBERG with 133027
sym2int.pl: replacing DIRIGIBLE with 133027
sym2int.pl: replacing THEREWITH with 133027
sym2int.pl: replacing ESSAYED with 133027
sym2int.pl: replacing TEUTON with 133027
sym2int.pl: replacing SYMPATHISED with 133027
sym2int.pl: replacing UNTRAMMELLED with 133027
sym2int.pl: replacing ALIGHTING with 133027
sym2int.pl: replacing TEUTON with 133027
sym2int.pl: replacing PANEGYRIC with 133027
sym2int.pl: replacing UNPREJUDICED with 133027
sym2int.pl: replacing TEUTON with 133027
sym2int.pl: replacing LEVELHEADED with 133027
sym2int.pl: replacing ZEPPELINS with 133027
sym2int.pl: replacing FRIEDRICHSHAFEN with 133027
sym2int.pl: replacing PARSEVAL with 133027
sym2int.pl: not warning for OOVs any more times
** Replaced 33 instances of OOVs with 133027
LOG (compile-train-graphs[5.5.0~1-40c7]:main():compile-train-graphs.cc:147) compile-train-graphs: succeeded for 92 graphs, failed for 0
# Accounting: time=3 threads=1
# Ended (code 0) at Mon Dec  7 01:53:29 UTC 2020, elapsed time 3 seconds
