# compile-train-graphs --read-disambig-syms=data/lang/phones/disambig.int exp/tri4a/tree exp/tri4a/1.mdl data/lang/L.fst "ark:utils/sym2int.pl --map-oov 133027 -f 2- data/lang/words.txt < data/train/split32/32/text |" "ark:|gzip -c >exp/tri4a/fsts.32.gz" 
# Started at Mon Dec  7 01:53:29 UTC 2020
#
compile-train-graphs --read-disambig-syms=data/lang/phones/disambig.int exp/tri4a/tree exp/tri4a/1.mdl data/lang/L.fst 'ark:utils/sym2int.pl --map-oov 133027 -f 2- data/lang/words.txt < data/train/split32/32/text |' 'ark:|gzip -c >exp/tri4a/fsts.32.gz' 
sym2int.pl: replacing ENDEAVOURED with 133027
sym2int.pl: replacing UNCHEERFUL with 133027
sym2int.pl: replacing DISOBLIGING with 133027
sym2int.pl: replacing UNPIN with 133027
sym2int.pl: replacing HASP with 133027
sym2int.pl: replacing TILNEY'S with 133027
sym2int.pl: replacing TOILETTE with 133027
sym2int.pl: replacing HARBOURED with 133027
sym2int.pl: replacing DETESTING with 133027
sym2int.pl: replacing UNPRACTISED with 133027
sym2int.pl: replacing SPACIOUSNESS with 133027
sym2int.pl: replacing TOLERABLY with 133027
sym2int.pl: replacing NECESSARIES with 133027
sym2int.pl: replacing HUMOUR with 133027
sym2int.pl: replacing CHEERFULNESS with 133027
sym2int.pl: replacing LANGUOR with 133027
sym2int.pl: replacing PREPONDERATED with 133027
sym2int.pl: replacing GALLANTS with 133027
sym2int.pl: replacing TOLERABLY with 133027
sym2int.pl: replacing NORTHANGER with 133027
sym2int.pl: not warning for OOVs any more times
** Replaced 54 instances of OOVs with 133027
LOG (compile-train-graphs[5.5.0~1-40c7]:main():compile-train-graphs.cc:147) compile-train-graphs: succeeded for 123 graphs, failed for 0
# Accounting: time=3 threads=1
# Ended (code 0) at Mon Dec  7 01:53:32 UTC 2020, elapsed time 3 seconds
