# ali-to-post "ark:gunzip -c exp/tri4a/ali.28.gz|" ark:- | weight-silence-post 0.0 1:2:3:4:5:6:7:8:9:10 exp/tri4a/12.mdl ark:- ark:- | gmm-est-fmllr --fmllr-update-type=full --spk2utt=ark:data/train/split32/28/spk2utt exp/tri4a/12.mdl "ark,s,cs:apply-cmvn  --utt2spk=ark:data/train/split32/28/utt2spk scp:data/train/split32/28/cmvn.scp scp:data/train/split32/28/feats.scp ark:- | splice-feats  ark:- ark:- | transform-feats exp/tri3a_ali/final.mat ark:- ark:- | transform-feats --utt2spk=ark:data/train/split32/28/utt2spk ark:exp/tri4a/trans.28 ark:- ark:- |" ark:- ark:exp/tri4a/tmp_trans.28 
# Started at Mon Dec  7 01:58:35 UTC 2020
#
ali-to-post 'ark:gunzip -c exp/tri4a/ali.28.gz|' ark:- 
gmm-est-fmllr --fmllr-update-type=full --spk2utt=ark:data/train/split32/28/spk2utt exp/tri4a/12.mdl 'ark,s,cs:apply-cmvn  --utt2spk=ark:data/train/split32/28/utt2spk scp:data/train/split32/28/cmvn.scp scp:data/train/split32/28/feats.scp ark:- | splice-feats  ark:- ark:- | transform-feats exp/tri3a_ali/final.mat ark:- ark:- | transform-feats --utt2spk=ark:data/train/split32/28/utt2spk ark:exp/tri4a/trans.28 ark:- ark:- |' ark:- ark:exp/tri4a/tmp_trans.28 
weight-silence-post 0.0 1:2:3:4:5:6:7:8:9:10 exp/tri4a/12.mdl ark:- ark:- 
transform-feats exp/tri3a_ali/final.mat ark:- ark:- 
splice-feats ark:- ark:- 
apply-cmvn --utt2spk=ark:data/train/split32/28/utt2spk scp:data/train/split32/28/cmvn.scp scp:data/train/split32/28/feats.scp ark:- 
transform-feats --utt2spk=ark:data/train/split32/28/utt2spk ark:exp/tri4a/trans.28 ark:- ark:- 
LOG (gmm-est-fmllr[5.5.0~1-40c7]:ComputeFmllrMatrixDiagGmmFull():fmllr-diag-gmm.cc:262) fMLLR objf improvement is 0.031288 per frame over 124201 frames.
LOG (gmm-est-fmllr[5.5.0~1-40c7]:main():gmm-est-fmllr.cc:143) For speaker 8108, auxf-impr from fMLLR is 0.031288, over 124201 frames.
LOG (ali-to-post[5.5.0~1-40c7]:main():ali-to-post.cc:73) Converted 225 alignments.
LOG (apply-cmvn[5.5.0~1-40c7]:main():apply-cmvn.cc:162) Applied cepstral mean normalization to 225 utterances, errors on 0
LOG (weight-silence-post[5.5.0~1-40c7]:main():weight-silence-post.cc:95) Done 225 posteriors.
LOG (transform-feats[5.5.0~1-40c7]:main():transform-feats.cc:158) Overall average [pseudo-]logdet is -100.497 over 435473 frames.
LOG (transform-feats[5.5.0~1-40c7]:main():transform-feats.cc:161) Applied transform to 225 utterances; 0 had errors.
LOG (transform-feats[5.5.0~1-40c7]:main():transform-feats.cc:158) Overall average logdet is 0.241334 over 435473 frames.
LOG (transform-feats[5.5.0~1-40c7]:main():transform-feats.cc:161) Applied transform to 225 utterances; 0 had errors.
LOG (gmm-est-fmllr[5.5.0~1-40c7]:ComputeFmllrMatrixDiagGmmFull():fmllr-diag-gmm.cc:262) fMLLR objf improvement is 0.0434554 per frame over 123014 frames.
LOG (gmm-est-fmllr[5.5.0~1-40c7]:main():gmm-est-fmllr.cc:143) For speaker 8609, auxf-impr from fMLLR is 0.0434554, over 123014 frames.
LOG (gmm-est-fmllr[5.5.0~1-40c7]:main():gmm-est-fmllr.cc:188) Done 225 files, 0 with no posts, 0 with other errors.
LOG (gmm-est-fmllr[5.5.0~1-40c7]:main():gmm-est-fmllr.cc:190) Overall fMLLR auxf impr per frame is 0.0373425 over 247215 frames.
# Accounting: time=10 threads=1
# Ended (code 0) at Mon Dec  7 01:58:45 UTC 2020, elapsed time 10 seconds
