# ali-to-post "ark:gunzip -c exp/tri4a/ali.18.gz|" ark:- | weight-silence-post 0.0 1:2:3:4:5:6:7:8:9:10 exp/tri4a/12.mdl ark:- ark:- | gmm-est-fmllr --fmllr-update-type=full --spk2utt=ark:data/train/split32/18/spk2utt exp/tri4a/12.mdl "ark,s,cs:apply-cmvn  --utt2spk=ark:data/train/split32/18/utt2spk scp:data/train/split32/18/cmvn.scp scp:data/train/split32/18/feats.scp ark:- | splice-feats  ark:- ark:- | transform-feats exp/tri3a_ali/final.mat ark:- ark:- | transform-feats --utt2spk=ark:data/train/split32/18/utt2spk ark:exp/tri4a/trans.18 ark:- ark:- |" ark:- ark:exp/tri4a/tmp_trans.18 
# Started at Mon Dec  7 01:58:23 UTC 2020
#
ali-to-post 'ark:gunzip -c exp/tri4a/ali.18.gz|' ark:- 
gmm-est-fmllr --fmllr-update-type=full --spk2utt=ark:data/train/split32/18/spk2utt exp/tri4a/12.mdl 'ark,s,cs:apply-cmvn  --utt2spk=ark:data/train/split32/18/utt2spk scp:data/train/split32/18/cmvn.scp scp:data/train/split32/18/feats.scp ark:- | splice-feats  ark:- ark:- | transform-feats exp/tri3a_ali/final.mat ark:- ark:- | transform-feats --utt2spk=ark:data/train/split32/18/utt2spk ark:exp/tri4a/trans.18 ark:- ark:- |' ark:- ark:exp/tri4a/tmp_trans.18 
weight-silence-post 0.0 1:2:3:4:5:6:7:8:9:10 exp/tri4a/12.mdl ark:- ark:- 
apply-cmvn --utt2spk=ark:data/train/split32/18/utt2spk scp:data/train/split32/18/cmvn.scp scp:data/train/split32/18/feats.scp ark:- 
splice-feats ark:- ark:- 
transform-feats exp/tri3a_ali/final.mat ark:- ark:- 
transform-feats --utt2spk=ark:data/train/split32/18/utt2spk ark:exp/tri4a/trans.18 ark:- ark:- 
LOG (ali-to-post[5.5.0~1-40c7]:main():ali-to-post.cc:73) Converted 127 alignments.
LOG (weight-silence-post[5.5.0~1-40c7]:main():weight-silence-post.cc:95) Done 127 posteriors.
LOG (apply-cmvn[5.5.0~1-40c7]:main():apply-cmvn.cc:162) Applied cepstral mean normalization to 127 utterances, errors on 0
LOG (transform-feats[5.5.0~1-40c7]:main():transform-feats.cc:158) Overall average [pseudo-]logdet is -100.497 over 209881 frames.
LOG (transform-feats[5.5.0~1-40c7]:main():transform-feats.cc:161) Applied transform to 127 utterances; 0 had errors.
LOG (transform-feats[5.5.0~1-40c7]:main():transform-feats.cc:158) Overall average logdet is 0.354869 over 209881 frames.
LOG (transform-feats[5.5.0~1-40c7]:main():transform-feats.cc:161) Applied transform to 127 utterances; 0 had errors.
LOG (gmm-est-fmllr[5.5.0~1-40c7]:ComputeFmllrMatrixDiagGmmFull():fmllr-diag-gmm.cc:262) fMLLR objf improvement is 0.041088 per frame over 123173 frames.
LOG (gmm-est-fmllr[5.5.0~1-40c7]:main():gmm-est-fmllr.cc:143) For speaker 5049, auxf-impr from fMLLR is 0.041088, over 123173 frames.
LOG (gmm-est-fmllr[5.5.0~1-40c7]:main():gmm-est-fmllr.cc:188) Done 127 files, 0 with no posts, 0 with other errors.
LOG (gmm-est-fmllr[5.5.0~1-40c7]:main():gmm-est-fmllr.cc:190) Overall fMLLR auxf impr per frame is 0.041088 over 123173 frames.
# Accounting: time=7 threads=1
# Ended (code 0) at Mon Dec  7 01:58:30 UTC 2020, elapsed time 7 seconds
