# ali-to-post "ark:gunzip -c exp/tri4a/ali.17.gz|" ark:- | weight-silence-post 0.0 1:2:3:4:5:6:7:8:9:10 exp/tri4a/4.mdl ark:- ark:- | gmm-est-fmllr --fmllr-update-type=full --spk2utt=ark:data/train/split32/17/spk2utt exp/tri4a/4.mdl "ark,s,cs:apply-cmvn  --utt2spk=ark:data/train/split32/17/utt2spk scp:data/train/split32/17/cmvn.scp scp:data/train/split32/17/feats.scp ark:- | splice-feats  ark:- ark:- | transform-feats exp/tri3a_ali/final.mat ark:- ark:- | transform-feats --utt2spk=ark:data/train/split32/17/utt2spk ark:exp/tri4a/trans.17 ark:- ark:- |" ark:- ark:exp/tri4a/tmp_trans.17 
# Started at Mon Dec  7 01:54:53 UTC 2020
#
gmm-est-fmllr --fmllr-update-type=full --spk2utt=ark:data/train/split32/17/spk2utt exp/tri4a/4.mdl 'ark,s,cs:apply-cmvn  --utt2spk=ark:data/train/split32/17/utt2spk scp:data/train/split32/17/cmvn.scp scp:data/train/split32/17/feats.scp ark:- | splice-feats  ark:- ark:- | transform-feats exp/tri3a_ali/final.mat ark:- ark:- | transform-feats --utt2spk=ark:data/train/split32/17/utt2spk ark:exp/tri4a/trans.17 ark:- ark:- |' ark:- ark:exp/tri4a/tmp_trans.17 
ali-to-post 'ark:gunzip -c exp/tri4a/ali.17.gz|' ark:- 
weight-silence-post 0.0 1:2:3:4:5:6:7:8:9:10 exp/tri4a/4.mdl ark:- ark:- 
apply-cmvn --utt2spk=ark:data/train/split32/17/utt2spk scp:data/train/split32/17/cmvn.scp scp:data/train/split32/17/feats.scp ark:- 
splice-feats ark:- ark:- 
transform-feats --utt2spk=ark:data/train/split32/17/utt2spk ark:exp/tri4a/trans.17 ark:- ark:- 
transform-feats exp/tri3a_ali/final.mat ark:- ark:- 
LOG (ali-to-post[5.5.0~1-40c7]:main():ali-to-post.cc:73) Converted 128 alignments.
LOG (weight-silence-post[5.5.0~1-40c7]:main():weight-silence-post.cc:95) Done 128 posteriors.
LOG (apply-cmvn[5.5.0~1-40c7]:main():apply-cmvn.cc:162) Applied cepstral mean normalization to 128 utterances, errors on 0
LOG (transform-feats[5.5.0~1-40c7]:main():transform-feats.cc:158) Overall average [pseudo-]logdet is -100.497 over 205597 frames.
LOG (transform-feats[5.5.0~1-40c7]:main():transform-feats.cc:161) Applied transform to 128 utterances; 0 had errors.
LOG (transform-feats[5.5.0~1-40c7]:main():transform-feats.cc:158) Overall average logdet is 5.94965 over 205597 frames.
LOG (transform-feats[5.5.0~1-40c7]:main():transform-feats.cc:161) Applied transform to 128 utterances; 0 had errors.
LOG (gmm-est-fmllr[5.5.0~1-40c7]:ComputeFmllrMatrixDiagGmmFull():fmllr-diag-gmm.cc:262) fMLLR objf improvement is 0.0190975 per frame over 119770 frames.
LOG (gmm-est-fmllr[5.5.0~1-40c7]:main():gmm-est-fmllr.cc:143) For speaker 4640, auxf-impr from fMLLR is 0.0190975, over 119770 frames.
LOG (gmm-est-fmllr[5.5.0~1-40c7]:main():gmm-est-fmllr.cc:188) Done 128 files, 0 with no posts, 0 with other errors.
LOG (gmm-est-fmllr[5.5.0~1-40c7]:main():gmm-est-fmllr.cc:190) Overall fMLLR auxf impr per frame is 0.0190975 over 119770 frames.
# Accounting: time=7 threads=1
# Ended (code 0) at Mon Dec  7 01:55:00 UTC 2020, elapsed time 7 seconds
