# compile-train-graphs --read-disambig-syms=data/lang/phones/disambig.int exp/tri1_ali/tree exp/tri1_ali/final.mdl data/lang/L.fst "ark:utils/sym2int.pl --map-oov 133027 -f 2- data/lang/words.txt data/train/split24/9/text|" ark:- | gmm-align-compiled --transition-scale=1.0 --acoustic-scale=0.1 --self-loop-scale=0.1 --beam=10 --retry-beam=40 --careful=false "gmm-boost-silence --boost=1.0 1 exp/tri1_ali/final.mdl - |" ark:- "ark,s,cs:apply-cmvn  --utt2spk=ark:data/train/split24/9/utt2spk scp:data/train/split24/9/cmvn.scp scp:data/train/split24/9/feats.scp ark:- | add-deltas  ark:- ark:- |" "ark,t:|gzip -c >exp/tri1_ali/ali.9.gz" 
# Started at Mon Dec  7 01:26:28 UTC 2020
#
compile-train-graphs --read-disambig-syms=data/lang/phones/disambig.int exp/tri1_ali/tree exp/tri1_ali/final.mdl data/lang/L.fst 'ark:utils/sym2int.pl --map-oov 133027 -f 2- data/lang/words.txt data/train/split24/9/text|' ark:- 
gmm-align-compiled --transition-scale=1.0 --acoustic-scale=0.1 --self-loop-scale=0.1 --beam=10 --retry-beam=40 --careful=false 'gmm-boost-silence --boost=1.0 1 exp/tri1_ali/final.mdl - |' ark:- 'ark,s,cs:apply-cmvn  --utt2spk=ark:data/train/split24/9/utt2spk scp:data/train/split24/9/cmvn.scp scp:data/train/split24/9/feats.scp ark:- | add-deltas  ark:- ark:- |' 'ark,t:|gzip -c >exp/tri1_ali/ali.9.gz' 
gmm-boost-silence --boost=1.0 1 exp/tri1_ali/final.mdl - 
WARNING (gmm-boost-silence[5.5.0~1-40c7]:main():gmm-boost-silence.cc:82) The pdfs for the silence phones may be shared by other phones (note: this probably does not matter.)
LOG (gmm-boost-silence[5.5.0~1-40c7]:main():gmm-boost-silence.cc:93) Boosted weights for 5 pdfs, by factor of 1
LOG (gmm-boost-silence[5.5.0~1-40c7]:main():gmm-boost-silence.cc:103) Wrote model to -
sym2int.pl: replacing IMMENSITIES with 133027
sym2int.pl: replacing MYRIADS with 133027
sym2int.pl: replacing POPPIED with 133027
sym2int.pl: replacing CAROLING with 133027
sym2int.pl: replacing AMBERING with 133027
sym2int.pl: replacing CORSELETS with 133027
sym2int.pl: replacing DULLY with 133027
sym2int.pl: replacing BATTLECRIES with 133027
sym2int.pl: replacing VENTNOR'S with 133027
sym2int.pl: replacing MING'S with 133027
sym2int.pl: replacing VENTNOR with 133027
sym2int.pl: replacing VENTNOR with 133027
sym2int.pl: replacing VENTNOR with 133027
sym2int.pl: replacing VENTNOR with 133027
sym2int.pl: replacing WOLFLIKE with 133027
sym2int.pl: replacing WHINED with 133027
sym2int.pl: replacing VENTNOR with 133027
sym2int.pl: replacing FOOTMEN with 133027
sym2int.pl: replacing JAVELINS with 133027
sym2int.pl: replacing HEEDLESS with 133027
sym2int.pl: not warning for OOVs any more times
** Replaced 129 instances of OOVs with 133027
apply-cmvn --utt2spk=ark:data/train/split24/9/utt2spk scp:data/train/split24/9/cmvn.scp scp:data/train/split24/9/feats.scp ark:- 
add-deltas ark:- ark:- 
LOG (gmm-align-compiled[5.5.0~1-40c7]:main():gmm-align-compiled.cc:127) 3486-166424-0000
LOG (gmm-align-compiled[5.5.0~1-40c7]:main():gmm-align-compiled.cc:127) 3486-166424-0001
LOG (gmm-align-compiled[5.5.0~1-40c7]:main():gmm-align-compiled.cc:127) 3486-166424-0002
LOG (gmm-align-compiled[5.5.0~1-40c7]:main():gmm-align-compiled.cc:127) 3486-166424-0003
LOG (gmm-align-compiled[5.5.0~1-40c7]:main():gmm-align-compiled.cc:127) 3486-166424-0004
LOG (gmm-align-compiled[5.5.0~1-40c7]:main():gmm-align-compiled.cc:127) 3486-166424-0005
LOG (gmm-align-compiled[5.5.0~1-40c7]:main():gmm-align-compiled.cc:127) 3486-166424-0006
LOG (gmm-align-compiled[5.5.0~1-40c7]:main():gmm-align-compiled.cc:127) 3486-166424-0007
LOG (gmm-align-compiled[5.5.0~1-40c7]:main():gmm-align-compiled.cc:127) 3486-166424-0008
LOG (gmm-align-compiled[5.5.0~1-40c7]:main():gmm-align-compiled.cc:127) 3486-166424-0009
LOG (gmm-align-compiled[5.5.0~1-40c7]:main():gmm-align-compiled.cc:127) 3486-166424-0010
LOG (gmm-align-compiled[5.5.0~1-40c7]:main():gmm-align-compiled.cc:127) 3486-166424-0011
LOG (gmm-align-compiled[5.5.0~1-40c7]:main():gmm-align-compiled.cc:127) 3486-166424-0012
WARNING (gmm-align-compiled[5.5.0~1-40c7]:AlignUtteranceWrapper():decoder-wrappers.cc:617) Retrying utterance 3486-166424-0012 with beam 40
LOG (gmm-align-compiled[5.5.0~1-40c7]:main():gmm-align-compiled.cc:127) 3486-166424-0013
LOG (gmm-align-compiled[5.5.0~1-40c7]:main():gmm-align-compiled.cc:127) 3486-166424-0014
LOG (gmm-align-compiled[5.5.0~1-40c7]:main():gmm-align-compiled.cc:127) 3486-166424-0015
LOG (gmm-align-compiled[5.5.0~1-40c7]:main():gmm-align-compiled.cc:127) 3486-166424-0016
LOG (gmm-align-compiled[5.5.0~1-40c7]:main():gmm-align-compiled.cc:127) 3486-166424-0017
WARNING (gmm-align-compiled[5.5.0~1-40c7]:AlignUtteranceWrapper():decoder-wrappers.cc:617) Retrying utterance 3486-166424-0017 with beam 40
LOG (gmm-align-compiled[5.5.0~1-40c7]:main():gmm-align-compiled.cc:127) 3486-166424-0018
LOG (gmm-align-compiled[5.5.0~1-40c7]:main():gmm-align-compiled.cc:127) 3486-166424-0019
LOG (gmm-align-compiled[5.5.0~1-40c7]:main():gmm-align-compiled.cc:127) 3486-166424-0020
LOG (gmm-align-compiled[5.5.0~1-40c7]:main():gmm-align-compiled.cc:127) 3486-166424-0021
LOG (gmm-align-compiled[5.5.0~1-40c7]:main():gmm-align-compiled.cc:127) 3486-166424-0022
LOG (gmm-align-compiled[5.5.0~1-40c7]:main():gmm-align-compiled.cc:127) 3486-166424-0023
LOG (gmm-align-compiled[5.5.0~1-40c7]:main():gmm-align-compiled.cc:127) 3486-166424-0024
LOG (gmm-align-compiled[5.5.0~1-40c7]:main():gmm-align-compiled.cc:127) 3486-166424-0025
LOG (gmm-align-compiled[5.5.0~1-40c7]:main():gmm-align-compiled.cc:127) 3486-166424-0026
LOG (gmm-align-compiled[5.5.0~1-40c7]:main():gmm-align-compiled.cc:127) 3486-166424-0027
LOG (gmm-align-compiled[5.5.0~1-40c7]:main():gmm-align-compiled.cc:127) 3486-166424-0028
LOG (gmm-align-compiled[5.5.0~1-40c7]:main():gmm-align-compiled.cc:127) 3486-166424-0029
LOG (gmm-align-compiled[5.5.0~1-40c7]:main():gmm-align-compiled.cc:127) 3486-166424-0030
LOG (gmm-align-compiled[5.5.0~1-40c7]:main():gmm-align-compiled.cc:127) 3486-166424-0031
LOG (gmm-align-compiled[5.5.0~1-40c7]:main():gmm-align-compiled.cc:127) 3486-166424-0032
LOG (gmm-align-compiled[5.5.0~1-40c7]:main():gmm-align-compiled.cc:127) 3486-166424-0033
LOG (gmm-align-compiled[5.5.0~1-40c7]:main():gmm-align-compiled.cc:127) 3486-166424-0034
LOG (gmm-align-compiled[5.5.0~1-40c7]:main():gmm-align-compiled.cc:127) 3486-166424-0035
LOG (gmm-align-compiled[5.5.0~1-40c7]:main():gmm-align-compiled.cc:127) 3486-166424-0036
LOG (gmm-align-compiled[5.5.0~1-40c7]:main():gmm-align-compiled.cc:127) 3486-166424-0037
LOG (gmm-align-compiled[5.5.0~1-40c7]:main():gmm-align-compiled.cc:127) 3486-166424-0038
LOG (gmm-align-compiled[5.5.0~1-40c7]:main():gmm-align-compiled.cc:127) 3486-166424-0039
LOG (gmm-align-compiled[5.5.0~1-40c7]:main():gmm-align-compiled.cc:127) 3486-166424-0040
LOG (gmm-align-compiled[5.5.0~1-40c7]:main():gmm-align-compiled.cc:127) 3486-166424-0041
LOG (gmm-align-compiled[5.5.0~1-40c7]:main():gmm-align-compiled.cc:127) 3486-166424-0042
LOG (gmm-align-compiled[5.5.0~1-40c7]:main():gmm-align-compiled.cc:127) 3486-166424-0043
LOG (gmm-align-compiled[5.5.0~1-40c7]:main():gmm-align-compiled.cc:127) 3486-166424-0044
LOG (gmm-align-compiled[5.5.0~1-40c7]:main():gmm-align-compiled.cc:127) 3486-166424-0045
LOG (gmm-align-compiled[5.5.0~1-40c7]:main():gmm-align-compiled.cc:127) 3486-166424-0046
LOG (gmm-align-compiled[5.5.0~1-40c7]:main():gmm-align-compiled.cc:127) 3486-166424-0047
LOG (gmm-align-compiled[5.5.0~1-40c7]:main():gmm-align-compiled.cc:127) 3486-166424-0048
LOG (gmm-align-compiled[5.5.0~1-40c7]:main():gmm-align-compiled.cc:127) 3486-166424-0049
LOG (gmm-align-compiled[5.5.0~1-40c7]:main():gmm-align-compiled.cc:127) 3486-166424-0050
LOG (gmm-align-compiled[5.5.0~1-40c7]:main():gmm-align-compiled.cc:127) 3486-166424-0051
LOG (gmm-align-compiled[5.5.0~1-40c7]:main():gmm-align-compiled.cc:127) 3486-166424-0052
LOG (gmm-align-compiled[5.5.0~1-40c7]:main():gmm-align-compiled.cc:127) 3486-166424-0053
LOG (gmm-align-compiled[5.5.0~1-40c7]:main():gmm-align-compiled.cc:127) 3486-166424-0054
LOG (gmm-align-compiled[5.5.0~1-40c7]:main():gmm-align-compiled.cc:127) 3486-166424-0055
LOG (gmm-align-compiled[5.5.0~1-40c7]:main():gmm-align-compiled.cc:127) 3486-166424-0056
LOG (gmm-align-compiled[5.5.0~1-40c7]:main():gmm-align-compiled.cc:127) 3486-166424-0057
LOG (gmm-align-compiled[5.5.0~1-40c7]:main():gmm-align-compiled.cc:127) 3486-166424-0058
LOG (gmm-align-compiled[5.5.0~1-40c7]:main():gmm-align-compiled.cc:127) 3486-166424-0059
LOG (gmm-align-compiled[5.5.0~1-40c7]:main():gmm-align-compiled.cc:127) 3486-166424-0060
LOG (gmm-align-compiled[5.5.0~1-40c7]:main():gmm-align-compiled.cc:127) 3486-166424-0061
LOG (gmm-align-compiled[5.5.0~1-40c7]:main():gmm-align-compiled.cc:127) 3486-166424-0062
LOG (gmm-align-compiled[5.5.0~1-40c7]:main():gmm-align-compiled.cc:127) 3486-166424-0063
LOG (gmm-align-compiled[5.5.0~1-40c7]:main():gmm-align-compiled.cc:127) 3486-166424-0064
LOG (gmm-align-compiled[5.5.0~1-40c7]:main():gmm-align-compiled.cc:127) 3486-166424-0065
LOG (gmm-align-compiled[5.5.0~1-40c7]:main():gmm-align-compiled.cc:127) 3486-166424-0066
LOG (gmm-align-compiled[5.5.0~1-40c7]:main():gmm-align-compiled.cc:127) 3486-166424-0067
LOG (gmm-align-compiled[5.5.0~1-40c7]:main():gmm-align-compiled.cc:127) 3486-166424-0068
LOG (gmm-align-compiled[5.5.0~1-40c7]:main():gmm-align-compiled.cc:127) 3486-166424-0069
LOG (gmm-align-compiled[5.5.0~1-40c7]:main():gmm-align-compiled.cc:127) 3486-166424-0070
LOG (gmm-align-compiled[5.5.0~1-40c7]:main():gmm-align-compiled.cc:127) 3486-166424-0071
LOG (gmm-align-compiled[5.5.0~1-40c7]:main():gmm-align-compiled.cc:127) 3486-166424-0072
LOG (gmm-align-compiled[5.5.0~1-40c7]:main():gmm-align-compiled.cc:127) 3486-166424-0073
LOG (gmm-align-compiled[5.5.0~1-40c7]:main():gmm-align-compiled.cc:127) 3486-166424-0074
LOG (gmm-align-compiled[5.5.0~1-40c7]:main():gmm-align-compiled.cc:127) 3486-166424-0075
LOG (gmm-align-compiled[5.5.0~1-40c7]:main():gmm-align-compiled.cc:127) 3486-166446-0000
LOG (gmm-align-compiled[5.5.0~1-40c7]:main():gmm-align-compiled.cc:127) 3486-166446-0001
LOG (gmm-align-compiled[5.5.0~1-40c7]:main():gmm-align-compiled.cc:127) 3486-166446-0002
WARNING (gmm-align-compiled[5.5.0~1-40c7]:AlignUtteranceWrapper():decoder-wrappers.cc:617) Retrying utterance 3486-166446-0002 with beam 40
LOG (gmm-align-compiled[5.5.0~1-40c7]:main():gmm-align-compiled.cc:127) 3486-166446-0003
LOG (gmm-align-compiled[5.5.0~1-40c7]:main():gmm-align-compiled.cc:127) 3486-166446-0004
LOG (gmm-align-compiled[5.5.0~1-40c7]:main():gmm-align-compiled.cc:127) 3486-166446-0005
WARNING (gmm-align-compiled[5.5.0~1-40c7]:AlignUtteranceWrapper():decoder-wrappers.cc:617) Retrying utterance 3486-166446-0005 with beam 40
LOG (gmm-align-compiled[5.5.0~1-40c7]:main():gmm-align-compiled.cc:127) 3486-166446-0006
LOG (gmm-align-compiled[5.5.0~1-40c7]:main():gmm-align-compiled.cc:127) 3486-166446-0007
WARNING (gmm-align-compiled[5.5.0~1-40c7]:AlignUtteranceWrapper():decoder-wrappers.cc:617) Retrying utterance 3486-166446-0007 with beam 40
LOG (gmm-align-compiled[5.5.0~1-40c7]:main():gmm-align-compiled.cc:127) 3486-166446-0008
WARNING (gmm-align-compiled[5.5.0~1-40c7]:AlignUtteranceWrapper():decoder-wrappers.cc:617) Retrying utterance 3486-166446-0008 with beam 40
LOG (gmm-align-compiled[5.5.0~1-40c7]:main():gmm-align-compiled.cc:127) 3486-166446-0009
WARNING (gmm-align-compiled[5.5.0~1-40c7]:AlignUtteranceWrapper():decoder-wrappers.cc:617) Retrying utterance 3486-166446-0009 with beam 40
LOG (gmm-align-compiled[5.5.0~1-40c7]:main():gmm-align-compiled.cc:127) 3486-166446-0010
LOG (gmm-align-compiled[5.5.0~1-40c7]:main():gmm-align-compiled.cc:127) 3486-166446-0011
LOG (gmm-align-compiled[5.5.0~1-40c7]:main():gmm-align-compiled.cc:127) 3486-166446-0012
LOG (gmm-align-compiled[5.5.0~1-40c7]:main():gmm-align-compiled.cc:127) 3486-166446-0013
LOG (gmm-align-compiled[5.5.0~1-40c7]:main():gmm-align-compiled.cc:127) 3486-166446-0014
LOG (gmm-align-compiled[5.5.0~1-40c7]:main():gmm-align-compiled.cc:127) 3486-166446-0015
LOG (gmm-align-compiled[5.5.0~1-40c7]:main():gmm-align-compiled.cc:127) 3486-166446-0016
LOG (gmm-align-compiled[5.5.0~1-40c7]:main():gmm-align-compiled.cc:127) 3486-166446-0017
LOG (gmm-align-compiled[5.5.0~1-40c7]:main():gmm-align-compiled.cc:127) 3486-166446-0018
LOG (gmm-align-compiled[5.5.0~1-40c7]:main():gmm-align-compiled.cc:127) 3486-166446-0019
LOG (gmm-align-compiled[5.5.0~1-40c7]:main():gmm-align-compiled.cc:127) 3486-166446-0020
LOG (gmm-align-compiled[5.5.0~1-40c7]:main():gmm-align-compiled.cc:127) 3486-166446-0021
WARNING (gmm-align-compiled[5.5.0~1-40c7]:AlignUtteranceWrapper():decoder-wrappers.cc:617) Retrying utterance 3486-166446-0021 with beam 40
LOG (gmm-align-compiled[5.5.0~1-40c7]:main():gmm-align-compiled.cc:127) 3486-166446-0022
LOG (gmm-align-compiled[5.5.0~1-40c7]:main():gmm-align-compiled.cc:127) 3486-166446-0023
LOG (gmm-align-compiled[5.5.0~1-40c7]:main():gmm-align-compiled.cc:127) 3486-166446-0024
WARNING (gmm-align-compiled[5.5.0~1-40c7]:AlignUtteranceWrapper():decoder-wrappers.cc:617) Retrying utterance 3486-166446-0024 with beam 40
LOG (gmm-align-compiled[5.5.0~1-40c7]:main():gmm-align-compiled.cc:127) 3486-166446-0025
LOG (gmm-align-compiled[5.5.0~1-40c7]:main():gmm-align-compiled.cc:127) 3486-166446-0026
LOG (gmm-align-compiled[5.5.0~1-40c7]:main():gmm-align-compiled.cc:127) 3486-166446-0027
WARNING (gmm-align-compiled[5.5.0~1-40c7]:AlignUtteranceWrapper():decoder-wrappers.cc:617) Retrying utterance 3486-166446-0027 with beam 40
LOG (gmm-align-compiled[5.5.0~1-40c7]:main():gmm-align-compiled.cc:127) 3486-166446-0028
WARNING (gmm-align-compiled[5.5.0~1-40c7]:AlignUtteranceWrapper():decoder-wrappers.cc:617) Retrying utterance 3486-166446-0028 with beam 40
LOG (gmm-align-compiled[5.5.0~1-40c7]:main():gmm-align-compiled.cc:127) 3486-166446-0029
LOG (gmm-align-compiled[5.5.0~1-40c7]:main():gmm-align-compiled.cc:127) 3486-166446-0030
WARNING (gmm-align-compiled[5.5.0~1-40c7]:AlignUtteranceWrapper():decoder-wrappers.cc:617) Retrying utterance 3486-166446-0030 with beam 40
LOG (gmm-align-compiled[5.5.0~1-40c7]:main():gmm-align-compiled.cc:127) 3486-166446-0031
WARNING (gmm-align-compiled[5.5.0~1-40c7]:AlignUtteranceWrapper():decoder-wrappers.cc:617) Retrying utterance 3486-166446-0031 with beam 40
LOG (gmm-align-compiled[5.5.0~1-40c7]:main():gmm-align-compiled.cc:127) 3486-166446-0032
LOG (gmm-align-compiled[5.5.0~1-40c7]:main():gmm-align-compiled.cc:127) 3486-166446-0033
WARNING (gmm-align-compiled[5.5.0~1-40c7]:AlignUtteranceWrapper():decoder-wrappers.cc:617) Retrying utterance 3486-166446-0033 with beam 40
LOG (gmm-align-compiled[5.5.0~1-40c7]:main():gmm-align-compiled.cc:127) 3486-166446-0034
WARNING (gmm-align-compiled[5.5.0~1-40c7]:AlignUtteranceWrapper():decoder-wrappers.cc:617) Retrying utterance 3486-166446-0034 with beam 40
LOG (gmm-align-compiled[5.5.0~1-40c7]:main():gmm-align-compiled.cc:127) 3486-166446-0035
LOG (gmm-align-compiled[5.5.0~1-40c7]:main():gmm-align-compiled.cc:127) 3486-166446-0036
LOG (gmm-align-compiled[5.5.0~1-40c7]:main():gmm-align-compiled.cc:127) 3486-166446-0037
LOG (gmm-align-compiled[5.5.0~1-40c7]:main():gmm-align-compiled.cc:127) 3486-166446-0038
LOG (gmm-align-compiled[5.5.0~1-40c7]:main():gmm-align-compiled.cc:127) 3486-166446-0039
LOG (gmm-align-compiled[5.5.0~1-40c7]:main():gmm-align-compiled.cc:127) 3486-166446-0040
WARNING (gmm-align-compiled[5.5.0~1-40c7]:AlignUtteranceWrapper():decoder-wrappers.cc:617) Retrying utterance 3486-166446-0040 with beam 40
LOG (gmm-align-compiled[5.5.0~1-40c7]:main():gmm-align-compiled.cc:127) 3486-166446-0041
LOG (gmm-align-compiled[5.5.0~1-40c7]:main():gmm-align-compiled.cc:127) 3486-166446-0042
LOG (gmm-align-compiled[5.5.0~1-40c7]:main():gmm-align-compiled.cc:127) 3486-166446-0043
LOG (gmm-align-compiled[5.5.0~1-40c7]:main():gmm-align-compiled.cc:127) 3830-12529-0000
LOG (gmm-align-compiled[5.5.0~1-40c7]:main():gmm-align-compiled.cc:127) 3830-12529-0001
LOG (gmm-align-compiled[5.5.0~1-40c7]:main():gmm-align-compiled.cc:127) 3830-12529-0002
LOG (gmm-align-compiled[5.5.0~1-40c7]:main():gmm-align-compiled.cc:127) 3830-12529-0003
LOG (gmm-align-compiled[5.5.0~1-40c7]:main():gmm-align-compiled.cc:127) 3830-12529-0004
LOG (gmm-align-compiled[5.5.0~1-40c7]:main():gmm-align-compiled.cc:127) 3830-12529-0005
LOG (gmm-align-compiled[5.5.0~1-40c7]:main():gmm-align-compiled.cc:127) 3830-12530-0000
LOG (gmm-align-compiled[5.5.0~1-40c7]:main():gmm-align-compiled.cc:127) 3830-12530-0001
LOG (gmm-align-compiled[5.5.0~1-40c7]:main():gmm-align-compiled.cc:127) 3830-12530-0002
LOG (gmm-align-compiled[5.5.0~1-40c7]:main():gmm-align-compiled.cc:127) 3830-12530-0003
LOG (gmm-align-compiled[5.5.0~1-40c7]:main():gmm-align-compiled.cc:127) 3830-12530-0004
LOG (gmm-align-compiled[5.5.0~1-40c7]:main():gmm-align-compiled.cc:127) 3830-12530-0005
LOG (gmm-align-compiled[5.5.0~1-40c7]:main():gmm-align-compiled.cc:127) 3830-12530-0006
LOG (gmm-align-compiled[5.5.0~1-40c7]:main():gmm-align-compiled.cc:127) 3830-12530-0007
LOG (gmm-align-compiled[5.5.0~1-40c7]:main():gmm-align-compiled.cc:127) 3830-12530-0008
LOG (gmm-align-compiled[5.5.0~1-40c7]:main():gmm-align-compiled.cc:127) 3830-12530-0009
LOG (gmm-align-compiled[5.5.0~1-40c7]:main():gmm-align-compiled.cc:127) 3830-12530-0010
LOG (gmm-align-compiled[5.5.0~1-40c7]:main():gmm-align-compiled.cc:127) 3830-12530-0011
LOG (gmm-align-compiled[5.5.0~1-40c7]:main():gmm-align-compiled.cc:127) 3830-12530-0012
LOG (gmm-align-compiled[5.5.0~1-40c7]:main():gmm-align-compiled.cc:127) 3830-12530-0013
LOG (gmm-align-compiled[5.5.0~1-40c7]:main():gmm-align-compiled.cc:127) 3830-12530-0014
LOG (gmm-align-compiled[5.5.0~1-40c7]:main():gmm-align-compiled.cc:127) 3830-12530-0015
LOG (gmm-align-compiled[5.5.0~1-40c7]:main():gmm-align-compiled.cc:127) 3830-12530-0016
LOG (gmm-align-compiled[5.5.0~1-40c7]:main():gmm-align-compiled.cc:127) 3830-12530-0017
LOG (gmm-align-compiled[5.5.0~1-40c7]:main():gmm-align-compiled.cc:127) 3830-12530-0018
LOG (gmm-align-compiled[5.5.0~1-40c7]:main():gmm-align-compiled.cc:127) 3830-12530-0019
LOG (gmm-align-compiled[5.5.0~1-40c7]:main():gmm-align-compiled.cc:127) 3830-12530-0020
LOG (gmm-align-compiled[5.5.0~1-40c7]:main():gmm-align-compiled.cc:127) 3830-12530-0021
LOG (gmm-align-compiled[5.5.0~1-40c7]:main():gmm-align-compiled.cc:127) 3830-12530-0022
LOG (gmm-align-compiled[5.5.0~1-40c7]:main():gmm-align-compiled.cc:127) 3830-12530-0023
LOG (gmm-align-compiled[5.5.0~1-40c7]:main():gmm-align-compiled.cc:127) 3830-12530-0024
LOG (gmm-align-compiled[5.5.0~1-40c7]:main():gmm-align-compiled.cc:127) 3830-12530-0025
LOG (gmm-align-compiled[5.5.0~1-40c7]:main():gmm-align-compiled.cc:127) 3830-12530-0026
LOG (gmm-align-compiled[5.5.0~1-40c7]:main():gmm-align-compiled.cc:127) 3830-12530-0027
LOG (gmm-align-compiled[5.5.0~1-40c7]:main():gmm-align-compiled.cc:127) 3830-12530-0028
LOG (gmm-align-compiled[5.5.0~1-40c7]:main():gmm-align-compiled.cc:127) 3830-12530-0029
LOG (gmm-align-compiled[5.5.0~1-40c7]:main():gmm-align-compiled.cc:127) 3830-12530-0030
LOG (gmm-align-compiled[5.5.0~1-40c7]:main():gmm-align-compiled.cc:127) 3830-12530-0031
LOG (gmm-align-compiled[5.5.0~1-40c7]:main():gmm-align-compiled.cc:127) 3830-12530-0032
LOG (gmm-align-compiled[5.5.0~1-40c7]:main():gmm-align-compiled.cc:127) 3830-12530-0033
LOG (gmm-align-compiled[5.5.0~1-40c7]:main():gmm-align-compiled.cc:127) 3830-12530-0034
LOG (gmm-align-compiled[5.5.0~1-40c7]:main():gmm-align-compiled.cc:127) 3830-12530-0035
LOG (gmm-align-compiled[5.5.0~1-40c7]:main():gmm-align-compiled.cc:127) 3830-12530-0036
LOG (gmm-align-compiled[5.5.0~1-40c7]:main():gmm-align-compiled.cc:127) 3830-12530-0037
LOG (gmm-align-compiled[5.5.0~1-40c7]:main():gmm-align-compiled.cc:127) 3830-12530-0038
WARNING (gmm-align-compiled[5.5.0~1-40c7]:AlignUtteranceWrapper():decoder-wrappers.cc:617) Retrying utterance 3830-12530-0038 with beam 40
LOG (gmm-align-compiled[5.5.0~1-40c7]:main():gmm-align-compiled.cc:127) 3830-12530-0039
LOG (gmm-align-compiled[5.5.0~1-40c7]:main():gmm-align-compiled.cc:127) 3830-12530-0040
LOG (gmm-align-compiled[5.5.0~1-40c7]:main():gmm-align-compiled.cc:127) 3830-12530-0041
LOG (gmm-align-compiled[5.5.0~1-40c7]:main():gmm-align-compiled.cc:127) 3830-12530-0042
LOG (gmm-align-compiled[5.5.0~1-40c7]:main():gmm-align-compiled.cc:127) 3830-12530-0043
LOG (gmm-align-compiled[5.5.0~1-40c7]:main():gmm-align-compiled.cc:127) 3830-12530-0044
LOG (gmm-align-compiled[5.5.0~1-40c7]:main():gmm-align-compiled.cc:127) 3830-12530-0045
LOG (gmm-align-compiled[5.5.0~1-40c7]:main():gmm-align-compiled.cc:127) 3830-12531-0000
LOG (gmm-align-compiled[5.5.0~1-40c7]:main():gmm-align-compiled.cc:127) 3830-12531-0001
LOG (gmm-align-compiled[5.5.0~1-40c7]:main():gmm-align-compiled.cc:127) 3830-12531-0002
WARNING (gmm-align-compiled[5.5.0~1-40c7]:AlignUtteranceWrapper():decoder-wrappers.cc:617) Retrying utterance 3830-12531-0002 with beam 40
LOG (gmm-align-compiled[5.5.0~1-40c7]:main():gmm-align-compiled.cc:127) 3830-12531-0003
LOG (gmm-align-compiled[5.5.0~1-40c7]:main():gmm-align-compiled.cc:127) 3830-12531-0004
LOG (gmm-align-compiled[5.5.0~1-40c7]:main():gmm-align-compiled.cc:127) 3830-12531-0005
LOG (gmm-align-compiled[5.5.0~1-40c7]:main():gmm-align-compiled.cc:127) 3830-12531-0006
LOG (gmm-align-compiled[5.5.0~1-40c7]:main():gmm-align-compiled.cc:127) 3830-12531-0007
LOG (gmm-align-compiled[5.5.0~1-40c7]:main():gmm-align-compiled.cc:127) 3830-12531-0008
LOG (gmm-align-compiled[5.5.0~1-40c7]:main():gmm-align-compiled.cc:127) 3830-12531-0009
LOG (gmm-align-compiled[5.5.0~1-40c7]:main():gmm-align-compiled.cc:127) 3830-12531-0010
LOG (gmm-align-compiled[5.5.0~1-40c7]:main():gmm-align-compiled.cc:127) 3830-12531-0011
LOG (gmm-align-compiled[5.5.0~1-40c7]:main():gmm-align-compiled.cc:127) 3830-12531-0012
LOG (gmm-align-compiled[5.5.0~1-40c7]:main():gmm-align-compiled.cc:127) 3830-12531-0013
LOG (gmm-align-compiled[5.5.0~1-40c7]:main():gmm-align-compiled.cc:127) 3830-12531-0014
LOG (gmm-align-compiled[5.5.0~1-40c7]:main():gmm-align-compiled.cc:127) 3830-12531-0015
LOG (gmm-align-compiled[5.5.0~1-40c7]:main():gmm-align-compiled.cc:127) 3830-12531-0016
LOG (gmm-align-compiled[5.5.0~1-40c7]:main():gmm-align-compiled.cc:127) 3830-12531-0017
LOG (gmm-align-compiled[5.5.0~1-40c7]:main():gmm-align-compiled.cc:127) 3830-12531-0018
LOG (gmm-align-compiled[5.5.0~1-40c7]:main():gmm-align-compiled.cc:127) 3830-12531-0019
LOG (gmm-align-compiled[5.5.0~1-40c7]:main():gmm-align-compiled.cc:127) 3830-12531-0020
LOG (gmm-align-compiled[5.5.0~1-40c7]:main():gmm-align-compiled.cc:127) 3830-12531-0021
LOG (gmm-align-compiled[5.5.0~1-40c7]:main():gmm-align-compiled.cc:127) 3830-12531-0022
LOG (gmm-align-compiled[5.5.0~1-40c7]:main():gmm-align-compiled.cc:127) 3830-12531-0023
LOG (gmm-align-compiled[5.5.0~1-40c7]:main():gmm-align-compiled.cc:127) 3830-12531-0024
LOG (gmm-align-compiled[5.5.0~1-40c7]:main():gmm-align-compiled.cc:127) 3830-12531-0025
LOG (gmm-align-compiled[5.5.0~1-40c7]:main():gmm-align-compiled.cc:127) 3830-12531-0026
LOG (gmm-align-compiled[5.5.0~1-40c7]:main():gmm-align-compiled.cc:127) 3830-12531-0027
LOG (gmm-align-compiled[5.5.0~1-40c7]:main():gmm-align-compiled.cc:127) 3830-12531-0028
LOG (gmm-align-compiled[5.5.0~1-40c7]:main():gmm-align-compiled.cc:127) 3830-12531-0029
LOG (gmm-align-compiled[5.5.0~1-40c7]:main():gmm-align-compiled.cc:127) 3830-12531-0030
LOG (gmm-align-compiled[5.5.0~1-40c7]:main():gmm-align-compiled.cc:127) 3830-12531-0031
LOG (gmm-align-compiled[5.5.0~1-40c7]:main():gmm-align-compiled.cc:127) 3830-12535-0000
LOG (gmm-align-compiled[5.5.0~1-40c7]:main():gmm-align-compiled.cc:127) 3830-12535-0001
LOG (gmm-align-compiled[5.5.0~1-40c7]:main():gmm-align-compiled.cc:127) 3830-12535-0002
LOG (gmm-align-compiled[5.5.0~1-40c7]:main():gmm-align-compiled.cc:127) 3830-12535-0003
LOG (gmm-align-compiled[5.5.0~1-40c7]:main():gmm-align-compiled.cc:127) 3830-12535-0004
WARNING (gmm-align-compiled[5.5.0~1-40c7]:AlignUtteranceWrapper():decoder-wrappers.cc:617) Retrying utterance 3830-12535-0004 with beam 40
LOG (gmm-align-compiled[5.5.0~1-40c7]:main():gmm-align-compiled.cc:127) 3830-12535-0005
LOG (gmm-align-compiled[5.5.0~1-40c7]:main():gmm-align-compiled.cc:127) 3830-12535-0006
LOG (gmm-align-compiled[5.5.0~1-40c7]:main():gmm-align-compiled.cc:127) 3830-12535-0007
LOG (gmm-align-compiled[5.5.0~1-40c7]:main():gmm-align-compiled.cc:127) 3830-12535-0008
LOG (gmm-align-compiled[5.5.0~1-40c7]:main():gmm-align-compiled.cc:127) 3830-12535-0009
LOG (gmm-align-compiled[5.5.0~1-40c7]:main():gmm-align-compiled.cc:127) 3830-12535-0010
LOG (gmm-align-compiled[5.5.0~1-40c7]:main():gmm-align-compiled.cc:127) 3830-12535-0011
WARNING (gmm-align-compiled[5.5.0~1-40c7]:AlignUtteranceWrapper():decoder-wrappers.cc:617) Retrying utterance 3830-12535-0011 with beam 40
LOG (gmm-align-compiled[5.5.0~1-40c7]:main():gmm-align-compiled.cc:127) 3830-12535-0012
LOG (gmm-align-compiled[5.5.0~1-40c7]:main():gmm-align-compiled.cc:127) 3830-12535-0013
LOG (gmm-align-compiled[5.5.0~1-40c7]:main():gmm-align-compiled.cc:127) 3830-12535-0014
LOG (gmm-align-compiled[5.5.0~1-40c7]:main():gmm-align-compiled.cc:127) 3830-12535-0015
LOG (gmm-align-compiled[5.5.0~1-40c7]:main():gmm-align-compiled.cc:127) 3830-12535-0016
LOG (gmm-align-compiled[5.5.0~1-40c7]:main():gmm-align-compiled.cc:127) 3830-12535-0017
LOG (gmm-align-compiled[5.5.0~1-40c7]:main():gmm-align-compiled.cc:127) 3830-12535-0018
LOG (gmm-align-compiled[5.5.0~1-40c7]:main():gmm-align-compiled.cc:127) 3830-12535-0019
LOG (gmm-align-compiled[5.5.0~1-40c7]:main():gmm-align-compiled.cc:127) 3830-12535-0020
LOG (gmm-align-compiled[5.5.0~1-40c7]:main():gmm-align-compiled.cc:127) 3830-12535-0021
LOG (gmm-align-compiled[5.5.0~1-40c7]:main():gmm-align-compiled.cc:127) 3830-12535-0022
LOG (gmm-align-compiled[5.5.0~1-40c7]:main():gmm-align-compiled.cc:127) 3830-12535-0023
LOG (gmm-align-compiled[5.5.0~1-40c7]:main():gmm-align-compiled.cc:127) 3830-12535-0024
LOG (gmm-align-compiled[5.5.0~1-40c7]:main():gmm-align-compiled.cc:127) 3830-12535-0025
LOG (gmm-align-compiled[5.5.0~1-40c7]:main():gmm-align-compiled.cc:127) 3830-12535-0026
LOG (gmm-align-compiled[5.5.0~1-40c7]:main():gmm-align-compiled.cc:127) 3830-12535-0027
LOG (gmm-align-compiled[5.5.0~1-40c7]:main():gmm-align-compiled.cc:127) 3830-12535-0028
LOG (gmm-align-compiled[5.5.0~1-40c7]:main():gmm-align-compiled.cc:127) 3830-12535-0029
LOG (gmm-align-compiled[5.5.0~1-40c7]:main():gmm-align-compiled.cc:127) 3830-12535-0030
LOG (gmm-align-compiled[5.5.0~1-40c7]:main():gmm-align-compiled.cc:127) 3830-12535-0031
LOG (gmm-align-compiled[5.5.0~1-40c7]:main():gmm-align-compiled.cc:127) 3830-12535-0032
LOG (apply-cmvn[5.5.0~1-40c7]:main():apply-cmvn.cc:162) Applied cepstral mean normalization to 238 utterances, errors on 0
LOG (gmm-align-compiled[5.5.0~1-40c7]:main():gmm-align-compiled.cc:127) 3830-12535-0033
LOG (compile-train-graphs[5.5.0~1-40c7]:main():compile-train-graphs.cc:147) compile-train-graphs: succeeded for 238 graphs, failed for 0
LOG (gmm-align-compiled[5.5.0~1-40c7]:main():gmm-align-compiled.cc:135) Overall log-likelihood per frame is -100.641 over 423105 frames.
LOG (gmm-align-compiled[5.5.0~1-40c7]:main():gmm-align-compiled.cc:137) Retried 20 out of 238 utterances.
LOG (gmm-align-compiled[5.5.0~1-40c7]:main():gmm-align-compiled.cc:139) Done 238, errors on 0
# Accounting: time=20 threads=1
# Ended (code 0) at Mon Dec  7 01:26:48 UTC 2020, elapsed time 20 seconds
