# gmm-latgen-faster --max-active=7000 --beam=13.0 --lattice-beam=6.0 --acoustic-scale=0.083333 --allow-partial=true --word-symbol-table=exp/mono5/graph5/words.txt exp/mono5/final.mdl exp/mono5/graph5/HCLG.fst "ark,s,cs:apply-cmvn  --utt2spk=ark:data/test/split3/3/utt2spk scp:data/test/split3/3/cmvn.scp scp:data/test/split3/3/feats.scp ark:- | add-deltas  ark:- ark:- |" "ark:|gzip -c > exp/mono5/decode5/lat.3.gz" 
# Started at Tue Dec  8 07:27:41 UTC 2020
#
gmm-latgen-faster --max-active=7000 --beam=13.0 --lattice-beam=6.0 --acoustic-scale=0.083333 --allow-partial=true --word-symbol-table=exp/mono5/graph5/words.txt exp/mono5/final.mdl exp/mono5/graph5/HCLG.fst 'ark,s,cs:apply-cmvn  --utt2spk=ark:data/test/split3/3/utt2spk scp:data/test/split3/3/cmvn.scp scp:data/test/split3/3/feats.scp ark:- | add-deltas  ark:- ark:- |' 'ark:|gzip -c > exp/mono5/decode5/lat.3.gz' 
apply-cmvn --utt2spk=ark:data/test/split3/3/utt2spk scp:data/test/split3/3/cmvn.scp scp:data/test/split3/3/feats.scp ark:- 
add-deltas ark:- ark:- 
78-368-0000 
LOG (gmm-latgen-faster[5.5.0~1-40c7]:DecodeUtteranceLatticeFaster():decoder-wrappers.cc:375) Log-like per frame for utterance 78-368-0000 is -8.46599 over 2028 frames.
78-368-0001 
LOG (gmm-latgen-faster[5.5.0~1-40c7]:DecodeUtteranceLatticeFaster():decoder-wrappers.cc:375) Log-like per frame for utterance 78-368-0001 is -8.64783 over 1476 frames.
78-368-0002 
LOG (gmm-latgen-faster[5.5.0~1-40c7]:DecodeUtteranceLatticeFaster():decoder-wrappers.cc:375) Log-like per frame for utterance 78-368-0002 is -8.70915 over 1864 frames.
78-368-0003 
LOG (gmm-latgen-faster[5.5.0~1-40c7]:DecodeUtteranceLatticeFaster():decoder-wrappers.cc:375) Log-like per frame for utterance 78-368-0003 is -8.6092 over 1969 frames.
78-368-0004 
LOG (gmm-latgen-faster[5.5.0~1-40c7]:DecodeUtteranceLatticeFaster():decoder-wrappers.cc:375) Log-like per frame for utterance 78-368-0004 is -8.50859 over 1950 frames.
78-368-0005 
LOG (gmm-latgen-faster[5.5.0~1-40c7]:DecodeUtteranceLatticeFaster():decoder-wrappers.cc:375) Log-like per frame for utterance 78-368-0005 is -8.71724 over 2352 frames.
78-368-0006 
LOG (gmm-latgen-faster[5.5.0~1-40c7]:DecodeUtteranceLatticeFaster():decoder-wrappers.cc:375) Log-like per frame for utterance 78-368-0006 is -8.56235 over 1284 frames.
78-368-0007 
LOG (gmm-latgen-faster[5.5.0~1-40c7]:DecodeUtteranceLatticeFaster():decoder-wrappers.cc:375) Log-like per frame for utterance 78-368-0007 is -8.73245 over 1201 frames.
78-368-0008 
LOG (gmm-latgen-faster[5.5.0~1-40c7]:DecodeUtteranceLatticeFaster():decoder-wrappers.cc:375) Log-like per frame for utterance 78-368-0008 is -8.60725 over 2285 frames.
78-368-0009 
LOG (gmm-latgen-faster[5.5.0~1-40c7]:DecodeUtteranceLatticeFaster():decoder-wrappers.cc:375) Log-like per frame for utterance 78-368-0009 is -8.33327 over 1941 frames.
78-368-0010 
LOG (gmm-latgen-faster[5.5.0~1-40c7]:DecodeUtteranceLatticeFaster():decoder-wrappers.cc:375) Log-like per frame for utterance 78-368-0010 is -8.27376 over 1373 frames.
78-368-0011 
LOG (gmm-latgen-faster[5.5.0~1-40c7]:DecodeUtteranceLatticeFaster():decoder-wrappers.cc:375) Log-like per frame for utterance 78-368-0011 is -8.45149 over 1672 frames.
78-368-0012 
LOG (gmm-latgen-faster[5.5.0~1-40c7]:DecodeUtteranceLatticeFaster():decoder-wrappers.cc:375) Log-like per frame for utterance 78-368-0012 is -8.55906 over 2173 frames.
78-368-0013 
LOG (gmm-latgen-faster[5.5.0~1-40c7]:DecodeUtteranceLatticeFaster():decoder-wrappers.cc:375) Log-like per frame for utterance 78-368-0013 is -8.60333 over 1756 frames.
78-368-0014 
LOG (gmm-latgen-faster[5.5.0~1-40c7]:DecodeUtteranceLatticeFaster():decoder-wrappers.cc:375) Log-like per frame for utterance 78-368-0014 is -8.61345 over 1868 frames.
78-368-0015 
LOG (gmm-latgen-faster[5.5.0~1-40c7]:DecodeUtteranceLatticeFaster():decoder-wrappers.cc:375) Log-like per frame for utterance 78-368-0015 is -8.50718 over 1825 frames.
78-368-0016 
LOG (gmm-latgen-faster[5.5.0~1-40c7]:DecodeUtteranceLatticeFaster():decoder-wrappers.cc:375) Log-like per frame for utterance 78-368-0016 is -8.38461 over 1140 frames.
78-368-0017 
LOG (gmm-latgen-faster[5.5.0~1-40c7]:DecodeUtteranceLatticeFaster():decoder-wrappers.cc:375) Log-like per frame for utterance 78-368-0017 is -8.71826 over 2083 frames.
78-368-0018 
LOG (gmm-latgen-faster[5.5.0~1-40c7]:DecodeUtteranceLatticeFaster():decoder-wrappers.cc:375) Log-like per frame for utterance 78-368-0018 is -8.65815 over 2116 frames.
78-368-0019 
LOG (gmm-latgen-faster[5.5.0~1-40c7]:DecodeUtteranceLatticeFaster():decoder-wrappers.cc:375) Log-like per frame for utterance 78-368-0019 is -8.48742 over 2143 frames.
78-368-0020 
LOG (gmm-latgen-faster[5.5.0~1-40c7]:DecodeUtteranceLatticeFaster():decoder-wrappers.cc:375) Log-like per frame for utterance 78-368-0020 is -8.5272 over 1284 frames.
78-368-0021 
LOG (gmm-latgen-faster[5.5.0~1-40c7]:DecodeUtteranceLatticeFaster():decoder-wrappers.cc:375) Log-like per frame for utterance 78-368-0021 is -8.46409 over 1876 frames.
78-368-0022 
LOG (gmm-latgen-faster[5.5.0~1-40c7]:DecodeUtteranceLatticeFaster():decoder-wrappers.cc:375) Log-like per frame for utterance 78-368-0022 is -8.5193 over 1384 frames.
78-368-0023 
LOG (gmm-latgen-faster[5.5.0~1-40c7]:DecodeUtteranceLatticeFaster():decoder-wrappers.cc:375) Log-like per frame for utterance 78-368-0023 is -8.517 over 1616 frames.
78-368-0024 
LOG (gmm-latgen-faster[5.5.0~1-40c7]:DecodeUtteranceLatticeFaster():decoder-wrappers.cc:375) Log-like per frame for utterance 78-368-0024 is -8.549 over 1669 frames.
78-368-0025 
LOG (gmm-latgen-faster[5.5.0~1-40c7]:DecodeUtteranceLatticeFaster():decoder-wrappers.cc:375) Log-like per frame for utterance 78-368-0025 is -8.59328 over 821 frames.
78-368-0026 
LOG (gmm-latgen-faster[5.5.0~1-40c7]:DecodeUtteranceLatticeFaster():decoder-wrappers.cc:375) Log-like per frame for utterance 78-368-0026 is -8.52647 over 2233 frames.
78-368-0027 
LOG (gmm-latgen-faster[5.5.0~1-40c7]:DecodeUtteranceLatticeFaster():decoder-wrappers.cc:375) Log-like per frame for utterance 78-368-0027 is -8.60281 over 1853 frames.
78-368-0028 
LOG (gmm-latgen-faster[5.5.0~1-40c7]:DecodeUtteranceLatticeFaster():decoder-wrappers.cc:375) Log-like per frame for utterance 78-368-0028 is -8.12155 over 1357 frames.
78-368-0029 
LOG (gmm-latgen-faster[5.5.0~1-40c7]:DecodeUtteranceLatticeFaster():decoder-wrappers.cc:375) Log-like per frame for utterance 78-368-0029 is -8.27974 over 2113 frames.
78-368-0030 
LOG (gmm-latgen-faster[5.5.0~1-40c7]:DecodeUtteranceLatticeFaster():decoder-wrappers.cc:375) Log-like per frame for utterance 78-368-0030 is -8.54955 over 1788 frames.
78-368-0031 
LOG (gmm-latgen-faster[5.5.0~1-40c7]:DecodeUtteranceLatticeFaster():decoder-wrappers.cc:375) Log-like per frame for utterance 78-368-0031 is -8.57471 over 493 frames.
78-368-0032 
LOG (gmm-latgen-faster[5.5.0~1-40c7]:DecodeUtteranceLatticeFaster():decoder-wrappers.cc:375) Log-like per frame for utterance 78-368-0032 is -8.57736 over 2260 frames.
78-368-0033 
LOG (gmm-latgen-faster[5.5.0~1-40c7]:DecodeUtteranceLatticeFaster():decoder-wrappers.cc:375) Log-like per frame for utterance 78-368-0033 is -8.3994 over 1919 frames.
78-368-0034 
LOG (gmm-latgen-faster[5.5.0~1-40c7]:DecodeUtteranceLatticeFaster():decoder-wrappers.cc:375) Log-like per frame for utterance 78-368-0034 is -8.76847 over 1026 frames.
78-368-0035 
LOG (gmm-latgen-faster[5.5.0~1-40c7]:DecodeUtteranceLatticeFaster():decoder-wrappers.cc:375) Log-like per frame for utterance 78-368-0035 is -8.43273 over 2011 frames.
78-368-0036 
LOG (gmm-latgen-faster[5.5.0~1-40c7]:DecodeUtteranceLatticeFaster():decoder-wrappers.cc:375) Log-like per frame for utterance 78-368-0036 is -8.71126 over 1581 frames.
78-368-0037 
LOG (gmm-latgen-faster[5.5.0~1-40c7]:DecodeUtteranceLatticeFaster():decoder-wrappers.cc:375) Log-like per frame for utterance 78-368-0037 is -8.41824 over 1701 frames.
78-368-0038 
LOG (gmm-latgen-faster[5.5.0~1-40c7]:DecodeUtteranceLatticeFaster():decoder-wrappers.cc:375) Log-like per frame for utterance 78-368-0038 is -8.83525 over 504 frames.
78-368-0039 
LOG (gmm-latgen-faster[5.5.0~1-40c7]:DecodeUtteranceLatticeFaster():decoder-wrappers.cc:375) Log-like per frame for utterance 78-368-0039 is -8.55427 over 2099 frames.
78-368-0040 
LOG (gmm-latgen-faster[5.5.0~1-40c7]:DecodeUtteranceLatticeFaster():decoder-wrappers.cc:375) Log-like per frame for utterance 78-368-0040 is -8.61752 over 2111 frames.
78-368-0041 
LOG (gmm-latgen-faster[5.5.0~1-40c7]:DecodeUtteranceLatticeFaster():decoder-wrappers.cc:375) Log-like per frame for utterance 78-368-0041 is -8.75084 over 1450 frames.
78-368-0042 
LOG (gmm-latgen-faster[5.5.0~1-40c7]:DecodeUtteranceLatticeFaster():decoder-wrappers.cc:375) Log-like per frame for utterance 78-368-0042 is -8.63932 over 356 frames.
78-368-0043 
LOG (gmm-latgen-faster[5.5.0~1-40c7]:DecodeUtteranceLatticeFaster():decoder-wrappers.cc:375) Log-like per frame for utterance 78-368-0043 is -8.91046 over 1554 frames.
78-368-0044 
LOG (gmm-latgen-faster[5.5.0~1-40c7]:DecodeUtteranceLatticeFaster():decoder-wrappers.cc:375) Log-like per frame for utterance 78-368-0044 is -8.82763 over 1073 frames.
78-368-0045 
LOG (gmm-latgen-faster[5.5.0~1-40c7]:DecodeUtteranceLatticeFaster():decoder-wrappers.cc:375) Log-like per frame for utterance 78-368-0045 is -8.48056 over 1934 frames.
78-368-0046 
LOG (gmm-latgen-faster[5.5.0~1-40c7]:DecodeUtteranceLatticeFaster():decoder-wrappers.cc:375) Log-like per frame for utterance 78-368-0046 is -8.78402 over 1827 frames.
78-368-0047 
LOG (gmm-latgen-faster[5.5.0~1-40c7]:DecodeUtteranceLatticeFaster():decoder-wrappers.cc:375) Log-like per frame for utterance 78-368-0047 is -8.69657 over 1945 frames.
78-368-0048 
LOG (gmm-latgen-faster[5.5.0~1-40c7]:DecodeUtteranceLatticeFaster():decoder-wrappers.cc:375) Log-like per frame for utterance 78-368-0048 is -8.96133 over 1629 frames.
78-368-0049 
LOG (gmm-latgen-faster[5.5.0~1-40c7]:DecodeUtteranceLatticeFaster():decoder-wrappers.cc:375) Log-like per frame for utterance 78-368-0049 is -8.90056 over 2106 frames.
78-368-0050 
LOG (gmm-latgen-faster[5.5.0~1-40c7]:DecodeUtteranceLatticeFaster():decoder-wrappers.cc:375) Log-like per frame for utterance 78-368-0050 is -8.58226 over 1181 frames.
78-368-0051 
LOG (gmm-latgen-faster[5.5.0~1-40c7]:DecodeUtteranceLatticeFaster():decoder-wrappers.cc:375) Log-like per frame for utterance 78-368-0051 is -8.69479 over 2321 frames.
78-368-0052 
LOG (gmm-latgen-faster[5.5.0~1-40c7]:DecodeUtteranceLatticeFaster():decoder-wrappers.cc:375) Log-like per frame for utterance 78-368-0052 is -8.67502 over 1832 frames.
78-368-0053 
LOG (gmm-latgen-faster[5.5.0~1-40c7]:DecodeUtteranceLatticeFaster():decoder-wrappers.cc:375) Log-like per frame for utterance 78-368-0053 is -8.91712 over 580 frames.
78-369-0000 
LOG (gmm-latgen-faster[5.5.0~1-40c7]:DecodeUtteranceLatticeFaster():decoder-wrappers.cc:375) Log-like per frame for utterance 78-369-0000 is -7.90739 over 1976 frames.
78-369-0001 
LOG (gmm-latgen-faster[5.5.0~1-40c7]:DecodeUtteranceLatticeFaster():decoder-wrappers.cc:375) Log-like per frame for utterance 78-369-0001 is -8.49264 over 1507 frames.
78-369-0002 
LOG (gmm-latgen-faster[5.5.0~1-40c7]:DecodeUtteranceLatticeFaster():decoder-wrappers.cc:375) Log-like per frame for utterance 78-369-0002 is -8.29529 over 1843 frames.
78-369-0003 
LOG (gmm-latgen-faster[5.5.0~1-40c7]:DecodeUtteranceLatticeFaster():decoder-wrappers.cc:375) Log-like per frame for utterance 78-369-0003 is -8.48777 over 1325 frames.
78-369-0004 
LOG (gmm-latgen-faster[5.5.0~1-40c7]:DecodeUtteranceLatticeFaster():decoder-wrappers.cc:375) Log-like per frame for utterance 78-369-0004 is -8.08009 over 1989 frames.
78-369-0005 
LOG (gmm-latgen-faster[5.5.0~1-40c7]:DecodeUtteranceLatticeFaster():decoder-wrappers.cc:375) Log-like per frame for utterance 78-369-0005 is -8.31956 over 1875 frames.
78-369-0006 
LOG (gmm-latgen-faster[5.5.0~1-40c7]:DecodeUtteranceLatticeFaster():decoder-wrappers.cc:375) Log-like per frame for utterance 78-369-0006 is -8.28741 over 2197 frames.
78-369-0007 
LOG (gmm-latgen-faster[5.5.0~1-40c7]:DecodeUtteranceLatticeFaster():decoder-wrappers.cc:375) Log-like per frame for utterance 78-369-0007 is -8.07303 over 1457 frames.
78-369-0008 
LOG (gmm-latgen-faster[5.5.0~1-40c7]:DecodeUtteranceLatticeFaster():decoder-wrappers.cc:375) Log-like per frame for utterance 78-369-0008 is -8.26714 over 2023 frames.
78-369-0009 
LOG (gmm-latgen-faster[5.5.0~1-40c7]:DecodeUtteranceLatticeFaster():decoder-wrappers.cc:375) Log-like per frame for utterance 78-369-0009 is -8.43567 over 2139 frames.
78-369-0010 
LOG (gmm-latgen-faster[5.5.0~1-40c7]:DecodeUtteranceLatticeFaster():decoder-wrappers.cc:375) Log-like per frame for utterance 78-369-0010 is -8.40531 over 1575 frames.
78-369-0011 
LOG (gmm-latgen-faster[5.5.0~1-40c7]:DecodeUtteranceLatticeFaster():decoder-wrappers.cc:375) Log-like per frame for utterance 78-369-0011 is -8.14335 over 2102 frames.
78-369-0012 
LOG (gmm-latgen-faster[5.5.0~1-40c7]:DecodeUtteranceLatticeFaster():decoder-wrappers.cc:375) Log-like per frame for utterance 78-369-0012 is -8.23098 over 1339 frames.
78-369-0013 
LOG (gmm-latgen-faster[5.5.0~1-40c7]:DecodeUtteranceLatticeFaster():decoder-wrappers.cc:375) Log-like per frame for utterance 78-369-0013 is -8.23721 over 1276 frames.
78-369-0014 
LOG (gmm-latgen-faster[5.5.0~1-40c7]:DecodeUtteranceLatticeFaster():decoder-wrappers.cc:375) Log-like per frame for utterance 78-369-0014 is -8.1821 over 1411 frames.
78-369-0015 
LOG (gmm-latgen-faster[5.5.0~1-40c7]:DecodeUtteranceLatticeFaster():decoder-wrappers.cc:375) Log-like per frame for utterance 78-369-0015 is -8.29831 over 2229 frames.
78-369-0016 
LOG (gmm-latgen-faster[5.5.0~1-40c7]:DecodeUtteranceLatticeFaster():decoder-wrappers.cc:375) Log-like per frame for utterance 78-369-0016 is -8.41314 over 1966 frames.
78-369-0017 
LOG (gmm-latgen-faster[5.5.0~1-40c7]:DecodeUtteranceLatticeFaster():decoder-wrappers.cc:375) Log-like per frame for utterance 78-369-0017 is -8.44238 over 1890 frames.
78-369-0018 
LOG (gmm-latgen-faster[5.5.0~1-40c7]:DecodeUtteranceLatticeFaster():decoder-wrappers.cc:375) Log-like per frame for utterance 78-369-0018 is -8.30022 over 1746 frames.
78-369-0019 
LOG (gmm-latgen-faster[5.5.0~1-40c7]:DecodeUtteranceLatticeFaster():decoder-wrappers.cc:375) Log-like per frame for utterance 78-369-0019 is -8.48956 over 1854 frames.
78-369-0020 
LOG (gmm-latgen-faster[5.5.0~1-40c7]:DecodeUtteranceLatticeFaster():decoder-wrappers.cc:375) Log-like per frame for utterance 78-369-0020 is -8.27998 over 1316 frames.
78-369-0021 
LOG (gmm-latgen-faster[5.5.0~1-40c7]:DecodeUtteranceLatticeFaster():decoder-wrappers.cc:375) Log-like per frame for utterance 78-369-0021 is -8.17952 over 1871 frames.
78-369-0022 
LOG (gmm-latgen-faster[5.5.0~1-40c7]:DecodeUtteranceLatticeFaster():decoder-wrappers.cc:375) Log-like per frame for utterance 78-369-0022 is -8.50939 over 2136 frames.
78-369-0023 
LOG (gmm-latgen-faster[5.5.0~1-40c7]:DecodeUtteranceLatticeFaster():decoder-wrappers.cc:375) Log-like per frame for utterance 78-369-0023 is -8.57122 over 2397 frames.
78-369-0024 
LOG (gmm-latgen-faster[5.5.0~1-40c7]:DecodeUtteranceLatticeFaster():decoder-wrappers.cc:375) Log-like per frame for utterance 78-369-0024 is -8.45549 over 1989 frames.
78-369-0025 
LOG (gmm-latgen-faster[5.5.0~1-40c7]:DecodeUtteranceLatticeFaster():decoder-wrappers.cc:375) Log-like per frame for utterance 78-369-0025 is -8.43863 over 2035 frames.
78-369-0026 
LOG (gmm-latgen-faster[5.5.0~1-40c7]:DecodeUtteranceLatticeFaster():decoder-wrappers.cc:375) Log-like per frame for utterance 78-369-0026 is -8.34948 over 1303 frames.
78-369-0027 
LOG (gmm-latgen-faster[5.5.0~1-40c7]:DecodeUtteranceLatticeFaster():decoder-wrappers.cc:375) Log-like per frame for utterance 78-369-0027 is -8.50211 over 2298 frames.
78-369-0028 
LOG (gmm-latgen-faster[5.5.0~1-40c7]:DecodeUtteranceLatticeFaster():decoder-wrappers.cc:375) Log-like per frame for utterance 78-369-0028 is -8.05003 over 1735 frames.
78-369-0029 
LOG (gmm-latgen-faster[5.5.0~1-40c7]:DecodeUtteranceLatticeFaster():decoder-wrappers.cc:375) Log-like per frame for utterance 78-369-0029 is -8.29901 over 1369 frames.
78-369-0030 
LOG (gmm-latgen-faster[5.5.0~1-40c7]:DecodeUtteranceLatticeFaster():decoder-wrappers.cc:375) Log-like per frame for utterance 78-369-0030 is -8.4604 over 1477 frames.
78-369-0031 
LOG (gmm-latgen-faster[5.5.0~1-40c7]:DecodeUtteranceLatticeFaster():decoder-wrappers.cc:375) Log-like per frame for utterance 78-369-0031 is -8.25286 over 1885 frames.
78-369-0032 
LOG (gmm-latgen-faster[5.5.0~1-40c7]:DecodeUtteranceLatticeFaster():decoder-wrappers.cc:375) Log-like per frame for utterance 78-369-0032 is -8.60298 over 2073 frames.
78-369-0033 
LOG (gmm-latgen-faster[5.5.0~1-40c7]:DecodeUtteranceLatticeFaster():decoder-wrappers.cc:375) Log-like per frame for utterance 78-369-0033 is -8.54283 over 1703 frames.
78-369-0034 
LOG (gmm-latgen-faster[5.5.0~1-40c7]:DecodeUtteranceLatticeFaster():decoder-wrappers.cc:375) Log-like per frame for utterance 78-369-0034 is -8.45463 over 2095 frames.
78-369-0035 
LOG (gmm-latgen-faster[5.5.0~1-40c7]:DecodeUtteranceLatticeFaster():decoder-wrappers.cc:375) Log-like per frame for utterance 78-369-0035 is -8.18439 over 1354 frames.
78-369-0036 
LOG (gmm-latgen-faster[5.5.0~1-40c7]:DecodeUtteranceLatticeFaster():decoder-wrappers.cc:375) Log-like per frame for utterance 78-369-0036 is -8.70709 over 1911 frames.
78-369-0037 
LOG (gmm-latgen-faster[5.5.0~1-40c7]:DecodeUtteranceLatticeFaster():decoder-wrappers.cc:375) Log-like per frame for utterance 78-369-0037 is -8.42092 over 1639 frames.
78-369-0038 
LOG (gmm-latgen-faster[5.5.0~1-40c7]:DecodeUtteranceLatticeFaster():decoder-wrappers.cc:375) Log-like per frame for utterance 78-369-0038 is -8.33856 over 2034 frames.
78-369-0039 
LOG (gmm-latgen-faster[5.5.0~1-40c7]:DecodeUtteranceLatticeFaster():decoder-wrappers.cc:375) Log-like per frame for utterance 78-369-0039 is -8.49236 over 1944 frames.
78-369-0040 
LOG (gmm-latgen-faster[5.5.0~1-40c7]:DecodeUtteranceLatticeFaster():decoder-wrappers.cc:375) Log-like per frame for utterance 78-369-0040 is -8.51666 over 1412 frames.
78-369-0041 
LOG (gmm-latgen-faster[5.5.0~1-40c7]:DecodeUtteranceLatticeFaster():decoder-wrappers.cc:375) Log-like per frame for utterance 78-369-0041 is -8.59697 over 2141 frames.
78-369-0042 
LOG (gmm-latgen-faster[5.5.0~1-40c7]:DecodeUtteranceLatticeFaster():decoder-wrappers.cc:375) Log-like per frame for utterance 78-369-0042 is -8.55022 over 2125 frames.
78-369-0043 
LOG (gmm-latgen-faster[5.5.0~1-40c7]:DecodeUtteranceLatticeFaster():decoder-wrappers.cc:375) Log-like per frame for utterance 78-369-0043 is -8.55112 over 2169 frames.
78-369-0044 
LOG (gmm-latgen-faster[5.5.0~1-40c7]:DecodeUtteranceLatticeFaster():decoder-wrappers.cc:375) Log-like per frame for utterance 78-369-0044 is -8.48292 over 1732 frames.
78-369-0045 
LOG (gmm-latgen-faster[5.5.0~1-40c7]:DecodeUtteranceLatticeFaster():decoder-wrappers.cc:375) Log-like per frame for utterance 78-369-0045 is -8.53414 over 2104 frames.
78-369-0046 
LOG (gmm-latgen-faster[5.5.0~1-40c7]:DecodeUtteranceLatticeFaster():decoder-wrappers.cc:375) Log-like per frame for utterance 78-369-0046 is -8.74335 over 2337 frames.
78-369-0047 
LOG (gmm-latgen-faster[5.5.0~1-40c7]:DecodeUtteranceLatticeFaster():decoder-wrappers.cc:375) Log-like per frame for utterance 78-369-0047 is -8.54626 over 1643 frames.
78-369-0048 
LOG (gmm-latgen-faster[5.5.0~1-40c7]:DecodeUtteranceLatticeFaster():decoder-wrappers.cc:375) Log-like per frame for utterance 78-369-0048 is -8.52748 over 1085 frames.
78-369-0049 
LOG (gmm-latgen-faster[5.5.0~1-40c7]:DecodeUtteranceLatticeFaster():decoder-wrappers.cc:375) Log-like per frame for utterance 78-369-0049 is -8.77232 over 2086 frames.
78-369-0050 
LOG (gmm-latgen-faster[5.5.0~1-40c7]:DecodeUtteranceLatticeFaster():decoder-wrappers.cc:375) Log-like per frame for utterance 78-369-0050 is -8.47536 over 2001 frames.
78-369-0051 
LOG (gmm-latgen-faster[5.5.0~1-40c7]:DecodeUtteranceLatticeFaster():decoder-wrappers.cc:375) Log-like per frame for utterance 78-369-0051 is -8.57483 over 1883 frames.
78-369-0052 
LOG (gmm-latgen-faster[5.5.0~1-40c7]:DecodeUtteranceLatticeFaster():decoder-wrappers.cc:375) Log-like per frame for utterance 78-369-0052 is -8.68097 over 1531 frames.
78-369-0053 
LOG (gmm-latgen-faster[5.5.0~1-40c7]:DecodeUtteranceLatticeFaster():decoder-wrappers.cc:375) Log-like per frame for utterance 78-369-0053 is -8.53876 over 2101 frames.
78-369-0054 
LOG (gmm-latgen-faster[5.5.0~1-40c7]:DecodeUtteranceLatticeFaster():decoder-wrappers.cc:375) Log-like per frame for utterance 78-369-0054 is -8.58079 over 1623 frames.
78-369-0055 
LOG (gmm-latgen-faster[5.5.0~1-40c7]:DecodeUtteranceLatticeFaster():decoder-wrappers.cc:375) Log-like per frame for utterance 78-369-0055 is -8.65868 over 1989 frames.
78-369-0056 
LOG (gmm-latgen-faster[5.5.0~1-40c7]:DecodeUtteranceLatticeFaster():decoder-wrappers.cc:375) Log-like per frame for utterance 78-369-0056 is -8.44631 over 1874 frames.
78-369-0057 
LOG (gmm-latgen-faster[5.5.0~1-40c7]:DecodeUtteranceLatticeFaster():decoder-wrappers.cc:375) Log-like per frame for utterance 78-369-0057 is -8.66182 over 1122 frames.
78-369-0058 
LOG (gmm-latgen-faster[5.5.0~1-40c7]:DecodeUtteranceLatticeFaster():decoder-wrappers.cc:375) Log-like per frame for utterance 78-369-0058 is -8.68538 over 1204 frames.
78-369-0059 
LOG (gmm-latgen-faster[5.5.0~1-40c7]:DecodeUtteranceLatticeFaster():decoder-wrappers.cc:375) Log-like per frame for utterance 78-369-0059 is -8.65233 over 2344 frames.
78-369-0060 
LOG (gmm-latgen-faster[5.5.0~1-40c7]:DecodeUtteranceLatticeFaster():decoder-wrappers.cc:375) Log-like per frame for utterance 78-369-0060 is -8.47682 over 2129 frames.
78-369-0061 
LOG (gmm-latgen-faster[5.5.0~1-40c7]:DecodeUtteranceLatticeFaster():decoder-wrappers.cc:375) Log-like per frame for utterance 78-369-0061 is -8.16916 over 1636 frames.
LOG (apply-cmvn[5.5.0~1-40c7]:main():apply-cmvn.cc:162) Applied cepstral mean normalization to 118 utterances, errors on 0
78-369-0062 
LOG (gmm-latgen-faster[5.5.0~1-40c7]:DecodeUtteranceLatticeFaster():decoder-wrappers.cc:375) Log-like per frame for utterance 78-369-0062 is -8.48177 over 2189 frames.
78-369-0063 
LOG (gmm-latgen-faster[5.5.0~1-40c7]:DecodeUtteranceLatticeFaster():decoder-wrappers.cc:375) Log-like per frame for utterance 78-369-0063 is -8.55096 over 1693 frames.
LOG (gmm-latgen-faster[5.5.0~1-40c7]:main():gmm-latgen-faster.cc:176) Time taken 7.32591s: real-time factor assuming 100 frames/sec is 0.00354899
LOG (gmm-latgen-faster[5.5.0~1-40c7]:main():gmm-latgen-faster.cc:179) Done 118 utterances, failed for 0
LOG (gmm-latgen-faster[5.5.0~1-40c7]:main():gmm-latgen-faster.cc:181) Overall log-likelihood per frame is -8.4995 over 206422 frames.
# Accounting: time=8 threads=1
# Ended (code 0) at Tue Dec  8 07:27:49 UTC 2020, elapsed time 8 seconds
