# gmm-latgen-faster --max-active=7000 --beam=13.0 --lattice-beam=6.0 --acoustic-scale=0.083333 --allow-partial=true --word-symbol-table=exp/mono5/graph5/words.txt exp/mono5/final.mdl exp/mono5/graph5/HCLG.fst "ark,s,cs:apply-cmvn  --utt2spk=ark:data/test/split3/2/utt2spk scp:data/test/split3/2/cmvn.scp scp:data/test/split3/2/feats.scp ark:- | add-deltas  ark:- ark:- |" "ark:|gzip -c > exp/mono5/decode5/lat.2.gz" 
# Started at Tue Dec  8 07:27:41 UTC 2020
#
gmm-latgen-faster --max-active=7000 --beam=13.0 --lattice-beam=6.0 --acoustic-scale=0.083333 --allow-partial=true --word-symbol-table=exp/mono5/graph5/words.txt exp/mono5/final.mdl exp/mono5/graph5/HCLG.fst 'ark,s,cs:apply-cmvn  --utt2spk=ark:data/test/split3/2/utt2spk scp:data/test/split3/2/cmvn.scp scp:data/test/split3/2/feats.scp ark:- | add-deltas  ark:- ark:- |' 'ark:|gzip -c > exp/mono5/decode5/lat.2.gz' 
add-deltas ark:- ark:- 
apply-cmvn --utt2spk=ark:data/test/split3/2/utt2spk scp:data/test/split3/2/cmvn.scp scp:data/test/split3/2/feats.scp ark:- 
302-123504-0000 
LOG (gmm-latgen-faster[5.5.0~1-40c7]:DecodeUtteranceLatticeFaster():decoder-wrappers.cc:375) Log-like per frame for utterance 302-123504-0000 is -9.76371 over 1960 frames.
302-123504-0001 
LOG (gmm-latgen-faster[5.5.0~1-40c7]:DecodeUtteranceLatticeFaster():decoder-wrappers.cc:375) Log-like per frame for utterance 302-123504-0001 is -9.78942 over 1901 frames.
302-123504-0002 
LOG (gmm-latgen-faster[5.5.0~1-40c7]:DecodeUtteranceLatticeFaster():decoder-wrappers.cc:375) Log-like per frame for utterance 302-123504-0002 is -9.70915 over 2145 frames.
302-123504-0003 
LOG (gmm-latgen-faster[5.5.0~1-40c7]:DecodeUtteranceLatticeFaster():decoder-wrappers.cc:375) Log-like per frame for utterance 302-123504-0003 is -9.57766 over 1801 frames.
302-123504-0004 
LOG (gmm-latgen-faster[5.5.0~1-40c7]:DecodeUtteranceLatticeFaster():decoder-wrappers.cc:375) Log-like per frame for utterance 302-123504-0004 is -9.82693 over 2256 frames.
302-123504-0005 
LOG (gmm-latgen-faster[5.5.0~1-40c7]:DecodeUtteranceLatticeFaster():decoder-wrappers.cc:375) Log-like per frame for utterance 302-123504-0005 is -9.77845 over 2046 frames.
302-123504-0006 
LOG (gmm-latgen-faster[5.5.0~1-40c7]:DecodeUtteranceLatticeFaster():decoder-wrappers.cc:375) Log-like per frame for utterance 302-123504-0006 is -9.77827 over 1698 frames.
302-123504-0007 
LOG (gmm-latgen-faster[5.5.0~1-40c7]:DecodeUtteranceLatticeFaster():decoder-wrappers.cc:375) Log-like per frame for utterance 302-123504-0007 is -9.66807 over 1619 frames.
302-123504-0008 
LOG (gmm-latgen-faster[5.5.0~1-40c7]:DecodeUtteranceLatticeFaster():decoder-wrappers.cc:375) Log-like per frame for utterance 302-123504-0008 is -9.66985 over 1923 frames.
302-123504-0009 
LOG (gmm-latgen-faster[5.5.0~1-40c7]:DecodeUtteranceLatticeFaster():decoder-wrappers.cc:375) Log-like per frame for utterance 302-123504-0009 is -9.66698 over 2188 frames.
302-123504-0010 
LOG (gmm-latgen-faster[5.5.0~1-40c7]:DecodeUtteranceLatticeFaster():decoder-wrappers.cc:375) Log-like per frame for utterance 302-123504-0010 is -9.64969 over 2164 frames.
302-123504-0011 
LOG (gmm-latgen-faster[5.5.0~1-40c7]:DecodeUtteranceLatticeFaster():decoder-wrappers.cc:375) Log-like per frame for utterance 302-123504-0011 is -9.71709 over 1030 frames.
302-123504-0012 
LOG (gmm-latgen-faster[5.5.0~1-40c7]:DecodeUtteranceLatticeFaster():decoder-wrappers.cc:375) Log-like per frame for utterance 302-123504-0012 is -9.74378 over 1917 frames.
302-123504-0013 
LOG (gmm-latgen-faster[5.5.0~1-40c7]:DecodeUtteranceLatticeFaster():decoder-wrappers.cc:375) Log-like per frame for utterance 302-123504-0013 is -9.8016 over 2099 frames.
302-123504-0014 
LOG (gmm-latgen-faster[5.5.0~1-40c7]:DecodeUtteranceLatticeFaster():decoder-wrappers.cc:375) Log-like per frame for utterance 302-123504-0014 is -9.55595 over 2228 frames.
302-123504-0015 
LOG (gmm-latgen-faster[5.5.0~1-40c7]:DecodeUtteranceLatticeFaster():decoder-wrappers.cc:375) Log-like per frame for utterance 302-123504-0015 is -9.79111 over 1873 frames.
302-123504-0016 
LOG (gmm-latgen-faster[5.5.0~1-40c7]:DecodeUtteranceLatticeFaster():decoder-wrappers.cc:375) Log-like per frame for utterance 302-123504-0016 is -9.72261 over 1869 frames.
302-123504-0017 
LOG (gmm-latgen-faster[5.5.0~1-40c7]:DecodeUtteranceLatticeFaster():decoder-wrappers.cc:375) Log-like per frame for utterance 302-123504-0017 is -9.94751 over 1715 frames.
302-123504-0018 
LOG (gmm-latgen-faster[5.5.0~1-40c7]:DecodeUtteranceLatticeFaster():decoder-wrappers.cc:375) Log-like per frame for utterance 302-123504-0018 is -9.87287 over 1723 frames.
302-123504-0019 
LOG (gmm-latgen-faster[5.5.0~1-40c7]:DecodeUtteranceLatticeFaster():decoder-wrappers.cc:375) Log-like per frame for utterance 302-123504-0019 is -9.81845 over 1817 frames.
302-123504-0020 
LOG (gmm-latgen-faster[5.5.0~1-40c7]:DecodeUtteranceLatticeFaster():decoder-wrappers.cc:375) Log-like per frame for utterance 302-123504-0020 is -9.72027 over 2142 frames.
302-123504-0021 
LOG (gmm-latgen-faster[5.5.0~1-40c7]:DecodeUtteranceLatticeFaster():decoder-wrappers.cc:375) Log-like per frame for utterance 302-123504-0021 is -9.61566 over 2188 frames.
302-123504-0022 
LOG (gmm-latgen-faster[5.5.0~1-40c7]:DecodeUtteranceLatticeFaster():decoder-wrappers.cc:375) Log-like per frame for utterance 302-123504-0022 is -9.66384 over 2020 frames.
302-123504-0023 
LOG (gmm-latgen-faster[5.5.0~1-40c7]:DecodeUtteranceLatticeFaster():decoder-wrappers.cc:375) Log-like per frame for utterance 302-123504-0023 is -9.6661 over 1933 frames.
302-123504-0024 
LOG (gmm-latgen-faster[5.5.0~1-40c7]:DecodeUtteranceLatticeFaster():decoder-wrappers.cc:375) Log-like per frame for utterance 302-123504-0024 is -9.75662 over 1860 frames.
302-123504-0025 
LOG (gmm-latgen-faster[5.5.0~1-40c7]:DecodeUtteranceLatticeFaster():decoder-wrappers.cc:375) Log-like per frame for utterance 302-123504-0025 is -9.78899 over 2143 frames.
302-123504-0026 
LOG (gmm-latgen-faster[5.5.0~1-40c7]:DecodeUtteranceLatticeFaster():decoder-wrappers.cc:375) Log-like per frame for utterance 302-123504-0026 is -9.73131 over 1964 frames.
302-123504-0027 
LOG (gmm-latgen-faster[5.5.0~1-40c7]:DecodeUtteranceLatticeFaster():decoder-wrappers.cc:375) Log-like per frame for utterance 302-123504-0027 is -9.7656 over 2111 frames.
302-123504-0028 
LOG (gmm-latgen-faster[5.5.0~1-40c7]:DecodeUtteranceLatticeFaster():decoder-wrappers.cc:375) Log-like per frame for utterance 302-123504-0028 is -9.75437 over 2122 frames.
302-123504-0029 
LOG (gmm-latgen-faster[5.5.0~1-40c7]:DecodeUtteranceLatticeFaster():decoder-wrappers.cc:375) Log-like per frame for utterance 302-123504-0029 is -9.75033 over 2046 frames.
302-123504-0030 
LOG (gmm-latgen-faster[5.5.0~1-40c7]:DecodeUtteranceLatticeFaster():decoder-wrappers.cc:375) Log-like per frame for utterance 302-123504-0030 is -9.68002 over 2234 frames.
302-123504-0031 
LOG (gmm-latgen-faster[5.5.0~1-40c7]:DecodeUtteranceLatticeFaster():decoder-wrappers.cc:375) Log-like per frame for utterance 302-123504-0031 is -9.77402 over 2083 frames.
302-123504-0032 
LOG (gmm-latgen-faster[5.5.0~1-40c7]:DecodeUtteranceLatticeFaster():decoder-wrappers.cc:375) Log-like per frame for utterance 302-123504-0032 is -9.76249 over 1969 frames.
302-123504-0033 
LOG (gmm-latgen-faster[5.5.0~1-40c7]:DecodeUtteranceLatticeFaster():decoder-wrappers.cc:375) Log-like per frame for utterance 302-123504-0033 is -9.79926 over 2078 frames.
302-123504-0034 
LOG (gmm-latgen-faster[5.5.0~1-40c7]:DecodeUtteranceLatticeFaster():decoder-wrappers.cc:375) Log-like per frame for utterance 302-123504-0034 is -9.87485 over 1903 frames.
302-123504-0035 
LOG (gmm-latgen-faster[5.5.0~1-40c7]:DecodeUtteranceLatticeFaster():decoder-wrappers.cc:375) Log-like per frame for utterance 302-123504-0035 is -9.84007 over 1646 frames.
302-123504-0036 
LOG (gmm-latgen-faster[5.5.0~1-40c7]:DecodeUtteranceLatticeFaster():decoder-wrappers.cc:375) Log-like per frame for utterance 302-123504-0036 is -9.75369 over 2032 frames.
302-123504-0037 
LOG (gmm-latgen-faster[5.5.0~1-40c7]:DecodeUtteranceLatticeFaster():decoder-wrappers.cc:375) Log-like per frame for utterance 302-123504-0037 is -9.85337 over 1081 frames.
302-123516-0000 
LOG (gmm-latgen-faster[5.5.0~1-40c7]:DecodeUtteranceLatticeFaster():decoder-wrappers.cc:375) Log-like per frame for utterance 302-123516-0000 is -8.73253 over 1768 frames.
302-123516-0001 
LOG (gmm-latgen-faster[5.5.0~1-40c7]:DecodeUtteranceLatticeFaster():decoder-wrappers.cc:375) Log-like per frame for utterance 302-123516-0001 is -9.23347 over 1893 frames.
302-123516-0002 
LOG (gmm-latgen-faster[5.5.0~1-40c7]:DecodeUtteranceLatticeFaster():decoder-wrappers.cc:375) Log-like per frame for utterance 302-123516-0002 is -9.40946 over 2209 frames.
302-123516-0003 
LOG (gmm-latgen-faster[5.5.0~1-40c7]:DecodeUtteranceLatticeFaster():decoder-wrappers.cc:375) Log-like per frame for utterance 302-123516-0003 is -9.4655 over 1199 frames.
302-123516-0004 
LOG (gmm-latgen-faster[5.5.0~1-40c7]:DecodeUtteranceLatticeFaster():decoder-wrappers.cc:375) Log-like per frame for utterance 302-123516-0004 is -9.35817 over 2052 frames.
302-123516-0005 
LOG (gmm-latgen-faster[5.5.0~1-40c7]:DecodeUtteranceLatticeFaster():decoder-wrappers.cc:375) Log-like per frame for utterance 302-123516-0005 is -9.47345 over 1576 frames.
302-123516-0006 
LOG (gmm-latgen-faster[5.5.0~1-40c7]:DecodeUtteranceLatticeFaster():decoder-wrappers.cc:375) Log-like per frame for utterance 302-123516-0006 is -9.40371 over 1591 frames.
302-123516-0007 
LOG (gmm-latgen-faster[5.5.0~1-40c7]:DecodeUtteranceLatticeFaster():decoder-wrappers.cc:375) Log-like per frame for utterance 302-123516-0007 is -9.47066 over 1927 frames.
302-123516-0008 
LOG (gmm-latgen-faster[5.5.0~1-40c7]:DecodeUtteranceLatticeFaster():decoder-wrappers.cc:375) Log-like per frame for utterance 302-123516-0008 is -9.47338 over 2150 frames.
302-123516-0009 
LOG (gmm-latgen-faster[5.5.0~1-40c7]:DecodeUtteranceLatticeFaster():decoder-wrappers.cc:375) Log-like per frame for utterance 302-123516-0009 is -9.43755 over 2097 frames.
302-123516-0010 
LOG (gmm-latgen-faster[5.5.0~1-40c7]:DecodeUtteranceLatticeFaster():decoder-wrappers.cc:375) Log-like per frame for utterance 302-123516-0010 is -9.47171 over 2245 frames.
302-123516-0011 
LOG (gmm-latgen-faster[5.5.0~1-40c7]:DecodeUtteranceLatticeFaster():decoder-wrappers.cc:375) Log-like per frame for utterance 302-123516-0011 is -9.30899 over 1801 frames.
302-123516-0012 
LOG (gmm-latgen-faster[5.5.0~1-40c7]:DecodeUtteranceLatticeFaster():decoder-wrappers.cc:375) Log-like per frame for utterance 302-123516-0012 is -9.42246 over 2184 frames.
302-123516-0013 
LOG (gmm-latgen-faster[5.5.0~1-40c7]:DecodeUtteranceLatticeFaster():decoder-wrappers.cc:375) Log-like per frame for utterance 302-123516-0013 is -9.41547 over 2259 frames.
302-123516-0014 
LOG (gmm-latgen-faster[5.5.0~1-40c7]:DecodeUtteranceLatticeFaster():decoder-wrappers.cc:375) Log-like per frame for utterance 302-123516-0014 is -9.44038 over 2167 frames.
302-123516-0015 
LOG (gmm-latgen-faster[5.5.0~1-40c7]:DecodeUtteranceLatticeFaster():decoder-wrappers.cc:375) Log-like per frame for utterance 302-123516-0015 is -9.3841 over 1560 frames.
302-123516-0016 
LOG (gmm-latgen-faster[5.5.0~1-40c7]:DecodeUtteranceLatticeFaster():decoder-wrappers.cc:375) Log-like per frame for utterance 302-123516-0016 is -9.50595 over 1927 frames.
302-123516-0017 
LOG (gmm-latgen-faster[5.5.0~1-40c7]:DecodeUtteranceLatticeFaster():decoder-wrappers.cc:375) Log-like per frame for utterance 302-123516-0017 is -9.47972 over 1962 frames.
302-123516-0018 
LOG (gmm-latgen-faster[5.5.0~1-40c7]:DecodeUtteranceLatticeFaster():decoder-wrappers.cc:375) Log-like per frame for utterance 302-123516-0018 is -9.33449 over 1251 frames.
302-123516-0019 
LOG (gmm-latgen-faster[5.5.0~1-40c7]:DecodeUtteranceLatticeFaster():decoder-wrappers.cc:375) Log-like per frame for utterance 302-123516-0019 is -9.52949 over 1127 frames.
302-123516-0020 
LOG (gmm-latgen-faster[5.5.0~1-40c7]:DecodeUtteranceLatticeFaster():decoder-wrappers.cc:375) Log-like per frame for utterance 302-123516-0020 is -9.25762 over 1296 frames.
302-123516-0021 
LOG (gmm-latgen-faster[5.5.0~1-40c7]:DecodeUtteranceLatticeFaster():decoder-wrappers.cc:375) Log-like per frame for utterance 302-123516-0021 is -9.48171 over 2006 frames.
302-123516-0022 
LOG (gmm-latgen-faster[5.5.0~1-40c7]:DecodeUtteranceLatticeFaster():decoder-wrappers.cc:375) Log-like per frame for utterance 302-123516-0022 is -9.43553 over 1586 frames.
302-123516-0023 
LOG (gmm-latgen-faster[5.5.0~1-40c7]:DecodeUtteranceLatticeFaster():decoder-wrappers.cc:375) Log-like per frame for utterance 302-123516-0023 is -9.49312 over 2226 frames.
302-123516-0024 
LOG (gmm-latgen-faster[5.5.0~1-40c7]:DecodeUtteranceLatticeFaster():decoder-wrappers.cc:375) Log-like per frame for utterance 302-123516-0024 is -9.48333 over 600 frames.
302-123516-0025 
LOG (gmm-latgen-faster[5.5.0~1-40c7]:DecodeUtteranceLatticeFaster():decoder-wrappers.cc:375) Log-like per frame for utterance 302-123516-0025 is -9.43576 over 1801 frames.
302-123516-0026 
LOG (gmm-latgen-faster[5.5.0~1-40c7]:DecodeUtteranceLatticeFaster():decoder-wrappers.cc:375) Log-like per frame for utterance 302-123516-0026 is -9.42065 over 2007 frames.
302-123516-0027 
LOG (gmm-latgen-faster[5.5.0~1-40c7]:DecodeUtteranceLatticeFaster():decoder-wrappers.cc:375) Log-like per frame for utterance 302-123516-0027 is -9.42351 over 2074 frames.
302-123516-0028 
LOG (gmm-latgen-faster[5.5.0~1-40c7]:DecodeUtteranceLatticeFaster():decoder-wrappers.cc:375) Log-like per frame for utterance 302-123516-0028 is -9.47878 over 2052 frames.
302-123516-0029 
LOG (gmm-latgen-faster[5.5.0~1-40c7]:DecodeUtteranceLatticeFaster():decoder-wrappers.cc:375) Log-like per frame for utterance 302-123516-0029 is -9.49927 over 2107 frames.
302-123516-0030 
LOG (gmm-latgen-faster[5.5.0~1-40c7]:DecodeUtteranceLatticeFaster():decoder-wrappers.cc:375) Log-like per frame for utterance 302-123516-0030 is -9.46554 over 931 frames.
302-123516-0031 
LOG (gmm-latgen-faster[5.5.0~1-40c7]:DecodeUtteranceLatticeFaster():decoder-wrappers.cc:375) Log-like per frame for utterance 302-123516-0031 is -9.40926 over 1994 frames.
302-123516-0032 
LOG (gmm-latgen-faster[5.5.0~1-40c7]:DecodeUtteranceLatticeFaster():decoder-wrappers.cc:375) Log-like per frame for utterance 302-123516-0032 is -9.32497 over 963 frames.
302-123516-0033 
LOG (gmm-latgen-faster[5.5.0~1-40c7]:DecodeUtteranceLatticeFaster():decoder-wrappers.cc:375) Log-like per frame for utterance 302-123516-0033 is -9.33036 over 1567 frames.
302-123516-0034 
LOG (gmm-latgen-faster[5.5.0~1-40c7]:DecodeUtteranceLatticeFaster():decoder-wrappers.cc:375) Log-like per frame for utterance 302-123516-0034 is -9.53594 over 369 frames.
302-123516-0035 
LOG (gmm-latgen-faster[5.5.0~1-40c7]:DecodeUtteranceLatticeFaster():decoder-wrappers.cc:375) Log-like per frame for utterance 302-123516-0035 is -9.40473 over 2025 frames.
302-123523-0000 
LOG (gmm-latgen-faster[5.5.0~1-40c7]:DecodeUtteranceLatticeFaster():decoder-wrappers.cc:375) Log-like per frame for utterance 302-123523-0000 is -9.71866 over 2141 frames.
302-123523-0001 
LOG (gmm-latgen-faster[5.5.0~1-40c7]:DecodeUtteranceLatticeFaster():decoder-wrappers.cc:375) Log-like per frame for utterance 302-123523-0001 is -9.5181 over 941 frames.
302-123523-0002 
LOG (gmm-latgen-faster[5.5.0~1-40c7]:DecodeUtteranceLatticeFaster():decoder-wrappers.cc:375) Log-like per frame for utterance 302-123523-0002 is -9.64127 over 2242 frames.
302-123523-0003 
LOG (gmm-latgen-faster[5.5.0~1-40c7]:DecodeUtteranceLatticeFaster():decoder-wrappers.cc:375) Log-like per frame for utterance 302-123523-0003 is -9.45383 over 2293 frames.
302-123523-0004 
LOG (gmm-latgen-faster[5.5.0~1-40c7]:DecodeUtteranceLatticeFaster():decoder-wrappers.cc:375) Log-like per frame for utterance 302-123523-0004 is -9.53237 over 1672 frames.
302-123523-0005 
LOG (gmm-latgen-faster[5.5.0~1-40c7]:DecodeUtteranceLatticeFaster():decoder-wrappers.cc:375) Log-like per frame for utterance 302-123523-0005 is -9.49671 over 1814 frames.
302-123523-0006 
LOG (gmm-latgen-faster[5.5.0~1-40c7]:DecodeUtteranceLatticeFaster():decoder-wrappers.cc:375) Log-like per frame for utterance 302-123523-0006 is -9.55785 over 1895 frames.
302-123523-0007 
LOG (gmm-latgen-faster[5.5.0~1-40c7]:DecodeUtteranceLatticeFaster():decoder-wrappers.cc:375) Log-like per frame for utterance 302-123523-0007 is -9.49427 over 1959 frames.
302-123523-0008 
LOG (gmm-latgen-faster[5.5.0~1-40c7]:DecodeUtteranceLatticeFaster():decoder-wrappers.cc:375) Log-like per frame for utterance 302-123523-0008 is -9.4873 over 2147 frames.
302-123523-0009 
LOG (gmm-latgen-faster[5.5.0~1-40c7]:DecodeUtteranceLatticeFaster():decoder-wrappers.cc:375) Log-like per frame for utterance 302-123523-0009 is -9.53967 over 2195 frames.
302-123523-0010 
LOG (gmm-latgen-faster[5.5.0~1-40c7]:DecodeUtteranceLatticeFaster():decoder-wrappers.cc:375) Log-like per frame for utterance 302-123523-0010 is -9.47432 over 1881 frames.
302-123523-0011 
LOG (gmm-latgen-faster[5.5.0~1-40c7]:DecodeUtteranceLatticeFaster():decoder-wrappers.cc:375) Log-like per frame for utterance 302-123523-0011 is -9.44081 over 1960 frames.
302-123523-0012 
LOG (gmm-latgen-faster[5.5.0~1-40c7]:DecodeUtteranceLatticeFaster():decoder-wrappers.cc:375) Log-like per frame for utterance 302-123523-0012 is -9.49701 over 2064 frames.
302-123523-0013 
LOG (gmm-latgen-faster[5.5.0~1-40c7]:DecodeUtteranceLatticeFaster():decoder-wrappers.cc:375) Log-like per frame for utterance 302-123523-0013 is -9.67573 over 1936 frames.
302-123523-0014 
LOG (gmm-latgen-faster[5.5.0~1-40c7]:DecodeUtteranceLatticeFaster():decoder-wrappers.cc:375) Log-like per frame for utterance 302-123523-0014 is -9.6547 over 2008 frames.
302-123523-0015 
LOG (gmm-latgen-faster[5.5.0~1-40c7]:DecodeUtteranceLatticeFaster():decoder-wrappers.cc:375) Log-like per frame for utterance 302-123523-0015 is -9.46811 over 1996 frames.
302-123523-0016 
LOG (gmm-latgen-faster[5.5.0~1-40c7]:DecodeUtteranceLatticeFaster():decoder-wrappers.cc:375) Log-like per frame for utterance 302-123523-0016 is -9.5178 over 1460 frames.
302-123523-0017 
LOG (gmm-latgen-faster[5.5.0~1-40c7]:DecodeUtteranceLatticeFaster():decoder-wrappers.cc:375) Log-like per frame for utterance 302-123523-0017 is -9.46754 over 2028 frames.
302-123523-0018 
LOG (gmm-latgen-faster[5.5.0~1-40c7]:DecodeUtteranceLatticeFaster():decoder-wrappers.cc:375) Log-like per frame for utterance 302-123523-0018 is -9.49712 over 2042 frames.
302-123523-0019 
LOG (gmm-latgen-faster[5.5.0~1-40c7]:DecodeUtteranceLatticeFaster():decoder-wrappers.cc:375) Log-like per frame for utterance 302-123523-0019 is -9.61614 over 1877 frames.
302-123523-0020 
LOG (gmm-latgen-faster[5.5.0~1-40c7]:DecodeUtteranceLatticeFaster():decoder-wrappers.cc:375) Log-like per frame for utterance 302-123523-0020 is -9.59047 over 2139 frames.
302-123523-0021 
LOG (gmm-latgen-faster[5.5.0~1-40c7]:DecodeUtteranceLatticeFaster():decoder-wrappers.cc:375) Log-like per frame for utterance 302-123523-0021 is -9.40173 over 463 frames.
302-123523-0022 
LOG (gmm-latgen-faster[5.5.0~1-40c7]:DecodeUtteranceLatticeFaster():decoder-wrappers.cc:375) Log-like per frame for utterance 302-123523-0022 is -9.54276 over 1505 frames.
302-123523-0023 
LOG (gmm-latgen-faster[5.5.0~1-40c7]:DecodeUtteranceLatticeFaster():decoder-wrappers.cc:375) Log-like per frame for utterance 302-123523-0023 is -9.40772 over 1926 frames.
302-123523-0024 
LOG (gmm-latgen-faster[5.5.0~1-40c7]:DecodeUtteranceLatticeFaster():decoder-wrappers.cc:375) Log-like per frame for utterance 302-123523-0024 is -9.5227 over 1511 frames.
302-123523-0025 
LOG (gmm-latgen-faster[5.5.0~1-40c7]:DecodeUtteranceLatticeFaster():decoder-wrappers.cc:375) Log-like per frame for utterance 302-123523-0025 is -9.42496 over 2390 frames.
302-123523-0026 
LOG (gmm-latgen-faster[5.5.0~1-40c7]:DecodeUtteranceLatticeFaster():decoder-wrappers.cc:375) Log-like per frame for utterance 302-123523-0026 is -9.52051 over 2036 frames.
302-123523-0027 
LOG (gmm-latgen-faster[5.5.0~1-40c7]:DecodeUtteranceLatticeFaster():decoder-wrappers.cc:375) Log-like per frame for utterance 302-123523-0027 is -9.45137 over 1980 frames.
302-123523-0028 
LOG (gmm-latgen-faster[5.5.0~1-40c7]:DecodeUtteranceLatticeFaster():decoder-wrappers.cc:375) Log-like per frame for utterance 302-123523-0028 is -9.28782 over 1687 frames.
302-123523-0029 
LOG (gmm-latgen-faster[5.5.0~1-40c7]:DecodeUtteranceLatticeFaster():decoder-wrappers.cc:375) Log-like per frame for utterance 302-123523-0029 is -9.3708 over 1914 frames.
302-123523-0030 
LOG (gmm-latgen-faster[5.5.0~1-40c7]:DecodeUtteranceLatticeFaster():decoder-wrappers.cc:375) Log-like per frame for utterance 302-123523-0030 is -9.43149 over 2248 frames.
302-123523-0031 
LOG (gmm-latgen-faster[5.5.0~1-40c7]:DecodeUtteranceLatticeFaster():decoder-wrappers.cc:375) Log-like per frame for utterance 302-123523-0031 is -9.42256 over 2137 frames.
302-123523-0032 
LOG (gmm-latgen-faster[5.5.0~1-40c7]:DecodeUtteranceLatticeFaster():decoder-wrappers.cc:375) Log-like per frame for utterance 302-123523-0032 is -9.47261 over 2178 frames.
302-123523-0033 
LOG (gmm-latgen-faster[5.5.0~1-40c7]:DecodeUtteranceLatticeFaster():decoder-wrappers.cc:375) Log-like per frame for utterance 302-123523-0033 is -9.33209 over 1938 frames.
302-123523-0034 
LOG (gmm-latgen-faster[5.5.0~1-40c7]:DecodeUtteranceLatticeFaster():decoder-wrappers.cc:375) Log-like per frame for utterance 302-123523-0034 is -9.42982 over 1798 frames.
302-123523-0035 
LOG (gmm-latgen-faster[5.5.0~1-40c7]:DecodeUtteranceLatticeFaster():decoder-wrappers.cc:375) Log-like per frame for utterance 302-123523-0035 is -9.3724 over 1663 frames.
302-123523-0036 
LOG (gmm-latgen-faster[5.5.0~1-40c7]:DecodeUtteranceLatticeFaster():decoder-wrappers.cc:375) Log-like per frame for utterance 302-123523-0036 is -9.4872 over 1823 frames.
LOG (apply-cmvn[5.5.0~1-40c7]:main():apply-cmvn.cc:162) Applied cepstral mean normalization to 113 utterances, errors on 0
302-123523-0037 
LOG (gmm-latgen-faster[5.5.0~1-40c7]:DecodeUtteranceLatticeFaster():decoder-wrappers.cc:375) Log-like per frame for utterance 302-123523-0037 is -9.43425 over 2284 frames.
302-123523-0038 
LOG (gmm-latgen-faster[5.5.0~1-40c7]:DecodeUtteranceLatticeFaster():decoder-wrappers.cc:375) Log-like per frame for utterance 302-123523-0038 is -9.54662 over 2123 frames.
LOG (gmm-latgen-faster[5.5.0~1-40c7]:main():gmm-latgen-faster.cc:176) Time taken 7.7773s: real-time factor assuming 100 frames/sec is 0.00369696
LOG (gmm-latgen-faster[5.5.0~1-40c7]:main():gmm-latgen-faster.cc:179) Done 113 utterances, failed for 0
LOG (gmm-latgen-faster[5.5.0~1-40c7]:main():gmm-latgen-faster.cc:181) Overall log-likelihood per frame is -9.55538 over 210370 frames.
# Accounting: time=8 threads=1
# Ended (code 0) at Tue Dec  8 07:27:49 UTC 2020, elapsed time 8 seconds
