# compile-train-graphs --read-disambig-syms=data/lang/phones/disambig.int exp/tri4a_ali/tree exp/tri4a_ali/final.mdl data/lang/L.fst "ark:utils/sym2int.pl --map-oov 133027 -f 2- data/lang/words.txt data/train/split4/3/text|" "ark:|gzip -c >exp/tri4a_ali/fsts.3.gz" 
# Started at Mon Dec  7 02:07:13 UTC 2020
#
compile-train-graphs --read-disambig-syms=data/lang/phones/disambig.int exp/tri4a_ali/tree exp/tri4a_ali/final.mdl data/lang/L.fst 'ark:utils/sym2int.pl --map-oov 133027 -f 2- data/lang/words.txt data/train/split4/3/text|' 'ark:|gzip -c >exp/tri4a_ali/fsts.3.gz' 
sym2int.pl: replacing WAKEFULNESS with 133027
sym2int.pl: replacing OUTCROPPINGS with 133027
sym2int.pl: replacing ALIGHTED with 133027
sym2int.pl: replacing EVOLUTIONS with 133027
sym2int.pl: replacing SNOWIEST with 133027
sym2int.pl: replacing LATERALLY with 133027
sym2int.pl: replacing NAILLESS with 133027
sym2int.pl: replacing NOISELESSNESS with 133027
sym2int.pl: replacing ALIGHTED with 133027
sym2int.pl: replacing GESTICULATING with 133027
sym2int.pl: replacing THEORETIC with 133027
sym2int.pl: replacing SIGHTERS with 133027
sym2int.pl: replacing UNCLASPED with 133027
sym2int.pl: replacing ARMLET with 133027
sym2int.pl: replacing PRICKING with 133027
sym2int.pl: replacing ARMLET with 133027
sym2int.pl: replacing CLASPING with 133027
sym2int.pl: replacing BEHELD with 133027
sym2int.pl: replacing TENANTED with 133027
sym2int.pl: replacing SCINTILLATED with 133027
sym2int.pl: not warning for OOVs any more times
** Replaced 694 instances of OOVs with 133027
LOG (compile-train-graphs[5.5.0~1-40c7]:main():compile-train-graphs.cc:147) compile-train-graphs: succeeded for 1159 graphs, failed for 0
# Accounting: time=14 threads=1
# Ended (code 0) at Mon Dec  7 02:07:27 UTC 2020, elapsed time 14 seconds
