# ali-to-post "ark:gunzip -c exp/tri4a_ali/pre_ali.3.gz|" ark:- | weight-silence-post 0.0 1:2:3:4:5:6:7:8:9:10 exp/tri4a/final.alimdl ark:- ark:- | gmm-post-to-gpost exp/tri4a/final.alimdl "ark,s,cs:apply-cmvn  --utt2spk=ark:data/train/split4/3/utt2spk scp:data/train/split4/3/cmvn.scp scp:data/train/split4/3/feats.scp ark:- | splice-feats  ark:- ark:- | transform-feats exp/tri4a/final.mat ark:- ark:- |" ark:- ark:- | gmm-est-fmllr-gpost --fmllr-update-type=full --spk2utt=ark:data/train/split4/3/spk2utt exp/tri4a/final.mdl "ark,s,cs:apply-cmvn  --utt2spk=ark:data/train/split4/3/utt2spk scp:data/train/split4/3/cmvn.scp scp:data/train/split4/3/feats.scp ark:- | splice-feats  ark:- ark:- | transform-feats exp/tri4a/final.mat ark:- ark:- |" ark,s,cs:- ark:exp/tri4a_ali/trans.3 
# Started at Mon Dec  7 02:08:35 UTC 2020
#
ali-to-post 'ark:gunzip -c exp/tri4a_ali/pre_ali.3.gz|' ark:- 
weight-silence-post 0.0 1:2:3:4:5:6:7:8:9:10 exp/tri4a/final.alimdl ark:- ark:- 
gmm-est-fmllr-gpost --fmllr-update-type=full --spk2utt=ark:data/train/split4/3/spk2utt exp/tri4a/final.mdl 'ark,s,cs:apply-cmvn  --utt2spk=ark:data/train/split4/3/utt2spk scp:data/train/split4/3/cmvn.scp scp:data/train/split4/3/feats.scp ark:- | splice-feats  ark:- ark:- | transform-feats exp/tri4a/final.mat ark:- ark:- |' ark,s,cs:- ark:exp/tri4a_ali/trans.3 
gmm-post-to-gpost exp/tri4a/final.alimdl 'ark,s,cs:apply-cmvn  --utt2spk=ark:data/train/split4/3/utt2spk scp:data/train/split4/3/cmvn.scp scp:data/train/split4/3/feats.scp ark:- | splice-feats  ark:- ark:- | transform-feats exp/tri4a/final.mat ark:- ark:- |' ark:- ark:- 
transform-feats exp/tri4a/final.mat ark:- ark:- 
apply-cmvn --utt2spk=ark:data/train/split4/3/utt2spk scp:data/train/split4/3/cmvn.scp scp:data/train/split4/3/feats.scp ark:- 
splice-feats ark:- ark:- 
apply-cmvn --utt2spk=ark:data/train/split4/3/utt2spk scp:data/train/split4/3/cmvn.scp scp:data/train/split4/3/feats.scp ark:- 
splice-feats ark:- ark:- 
transform-feats exp/tri4a/final.mat ark:- ark:- 
LOG (gmm-est-fmllr-gpost[5.5.0~1-40c7]:ComputeFmllrMatrixDiagGmmFull():fmllr-diag-gmm.cc:262) fMLLR objf improvement is 3.34361 per frame over 123191 frames.
LOG (gmm-est-fmllr-gpost[5.5.0~1-40c7]:main():gmm-est-fmllr-gpost.cc:141) For speaker 446, auxf-impr from fMLLR is 3.34361, over 123191 frames.

LOG (gmm-est-fmllr-gpost[5.5.0~1-40c7]:ComputeFmllrMatrixDiagGmmFull():fmllr-diag-gmm.cc:262) fMLLR objf improvement is 4.7971 per frame over 122271 frames.
LOG (gmm-est-fmllr-gpost[5.5.0~1-40c7]:main():gmm-est-fmllr-gpost.cc:141) For speaker 4640, auxf-impr from fMLLR is 4.7971, over 122271 frames.

LOG (gmm-est-fmllr-gpost[5.5.0~1-40c7]:ComputeFmllrMatrixDiagGmmFull():fmllr-diag-gmm.cc:262) fMLLR objf improvement is 4.03686 per frame over 125234 frames.
LOG (gmm-est-fmllr-gpost[5.5.0~1-40c7]:main():gmm-est-fmllr-gpost.cc:141) For speaker 5049, auxf-impr from fMLLR is 4.03686, over 125234 frames.

LOG (gmm-est-fmllr-gpost[5.5.0~1-40c7]:ComputeFmllrMatrixDiagGmmFull():fmllr-diag-gmm.cc:262) fMLLR objf improvement is 3.63996 per frame over 87026 frames.
LOG (gmm-est-fmllr-gpost[5.5.0~1-40c7]:main():gmm-est-fmllr-gpost.cc:141) For speaker 5514, auxf-impr from fMLLR is 3.63996, over 87026 frames.

LOG (gmm-est-fmllr-gpost[5.5.0~1-40c7]:ComputeFmllrMatrixDiagGmmFull():fmllr-diag-gmm.cc:262) fMLLR objf improvement is 8.05218 per frame over 123643 frames.
LOG (gmm-est-fmllr-gpost[5.5.0~1-40c7]:main():gmm-est-fmllr-gpost.cc:141) For speaker 5703, auxf-impr from fMLLR is 8.05218, over 123643 frames.

LOG (gmm-est-fmllr-gpost[5.5.0~1-40c7]:ComputeFmllrMatrixDiagGmmFull():fmllr-diag-gmm.cc:262) fMLLR objf improvement is 3.39055 per frame over 125632 frames.
LOG (gmm-est-fmllr-gpost[5.5.0~1-40c7]:main():gmm-est-fmllr-gpost.cc:141) For speaker 6078, auxf-impr from fMLLR is 3.39055, over 125632 frames.

LOG (gmm-est-fmllr-gpost[5.5.0~1-40c7]:ComputeFmllrMatrixDiagGmmFull():fmllr-diag-gmm.cc:262) fMLLR objf improvement is 3.6378 per frame over 124249 frames.
LOG (gmm-est-fmllr-gpost[5.5.0~1-40c7]:main():gmm-est-fmllr-gpost.cc:141) For speaker 6147, auxf-impr from fMLLR is 3.6378, over 124249 frames.

LOG (gmm-est-fmllr-gpost[5.5.0~1-40c7]:ComputeFmllrMatrixDiagGmmFull():fmllr-diag-gmm.cc:262) fMLLR objf improvement is 4.55423 per frame over 108647 frames.
LOG (gmm-est-fmllr-gpost[5.5.0~1-40c7]:main():gmm-est-fmllr-gpost.cc:141) For speaker 6272, auxf-impr from fMLLR is 4.55423, over 108647 frames.

LOG (gmm-est-fmllr-gpost[5.5.0~1-40c7]:ComputeFmllrMatrixDiagGmmFull():fmllr-diag-gmm.cc:262) fMLLR objf improvement is 7.4812 per frame over 112768 frames.
LOG (gmm-est-fmllr-gpost[5.5.0~1-40c7]:main():gmm-est-fmllr-gpost.cc:141) For speaker 6563, auxf-impr from fMLLR is 7.4812, over 112768 frames.

LOG (gmm-est-fmllr-gpost[5.5.0~1-40c7]:ComputeFmllrMatrixDiagGmmFull():fmllr-diag-gmm.cc:262) fMLLR objf improvement is 4.05267 per frame over 123416 frames.
LOG (gmm-est-fmllr-gpost[5.5.0~1-40c7]:main():gmm-est-fmllr-gpost.cc:141) For speaker 7226, auxf-impr from fMLLR is 4.05267, over 123416 frames.

LOG (ali-to-post[5.5.0~1-40c7]:main():ali-to-post.cc:73) Converted 1159 alignments.
LOG (weight-silence-post[5.5.0~1-40c7]:main():weight-silence-post.cc:95) Done 1159 posteriors.
LOG (apply-cmvn[5.5.0~1-40c7]:main():apply-cmvn.cc:162) Applied cepstral mean normalization to 1159 utterances, errors on 0
LOG (apply-cmvn[5.5.0~1-40c7]:main():apply-cmvn.cc:162) Applied cepstral mean normalization to 1159 utterances, errors on 0
LOG (transform-feats[5.5.0~1-40c7]:main():transform-feats.cc:158) Overall average [pseudo-]logdet is -100.497 over 2.07549e+06 frames.
LOG (transform-feats[5.5.0~1-40c7]:main():transform-feats.cc:161) Applied transform to 1159 utterances; 0 had errors.
LOG (transform-feats[5.5.0~1-40c7]:main():transform-feats.cc:158) Overall average [pseudo-]logdet is -100.497 over 2.07549e+06 frames.
LOG (transform-feats[5.5.0~1-40c7]:main():transform-feats.cc:161) Applied transform to 1159 utterances; 0 had errors.
LOG (gmm-post-to-gpost[5.5.0~1-40c7]:main():gmm-post-to-gpost.cc:124) Done 1159 files, 0 with no posteriors, 0 with other errors.
LOG (gmm-post-to-gpost[5.5.0~1-40c7]:main():gmm-post-to-gpost.cc:128) Overall avg like per frame (Gaussian only) = -49.6627 over 1.20466e+06 frames.
LOG (gmm-post-to-gpost[5.5.0~1-40c7]:main():gmm-post-to-gpost.cc:131) Done converting post to gpost
LOG (gmm-est-fmllr-gpost[5.5.0~1-40c7]:ComputeFmllrMatrixDiagGmmFull():fmllr-diag-gmm.cc:262) fMLLR objf improvement is 3.58283 per frame over 28588 frames.
LOG (gmm-est-fmllr-gpost[5.5.0~1-40c7]:main():gmm-est-fmllr-gpost.cc:141) For speaker 7312, auxf-impr from fMLLR is 3.58283, over 28588 frames.

LOG (gmm-est-fmllr-gpost[5.5.0~1-40c7]:main():gmm-est-fmllr-gpost.cc:186) Done 1159 files, 0 with no gposts, 0 with other errors.
LOG (gmm-est-fmllr-gpost[5.5.0~1-40c7]:main():gmm-est-fmllr-gpost.cc:188) Overall fMLLR auxf impr per frame is 4.67794 over 1.20466e+06 frames.
# Accounting: time=38 threads=1
# Ended (code 0) at Mon Dec  7 02:09:13 UTC 2020, elapsed time 38 seconds
