# gmm-est --mix-up=10000 --power=0.25 --write-occs=exp/tri1/28.occs exp/tri1/27.mdl "gmm-sum-accs - exp/tri1/27.*.acc |" exp/tri1/28.mdl 
# Started at Mon Dec  7 01:21:24 UTC 2020
#
gmm-est --mix-up=10000 --power=0.25 --write-occs=exp/tri1/28.occs exp/tri1/27.mdl 'gmm-sum-accs - exp/tri1/27.*.acc |' exp/tri1/28.mdl 
gmm-sum-accs - exp/tri1/27.1.acc exp/tri1/27.2.acc exp/tri1/27.3.acc exp/tri1/27.4.acc 
LOG (gmm-sum-accs[5.5.0~1-40c7]:main():gmm-sum-accs.cc:63) Summed 4 stats, total count 8.40011e+06, avg like/frame -101.592
LOG (gmm-sum-accs[5.5.0~1-40c7]:main():gmm-sum-accs.cc:66) Total count of stats is 8.40011e+06
LOG (gmm-sum-accs[5.5.0~1-40c7]:main():gmm-sum-accs.cc:67) Written stats to -
LOG (gmm-est[5.5.0~1-40c7]:MleUpdate():transition-model.cc:528) TransitionModel::Update, objf change is 6.51385e-12 per frame over 8.40011e+06 frames. 
LOG (gmm-est[5.5.0~1-40c7]:MleUpdate():transition-model.cc:531) 62 probabilities floored, 3078 out of 6105 transition-states skipped due to insuffient data (it is normal to have some skipped.)
LOG (gmm-est[5.5.0~1-40c7]:main():gmm-est.cc:102) Transition model update: Overall 6.51385e-12 log-like improvement per frame over 8.40011e+06 frames.
WARNING (gmm-est[5.5.0~1-40c7]:MleDiagGmmUpdate():mle-diag-gmm.cc:365) Gaussian has too little data but not removing it because it is the last Gaussian: i = 0, occ = 0, weight = 1
WARNING (gmm-est[5.5.0~1-40c7]:MleDiagGmmUpdate():mle-diag-gmm.cc:365) Gaussian has too little data but not removing it because it is the last Gaussian: i = 0, occ = 0, weight = 1
WARNING (gmm-est[5.5.0~1-40c7]:MleDiagGmmUpdate():mle-diag-gmm.cc:365) Gaussian has too little data but not removing it because it is the last Gaussian: i = 0, occ = 0, weight = 1
WARNING (gmm-est[5.5.0~1-40c7]:MleDiagGmmUpdate():mle-diag-gmm.cc:365) Gaussian has too little data but not removing it because it is the last Gaussian: i = 0, occ = 0, weight = 1
WARNING (gmm-est[5.5.0~1-40c7]:MleDiagGmmUpdate():mle-diag-gmm.cc:365) Gaussian has too little data but not removing it because it is the last Gaussian: i = 0, occ = 0, weight = 1
WARNING (gmm-est[5.5.0~1-40c7]:MleDiagGmmUpdate():mle-diag-gmm.cc:365) Gaussian has too little data but not removing it because it is the last Gaussian: i = 0, occ = 0, weight = 1
WARNING (gmm-est[5.5.0~1-40c7]:MleDiagGmmUpdate():mle-diag-gmm.cc:365) Gaussian has too little data but not removing it because it is the last Gaussian: i = 0, occ = 0, weight = 1
WARNING (gmm-est[5.5.0~1-40c7]:MleDiagGmmUpdate():mle-diag-gmm.cc:365) Gaussian has too little data but not removing it because it is the last Gaussian: i = 0, occ = 0, weight = 1
WARNING (gmm-est[5.5.0~1-40c7]:MleDiagGmmUpdate():mle-diag-gmm.cc:365) Gaussian has too little data but not removing it because it is the last Gaussian: i = 0, occ = 0, weight = 1
WARNING (gmm-est[5.5.0~1-40c7]:MleDiagGmmUpdate():mle-diag-gmm.cc:365) Gaussian has too little data but not removing it because it is the last Gaussian: i = 0, occ = 0, weight = 1
WARNING (gmm-est[5.5.0~1-40c7]:MleDiagGmmUpdate():mle-diag-gmm.cc:365) Gaussian has too little data but not removing it because it is the last Gaussian: i = 0, occ = 0, weight = 1
WARNING (gmm-est[5.5.0~1-40c7]:MleDiagGmmUpdate():mle-diag-gmm.cc:365) Gaussian has too little data but not removing it because it is the last Gaussian: i = 0, occ = 0, weight = 1
WARNING (gmm-est[5.5.0~1-40c7]:MleDiagGmmUpdate():mle-diag-gmm.cc:365) Gaussian has too little data but not removing it because it is the last Gaussian: i = 0, occ = 0, weight = 1
WARNING (gmm-est[5.5.0~1-40c7]:MleDiagGmmUpdate():mle-diag-gmm.cc:365) Gaussian has too little data but not removing it because it is the last Gaussian: i = 0, occ = 0, weight = 1
WARNING (gmm-est[5.5.0~1-40c7]:MleDiagGmmUpdate():mle-diag-gmm.cc:365) Gaussian has too little data but not removing it because it is the last Gaussian: i = 0, occ = 0, weight = 1
WARNING (gmm-est[5.5.0~1-40c7]:MleDiagGmmUpdate():mle-diag-gmm.cc:365) Gaussian has too little data but not removing it because it is the last Gaussian: i = 0, occ = 0, weight = 1
WARNING (gmm-est[5.5.0~1-40c7]:MleDiagGmmUpdate():mle-diag-gmm.cc:365) Gaussian has too little data but not removing it because it is the last Gaussian: i = 0, occ = 0, weight = 1
WARNING (gmm-est[5.5.0~1-40c7]:MleDiagGmmUpdate():mle-diag-gmm.cc:365) Gaussian has too little data but not removing it because it is the last Gaussian: i = 0, occ = 0, weight = 1
WARNING (gmm-est[5.5.0~1-40c7]:MleDiagGmmUpdate():mle-diag-gmm.cc:365) Gaussian has too little data but not removing it because it is the last Gaussian: i = 0, occ = 0, weight = 1
WARNING (gmm-est[5.5.0~1-40c7]:MleDiagGmmUpdate():mle-diag-gmm.cc:365) Gaussian has too little data but not removing it because it is the last Gaussian: i = 0, occ = 0, weight = 1
WARNING (gmm-est[5.5.0~1-40c7]:MleDiagGmmUpdate():mle-diag-gmm.cc:365) Gaussian has too little data but not removing it because it is the last Gaussian: i = 0, occ = 0, weight = 1
WARNING (gmm-est[5.5.0~1-40c7]:MleDiagGmmUpdate():mle-diag-gmm.cc:365) Gaussian has too little data but not removing it because it is the last Gaussian: i = 0, occ = 0, weight = 1
WARNING (gmm-est[5.5.0~1-40c7]:MleDiagGmmUpdate():mle-diag-gmm.cc:365) Gaussian has too little data but not removing it because it is the last Gaussian: i = 0, occ = 0, weight = 1
WARNING (gmm-est[5.5.0~1-40c7]:MleDiagGmmUpdate():mle-diag-gmm.cc:365) Gaussian has too little data but not removing it because it is the last Gaussian: i = 0, occ = 0, weight = 1
WARNING (gmm-est[5.5.0~1-40c7]:MleDiagGmmUpdate():mle-diag-gmm.cc:365) Gaussian has too little data but not removing it because it is the last Gaussian: i = 0, occ = 0, weight = 1
WARNING (gmm-est[5.5.0~1-40c7]:MleDiagGmmUpdate():mle-diag-gmm.cc:365) Gaussian has too little data but not removing it because it is the last Gaussian: i = 0, occ = 0, weight = 1
WARNING (gmm-est[5.5.0~1-40c7]:MleDiagGmmUpdate():mle-diag-gmm.cc:365) Gaussian has too little data but not removing it because it is the last Gaussian: i = 0, occ = 0, weight = 1
WARNING (gmm-est[5.5.0~1-40c7]:MleDiagGmmUpdate():mle-diag-gmm.cc:365) Gaussian has too little data but not removing it because it is the last Gaussian: i = 0, occ = 0, weight = 1
WARNING (gmm-est[5.5.0~1-40c7]:MleDiagGmmUpdate():mle-diag-gmm.cc:365) Gaussian has too little data but not removing it because it is the last Gaussian: i = 0, occ = 0, weight = 1
WARNING (gmm-est[5.5.0~1-40c7]:MleDiagGmmUpdate():mle-diag-gmm.cc:365) Gaussian has too little data but not removing it because it is the last Gaussian: i = 0, occ = 0, weight = 1
WARNING (gmm-est[5.5.0~1-40c7]:MleDiagGmmUpdate():mle-diag-gmm.cc:365) Gaussian has too little data but not removing it because it is the last Gaussian: i = 0, occ = 0, weight = 1
WARNING (gmm-est[5.5.0~1-40c7]:MleDiagGmmUpdate():mle-diag-gmm.cc:365) Gaussian has too little data but not removing it because it is the last Gaussian: i = 0, occ = 0, weight = 1
WARNING (gmm-est[5.5.0~1-40c7]:MleDiagGmmUpdate():mle-diag-gmm.cc:365) Gaussian has too little data but not removing it because it is the last Gaussian: i = 0, occ = 0, weight = 1
WARNING (gmm-est[5.5.0~1-40c7]:MleDiagGmmUpdate():mle-diag-gmm.cc:365) Gaussian has too little data but not removing it because it is the last Gaussian: i = 0, occ = 0, weight = 1
WARNING (gmm-est[5.5.0~1-40c7]:MleDiagGmmUpdate():mle-diag-gmm.cc:365) Gaussian has too little data but not removing it because it is the last Gaussian: i = 0, occ = 0, weight = 1
WARNING (gmm-est[5.5.0~1-40c7]:MleDiagGmmUpdate():mle-diag-gmm.cc:365) Gaussian has too little data but not removing it because it is the last Gaussian: i = 0, occ = 0, weight = 1
WARNING (gmm-est[5.5.0~1-40c7]:MleDiagGmmUpdate():mle-diag-gmm.cc:365) Gaussian has too little data but not removing it because it is the last Gaussian: i = 0, occ = 0, weight = 1
WARNING (gmm-est[5.5.0~1-40c7]:MleDiagGmmUpdate():mle-diag-gmm.cc:365) Gaussian has too little data but not removing it because it is the last Gaussian: i = 0, occ = 0, weight = 1
LOG (gmm-est[5.5.0~1-40c7]:MleAmDiagGmmUpdate():mle-am-diag-gmm.cc:225) 0 variance elements floored in 0 Gaussians, out of 10000
LOG (gmm-est[5.5.0~1-40c7]:MleAmDiagGmmUpdate():mle-am-diag-gmm.cc:229) Removed 0 Gaussians due to counts < --min-gaussian-occupancy=10 and --remove-low-count-gaussians=true
LOG (gmm-est[5.5.0~1-40c7]:main():gmm-est.cc:113) GMM update: Overall 0.0268095 objective function improvement per frame over 8.40011e+06 frames
LOG (gmm-est[5.5.0~1-40c7]:main():gmm-est.cc:116) GMM update: Overall avg like per frame = -101.592 over 8.40011e+06 frames.
LOG (gmm-est[5.5.0~1-40c7]:SplitByCount():am-diag-gmm.cc:116) Split 1536 states with target = 10000, power = 0.25, perturb_factor = 0.01 and min_count = 20, split #Gauss from 10000 to 10000
LOG (gmm-est[5.5.0~1-40c7]:main():gmm-est.cc:146) Written model to exp/tri1/28.mdl
# Accounting: time=0 threads=1
# Ended (code 0) at Mon Dec  7 01:21:24 UTC 2020, elapsed time 0 seconds
