# lattice-scale --inv-acoustic-scale=8 "ark:gunzip -c exp/mono_1k/decode/lat.*.gz|" ark:- | lattice-add-penalty --word-ins-penalty=0.5 ark:- ark:- | lattice-best-path --word-symbol-table=exp/mono_1k/graph/words.txt ark:- ark,t:- | utils/int2sym.pl -f 2- exp/mono_1k/graph/words.txt | cat > exp/mono_1k/decode/scoring_kaldi/penalty_0.5/8.txt 
# Started at Tue Dec  8 03:59:07 UTC 2020
#
lattice-scale --inv-acoustic-scale=8 'ark:gunzip -c exp/mono_1k/decode/lat.*.gz|' ark:- 
lattice-best-path --word-symbol-table=exp/mono_1k/graph/words.txt ark:- ark,t:- 
lattice-add-penalty --word-ins-penalty=0.5 ark:- ark:- 
LOG (lattice-best-path[5.5.0~1-40c7]:main():lattice-best-path.cc:99) For utterance 248-130644-0000, best cost 154.08 + 22075.2 = 22229.3 over 1688 frames.
248-130644-0000 
LOG (lattice-best-path[5.5.0~1-40c7]:main():lattice-best-path.cc:99) For utterance 248-130644-0001, best cost 133.046 + 21501.2 = 21634.2 over 1649 frames.
248-130644-0001 
LOG (lattice-best-path[5.5.0~1-40c7]:main():lattice-best-path.cc:99) For utterance 248-130644-0002, best cost 157.616 + 28141.5 = 28299.1 over 2159 frames.
248-130644-0002 
LOG (lattice-best-path[5.5.0~1-40c7]:main():lattice-best-path.cc:99) For utterance 248-130644-0003, best cost 149.259 + 23478.5 = 23627.7 over 1795 frames.
248-130644-0003 
LOG (lattice-best-path[5.5.0~1-40c7]:main():lattice-best-path.cc:99) For utterance 248-130644-0004, best cost 160.793 + 29699.2 = 29860 over 2249 frames.
248-130644-0004 
LOG (lattice-best-path[5.5.0~1-40c7]:main():lattice-best-path.cc:99) For utterance 248-130644-0005, best cost 158.293 + 27587.6 = 27745.9 over 2103 frames.
248-130644-0005 
LOG (lattice-best-path[5.5.0~1-40c7]:main():lattice-best-path.cc:99) For utterance 248-130644-0006, best cost 177.44 + 27679.6 = 27857 over 2133 frames.
248-130644-0006 
LOG (lattice-best-path[5.5.0~1-40c7]:main():lattice-best-path.cc:99) For utterance 248-130644-0007, best cost 172.371 + 28579.3 = 28751.7 over 2205 frames.
248-130644-0007 
LOG (lattice-best-path[5.5.0~1-40c7]:main():lattice-best-path.cc:99) For utterance 248-130644-0008, best cost 169.478 + 29873.9 = 30043.3 over 2270 frames.
248-130644-0008 
LOG (lattice-best-path[5.5.0~1-40c7]:main():lattice-best-path.cc:99) For utterance 248-130644-0009, best cost 150.304 + 24726.3 = 24876.6 over 1875 frames.
248-130644-0009 
LOG (lattice-best-path[5.5.0~1-40c7]:main():lattice-best-path.cc:99) For utterance 248-130644-0010, best cost 184.762 + 31721.4 = 31906.1 over 2430 frames.
248-130644-0010 
LOG (lattice-best-path[5.5.0~1-40c7]:main():lattice-best-path.cc:99) For utterance 248-130644-0011, best cost 156.5 + 25730.7 = 25887.2 over 1960 frames.
248-130644-0011 
LOG (lattice-best-path[5.5.0~1-40c7]:main():lattice-best-path.cc:99) For utterance 248-130644-0012, best cost 118.175 + 20310.3 = 20428.5 over 1546 frames.
248-130644-0012 
LOG (lattice-best-path[5.5.0~1-40c7]:main():lattice-best-path.cc:99) For utterance 248-130644-0013, best cost 140.894 + 21723 = 21863.9 over 1660 frames.
248-130644-0013 
LOG (lattice-best-path[5.5.0~1-40c7]:main():lattice-best-path.cc:99) For utterance 248-130644-0014, best cost 91.1015 + 13085.1 = 13176.2 over 995 frames.
248-130644-0014 
LOG (lattice-best-path[5.5.0~1-40c7]:main():lattice-best-path.cc:99) For utterance 248-130644-0015, best cost 149.864 + 23812.3 = 23962.1 over 1817 frames.
248-130644-0015 
LOG (lattice-best-path[5.5.0~1-40c7]:main():lattice-best-path.cc:99) For utterance 248-130644-0016, best cost 169.662 + 28649.5 = 28819.2 over 2181 frames.
248-130644-0016 
LOG (lattice-best-path[5.5.0~1-40c7]:main():lattice-best-path.cc:99) For utterance 248-130644-0017, best cost 131.925 + 20409.7 = 20541.7 over 1562 frames.
248-130644-0017 
LOG (lattice-best-path[5.5.0~1-40c7]:main():lattice-best-path.cc:99) For utterance 248-130644-0018, best cost 160.544 + 26895.4 = 27056 over 2057 frames.
248-130644-0018 
LOG (lattice-best-path[5.5.0~1-40c7]:main():lattice-best-path.cc:99) For utterance 248-130644-0019, best cost 200.092 + 31162 = 31362.1 over 2398 frames.
248-130644-0019 
LOG (lattice-best-path[5.5.0~1-40c7]:main():lattice-best-path.cc:99) For utterance 248-130644-0020, best cost 131.012 + 21559.1 = 21690.1 over 1649 frames.
248-130644-0020 
LOG (lattice-best-path[5.5.0~1-40c7]:main():lattice-best-path.cc:99) For utterance 248-130644-0021, best cost 198.998 + 33899.3 = 34098.3 over 2570 frames.
248-130644-0021 
LOG (lattice-best-path[5.5.0~1-40c7]:main():lattice-best-path.cc:99) For utterance 248-130644-0022, best cost 131.937 + 20367.8 = 20499.7 over 1566 frames.
248-130644-0022 
LOG (lattice-best-path[5.5.0~1-40c7]:main():lattice-best-path.cc:99) For utterance 248-130644-0023, best cost 111.793 + 17083.3 = 17195.1 over 1294 frames.
248-130644-0023 
LOG (lattice-best-path[5.5.0~1-40c7]:main():lattice-best-path.cc:99) For utterance 248-130644-0024, best cost 143.787 + 26067.4 = 26211.2 over 1988 frames.
248-130644-0024 
LOG (lattice-best-path[5.5.0~1-40c7]:main():lattice-best-path.cc:99) For utterance 248-130644-0025, best cost 159.475 + 27621.9 = 27781.4 over 2117 frames.
248-130644-0025 
LOG (lattice-best-path[5.5.0~1-40c7]:main():lattice-best-path.cc:99) For utterance 248-130644-0026, best cost 157.672 + 27234.2 = 27391.9 over 2090 frames.
248-130644-0026 
LOG (lattice-best-path[5.5.0~1-40c7]:main():lattice-best-path.cc:99) For utterance 248-130644-0027, best cost 91.2966 + 14956.6 = 15047.8 over 1164 frames.
248-130644-0027 
LOG (lattice-best-path[5.5.0~1-40c7]:main():lattice-best-path.cc:99) For utterance 248-130644-0028, best cost 155.937 + 26630.9 = 26786.9 over 2046 frames.
248-130644-0028 
LOG (lattice-best-path[5.5.0~1-40c7]:main():lattice-best-path.cc:99) For utterance 248-130644-0029, best cost 149.268 + 23108.6 = 23257.8 over 1744 frames.
248-130644-0029 
LOG (lattice-best-path[5.5.0~1-40c7]:main():lattice-best-path.cc:99) For utterance 248-130644-0030, best cost 178.872 + 29199.9 = 29378.8 over 2249 frames.
248-130644-0030 
LOG (lattice-best-path[5.5.0~1-40c7]:main():lattice-best-path.cc:99) For utterance 248-130644-0031, best cost 102.818 + 17142 = 17244.8 over 1336 frames.
248-130644-0031 
LOG (lattice-best-path[5.5.0~1-40c7]:main():lattice-best-path.cc:99) For utterance 248-130644-0032, best cost 137.814 + 23041.1 = 23179 over 1782 frames.
248-130644-0032 
LOG (lattice-best-path[5.5.0~1-40c7]:main():lattice-best-path.cc:99) For utterance 248-130644-0033, best cost 156.281 + 27069.3 = 27225.6 over 2081 frames.
248-130644-0033 
LOG (lattice-best-path[5.5.0~1-40c7]:main():lattice-best-path.cc:99) For utterance 248-130644-0034, best cost 147.267 + 20767 = 20914.3 over 1617 frames.
248-130644-0034 
LOG (lattice-best-path[5.5.0~1-40c7]:main():lattice-best-path.cc:99) For utterance 248-130644-0035, best cost 160.987 + 27782.6 = 27943.6 over 2138 frames.
248-130644-0035 
LOG (lattice-best-path[5.5.0~1-40c7]:main():lattice-best-path.cc:99) For utterance 248-130644-0036, best cost 43.676 + 5540.05 = 5583.72 over 434 frames.
248-130644-0036 
LOG (lattice-best-path[5.5.0~1-40c7]:main():lattice-best-path.cc:99) For utterance 248-130652-0000, best cost 138.291 + 27852.4 = 27990.7 over 2183 frames.
248-130652-0000 
LOG (lattice-best-path[5.5.0~1-40c7]:main():lattice-best-path.cc:99) For utterance 248-130652-0001, best cost 120.247 + 17533 = 17653.2 over 1327 frames.
248-130652-0001 
LOG (lattice-best-path[5.5.0~1-40c7]:main():lattice-best-path.cc:99) For utterance 248-130652-0002, best cost 156.188 + 27467.4 = 27623.6 over 2123 frames.
248-130652-0002 
LOG (lattice-best-path[5.5.0~1-40c7]:main():lattice-best-path.cc:99) For utterance 248-130652-0003, best cost 154.735 + 26266.7 = 26421.5 over 2022 frames.
248-130652-0003 
LOG (lattice-best-path[5.5.0~1-40c7]:main():lattice-best-path.cc:99) For utterance 248-130652-0004, best cost 155.55 + 27413.2 = 27568.8 over 2097 frames.
248-130652-0004 
LOG (lattice-best-path[5.5.0~1-40c7]:main():lattice-best-path.cc:99) For utterance 248-130652-0005, best cost 136.701 + 22479.8 = 22616.5 over 1734 frames.
248-130652-0005 
LOG (lattice-best-path[5.5.0~1-40c7]:main():lattice-best-path.cc:99) For utterance 248-130652-0006, best cost 139.283 + 22044.5 = 22183.8 over 1699 frames.
248-130652-0006 
LOG (lattice-best-path[5.5.0~1-40c7]:main():lattice-best-path.cc:99) For utterance 248-130652-0007, best cost 179.565 + 26674 = 26853.6 over 2069 frames.
248-130652-0007 
LOG (lattice-best-path[5.5.0~1-40c7]:main():lattice-best-path.cc:99) For utterance 248-130652-0008, best cost 191.657 + 32012.5 = 32204.2 over 2462 frames.
248-130652-0008 
LOG (lattice-best-path[5.5.0~1-40c7]:main():lattice-best-path.cc:99) For utterance 248-130652-0009, best cost 154.271 + 28142 = 28296.3 over 2149 frames.
248-130652-0009 
LOG (lattice-best-path[5.5.0~1-40c7]:main():lattice-best-path.cc:99) For utterance 248-130652-0010, best cost 146.381 + 23693.8 = 23840.2 over 1821 frames.
248-130652-0010 
LOG (lattice-best-path[5.5.0~1-40c7]:main():lattice-best-path.cc:99) For utterance 248-130652-0011, best cost 148.392 + 24443.9 = 24592.3 over 1886 frames.
248-130652-0011 
LOG (lattice-best-path[5.5.0~1-40c7]:main():lattice-best-path.cc:99) For utterance 248-130652-0012, best cost 112.162 + 21654.9 = 21767.1 over 1728 frames.
248-130652-0012 
LOG (lattice-best-path[5.5.0~1-40c7]:main():lattice-best-path.cc:99) For utterance 248-130652-0013, best cost 158.585 + 26496.6 = 26655.1 over 2047 frames.
248-130652-0013 
LOG (lattice-best-path[5.5.0~1-40c7]:main():lattice-best-path.cc:99) For utterance 248-130652-0014, best cost 93.9079 + 13173.1 = 13267 over 1048 frames.
248-130652-0014 
LOG (lattice-best-path[5.5.0~1-40c7]:main():lattice-best-path.cc:99) For utterance 248-130652-0015, best cost 142.335 + 24228 = 24370.3 over 1905 frames.
248-130652-0015 
LOG (lattice-best-path[5.5.0~1-40c7]:main():lattice-best-path.cc:99) For utterance 248-130652-0016, best cost 127.774 + 22376.3 = 22504.1 over 1739 frames.
248-130652-0016 
LOG (lattice-best-path[5.5.0~1-40c7]:main():lattice-best-path.cc:99) For utterance 248-130652-0017, best cost 125.058 + 21494.4 = 21619.5 over 1670 frames.
248-130652-0017 
LOG (lattice-best-path[5.5.0~1-40c7]:main():lattice-best-path.cc:99) For utterance 248-130652-0018, best cost 172.45 + 30196.5 = 30368.9 over 2316 frames.
248-130652-0018 
LOG (lattice-best-path[5.5.0~1-40c7]:main():lattice-best-path.cc:99) For utterance 248-130652-0019, best cost 117.509 + 22046.5 = 22164 over 1747 frames.
248-130652-0019 
LOG (lattice-best-path[5.5.0~1-40c7]:main():lattice-best-path.cc:99) For utterance 248-130652-0020, best cost 129.641 + 21293.8 = 21423.5 over 1660 frames.
248-130652-0020 
LOG (lattice-best-path[5.5.0~1-40c7]:main():lattice-best-path.cc:99) For utterance 248-130652-0021, best cost 136.575 + 24150.2 = 24286.7 over 1886 frames.
248-130652-0021 
LOG (lattice-best-path[5.5.0~1-40c7]:main():lattice-best-path.cc:99) For utterance 248-130652-0022, best cost 137.044 + 24985.2 = 25122.2 over 1937 frames.
248-130652-0022 
LOG (lattice-best-path[5.5.0~1-40c7]:main():lattice-best-path.cc:99) For utterance 248-130652-0023, best cost 128.863 + 23431.4 = 23560.3 over 1869 frames.
248-130652-0023 
LOG (lattice-best-path[5.5.0~1-40c7]:main():lattice-best-path.cc:99) For utterance 248-130652-0024, best cost 176.74 + 30444.8 = 30621.5 over 2353 frames.
248-130652-0024 
LOG (lattice-best-path[5.5.0~1-40c7]:main():lattice-best-path.cc:99) For utterance 248-130652-0025, best cost 132.89 + 24054.6 = 24187.5 over 1909 frames.
248-130652-0025 
LOG (lattice-best-path[5.5.0~1-40c7]:main():lattice-best-path.cc:99) For utterance 248-130652-0026, best cost 111.449 + 22211.3 = 22322.7 over 1791 frames.
248-130652-0026 
LOG (lattice-best-path[5.5.0~1-40c7]:main():lattice-best-path.cc:99) For utterance 248-130652-0027, best cost 139.496 + 26696.6 = 26836.1 over 2089 frames.
248-130652-0027 
LOG (lattice-best-path[5.5.0~1-40c7]:main():lattice-best-path.cc:99) For utterance 248-130652-0028, best cost 138.283 + 23982.5 = 24120.8 over 1865 frames.
248-130652-0028 
LOG (lattice-best-path[5.5.0~1-40c7]:main():lattice-best-path.cc:99) For utterance 248-130652-0029, best cost 172.549 + 28856.4 = 29028.9 over 2223 frames.
248-130652-0029 
LOG (lattice-best-path[5.5.0~1-40c7]:main():lattice-best-path.cc:99) For utterance 248-130652-0030, best cost 134.03 + 24865.8 = 24999.8 over 1939 frames.
248-130652-0030 
LOG (lattice-best-path[5.5.0~1-40c7]:main():lattice-best-path.cc:99) For utterance 248-130652-0031, best cost 160.654 + 28543.7 = 28704.4 over 2145 frames.
248-130652-0031 
LOG (lattice-best-path[5.5.0~1-40c7]:main():lattice-best-path.cc:99) For utterance 248-130652-0032, best cost 144.46 + 27003 = 27147.5 over 2078 frames.
248-130652-0032 
LOG (lattice-best-path[5.5.0~1-40c7]:main():lattice-best-path.cc:99) For utterance 248-130652-0033, best cost 182.807 + 28983 = 29165.8 over 2190 frames.
248-130652-0033 
LOG (lattice-best-path[5.5.0~1-40c7]:main():lattice-best-path.cc:99) For utterance 248-130652-0034, best cost 147.277 + 24402.5 = 24549.7 over 1886 frames.
248-130652-0034 
LOG (lattice-best-path[5.5.0~1-40c7]:main():lattice-best-path.cc:99) For utterance 248-130652-0035, best cost 118.385 + 20435.1 = 20553.5 over 1590 frames.
248-130652-0035 
LOG (lattice-best-path[5.5.0~1-40c7]:main():lattice-best-path.cc:99) For utterance 248-130652-0036, best cost 168.371 + 27485.5 = 27653.9 over 2081 frames.
248-130652-0036 
LOG (lattice-best-path[5.5.0~1-40c7]:main():lattice-best-path.cc:99) For utterance 248-130652-0037, best cost 126.848 + 24383.8 = 24510.7 over 1886 frames.
248-130652-0037 
LOG (lattice-best-path[5.5.0~1-40c7]:main():lattice-best-path.cc:99) For utterance 248-130652-0038, best cost 139.694 + 23415.1 = 23554.8 over 1801 frames.
248-130652-0038 
LOG (lattice-best-path[5.5.0~1-40c7]:main():lattice-best-path.cc:99) For utterance 248-130652-0039, best cost 69.6335 + 12207.8 = 12277.5 over 931 frames.
248-130652-0039 
LOG (lattice-best-path[5.5.0~1-40c7]:main():lattice-best-path.cc:99) For utterance 248-130697-0000, best cost 97.3942 + 14669.5 = 14766.9 over 1164 frames.
248-130697-0000 
LOG (lattice-best-path[5.5.0~1-40c7]:main():lattice-best-path.cc:99) For utterance 248-130697-0001, best cost 135.512 + 22074.4 = 22209.9 over 1709 frames.
248-130697-0001 
LOG (lattice-best-path[5.5.0~1-40c7]:main():lattice-best-path.cc:99) For utterance 248-130697-0002, best cost 142.259 + 25097.2 = 25239.4 over 2019 frames.
248-130697-0002 
LOG (lattice-best-path[5.5.0~1-40c7]:main():lattice-best-path.cc:99) For utterance 248-130697-0003, best cost 172.149 + 28400.6 = 28572.8 over 2193 frames.
248-130697-0003 
LOG (lattice-best-path[5.5.0~1-40c7]:main():lattice-best-path.cc:99) For utterance 248-130697-0004, best cost 127.41 + 26673.3 = 26800.7 over 2132 frames.
248-130697-0004 
LOG (lattice-best-path[5.5.0~1-40c7]:main():lattice-best-path.cc:99) For utterance 248-130697-0005, best cost 140.941 + 23764.3 = 23905.2 over 1872 frames.
248-130697-0005 
LOG (lattice-best-path[5.5.0~1-40c7]:main():lattice-best-path.cc:99) For utterance 248-130697-0006, best cost 125.189 + 24034.7 = 24159.9 over 1878 frames.
248-130697-0006 
LOG (lattice-best-path[5.5.0~1-40c7]:main():lattice-best-path.cc:99) For utterance 248-130697-0007, best cost 124.18 + 25170.7 = 25294.9 over 1977 frames.
248-130697-0007 
LOG (lattice-best-path[5.5.0~1-40c7]:main():lattice-best-path.cc:99) For utterance 248-130697-0008, best cost 136.039 + 21242.1 = 21378.2 over 1620 frames.
248-130697-0008 
LOG (lattice-best-path[5.5.0~1-40c7]:main():lattice-best-path.cc:99) For utterance 248-130697-0009, best cost 138.564 + 23435.1 = 23573.7 over 1814 frames.
248-130697-0009 
LOG (lattice-best-path[5.5.0~1-40c7]:main():lattice-best-path.cc:99) For utterance 248-130697-0010, best cost 132.504 + 28782.9 = 28915.4 over 2218 frames.
248-130697-0010 
LOG (lattice-best-path[5.5.0~1-40c7]:main():lattice-best-path.cc:99) For utterance 248-130697-0011, best cost 129.026 + 25909.9 = 26038.9 over 2042 frames.
248-130697-0011 
LOG (lattice-best-path[5.5.0~1-40c7]:main():lattice-best-path.cc:99) For utterance 248-130697-0012, best cost 119.156 + 19692.4 = 19811.6 over 1559 frames.
248-130697-0012 
LOG (lattice-best-path[5.5.0~1-40c7]:main():lattice-best-path.cc:99) For utterance 248-130697-0013, best cost 156.179 + 29339.8 = 29496 over 2263 frames.
248-130697-0013 
LOG (lattice-best-path[5.5.0~1-40c7]:main():lattice-best-path.cc:99) For utterance 248-130697-0014, best cost 90.1769 + 15659.9 = 15750.1 over 1277 frames.
248-130697-0014 
LOG (lattice-best-path[5.5.0~1-40c7]:main():lattice-best-path.cc:99) For utterance 248-130697-0015, best cost 107.438 + 20832.8 = 20940.3 over 1654 frames.
248-130697-0015 
LOG (lattice-best-path[5.5.0~1-40c7]:main():lattice-best-path.cc:99) For utterance 248-130697-0016, best cost 129.66 + 27441 = 27570.7 over 2162 frames.
248-130697-0016 
LOG (lattice-best-path[5.5.0~1-40c7]:main():lattice-best-path.cc:99) For utterance 248-130697-0017, best cost 130.32 + 23024.1 = 23154.4 over 1798 frames.
248-130697-0017 
LOG (lattice-best-path[5.5.0~1-40c7]:main():lattice-best-path.cc:99) For utterance 248-130697-0018, best cost 149.088 + 27073.3 = 27222.4 over 2120 frames.
248-130697-0018 
LOG (lattice-best-path[5.5.0~1-40c7]:main():lattice-best-path.cc:99) For utterance 248-130697-0019, best cost 154.247 + 26570.9 = 26725.2 over 2052 frames.
248-130697-0019 
LOG (lattice-best-path[5.5.0~1-40c7]:main():lattice-best-path.cc:99) For utterance 248-130697-0020, best cost 144.018 + 26216.1 = 26360.1 over 2003 frames.
248-130697-0020 
LOG (lattice-best-path[5.5.0~1-40c7]:main():lattice-best-path.cc:99) For utterance 248-130697-0021, best cost 140.455 + 23940 = 24080.4 over 1835 frames.
248-130697-0021 
LOG (lattice-best-path[5.5.0~1-40c7]:main():lattice-best-path.cc:99) For utterance 248-130697-0022, best cost 134.282 + 22760.6 = 22894.9 over 1726 frames.
248-130697-0022 
LOG (lattice-best-path[5.5.0~1-40c7]:main():lattice-best-path.cc:99) For utterance 248-130697-0023, best cost 120.091 + 21790.2 = 21910.3 over 1719 frames.
248-130697-0023 
LOG (lattice-best-path[5.5.0~1-40c7]:main():lattice-best-path.cc:99) For utterance 248-130697-0024, best cost 152.838 + 27078.7 = 27231.5 over 2088 frames.
248-130697-0024 
LOG (lattice-best-path[5.5.0~1-40c7]:main():lattice-best-path.cc:99) For utterance 248-130697-0025, best cost 97.7402 + 18510.6 = 18608.3 over 1450 frames.
248-130697-0025 
LOG (lattice-best-path[5.5.0~1-40c7]:main():lattice-best-path.cc:99) For utterance 248-130697-0026, best cost 103.041 + 17789.3 = 17892.3 over 1368 frames.
248-130697-0026 
LOG (lattice-best-path[5.5.0~1-40c7]:main():lattice-best-path.cc:99) For utterance 248-130697-0027, best cost 122.416 + 21667.8 = 21790.2 over 1708 frames.
248-130697-0027 
LOG (lattice-best-path[5.5.0~1-40c7]:main():lattice-best-path.cc:99) For utterance 248-130697-0028, best cost 117.388 + 24520.5 = 24637.9 over 1966 frames.
248-130697-0028 
LOG (lattice-best-path[5.5.0~1-40c7]:main():lattice-best-path.cc:99) For utterance 248-130697-0029, best cost 114.661 + 22585.9 = 22700.5 over 1782 frames.
248-130697-0029 
LOG (lattice-best-path[5.5.0~1-40c7]:main():lattice-best-path.cc:99) For utterance 248-130697-0030, best cost 128.747 + 25589.5 = 25718.3 over 2020 frames.
248-130697-0030 
LOG (lattice-best-path[5.5.0~1-40c7]:main():lattice-best-path.cc:99) For utterance 248-130697-0031, best cost 127.41 + 23734.8 = 23862.2 over 1826 frames.
248-130697-0031 
LOG (lattice-best-path[5.5.0~1-40c7]:main():lattice-best-path.cc:99) For utterance 248-130697-0032, best cost 133.915 + 25569.5 = 25703.4 over 2023 frames.
248-130697-0032 
LOG (lattice-best-path[5.5.0~1-40c7]:main():lattice-best-path.cc:99) For utterance 248-130697-0033, best cost 48.3489 + 6834.33 = 6882.68 over 532 frames.
248-130697-0033 
LOG (lattice-best-path[5.5.0~1-40c7]:main():lattice-best-path.cc:99) For utterance 248-130697-0034, best cost 139.358 + 24935.4 = 25074.7 over 1950 frames.
248-130697-0034 
LOG (lattice-best-path[5.5.0~1-40c7]:main():lattice-best-path.cc:99) For utterance 248-130697-0035, best cost 104.673 + 20147.1 = 20251.7 over 1570 frames.
248-130697-0035 
LOG (lattice-best-path[5.5.0~1-40c7]:main():lattice-best-path.cc:99) For utterance 248-130697-0036, best cost 58.8884 + 7261.74 = 7320.63 over 561 frames.
248-130697-0036 
LOG (lattice-best-path[5.5.0~1-40c7]:main():lattice-best-path.cc:99) For utterance 302-123504-0000, best cost 116.419 + 28614.1 = 28730.5 over 1960 frames.
302-123504-0000 
LOG (lattice-best-path[5.5.0~1-40c7]:main():lattice-best-path.cc:99) For utterance 302-123504-0001, best cost 133.163 + 27698.3 = 27831.5 over 1901 frames.
302-123504-0001 
LOG (lattice-best-path[5.5.0~1-40c7]:main():lattice-best-path.cc:99) For utterance 302-123504-0002, best cost 139.408 + 30814.7 = 30954.1 over 2145 frames.
302-123504-0002 
LOG (lattice-best-path[5.5.0~1-40c7]:main():lattice-best-path.cc:99) For utterance 302-123504-0003, best cost 126.225 + 25506.4 = 25632.7 over 1801 frames.
302-123504-0003 
LOG (lattice-best-path[5.5.0~1-40c7]:main():lattice-best-path.cc:99) For utterance 302-123504-0004, best cost 152.447 + 32856.8 = 33009.3 over 2256 frames.
302-123504-0004 
LOG (lattice-best-path[5.5.0~1-40c7]:main():lattice-best-path.cc:99) For utterance 302-123504-0005, best cost 142.692 + 29822.8 = 29965.5 over 2046 frames.
302-123504-0005 
LOG (lattice-best-path[5.5.0~1-40c7]:main():lattice-best-path.cc:99) For utterance 302-123504-0006, best cost 110.248 + 24818 = 24928.3 over 1698 frames.
302-123504-0006 
LOG (lattice-best-path[5.5.0~1-40c7]:main():lattice-best-path.cc:99) For utterance 302-123504-0007, best cost 120.854 + 23107.6 = 23228.4 over 1619 frames.
302-123504-0007 
LOG (lattice-best-path[5.5.0~1-40c7]:main():lattice-best-path.cc:99) For utterance 302-123504-0008, best cost 135.906 + 27533.6 = 27669.5 over 1923 frames.
302-123504-0008 
LOG (lattice-best-path[5.5.0~1-40c7]:main():lattice-best-path.cc:99) For utterance 302-123504-0009, best cost 140.11 + 31364.7 = 31504.8 over 2188 frames.
302-123504-0009 
LOG (lattice-best-path[5.5.0~1-40c7]:main():lattice-best-path.cc:99) For utterance 302-123504-0010, best cost 165.672 + 30991.3 = 31157 over 2164 frames.
302-123504-0010 
LOG (lattice-best-path[5.5.0~1-40c7]:main():lattice-best-path.cc:99) For utterance 302-123504-0011, best cost 74.5568 + 14954.1 = 15028.6 over 1030 frames.
302-123504-0011 
LOG (lattice-best-path[5.5.0~1-40c7]:main():lattice-best-path.cc:99) For utterance 302-123504-0012, best cost 131.532 + 27730.2 = 27861.8 over 1917 frames.
302-123504-0012 
LOG (lattice-best-path[5.5.0~1-40c7]:main():lattice-best-path.cc:99) For utterance 302-123504-0013, best cost 130.836 + 30395.6 = 30526.5 over 2099 frames.
302-123504-0013 
LOG (lattice-best-path[5.5.0~1-40c7]:main():lattice-best-path.cc:99) For utterance 302-123504-0014, best cost 140.383 + 31573.6 = 31714 over 2228 frames.
302-123504-0014 
LOG (lattice-best-path[5.5.0~1-40c7]:main():lattice-best-path.cc:99) For utterance 302-123504-0015, best cost 124.954 + 27279.4 = 27404.4 over 1873 frames.
302-123504-0015 
LOG (lattice-best-path[5.5.0~1-40c7]:main():lattice-best-path.cc:99) For utterance 302-123504-0016, best cost 129.237 + 27086.4 = 27215.7 over 1869 frames.
302-123504-0016 
LOG (lattice-best-path[5.5.0~1-40c7]:main():lattice-best-path.cc:99) For utterance 302-123504-0017, best cost 117.782 + 25323.2 = 25441 over 1715 frames.
302-123504-0017 
LOG (lattice-best-path[5.5.0~1-40c7]:main():lattice-best-path.cc:99) For utterance 302-123504-0018, best cost 131.694 + 25349.4 = 25481.1 over 1723 frames.
302-123504-0018 
LOG (lattice-best-path[5.5.0~1-40c7]:main():lattice-best-path.cc:99) For utterance 302-123504-0019, best cost 132.829 + 26463 = 26595.8 over 1817 frames.
302-123504-0019 
LOG (lattice-best-path[5.5.0~1-40c7]:main():lattice-best-path.cc:99) For utterance 302-123504-0020, best cost 157.365 + 30933.1 = 31090.5 over 2142 frames.
302-123504-0020 
LOG (lattice-best-path[5.5.0~1-40c7]:main():lattice-best-path.cc:99) For utterance 302-123504-0021, best cost 143.831 + 31388.9 = 31532.7 over 2188 frames.
302-123504-0021 
LOG (lattice-best-path[5.5.0~1-40c7]:main():lattice-best-path.cc:99) For utterance 302-123504-0022, best cost 146.013 + 29103.8 = 29249.8 over 2020 frames.
302-123504-0022 
LOG (lattice-best-path[5.5.0~1-40c7]:main():lattice-best-path.cc:99) For utterance 302-123504-0023, best cost 135.862 + 27758.9 = 27894.7 over 1933 frames.
302-123504-0023 
LOG (lattice-best-path[5.5.0~1-40c7]:main():lattice-best-path.cc:99) For utterance 302-123504-0024, best cost 135.227 + 26977.8 = 27113 over 1860 frames.
302-123504-0024 
LOG (lattice-best-path[5.5.0~1-40c7]:main():lattice-best-path.cc:99) For utterance 302-123504-0025, best cost 151.607 + 31154.8 = 31306.4 over 2143 frames.
302-123504-0025 
LOG (lattice-best-path[5.5.0~1-40c7]:main():lattice-best-path.cc:99) For utterance 302-123504-0026, best cost 133.951 + 28386.5 = 28520.5 over 1964 frames.
302-123504-0026 
LOG (lattice-best-path[5.5.0~1-40c7]:main():lattice-best-path.cc:99) For utterance 302-123504-0027, best cost 150.987 + 30596.2 = 30747.2 over 2111 frames.
302-123504-0027 
LOG (lattice-best-path[5.5.0~1-40c7]:main():lattice-best-path.cc:99) For utterance 302-123504-0028, best cost 156.604 + 30832.1 = 30988.7 over 2122 frames.
302-123504-0028 
LOG (lattice-best-path[5.5.0~1-40c7]:main():lattice-best-path.cc:99) For utterance 302-123504-0029, best cost 138.743 + 29986.1 = 30124.8 over 2046 frames.
302-123504-0029 
LOG (lattice-best-path[5.5.0~1-40c7]:main():lattice-best-path.cc:99) For utterance 302-123504-0030, best cost 153.786 + 32266.8 = 32420.6 over 2234 frames.
302-123504-0030 
LOG (lattice-best-path[5.5.0~1-40c7]:main():lattice-best-path.cc:99) For utterance 302-123504-0031, best cost 152.214 + 30184 = 30336.2 over 2083 frames.
302-123504-0031 
LOG (lattice-best-path[5.5.0~1-40c7]:main():lattice-best-path.cc:99) For utterance 302-123504-0032, best cost 155.698 + 28533.7 = 28689.4 over 1969 frames.
302-123504-0032 
LOG (lattice-best-path[5.5.0~1-40c7]:main():lattice-best-path.cc:99) For utterance 302-123504-0033, best cost 150.5 + 30292.3 = 30442.8 over 2078 frames.
302-123504-0033 
LOG (lattice-best-path[5.5.0~1-40c7]:main():lattice-best-path.cc:99) For utterance 302-123504-0034, best cost 147.224 + 27868.6 = 28015.8 over 1903 frames.
302-123504-0034 
LOG (lattice-best-path[5.5.0~1-40c7]:main():lattice-best-path.cc:99) For utterance 302-123504-0035, best cost 127.54 + 24266.9 = 24394.4 over 1646 frames.
302-123504-0035 
LOG (lattice-best-path[5.5.0~1-40c7]:main():lattice-best-path.cc:99) For utterance 302-123504-0036, best cost 130.91 + 29742.4 = 29873.3 over 2032 frames.
302-123504-0036 
LOG (lattice-best-path[5.5.0~1-40c7]:main():lattice-best-path.cc:99) For utterance 302-123504-0037, best cost 102.154 + 15919.4 = 16021.5 over 1081 frames.
302-123504-0037 
LOG (lattice-best-path[5.5.0~1-40c7]:main():lattice-best-path.cc:99) For utterance 302-123516-0000, best cost 104.439 + 23980.6 = 24085 over 1768 frames.
302-123516-0000 
LOG (lattice-best-path[5.5.0~1-40c7]:main():lattice-best-path.cc:99) For utterance 302-123516-0001, best cost 142.87 + 26038.6 = 26181.5 over 1893 frames.
302-123516-0001 
LOG (lattice-best-path[5.5.0~1-40c7]:main():lattice-best-path.cc:99) For utterance 302-123516-0002, best cost 179.847 + 30641.5 = 30821.3 over 2209 frames.
302-123516-0002 
LOG (lattice-best-path[5.5.0~1-40c7]:main():lattice-best-path.cc:99) For utterance 302-123516-0003, best cost 99.8569 + 16625.9 = 16725.8 over 1199 frames.
302-123516-0003 
LOG (lattice-best-path[5.5.0~1-40c7]:main():lattice-best-path.cc:99) For utterance 302-123516-0004, best cost 148.683 + 28427.9 = 28576.6 over 2052 frames.
302-123516-0004 
LOG (lattice-best-path[5.5.0~1-40c7]:main():lattice-best-path.cc:99) For utterance 302-123516-0005, best cost 114.916 + 22047.5 = 22162.4 over 1576 frames.
302-123516-0005 
LOG (lattice-best-path[5.5.0~1-40c7]:main():lattice-best-path.cc:99) For utterance 302-123516-0006, best cost 117.223 + 22042.1 = 22159.3 over 1591 frames.
302-123516-0006 
LOG (lattice-best-path[5.5.0~1-40c7]:main():lattice-best-path.cc:99) For utterance 302-123516-0007, best cost 151.514 + 26902.4 = 27053.9 over 1927 frames.
302-123516-0007 
LOG (lattice-best-path[5.5.0~1-40c7]:main():lattice-best-path.cc:99) For utterance 302-123516-0008, best cost 178.105 + 29953.6 = 30131.7 over 2150 frames.
302-123516-0008 
LOG (lattice-best-path[5.5.0~1-40c7]:main():lattice-best-path.cc:99) For utterance 302-123516-0009, best cost 161.155 + 29247.8 = 29408.9 over 2097 frames.
302-123516-0009 
LOG (lattice-best-path[5.5.0~1-40c7]:main():lattice-best-path.cc:99) For utterance 302-123516-0010, best cost 159.6 + 31293.7 = 31453.3 over 2245 frames.
302-123516-0010 
LOG (lattice-best-path[5.5.0~1-40c7]:main():lattice-best-path.cc:99) For utterance 302-123516-0011, best cost 134.868 + 24916.1 = 25051 over 1801 frames.
302-123516-0011 
LOG (lattice-best-path[5.5.0~1-40c7]:main():lattice-best-path.cc:99) For utterance 302-123516-0012, best cost 173.674 + 30377.6 = 30551.3 over 2184 frames.
302-123516-0012 
LOG (lattice-best-path[5.5.0~1-40c7]:main():lattice-best-path.cc:99) For utterance 302-123516-0013, best cost 167.703 + 31621.4 = 31789.1 over 2259 frames.
302-123516-0013 
LOG (lattice-best-path[5.5.0~1-40c7]:main():lattice-best-path.cc:99) For utterance 302-123516-0014, best cost 172.824 + 30097.7 = 30270.5 over 2167 frames.
302-123516-0014 
LOG (lattice-best-path[5.5.0~1-40c7]:main():lattice-best-path.cc:99) For utterance 302-123516-0015, best cost 114.114 + 21664.6 = 21778.7 over 1560 frames.
302-123516-0015 
LOG (lattice-best-path[5.5.0~1-40c7]:main():lattice-best-path.cc:99) For utterance 302-123516-0016, best cost 153.513 + 27102.3 = 27255.8 over 1927 frames.
302-123516-0016 
LOG (lattice-best-path[5.5.0~1-40c7]:main():lattice-best-path.cc:99) For utterance 302-123516-0017, best cost 159.314 + 27348.4 = 27507.7 over 1962 frames.
302-123516-0017 
LOG (lattice-best-path[5.5.0~1-40c7]:main():lattice-best-path.cc:99) For utterance 302-123516-0018, best cost 92.4969 + 17298.5 = 17391 over 1251 frames.
302-123516-0018 
LOG (lattice-best-path[5.5.0~1-40c7]:main():lattice-best-path.cc:99) For utterance 302-123516-0019, best cost 90.6774 + 15814.7 = 15905.4 over 1127 frames.
302-123516-0019 
LOG (lattice-best-path[5.5.0~1-40c7]:main():lattice-best-path.cc:99) For utterance 302-123516-0020, best cost 100.415 + 17787.3 = 17887.8 over 1296 frames.
302-123516-0020 
LOG (lattice-best-path[5.5.0~1-40c7]:main():lattice-best-path.cc:99) For utterance 302-123516-0021, best cost 152.063 + 27998.2 = 28150.2 over 2006 frames.
302-123516-0021 
LOG (lattice-best-path[5.5.0~1-40c7]:main():lattice-best-path.cc:99) For utterance 302-123516-0022, best cost 124.322 + 22190.2 = 22314.5 over 1586 frames.
302-123516-0022 
LOG (lattice-best-path[5.5.0~1-40c7]:main():lattice-best-path.cc:99) For utterance 302-123516-0023, best cost 163.633 + 31041.8 = 31205.4 over 2226 frames.
302-123516-0023 
LOG (lattice-best-path[5.5.0~1-40c7]:main():lattice-best-path.cc:99) For utterance 302-123516-0024, best cost 54.9076 + 8397.92 = 8452.83 over 600 frames.
302-123516-0024 
LOG (lattice-best-path[5.5.0~1-40c7]:main():lattice-best-path.cc:99) For utterance 302-123516-0025, best cost 128.107 + 25141.9 = 25270 over 1801 frames.
302-123516-0025 
LOG (lattice-best-path[5.5.0~1-40c7]:main():lattice-best-path.cc:99) For utterance 302-123516-0026, best cost 139.66 + 27918.9 = 28058.5 over 2007 frames.
302-123516-0026 
LOG (lattice-best-path[5.5.0~1-40c7]:main():lattice-best-path.cc:99) For utterance 302-123516-0027, best cost 154.939 + 28997.1 = 29152 over 2074 frames.
302-123516-0027 
LOG (lattice-best-path[5.5.0~1-40c7]:main():lattice-best-path.cc:99) For utterance 302-123516-0028, best cost 168.091 + 28695.6 = 28863.6 over 2052 frames.
302-123516-0028 
LOG (lattice-best-path[5.5.0~1-40c7]:main():lattice-best-path.cc:99) For utterance 302-123516-0029, best cost 162.675 + 29453.1 = 29615.8 over 2107 frames.
302-123516-0029 
LOG (lattice-best-path[5.5.0~1-40c7]:main():lattice-best-path.cc:99) For utterance 302-123516-0030, best cost 87.6597 + 13036.8 = 13124.4 over 931 frames.
302-123516-0030 
LOG (lattice-best-path[5.5.0~1-40c7]:main():lattice-best-path.cc:99) For utterance 302-123516-0031, best cost 155.726 + 27776.1 = 27931.8 over 1994 frames.
302-123516-0031 
LOG (lattice-best-path[5.5.0~1-40c7]:main():lattice-best-path.cc:99) For utterance 302-123516-0032, best cost 73.9768 + 13291.7 = 13365.6 over 963 frames.
302-123516-0032 
LOG (lattice-best-path[5.5.0~1-40c7]:main():lattice-best-path.cc:99) For utterance 302-123516-0033, best cost 122.531 + 21764.9 = 21887.5 over 1567 frames.
302-123516-0033 
LOG (lattice-best-path[5.5.0~1-40c7]:main():lattice-best-path.cc:99) For utterance 302-123516-0034, best cost 41.4108 + 5144.89 = 5186.3 over 369 frames.
302-123516-0034 
LOG (lattice-best-path[5.5.0~1-40c7]:main():lattice-best-path.cc:99) For utterance 302-123516-0035, best cost 159.46 + 28239.2 = 28398.6 over 2025 frames.
302-123516-0035 
LOG (lattice-best-path[5.5.0~1-40c7]:main():lattice-best-path.cc:99) For utterance 302-123523-0000, best cost 153.145 + 30862.2 = 31015.3 over 2141 frames.
302-123523-0000 
LOG (lattice-best-path[5.5.0~1-40c7]:main():lattice-best-path.cc:99) For utterance 302-123523-0001, best cost 89.4974 + 13389.9 = 13479.4 over 941 frames.
302-123523-0001 
LOG (lattice-best-path[5.5.0~1-40c7]:main():lattice-best-path.cc:99) For utterance 302-123523-0002, best cost 164.484 + 31954 = 32118.5 over 2242 frames.
302-123523-0002 
LOG (lattice-best-path[5.5.0~1-40c7]:main():lattice-best-path.cc:99) For utterance 302-123523-0003, best cost 177.759 + 32043.9 = 32221.6 over 2293 frames.
302-123523-0003 
LOG (lattice-best-path[5.5.0~1-40c7]:main():lattice-best-path.cc:99) For utterance 302-123523-0004, best cost 129.435 + 23730.6 = 23860 over 1672 frames.
302-123523-0004 
LOG (lattice-best-path[5.5.0~1-40c7]:main():lattice-best-path.cc:99) For utterance 302-123523-0005, best cost 125.12 + 25483 = 25608.2 over 1814 frames.
302-123523-0005 
LOG (lattice-best-path[5.5.0~1-40c7]:main():lattice-best-path.cc:99) For utterance 302-123523-0006, best cost 139.399 + 26745.1 = 26884.5 over 1895 frames.
302-123523-0006 
LOG (lattice-best-path[5.5.0~1-40c7]:main():lattice-best-path.cc:99) For utterance 302-123523-0007, best cost 143.88 + 27681.8 = 27825.7 over 1959 frames.
302-123523-0007 
LOG (lattice-best-path[5.5.0~1-40c7]:main():lattice-best-path.cc:99) For utterance 302-123523-0008, best cost 155.46 + 30294.1 = 30449.5 over 2147 frames.
302-123523-0008 
LOG (lattice-best-path[5.5.0~1-40c7]:main():lattice-best-path.cc:99) For utterance 302-123523-0009, best cost 153.804 + 31166.5 = 31320.3 over 2195 frames.
302-123523-0009 
LOG (lattice-best-path[5.5.0~1-40c7]:main():lattice-best-path.cc:99) For utterance 302-123523-0010, best cost 149.047 + 26671.5 = 26820.5 over 1881 frames.
302-123523-0010 
LOG (lattice-best-path[5.5.0~1-40c7]:main():lattice-best-path.cc:99) For utterance 302-123523-0011, best cost 141.985 + 27470.5 = 27612.4 over 1960 frames.
302-123523-0011 
LOG (lattice-best-path[5.5.0~1-40c7]:main():lattice-best-path.cc:99) For utterance 302-123523-0012, best cost 130.719 + 29062.7 = 29193.5 over 2064 frames.
302-123523-0012 
LOG (lattice-best-path[5.5.0~1-40c7]:main():lattice-best-path.cc:99) For utterance 302-123523-0013, best cost 155.443 + 27610.2 = 27765.6 over 1936 frames.
302-123523-0013 
LOG (lattice-best-path[5.5.0~1-40c7]:main():lattice-best-path.cc:99) For utterance 302-123523-0014, best cost 150.279 + 28711.2 = 28861.5 over 2008 frames.
302-123523-0014 
LOG (lattice-best-path[5.5.0~1-40c7]:main():lattice-best-path.cc:99) For utterance 302-123523-0015, best cost 146.093 + 28078.2 = 28224.2 over 1996 frames.
302-123523-0015 
LOG (lattice-best-path[5.5.0~1-40c7]:main():lattice-best-path.cc:99) For utterance 302-123523-0016, best cost 113.406 + 20464.3 = 20577.7 over 1460 frames.
302-123523-0016 
LOG (lattice-best-path[5.5.0~1-40c7]:main():lattice-best-path.cc:99) For utterance 302-123523-0017, best cost 149.978 + 28592.2 = 28742.2 over 2028 frames.
302-123523-0017 
LOG (lattice-best-path[5.5.0~1-40c7]:main():lattice-best-path.cc:99) For utterance 302-123523-0018, best cost 136.007 + 28751.4 = 28887.4 over 2042 frames.
302-123523-0018 
LOG (lattice-best-path[5.5.0~1-40c7]:main():lattice-best-path.cc:99) For utterance 302-123523-0019, best cost 131.276 + 26903.5 = 27034.8 over 1877 frames.
302-123523-0019 
LOG (lattice-best-path[5.5.0~1-40c7]:main():lattice-best-path.cc:99) For utterance 302-123523-0020, best cost 153.275 + 30304 = 30457.3 over 2139 frames.
302-123523-0020 
LOG (lattice-best-path[5.5.0~1-40c7]:main():lattice-best-path.cc:99) For utterance 302-123523-0021, best cost 42.3897 + 6439.13 = 6481.52 over 463 frames.
302-123523-0021 
LOG (lattice-best-path[5.5.0~1-40c7]:main():lattice-best-path.cc:99) For utterance 302-123523-0022, best cost 110.242 + 21223.1 = 21333.4 over 1505 frames.
302-123523-0022 
LOG (lattice-best-path[5.5.0~1-40c7]:main():lattice-best-path.cc:99) For utterance 302-123523-0023, best cost 135.858 + 27049.5 = 27185.4 over 1926 frames.
302-123523-0023 
LOG (lattice-best-path[5.5.0~1-40c7]:main():lattice-best-path.cc:99) For utterance 302-123523-0024, best cost 112.254 + 21403.5 = 21515.7 over 1511 frames.
302-123523-0024 
LOG (lattice-best-path[5.5.0~1-40c7]:main():lattice-best-path.cc:99) For utterance 302-123523-0025, best cost 165.236 + 33344.1 = 33509.3 over 2390 frames.
302-123523-0025 
LOG (lattice-best-path[5.5.0~1-40c7]:main():lattice-best-path.cc:99) For utterance 302-123523-0026, best cost 149.003 + 28670.7 = 28819.7 over 2036 frames.
302-123523-0026 
LOG (lattice-best-path[5.5.0~1-40c7]:main():lattice-best-path.cc:99) For utterance 302-123523-0027, best cost 135.916 + 27635 = 27770.9 over 1980 frames.
302-123523-0027 
LOG (lattice-best-path[5.5.0~1-40c7]:main():lattice-best-path.cc:99) For utterance 302-123523-0028, best cost 127.144 + 23327.6 = 23454.7 over 1687 frames.
302-123523-0028 
LOG (lattice-best-path[5.5.0~1-40c7]:main():lattice-best-path.cc:99) For utterance 302-123523-0029, best cost 136.254 + 26625.7 = 26761.9 over 1914 frames.
302-123523-0029 
LOG (lattice-best-path[5.5.0~1-40c7]:main():lattice-best-path.cc:99) For utterance 302-123523-0030, best cost 164.005 + 31325 = 31489 over 2248 frames.
302-123523-0030 
LOG (lattice-best-path[5.5.0~1-40c7]:main():lattice-best-path.cc:99) For utterance 302-123523-0031, best cost 159.288 + 30077.4 = 30236.7 over 2137 frames.
302-123523-0031 
LOG (lattice-best-path[5.5.0~1-40c7]:main():lattice-best-path.cc:99) For utterance 302-123523-0032, best cost 165.731 + 30752.1 = 30917.8 over 2178 frames.
302-123523-0032 
LOG (lattice-best-path[5.5.0~1-40c7]:main():lattice-best-path.cc:99) For utterance 302-123523-0033, best cost 139.476 + 27123.1 = 27262.6 over 1938 frames.
302-123523-0033 
LOG (lattice-best-path[5.5.0~1-40c7]:main():lattice-best-path.cc:99) For utterance 302-123523-0034, best cost 122.177 + 25298.4 = 25420.5 over 1798 frames.
302-123523-0034 
LOG (lattice-best-path[5.5.0~1-40c7]:main():lattice-best-path.cc:99) For utterance 302-123523-0035, best cost 118.212 + 23208 = 23326.2 over 1663 frames.
302-123523-0035 
LOG (lattice-best-path[5.5.0~1-40c7]:main():lattice-best-path.cc:99) For utterance 302-123523-0036, best cost 123.057 + 26082.1 = 26205.2 over 1823 frames.
302-123523-0036 
LOG (lattice-best-path[5.5.0~1-40c7]:main():lattice-best-path.cc:99) For utterance 302-123523-0037, best cost 163.798 + 32185.7 = 32349.5 over 2284 frames.
302-123523-0037 
LOG (lattice-best-path[5.5.0~1-40c7]:main():lattice-best-path.cc:99) For utterance 302-123523-0038, best cost 148.8 + 29954.8 = 30103.6 over 2123 frames.
302-123523-0038 
LOG (lattice-best-path[5.5.0~1-40c7]:main():lattice-best-path.cc:99) For utterance 78-368-0000, best cost 112.692 + 25581.8 = 25694.5 over 2028 frames.
78-368-0000 
LOG (lattice-best-path[5.5.0~1-40c7]:main():lattice-best-path.cc:99) For utterance 78-368-0001, best cost 99.7523 + 18852.8 = 18952.6 over 1476 frames.
78-368-0001 
LOG (lattice-best-path[5.5.0~1-40c7]:main():lattice-best-path.cc:99) For utterance 78-368-0002, best cost 124.532 + 23976.7 = 24101.3 over 1864 frames.
78-368-0002 
LOG (lattice-best-path[5.5.0~1-40c7]:main():lattice-best-path.cc:99) For utterance 78-368-0003, best cost 126.059 + 25045.2 = 25171.2 over 1969 frames.
78-368-0003 
LOG (lattice-best-path[5.5.0~1-40c7]:main():lattice-best-path.cc:99) For utterance 78-368-0004, best cost 134.674 + 24655.2 = 24789.9 over 1950 frames.
78-368-0004 
LOG (lattice-best-path[5.5.0~1-40c7]:main():lattice-best-path.cc:99) For utterance 78-368-0005, best cost 156.553 + 30140.1 = 30296.7 over 2352 frames.
78-368-0005 
LOG (lattice-best-path[5.5.0~1-40c7]:main():lattice-best-path.cc:99) For utterance 78-368-0006, best cost 87.2359 + 16131 = 16218.2 over 1284 frames.
78-368-0006 
LOG (lattice-best-path[5.5.0~1-40c7]:main():lattice-best-path.cc:99) For utterance 78-368-0007, best cost 94.9528 + 15400.9 = 15495.8 over 1201 frames.
78-368-0007 
LOG (lattice-best-path[5.5.0~1-40c7]:main():lattice-best-path.cc:99) For utterance 78-368-0008, best cost 149.989 + 28964.4 = 29114.4 over 2285 frames.
78-368-0008 
LOG (lattice-best-path[5.5.0~1-40c7]:main():lattice-best-path.cc:99) For utterance 78-368-0009, best cost 129.243 + 24117.8 = 24247 over 1941 frames.
78-368-0009 
LOG (lattice-best-path[5.5.0~1-40c7]:main():lattice-best-path.cc:99) For utterance 78-368-0010, best cost 71.3371 + 16971.7 = 17043.1 over 1373 frames.
78-368-0010 
LOG (lattice-best-path[5.5.0~1-40c7]:main():lattice-best-path.cc:99) For utterance 78-368-0011, best cost 114.749 + 21080.3 = 21195 over 1672 frames.
78-368-0011 
LOG (lattice-best-path[5.5.0~1-40c7]:main():lattice-best-path.cc:99) For utterance 78-368-0012, best cost 131.777 + 27437.7 = 27569.4 over 2173 frames.
78-368-0012 
LOG (lattice-best-path[5.5.0~1-40c7]:main():lattice-best-path.cc:99) For utterance 78-368-0013, best cost 113.471 + 22275.9 = 22389.4 over 1756 frames.
78-368-0013 
LOG (lattice-best-path[5.5.0~1-40c7]:main():lattice-best-path.cc:99) For utterance 78-368-0014, best cost 133.519 + 23708.4 = 23841.9 over 1868 frames.
78-368-0014 
LOG (lattice-best-path[5.5.0~1-40c7]:main():lattice-best-path.cc:99) For utterance 78-368-0015, best cost 101.022 + 22936.4 = 23037.4 over 1825 frames.
78-368-0015 
LOG (lattice-best-path[5.5.0~1-40c7]:main():lattice-best-path.cc:99) For utterance 78-368-0016, best cost 69.765 + 13960 = 14029.8 over 1140 frames.
78-368-0016 
LOG (lattice-best-path[5.5.0~1-40c7]:main():lattice-best-path.cc:99) For utterance 78-368-0017, best cost 137.644 + 26790.1 = 26927.7 over 2083 frames.
78-368-0017 
LOG (lattice-best-path[5.5.0~1-40c7]:main():lattice-best-path.cc:99) For utterance 78-368-0018, best cost 136.182 + 27072.4 = 27208.5 over 2116 frames.
78-368-0018 
LOG (lattice-best-path[5.5.0~1-40c7]:main():lattice-best-path.cc:99) For utterance 78-368-0019, best cost 141.801 + 27074.3 = 27216.1 over 2143 frames.
78-368-0019 
LOG (lattice-best-path[5.5.0~1-40c7]:main():lattice-best-path.cc:99) For utterance 78-368-0020, best cost 82.5048 + 16200.8 = 16283.3 over 1284 frames.
78-368-0020 
LOG (lattice-best-path[5.5.0~1-40c7]:main():lattice-best-path.cc:99) For utterance 78-368-0021, best cost 108.954 + 23770.9 = 23879.9 over 1876 frames.
78-368-0021 
LOG (lattice-best-path[5.5.0~1-40c7]:main():lattice-best-path.cc:99) For utterance 78-368-0022, best cost 103.839 + 17424.6 = 17528.5 over 1384 frames.
78-368-0022 
LOG (lattice-best-path[5.5.0~1-40c7]:main():lattice-best-path.cc:99) For utterance 78-368-0023, best cost 101.267 + 20389 = 20490.3 over 1616 frames.
78-368-0023 
LOG (lattice-best-path[5.5.0~1-40c7]:main():lattice-best-path.cc:99) For utterance 78-368-0024, best cost 107.683 + 21210.7 = 21318.4 over 1669 frames.
78-368-0024 
LOG (lattice-best-path[5.5.0~1-40c7]:main():lattice-best-path.cc:99) For utterance 78-368-0025, best cost 56.7161 + 10387.2 = 10443.9 over 821 frames.
78-368-0025 
LOG (lattice-best-path[5.5.0~1-40c7]:main():lattice-best-path.cc:99) For utterance 78-368-0026, best cost 152.216 + 28332.1 = 28484.3 over 2233 frames.
78-368-0026 
LOG (lattice-best-path[5.5.0~1-40c7]:main():lattice-best-path.cc:99) For utterance 78-368-0027, best cost 120.663 + 23719.8 = 23840.5 over 1853 frames.
78-368-0027 
LOG (lattice-best-path[5.5.0~1-40c7]:main():lattice-best-path.cc:99) For utterance 78-368-0028, best cost 83.0253 + 16766.4 = 16849.4 over 1357 frames.
78-368-0028 
LOG (lattice-best-path[5.5.0~1-40c7]:main():lattice-best-path.cc:99) For utterance 78-368-0029, best cost 143.556 + 26191.3 = 26334.9 over 2113 frames.
78-368-0029 
LOG (lattice-best-path[5.5.0~1-40c7]:main():lattice-best-path.cc:99) For utterance 78-368-0030, best cost 119.888 + 22712.5 = 22832.4 over 1788 frames.
78-368-0030 
LOG (lattice-best-path[5.5.0~1-40c7]:main():lattice-best-path.cc:99) For utterance 78-368-0031, best cost 44.1646 + 6200.6 = 6244.76 over 493 frames.
78-368-0031 
LOG (lattice-best-path[5.5.0~1-40c7]:main():lattice-best-path.cc:99) For utterance 78-368-0032, best cost 151.659 + 28679.7 = 28831.4 over 2260 frames.
78-368-0032 
LOG (lattice-best-path[5.5.0~1-40c7]:main():lattice-best-path.cc:99) For utterance 78-368-0033, best cost 100.707 + 24084.7 = 24185.4 over 1919 frames.
78-368-0033 
LOG (lattice-best-path[5.5.0~1-40c7]:main():lattice-best-path.cc:99) For utterance 78-368-0034, best cost 86.345 + 13172.7 = 13259.1 over 1026 frames.
78-368-0034 
LOG (lattice-best-path[5.5.0~1-40c7]:main():lattice-best-path.cc:99) For utterance 78-368-0035, best cost 124.44 + 25402.3 = 25526.7 over 2011 frames.
78-368-0035 
LOG (lattice-best-path[5.5.0~1-40c7]:main():lattice-best-path.cc:99) For utterance 78-368-0036, best cost 116.602 + 20316 = 20432.6 over 1581 frames.
78-368-0036 
LOG (lattice-best-path[5.5.0~1-40c7]:main():lattice-best-path.cc:99) For utterance 78-368-0037, best cost 105.431 + 21342.8 = 21448.2 over 1701 frames.
78-368-0037 
LOG (lattice-best-path[5.5.0~1-40c7]:main():lattice-best-path.cc:99) For utterance 78-368-0038, best cost 54.1235 + 6587.83 = 6641.95 over 504 frames.
78-368-0038 
LOG (lattice-best-path[5.5.0~1-40c7]:main():lattice-best-path.cc:99) For utterance 78-368-0039, best cost 131.867 + 26680.7 = 26812.5 over 2099 frames.
78-368-0039 
LOG (lattice-best-path[5.5.0~1-40c7]:main():lattice-best-path.cc:99) For utterance 78-368-0040, best cost 134.304 + 26925.1 = 27059.4 over 2111 frames.
78-368-0040 
LOG (lattice-best-path[5.5.0~1-40c7]:main():lattice-best-path.cc:99) For utterance 78-368-0041, best cost 111.066 + 18765.6 = 18876.6 over 1450 frames.
78-368-0041 
LOG (lattice-best-path[5.5.0~1-40c7]:main():lattice-best-path.cc:99) For utterance 78-368-0042, best cost 43.0112 + 4600.39 = 4643.4 over 356 frames.
78-368-0042 
LOG (lattice-best-path[5.5.0~1-40c7]:main():lattice-best-path.cc:99) For utterance 78-368-0043, best cost 119.001 + 20285.4 = 20404.4 over 1554 frames.
78-368-0043 
LOG (lattice-best-path[5.5.0~1-40c7]:main():lattice-best-path.cc:99) For utterance 78-368-0044, best cost 80.9373 + 13902.2 = 13983.1 over 1073 frames.
78-368-0044 
LOG (lattice-best-path[5.5.0~1-40c7]:main():lattice-best-path.cc:99) For utterance 78-368-0045, best cost 118.35 + 24643.6 = 24761.9 over 1934 frames.
78-368-0045 
LOG (lattice-best-path[5.5.0~1-40c7]:main():lattice-best-path.cc:99) For utterance 78-368-0046, best cost 141.196 + 23590.6 = 23731.8 over 1827 frames.
78-368-0046 
LOG (lattice-best-path[5.5.0~1-40c7]:main():lattice-best-path.cc:99) For utterance 78-368-0047, best cost 120.8 + 25014.7 = 25135.5 over 1945 frames.
78-368-0047 
LOG (lattice-best-path[5.5.0~1-40c7]:main():lattice-best-path.cc:99) For utterance 78-368-0048, best cost 125.679 + 21501.2 = 21626.9 over 1629 frames.
78-368-0048 
LOG (lattice-best-path[5.5.0~1-40c7]:main():lattice-best-path.cc:99) For utterance 78-368-0049, best cost 127.209 + 27535.3 = 27662.5 over 2106 frames.
78-368-0049 
LOG (lattice-best-path[5.5.0~1-40c7]:main():lattice-best-path.cc:99) For utterance 78-368-0050, best cost 68.2024 + 15064.2 = 15132.4 over 1181 frames.
78-368-0050 
LOG (lattice-best-path[5.5.0~1-40c7]:main():lattice-best-path.cc:99) For utterance 78-368-0051, best cost 173.254 + 29828.4 = 30001.7 over 2321 frames.
78-368-0051 
LOG (lattice-best-path[5.5.0~1-40c7]:main():lattice-best-path.cc:99) For utterance 78-368-0052, best cost 124.025 + 23542.9 = 23667 over 1832 frames.
78-368-0052 
LOG (lattice-best-path[5.5.0~1-40c7]:main():lattice-best-path.cc:99) For utterance 78-368-0053, best cost 56.7349 + 7565.07 = 7621.81 over 580 frames.
78-368-0053 
LOG (lattice-best-path[5.5.0~1-40c7]:main():lattice-best-path.cc:99) For utterance 78-369-0000, best cost 96.9682 + 23744 = 23840.9 over 1976 frames.
78-369-0000 
LOG (lattice-best-path[5.5.0~1-40c7]:main():lattice-best-path.cc:99) For utterance 78-369-0001, best cost 109.354 + 18889.5 = 18998.8 over 1507 frames.
78-369-0001 
LOG (lattice-best-path[5.5.0~1-40c7]:main():lattice-best-path.cc:99) For utterance 78-369-0002, best cost 95.892 + 22714.4 = 22810.3 over 1843 frames.
78-369-0002 
LOG (lattice-best-path[5.5.0~1-40c7]:main():lattice-best-path.cc:99) For utterance 78-369-0003, best cost 90.1392 + 16456.3 = 16546.4 over 1325 frames.
78-369-0003 
LOG (lattice-best-path[5.5.0~1-40c7]:main():lattice-best-path.cc:99) For utterance 78-369-0004, best cost 121.076 + 23934.2 = 24055.2 over 1989 frames.
78-369-0004 
LOG (lattice-best-path[5.5.0~1-40c7]:main():lattice-best-path.cc:99) For utterance 78-369-0005, best cost 124.99 + 22929.9 = 23054.9 over 1875 frames.
78-369-0005 
LOG (lattice-best-path[5.5.0~1-40c7]:main():lattice-best-path.cc:99) For utterance 78-369-0006, best cost 134.203 + 26829 = 26963.2 over 2197 frames.
78-369-0006 
LOG (lattice-best-path[5.5.0~1-40c7]:main():lattice-best-path.cc:99) For utterance 78-369-0007, best cost 61.0611 + 17560.1 = 17621.1 over 1457 frames.
78-369-0007 
LOG (lattice-best-path[5.5.0~1-40c7]:main():lattice-best-path.cc:99) For utterance 78-369-0008, best cost 108.579 + 24732.4 = 24841 over 2023 frames.
78-369-0008 
LOG (lattice-best-path[5.5.0~1-40c7]:main():lattice-best-path.cc:99) For utterance 78-369-0009, best cost 147.976 + 26505.3 = 26653.3 over 2139 frames.
78-369-0009 
LOG (lattice-best-path[5.5.0~1-40c7]:main():lattice-best-path.cc:99) For utterance 78-369-0010, best cost 95.9872 + 19517.7 = 19613.7 over 1575 frames.
78-369-0010 
LOG (lattice-best-path[5.5.0~1-40c7]:main():lattice-best-path.cc:99) For utterance 78-369-0011, best cost 120.363 + 25318.1 = 25438.4 over 2102 frames.
78-369-0011 
LOG (lattice-best-path[5.5.0~1-40c7]:main():lattice-best-path.cc:99) For utterance 78-369-0012, best cost 78.1913 + 16279.9 = 16358.1 over 1339 frames.
78-369-0012 
LOG (lattice-best-path[5.5.0~1-40c7]:main():lattice-best-path.cc:99) For utterance 78-369-0013, best cost 88.0027 + 15527.1 = 15615.1 over 1276 frames.
78-369-0013 
LOG (lattice-best-path[5.5.0~1-40c7]:main():lattice-best-path.cc:99) For utterance 78-369-0014, best cost 90.9649 + 17093.3 = 17184.3 over 1411 frames.
78-369-0014 
LOG (lattice-best-path[5.5.0~1-40c7]:main():lattice-best-path.cc:99) For utterance 78-369-0015, best cost 126.815 + 27242.5 = 27369.3 over 2229 frames.
78-369-0015 
LOG (lattice-best-path[5.5.0~1-40c7]:main():lattice-best-path.cc:99) For utterance 78-369-0016, best cost 111.195 + 24291.2 = 24402.4 over 1966 frames.
78-369-0016 
LOG (lattice-best-path[5.5.0~1-40c7]:main():lattice-best-path.cc:99) For utterance 78-369-0017, best cost 130.286 + 23362.4 = 23492.6 over 1890 frames.
78-369-0017 
LOG (lattice-best-path[5.5.0~1-40c7]:main():lattice-best-path.cc:99) For utterance 78-369-0018, best cost 115.164 + 21485.1 = 21600.3 over 1746 frames.
78-369-0018 
LOG (lattice-best-path[5.5.0~1-40c7]:main():lattice-best-path.cc:99) For utterance 78-369-0019, best cost 106.896 + 23214.2 = 23321.1 over 1854 frames.
78-369-0019 
LOG (lattice-best-path[5.5.0~1-40c7]:main():lattice-best-path.cc:99) For utterance 78-369-0020, best cost 78.4872 + 16018.8 = 16097.3 over 1316 frames.
78-369-0020 
LOG (lattice-best-path[5.5.0~1-40c7]:main():lattice-best-path.cc:99) For utterance 78-369-0021, best cost 102.115 + 22942.4 = 23044.5 over 1871 frames.
78-369-0021 
LOG (lattice-best-path[5.5.0~1-40c7]:main():lattice-best-path.cc:99) For utterance 78-369-0022, best cost 139.272 + 26702.3 = 26841.6 over 2136 frames.
78-369-0022 
LOG (lattice-best-path[5.5.0~1-40c7]:main():lattice-best-path.cc:99) For utterance 78-369-0023, best cost 146.183 + 30041.4 = 30187.6 over 2397 frames.
78-369-0023 
LOG (lattice-best-path[5.5.0~1-40c7]:main():lattice-best-path.cc:99) For utterance 78-369-0024, best cost 154.864 + 24723.3 = 24878.2 over 1989 frames.
78-369-0024 
LOG (lattice-best-path[5.5.0~1-40c7]:main():lattice-best-path.cc:99) For utterance 78-369-0025, best cost 139.766 + 25255.8 = 25395.5 over 2035 frames.
78-369-0025 
LOG (lattice-best-path[5.5.0~1-40c7]:main():lattice-best-path.cc:99) For utterance 78-369-0026, best cost 92.0894 + 16036.7 = 16128.7 over 1303 frames.
78-369-0026 
LOG (lattice-best-path[5.5.0~1-40c7]:main():lattice-best-path.cc:99) For utterance 78-369-0027, best cost 151.121 + 28603.1 = 28754.2 over 2298 frames.
78-369-0027 
LOG (lattice-best-path[5.5.0~1-40c7]:main():lattice-best-path.cc:99) For utterance 78-369-0028, best cost 94.1586 + 20925 = 21019.2 over 1735 frames.
78-369-0028 
LOG (lattice-best-path[5.5.0~1-40c7]:main():lattice-best-path.cc:99) For utterance 78-369-0029, best cost 99.5132 + 16829.1 = 16928.6 over 1369 frames.
78-369-0029 
LOG (lattice-best-path[5.5.0~1-40c7]:main():lattice-best-path.cc:99) For utterance 78-369-0030, best cost 105.415 + 18318 = 18423.4 over 1477 frames.
78-369-0030 
LOG (lattice-best-path[5.5.0~1-40c7]:main():lattice-best-path.cc:99) For utterance 78-369-0031, best cost 113.608 + 23002.2 = 23115.8 over 1885 frames.
78-369-0031 
LOG (lattice-best-path[5.5.0~1-40c7]:main():lattice-best-path.cc:99) For utterance 78-369-0032, best cost 130.61 + 26234 = 26364.6 over 2073 frames.
78-369-0032 
LOG (lattice-best-path[5.5.0~1-40c7]:main():lattice-best-path.cc:99) For utterance 78-369-0033, best cost 111.023 + 21360.8 = 21471.8 over 1703 frames.
78-369-0033 
LOG (lattice-best-path[5.5.0~1-40c7]:main():lattice-best-path.cc:99) For utterance 78-369-0034, best cost 134.339 + 25948.5 = 26082.9 over 2095 frames.
78-369-0034 
LOG (lattice-best-path[5.5.0~1-40c7]:main():lattice-best-path.cc:99) For utterance 78-369-0035, best cost 99.642 + 16466.4 = 16566.1 over 1354 frames.
78-369-0035 
LOG (lattice-best-path[5.5.0~1-40c7]:main():lattice-best-path.cc:99) For utterance 78-369-0036, best cost 130.845 + 24230.3 = 24361.1 over 1911 frames.
78-369-0036 
LOG (lattice-best-path[5.5.0~1-40c7]:main():lattice-best-path.cc:99) For utterance 78-369-0037, best cost 112.202 + 20290.3 = 20402.5 over 1639 frames.
78-369-0037 
LOG (lattice-best-path[5.5.0~1-40c7]:main():lattice-best-path.cc:99) For utterance 78-369-0038, best cost 116.687 + 25053.1 = 25169.7 over 2034 frames.
78-369-0038 
LOG (lattice-best-path[5.5.0~1-40c7]:main():lattice-best-path.cc:99) For utterance 78-369-0039, best cost 128.744 + 24102.4 = 24231.1 over 1944 frames.
78-369-0039 
LOG (lattice-best-path[5.5.0~1-40c7]:main():lattice-best-path.cc:99) For utterance 78-369-0040, best cost 97.1721 + 17602.2 = 17699.3 over 1412 frames.
78-369-0040 
LOG (lattice-best-path[5.5.0~1-40c7]:main():lattice-best-path.cc:99) For utterance 78-369-0041, best cost 125.148 + 26997.4 = 27122.6 over 2141 frames.
78-369-0041 
LOG (lattice-best-path[5.5.0~1-40c7]:main():lattice-best-path.cc:99) For utterance 78-369-0042, best cost 143.933 + 26653.2 = 26797.1 over 2125 frames.
78-369-0042 
LOG (lattice-best-path[5.5.0~1-40c7]:main():lattice-best-path.cc:99) For utterance 78-369-0043, best cost 147.139 + 27117.3 = 27264.5 over 2169 frames.
78-369-0043 
LOG (lattice-best-path[5.5.0~1-40c7]:main():lattice-best-path.cc:99) For utterance 78-369-0044, best cost 117.808 + 21565.8 = 21683.6 over 1732 frames.
78-369-0044 
LOG (lattice-best-path[5.5.0~1-40c7]:main():lattice-best-path.cc:99) For utterance 78-369-0045, best cost 128.854 + 26430 = 26558.9 over 2104 frames.
78-369-0045 
LOG (lattice-best-path[5.5.0~1-40c7]:main():lattice-best-path.cc:99) For utterance 78-369-0046, best cost 171.445 + 29731.5 = 29903 over 2337 frames.
78-369-0046 
LOG (lattice-best-path[5.5.0~1-40c7]:main():lattice-best-path.cc:99) For utterance 78-369-0047, best cost 95.6743 + 20734.6 = 20830.3 over 1643 frames.
78-369-0047 
LOG (lattice-best-path[5.5.0~1-40c7]:main():lattice-best-path.cc:99) For utterance 78-369-0048, best cost 75.0748 + 13542.5 = 13617.5 over 1085 frames.
78-369-0048 
LOG (lattice-best-path[5.5.0~1-40c7]:main():lattice-best-path.cc:99) For utterance 78-369-0049, best cost 138.789 + 26739.3 = 26878.1 over 2086 frames.
78-369-0049 
LOG (lattice-scale[5.5.0~1-40c7]:main():lattice-scale.cc:107) Done 345 lattices.
LOG (lattice-best-path[5.5.0~1-40c7]:main():lattice-best-path.cc:99) For utterance 78-369-0050, best cost 126.748 + 24929 = 25055.7 over 2001 frames.
78-369-0050 
LOG (lattice-best-path[5.5.0~1-40c7]:main():lattice-best-path.cc:99) For utterance 78-369-0051, best cost 140.302 + 23741.2 = 23881.5 over 1883 frames.
78-369-0051 
LOG (lattice-best-path[5.5.0~1-40c7]:main():lattice-best-path.cc:99) For utterance 78-369-0052, best cost 109.764 + 19346.1 = 19455.8 over 1531 frames.
78-369-0052 
LOG (lattice-best-path[5.5.0~1-40c7]:main():lattice-best-path.cc:99) For utterance 78-369-0053, best cost 141.775 + 26261.2 = 26403 over 2101 frames.
78-369-0053 
LOG (lattice-best-path[5.5.0~1-40c7]:main():lattice-best-path.cc:99) For utterance 78-369-0054, best cost 112.449 + 20406.9 = 20519.3 over 1623 frames.
78-369-0054 
LOG (lattice-best-path[5.5.0~1-40c7]:main():lattice-best-path.cc:99) For utterance 78-369-0055, best cost 137.11 + 25166.3 = 25303.4 over 1989 frames.
78-369-0055 
LOG (lattice-best-path[5.5.0~1-40c7]:main():lattice-best-path.cc:99) For utterance 78-369-0056, best cost 124.411 + 23299.4 = 23423.8 over 1874 frames.
78-369-0056 
LOG (lattice-add-penalty[5.5.0~1-40c7]:main():lattice-add-penalty.cc:62) Done adding word insertion penalty to 345 lattices.
LOG (lattice-best-path[5.5.0~1-40c7]:main():lattice-best-path.cc:99) For utterance 78-369-0057, best cost 87.504 + 14183.2 = 14270.7 over 1122 frames.
78-369-0057 
LOG (lattice-best-path[5.5.0~1-40c7]:main():lattice-best-path.cc:99) For utterance 78-369-0058, best cost 103.337 + 15322.2 = 15425.5 over 1204 frames.
78-369-0058 
LOG (lattice-best-path[5.5.0~1-40c7]:main():lattice-best-path.cc:99) For utterance 78-369-0059, best cost 174.879 + 29629.5 = 29804.4 over 2344 frames.
78-369-0059 
LOG (lattice-best-path[5.5.0~1-40c7]:main():lattice-best-path.cc:99) For utterance 78-369-0060, best cost 148.795 + 26453.1 = 26601.9 over 2129 frames.
78-369-0060 
LOG (lattice-best-path[5.5.0~1-40c7]:main():lattice-best-path.cc:99) For utterance 78-369-0061, best cost 98.3967 + 19775 = 19873.4 over 1636 frames.
78-369-0061 
LOG (lattice-best-path[5.5.0~1-40c7]:main():lattice-best-path.cc:99) For utterance 78-369-0062, best cost 125.985 + 27288 = 27414 over 2189 frames.
78-369-0062 
LOG (lattice-best-path[5.5.0~1-40c7]:main():lattice-best-path.cc:99) For utterance 78-369-0063, best cost 123.127 + 21240.3 = 21363.4 over 1693 frames.
78-369-0063 
LOG (lattice-best-path[5.5.0~1-40c7]:main():lattice-best-path.cc:124) Overall cost per frame is 13.2916 = 0.071232 [graph] + 13.2204 [acoustic] over 626920 frames.
LOG (lattice-best-path[5.5.0~1-40c7]:main():lattice-best-path.cc:128) Done 345 lattices, failed for 0
# Accounting: time=1 threads=1
# Ended (code 0) at Tue Dec  8 03:59:08 UTC 2020, elapsed time 1 seconds
