# compute-mfcc-feats --write-utt2dur=ark,t:exp/make_mfcc/data/alignme/utt2dur.11 --verbose=2 --config=conf/mfcc.conf scp,p:exp/make_mfcc/data/alignme/wav_alignme.11.scp ark:- | copy-feats --write-num-frames=ark,t:exp/make_mfcc/data/alignme/utt2num_frames.11 --compress=true ark:- ark,scp:/opt/kaldi/egs/disfluent-speech-to-text/mfcc/raw_mfcc_alignme.11.ark,/opt/kaldi/egs/disfluent-speech-to-text/mfcc/raw_mfcc_alignme.11.scp 
# Started at Mon Dec  7 03:24:36 UTC 2020
#
copy-feats --write-num-frames=ark,t:exp/make_mfcc/data/alignme/utt2num_frames.11 --compress=true ark:- ark,scp:/opt/kaldi/egs/disfluent-speech-to-text/mfcc/raw_mfcc_alignme.11.ark,/opt/kaldi/egs/disfluent-speech-to-text/mfcc/raw_mfcc_alignme.11.scp 
compute-mfcc-feats --write-utt2dur=ark,t:exp/make_mfcc/data/alignme/utt2dur.11 --verbose=2 --config=conf/mfcc.conf scp,p:exp/make_mfcc/data/alignme/wav_alignme.11.scp ark:- 
ERROR (compute-mfcc-feats[5.5.0~1-40c7]:Read():wave-reader.cc:190) WaveData: can read only PCM data, format id in file is: 3

[ Stack-Trace: ]
/opt/kaldi/src/lib/libkaldi-base.so(kaldi::MessageLogger::LogMessage() const+0xa71) [0x7f2e92e1b50f]
compute-mfcc-feats(kaldi::MessageLogger::LogAndThrow::operator=(kaldi::MessageLogger const&)+0x11) [0x556a57905343]
/opt/kaldi/src/lib/libkaldi-feat.so(kaldi::WaveInfo::Read(std::istream&)+0x12d3) [0x7f2e93be1449]
/opt/kaldi/src/lib/libkaldi-feat.so(kaldi::WaveData::Read(std::istream&)+0x4a) [0x7f2e93be2262]
compute-mfcc-feats(kaldi::WaveHolder::Read(std::istream&)+0xd) [0x556a5790b0e9]
compute-mfcc-feats(kaldi::SequentialTableReaderScriptImpl<kaldi::WaveHolder>::EnsureObjectLoaded()+0x161) [0x556a5791227f]
compute-mfcc-feats(kaldi::SequentialTableReaderScriptImpl<kaldi::WaveHolder>::Next()+0x27) [0x556a57912b67]
compute-mfcc-feats(kaldi::SequentialTableReaderScriptImpl<kaldi::WaveHolder>::Open(std::__cxx11::basic_string<char, std::char_traits<char>, std::allocator<char> > const&)+0x29d) [0x556a57908361]
compute-mfcc-feats(kaldi::SequentialTableReader<kaldi::WaveHolder>::Open(std::__cxx11::basic_string<char, std::char_traits<char>, std::allocator<char> > const&)+0x1ed) [0x556a5790b843]
compute-mfcc-feats(kaldi::SequentialTableReader<kaldi::WaveHolder>::SequentialTableReader(std::__cxx11::basic_string<char, std::char_traits<char>, std::allocator<char> > const&)+0x3e) [0x556a5790bb54]
compute-mfcc-feats(main+0x824) [0x556a579026a4]
/lib/x86_64-linux-gnu/libc.so.6(__libc_start_main+0xf1) [0x7f2e8b5f22e1]
compute-mfcc-feats(_start+0x2a) [0x556a57901d7a]

WARNING (compute-mfcc-feats[5.5.0~1-40c7]:Read():feat/wave-reader.h:197) Exception caught in WaveHolder::Read(). kaldi::KaldiFatalError
WARNING (compute-mfcc-feats[5.5.0~1-40c7]:EnsureObjectLoaded():util/kaldi-table-inl.h:317) Failed to load object from /opt/kaldi/egs/disfluent-speech-to-text/augmented-data-big/302/302-123523-0031.wav
ERROR (compute-mfcc-feats[5.5.0~1-40c7]:Read():wave-reader.cc:190) WaveData: can read only PCM data, format id in file is: 3

[ Stack-Trace: ]
/opt/kaldi/src/lib/libkaldi-base.so(kaldi::MessageLogger::LogMessage() const+0xa71) [0x7f2e92e1b50f]
compute-mfcc-feats(kaldi::MessageLogger::LogAndThrow::operator=(kaldi::MessageLogger const&)+0x11) [0x556a57905343]
/opt/kaldi/src/lib/libkaldi-feat.so(kaldi::WaveInfo::Read(std::istream&)+0x12d3) [0x7f2e93be1449]
/opt/kaldi/src/lib/libkaldi-feat.so(kaldi::WaveData::Read(std::istream&)+0x4a) [0x7f2e93be2262]
compute-mfcc-feats(kaldi::WaveHolder::Read(std::istream&)+0xd) [0x556a5790b0e9]
compute-mfcc-feats(kaldi::SequentialTableReaderScriptImpl<kaldi::WaveHolder>::EnsureObjectLoaded()+0x161) [0x556a5791227f]
compute-mfcc-feats(kaldi::SequentialTableReaderScriptImpl<kaldi::WaveHolder>::Next()+0x27) [0x556a57912b67]
compute-mfcc-feats(kaldi::SequentialTableReaderScriptImpl<kaldi::WaveHolder>::Open(std::__cxx11::basic_string<char, std::char_traits<char>, std::allocator<char> > const&)+0x29d) [0x556a57908361]
compute-mfcc-feats(kaldi::SequentialTableReader<kaldi::WaveHolder>::Open(std::__cxx11::basic_string<char, std::char_traits<char>, std::allocator<char> > const&)+0x1ed) [0x556a5790b843]
compute-mfcc-feats(kaldi::SequentialTableReader<kaldi::WaveHolder>::SequentialTableReader(std::__cxx11::basic_string<char, std::char_traits<char>, std::allocator<char> > const&)+0x3e) [0x556a5790bb54]
compute-mfcc-feats(main+0x824) [0x556a579026a4]
/lib/x86_64-linux-gnu/libc.so.6(__libc_start_main+0xf1) [0x7f2e8b5f22e1]
compute-mfcc-feats(_start+0x2a) [0x556a57901d7a]

WARNING (compute-mfcc-feats[5.5.0~1-40c7]:Read():feat/wave-reader.h:197) Exception caught in WaveHolder::Read(). kaldi::KaldiFatalError
WARNING (compute-mfcc-feats[5.5.0~1-40c7]:EnsureObjectLoaded():util/kaldi-table-inl.h:317) Failed to load object from /opt/kaldi/egs/disfluent-speech-to-text/augmented-data-big/302/302-123523-0032.wav
ERROR (compute-mfcc-feats[5.5.0~1-40c7]:Read():wave-reader.cc:190) WaveData: can read only PCM data, format id in file is: 3

[ Stack-Trace: ]
/opt/kaldi/src/lib/libkaldi-base.so(kaldi::MessageLogger::LogMessage() const+0xa71) [0x7f2e92e1b50f]
compute-mfcc-feats(kaldi::MessageLogger::LogAndThrow::operator=(kaldi::MessageLogger const&)+0x11) [0x556a57905343]
/opt/kaldi/src/lib/libkaldi-feat.so(kaldi::WaveInfo::Read(std::istream&)+0x12d3) [0x7f2e93be1449]
/opt/kaldi/src/lib/libkaldi-feat.so(kaldi::WaveData::Read(std::istream&)+0x4a) [0x7f2e93be2262]
compute-mfcc-feats(kaldi::WaveHolder::Read(std::istream&)+0xd) [0x556a5790b0e9]
compute-mfcc-feats(kaldi::SequentialTableReaderScriptImpl<kaldi::WaveHolder>::EnsureObjectLoaded()+0x161) [0x556a5791227f]
compute-mfcc-feats(kaldi::SequentialTableReaderScriptImpl<kaldi::WaveHolder>::Next()+0x27) [0x556a57912b67]
compute-mfcc-feats(kaldi::SequentialTableReaderScriptImpl<kaldi::WaveHolder>::Open(std::__cxx11::basic_string<char, std::char_traits<char>, std::allocator<char> > const&)+0x29d) [0x556a57908361]
compute-mfcc-feats(kaldi::SequentialTableReader<kaldi::WaveHolder>::Open(std::__cxx11::basic_string<char, std::char_traits<char>, std::allocator<char> > const&)+0x1ed) [0x556a5790b843]
compute-mfcc-feats(kaldi::SequentialTableReader<kaldi::WaveHolder>::SequentialTableReader(std::__cxx11::basic_string<char, std::char_traits<char>, std::allocator<char> > const&)+0x3e) [0x556a5790bb54]
compute-mfcc-feats(main+0x824) [0x556a579026a4]
/lib/x86_64-linux-gnu/libc.so.6(__libc_start_main+0xf1) [0x7f2e8b5f22e1]
compute-mfcc-feats(_start+0x2a) [0x556a57901d7a]

WARNING (compute-mfcc-feats[5.5.0~1-40c7]:Read():feat/wave-reader.h:197) Exception caught in WaveHolder::Read(). kaldi::KaldiFatalError
WARNING (compute-mfcc-feats[5.5.0~1-40c7]:EnsureObjectLoaded():util/kaldi-table-inl.h:317) Failed to load object from /opt/kaldi/egs/disfluent-speech-to-text/augmented-data-big/302/302-123523-0033.wav
ERROR (compute-mfcc-feats[5.5.0~1-40c7]:Read():wave-reader.cc:190) WaveData: can read only PCM data, format id in file is: 3

[ Stack-Trace: ]
/opt/kaldi/src/lib/libkaldi-base.so(kaldi::MessageLogger::LogMessage() const+0xa71) [0x7f2e92e1b50f]
compute-mfcc-feats(kaldi::MessageLogger::LogAndThrow::operator=(kaldi::MessageLogger const&)+0x11) [0x556a57905343]
/opt/kaldi/src/lib/libkaldi-feat.so(kaldi::WaveInfo::Read(std::istream&)+0x12d3) [0x7f2e93be1449]
/opt/kaldi/src/lib/libkaldi-feat.so(kaldi::WaveData::Read(std::istream&)+0x4a) [0x7f2e93be2262]
compute-mfcc-feats(kaldi::WaveHolder::Read(std::istream&)+0xd) [0x556a5790b0e9]
compute-mfcc-feats(kaldi::SequentialTableReaderScriptImpl<kaldi::WaveHolder>::EnsureObjectLoaded()+0x161) [0x556a5791227f]
compute-mfcc-feats(kaldi::SequentialTableReaderScriptImpl<kaldi::WaveHolder>::Next()+0x27) [0x556a57912b67]
compute-mfcc-feats(kaldi::SequentialTableReaderScriptImpl<kaldi::WaveHolder>::Open(std::__cxx11::basic_string<char, std::char_traits<char>, std::allocator<char> > const&)+0x29d) [0x556a57908361]
compute-mfcc-feats(kaldi::SequentialTableReader<kaldi::WaveHolder>::Open(std::__cxx11::basic_string<char, std::char_traits<char>, std::allocator<char> > const&)+0x1ed) [0x556a5790b843]
compute-mfcc-feats(kaldi::SequentialTableReader<kaldi::WaveHolder>::SequentialTableReader(std::__cxx11::basic_string<char, std::char_traits<char>, std::allocator<char> > const&)+0x3e) [0x556a5790bb54]
compute-mfcc-feats(main+0x824) [0x556a579026a4]
/lib/x86_64-linux-gnu/libc.so.6(__libc_start_main+0xf1) [0x7f2e8b5f22e1]
compute-mfcc-feats(_start+0x2a) [0x556a57901d7a]

WARNING (compute-mfcc-feats[5.5.0~1-40c7]:Read():feat/wave-reader.h:197) Exception caught in WaveHolder::Read(). kaldi::KaldiFatalError
WARNING (compute-mfcc-feats[5.5.0~1-40c7]:EnsureObjectLoaded():util/kaldi-table-inl.h:317) Failed to load object from /opt/kaldi/egs/disfluent-speech-to-text/augmented-data-big/302/302-123523-0034.wav
ERROR (compute-mfcc-feats[5.5.0~1-40c7]:Read():wave-reader.cc:190) WaveData: can read only PCM data, format id in file is: 3

[ Stack-Trace: ]
/opt/kaldi/src/lib/libkaldi-base.so(kaldi::MessageLogger::LogMessage() const+0xa71) [0x7f2e92e1b50f]
compute-mfcc-feats(kaldi::MessageLogger::LogAndThrow::operator=(kaldi::MessageLogger const&)+0x11) [0x556a57905343]
/opt/kaldi/src/lib/libkaldi-feat.so(kaldi::WaveInfo::Read(std::istream&)+0x12d3) [0x7f2e93be1449]
/opt/kaldi/src/lib/libkaldi-feat.so(kaldi::WaveData::Read(std::istream&)+0x4a) [0x7f2e93be2262]
compute-mfcc-feats(kaldi::WaveHolder::Read(std::istream&)+0xd) [0x556a5790b0e9]
compute-mfcc-feats(kaldi::SequentialTableReaderScriptImpl<kaldi::WaveHolder>::EnsureObjectLoaded()+0x161) [0x556a5791227f]
compute-mfcc-feats(kaldi::SequentialTableReaderScriptImpl<kaldi::WaveHolder>::Next()+0x27) [0x556a57912b67]
compute-mfcc-feats(kaldi::SequentialTableReaderScriptImpl<kaldi::WaveHolder>::Open(std::__cxx11::basic_string<char, std::char_traits<char>, std::allocator<char> > const&)+0x29d) [0x556a57908361]
compute-mfcc-feats(kaldi::SequentialTableReader<kaldi::WaveHolder>::Open(std::__cxx11::basic_string<char, std::char_traits<char>, std::allocator<char> > const&)+0x1ed) [0x556a5790b843]
compute-mfcc-feats(kaldi::SequentialTableReader<kaldi::WaveHolder>::SequentialTableReader(std::__cxx11::basic_string<char, std::char_traits<char>, std::allocator<char> > const&)+0x3e) [0x556a5790bb54]
compute-mfcc-feats(main+0x824) [0x556a579026a4]
/lib/x86_64-linux-gnu/libc.so.6(__libc_start_main+0xf1) [0x7f2e8b5f22e1]
compute-mfcc-feats(_start+0x2a) [0x556a57901d7a]

WARNING (compute-mfcc-feats[5.5.0~1-40c7]:Read():feat/wave-reader.h:197) Exception caught in WaveHolder::Read(). kaldi::KaldiFatalError
WARNING (compute-mfcc-feats[5.5.0~1-40c7]:EnsureObjectLoaded():util/kaldi-table-inl.h:317) Failed to load object from /opt/kaldi/egs/disfluent-speech-to-text/augmented-data-big/302/302-123523-0035.wav
ERROR (compute-mfcc-feats[5.5.0~1-40c7]:Read():wave-reader.cc:190) WaveData: can read only PCM data, format id in file is: 3

[ Stack-Trace: ]
/opt/kaldi/src/lib/libkaldi-base.so(kaldi::MessageLogger::LogMessage() const+0xa71) [0x7f2e92e1b50f]
compute-mfcc-feats(kaldi::MessageLogger::LogAndThrow::operator=(kaldi::MessageLogger const&)+0x11) [0x556a57905343]
/opt/kaldi/src/lib/libkaldi-feat.so(kaldi::WaveInfo::Read(std::istream&)+0x12d3) [0x7f2e93be1449]
/opt/kaldi/src/lib/libkaldi-feat.so(kaldi::WaveData::Read(std::istream&)+0x4a) [0x7f2e93be2262]
compute-mfcc-feats(kaldi::WaveHolder::Read(std::istream&)+0xd) [0x556a5790b0e9]
compute-mfcc-feats(kaldi::SequentialTableReaderScriptImpl<kaldi::WaveHolder>::EnsureObjectLoaded()+0x161) [0x556a5791227f]
compute-mfcc-feats(kaldi::SequentialTableReaderScriptImpl<kaldi::WaveHolder>::Next()+0x27) [0x556a57912b67]
compute-mfcc-feats(kaldi::SequentialTableReaderScriptImpl<kaldi::WaveHolder>::Open(std::__cxx11::basic_string<char, std::char_traits<char>, std::allocator<char> > const&)+0x29d) [0x556a57908361]
compute-mfcc-feats(kaldi::SequentialTableReader<kaldi::WaveHolder>::Open(std::__cxx11::basic_string<char, std::char_traits<char>, std::allocator<char> > const&)+0x1ed) [0x556a5790b843]
compute-mfcc-feats(kaldi::SequentialTableReader<kaldi::WaveHolder>::SequentialTableReader(std::__cxx11::basic_string<char, std::char_traits<char>, std::allocator<char> > const&)+0x3e) [0x556a5790bb54]
compute-mfcc-feats(main+0x824) [0x556a579026a4]
/lib/x86_64-linux-gnu/libc.so.6(__libc_start_main+0xf1) [0x7f2e8b5f22e1]
compute-mfcc-feats(_start+0x2a) [0x556a57901d7a]

WARNING (compute-mfcc-feats[5.5.0~1-40c7]:Read():feat/wave-reader.h:197) Exception caught in WaveHolder::Read(). kaldi::KaldiFatalError
WARNING (compute-mfcc-feats[5.5.0~1-40c7]:EnsureObjectLoaded():util/kaldi-table-inl.h:317) Failed to load object from /opt/kaldi/egs/disfluent-speech-to-text/augmented-data-big/302/302-123523-0036.wav
ERROR (compute-mfcc-feats[5.5.0~1-40c7]:Read():wave-reader.cc:190) WaveData: can read only PCM data, format id in file is: 3

[ Stack-Trace: ]
/opt/kaldi/src/lib/libkaldi-base.so(kaldi::MessageLogger::LogMessage() const+0xa71) [0x7f2e92e1b50f]
compute-mfcc-feats(kaldi::MessageLogger::LogAndThrow::operator=(kaldi::MessageLogger const&)+0x11) [0x556a57905343]
/opt/kaldi/src/lib/libkaldi-feat.so(kaldi::WaveInfo::Read(std::istream&)+0x12d3) [0x7f2e93be1449]
/opt/kaldi/src/lib/libkaldi-feat.so(kaldi::WaveData::Read(std::istream&)+0x4a) [0x7f2e93be2262]
compute-mfcc-feats(kaldi::WaveHolder::Read(std::istream&)+0xd) [0x556a5790b0e9]
compute-mfcc-feats(kaldi::SequentialTableReaderScriptImpl<kaldi::WaveHolder>::EnsureObjectLoaded()+0x161) [0x556a5791227f]
compute-mfcc-feats(kaldi::SequentialTableReaderScriptImpl<kaldi::WaveHolder>::Next()+0x27) [0x556a57912b67]
compute-mfcc-feats(kaldi::SequentialTableReaderScriptImpl<kaldi::WaveHolder>::Open(std::__cxx11::basic_string<char, std::char_traits<char>, std::allocator<char> > const&)+0x29d) [0x556a57908361]
compute-mfcc-feats(kaldi::SequentialTableReader<kaldi::WaveHolder>::Open(std::__cxx11::basic_string<char, std::char_traits<char>, std::allocator<char> > const&)+0x1ed) [0x556a5790b843]
compute-mfcc-feats(kaldi::SequentialTableReader<kaldi::WaveHolder>::SequentialTableReader(std::__cxx11::basic_string<char, std::char_traits<char>, std::allocator<char> > const&)+0x3e) [0x556a5790bb54]
compute-mfcc-feats(main+0x824) [0x556a579026a4]
/lib/x86_64-linux-gnu/libc.so.6(__libc_start_main+0xf1) [0x7f2e8b5f22e1]
compute-mfcc-feats(_start+0x2a) [0x556a57901d7a]

WARNING (compute-mfcc-feats[5.5.0~1-40c7]:Read():feat/wave-reader.h:197) Exception caught in WaveHolder::Read(). kaldi::KaldiFatalError
WARNING (compute-mfcc-feats[5.5.0~1-40c7]:EnsureObjectLoaded():util/kaldi-table-inl.h:317) Failed to load object from /opt/kaldi/egs/disfluent-speech-to-text/augmented-data-big/302/302-123523-0037.wav
ERROR (compute-mfcc-feats[5.5.0~1-40c7]:Read():wave-reader.cc:190) WaveData: can read only PCM data, format id in file is: 3

[ Stack-Trace: ]
/opt/kaldi/src/lib/libkaldi-base.so(kaldi::MessageLogger::LogMessage() const+0xa71) [0x7f2e92e1b50f]
compute-mfcc-feats(kaldi::MessageLogger::LogAndThrow::operator=(kaldi::MessageLogger const&)+0x11) [0x556a57905343]
/opt/kaldi/src/lib/libkaldi-feat.so(kaldi::WaveInfo::Read(std::istream&)+0x12d3) [0x7f2e93be1449]
/opt/kaldi/src/lib/libkaldi-feat.so(kaldi::WaveData::Read(std::istream&)+0x4a) [0x7f2e93be2262]
compute-mfcc-feats(kaldi::WaveHolder::Read(std::istream&)+0xd) [0x556a5790b0e9]
compute-mfcc-feats(kaldi::SequentialTableReaderScriptImpl<kaldi::WaveHolder>::EnsureObjectLoaded()+0x161) [0x556a5791227f]
compute-mfcc-feats(kaldi::SequentialTableReaderScriptImpl<kaldi::WaveHolder>::Next()+0x27) [0x556a57912b67]
compute-mfcc-feats(kaldi::SequentialTableReaderScriptImpl<kaldi::WaveHolder>::Open(std::__cxx11::basic_string<char, std::char_traits<char>, std::allocator<char> > const&)+0x29d) [0x556a57908361]
compute-mfcc-feats(kaldi::SequentialTableReader<kaldi::WaveHolder>::Open(std::__cxx11::basic_string<char, std::char_traits<char>, std::allocator<char> > const&)+0x1ed) [0x556a5790b843]
compute-mfcc-feats(kaldi::SequentialTableReader<kaldi::WaveHolder>::SequentialTableReader(std::__cxx11::basic_string<char, std::char_traits<char>, std::allocator<char> > const&)+0x3e) [0x556a5790bb54]
compute-mfcc-feats(main+0x824) [0x556a579026a4]
/lib/x86_64-linux-gnu/libc.so.6(__libc_start_main+0xf1) [0x7f2e8b5f22e1]
compute-mfcc-feats(_start+0x2a) [0x556a57901d7a]

WARNING (compute-mfcc-feats[5.5.0~1-40c7]:Read():feat/wave-reader.h:197) Exception caught in WaveHolder::Read(). kaldi::KaldiFatalError
WARNING (compute-mfcc-feats[5.5.0~1-40c7]:EnsureObjectLoaded():util/kaldi-table-inl.h:317) Failed to load object from /opt/kaldi/egs/disfluent-speech-to-text/augmented-data-big/302/302-123523-0038.wav
ERROR (compute-mfcc-feats[5.5.0~1-40c7]:Read():wave-reader.cc:190) WaveData: can read only PCM data, format id in file is: 3

[ Stack-Trace: ]
/opt/kaldi/src/lib/libkaldi-base.so(kaldi::MessageLogger::LogMessage() const+0xa71) [0x7f2e92e1b50f]
compute-mfcc-feats(kaldi::MessageLogger::LogAndThrow::operator=(kaldi::MessageLogger const&)+0x11) [0x556a57905343]
/opt/kaldi/src/lib/libkaldi-feat.so(kaldi::WaveInfo::Read(std::istream&)+0x12d3) [0x7f2e93be1449]
/opt/kaldi/src/lib/libkaldi-feat.so(kaldi::WaveData::Read(std::istream&)+0x4a) [0x7f2e93be2262]
compute-mfcc-feats(kaldi::WaveHolder::Read(std::istream&)+0xd) [0x556a5790b0e9]
compute-mfcc-feats(kaldi::SequentialTableReaderScriptImpl<kaldi::WaveHolder>::EnsureObjectLoaded()+0x161) [0x556a5791227f]
compute-mfcc-feats(kaldi::SequentialTableReaderScriptImpl<kaldi::WaveHolder>::Next()+0x27) [0x556a57912b67]
compute-mfcc-feats(kaldi::SequentialTableReaderScriptImpl<kaldi::WaveHolder>::Open(std::__cxx11::basic_string<char, std::char_traits<char>, std::allocator<char> > const&)+0x29d) [0x556a57908361]
compute-mfcc-feats(kaldi::SequentialTableReader<kaldi::WaveHolder>::Open(std::__cxx11::basic_string<char, std::char_traits<char>, std::allocator<char> > const&)+0x1ed) [0x556a5790b843]
compute-mfcc-feats(kaldi::SequentialTableReader<kaldi::WaveHolder>::SequentialTableReader(std::__cxx11::basic_string<char, std::char_traits<char>, std::allocator<char> > const&)+0x3e) [0x556a5790bb54]
compute-mfcc-feats(main+0x824) [0x556a579026a4]
/lib/x86_64-linux-gnu/libc.so.6(__libc_start_main+0xf1) [0x7f2e8b5f22e1]
compute-mfcc-feats(_start+0x2a) [0x556a57901d7a]

WARNING (compute-mfcc-feats[5.5.0~1-40c7]:Read():feat/wave-reader.h:197) Exception caught in WaveHolder::Read(). kaldi::KaldiFatalError
WARNING (compute-mfcc-feats[5.5.0~1-40c7]:EnsureObjectLoaded():util/kaldi-table-inl.h:317) Failed to load object from /opt/kaldi/egs/disfluent-speech-to-text/augmented-data-big/78/78-368-0000.wav
ERROR (compute-mfcc-feats[5.5.0~1-40c7]:Read():wave-reader.cc:190) WaveData: can read only PCM data, format id in file is: 3

[ Stack-Trace: ]
/opt/kaldi/src/lib/libkaldi-base.so(kaldi::MessageLogger::LogMessage() const+0xa71) [0x7f2e92e1b50f]
compute-mfcc-feats(kaldi::MessageLogger::LogAndThrow::operator=(kaldi::MessageLogger const&)+0x11) [0x556a57905343]
/opt/kaldi/src/lib/libkaldi-feat.so(kaldi::WaveInfo::Read(std::istream&)+0x12d3) [0x7f2e93be1449]
/opt/kaldi/src/lib/libkaldi-feat.so(kaldi::WaveData::Read(std::istream&)+0x4a) [0x7f2e93be2262]
compute-mfcc-feats(kaldi::WaveHolder::Read(std::istream&)+0xd) [0x556a5790b0e9]
compute-mfcc-feats(kaldi::SequentialTableReaderScriptImpl<kaldi::WaveHolder>::EnsureObjectLoaded()+0x161) [0x556a5791227f]
compute-mfcc-feats(kaldi::SequentialTableReaderScriptImpl<kaldi::WaveHolder>::Next()+0x27) [0x556a57912b67]
compute-mfcc-feats(kaldi::SequentialTableReaderScriptImpl<kaldi::WaveHolder>::Open(std::__cxx11::basic_string<char, std::char_traits<char>, std::allocator<char> > const&)+0x29d) [0x556a57908361]
compute-mfcc-feats(kaldi::SequentialTableReader<kaldi::WaveHolder>::Open(std::__cxx11::basic_string<char, std::char_traits<char>, std::allocator<char> > const&)+0x1ed) [0x556a5790b843]
compute-mfcc-feats(kaldi::SequentialTableReader<kaldi::WaveHolder>::SequentialTableReader(std::__cxx11::basic_string<char, std::char_traits<char>, std::allocator<char> > const&)+0x3e) [0x556a5790bb54]
compute-mfcc-feats(main+0x824) [0x556a579026a4]
/lib/x86_64-linux-gnu/libc.so.6(__libc_start_main+0xf1) [0x7f2e8b5f22e1]
compute-mfcc-feats(_start+0x2a) [0x556a57901d7a]

WARNING (compute-mfcc-feats[5.5.0~1-40c7]:Read():feat/wave-reader.h:197) Exception caught in WaveHolder::Read(). kaldi::KaldiFatalError
WARNING (compute-mfcc-feats[5.5.0~1-40c7]:EnsureObjectLoaded():util/kaldi-table-inl.h:317) Failed to load object from /opt/kaldi/egs/disfluent-speech-to-text/augmented-data-big/78/78-368-0001.wav
ERROR (compute-mfcc-feats[5.5.0~1-40c7]:Read():wave-reader.cc:190) WaveData: can read only PCM data, format id in file is: 3

[ Stack-Trace: ]
/opt/kaldi/src/lib/libkaldi-base.so(kaldi::MessageLogger::LogMessage() const+0xa71) [0x7f2e92e1b50f]
compute-mfcc-feats(kaldi::MessageLogger::LogAndThrow::operator=(kaldi::MessageLogger const&)+0x11) [0x556a57905343]
/opt/kaldi/src/lib/libkaldi-feat.so(kaldi::WaveInfo::Read(std::istream&)+0x12d3) [0x7f2e93be1449]
/opt/kaldi/src/lib/libkaldi-feat.so(kaldi::WaveData::Read(std::istream&)+0x4a) [0x7f2e93be2262]
compute-mfcc-feats(kaldi::WaveHolder::Read(std::istream&)+0xd) [0x556a5790b0e9]
compute-mfcc-feats(kaldi::SequentialTableReaderScriptImpl<kaldi::WaveHolder>::EnsureObjectLoaded()+0x161) [0x556a5791227f]
compute-mfcc-feats(kaldi::SequentialTableReaderScriptImpl<kaldi::WaveHolder>::Next()+0x27) [0x556a57912b67]
compute-mfcc-feats(kaldi::SequentialTableReaderScriptImpl<kaldi::WaveHolder>::Open(std::__cxx11::basic_string<char, std::char_traits<char>, std::allocator<char> > const&)+0x29d) [0x556a57908361]
compute-mfcc-feats(kaldi::SequentialTableReader<kaldi::WaveHolder>::Open(std::__cxx11::basic_string<char, std::char_traits<char>, std::allocator<char> > const&)+0x1ed) [0x556a5790b843]
compute-mfcc-feats(kaldi::SequentialTableReader<kaldi::WaveHolder>::SequentialTableReader(std::__cxx11::basic_string<char, std::char_traits<char>, std::allocator<char> > const&)+0x3e) [0x556a5790bb54]
compute-mfcc-feats(main+0x824) [0x556a579026a4]
/lib/x86_64-linux-gnu/libc.so.6(__libc_start_main+0xf1) [0x7f2e8b5f22e1]
compute-mfcc-feats(_start+0x2a) [0x556a57901d7a]

WARNING (compute-mfcc-feats[5.5.0~1-40c7]:Read():feat/wave-reader.h:197) Exception caught in WaveHolder::Read(). kaldi::KaldiFatalError
WARNING (compute-mfcc-feats[5.5.0~1-40c7]:EnsureObjectLoaded():util/kaldi-table-inl.h:317) Failed to load object from /opt/kaldi/egs/disfluent-speech-to-text/augmented-data-big/78/78-368-0002.wav
ERROR (compute-mfcc-feats[5.5.0~1-40c7]:Read():wave-reader.cc:190) WaveData: can read only PCM data, format id in file is: 3

[ Stack-Trace: ]
/opt/kaldi/src/lib/libkaldi-base.so(kaldi::MessageLogger::LogMessage() const+0xa71) [0x7f2e92e1b50f]
compute-mfcc-feats(kaldi::MessageLogger::LogAndThrow::operator=(kaldi::MessageLogger const&)+0x11) [0x556a57905343]
/opt/kaldi/src/lib/libkaldi-feat.so(kaldi::WaveInfo::Read(std::istream&)+0x12d3) [0x7f2e93be1449]
/opt/kaldi/src/lib/libkaldi-feat.so(kaldi::WaveData::Read(std::istream&)+0x4a) [0x7f2e93be2262]
compute-mfcc-feats(kaldi::WaveHolder::Read(std::istream&)+0xd) [0x556a5790b0e9]
compute-mfcc-feats(kaldi::SequentialTableReaderScriptImpl<kaldi::WaveHolder>::EnsureObjectLoaded()+0x161) [0x556a5791227f]
compute-mfcc-feats(kaldi::SequentialTableReaderScriptImpl<kaldi::WaveHolder>::Next()+0x27) [0x556a57912b67]
compute-mfcc-feats(kaldi::SequentialTableReaderScriptImpl<kaldi::WaveHolder>::Open(std::__cxx11::basic_string<char, std::char_traits<char>, std::allocator<char> > const&)+0x29d) [0x556a57908361]
compute-mfcc-feats(kaldi::SequentialTableReader<kaldi::WaveHolder>::Open(std::__cxx11::basic_string<char, std::char_traits<char>, std::allocator<char> > const&)+0x1ed) [0x556a5790b843]
compute-mfcc-feats(kaldi::SequentialTableReader<kaldi::WaveHolder>::SequentialTableReader(std::__cxx11::basic_string<char, std::char_traits<char>, std::allocator<char> > const&)+0x3e) [0x556a5790bb54]
compute-mfcc-feats(main+0x824) [0x556a579026a4]
/lib/x86_64-linux-gnu/libc.so.6(__libc_start_main+0xf1) [0x7f2e8b5f22e1]
compute-mfcc-feats(_start+0x2a) [0x556a57901d7a]

WARNING (compute-mfcc-feats[5.5.0~1-40c7]:Read():feat/wave-reader.h:197) Exception caught in WaveHolder::Read(). kaldi::KaldiFatalError
WARNING (compute-mfcc-feats[5.5.0~1-40c7]:EnsureObjectLoaded():util/kaldi-table-inl.h:317) Failed to load object from /opt/kaldi/egs/disfluent-speech-to-text/augmented-data-big/78/78-368-0003.wav
ERROR (compute-mfcc-feats[5.5.0~1-40c7]:Read():wave-reader.cc:190) WaveData: can read only PCM data, format id in file is: 3

[ Stack-Trace: ]
/opt/kaldi/src/lib/libkaldi-base.so(kaldi::MessageLogger::LogMessage() const+0xa71) [0x7f2e92e1b50f]
compute-mfcc-feats(kaldi::MessageLogger::LogAndThrow::operator=(kaldi::MessageLogger const&)+0x11) [0x556a57905343]
/opt/kaldi/src/lib/libkaldi-feat.so(kaldi::WaveInfo::Read(std::istream&)+0x12d3) [0x7f2e93be1449]
/opt/kaldi/src/lib/libkaldi-feat.so(kaldi::WaveData::Read(std::istream&)+0x4a) [0x7f2e93be2262]
compute-mfcc-feats(kaldi::WaveHolder::Read(std::istream&)+0xd) [0x556a5790b0e9]
compute-mfcc-feats(kaldi::SequentialTableReaderScriptImpl<kaldi::WaveHolder>::EnsureObjectLoaded()+0x161) [0x556a5791227f]
compute-mfcc-feats(kaldi::SequentialTableReaderScriptImpl<kaldi::WaveHolder>::Next()+0x27) [0x556a57912b67]
compute-mfcc-feats(kaldi::SequentialTableReaderScriptImpl<kaldi::WaveHolder>::Open(std::__cxx11::basic_string<char, std::char_traits<char>, std::allocator<char> > const&)+0x29d) [0x556a57908361]
compute-mfcc-feats(kaldi::SequentialTableReader<kaldi::WaveHolder>::Open(std::__cxx11::basic_string<char, std::char_traits<char>, std::allocator<char> > const&)+0x1ed) [0x556a5790b843]
compute-mfcc-feats(kaldi::SequentialTableReader<kaldi::WaveHolder>::SequentialTableReader(std::__cxx11::basic_string<char, std::char_traits<char>, std::allocator<char> > const&)+0x3e) [0x556a5790bb54]
compute-mfcc-feats(main+0x824) [0x556a579026a4]
/lib/x86_64-linux-gnu/libc.so.6(__libc_start_main+0xf1) [0x7f2e8b5f22e1]
compute-mfcc-feats(_start+0x2a) [0x556a57901d7a]

WARNING (compute-mfcc-feats[5.5.0~1-40c7]:Read():feat/wave-reader.h:197) Exception caught in WaveHolder::Read(). kaldi::KaldiFatalError
WARNING (compute-mfcc-feats[5.5.0~1-40c7]:EnsureObjectLoaded():util/kaldi-table-inl.h:317) Failed to load object from /opt/kaldi/egs/disfluent-speech-to-text/augmented-data-big/78/78-368-0004.wav
ERROR (compute-mfcc-feats[5.5.0~1-40c7]:Read():wave-reader.cc:190) WaveData: can read only PCM data, format id in file is: 3

[ Stack-Trace: ]
/opt/kaldi/src/lib/libkaldi-base.so(kaldi::MessageLogger::LogMessage() const+0xa71) [0x7f2e92e1b50f]
compute-mfcc-feats(kaldi::MessageLogger::LogAndThrow::operator=(kaldi::MessageLogger const&)+0x11) [0x556a57905343]
/opt/kaldi/src/lib/libkaldi-feat.so(kaldi::WaveInfo::Read(std::istream&)+0x12d3) [0x7f2e93be1449]
/opt/kaldi/src/lib/libkaldi-feat.so(kaldi::WaveData::Read(std::istream&)+0x4a) [0x7f2e93be2262]
compute-mfcc-feats(kaldi::WaveHolder::Read(std::istream&)+0xd) [0x556a5790b0e9]
compute-mfcc-feats(kaldi::SequentialTableReaderScriptImpl<kaldi::WaveHolder>::EnsureObjectLoaded()+0x161) [0x556a5791227f]
compute-mfcc-feats(kaldi::SequentialTableReaderScriptImpl<kaldi::WaveHolder>::Next()+0x27) [0x556a57912b67]
compute-mfcc-feats(kaldi::SequentialTableReaderScriptImpl<kaldi::WaveHolder>::Open(std::__cxx11::basic_string<char, std::char_traits<char>, std::allocator<char> > const&)+0x29d) [0x556a57908361]
compute-mfcc-feats(kaldi::SequentialTableReader<kaldi::WaveHolder>::Open(std::__cxx11::basic_string<char, std::char_traits<char>, std::allocator<char> > const&)+0x1ed) [0x556a5790b843]
compute-mfcc-feats(kaldi::SequentialTableReader<kaldi::WaveHolder>::SequentialTableReader(std::__cxx11::basic_string<char, std::char_traits<char>, std::allocator<char> > const&)+0x3e) [0x556a5790bb54]
compute-mfcc-feats(main+0x824) [0x556a579026a4]
/lib/x86_64-linux-gnu/libc.so.6(__libc_start_main+0xf1) [0x7f2e8b5f22e1]
compute-mfcc-feats(_start+0x2a) [0x556a57901d7a]

WARNING (compute-mfcc-feats[5.5.0~1-40c7]:Read():feat/wave-reader.h:197) Exception caught in WaveHolder::Read(). kaldi::KaldiFatalError
WARNING (compute-mfcc-feats[5.5.0~1-40c7]:EnsureObjectLoaded():util/kaldi-table-inl.h:317) Failed to load object from /opt/kaldi/egs/disfluent-speech-to-text/augmented-data-big/78/78-368-0005.wav
ERROR (compute-mfcc-feats[5.5.0~1-40c7]:Read():wave-reader.cc:190) WaveData: can read only PCM data, format id in file is: 3

[ Stack-Trace: ]
/opt/kaldi/src/lib/libkaldi-base.so(kaldi::MessageLogger::LogMessage() const+0xa71) [0x7f2e92e1b50f]
compute-mfcc-feats(kaldi::MessageLogger::LogAndThrow::operator=(kaldi::MessageLogger const&)+0x11) [0x556a57905343]
/opt/kaldi/src/lib/libkaldi-feat.so(kaldi::WaveInfo::Read(std::istream&)+0x12d3) [0x7f2e93be1449]
/opt/kaldi/src/lib/libkaldi-feat.so(kaldi::WaveData::Read(std::istream&)+0x4a) [0x7f2e93be2262]
compute-mfcc-feats(kaldi::WaveHolder::Read(std::istream&)+0xd) [0x556a5790b0e9]
compute-mfcc-feats(kaldi::SequentialTableReaderScriptImpl<kaldi::WaveHolder>::EnsureObjectLoaded()+0x161) [0x556a5791227f]
compute-mfcc-feats(kaldi::SequentialTableReaderScriptImpl<kaldi::WaveHolder>::Next()+0x27) [0x556a57912b67]
compute-mfcc-feats(kaldi::SequentialTableReaderScriptImpl<kaldi::WaveHolder>::Open(std::__cxx11::basic_string<char, std::char_traits<char>, std::allocator<char> > const&)+0x29d) [0x556a57908361]
compute-mfcc-feats(kaldi::SequentialTableReader<kaldi::WaveHolder>::Open(std::__cxx11::basic_string<char, std::char_traits<char>, std::allocator<char> > const&)+0x1ed) [0x556a5790b843]
compute-mfcc-feats(kaldi::SequentialTableReader<kaldi::WaveHolder>::SequentialTableReader(std::__cxx11::basic_string<char, std::char_traits<char>, std::allocator<char> > const&)+0x3e) [0x556a5790bb54]
compute-mfcc-feats(main+0x824) [0x556a579026a4]
/lib/x86_64-linux-gnu/libc.so.6(__libc_start_main+0xf1) [0x7f2e8b5f22e1]
compute-mfcc-feats(_start+0x2a) [0x556a57901d7a]

WARNING (compute-mfcc-feats[5.5.0~1-40c7]:Read():feat/wave-reader.h:197) Exception caught in WaveHolder::Read(). kaldi::KaldiFatalError
WARNING (compute-mfcc-feats[5.5.0~1-40c7]:EnsureObjectLoaded():util/kaldi-table-inl.h:317) Failed to load object from /opt/kaldi/egs/disfluent-speech-to-text/augmented-data-big/78/78-368-0006.wav
ERROR (compute-mfcc-feats[5.5.0~1-40c7]:Read():wave-reader.cc:190) WaveData: can read only PCM data, format id in file is: 3

[ Stack-Trace: ]
/opt/kaldi/src/lib/libkaldi-base.so(kaldi::MessageLogger::LogMessage() const+0xa71) [0x7f2e92e1b50f]
compute-mfcc-feats(kaldi::MessageLogger::LogAndThrow::operator=(kaldi::MessageLogger const&)+0x11) [0x556a57905343]
/opt/kaldi/src/lib/libkaldi-feat.so(kaldi::WaveInfo::Read(std::istream&)+0x12d3) [0x7f2e93be1449]
/opt/kaldi/src/lib/libkaldi-feat.so(kaldi::WaveData::Read(std::istream&)+0x4a) [0x7f2e93be2262]
compute-mfcc-feats(kaldi::WaveHolder::Read(std::istream&)+0xd) [0x556a5790b0e9]
compute-mfcc-feats(kaldi::SequentialTableReaderScriptImpl<kaldi::WaveHolder>::EnsureObjectLoaded()+0x161) [0x556a5791227f]
compute-mfcc-feats(kaldi::SequentialTableReaderScriptImpl<kaldi::WaveHolder>::Next()+0x27) [0x556a57912b67]
compute-mfcc-feats(kaldi::SequentialTableReaderScriptImpl<kaldi::WaveHolder>::Open(std::__cxx11::basic_string<char, std::char_traits<char>, std::allocator<char> > const&)+0x29d) [0x556a57908361]
compute-mfcc-feats(kaldi::SequentialTableReader<kaldi::WaveHolder>::Open(std::__cxx11::basic_string<char, std::char_traits<char>, std::allocator<char> > const&)+0x1ed) [0x556a5790b843]
compute-mfcc-feats(kaldi::SequentialTableReader<kaldi::WaveHolder>::SequentialTableReader(std::__cxx11::basic_string<char, std::char_traits<char>, std::allocator<char> > const&)+0x3e) [0x556a5790bb54]
compute-mfcc-feats(main+0x824) [0x556a579026a4]
/lib/x86_64-linux-gnu/libc.so.6(__libc_start_main+0xf1) [0x7f2e8b5f22e1]
compute-mfcc-feats(_start+0x2a) [0x556a57901d7a]

WARNING (compute-mfcc-feats[5.5.0~1-40c7]:Read():feat/wave-reader.h:197) Exception caught in WaveHolder::Read(). kaldi::KaldiFatalError
WARNING (compute-mfcc-feats[5.5.0~1-40c7]:EnsureObjectLoaded():util/kaldi-table-inl.h:317) Failed to load object from /opt/kaldi/egs/disfluent-speech-to-text/augmented-data-big/78/78-368-0007.wav
ERROR (compute-mfcc-feats[5.5.0~1-40c7]:Read():wave-reader.cc:190) WaveData: can read only PCM data, format id in file is: 3

[ Stack-Trace: ]
/opt/kaldi/src/lib/libkaldi-base.so(kaldi::MessageLogger::LogMessage() const+0xa71) [0x7f2e92e1b50f]
compute-mfcc-feats(kaldi::MessageLogger::LogAndThrow::operator=(kaldi::MessageLogger const&)+0x11) [0x556a57905343]
/opt/kaldi/src/lib/libkaldi-feat.so(kaldi::WaveInfo::Read(std::istream&)+0x12d3) [0x7f2e93be1449]
/opt/kaldi/src/lib/libkaldi-feat.so(kaldi::WaveData::Read(std::istream&)+0x4a) [0x7f2e93be2262]
compute-mfcc-feats(kaldi::WaveHolder::Read(std::istream&)+0xd) [0x556a5790b0e9]
compute-mfcc-feats(kaldi::SequentialTableReaderScriptImpl<kaldi::WaveHolder>::EnsureObjectLoaded()+0x161) [0x556a5791227f]
compute-mfcc-feats(kaldi::SequentialTableReaderScriptImpl<kaldi::WaveHolder>::Next()+0x27) [0x556a57912b67]
compute-mfcc-feats(kaldi::SequentialTableReaderScriptImpl<kaldi::WaveHolder>::Open(std::__cxx11::basic_string<char, std::char_traits<char>, std::allocator<char> > const&)+0x29d) [0x556a57908361]
compute-mfcc-feats(kaldi::SequentialTableReader<kaldi::WaveHolder>::Open(std::__cxx11::basic_string<char, std::char_traits<char>, std::allocator<char> > const&)+0x1ed) [0x556a5790b843]
compute-mfcc-feats(kaldi::SequentialTableReader<kaldi::WaveHolder>::SequentialTableReader(std::__cxx11::basic_string<char, std::char_traits<char>, std::allocator<char> > const&)+0x3e) [0x556a5790bb54]
compute-mfcc-feats(main+0x824) [0x556a579026a4]
/lib/x86_64-linux-gnu/libc.so.6(__libc_start_main+0xf1) [0x7f2e8b5f22e1]
compute-mfcc-feats(_start+0x2a) [0x556a57901d7a]

WARNING (compute-mfcc-feats[5.5.0~1-40c7]:Read():feat/wave-reader.h:197) Exception caught in WaveHolder::Read(). kaldi::KaldiFatalError
WARNING (compute-mfcc-feats[5.5.0~1-40c7]:EnsureObjectLoaded():util/kaldi-table-inl.h:317) Failed to load object from /opt/kaldi/egs/disfluent-speech-to-text/augmented-data-big/78/78-368-0008.wav
ERROR (compute-mfcc-feats[5.5.0~1-40c7]:Read():wave-reader.cc:190) WaveData: can read only PCM data, format id in file is: 3

[ Stack-Trace: ]
/opt/kaldi/src/lib/libkaldi-base.so(kaldi::MessageLogger::LogMessage() const+0xa71) [0x7f2e92e1b50f]
compute-mfcc-feats(kaldi::MessageLogger::LogAndThrow::operator=(kaldi::MessageLogger const&)+0x11) [0x556a57905343]
/opt/kaldi/src/lib/libkaldi-feat.so(kaldi::WaveInfo::Read(std::istream&)+0x12d3) [0x7f2e93be1449]
/opt/kaldi/src/lib/libkaldi-feat.so(kaldi::WaveData::Read(std::istream&)+0x4a) [0x7f2e93be2262]
compute-mfcc-feats(kaldi::WaveHolder::Read(std::istream&)+0xd) [0x556a5790b0e9]
compute-mfcc-feats(kaldi::SequentialTableReaderScriptImpl<kaldi::WaveHolder>::EnsureObjectLoaded()+0x161) [0x556a5791227f]
compute-mfcc-feats(kaldi::SequentialTableReaderScriptImpl<kaldi::WaveHolder>::Next()+0x27) [0x556a57912b67]
compute-mfcc-feats(kaldi::SequentialTableReaderScriptImpl<kaldi::WaveHolder>::Open(std::__cxx11::basic_string<char, std::char_traits<char>, std::allocator<char> > const&)+0x29d) [0x556a57908361]
compute-mfcc-feats(kaldi::SequentialTableReader<kaldi::WaveHolder>::Open(std::__cxx11::basic_string<char, std::char_traits<char>, std::allocator<char> > const&)+0x1ed) [0x556a5790b843]
compute-mfcc-feats(kaldi::SequentialTableReader<kaldi::WaveHolder>::SequentialTableReader(std::__cxx11::basic_string<char, std::char_traits<char>, std::allocator<char> > const&)+0x3e) [0x556a5790bb54]
compute-mfcc-feats(main+0x824) [0x556a579026a4]
/lib/x86_64-linux-gnu/libc.so.6(__libc_start_main+0xf1) [0x7f2e8b5f22e1]
compute-mfcc-feats(_start+0x2a) [0x556a57901d7a]

WARNING (compute-mfcc-feats[5.5.0~1-40c7]:Read():feat/wave-reader.h:197) Exception caught in WaveHolder::Read(). kaldi::KaldiFatalError
WARNING (compute-mfcc-feats[5.5.0~1-40c7]:EnsureObjectLoaded():util/kaldi-table-inl.h:317) Failed to load object from /opt/kaldi/egs/disfluent-speech-to-text/augmented-data-big/78/78-368-0009.wav
ERROR (compute-mfcc-feats[5.5.0~1-40c7]:Read():wave-reader.cc:190) WaveData: can read only PCM data, format id in file is: 3

[ Stack-Trace: ]
/opt/kaldi/src/lib/libkaldi-base.so(kaldi::MessageLogger::LogMessage() const+0xa71) [0x7f2e92e1b50f]
compute-mfcc-feats(kaldi::MessageLogger::LogAndThrow::operator=(kaldi::MessageLogger const&)+0x11) [0x556a57905343]
/opt/kaldi/src/lib/libkaldi-feat.so(kaldi::WaveInfo::Read(std::istream&)+0x12d3) [0x7f2e93be1449]
/opt/kaldi/src/lib/libkaldi-feat.so(kaldi::WaveData::Read(std::istream&)+0x4a) [0x7f2e93be2262]
compute-mfcc-feats(kaldi::WaveHolder::Read(std::istream&)+0xd) [0x556a5790b0e9]
compute-mfcc-feats(kaldi::SequentialTableReaderScriptImpl<kaldi::WaveHolder>::EnsureObjectLoaded()+0x161) [0x556a5791227f]
compute-mfcc-feats(kaldi::SequentialTableReaderScriptImpl<kaldi::WaveHolder>::Next()+0x27) [0x556a57912b67]
compute-mfcc-feats(kaldi::SequentialTableReaderScriptImpl<kaldi::WaveHolder>::Open(std::__cxx11::basic_string<char, std::char_traits<char>, std::allocator<char> > const&)+0x29d) [0x556a57908361]
compute-mfcc-feats(kaldi::SequentialTableReader<kaldi::WaveHolder>::Open(std::__cxx11::basic_string<char, std::char_traits<char>, std::allocator<char> > const&)+0x1ed) [0x556a5790b843]
compute-mfcc-feats(kaldi::SequentialTableReader<kaldi::WaveHolder>::SequentialTableReader(std::__cxx11::basic_string<char, std::char_traits<char>, std::allocator<char> > const&)+0x3e) [0x556a5790bb54]
compute-mfcc-feats(main+0x824) [0x556a579026a4]
/lib/x86_64-linux-gnu/libc.so.6(__libc_start_main+0xf1) [0x7f2e8b5f22e1]
compute-mfcc-feats(_start+0x2a) [0x556a57901d7a]

WARNING (compute-mfcc-feats[5.5.0~1-40c7]:Read():feat/wave-reader.h:197) Exception caught in WaveHolder::Read(). kaldi::KaldiFatalError
WARNING (compute-mfcc-feats[5.5.0~1-40c7]:EnsureObjectLoaded():util/kaldi-table-inl.h:317) Failed to load object from /opt/kaldi/egs/disfluent-speech-to-text/augmented-data-big/78/78-368-0010.wav
ERROR (compute-mfcc-feats[5.5.0~1-40c7]:Read():wave-reader.cc:190) WaveData: can read only PCM data, format id in file is: 3

[ Stack-Trace: ]
/opt/kaldi/src/lib/libkaldi-base.so(kaldi::MessageLogger::LogMessage() const+0xa71) [0x7f2e92e1b50f]
compute-mfcc-feats(kaldi::MessageLogger::LogAndThrow::operator=(kaldi::MessageLogger const&)+0x11) [0x556a57905343]
/opt/kaldi/src/lib/libkaldi-feat.so(kaldi::WaveInfo::Read(std::istream&)+0x12d3) [0x7f2e93be1449]
/opt/kaldi/src/lib/libkaldi-feat.so(kaldi::WaveData::Read(std::istream&)+0x4a) [0x7f2e93be2262]
compute-mfcc-feats(kaldi::WaveHolder::Read(std::istream&)+0xd) [0x556a5790b0e9]
compute-mfcc-feats(kaldi::SequentialTableReaderScriptImpl<kaldi::WaveHolder>::EnsureObjectLoaded()+0x161) [0x556a5791227f]
compute-mfcc-feats(kaldi::SequentialTableReaderScriptImpl<kaldi::WaveHolder>::Next()+0x27) [0x556a57912b67]
compute-mfcc-feats(kaldi::SequentialTableReaderScriptImpl<kaldi::WaveHolder>::Open(std::__cxx11::basic_string<char, std::char_traits<char>, std::allocator<char> > const&)+0x29d) [0x556a57908361]
compute-mfcc-feats(kaldi::SequentialTableReader<kaldi::WaveHolder>::Open(std::__cxx11::basic_string<char, std::char_traits<char>, std::allocator<char> > const&)+0x1ed) [0x556a5790b843]
compute-mfcc-feats(kaldi::SequentialTableReader<kaldi::WaveHolder>::SequentialTableReader(std::__cxx11::basic_string<char, std::char_traits<char>, std::allocator<char> > const&)+0x3e) [0x556a5790bb54]
compute-mfcc-feats(main+0x824) [0x556a579026a4]
/lib/x86_64-linux-gnu/libc.so.6(__libc_start_main+0xf1) [0x7f2e8b5f22e1]
compute-mfcc-feats(_start+0x2a) [0x556a57901d7a]

WARNING (compute-mfcc-feats[5.5.0~1-40c7]:Read():feat/wave-reader.h:197) Exception caught in WaveHolder::Read(). kaldi::KaldiFatalError
WARNING (compute-mfcc-feats[5.5.0~1-40c7]:EnsureObjectLoaded():util/kaldi-table-inl.h:317) Failed to load object from /opt/kaldi/egs/disfluent-speech-to-text/augmented-data-big/78/78-368-0011.wav
ERROR (compute-mfcc-feats[5.5.0~1-40c7]:Read():wave-reader.cc:190) WaveData: can read only PCM data, format id in file is: 3

[ Stack-Trace: ]
/opt/kaldi/src/lib/libkaldi-base.so(kaldi::MessageLogger::LogMessage() const+0xa71) [0x7f2e92e1b50f]
compute-mfcc-feats(kaldi::MessageLogger::LogAndThrow::operator=(kaldi::MessageLogger const&)+0x11) [0x556a57905343]
/opt/kaldi/src/lib/libkaldi-feat.so(kaldi::WaveInfo::Read(std::istream&)+0x12d3) [0x7f2e93be1449]
/opt/kaldi/src/lib/libkaldi-feat.so(kaldi::WaveData::Read(std::istream&)+0x4a) [0x7f2e93be2262]
compute-mfcc-feats(kaldi::WaveHolder::Read(std::istream&)+0xd) [0x556a5790b0e9]
compute-mfcc-feats(kaldi::SequentialTableReaderScriptImpl<kaldi::WaveHolder>::EnsureObjectLoaded()+0x161) [0x556a5791227f]
compute-mfcc-feats(kaldi::SequentialTableReaderScriptImpl<kaldi::WaveHolder>::Next()+0x27) [0x556a57912b67]
compute-mfcc-feats(kaldi::SequentialTableReaderScriptImpl<kaldi::WaveHolder>::Open(std::__cxx11::basic_string<char, std::char_traits<char>, std::allocator<char> > const&)+0x29d) [0x556a57908361]
compute-mfcc-feats(kaldi::SequentialTableReader<kaldi::WaveHolder>::Open(std::__cxx11::basic_string<char, std::char_traits<char>, std::allocator<char> > const&)+0x1ed) [0x556a5790b843]
compute-mfcc-feats(kaldi::SequentialTableReader<kaldi::WaveHolder>::SequentialTableReader(std::__cxx11::basic_string<char, std::char_traits<char>, std::allocator<char> > const&)+0x3e) [0x556a5790bb54]
compute-mfcc-feats(main+0x824) [0x556a579026a4]
/lib/x86_64-linux-gnu/libc.so.6(__libc_start_main+0xf1) [0x7f2e8b5f22e1]
compute-mfcc-feats(_start+0x2a) [0x556a57901d7a]

WARNING (compute-mfcc-feats[5.5.0~1-40c7]:Read():feat/wave-reader.h:197) Exception caught in WaveHolder::Read(). kaldi::KaldiFatalError
WARNING (compute-mfcc-feats[5.5.0~1-40c7]:EnsureObjectLoaded():util/kaldi-table-inl.h:317) Failed to load object from /opt/kaldi/egs/disfluent-speech-to-text/augmented-data-big/78/78-368-0012.wav
LOG (compute-mfcc-feats[5.5.0~1-40c7]:main():compute-mfcc-feats.cc:185)  Done 0 out of 0 utterances.
LOG (copy-feats[5.5.0~1-40c7]:main():copy-feats.cc:143) Copied 0 feature matrices.
# Accounting: time=0 threads=1
# Ended (code 1) at Mon Dec  7 03:24:36 UTC 2020, elapsed time 0 seconds
