# compute-mfcc-feats --write-utt2dur=ark,t:exp/make_mfcc/data/alignme/utt2dur.3 --verbose=2 --config=conf/mfcc.conf scp,p:exp/make_mfcc/data/alignme/wav_alignme.3.scp ark:- | copy-feats --write-num-frames=ark,t:exp/make_mfcc/data/alignme/utt2num_frames.3 --compress=true ark:- ark,scp:/opt/kaldi/egs/disfluent-speech-to-text/mfcc/raw_mfcc_alignme.3.ark,/opt/kaldi/egs/disfluent-speech-to-text/mfcc/raw_mfcc_alignme.3.scp 
# Started at Mon Dec  7 03:24:36 UTC 2020
#
compute-mfcc-feats --write-utt2dur=ark,t:exp/make_mfcc/data/alignme/utt2dur.3 --verbose=2 --config=conf/mfcc.conf scp,p:exp/make_mfcc/data/alignme/wav_alignme.3.scp ark:- 
copy-feats --write-num-frames=ark,t:exp/make_mfcc/data/alignme/utt2num_frames.3 --compress=true ark:- ark,scp:/opt/kaldi/egs/disfluent-speech-to-text/mfcc/raw_mfcc_alignme.3.ark,/opt/kaldi/egs/disfluent-speech-to-text/mfcc/raw_mfcc_alignme.3.scp 
ERROR (compute-mfcc-feats[5.5.0~1-40c7]:Read():wave-reader.cc:190) WaveData: can read only PCM data, format id in file is: 3

[ Stack-Trace: ]
/opt/kaldi/src/lib/libkaldi-base.so(kaldi::MessageLogger::LogMessage() const+0xa71) [0x7f74638a750f]
compute-mfcc-feats(kaldi::MessageLogger::LogAndThrow::operator=(kaldi::MessageLogger const&)+0x11) [0x562176cc9343]
/opt/kaldi/src/lib/libkaldi-feat.so(kaldi::WaveInfo::Read(std::istream&)+0x12d3) [0x7f746466d449]
/opt/kaldi/src/lib/libkaldi-feat.so(kaldi::WaveData::Read(std::istream&)+0x4a) [0x7f746466e262]
compute-mfcc-feats(kaldi::WaveHolder::Read(std::istream&)+0xd) [0x562176ccf0e9]
compute-mfcc-feats(kaldi::SequentialTableReaderScriptImpl<kaldi::WaveHolder>::EnsureObjectLoaded()+0x161) [0x562176cd627f]
compute-mfcc-feats(kaldi::SequentialTableReaderScriptImpl<kaldi::WaveHolder>::Next()+0x27) [0x562176cd6b67]
compute-mfcc-feats(kaldi::SequentialTableReaderScriptImpl<kaldi::WaveHolder>::Open(std::__cxx11::basic_string<char, std::char_traits<char>, std::allocator<char> > const&)+0x29d) [0x562176ccc361]
compute-mfcc-feats(kaldi::SequentialTableReader<kaldi::WaveHolder>::Open(std::__cxx11::basic_string<char, std::char_traits<char>, std::allocator<char> > const&)+0x1ed) [0x562176ccf843]
compute-mfcc-feats(kaldi::SequentialTableReader<kaldi::WaveHolder>::SequentialTableReader(std::__cxx11::basic_string<char, std::char_traits<char>, std::allocator<char> > const&)+0x3e) [0x562176ccfb54]
compute-mfcc-feats(main+0x824) [0x562176cc66a4]
/lib/x86_64-linux-gnu/libc.so.6(__libc_start_main+0xf1) [0x7f745c07e2e1]
compute-mfcc-feats(_start+0x2a) [0x562176cc5d7a]

WARNING (compute-mfcc-feats[5.5.0~1-40c7]:Read():feat/wave-reader.h:197) Exception caught in WaveHolder::Read(). kaldi::KaldiFatalError
WARNING (compute-mfcc-feats[5.5.0~1-40c7]:EnsureObjectLoaded():util/kaldi-table-inl.h:317) Failed to load object from /opt/kaldi/egs/disfluent-speech-to-text/augmented-data-big/248/248-130652-0007.wav
ERROR (compute-mfcc-feats[5.5.0~1-40c7]:Read():wave-reader.cc:190) WaveData: can read only PCM data, format id in file is: 3

[ Stack-Trace: ]
/opt/kaldi/src/lib/libkaldi-base.so(kaldi::MessageLogger::LogMessage() const+0xa71) [0x7f74638a750f]
compute-mfcc-feats(kaldi::MessageLogger::LogAndThrow::operator=(kaldi::MessageLogger const&)+0x11) [0x562176cc9343]
/opt/kaldi/src/lib/libkaldi-feat.so(kaldi::WaveInfo::Read(std::istream&)+0x12d3) [0x7f746466d449]
/opt/kaldi/src/lib/libkaldi-feat.so(kaldi::WaveData::Read(std::istream&)+0x4a) [0x7f746466e262]
compute-mfcc-feats(kaldi::WaveHolder::Read(std::istream&)+0xd) [0x562176ccf0e9]
compute-mfcc-feats(kaldi::SequentialTableReaderScriptImpl<kaldi::WaveHolder>::EnsureObjectLoaded()+0x161) [0x562176cd627f]
compute-mfcc-feats(kaldi::SequentialTableReaderScriptImpl<kaldi::WaveHolder>::Next()+0x27) [0x562176cd6b67]
compute-mfcc-feats(kaldi::SequentialTableReaderScriptImpl<kaldi::WaveHolder>::Open(std::__cxx11::basic_string<char, std::char_traits<char>, std::allocator<char> > const&)+0x29d) [0x562176ccc361]
compute-mfcc-feats(kaldi::SequentialTableReader<kaldi::WaveHolder>::Open(std::__cxx11::basic_string<char, std::char_traits<char>, std::allocator<char> > const&)+0x1ed) [0x562176ccf843]
compute-mfcc-feats(kaldi::SequentialTableReader<kaldi::WaveHolder>::SequentialTableReader(std::__cxx11::basic_string<char, std::char_traits<char>, std::allocator<char> > const&)+0x3e) [0x562176ccfb54]
compute-mfcc-feats(main+0x824) [0x562176cc66a4]
/lib/x86_64-linux-gnu/libc.so.6(__libc_start_main+0xf1) [0x7f745c07e2e1]
compute-mfcc-feats(_start+0x2a) [0x562176cc5d7a]

WARNING (compute-mfcc-feats[5.5.0~1-40c7]:Read():feat/wave-reader.h:197) Exception caught in WaveHolder::Read(). kaldi::KaldiFatalError
WARNING (compute-mfcc-feats[5.5.0~1-40c7]:EnsureObjectLoaded():util/kaldi-table-inl.h:317) Failed to load object from /opt/kaldi/egs/disfluent-speech-to-text/augmented-data-big/248/248-130652-0008.wav
ERROR (compute-mfcc-feats[5.5.0~1-40c7]:Read():wave-reader.cc:190) WaveData: can read only PCM data, format id in file is: 3

[ Stack-Trace: ]
/opt/kaldi/src/lib/libkaldi-base.so(kaldi::MessageLogger::LogMessage() const+0xa71) [0x7f74638a750f]
compute-mfcc-feats(kaldi::MessageLogger::LogAndThrow::operator=(kaldi::MessageLogger const&)+0x11) [0x562176cc9343]
/opt/kaldi/src/lib/libkaldi-feat.so(kaldi::WaveInfo::Read(std::istream&)+0x12d3) [0x7f746466d449]
/opt/kaldi/src/lib/libkaldi-feat.so(kaldi::WaveData::Read(std::istream&)+0x4a) [0x7f746466e262]
compute-mfcc-feats(kaldi::WaveHolder::Read(std::istream&)+0xd) [0x562176ccf0e9]
compute-mfcc-feats(kaldi::SequentialTableReaderScriptImpl<kaldi::WaveHolder>::EnsureObjectLoaded()+0x161) [0x562176cd627f]
compute-mfcc-feats(kaldi::SequentialTableReaderScriptImpl<kaldi::WaveHolder>::Next()+0x27) [0x562176cd6b67]
compute-mfcc-feats(kaldi::SequentialTableReaderScriptImpl<kaldi::WaveHolder>::Open(std::__cxx11::basic_string<char, std::char_traits<char>, std::allocator<char> > const&)+0x29d) [0x562176ccc361]
compute-mfcc-feats(kaldi::SequentialTableReader<kaldi::WaveHolder>::Open(std::__cxx11::basic_string<char, std::char_traits<char>, std::allocator<char> > const&)+0x1ed) [0x562176ccf843]
compute-mfcc-feats(kaldi::SequentialTableReader<kaldi::WaveHolder>::SequentialTableReader(std::__cxx11::basic_string<char, std::char_traits<char>, std::allocator<char> > const&)+0x3e) [0x562176ccfb54]
compute-mfcc-feats(main+0x824) [0x562176cc66a4]
/lib/x86_64-linux-gnu/libc.so.6(__libc_start_main+0xf1) [0x7f745c07e2e1]
compute-mfcc-feats(_start+0x2a) [0x562176cc5d7a]

WARNING (compute-mfcc-feats[5.5.0~1-40c7]:Read():feat/wave-reader.h:197) Exception caught in WaveHolder::Read(). kaldi::KaldiFatalError
WARNING (compute-mfcc-feats[5.5.0~1-40c7]:EnsureObjectLoaded():util/kaldi-table-inl.h:317) Failed to load object from /opt/kaldi/egs/disfluent-speech-to-text/augmented-data-big/248/248-130652-0009.wav
ERROR (compute-mfcc-feats[5.5.0~1-40c7]:Read():wave-reader.cc:190) WaveData: can read only PCM data, format id in file is: 3

[ Stack-Trace: ]
/opt/kaldi/src/lib/libkaldi-base.so(kaldi::MessageLogger::LogMessage() const+0xa71) [0x7f74638a750f]
compute-mfcc-feats(kaldi::MessageLogger::LogAndThrow::operator=(kaldi::MessageLogger const&)+0x11) [0x562176cc9343]
/opt/kaldi/src/lib/libkaldi-feat.so(kaldi::WaveInfo::Read(std::istream&)+0x12d3) [0x7f746466d449]
/opt/kaldi/src/lib/libkaldi-feat.so(kaldi::WaveData::Read(std::istream&)+0x4a) [0x7f746466e262]
compute-mfcc-feats(kaldi::WaveHolder::Read(std::istream&)+0xd) [0x562176ccf0e9]
compute-mfcc-feats(kaldi::SequentialTableReaderScriptImpl<kaldi::WaveHolder>::EnsureObjectLoaded()+0x161) [0x562176cd627f]
compute-mfcc-feats(kaldi::SequentialTableReaderScriptImpl<kaldi::WaveHolder>::Next()+0x27) [0x562176cd6b67]
compute-mfcc-feats(kaldi::SequentialTableReaderScriptImpl<kaldi::WaveHolder>::Open(std::__cxx11::basic_string<char, std::char_traits<char>, std::allocator<char> > const&)+0x29d) [0x562176ccc361]
compute-mfcc-feats(kaldi::SequentialTableReader<kaldi::WaveHolder>::Open(std::__cxx11::basic_string<char, std::char_traits<char>, std::allocator<char> > const&)+0x1ed) [0x562176ccf843]
compute-mfcc-feats(kaldi::SequentialTableReader<kaldi::WaveHolder>::SequentialTableReader(std::__cxx11::basic_string<char, std::char_traits<char>, std::allocator<char> > const&)+0x3e) [0x562176ccfb54]
compute-mfcc-feats(main+0x824) [0x562176cc66a4]
/lib/x86_64-linux-gnu/libc.so.6(__libc_start_main+0xf1) [0x7f745c07e2e1]
compute-mfcc-feats(_start+0x2a) [0x562176cc5d7a]

WARNING (compute-mfcc-feats[5.5.0~1-40c7]:Read():feat/wave-reader.h:197) Exception caught in WaveHolder::Read(). kaldi::KaldiFatalError
WARNING (compute-mfcc-feats[5.5.0~1-40c7]:EnsureObjectLoaded():util/kaldi-table-inl.h:317) Failed to load object from /opt/kaldi/egs/disfluent-speech-to-text/augmented-data-big/248/248-130652-0010.wav
ERROR (compute-mfcc-feats[5.5.0~1-40c7]:Read():wave-reader.cc:190) WaveData: can read only PCM data, format id in file is: 3

[ Stack-Trace: ]
/opt/kaldi/src/lib/libkaldi-base.so(kaldi::MessageLogger::LogMessage() const+0xa71) [0x7f74638a750f]
compute-mfcc-feats(kaldi::MessageLogger::LogAndThrow::operator=(kaldi::MessageLogger const&)+0x11) [0x562176cc9343]
/opt/kaldi/src/lib/libkaldi-feat.so(kaldi::WaveInfo::Read(std::istream&)+0x12d3) [0x7f746466d449]
/opt/kaldi/src/lib/libkaldi-feat.so(kaldi::WaveData::Read(std::istream&)+0x4a) [0x7f746466e262]
compute-mfcc-feats(kaldi::WaveHolder::Read(std::istream&)+0xd) [0x562176ccf0e9]
compute-mfcc-feats(kaldi::SequentialTableReaderScriptImpl<kaldi::WaveHolder>::EnsureObjectLoaded()+0x161) [0x562176cd627f]
compute-mfcc-feats(kaldi::SequentialTableReaderScriptImpl<kaldi::WaveHolder>::Next()+0x27) [0x562176cd6b67]
compute-mfcc-feats(kaldi::SequentialTableReaderScriptImpl<kaldi::WaveHolder>::Open(std::__cxx11::basic_string<char, std::char_traits<char>, std::allocator<char> > const&)+0x29d) [0x562176ccc361]
compute-mfcc-feats(kaldi::SequentialTableReader<kaldi::WaveHolder>::Open(std::__cxx11::basic_string<char, std::char_traits<char>, std::allocator<char> > const&)+0x1ed) [0x562176ccf843]
compute-mfcc-feats(kaldi::SequentialTableReader<kaldi::WaveHolder>::SequentialTableReader(std::__cxx11::basic_string<char, std::char_traits<char>, std::allocator<char> > const&)+0x3e) [0x562176ccfb54]
compute-mfcc-feats(main+0x824) [0x562176cc66a4]
/lib/x86_64-linux-gnu/libc.so.6(__libc_start_main+0xf1) [0x7f745c07e2e1]
compute-mfcc-feats(_start+0x2a) [0x562176cc5d7a]

WARNING (compute-mfcc-feats[5.5.0~1-40c7]:Read():feat/wave-reader.h:197) Exception caught in WaveHolder::Read(). kaldi::KaldiFatalError
WARNING (compute-mfcc-feats[5.5.0~1-40c7]:EnsureObjectLoaded():util/kaldi-table-inl.h:317) Failed to load object from /opt/kaldi/egs/disfluent-speech-to-text/augmented-data-big/248/248-130652-0011.wav
ERROR (compute-mfcc-feats[5.5.0~1-40c7]:Read():wave-reader.cc:190) WaveData: can read only PCM data, format id in file is: 3

[ Stack-Trace: ]
/opt/kaldi/src/lib/libkaldi-base.so(kaldi::MessageLogger::LogMessage() const+0xa71) [0x7f74638a750f]
compute-mfcc-feats(kaldi::MessageLogger::LogAndThrow::operator=(kaldi::MessageLogger const&)+0x11) [0x562176cc9343]
/opt/kaldi/src/lib/libkaldi-feat.so(kaldi::WaveInfo::Read(std::istream&)+0x12d3) [0x7f746466d449]
/opt/kaldi/src/lib/libkaldi-feat.so(kaldi::WaveData::Read(std::istream&)+0x4a) [0x7f746466e262]
compute-mfcc-feats(kaldi::WaveHolder::Read(std::istream&)+0xd) [0x562176ccf0e9]
compute-mfcc-feats(kaldi::SequentialTableReaderScriptImpl<kaldi::WaveHolder>::EnsureObjectLoaded()+0x161) [0x562176cd627f]
compute-mfcc-feats(kaldi::SequentialTableReaderScriptImpl<kaldi::WaveHolder>::Next()+0x27) [0x562176cd6b67]
compute-mfcc-feats(kaldi::SequentialTableReaderScriptImpl<kaldi::WaveHolder>::Open(std::__cxx11::basic_string<char, std::char_traits<char>, std::allocator<char> > const&)+0x29d) [0x562176ccc361]
compute-mfcc-feats(kaldi::SequentialTableReader<kaldi::WaveHolder>::Open(std::__cxx11::basic_string<char, std::char_traits<char>, std::allocator<char> > const&)+0x1ed) [0x562176ccf843]
compute-mfcc-feats(kaldi::SequentialTableReader<kaldi::WaveHolder>::SequentialTableReader(std::__cxx11::basic_string<char, std::char_traits<char>, std::allocator<char> > const&)+0x3e) [0x562176ccfb54]
compute-mfcc-feats(main+0x824) [0x562176cc66a4]
/lib/x86_64-linux-gnu/libc.so.6(__libc_start_main+0xf1) [0x7f745c07e2e1]
compute-mfcc-feats(_start+0x2a) [0x562176cc5d7a]

WARNING (compute-mfcc-feats[5.5.0~1-40c7]:Read():feat/wave-reader.h:197) Exception caught in WaveHolder::Read(). kaldi::KaldiFatalError
WARNING (compute-mfcc-feats[5.5.0~1-40c7]:EnsureObjectLoaded():util/kaldi-table-inl.h:317) Failed to load object from /opt/kaldi/egs/disfluent-speech-to-text/augmented-data-big/248/248-130652-0012.wav
ERROR (compute-mfcc-feats[5.5.0~1-40c7]:Read():wave-reader.cc:190) WaveData: can read only PCM data, format id in file is: 3

[ Stack-Trace: ]
/opt/kaldi/src/lib/libkaldi-base.so(kaldi::MessageLogger::LogMessage() const+0xa71) [0x7f74638a750f]
compute-mfcc-feats(kaldi::MessageLogger::LogAndThrow::operator=(kaldi::MessageLogger const&)+0x11) [0x562176cc9343]
/opt/kaldi/src/lib/libkaldi-feat.so(kaldi::WaveInfo::Read(std::istream&)+0x12d3) [0x7f746466d449]
/opt/kaldi/src/lib/libkaldi-feat.so(kaldi::WaveData::Read(std::istream&)+0x4a) [0x7f746466e262]
compute-mfcc-feats(kaldi::WaveHolder::Read(std::istream&)+0xd) [0x562176ccf0e9]
compute-mfcc-feats(kaldi::SequentialTableReaderScriptImpl<kaldi::WaveHolder>::EnsureObjectLoaded()+0x161) [0x562176cd627f]
compute-mfcc-feats(kaldi::SequentialTableReaderScriptImpl<kaldi::WaveHolder>::Next()+0x27) [0x562176cd6b67]
compute-mfcc-feats(kaldi::SequentialTableReaderScriptImpl<kaldi::WaveHolder>::Open(std::__cxx11::basic_string<char, std::char_traits<char>, std::allocator<char> > const&)+0x29d) [0x562176ccc361]
compute-mfcc-feats(kaldi::SequentialTableReader<kaldi::WaveHolder>::Open(std::__cxx11::basic_string<char, std::char_traits<char>, std::allocator<char> > const&)+0x1ed) [0x562176ccf843]
compute-mfcc-feats(kaldi::SequentialTableReader<kaldi::WaveHolder>::SequentialTableReader(std::__cxx11::basic_string<char, std::char_traits<char>, std::allocator<char> > const&)+0x3e) [0x562176ccfb54]
compute-mfcc-feats(main+0x824) [0x562176cc66a4]
/lib/x86_64-linux-gnu/libc.so.6(__libc_start_main+0xf1) [0x7f745c07e2e1]
compute-mfcc-feats(_start+0x2a) [0x562176cc5d7a]

WARNING (compute-mfcc-feats[5.5.0~1-40c7]:Read():feat/wave-reader.h:197) Exception caught in WaveHolder::Read(). kaldi::KaldiFatalError
WARNING (compute-mfcc-feats[5.5.0~1-40c7]:EnsureObjectLoaded():util/kaldi-table-inl.h:317) Failed to load object from /opt/kaldi/egs/disfluent-speech-to-text/augmented-data-big/248/248-130652-0013.wav
ERROR (compute-mfcc-feats[5.5.0~1-40c7]:Read():wave-reader.cc:190) WaveData: can read only PCM data, format id in file is: 3

[ Stack-Trace: ]
/opt/kaldi/src/lib/libkaldi-base.so(kaldi::MessageLogger::LogMessage() const+0xa71) [0x7f74638a750f]
compute-mfcc-feats(kaldi::MessageLogger::LogAndThrow::operator=(kaldi::MessageLogger const&)+0x11) [0x562176cc9343]
/opt/kaldi/src/lib/libkaldi-feat.so(kaldi::WaveInfo::Read(std::istream&)+0x12d3) [0x7f746466d449]
/opt/kaldi/src/lib/libkaldi-feat.so(kaldi::WaveData::Read(std::istream&)+0x4a) [0x7f746466e262]
compute-mfcc-feats(kaldi::WaveHolder::Read(std::istream&)+0xd) [0x562176ccf0e9]
compute-mfcc-feats(kaldi::SequentialTableReaderScriptImpl<kaldi::WaveHolder>::EnsureObjectLoaded()+0x161) [0x562176cd627f]
compute-mfcc-feats(kaldi::SequentialTableReaderScriptImpl<kaldi::WaveHolder>::Next()+0x27) [0x562176cd6b67]
compute-mfcc-feats(kaldi::SequentialTableReaderScriptImpl<kaldi::WaveHolder>::Open(std::__cxx11::basic_string<char, std::char_traits<char>, std::allocator<char> > const&)+0x29d) [0x562176ccc361]
compute-mfcc-feats(kaldi::SequentialTableReader<kaldi::WaveHolder>::Open(std::__cxx11::basic_string<char, std::char_traits<char>, std::allocator<char> > const&)+0x1ed) [0x562176ccf843]
compute-mfcc-feats(kaldi::SequentialTableReader<kaldi::WaveHolder>::SequentialTableReader(std::__cxx11::basic_string<char, std::char_traits<char>, std::allocator<char> > const&)+0x3e) [0x562176ccfb54]
compute-mfcc-feats(main+0x824) [0x562176cc66a4]
/lib/x86_64-linux-gnu/libc.so.6(__libc_start_main+0xf1) [0x7f745c07e2e1]
compute-mfcc-feats(_start+0x2a) [0x562176cc5d7a]

WARNING (compute-mfcc-feats[5.5.0~1-40c7]:Read():feat/wave-reader.h:197) Exception caught in WaveHolder::Read(). kaldi::KaldiFatalError
WARNING (compute-mfcc-feats[5.5.0~1-40c7]:EnsureObjectLoaded():util/kaldi-table-inl.h:317) Failed to load object from /opt/kaldi/egs/disfluent-speech-to-text/augmented-data-big/248/248-130652-0014.wav
ERROR (compute-mfcc-feats[5.5.0~1-40c7]:Read():wave-reader.cc:190) WaveData: can read only PCM data, format id in file is: 3

[ Stack-Trace: ]
/opt/kaldi/src/lib/libkaldi-base.so(kaldi::MessageLogger::LogMessage() const+0xa71) [0x7f74638a750f]
compute-mfcc-feats(kaldi::MessageLogger::LogAndThrow::operator=(kaldi::MessageLogger const&)+0x11) [0x562176cc9343]
/opt/kaldi/src/lib/libkaldi-feat.so(kaldi::WaveInfo::Read(std::istream&)+0x12d3) [0x7f746466d449]
/opt/kaldi/src/lib/libkaldi-feat.so(kaldi::WaveData::Read(std::istream&)+0x4a) [0x7f746466e262]
compute-mfcc-feats(kaldi::WaveHolder::Read(std::istream&)+0xd) [0x562176ccf0e9]
compute-mfcc-feats(kaldi::SequentialTableReaderScriptImpl<kaldi::WaveHolder>::EnsureObjectLoaded()+0x161) [0x562176cd627f]
compute-mfcc-feats(kaldi::SequentialTableReaderScriptImpl<kaldi::WaveHolder>::Next()+0x27) [0x562176cd6b67]
compute-mfcc-feats(kaldi::SequentialTableReaderScriptImpl<kaldi::WaveHolder>::Open(std::__cxx11::basic_string<char, std::char_traits<char>, std::allocator<char> > const&)+0x29d) [0x562176ccc361]
compute-mfcc-feats(kaldi::SequentialTableReader<kaldi::WaveHolder>::Open(std::__cxx11::basic_string<char, std::char_traits<char>, std::allocator<char> > const&)+0x1ed) [0x562176ccf843]
compute-mfcc-feats(kaldi::SequentialTableReader<kaldi::WaveHolder>::SequentialTableReader(std::__cxx11::basic_string<char, std::char_traits<char>, std::allocator<char> > const&)+0x3e) [0x562176ccfb54]
compute-mfcc-feats(main+0x824) [0x562176cc66a4]
/lib/x86_64-linux-gnu/libc.so.6(__libc_start_main+0xf1) [0x7f745c07e2e1]
compute-mfcc-feats(_start+0x2a) [0x562176cc5d7a]

WARNING (compute-mfcc-feats[5.5.0~1-40c7]:Read():feat/wave-reader.h:197) Exception caught in WaveHolder::Read(). kaldi::KaldiFatalError
WARNING (compute-mfcc-feats[5.5.0~1-40c7]:EnsureObjectLoaded():util/kaldi-table-inl.h:317) Failed to load object from /opt/kaldi/egs/disfluent-speech-to-text/augmented-data-big/248/248-130652-0015.wav
ERROR (compute-mfcc-feats[5.5.0~1-40c7]:Read():wave-reader.cc:190) WaveData: can read only PCM data, format id in file is: 3

[ Stack-Trace: ]
/opt/kaldi/src/lib/libkaldi-base.so(kaldi::MessageLogger::LogMessage() const+0xa71) [0x7f74638a750f]
compute-mfcc-feats(kaldi::MessageLogger::LogAndThrow::operator=(kaldi::MessageLogger const&)+0x11) [0x562176cc9343]
/opt/kaldi/src/lib/libkaldi-feat.so(kaldi::WaveInfo::Read(std::istream&)+0x12d3) [0x7f746466d449]
/opt/kaldi/src/lib/libkaldi-feat.so(kaldi::WaveData::Read(std::istream&)+0x4a) [0x7f746466e262]
compute-mfcc-feats(kaldi::WaveHolder::Read(std::istream&)+0xd) [0x562176ccf0e9]
compute-mfcc-feats(kaldi::SequentialTableReaderScriptImpl<kaldi::WaveHolder>::EnsureObjectLoaded()+0x161) [0x562176cd627f]
compute-mfcc-feats(kaldi::SequentialTableReaderScriptImpl<kaldi::WaveHolder>::Next()+0x27) [0x562176cd6b67]
compute-mfcc-feats(kaldi::SequentialTableReaderScriptImpl<kaldi::WaveHolder>::Open(std::__cxx11::basic_string<char, std::char_traits<char>, std::allocator<char> > const&)+0x29d) [0x562176ccc361]
compute-mfcc-feats(kaldi::SequentialTableReader<kaldi::WaveHolder>::Open(std::__cxx11::basic_string<char, std::char_traits<char>, std::allocator<char> > const&)+0x1ed) [0x562176ccf843]
compute-mfcc-feats(kaldi::SequentialTableReader<kaldi::WaveHolder>::SequentialTableReader(std::__cxx11::basic_string<char, std::char_traits<char>, std::allocator<char> > const&)+0x3e) [0x562176ccfb54]
compute-mfcc-feats(main+0x824) [0x562176cc66a4]
/lib/x86_64-linux-gnu/libc.so.6(__libc_start_main+0xf1) [0x7f745c07e2e1]
compute-mfcc-feats(_start+0x2a) [0x562176cc5d7a]

WARNING (compute-mfcc-feats[5.5.0~1-40c7]:Read():feat/wave-reader.h:197) Exception caught in WaveHolder::Read(). kaldi::KaldiFatalError
WARNING (compute-mfcc-feats[5.5.0~1-40c7]:EnsureObjectLoaded():util/kaldi-table-inl.h:317) Failed to load object from /opt/kaldi/egs/disfluent-speech-to-text/augmented-data-big/248/248-130652-0016.wav
ERROR (compute-mfcc-feats[5.5.0~1-40c7]:Read():wave-reader.cc:190) WaveData: can read only PCM data, format id in file is: 3

[ Stack-Trace: ]
/opt/kaldi/src/lib/libkaldi-base.so(kaldi::MessageLogger::LogMessage() const+0xa71) [0x7f74638a750f]
compute-mfcc-feats(kaldi::MessageLogger::LogAndThrow::operator=(kaldi::MessageLogger const&)+0x11) [0x562176cc9343]
/opt/kaldi/src/lib/libkaldi-feat.so(kaldi::WaveInfo::Read(std::istream&)+0x12d3) [0x7f746466d449]
/opt/kaldi/src/lib/libkaldi-feat.so(kaldi::WaveData::Read(std::istream&)+0x4a) [0x7f746466e262]
compute-mfcc-feats(kaldi::WaveHolder::Read(std::istream&)+0xd) [0x562176ccf0e9]
compute-mfcc-feats(kaldi::SequentialTableReaderScriptImpl<kaldi::WaveHolder>::EnsureObjectLoaded()+0x161) [0x562176cd627f]
compute-mfcc-feats(kaldi::SequentialTableReaderScriptImpl<kaldi::WaveHolder>::Next()+0x27) [0x562176cd6b67]
compute-mfcc-feats(kaldi::SequentialTableReaderScriptImpl<kaldi::WaveHolder>::Open(std::__cxx11::basic_string<char, std::char_traits<char>, std::allocator<char> > const&)+0x29d) [0x562176ccc361]
compute-mfcc-feats(kaldi::SequentialTableReader<kaldi::WaveHolder>::Open(std::__cxx11::basic_string<char, std::char_traits<char>, std::allocator<char> > const&)+0x1ed) [0x562176ccf843]
compute-mfcc-feats(kaldi::SequentialTableReader<kaldi::WaveHolder>::SequentialTableReader(std::__cxx11::basic_string<char, std::char_traits<char>, std::allocator<char> > const&)+0x3e) [0x562176ccfb54]
compute-mfcc-feats(main+0x824) [0x562176cc66a4]
/lib/x86_64-linux-gnu/libc.so.6(__libc_start_main+0xf1) [0x7f745c07e2e1]
compute-mfcc-feats(_start+0x2a) [0x562176cc5d7a]

WARNING (compute-mfcc-feats[5.5.0~1-40c7]:Read():feat/wave-reader.h:197) Exception caught in WaveHolder::Read(). kaldi::KaldiFatalError
WARNING (compute-mfcc-feats[5.5.0~1-40c7]:EnsureObjectLoaded():util/kaldi-table-inl.h:317) Failed to load object from /opt/kaldi/egs/disfluent-speech-to-text/augmented-data-big/248/248-130652-0017.wav
ERROR (compute-mfcc-feats[5.5.0~1-40c7]:Read():wave-reader.cc:190) WaveData: can read only PCM data, format id in file is: 3

[ Stack-Trace: ]
/opt/kaldi/src/lib/libkaldi-base.so(kaldi::MessageLogger::LogMessage() const+0xa71) [0x7f74638a750f]
compute-mfcc-feats(kaldi::MessageLogger::LogAndThrow::operator=(kaldi::MessageLogger const&)+0x11) [0x562176cc9343]
/opt/kaldi/src/lib/libkaldi-feat.so(kaldi::WaveInfo::Read(std::istream&)+0x12d3) [0x7f746466d449]
/opt/kaldi/src/lib/libkaldi-feat.so(kaldi::WaveData::Read(std::istream&)+0x4a) [0x7f746466e262]
compute-mfcc-feats(kaldi::WaveHolder::Read(std::istream&)+0xd) [0x562176ccf0e9]
compute-mfcc-feats(kaldi::SequentialTableReaderScriptImpl<kaldi::WaveHolder>::EnsureObjectLoaded()+0x161) [0x562176cd627f]
compute-mfcc-feats(kaldi::SequentialTableReaderScriptImpl<kaldi::WaveHolder>::Next()+0x27) [0x562176cd6b67]
compute-mfcc-feats(kaldi::SequentialTableReaderScriptImpl<kaldi::WaveHolder>::Open(std::__cxx11::basic_string<char, std::char_traits<char>, std::allocator<char> > const&)+0x29d) [0x562176ccc361]
compute-mfcc-feats(kaldi::SequentialTableReader<kaldi::WaveHolder>::Open(std::__cxx11::basic_string<char, std::char_traits<char>, std::allocator<char> > const&)+0x1ed) [0x562176ccf843]
compute-mfcc-feats(kaldi::SequentialTableReader<kaldi::WaveHolder>::SequentialTableReader(std::__cxx11::basic_string<char, std::char_traits<char>, std::allocator<char> > const&)+0x3e) [0x562176ccfb54]
compute-mfcc-feats(main+0x824) [0x562176cc66a4]
/lib/x86_64-linux-gnu/libc.so.6(__libc_start_main+0xf1) [0x7f745c07e2e1]
compute-mfcc-feats(_start+0x2a) [0x562176cc5d7a]

WARNING (compute-mfcc-feats[5.5.0~1-40c7]:Read():feat/wave-reader.h:197) Exception caught in WaveHolder::Read(). kaldi::KaldiFatalError
WARNING (compute-mfcc-feats[5.5.0~1-40c7]:EnsureObjectLoaded():util/kaldi-table-inl.h:317) Failed to load object from /opt/kaldi/egs/disfluent-speech-to-text/augmented-data-big/248/248-130652-0018.wav
ERROR (compute-mfcc-feats[5.5.0~1-40c7]:Read():wave-reader.cc:190) WaveData: can read only PCM data, format id in file is: 3

[ Stack-Trace: ]
/opt/kaldi/src/lib/libkaldi-base.so(kaldi::MessageLogger::LogMessage() const+0xa71) [0x7f74638a750f]
compute-mfcc-feats(kaldi::MessageLogger::LogAndThrow::operator=(kaldi::MessageLogger const&)+0x11) [0x562176cc9343]
/opt/kaldi/src/lib/libkaldi-feat.so(kaldi::WaveInfo::Read(std::istream&)+0x12d3) [0x7f746466d449]
/opt/kaldi/src/lib/libkaldi-feat.so(kaldi::WaveData::Read(std::istream&)+0x4a) [0x7f746466e262]
compute-mfcc-feats(kaldi::WaveHolder::Read(std::istream&)+0xd) [0x562176ccf0e9]
compute-mfcc-feats(kaldi::SequentialTableReaderScriptImpl<kaldi::WaveHolder>::EnsureObjectLoaded()+0x161) [0x562176cd627f]
compute-mfcc-feats(kaldi::SequentialTableReaderScriptImpl<kaldi::WaveHolder>::Next()+0x27) [0x562176cd6b67]
compute-mfcc-feats(kaldi::SequentialTableReaderScriptImpl<kaldi::WaveHolder>::Open(std::__cxx11::basic_string<char, std::char_traits<char>, std::allocator<char> > const&)+0x29d) [0x562176ccc361]
compute-mfcc-feats(kaldi::SequentialTableReader<kaldi::WaveHolder>::Open(std::__cxx11::basic_string<char, std::char_traits<char>, std::allocator<char> > const&)+0x1ed) [0x562176ccf843]
compute-mfcc-feats(kaldi::SequentialTableReader<kaldi::WaveHolder>::SequentialTableReader(std::__cxx11::basic_string<char, std::char_traits<char>, std::allocator<char> > const&)+0x3e) [0x562176ccfb54]
compute-mfcc-feats(main+0x824) [0x562176cc66a4]
/lib/x86_64-linux-gnu/libc.so.6(__libc_start_main+0xf1) [0x7f745c07e2e1]
compute-mfcc-feats(_start+0x2a) [0x562176cc5d7a]

WARNING (compute-mfcc-feats[5.5.0~1-40c7]:Read():feat/wave-reader.h:197) Exception caught in WaveHolder::Read(). kaldi::KaldiFatalError
WARNING (compute-mfcc-feats[5.5.0~1-40c7]:EnsureObjectLoaded():util/kaldi-table-inl.h:317) Failed to load object from /opt/kaldi/egs/disfluent-speech-to-text/augmented-data-big/248/248-130652-0019.wav
ERROR (compute-mfcc-feats[5.5.0~1-40c7]:Read():wave-reader.cc:190) WaveData: can read only PCM data, format id in file is: 3

[ Stack-Trace: ]
/opt/kaldi/src/lib/libkaldi-base.so(kaldi::MessageLogger::LogMessage() const+0xa71) [0x7f74638a750f]
compute-mfcc-feats(kaldi::MessageLogger::LogAndThrow::operator=(kaldi::MessageLogger const&)+0x11) [0x562176cc9343]
/opt/kaldi/src/lib/libkaldi-feat.so(kaldi::WaveInfo::Read(std::istream&)+0x12d3) [0x7f746466d449]
/opt/kaldi/src/lib/libkaldi-feat.so(kaldi::WaveData::Read(std::istream&)+0x4a) [0x7f746466e262]
compute-mfcc-feats(kaldi::WaveHolder::Read(std::istream&)+0xd) [0x562176ccf0e9]
compute-mfcc-feats(kaldi::SequentialTableReaderScriptImpl<kaldi::WaveHolder>::EnsureObjectLoaded()+0x161) [0x562176cd627f]
compute-mfcc-feats(kaldi::SequentialTableReaderScriptImpl<kaldi::WaveHolder>::Next()+0x27) [0x562176cd6b67]
compute-mfcc-feats(kaldi::SequentialTableReaderScriptImpl<kaldi::WaveHolder>::Open(std::__cxx11::basic_string<char, std::char_traits<char>, std::allocator<char> > const&)+0x29d) [0x562176ccc361]
compute-mfcc-feats(kaldi::SequentialTableReader<kaldi::WaveHolder>::Open(std::__cxx11::basic_string<char, std::char_traits<char>, std::allocator<char> > const&)+0x1ed) [0x562176ccf843]
compute-mfcc-feats(kaldi::SequentialTableReader<kaldi::WaveHolder>::SequentialTableReader(std::__cxx11::basic_string<char, std::char_traits<char>, std::allocator<char> > const&)+0x3e) [0x562176ccfb54]
compute-mfcc-feats(main+0x824) [0x562176cc66a4]
/lib/x86_64-linux-gnu/libc.so.6(__libc_start_main+0xf1) [0x7f745c07e2e1]
compute-mfcc-feats(_start+0x2a) [0x562176cc5d7a]

WARNING (compute-mfcc-feats[5.5.0~1-40c7]:Read():feat/wave-reader.h:197) Exception caught in WaveHolder::Read(). kaldi::KaldiFatalError
WARNING (compute-mfcc-feats[5.5.0~1-40c7]:EnsureObjectLoaded():util/kaldi-table-inl.h:317) Failed to load object from /opt/kaldi/egs/disfluent-speech-to-text/augmented-data-big/248/248-130652-0020.wav
ERROR (compute-mfcc-feats[5.5.0~1-40c7]:Read():wave-reader.cc:190) WaveData: can read only PCM data, format id in file is: 3

[ Stack-Trace: ]
/opt/kaldi/src/lib/libkaldi-base.so(kaldi::MessageLogger::LogMessage() const+0xa71) [0x7f74638a750f]
compute-mfcc-feats(kaldi::MessageLogger::LogAndThrow::operator=(kaldi::MessageLogger const&)+0x11) [0x562176cc9343]
/opt/kaldi/src/lib/libkaldi-feat.so(kaldi::WaveInfo::Read(std::istream&)+0x12d3) [0x7f746466d449]
/opt/kaldi/src/lib/libkaldi-feat.so(kaldi::WaveData::Read(std::istream&)+0x4a) [0x7f746466e262]
compute-mfcc-feats(kaldi::WaveHolder::Read(std::istream&)+0xd) [0x562176ccf0e9]
compute-mfcc-feats(kaldi::SequentialTableReaderScriptImpl<kaldi::WaveHolder>::EnsureObjectLoaded()+0x161) [0x562176cd627f]
compute-mfcc-feats(kaldi::SequentialTableReaderScriptImpl<kaldi::WaveHolder>::Next()+0x27) [0x562176cd6b67]
compute-mfcc-feats(kaldi::SequentialTableReaderScriptImpl<kaldi::WaveHolder>::Open(std::__cxx11::basic_string<char, std::char_traits<char>, std::allocator<char> > const&)+0x29d) [0x562176ccc361]
compute-mfcc-feats(kaldi::SequentialTableReader<kaldi::WaveHolder>::Open(std::__cxx11::basic_string<char, std::char_traits<char>, std::allocator<char> > const&)+0x1ed) [0x562176ccf843]
compute-mfcc-feats(kaldi::SequentialTableReader<kaldi::WaveHolder>::SequentialTableReader(std::__cxx11::basic_string<char, std::char_traits<char>, std::allocator<char> > const&)+0x3e) [0x562176ccfb54]
compute-mfcc-feats(main+0x824) [0x562176cc66a4]
/lib/x86_64-linux-gnu/libc.so.6(__libc_start_main+0xf1) [0x7f745c07e2e1]
compute-mfcc-feats(_start+0x2a) [0x562176cc5d7a]

WARNING (compute-mfcc-feats[5.5.0~1-40c7]:Read():feat/wave-reader.h:197) Exception caught in WaveHolder::Read(). kaldi::KaldiFatalError
WARNING (compute-mfcc-feats[5.5.0~1-40c7]:EnsureObjectLoaded():util/kaldi-table-inl.h:317) Failed to load object from /opt/kaldi/egs/disfluent-speech-to-text/augmented-data-big/248/248-130652-0021.wav
ERROR (compute-mfcc-feats[5.5.0~1-40c7]:Read():wave-reader.cc:190) WaveData: can read only PCM data, format id in file is: 3

[ Stack-Trace: ]
/opt/kaldi/src/lib/libkaldi-base.so(kaldi::MessageLogger::LogMessage() const+0xa71) [0x7f74638a750f]
compute-mfcc-feats(kaldi::MessageLogger::LogAndThrow::operator=(kaldi::MessageLogger const&)+0x11) [0x562176cc9343]
/opt/kaldi/src/lib/libkaldi-feat.so(kaldi::WaveInfo::Read(std::istream&)+0x12d3) [0x7f746466d449]
/opt/kaldi/src/lib/libkaldi-feat.so(kaldi::WaveData::Read(std::istream&)+0x4a) [0x7f746466e262]
compute-mfcc-feats(kaldi::WaveHolder::Read(std::istream&)+0xd) [0x562176ccf0e9]
compute-mfcc-feats(kaldi::SequentialTableReaderScriptImpl<kaldi::WaveHolder>::EnsureObjectLoaded()+0x161) [0x562176cd627f]
compute-mfcc-feats(kaldi::SequentialTableReaderScriptImpl<kaldi::WaveHolder>::Next()+0x27) [0x562176cd6b67]
compute-mfcc-feats(kaldi::SequentialTableReaderScriptImpl<kaldi::WaveHolder>::Open(std::__cxx11::basic_string<char, std::char_traits<char>, std::allocator<char> > const&)+0x29d) [0x562176ccc361]
compute-mfcc-feats(kaldi::SequentialTableReader<kaldi::WaveHolder>::Open(std::__cxx11::basic_string<char, std::char_traits<char>, std::allocator<char> > const&)+0x1ed) [0x562176ccf843]
compute-mfcc-feats(kaldi::SequentialTableReader<kaldi::WaveHolder>::SequentialTableReader(std::__cxx11::basic_string<char, std::char_traits<char>, std::allocator<char> > const&)+0x3e) [0x562176ccfb54]
compute-mfcc-feats(main+0x824) [0x562176cc66a4]
/lib/x86_64-linux-gnu/libc.so.6(__libc_start_main+0xf1) [0x7f745c07e2e1]
compute-mfcc-feats(_start+0x2a) [0x562176cc5d7a]

WARNING (compute-mfcc-feats[5.5.0~1-40c7]:Read():feat/wave-reader.h:197) Exception caught in WaveHolder::Read(). kaldi::KaldiFatalError
WARNING (compute-mfcc-feats[5.5.0~1-40c7]:EnsureObjectLoaded():util/kaldi-table-inl.h:317) Failed to load object from /opt/kaldi/egs/disfluent-speech-to-text/augmented-data-big/248/248-130652-0022.wav
ERROR (compute-mfcc-feats[5.5.0~1-40c7]:Read():wave-reader.cc:190) WaveData: can read only PCM data, format id in file is: 3

[ Stack-Trace: ]
/opt/kaldi/src/lib/libkaldi-base.so(kaldi::MessageLogger::LogMessage() const+0xa71) [0x7f74638a750f]
compute-mfcc-feats(kaldi::MessageLogger::LogAndThrow::operator=(kaldi::MessageLogger const&)+0x11) [0x562176cc9343]
/opt/kaldi/src/lib/libkaldi-feat.so(kaldi::WaveInfo::Read(std::istream&)+0x12d3) [0x7f746466d449]
/opt/kaldi/src/lib/libkaldi-feat.so(kaldi::WaveData::Read(std::istream&)+0x4a) [0x7f746466e262]
compute-mfcc-feats(kaldi::WaveHolder::Read(std::istream&)+0xd) [0x562176ccf0e9]
compute-mfcc-feats(kaldi::SequentialTableReaderScriptImpl<kaldi::WaveHolder>::EnsureObjectLoaded()+0x161) [0x562176cd627f]
compute-mfcc-feats(kaldi::SequentialTableReaderScriptImpl<kaldi::WaveHolder>::Next()+0x27) [0x562176cd6b67]
compute-mfcc-feats(kaldi::SequentialTableReaderScriptImpl<kaldi::WaveHolder>::Open(std::__cxx11::basic_string<char, std::char_traits<char>, std::allocator<char> > const&)+0x29d) [0x562176ccc361]
compute-mfcc-feats(kaldi::SequentialTableReader<kaldi::WaveHolder>::Open(std::__cxx11::basic_string<char, std::char_traits<char>, std::allocator<char> > const&)+0x1ed) [0x562176ccf843]
compute-mfcc-feats(kaldi::SequentialTableReader<kaldi::WaveHolder>::SequentialTableReader(std::__cxx11::basic_string<char, std::char_traits<char>, std::allocator<char> > const&)+0x3e) [0x562176ccfb54]
compute-mfcc-feats(main+0x824) [0x562176cc66a4]
/lib/x86_64-linux-gnu/libc.so.6(__libc_start_main+0xf1) [0x7f745c07e2e1]
compute-mfcc-feats(_start+0x2a) [0x562176cc5d7a]

WARNING (compute-mfcc-feats[5.5.0~1-40c7]:Read():feat/wave-reader.h:197) Exception caught in WaveHolder::Read(). kaldi::KaldiFatalError
WARNING (compute-mfcc-feats[5.5.0~1-40c7]:EnsureObjectLoaded():util/kaldi-table-inl.h:317) Failed to load object from /opt/kaldi/egs/disfluent-speech-to-text/augmented-data-big/248/248-130652-0023.wav
ERROR (compute-mfcc-feats[5.5.0~1-40c7]:Read():wave-reader.cc:190) WaveData: can read only PCM data, format id in file is: 3

[ Stack-Trace: ]
/opt/kaldi/src/lib/libkaldi-base.so(kaldi::MessageLogger::LogMessage() const+0xa71) [0x7f74638a750f]
compute-mfcc-feats(kaldi::MessageLogger::LogAndThrow::operator=(kaldi::MessageLogger const&)+0x11) [0x562176cc9343]
/opt/kaldi/src/lib/libkaldi-feat.so(kaldi::WaveInfo::Read(std::istream&)+0x12d3) [0x7f746466d449]
/opt/kaldi/src/lib/libkaldi-feat.so(kaldi::WaveData::Read(std::istream&)+0x4a) [0x7f746466e262]
compute-mfcc-feats(kaldi::WaveHolder::Read(std::istream&)+0xd) [0x562176ccf0e9]
compute-mfcc-feats(kaldi::SequentialTableReaderScriptImpl<kaldi::WaveHolder>::EnsureObjectLoaded()+0x161) [0x562176cd627f]
compute-mfcc-feats(kaldi::SequentialTableReaderScriptImpl<kaldi::WaveHolder>::Next()+0x27) [0x562176cd6b67]
compute-mfcc-feats(kaldi::SequentialTableReaderScriptImpl<kaldi::WaveHolder>::Open(std::__cxx11::basic_string<char, std::char_traits<char>, std::allocator<char> > const&)+0x29d) [0x562176ccc361]
compute-mfcc-feats(kaldi::SequentialTableReader<kaldi::WaveHolder>::Open(std::__cxx11::basic_string<char, std::char_traits<char>, std::allocator<char> > const&)+0x1ed) [0x562176ccf843]
compute-mfcc-feats(kaldi::SequentialTableReader<kaldi::WaveHolder>::SequentialTableReader(std::__cxx11::basic_string<char, std::char_traits<char>, std::allocator<char> > const&)+0x3e) [0x562176ccfb54]
compute-mfcc-feats(main+0x824) [0x562176cc66a4]
/lib/x86_64-linux-gnu/libc.so.6(__libc_start_main+0xf1) [0x7f745c07e2e1]
compute-mfcc-feats(_start+0x2a) [0x562176cc5d7a]

WARNING (compute-mfcc-feats[5.5.0~1-40c7]:Read():feat/wave-reader.h:197) Exception caught in WaveHolder::Read(). kaldi::KaldiFatalError
WARNING (compute-mfcc-feats[5.5.0~1-40c7]:EnsureObjectLoaded():util/kaldi-table-inl.h:317) Failed to load object from /opt/kaldi/egs/disfluent-speech-to-text/augmented-data-big/248/248-130652-0024.wav
ERROR (compute-mfcc-feats[5.5.0~1-40c7]:Read():wave-reader.cc:190) WaveData: can read only PCM data, format id in file is: 3

[ Stack-Trace: ]
/opt/kaldi/src/lib/libkaldi-base.so(kaldi::MessageLogger::LogMessage() const+0xa71) [0x7f74638a750f]
compute-mfcc-feats(kaldi::MessageLogger::LogAndThrow::operator=(kaldi::MessageLogger const&)+0x11) [0x562176cc9343]
/opt/kaldi/src/lib/libkaldi-feat.so(kaldi::WaveInfo::Read(std::istream&)+0x12d3) [0x7f746466d449]
/opt/kaldi/src/lib/libkaldi-feat.so(kaldi::WaveData::Read(std::istream&)+0x4a) [0x7f746466e262]
compute-mfcc-feats(kaldi::WaveHolder::Read(std::istream&)+0xd) [0x562176ccf0e9]
compute-mfcc-feats(kaldi::SequentialTableReaderScriptImpl<kaldi::WaveHolder>::EnsureObjectLoaded()+0x161) [0x562176cd627f]
compute-mfcc-feats(kaldi::SequentialTableReaderScriptImpl<kaldi::WaveHolder>::Next()+0x27) [0x562176cd6b67]
compute-mfcc-feats(kaldi::SequentialTableReaderScriptImpl<kaldi::WaveHolder>::Open(std::__cxx11::basic_string<char, std::char_traits<char>, std::allocator<char> > const&)+0x29d) [0x562176ccc361]
compute-mfcc-feats(kaldi::SequentialTableReader<kaldi::WaveHolder>::Open(std::__cxx11::basic_string<char, std::char_traits<char>, std::allocator<char> > const&)+0x1ed) [0x562176ccf843]
compute-mfcc-feats(kaldi::SequentialTableReader<kaldi::WaveHolder>::SequentialTableReader(std::__cxx11::basic_string<char, std::char_traits<char>, std::allocator<char> > const&)+0x3e) [0x562176ccfb54]
compute-mfcc-feats(main+0x824) [0x562176cc66a4]
/lib/x86_64-linux-gnu/libc.so.6(__libc_start_main+0xf1) [0x7f745c07e2e1]
compute-mfcc-feats(_start+0x2a) [0x562176cc5d7a]

WARNING (compute-mfcc-feats[5.5.0~1-40c7]:Read():feat/wave-reader.h:197) Exception caught in WaveHolder::Read(). kaldi::KaldiFatalError
WARNING (compute-mfcc-feats[5.5.0~1-40c7]:EnsureObjectLoaded():util/kaldi-table-inl.h:317) Failed to load object from /opt/kaldi/egs/disfluent-speech-to-text/augmented-data-big/248/248-130652-0025.wav
ERROR (compute-mfcc-feats[5.5.0~1-40c7]:Read():wave-reader.cc:190) WaveData: can read only PCM data, format id in file is: 3

[ Stack-Trace: ]
/opt/kaldi/src/lib/libkaldi-base.so(kaldi::MessageLogger::LogMessage() const+0xa71) [0x7f74638a750f]
compute-mfcc-feats(kaldi::MessageLogger::LogAndThrow::operator=(kaldi::MessageLogger const&)+0x11) [0x562176cc9343]
/opt/kaldi/src/lib/libkaldi-feat.so(kaldi::WaveInfo::Read(std::istream&)+0x12d3) [0x7f746466d449]
/opt/kaldi/src/lib/libkaldi-feat.so(kaldi::WaveData::Read(std::istream&)+0x4a) [0x7f746466e262]
compute-mfcc-feats(kaldi::WaveHolder::Read(std::istream&)+0xd) [0x562176ccf0e9]
compute-mfcc-feats(kaldi::SequentialTableReaderScriptImpl<kaldi::WaveHolder>::EnsureObjectLoaded()+0x161) [0x562176cd627f]
compute-mfcc-feats(kaldi::SequentialTableReaderScriptImpl<kaldi::WaveHolder>::Next()+0x27) [0x562176cd6b67]
compute-mfcc-feats(kaldi::SequentialTableReaderScriptImpl<kaldi::WaveHolder>::Open(std::__cxx11::basic_string<char, std::char_traits<char>, std::allocator<char> > const&)+0x29d) [0x562176ccc361]
compute-mfcc-feats(kaldi::SequentialTableReader<kaldi::WaveHolder>::Open(std::__cxx11::basic_string<char, std::char_traits<char>, std::allocator<char> > const&)+0x1ed) [0x562176ccf843]
compute-mfcc-feats(kaldi::SequentialTableReader<kaldi::WaveHolder>::SequentialTableReader(std::__cxx11::basic_string<char, std::char_traits<char>, std::allocator<char> > const&)+0x3e) [0x562176ccfb54]
compute-mfcc-feats(main+0x824) [0x562176cc66a4]
/lib/x86_64-linux-gnu/libc.so.6(__libc_start_main+0xf1) [0x7f745c07e2e1]
compute-mfcc-feats(_start+0x2a) [0x562176cc5d7a]

WARNING (compute-mfcc-feats[5.5.0~1-40c7]:Read():feat/wave-reader.h:197) Exception caught in WaveHolder::Read(). kaldi::KaldiFatalError
WARNING (compute-mfcc-feats[5.5.0~1-40c7]:EnsureObjectLoaded():util/kaldi-table-inl.h:317) Failed to load object from /opt/kaldi/egs/disfluent-speech-to-text/augmented-data-big/248/248-130652-0026.wav
ERROR (compute-mfcc-feats[5.5.0~1-40c7]:Read():wave-reader.cc:190) WaveData: can read only PCM data, format id in file is: 3

[ Stack-Trace: ]
/opt/kaldi/src/lib/libkaldi-base.so(kaldi::MessageLogger::LogMessage() const+0xa71) [0x7f74638a750f]
compute-mfcc-feats(kaldi::MessageLogger::LogAndThrow::operator=(kaldi::MessageLogger const&)+0x11) [0x562176cc9343]
/opt/kaldi/src/lib/libkaldi-feat.so(kaldi::WaveInfo::Read(std::istream&)+0x12d3) [0x7f746466d449]
/opt/kaldi/src/lib/libkaldi-feat.so(kaldi::WaveData::Read(std::istream&)+0x4a) [0x7f746466e262]
compute-mfcc-feats(kaldi::WaveHolder::Read(std::istream&)+0xd) [0x562176ccf0e9]
compute-mfcc-feats(kaldi::SequentialTableReaderScriptImpl<kaldi::WaveHolder>::EnsureObjectLoaded()+0x161) [0x562176cd627f]
compute-mfcc-feats(kaldi::SequentialTableReaderScriptImpl<kaldi::WaveHolder>::Next()+0x27) [0x562176cd6b67]
compute-mfcc-feats(kaldi::SequentialTableReaderScriptImpl<kaldi::WaveHolder>::Open(std::__cxx11::basic_string<char, std::char_traits<char>, std::allocator<char> > const&)+0x29d) [0x562176ccc361]
compute-mfcc-feats(kaldi::SequentialTableReader<kaldi::WaveHolder>::Open(std::__cxx11::basic_string<char, std::char_traits<char>, std::allocator<char> > const&)+0x1ed) [0x562176ccf843]
compute-mfcc-feats(kaldi::SequentialTableReader<kaldi::WaveHolder>::SequentialTableReader(std::__cxx11::basic_string<char, std::char_traits<char>, std::allocator<char> > const&)+0x3e) [0x562176ccfb54]
compute-mfcc-feats(main+0x824) [0x562176cc66a4]
/lib/x86_64-linux-gnu/libc.so.6(__libc_start_main+0xf1) [0x7f745c07e2e1]
compute-mfcc-feats(_start+0x2a) [0x562176cc5d7a]

WARNING (compute-mfcc-feats[5.5.0~1-40c7]:Read():feat/wave-reader.h:197) Exception caught in WaveHolder::Read(). kaldi::KaldiFatalError
WARNING (compute-mfcc-feats[5.5.0~1-40c7]:EnsureObjectLoaded():util/kaldi-table-inl.h:317) Failed to load object from /opt/kaldi/egs/disfluent-speech-to-text/augmented-data-big/248/248-130652-0027.wav
ERROR (compute-mfcc-feats[5.5.0~1-40c7]:Read():wave-reader.cc:190) WaveData: can read only PCM data, format id in file is: 3

[ Stack-Trace: ]
/opt/kaldi/src/lib/libkaldi-base.so(kaldi::MessageLogger::LogMessage() const+0xa71) [0x7f74638a750f]
compute-mfcc-feats(kaldi::MessageLogger::LogAndThrow::operator=(kaldi::MessageLogger const&)+0x11) [0x562176cc9343]
/opt/kaldi/src/lib/libkaldi-feat.so(kaldi::WaveInfo::Read(std::istream&)+0x12d3) [0x7f746466d449]
/opt/kaldi/src/lib/libkaldi-feat.so(kaldi::WaveData::Read(std::istream&)+0x4a) [0x7f746466e262]
compute-mfcc-feats(kaldi::WaveHolder::Read(std::istream&)+0xd) [0x562176ccf0e9]
compute-mfcc-feats(kaldi::SequentialTableReaderScriptImpl<kaldi::WaveHolder>::EnsureObjectLoaded()+0x161) [0x562176cd627f]
compute-mfcc-feats(kaldi::SequentialTableReaderScriptImpl<kaldi::WaveHolder>::Next()+0x27) [0x562176cd6b67]
compute-mfcc-feats(kaldi::SequentialTableReaderScriptImpl<kaldi::WaveHolder>::Open(std::__cxx11::basic_string<char, std::char_traits<char>, std::allocator<char> > const&)+0x29d) [0x562176ccc361]
compute-mfcc-feats(kaldi::SequentialTableReader<kaldi::WaveHolder>::Open(std::__cxx11::basic_string<char, std::char_traits<char>, std::allocator<char> > const&)+0x1ed) [0x562176ccf843]
compute-mfcc-feats(kaldi::SequentialTableReader<kaldi::WaveHolder>::SequentialTableReader(std::__cxx11::basic_string<char, std::char_traits<char>, std::allocator<char> > const&)+0x3e) [0x562176ccfb54]
compute-mfcc-feats(main+0x824) [0x562176cc66a4]
/lib/x86_64-linux-gnu/libc.so.6(__libc_start_main+0xf1) [0x7f745c07e2e1]
compute-mfcc-feats(_start+0x2a) [0x562176cc5d7a]

WARNING (compute-mfcc-feats[5.5.0~1-40c7]:Read():feat/wave-reader.h:197) Exception caught in WaveHolder::Read(). kaldi::KaldiFatalError
WARNING (compute-mfcc-feats[5.5.0~1-40c7]:EnsureObjectLoaded():util/kaldi-table-inl.h:317) Failed to load object from /opt/kaldi/egs/disfluent-speech-to-text/augmented-data-big/248/248-130652-0028.wav
LOG (compute-mfcc-feats[5.5.0~1-40c7]:main():compute-mfcc-feats.cc:185)  Done 0 out of 0 utterances.
LOG (copy-feats[5.5.0~1-40c7]:main():copy-feats.cc:143) Copied 0 feature matrices.
# Accounting: time=0 threads=1
# Ended (code 1) at Mon Dec  7 03:24:36 UTC 2020, elapsed time 0 seconds
