# lattice-scale --inv-acoustic-scale=12 "ark:gunzip -c exp/mono5/decode5/lat.*.gz|" ark:- | lattice-add-penalty --word-ins-penalty=1.0 ark:- ark:- | lattice-best-path --word-symbol-table=exp/mono5/graph5/words.txt ark:- ark,t:- | utils/int2sym.pl -f 2- exp/mono5/graph5/words.txt | cat > exp/mono5/decode5/scoring_kaldi/penalty_1.0/12.txt 
# Started at Tue Dec  8 07:27:53 UTC 2020
#
lattice-best-path --word-symbol-table=exp/mono5/graph5/words.txt ark:- ark,t:- 
lattice-scale --inv-acoustic-scale=12 'ark:gunzip -c exp/mono5/decode5/lat.*.gz|' ark:- 
lattice-add-penalty --word-ins-penalty=1.0 ark:- ark:- 
LOG (lattice-best-path[5.5.0~1-40c7]:main():lattice-best-path.cc:99) For utterance 248-130644-0000, best cost 118.104 + 14967.9 = 15086 over 1688 frames.
248-130644-0000 
LOG (lattice-best-path[5.5.0~1-40c7]:main():lattice-best-path.cc:99) For utterance 248-130644-0001, best cost 85.6177 + 14576.9 = 14662.5 over 1649 frames.
248-130644-0001 
LOG (lattice-best-path[5.5.0~1-40c7]:main():lattice-best-path.cc:99) For utterance 248-130644-0002, best cost 117.84 + 19032.7 = 19150.6 over 2159 frames.
248-130644-0002 
LOG (lattice-best-path[5.5.0~1-40c7]:main():lattice-best-path.cc:99) For utterance 248-130644-0003, best cost 80.9661 + 15873.5 = 15954.5 over 1795 frames.
248-130644-0003 
LOG (lattice-best-path[5.5.0~1-40c7]:main():lattice-best-path.cc:99) For utterance 248-130644-0004, best cost 127.785 + 20082.7 = 20210.5 over 2249 frames.
248-130644-0004 
LOG (lattice-best-path[5.5.0~1-40c7]:main():lattice-best-path.cc:99) For utterance 248-130644-0005, best cost 120.706 + 18612.6 = 18733.3 over 2103 frames.
248-130644-0005 
LOG (lattice-best-path[5.5.0~1-40c7]:main():lattice-best-path.cc:99) For utterance 248-130644-0006, best cost 112.313 + 18752.2 = 18864.5 over 2133 frames.
248-130644-0006 
LOG (lattice-best-path[5.5.0~1-40c7]:main():lattice-best-path.cc:99) For utterance 248-130644-0007, best cost 132.012 + 19376.9 = 19509 over 2205 frames.
248-130644-0007 
LOG (lattice-best-path[5.5.0~1-40c7]:main():lattice-best-path.cc:99) For utterance 248-130644-0008, best cost 101.134 + 20200.6 = 20301.7 over 2270 frames.
248-130644-0008 
LOG (lattice-best-path[5.5.0~1-40c7]:main():lattice-best-path.cc:99) For utterance 248-130644-0009, best cost 93.8808 + 16743.1 = 16837 over 1875 frames.
248-130644-0009 
LOG (lattice-best-path[5.5.0~1-40c7]:main():lattice-best-path.cc:99) For utterance 248-130644-0010, best cost 141.904 + 21507.6 = 21649.5 over 2430 frames.
248-130644-0010 
LOG (lattice-best-path[5.5.0~1-40c7]:main():lattice-best-path.cc:99) For utterance 248-130644-0011, best cost 75.1432 + 17415.6 = 17490.8 over 1960 frames.
248-130644-0011 
LOG (lattice-best-path[5.5.0~1-40c7]:main():lattice-best-path.cc:99) For utterance 248-130644-0012, best cost 89.4651 + 13738.3 = 13827.8 over 1546 frames.
248-130644-0012 
LOG (lattice-best-path[5.5.0~1-40c7]:main():lattice-best-path.cc:99) For utterance 248-130644-0013, best cost 102.917 + 14581.1 = 14684.1 over 1660 frames.
248-130644-0013 
LOG (lattice-best-path[5.5.0~1-40c7]:main():lattice-best-path.cc:99) For utterance 248-130644-0014, best cost 48.1481 + 8833.4 = 8881.55 over 995 frames.
248-130644-0014 
LOG (lattice-best-path[5.5.0~1-40c7]:main():lattice-best-path.cc:99) For utterance 248-130644-0015, best cost 88.7694 + 16111.6 = 16200.4 over 1817 frames.
248-130644-0015 
LOG (lattice-best-path[5.5.0~1-40c7]:main():lattice-best-path.cc:99) For utterance 248-130644-0016, best cost 97.158 + 19413.2 = 19510.3 over 2181 frames.
248-130644-0016 
LOG (lattice-best-path[5.5.0~1-40c7]:main():lattice-best-path.cc:99) For utterance 248-130644-0017, best cost 76.709 + 13805 = 13881.8 over 1562 frames.
248-130644-0017 
LOG (lattice-best-path[5.5.0~1-40c7]:main():lattice-best-path.cc:99) For utterance 248-130644-0018, best cost 98.0801 + 18088.7 = 18186.8 over 2057 frames.
248-130644-0018 
LOG (lattice-best-path[5.5.0~1-40c7]:main():lattice-best-path.cc:99) For utterance 248-130644-0019, best cost 135.212 + 21101.9 = 21237.1 over 2398 frames.
248-130644-0019 
LOG (lattice-best-path[5.5.0~1-40c7]:main():lattice-best-path.cc:99) For utterance 248-130644-0020, best cost 91.991 + 14530.6 = 14622.6 over 1649 frames.
248-130644-0020 
LOG (lattice-best-path[5.5.0~1-40c7]:main():lattice-best-path.cc:99) For utterance 248-130644-0021, best cost 147.169 + 23063.9 = 23211.1 over 2570 frames.
248-130644-0021 
LOG (lattice-best-path[5.5.0~1-40c7]:main():lattice-best-path.cc:99) For utterance 248-130644-0022, best cost 81.1267 + 13754 = 13835.1 over 1566 frames.
248-130644-0022 
LOG (lattice-best-path[5.5.0~1-40c7]:main():lattice-best-path.cc:99) For utterance 248-130644-0023, best cost 67.3059 + 11459.3 = 11526.6 over 1294 frames.
248-130644-0023 
LOG (lattice-best-path[5.5.0~1-40c7]:main():lattice-best-path.cc:99) For utterance 248-130644-0024, best cost 123.803 + 17630.2 = 17754 over 1988 frames.
248-130644-0024 
LOG (lattice-best-path[5.5.0~1-40c7]:main():lattice-best-path.cc:99) For utterance 248-130644-0025, best cost 102.455 + 18698.5 = 18800.9 over 2117 frames.
248-130644-0025 
LOG (lattice-best-path[5.5.0~1-40c7]:main():lattice-best-path.cc:99) For utterance 248-130644-0026, best cost 117.375 + 18411.3 = 18528.7 over 2090 frames.
248-130644-0026 
LOG (lattice-best-path[5.5.0~1-40c7]:main():lattice-best-path.cc:99) For utterance 248-130644-0027, best cost 61.8073 + 10045.4 = 10107.2 over 1164 frames.
248-130644-0027 
LOG (lattice-best-path[5.5.0~1-40c7]:main():lattice-best-path.cc:99) For utterance 248-130644-0028, best cost 90.6326 + 18014.5 = 18105.1 over 2046 frames.
248-130644-0028 
LOG (lattice-best-path[5.5.0~1-40c7]:main():lattice-best-path.cc:99) For utterance 248-130644-0029, best cost 78.6768 + 15651.8 = 15730.5 over 1744 frames.
248-130644-0029 
LOG (lattice-best-path[5.5.0~1-40c7]:main():lattice-best-path.cc:99) For utterance 248-130644-0030, best cost 119.631 + 19821.8 = 19941.4 over 2249 frames.
248-130644-0030 
LOG (lattice-best-path[5.5.0~1-40c7]:main():lattice-best-path.cc:99) For utterance 248-130644-0031, best cost 89.5687 + 11514.2 = 11603.8 over 1336 frames.
248-130644-0031 
LOG (lattice-best-path[5.5.0~1-40c7]:main():lattice-best-path.cc:99) For utterance 248-130644-0032, best cost 103.337 + 15566 = 15669.3 over 1782 frames.
248-130644-0032 
LOG (lattice-best-path[5.5.0~1-40c7]:main():lattice-best-path.cc:99) For utterance 248-130644-0033, best cost 96.3299 + 18275.4 = 18371.8 over 2081 frames.
248-130644-0033 
LOG (lattice-best-path[5.5.0~1-40c7]:main():lattice-best-path.cc:99) For utterance 248-130644-0034, best cost 105.936 + 14163.7 = 14269.7 over 1617 frames.
248-130644-0034 
LOG (lattice-best-path[5.5.0~1-40c7]:main():lattice-best-path.cc:99) For utterance 248-130644-0035, best cost 106.444 + 18757.3 = 18863.7 over 2138 frames.
248-130644-0035 
LOG (lattice-best-path[5.5.0~1-40c7]:main():lattice-best-path.cc:99) For utterance 248-130644-0036, best cost 41.4658 + 3713.61 = 3755.07 over 434 frames.
248-130644-0036 
LOG (lattice-best-path[5.5.0~1-40c7]:main():lattice-best-path.cc:99) For utterance 248-130652-0000, best cost 122.016 + 18823.3 = 18945.3 over 2183 frames.
248-130652-0000 
LOG (lattice-best-path[5.5.0~1-40c7]:main():lattice-best-path.cc:99) For utterance 248-130652-0001, best cost 56.6907 + 11833.1 = 11889.7 over 1327 frames.
248-130652-0001 
LOG (lattice-best-path[5.5.0~1-40c7]:main():lattice-best-path.cc:99) For utterance 248-130652-0002, best cost 103.592 + 18491.2 = 18594.8 over 2123 frames.
248-130652-0002 
LOG (lattice-best-path[5.5.0~1-40c7]:main():lattice-best-path.cc:99) For utterance 248-130652-0003, best cost 79.0718 + 17700.6 = 17779.7 over 2022 frames.
248-130652-0003 
LOG (lattice-best-path[5.5.0~1-40c7]:main():lattice-best-path.cc:99) For utterance 248-130652-0004, best cost 105.363 + 18512 = 18617.4 over 2097 frames.
248-130652-0004 
LOG (lattice-best-path[5.5.0~1-40c7]:main():lattice-best-path.cc:99) For utterance 248-130652-0005, best cost 85.9358 + 15291.8 = 15377.7 over 1734 frames.
248-130652-0005 
LOG (lattice-best-path[5.5.0~1-40c7]:main():lattice-best-path.cc:99) For utterance 248-130652-0006, best cost 74.6907 + 14905.6 = 14980.3 over 1699 frames.
248-130652-0006 
LOG (lattice-best-path[5.5.0~1-40c7]:main():lattice-best-path.cc:99) For utterance 248-130652-0007, best cost 108.875 + 17975.9 = 18084.7 over 2069 frames.
248-130652-0007 
LOG (lattice-best-path[5.5.0~1-40c7]:main():lattice-best-path.cc:99) For utterance 248-130652-0008, best cost 160.717 + 21648.9 = 21809.7 over 2462 frames.
248-130652-0008 
LOG (lattice-best-path[5.5.0~1-40c7]:main():lattice-best-path.cc:99) For utterance 248-130652-0009, best cost 112.313 + 19116.5 = 19228.8 over 2149 frames.
248-130652-0009 
LOG (lattice-best-path[5.5.0~1-40c7]:main():lattice-best-path.cc:99) For utterance 248-130652-0010, best cost 79.4449 + 16017.3 = 16096.8 over 1821 frames.
248-130652-0010 
LOG (lattice-best-path[5.5.0~1-40c7]:main():lattice-best-path.cc:99) For utterance 248-130652-0011, best cost 80.8624 + 16557.3 = 16638.2 over 1886 frames.
248-130652-0011 
LOG (lattice-best-path[5.5.0~1-40c7]:main():lattice-best-path.cc:99) For utterance 248-130652-0012, best cost 92.8274 + 14513.6 = 14606.4 over 1728 frames.
248-130652-0012 
LOG (lattice-best-path[5.5.0~1-40c7]:main():lattice-best-path.cc:99) For utterance 248-130652-0013, best cost 83.7303 + 17956.7 = 18040.4 over 2047 frames.
248-130652-0013 
LOG (lattice-best-path[5.5.0~1-40c7]:main():lattice-best-path.cc:99) For utterance 248-130652-0014, best cost 52.7121 + 8948.38 = 9001.09 over 1048 frames.
248-130652-0014 
LOG (lattice-best-path[5.5.0~1-40c7]:main():lattice-best-path.cc:99) For utterance 248-130652-0015, best cost 74.5015 + 16436 = 16510.5 over 1905 frames.
248-130652-0015 
LOG (lattice-best-path[5.5.0~1-40c7]:main():lattice-best-path.cc:99) For utterance 248-130652-0016, best cost 85.3754 + 15170.2 = 15255.6 over 1739 frames.
248-130652-0016 
LOG (lattice-best-path[5.5.0~1-40c7]:main():lattice-best-path.cc:99) For utterance 248-130652-0017, best cost 80.7043 + 14437.4 = 14518.1 over 1670 frames.
248-130652-0017 
LOG (lattice-best-path[5.5.0~1-40c7]:main():lattice-best-path.cc:99) For utterance 248-130652-0018, best cost 112.608 + 20452.2 = 20564.8 over 2316 frames.
248-130652-0018 
LOG (lattice-best-path[5.5.0~1-40c7]:main():lattice-best-path.cc:99) For utterance 248-130652-0019, best cost 88.4912 + 14827.4 = 14915.9 over 1747 frames.
248-130652-0019 
LOG (lattice-best-path[5.5.0~1-40c7]:main():lattice-best-path.cc:99) For utterance 248-130652-0020, best cost 72.8675 + 14439.6 = 14512.4 over 1660 frames.
248-130652-0020 
LOG (lattice-best-path[5.5.0~1-40c7]:main():lattice-best-path.cc:99) For utterance 248-130652-0021, best cost 81.7221 + 16300.6 = 16382.3 over 1886 frames.
248-130652-0021 
LOG (lattice-best-path[5.5.0~1-40c7]:main():lattice-best-path.cc:99) For utterance 248-130652-0022, best cost 89.4831 + 16884.9 = 16974.3 over 1937 frames.
248-130652-0022 
LOG (lattice-best-path[5.5.0~1-40c7]:main():lattice-best-path.cc:99) For utterance 248-130652-0023, best cost 82.8139 + 15739 = 15821.8 over 1869 frames.
248-130652-0023 
LOG (lattice-best-path[5.5.0~1-40c7]:main():lattice-best-path.cc:99) For utterance 248-130652-0024, best cost 103.495 + 20651.1 = 20754.6 over 2353 frames.
248-130652-0024 
LOG (lattice-best-path[5.5.0~1-40c7]:main():lattice-best-path.cc:99) For utterance 248-130652-0025, best cost 107.923 + 16169.9 = 16277.8 over 1909 frames.
248-130652-0025 
LOG (lattice-best-path[5.5.0~1-40c7]:main():lattice-best-path.cc:99) For utterance 248-130652-0026, best cost 75.0824 + 14751.7 = 14826.8 over 1791 frames.
248-130652-0026 
LOG (lattice-best-path[5.5.0~1-40c7]:main():lattice-best-path.cc:99) For utterance 248-130652-0027, best cost 95.2836 + 18001.7 = 18097 over 2089 frames.
248-130652-0027 
LOG (lattice-best-path[5.5.0~1-40c7]:main():lattice-best-path.cc:99) For utterance 248-130652-0028, best cost 79.139 + 16208.5 = 16287.6 over 1865 frames.
248-130652-0028 
LOG (lattice-best-path[5.5.0~1-40c7]:main():lattice-best-path.cc:99) For utterance 248-130652-0029, best cost 103.339 + 19582.3 = 19685.6 over 2223 frames.
248-130652-0029 
LOG (lattice-best-path[5.5.0~1-40c7]:main():lattice-best-path.cc:99) For utterance 248-130652-0030, best cost 95.0945 + 16817.6 = 16912.7 over 1939 frames.
248-130652-0030 
LOG (lattice-best-path[5.5.0~1-40c7]:main():lattice-best-path.cc:99) For utterance 248-130652-0031, best cost 93.314 + 19367.4 = 19460.7 over 2145 frames.
248-130652-0031 
LOG (lattice-best-path[5.5.0~1-40c7]:main():lattice-best-path.cc:99) For utterance 248-130652-0032, best cost 71.0032 + 18359.9 = 18430.9 over 2078 frames.
248-130652-0032 
LOG (lattice-best-path[5.5.0~1-40c7]:main():lattice-best-path.cc:99) For utterance 248-130652-0033, best cost 96.6991 + 19698.8 = 19795.5 over 2190 frames.
248-130652-0033 
LOG (lattice-best-path[5.5.0~1-40c7]:main():lattice-best-path.cc:99) For utterance 248-130652-0034, best cost 100.284 + 16444.4 = 16544.7 over 1886 frames.
248-130652-0034 
LOG (lattice-best-path[5.5.0~1-40c7]:main():lattice-best-path.cc:99) For utterance 248-130652-0035, best cost 87.7141 + 13853.2 = 13940.9 over 1590 frames.
248-130652-0035 
LOG (lattice-best-path[5.5.0~1-40c7]:main():lattice-best-path.cc:99) For utterance 248-130652-0036, best cost 64.6246 + 18636 = 18700.6 over 2081 frames.
248-130652-0036 
LOG (lattice-best-path[5.5.0~1-40c7]:main():lattice-best-path.cc:99) For utterance 248-130652-0037, best cost 92.9116 + 16421.5 = 16514.4 over 1886 frames.
248-130652-0037 
LOG (lattice-best-path[5.5.0~1-40c7]:main():lattice-best-path.cc:99) For utterance 248-130652-0038, best cost 89.5282 + 15804.7 = 15894.2 over 1801 frames.
248-130652-0038 
LOG (lattice-best-path[5.5.0~1-40c7]:main():lattice-best-path.cc:99) For utterance 248-130652-0039, best cost 51.7646 + 8313.34 = 8365.11 over 931 frames.
248-130652-0039 
LOG (lattice-best-path[5.5.0~1-40c7]:main():lattice-best-path.cc:99) For utterance 248-130697-0000, best cost 66.8643 + 9979.58 = 10046.4 over 1164 frames.
248-130697-0000 
LOG (lattice-best-path[5.5.0~1-40c7]:main():lattice-best-path.cc:99) For utterance 248-130697-0001, best cost 73.9796 + 15101.1 = 15175.1 over 1709 frames.
248-130697-0001 
LOG (lattice-best-path[5.5.0~1-40c7]:main():lattice-best-path.cc:99) For utterance 248-130697-0002, best cost 93.1248 + 16967.3 = 17060.4 over 2019 frames.
248-130697-0002 
LOG (lattice-best-path[5.5.0~1-40c7]:main():lattice-best-path.cc:99) For utterance 248-130697-0003, best cost 101.252 + 19255.7 = 19357 over 2193 frames.
248-130697-0003 
LOG (lattice-best-path[5.5.0~1-40c7]:main():lattice-best-path.cc:99) For utterance 248-130697-0004, best cost 94.7474 + 18010.9 = 18105.7 over 2132 frames.
248-130697-0004 
LOG (lattice-best-path[5.5.0~1-40c7]:main():lattice-best-path.cc:99) For utterance 248-130697-0005, best cost 71.2715 + 16146.7 = 16218 over 1872 frames.
248-130697-0005 
LOG (lattice-best-path[5.5.0~1-40c7]:main():lattice-best-path.cc:99) For utterance 248-130697-0006, best cost 92.3551 + 16322.5 = 16414.9 over 1878 frames.
248-130697-0006 
LOG (lattice-best-path[5.5.0~1-40c7]:main():lattice-best-path.cc:99) For utterance 248-130697-0007, best cost 103.389 + 17042.2 = 17145.6 over 1977 frames.
248-130697-0007 
LOG (lattice-best-path[5.5.0~1-40c7]:main():lattice-best-path.cc:99) For utterance 248-130697-0008, best cost 85.6515 + 14369.4 = 14455 over 1620 frames.
248-130697-0008 
LOG (lattice-best-path[5.5.0~1-40c7]:main():lattice-best-path.cc:99) For utterance 248-130697-0009, best cost 77.5589 + 15905.4 = 15983 over 1814 frames.
248-130697-0009 
LOG (lattice-best-path[5.5.0~1-40c7]:main():lattice-best-path.cc:99) For utterance 248-130697-0010, best cost 64.8421 + 19546.1 = 19610.9 over 2218 frames.
248-130697-0010 
LOG (lattice-best-path[5.5.0~1-40c7]:main():lattice-best-path.cc:99) For utterance 248-130697-0011, best cost 86.3917 + 17476.7 = 17563.1 over 2042 frames.
248-130697-0011 
LOG (lattice-best-path[5.5.0~1-40c7]:main():lattice-best-path.cc:99) For utterance 248-130697-0012, best cost 74.8776 + 13284.8 = 13359.7 over 1559 frames.
248-130697-0012 
LOG (lattice-best-path[5.5.0~1-40c7]:main():lattice-best-path.cc:99) For utterance 248-130697-0013, best cost 101.472 + 19888.8 = 19990.3 over 2263 frames.
248-130697-0013 
LOG (lattice-best-path[5.5.0~1-40c7]:main():lattice-best-path.cc:99) For utterance 248-130697-0014, best cost 70.9339 + 10577.1 = 10648 over 1277 frames.
248-130697-0014 
LOG (lattice-best-path[5.5.0~1-40c7]:main():lattice-best-path.cc:99) For utterance 248-130697-0015, best cost 70.2783 + 14027.5 = 14097.8 over 1654 frames.
248-130697-0015 
LOG (lattice-best-path[5.5.0~1-40c7]:main():lattice-best-path.cc:99) For utterance 248-130697-0016, best cost 107.646 + 18524.1 = 18631.8 over 2162 frames.
248-130697-0016 
LOG (lattice-best-path[5.5.0~1-40c7]:main():lattice-best-path.cc:99) For utterance 248-130697-0017, best cost 78.2535 + 15542.7 = 15620.9 over 1798 frames.
248-130697-0017 
LOG (lattice-best-path[5.5.0~1-40c7]:main():lattice-best-path.cc:99) For utterance 248-130697-0018, best cost 88.0527 + 18288.1 = 18376.2 over 2120 frames.
248-130697-0018 
LOG (lattice-best-path[5.5.0~1-40c7]:main():lattice-best-path.cc:99) For utterance 248-130697-0019, best cost 79.4467 + 18087.9 = 18167.4 over 2052 frames.
248-130697-0019 
LOG (lattice-best-path[5.5.0~1-40c7]:main():lattice-best-path.cc:99) For utterance 248-130697-0020, best cost 119.265 + 17696.8 = 17816 over 2003 frames.
248-130697-0020 
LOG (lattice-best-path[5.5.0~1-40c7]:main():lattice-best-path.cc:99) For utterance 248-130697-0021, best cost 72.9576 + 16261.9 = 16334.9 over 1835 frames.
248-130697-0021 
LOG (lattice-best-path[5.5.0~1-40c7]:main():lattice-best-path.cc:99) For utterance 248-130697-0022, best cost 55.6787 + 15388.3 = 15444 over 1726 frames.
248-130697-0022 
LOG (lattice-best-path[5.5.0~1-40c7]:main():lattice-best-path.cc:99) For utterance 248-130697-0023, best cost 83.8485 + 14817.2 = 14901 over 1719 frames.
248-130697-0023 
LOG (lattice-best-path[5.5.0~1-40c7]:main():lattice-best-path.cc:99) For utterance 248-130697-0024, best cost 108.385 + 18321 = 18429.4 over 2088 frames.
248-130697-0024 
LOG (lattice-best-path[5.5.0~1-40c7]:main():lattice-best-path.cc:99) For utterance 248-130697-0025, best cost 68.9581 + 12552.5 = 12621.5 over 1450 frames.
248-130697-0025 
LOG (lattice-best-path[5.5.0~1-40c7]:main():lattice-best-path.cc:99) For utterance 248-130697-0026, best cost 59.7383 + 12085.7 = 12145.4 over 1368 frames.
248-130697-0026 
LOG (lattice-best-path[5.5.0~1-40c7]:main():lattice-best-path.cc:99) For utterance 248-130697-0027, best cost 73.3406 + 14772.5 = 14845.8 over 1708 frames.
248-130697-0027 
LOG (lattice-best-path[5.5.0~1-40c7]:main():lattice-best-path.cc:99) For utterance 248-130697-0028, best cost 93.9557 + 16540.9 = 16634.8 over 1966 frames.
248-130697-0028 
LOG (lattice-best-path[5.5.0~1-40c7]:main():lattice-best-path.cc:99) For utterance 248-130697-0029, best cost 88.8698 + 15254.1 = 15342.9 over 1782 frames.
248-130697-0029 
LOG (lattice-best-path[5.5.0~1-40c7]:main():lattice-best-path.cc:99) For utterance 248-130697-0030, best cost 71.5544 + 17355.5 = 17427.1 over 2020 frames.
248-130697-0030 
LOG (lattice-best-path[5.5.0~1-40c7]:main():lattice-best-path.cc:99) For utterance 248-130697-0031, best cost 60.3586 + 16143 = 16203.3 over 1826 frames.
248-130697-0031 
LOG (lattice-best-path[5.5.0~1-40c7]:main():lattice-best-path.cc:99) For utterance 248-130697-0032, best cost 101.091 + 17353.8 = 17454.8 over 2023 frames.
248-130697-0032 
LOG (lattice-best-path[5.5.0~1-40c7]:main():lattice-best-path.cc:99) For utterance 248-130697-0033, best cost 27.1827 + 4588.96 = 4616.15 over 532 frames.
248-130697-0033 
LOG (lattice-best-path[5.5.0~1-40c7]:main():lattice-best-path.cc:99) For utterance 248-130697-0034, best cost 75.1061 + 17049.6 = 17124.7 over 1950 frames.
248-130697-0034 
LOG (lattice-best-path[5.5.0~1-40c7]:main():lattice-best-path.cc:99) For utterance 248-130697-0035, best cost 54.0486 + 13720.8 = 13774.9 over 1570 frames.
248-130697-0035 
LOG (lattice-best-path[5.5.0~1-40c7]:main():lattice-best-path.cc:99) For utterance 248-130697-0036, best cost 28.8143 + 4922.56 = 4951.37 over 561 frames.
248-130697-0036 
LOG (lattice-best-path[5.5.0~1-40c7]:main():lattice-best-path.cc:99) For utterance 302-123504-0000, best cost 116.647 + 19020.3 = 19136.9 over 1960 frames.
302-123504-0000 
LOG (lattice-best-path[5.5.0~1-40c7]:main():lattice-best-path.cc:99) For utterance 302-123504-0001, best cost 119.075 + 18490.7 = 18609.8 over 1901 frames.
302-123504-0001 
LOG (lattice-best-path[5.5.0~1-40c7]:main():lattice-best-path.cc:99) For utterance 302-123504-0002, best cost 138.715 + 20687.5 = 20826.2 over 2145 frames.
302-123504-0002 
LOG (lattice-best-path[5.5.0~1-40c7]:main():lattice-best-path.cc:99) For utterance 302-123504-0003, best cost 106.125 + 17143.3 = 17249.4 over 1801 frames.
302-123504-0003 
LOG (lattice-best-path[5.5.0~1-40c7]:main():lattice-best-path.cc:99) For utterance 302-123504-0004, best cost 131.913 + 22037.7 = 22169.7 over 2256 frames.
302-123504-0004 
LOG (lattice-best-path[5.5.0~1-40c7]:main():lattice-best-path.cc:99) For utterance 302-123504-0005, best cost 130.863 + 19875.9 = 20006.8 over 2046 frames.
302-123504-0005 
LOG (lattice-best-path[5.5.0~1-40c7]:main():lattice-best-path.cc:99) For utterance 302-123504-0006, best cost 103.14 + 16500.4 = 16603.6 over 1698 frames.
302-123504-0006 
LOG (lattice-best-path[5.5.0~1-40c7]:main():lattice-best-path.cc:99) For utterance 302-123504-0007, best cost 102.545 + 15550.1 = 15652.7 over 1619 frames.
302-123504-0007 
LOG (lattice-best-path[5.5.0~1-40c7]:main():lattice-best-path.cc:99) For utterance 302-123504-0008, best cost 114.905 + 18480.3 = 18595.2 over 1923 frames.
302-123504-0008 
LOG (lattice-best-path[5.5.0~1-40c7]:main():lattice-best-path.cc:99) For utterance 302-123504-0009, best cost 135.06 + 21016.4 = 21151.4 over 2188 frames.
302-123504-0009 
LOG (lattice-best-path[5.5.0~1-40c7]:main():lattice-best-path.cc:99) For utterance 302-123504-0010, best cost 117.491 + 20764.5 = 20882 over 2164 frames.
302-123504-0010 
LOG (lattice-best-path[5.5.0~1-40c7]:main():lattice-best-path.cc:99) For utterance 302-123504-0011, best cost 65.1033 + 9943.54 = 10008.6 over 1030 frames.
302-123504-0011 
LOG (lattice-best-path[5.5.0~1-40c7]:main():lattice-best-path.cc:99) For utterance 302-123504-0012, best cost 125.33 + 18553.6 = 18678.9 over 1917 frames.
302-123504-0012 
LOG (lattice-best-path[5.5.0~1-40c7]:main():lattice-best-path.cc:99) For utterance 302-123504-0013, best cost 148.332 + 20425.3 = 20573.6 over 2099 frames.
302-123504-0013 
LOG (lattice-best-path[5.5.0~1-40c7]:main():lattice-best-path.cc:99) For utterance 302-123504-0014, best cost 96.3208 + 21194.4 = 21290.7 over 2228 frames.
302-123504-0014 
LOG (lattice-best-path[5.5.0~1-40c7]:main():lattice-best-path.cc:99) For utterance 302-123504-0015, best cost 129.319 + 18209.5 = 18338.8 over 1873 frames.
302-123504-0015 
LOG (lattice-best-path[5.5.0~1-40c7]:main():lattice-best-path.cc:99) For utterance 302-123504-0016, best cost 92.3938 + 18079.2 = 18171.6 over 1869 frames.
302-123504-0016 
LOG (lattice-best-path[5.5.0~1-40c7]:main():lattice-best-path.cc:99) For utterance 302-123504-0017, best cost 96.3255 + 16963.7 = 17060 over 1715 frames.
302-123504-0017 
LOG (lattice-best-path[5.5.0~1-40c7]:main():lattice-best-path.cc:99) For utterance 302-123504-0018, best cost 101.903 + 16909.1 = 17011 over 1723 frames.
302-123504-0018 
LOG (lattice-best-path[5.5.0~1-40c7]:main():lattice-best-path.cc:99) For utterance 302-123504-0019, best cost 133.721 + 17706.5 = 17840.2 over 1817 frames.
302-123504-0019 
LOG (lattice-best-path[5.5.0~1-40c7]:main():lattice-best-path.cc:99) For utterance 302-123504-0020, best cost 107.197 + 20713.7 = 20820.9 over 2142 frames.
302-123504-0020 
LOG (lattice-best-path[5.5.0~1-40c7]:main():lattice-best-path.cc:99) For utterance 302-123504-0021, best cost 127.013 + 20912.1 = 21039.1 over 2188 frames.
302-123504-0021 
LOG (lattice-best-path[5.5.0~1-40c7]:main():lattice-best-path.cc:99) For utterance 302-123504-0022, best cost 145.772 + 19375.3 = 19521 over 2020 frames.
302-123504-0022 
LOG (lattice-best-path[5.5.0~1-40c7]:main():lattice-best-path.cc:99) For utterance 302-123504-0023, best cost 92.7571 + 18591.9 = 18684.6 over 1933 frames.
302-123504-0023 
LOG (lattice-best-path[5.5.0~1-40c7]:main():lattice-best-path.cc:99) For utterance 302-123504-0024, best cost 132.364 + 18015 = 18147.4 over 1860 frames.
302-123504-0024 
LOG (lattice-best-path[5.5.0~1-40c7]:main():lattice-best-path.cc:99) For utterance 302-123504-0025, best cost 111.945 + 20865.9 = 20977.9 over 2143 frames.
302-123504-0025 
LOG (lattice-best-path[5.5.0~1-40c7]:main():lattice-best-path.cc:99) For utterance 302-123504-0026, best cost 106.537 + 19005.8 = 19112.4 over 1964 frames.
302-123504-0026 
LOG (lattice-best-path[5.5.0~1-40c7]:main():lattice-best-path.cc:99) For utterance 302-123504-0027, best cost 121.646 + 20493.6 = 20615.3 over 2111 frames.
302-123504-0027 
LOG (lattice-best-path[5.5.0~1-40c7]:main():lattice-best-path.cc:99) For utterance 302-123504-0028, best cost 136.769 + 20562.1 = 20698.8 over 2122 frames.
302-123504-0028 
LOG (lattice-best-path[5.5.0~1-40c7]:main():lattice-best-path.cc:99) For utterance 302-123504-0029, best cost 104.455 + 19844.8 = 19949.3 over 2046 frames.
302-123504-0029 
LOG (lattice-best-path[5.5.0~1-40c7]:main():lattice-best-path.cc:99) For utterance 302-123504-0030, best cost 135.923 + 21489.3 = 21625.3 over 2234 frames.
302-123504-0030 
LOG (lattice-best-path[5.5.0~1-40c7]:main():lattice-best-path.cc:99) For utterance 302-123504-0031, best cost 108.84 + 20250.5 = 20359.4 over 2083 frames.
302-123504-0031 
LOG (lattice-best-path[5.5.0~1-40c7]:main():lattice-best-path.cc:99) For utterance 302-123504-0032, best cost 87.3245 + 19135.1 = 19222.4 over 1969 frames.
302-123504-0032 
LOG (lattice-best-path[5.5.0~1-40c7]:main():lattice-best-path.cc:99) For utterance 302-123504-0033, best cost 118.229 + 20244.7 = 20362.9 over 2078 frames.
302-123504-0033 
LOG (lattice-best-path[5.5.0~1-40c7]:main():lattice-best-path.cc:99) For utterance 302-123504-0034, best cost 129.582 + 18662.3 = 18791.9 over 1903 frames.
302-123504-0034 
LOG (lattice-best-path[5.5.0~1-40c7]:main():lattice-best-path.cc:99) For utterance 302-123504-0035, best cost 102.978 + 16093.8 = 16196.8 over 1646 frames.
302-123504-0035 
LOG (lattice-best-path[5.5.0~1-40c7]:main():lattice-best-path.cc:99) For utterance 302-123504-0036, best cost 123.153 + 19696.4 = 19819.6 over 2032 frames.
302-123504-0036 
LOG (lattice-best-path[5.5.0~1-40c7]:main():lattice-best-path.cc:99) For utterance 302-123504-0037, best cost 90.0261 + 10561.5 = 10651.5 over 1081 frames.
302-123504-0037 
LOG (lattice-best-path[5.5.0~1-40c7]:main():lattice-best-path.cc:99) For utterance 302-123516-0000, best cost 76.7282 + 15362.4 = 15439.2 over 1768 frames.
302-123516-0000 
LOG (lattice-best-path[5.5.0~1-40c7]:main():lattice-best-path.cc:99) For utterance 302-123516-0001, best cost 73.9614 + 17405.1 = 17479 over 1893 frames.
302-123516-0001 
LOG (lattice-best-path[5.5.0~1-40c7]:main():lattice-best-path.cc:99) For utterance 302-123516-0002, best cost 94.0137 + 20691.6 = 20785.6 over 2209 frames.
302-123516-0002 
LOG (lattice-best-path[5.5.0~1-40c7]:main():lattice-best-path.cc:99) For utterance 302-123516-0003, best cost 51.7273 + 11297.4 = 11349.2 over 1199 frames.
302-123516-0003 
LOG (lattice-best-path[5.5.0~1-40c7]:main():lattice-best-path.cc:99) For utterance 302-123516-0004, best cost 90.5379 + 19112.5 = 19203 over 2052 frames.
302-123516-0004 
LOG (lattice-best-path[5.5.0~1-40c7]:main():lattice-best-path.cc:99) For utterance 302-123516-0005, best cost 58.7763 + 14871.4 = 14930.2 over 1576 frames.
302-123516-0005 
LOG (lattice-best-path[5.5.0~1-40c7]:main():lattice-best-path.cc:99) For utterance 302-123516-0006, best cost 55.6032 + 14905.8 = 14961.4 over 1591 frames.
302-123516-0006 
LOG (lattice-best-path[5.5.0~1-40c7]:main():lattice-best-path.cc:99) For utterance 302-123516-0007, best cost 88.3673 + 18161.7 = 18250 over 1927 frames.
302-123516-0007 
LOG (lattice-best-path[5.5.0~1-40c7]:main():lattice-best-path.cc:99) For utterance 302-123516-0008, best cost 95.1181 + 20272.7 = 20367.8 over 2150 frames.
302-123516-0008 
LOG (lattice-best-path[5.5.0~1-40c7]:main():lattice-best-path.cc:99) For utterance 302-123516-0009, best cost 88.8448 + 19701.8 = 19790.6 over 2097 frames.
302-123516-0009 
LOG (lattice-best-path[5.5.0~1-40c7]:main():lattice-best-path.cc:99) For utterance 302-123516-0010, best cost 142.548 + 21121.5 = 21264.1 over 2245 frames.
302-123516-0010 
LOG (lattice-best-path[5.5.0~1-40c7]:main():lattice-best-path.cc:99) For utterance 302-123516-0011, best cost 72.7143 + 16692.8 = 16765.6 over 1801 frames.
302-123516-0011 
LOG (lattice-best-path[5.5.0~1-40c7]:main():lattice-best-path.cc:99) For utterance 302-123516-0012, best cost 92.2829 + 20486.4 = 20578.7 over 2184 frames.
302-123516-0012 
LOG (lattice-best-path[5.5.0~1-40c7]:main():lattice-best-path.cc:99) For utterance 302-123516-0013, best cost 113.927 + 21155.7 = 21269.6 over 2259 frames.
302-123516-0013 
LOG (lattice-best-path[5.5.0~1-40c7]:main():lattice-best-path.cc:99) For utterance 302-123516-0014, best cost 80.3115 + 20377.1 = 20457.4 over 2167 frames.
302-123516-0014 
LOG (lattice-best-path[5.5.0~1-40c7]:main():lattice-best-path.cc:99) For utterance 302-123516-0015, best cost 79.4826 + 14559.8 = 14639.3 over 1560 frames.
302-123516-0015 
LOG (lattice-best-path[5.5.0~1-40c7]:main():lattice-best-path.cc:99) For utterance 302-123516-0016, best cost 81.2941 + 18236.7 = 18318 over 1927 frames.
302-123516-0016 
LOG (lattice-best-path[5.5.0~1-40c7]:main():lattice-best-path.cc:99) For utterance 302-123516-0017, best cost 98.6044 + 18500.7 = 18599.3 over 1962 frames.
302-123516-0017 
LOG (lattice-best-path[5.5.0~1-40c7]:main():lattice-best-path.cc:99) For utterance 302-123516-0018, best cost 72.7049 + 11604.8 = 11677.5 over 1251 frames.
302-123516-0018 
LOG (lattice-best-path[5.5.0~1-40c7]:main():lattice-best-path.cc:99) For utterance 302-123516-0019, best cost 70.5429 + 10669.2 = 10739.8 over 1127 frames.
302-123516-0019 
LOG (lattice-best-path[5.5.0~1-40c7]:main():lattice-best-path.cc:99) For utterance 302-123516-0020, best cost 65.1036 + 11932.8 = 11997.9 over 1296 frames.
302-123516-0020 
LOG (lattice-best-path[5.5.0~1-40c7]:main():lattice-best-path.cc:99) For utterance 302-123516-0021, best cost 70.6457 + 18949.7 = 19020.4 over 2006 frames.
302-123516-0021 
LOG (lattice-best-path[5.5.0~1-40c7]:main():lattice-best-path.cc:99) For utterance 302-123516-0022, best cost 78.6772 + 14886.1 = 14964.8 over 1586 frames.
302-123516-0022 
LOG (lattice-best-path[5.5.0~1-40c7]:main():lattice-best-path.cc:99) For utterance 302-123516-0023, best cost 80.9116 + 21050.9 = 21131.8 over 2226 frames.
302-123516-0023 
LOG (lattice-best-path[5.5.0~1-40c7]:main():lattice-best-path.cc:99) For utterance 302-123516-0024, best cost 40.1445 + 5649.88 = 5690.02 over 600 frames.
302-123516-0024 
LOG (lattice-best-path[5.5.0~1-40c7]:main():lattice-best-path.cc:99) For utterance 302-123516-0025, best cost 66.1493 + 16927.7 = 16993.9 over 1801 frames.
302-123516-0025 
LOG (lattice-best-path[5.5.0~1-40c7]:main():lattice-best-path.cc:99) For utterance 302-123516-0026, best cost 65.3154 + 18842 = 18907.3 over 2007 frames.
302-123516-0026 
LOG (lattice-best-path[5.5.0~1-40c7]:main():lattice-best-path.cc:99) For utterance 302-123516-0027, best cost 89.3887 + 19455.1 = 19544.4 over 2074 frames.
302-123516-0027 
LOG (lattice-best-path[5.5.0~1-40c7]:main():lattice-best-path.cc:99) For utterance 302-123516-0028, best cost 79.5952 + 19370.9 = 19450.5 over 2052 frames.
302-123516-0028 
LOG (lattice-best-path[5.5.0~1-40c7]:main():lattice-best-path.cc:99) For utterance 302-123516-0029, best cost 92.4926 + 19922.6 = 20015 over 2107 frames.
302-123516-0029 
LOG (lattice-best-path[5.5.0~1-40c7]:main():lattice-best-path.cc:99) For utterance 302-123516-0030, best cost 41.1419 + 8771.31 = 8812.45 over 931 frames.
302-123516-0030 
LOG (lattice-best-path[5.5.0~1-40c7]:main():lattice-best-path.cc:99) For utterance 302-123516-0031, best cost 90.4843 + 18671.7 = 18762.1 over 1994 frames.
302-123516-0031 
LOG (lattice-best-path[5.5.0~1-40c7]:main():lattice-best-path.cc:99) For utterance 302-123516-0032, best cost 67.8746 + 8912.11 = 8979.98 over 963 frames.
302-123516-0032 
LOG (lattice-best-path[5.5.0~1-40c7]:main():lattice-best-path.cc:99) For utterance 302-123516-0033, best cost 60.3091 + 14560.4 = 14620.7 over 1567 frames.
302-123516-0033 
LOG (lattice-best-path[5.5.0~1-40c7]:main():lattice-best-path.cc:99) For utterance 302-123516-0034, best cost 24.3483 + 3494.43 = 3518.78 over 369 frames.
302-123516-0034 
LOG (lattice-best-path[5.5.0~1-40c7]:main():lattice-best-path.cc:99) For utterance 302-123516-0035, best cost 113.413 + 18931.2 = 19044.7 over 2025 frames.
302-123516-0035 
LOG (lattice-best-path[5.5.0~1-40c7]:main():lattice-best-path.cc:99) For utterance 302-123523-0000, best cost 101.951 + 20705.8 = 20807.7 over 2141 frames.
302-123523-0000 
LOG (lattice-best-path[5.5.0~1-40c7]:main():lattice-best-path.cc:99) For utterance 302-123523-0001, best cost 40.7005 + 8915.87 = 8956.57 over 941 frames.
302-123523-0001 
LOG (lattice-best-path[5.5.0~1-40c7]:main():lattice-best-path.cc:99) For utterance 302-123523-0002, best cost 92.9601 + 21522.8 = 21615.8 over 2242 frames.
302-123523-0002 
LOG (lattice-best-path[5.5.0~1-40c7]:main():lattice-best-path.cc:99) For utterance 302-123523-0003, best cost 91.9896 + 21585.7 = 21677.7 over 2293 frames.
302-123523-0003 
LOG (lattice-best-path[5.5.0~1-40c7]:main():lattice-best-path.cc:99) For utterance 302-123523-0004, best cost 75.3179 + 15862.9 = 15938.2 over 1672 frames.
302-123523-0004 
LOG (lattice-best-path[5.5.0~1-40c7]:main():lattice-best-path.cc:99) For utterance 302-123523-0005, best cost 69.2919 + 17157.8 = 17227.1 over 1814 frames.
302-123523-0005 
LOG (lattice-best-path[5.5.0~1-40c7]:main():lattice-best-path.cc:99) For utterance 302-123523-0006, best cost 69.6739 + 18042.5 = 18112.2 over 1895 frames.
302-123523-0006 
LOG (lattice-best-path[5.5.0~1-40c7]:main():lattice-best-path.cc:99) For utterance 302-123523-0007, best cost 72.9361 + 18526.4 = 18599.3 over 1959 frames.
302-123523-0007 
LOG (lattice-best-path[5.5.0~1-40c7]:main():lattice-best-path.cc:99) For utterance 302-123523-0008, best cost 104.41 + 20264.9 = 20369.3 over 2147 frames.
302-123523-0008 
LOG (lattice-best-path[5.5.0~1-40c7]:main():lattice-best-path.cc:99) For utterance 302-123523-0009, best cost 91.1637 + 20848.5 = 20939.7 over 2195 frames.
302-123523-0009 
LOG (lattice-best-path[5.5.0~1-40c7]:main():lattice-best-path.cc:99) For utterance 302-123523-0010, best cost 75.6892 + 17745.6 = 17821.3 over 1881 frames.
302-123523-0010 
LOG (lattice-best-path[5.5.0~1-40c7]:main():lattice-best-path.cc:99) For utterance 302-123523-0011, best cost 90.8115 + 18413.3 = 18504.1 over 1960 frames.
302-123523-0011 
LOG (lattice-best-path[5.5.0~1-40c7]:main():lattice-best-path.cc:99) For utterance 302-123523-0012, best cost 72.6048 + 19529.3 = 19601.9 over 2064 frames.
302-123523-0012 
LOG (lattice-best-path[5.5.0~1-40c7]:main():lattice-best-path.cc:99) For utterance 302-123523-0013, best cost 91.5133 + 18640.8 = 18732.3 over 1936 frames.
302-123523-0013 
LOG (lattice-best-path[5.5.0~1-40c7]:main():lattice-best-path.cc:99) For utterance 302-123523-0014, best cost 98.1999 + 19288.5 = 19386.7 over 2008 frames.
302-123523-0014 
LOG (lattice-best-path[5.5.0~1-40c7]:main():lattice-best-path.cc:99) For utterance 302-123523-0015, best cost 96.1455 + 18802.3 = 18898.4 over 1996 frames.
302-123523-0015 
LOG (lattice-best-path[5.5.0~1-40c7]:main():lattice-best-path.cc:99) For utterance 302-123523-0016, best cost 54.105 + 13841.9 = 13896 over 1460 frames.
302-123523-0016 
LOG (lattice-best-path[5.5.0~1-40c7]:main():lattice-best-path.cc:99) For utterance 302-123523-0017, best cost 82.9758 + 19117.3 = 19200.2 over 2028 frames.
302-123523-0017 
LOG (lattice-best-path[5.5.0~1-40c7]:main():lattice-best-path.cc:99) For utterance 302-123523-0018, best cost 83.0144 + 19310.2 = 19393.2 over 2042 frames.
302-123523-0018 
LOG (lattice-best-path[5.5.0~1-40c7]:main():lattice-best-path.cc:99) For utterance 302-123523-0019, best cost 74.296 + 17975.3 = 18049.6 over 1877 frames.
302-123523-0019 
LOG (lattice-best-path[5.5.0~1-40c7]:main():lattice-best-path.cc:99) For utterance 302-123523-0020, best cost 95.4789 + 20418.6 = 20514.1 over 2139 frames.
302-123523-0020 
LOG (lattice-best-path[5.5.0~1-40c7]:main():lattice-best-path.cc:99) For utterance 302-123523-0021, best cost 25.0986 + 4327.92 = 4353.02 over 463 frames.
302-123523-0021 
LOG (lattice-best-path[5.5.0~1-40c7]:main():lattice-best-path.cc:99) For utterance 302-123523-0022, best cost 75.4256 + 14286.5 = 14361.9 over 1505 frames.
302-123523-0022 
LOG (lattice-best-path[5.5.0~1-40c7]:main():lattice-best-path.cc:99) For utterance 302-123523-0023, best cost 91.7063 + 18027.6 = 18119.3 over 1926 frames.
302-123523-0023 
LOG (lattice-best-path[5.5.0~1-40c7]:main():lattice-best-path.cc:99) For utterance 302-123523-0024, best cost 57.7395 + 14331.1 = 14388.9 over 1511 frames.
302-123523-0024 
LOG (lattice-best-path[5.5.0~1-40c7]:main():lattice-best-path.cc:99) For utterance 302-123523-0025, best cost 99.9687 + 22425.8 = 22525.8 over 2390 frames.
302-123523-0025 
LOG (lattice-best-path[5.5.0~1-40c7]:main():lattice-best-path.cc:99) For utterance 302-123523-0026, best cost 69.5095 + 19314.3 = 19383.8 over 2036 frames.
302-123523-0026 
LOG (lattice-best-path[5.5.0~1-40c7]:main():lattice-best-path.cc:99) For utterance 302-123523-0027, best cost 74.602 + 18639.2 = 18713.8 over 1980 frames.
302-123523-0027 
LOG (lattice-best-path[5.5.0~1-40c7]:main():lattice-best-path.cc:99) For utterance 302-123523-0028, best cost 80.7527 + 15587.9 = 15668.6 over 1687 frames.
302-123523-0028 
LOG (lattice-best-path[5.5.0~1-40c7]:main():lattice-best-path.cc:99) For utterance 302-123523-0029, best cost 54.7328 + 17881 = 17935.8 over 1914 frames.
302-123523-0029 
LOG (lattice-best-path[5.5.0~1-40c7]:main():lattice-best-path.cc:99) For utterance 302-123523-0030, best cost 100.047 + 21102 = 21202.1 over 2248 frames.
302-123523-0030 
LOG (lattice-best-path[5.5.0~1-40c7]:main():lattice-best-path.cc:99) For utterance 302-123523-0031, best cost 107.656 + 20028.4 = 20136.1 over 2137 frames.
302-123523-0031 
LOG (lattice-best-path[5.5.0~1-40c7]:main():lattice-best-path.cc:99) For utterance 302-123523-0032, best cost 91.5876 + 20539.8 = 20631.4 over 2178 frames.
302-123523-0032 
LOG (lattice-best-path[5.5.0~1-40c7]:main():lattice-best-path.cc:99) For utterance 302-123523-0033, best cost 68.9204 + 18016.7 = 18085.7 over 1938 frames.
302-123523-0033 
LOG (lattice-best-path[5.5.0~1-40c7]:main():lattice-best-path.cc:99) For utterance 302-123523-0034, best cost 86.2067 + 16868.7 = 16954.9 over 1798 frames.
302-123523-0034 
LOG (lattice-best-path[5.5.0~1-40c7]:main():lattice-best-path.cc:99) For utterance 302-123523-0035, best cost 55.3214 + 15531 = 15586.4 over 1663 frames.
302-123523-0035 
LOG (lattice-best-path[5.5.0~1-40c7]:main():lattice-best-path.cc:99) For utterance 302-123523-0036, best cost 90.7069 + 17204.5 = 17295.2 over 1823 frames.
302-123523-0036 
LOG (lattice-best-path[5.5.0~1-40c7]:main():lattice-best-path.cc:99) For utterance 302-123523-0037, best cost 115.845 + 21432.1 = 21547.9 over 2284 frames.
302-123523-0037 
LOG (lattice-best-path[5.5.0~1-40c7]:main():lattice-best-path.cc:99) For utterance 302-123523-0038, best cost 88.427 + 20179.1 = 20267.5 over 2123 frames.
302-123523-0038 
LOG (lattice-best-path[5.5.0~1-40c7]:main():lattice-best-path.cc:99) For utterance 78-368-0000, best cost 88.1841 + 17080.9 = 17169.1 over 2028 frames.
78-368-0000 
LOG (lattice-best-path[5.5.0~1-40c7]:main():lattice-best-path.cc:99) For utterance 78-368-0001, best cost 74.7519 + 12689.5 = 12764.2 over 1476 frames.
78-368-0001 
LOG (lattice-best-path[5.5.0~1-40c7]:main():lattice-best-path.cc:99) For utterance 78-368-0002, best cost 95.9089 + 16138 = 16233.9 over 1864 frames.
78-368-0002 
LOG (lattice-best-path[5.5.0~1-40c7]:main():lattice-best-path.cc:99) For utterance 78-368-0003, best cost 81.3181 + 16870.3 = 16951.6 over 1969 frames.
78-368-0003 
LOG (lattice-best-path[5.5.0~1-40c7]:main():lattice-best-path.cc:99) For utterance 78-368-0004, best cost 114.07 + 16477.8 = 16591.8 over 1950 frames.
78-368-0004 
LOG (lattice-best-path[5.5.0~1-40c7]:main():lattice-best-path.cc:99) For utterance 78-368-0005, best cost 122.286 + 20380.8 = 20503 over 2352 frames.
78-368-0005 
LOG (lattice-best-path[5.5.0~1-40c7]:main():lattice-best-path.cc:99) For utterance 78-368-0006, best cost 83.7899 + 10910.3 = 10994.1 over 1284 frames.
78-368-0006 
LOG (lattice-best-path[5.5.0~1-40c7]:main():lattice-best-path.cc:99) For utterance 78-368-0007, best cost 80.8655 + 10406.8 = 10487.7 over 1201 frames.
78-368-0007 
LOG (lattice-best-path[5.5.0~1-40c7]:main():lattice-best-path.cc:99) For utterance 78-368-0008, best cost 125.199 + 19542.4 = 19667.6 over 2285 frames.
78-368-0008 
LOG (lattice-best-path[5.5.0~1-40c7]:main():lattice-best-path.cc:99) For utterance 78-368-0009, best cost 135.107 + 16039.8 = 16174.9 over 1941 frames.
78-368-0009 
LOG (lattice-best-path[5.5.0~1-40c7]:main():lattice-best-path.cc:99) For utterance 78-368-0010, best cost 68.7192 + 11291.2 = 11359.9 over 1373 frames.
78-368-0010 
LOG (lattice-best-path[5.5.0~1-40c7]:main():lattice-best-path.cc:99) For utterance 78-368-0011, best cost 84.692 + 14046.3 = 14130.9 over 1672 frames.
78-368-0011 
LOG (lattice-best-path[5.5.0~1-40c7]:main():lattice-best-path.cc:99) For utterance 78-368-0012, best cost 128.612 + 18470.3 = 18598.9 over 2173 frames.
78-368-0012 
LOG (lattice-best-path[5.5.0~1-40c7]:main():lattice-best-path.cc:99) For utterance 78-368-0013, best cost 101.768 + 15005.7 = 15107.5 over 1756 frames.
78-368-0013 
LOG (lattice-best-path[5.5.0~1-40c7]:main():lattice-best-path.cc:99) For utterance 78-368-0014, best cost 131.596 + 15958.4 = 16090 over 1868 frames.
78-368-0014 
LOG (lattice-best-path[5.5.0~1-40c7]:main():lattice-best-path.cc:99) For utterance 78-368-0015, best cost 106.995 + 15418.7 = 15525.7 over 1825 frames.
78-368-0015 
LOG (lattice-best-path[5.5.0~1-40c7]:main():lattice-best-path.cc:99) For utterance 78-368-0016, best cost 72.1784 + 9486.31 = 9558.49 over 1140 frames.
78-368-0016 
LOG (lattice-best-path[5.5.0~1-40c7]:main():lattice-best-path.cc:99) For utterance 78-368-0017, best cost 106.57 + 18053.6 = 18160.2 over 2083 frames.
78-368-0017 
LOG (lattice-best-path[5.5.0~1-40c7]:main():lattice-best-path.cc:99) For utterance 78-368-0018, best cost 119.878 + 18200.8 = 18320.7 over 2116 frames.
78-368-0018 
LOG (lattice-best-path[5.5.0~1-40c7]:main():lattice-best-path.cc:99) For utterance 78-368-0019, best cost 103.983 + 18084.6 = 18188.6 over 2143 frames.
78-368-0019 
LOG (lattice-best-path[5.5.0~1-40c7]:main():lattice-best-path.cc:99) For utterance 78-368-0020, best cost 73.6933 + 10875.3 = 10949 over 1284 frames.
78-368-0020 
LOG (lattice-best-path[5.5.0~1-40c7]:main():lattice-best-path.cc:99) For utterance 78-368-0021, best cost 112.08 + 15766.6 = 15878.7 over 1876 frames.
78-368-0021 
LOG (lattice-best-path[5.5.0~1-40c7]:main():lattice-best-path.cc:99) For utterance 78-368-0022, best cost 103.304 + 11687.5 = 11790.8 over 1384 frames.
78-368-0022 
LOG (lattice-best-path[5.5.0~1-40c7]:main():lattice-best-path.cc:99) For utterance 78-368-0023, best cost 109.294 + 13654.2 = 13763.5 over 1616 frames.
78-368-0023 
LOG (lattice-best-path[5.5.0~1-40c7]:main():lattice-best-path.cc:99) For utterance 78-368-0024, best cost 103.558 + 14164.8 = 14268.3 over 1669 frames.
78-368-0024 
LOG (lattice-best-path[5.5.0~1-40c7]:main():lattice-best-path.cc:99) For utterance 78-368-0025, best cost 56.8138 + 6998.3 = 7055.11 over 821 frames.
78-368-0025 
LOG (lattice-best-path[5.5.0~1-40c7]:main():lattice-best-path.cc:99) For utterance 78-368-0026, best cost 124.486 + 18915.2 = 19039.7 over 2233 frames.
78-368-0026 
LOG (lattice-best-path[5.5.0~1-40c7]:main():lattice-best-path.cc:99) For utterance 78-368-0027, best cost 90.6691 + 15850.4 = 15941.1 over 1853 frames.
78-368-0027 
LOG (lattice-best-path[5.5.0~1-40c7]:main():lattice-best-path.cc:99) For utterance 78-368-0028, best cost 75.8965 + 10945.1 = 11021 over 1357 frames.
78-368-0028 
LOG (lattice-best-path[5.5.0~1-40c7]:main():lattice-best-path.cc:99) For utterance 78-368-0029, best cost 84.8516 + 17410.3 = 17495.2 over 2113 frames.
78-368-0029 
LOG (lattice-best-path[5.5.0~1-40c7]:main():lattice-best-path.cc:99) For utterance 78-368-0030, best cost 99.0568 + 15187.6 = 15286.7 over 1788 frames.
78-368-0030 
LOG (lattice-best-path[5.5.0~1-40c7]:main():lattice-best-path.cc:99) For utterance 78-368-0031, best cost 23.8962 + 4203.45 = 4227.35 over 493 frames.
78-368-0031 
LOG (lattice-best-path[5.5.0~1-40c7]:main():lattice-best-path.cc:99) For utterance 78-368-0032, best cost 110.555 + 19274.4 = 19384.9 over 2260 frames.
78-368-0032 
LOG (lattice-best-path[5.5.0~1-40c7]:main():lattice-best-path.cc:99) For utterance 78-368-0033, best cost 95.1108 + 16023.4 = 16118.5 over 1919 frames.
78-368-0033 
LOG (lattice-best-path[5.5.0~1-40c7]:main():lattice-best-path.cc:99) For utterance 78-368-0034, best cost 25.213 + 8971.28 = 8996.49 over 1026 frames.
78-368-0034 
LOG (lattice-best-path[5.5.0~1-40c7]:main():lattice-best-path.cc:99) For utterance 78-368-0035, best cost 97.1089 + 16861.2 = 16958.3 over 2011 frames.
78-368-0035 
LOG (lattice-best-path[5.5.0~1-40c7]:main():lattice-best-path.cc:99) For utterance 78-368-0036, best cost 84.2078 + 13688.3 = 13772.6 over 1581 frames.
78-368-0036 
LOG (lattice-best-path[5.5.0~1-40c7]:main():lattice-best-path.cc:99) For utterance 78-368-0037, best cost 73.8785 + 14245.6 = 14319.5 over 1701 frames.
78-368-0037 
LOG (lattice-best-path[5.5.0~1-40c7]:main():lattice-best-path.cc:99) For utterance 78-368-0038, best cost 33.3868 + 4419.6 = 4452.98 over 504 frames.
78-368-0038 
LOG (lattice-best-path[5.5.0~1-40c7]:main():lattice-best-path.cc:99) For utterance 78-368-0039, best cost 111.143 + 17844.3 = 17955.5 over 2099 frames.
78-368-0039 
LOG (lattice-best-path[5.5.0~1-40c7]:main():lattice-best-path.cc:99) For utterance 78-368-0040, best cost 109.972 + 18081.7 = 18191.7 over 2111 frames.
78-368-0040 
LOG (lattice-best-path[5.5.0~1-40c7]:main():lattice-best-path.cc:99) For utterance 78-368-0041, best cost 72.0045 + 12616.8 = 12688.8 over 1450 frames.
78-368-0041 
LOG (lattice-best-path[5.5.0~1-40c7]:main():lattice-best-path.cc:99) For utterance 78-368-0042, best cost 28.0751 + 3047.54 = 3075.61 over 356 frames.
78-368-0042 
LOG (lattice-best-path[5.5.0~1-40c7]:main():lattice-best-path.cc:99) For utterance 78-368-0043, best cost 80.5866 + 13766.3 = 13846.9 over 1554 frames.
78-368-0043 
LOG (lattice-best-path[5.5.0~1-40c7]:main():lattice-best-path.cc:99) For utterance 78-368-0044, best cost 32.4003 + 9439.68 = 9472.08 over 1073 frames.
78-368-0044 
LOG (lattice-best-path[5.5.0~1-40c7]:main():lattice-best-path.cc:99) For utterance 78-368-0045, best cost 100.26 + 16301.2 = 16401.5 over 1934 frames.
78-368-0045 
LOG (lattice-best-path[5.5.0~1-40c7]:main():lattice-best-path.cc:99) For utterance 78-368-0046, best cost 110.648 + 15937.8 = 16048.5 over 1827 frames.
78-368-0046 
LOG (lattice-best-path[5.5.0~1-40c7]:main():lattice-best-path.cc:99) For utterance 78-368-0047, best cost 91.2962 + 16823.6 = 16914.9 over 1945 frames.
78-368-0047 
LOG (lattice-best-path[5.5.0~1-40c7]:main():lattice-best-path.cc:99) For utterance 78-368-0048, best cost 77.795 + 14520.3 = 14598.1 over 1629 frames.
78-368-0048 
LOG (lattice-best-path[5.5.0~1-40c7]:main():lattice-best-path.cc:99) For utterance 78-368-0049, best cost 97.5013 + 18647.2 = 18744.7 over 2106 frames.
78-368-0049 
LOG (lattice-best-path[5.5.0~1-40c7]:main():lattice-best-path.cc:99) For utterance 78-368-0050, best cost 59.0607 + 10076.6 = 10135.7 over 1181 frames.
78-368-0050 
LOG (lattice-best-path[5.5.0~1-40c7]:main():lattice-best-path.cc:99) For utterance 78-368-0051, best cost 115.313 + 20065.4 = 20180.7 over 2321 frames.
78-368-0051 
LOG (lattice-best-path[5.5.0~1-40c7]:main():lattice-best-path.cc:99) For utterance 78-368-0052, best cost 107.426 + 15785.3 = 15892.7 over 1832 frames.
78-368-0052 
LOG (lattice-best-path[5.5.0~1-40c7]:main():lattice-best-path.cc:99) For utterance 78-368-0053, best cost 46.4239 + 5125.53 = 5171.95 over 580 frames.
78-368-0053 
LOG (lattice-best-path[5.5.0~1-40c7]:main():lattice-best-path.cc:99) For utterance 78-369-0000, best cost 83.2675 + 15541.8 = 15625.1 over 1976 frames.
78-369-0000 
LOG (lattice-best-path[5.5.0~1-40c7]:main():lattice-best-path.cc:99) For utterance 78-369-0001, best cost 99.6413 + 12698.8 = 12798.5 over 1507 frames.
78-369-0001 
LOG (lattice-best-path[5.5.0~1-40c7]:main():lattice-best-path.cc:99) For utterance 78-369-0002, best cost 100.666 + 15187.6 = 15288.3 over 1843 frames.
78-369-0002 
LOG (lattice-best-path[5.5.0~1-40c7]:main():lattice-best-path.cc:99) For utterance 78-369-0003, best cost 66.1894 + 11180.2 = 11246.3 over 1325 frames.
78-369-0003 
LOG (lattice-best-path[5.5.0~1-40c7]:main():lattice-best-path.cc:99) For utterance 78-369-0004, best cost 89.2911 + 15982.1 = 16071.4 over 1989 frames.
78-369-0004 
LOG (lattice-best-path[5.5.0~1-40c7]:main():lattice-best-path.cc:99) For utterance 78-369-0005, best cost 103.767 + 15495.5 = 15599.2 over 1875 frames.
78-369-0005 
LOG (lattice-best-path[5.5.0~1-40c7]:main():lattice-best-path.cc:99) For utterance 78-369-0006, best cost 127.925 + 18079.6 = 18207.5 over 2197 frames.
78-369-0006 
LOG (lattice-best-path[5.5.0~1-40c7]:main():lattice-best-path.cc:99) For utterance 78-369-0007, best cost 47.71 + 11714.7 = 11762.5 over 1457 frames.
78-369-0007 
LOG (lattice-best-path[5.5.0~1-40c7]:main():lattice-best-path.cc:99) For utterance 78-369-0008, best cost 109.413 + 16615.1 = 16724.5 over 2023 frames.
78-369-0008 
LOG (lattice-best-path[5.5.0~1-40c7]:main():lattice-best-path.cc:99) For utterance 78-369-0009, best cost 104.809 + 17939.2 = 18044 over 2139 frames.
78-369-0009 
LOG (lattice-best-path[5.5.0~1-40c7]:main():lattice-best-path.cc:99) For utterance 78-369-0010, best cost 73.8169 + 13164.6 = 13238.4 over 1575 frames.
78-369-0010 
LOG (lattice-best-path[5.5.0~1-40c7]:main():lattice-best-path.cc:99) For utterance 78-369-0011, best cost 73.3389 + 17044.1 = 17117.4 over 2102 frames.
78-369-0011 
LOG (lattice-best-path[5.5.0~1-40c7]:main():lattice-best-path.cc:99) For utterance 78-369-0012, best cost 78.3649 + 10943 = 11021.3 over 1339 frames.
78-369-0012 
LOG (lattice-best-path[5.5.0~1-40c7]:main():lattice-best-path.cc:99) For utterance 78-369-0013, best cost 74.0182 + 10436.7 = 10510.7 over 1276 frames.
78-369-0013 
LOG (lattice-best-path[5.5.0~1-40c7]:main():lattice-best-path.cc:99) For utterance 78-369-0014, best cost 50.499 + 11494.5 = 11545 over 1411 frames.
78-369-0014 
LOG (lattice-best-path[5.5.0~1-40c7]:main():lattice-best-path.cc:99) For utterance 78-369-0015, best cost 127.4 + 18369.6 = 18497 over 2229 frames.
78-369-0015 
LOG (lattice-best-path[5.5.0~1-40c7]:main():lattice-best-path.cc:99) For utterance 78-369-0016, best cost 103.086 + 16437.2 = 16540.3 over 1966 frames.
78-369-0016 
LOG (lattice-best-path[5.5.0~1-40c7]:main():lattice-best-path.cc:99) For utterance 78-369-0017, best cost 132.787 + 15823.4 = 15956.2 over 1890 frames.
78-369-0017 
LOG (lattice-best-path[5.5.0~1-40c7]:main():lattice-best-path.cc:99) For utterance 78-369-0018, best cost 99.4627 + 14392.8 = 14492.2 over 1746 frames.
78-369-0018 
LOG (lattice-best-path[5.5.0~1-40c7]:main():lattice-best-path.cc:99) For utterance 78-369-0019, best cost 93.0802 + 15646.6 = 15739.7 over 1854 frames.
78-369-0019 
LOG (lattice-best-path[5.5.0~1-40c7]:main():lattice-best-path.cc:99) For utterance 78-369-0020, best cost 84.2189 + 10812.3 = 10896.5 over 1316 frames.
78-369-0020 
LOG (lattice-best-path[5.5.0~1-40c7]:main():lattice-best-path.cc:99) For utterance 78-369-0021, best cost 96.6769 + 15207.3 = 15303.9 over 1871 frames.
78-369-0021 
LOG (lattice-best-path[5.5.0~1-40c7]:main():lattice-best-path.cc:99) For utterance 78-369-0022, best cost 127.59 + 18048.5 = 18176.1 over 2136 frames.
78-369-0022 
LOG (lattice-best-path[5.5.0~1-40c7]:main():lattice-best-path.cc:99) For utterance 78-369-0023, best cost 39.432 + 20505.9 = 20545.3 over 2397 frames.
78-369-0023 
LOG (lattice-best-path[5.5.0~1-40c7]:main():lattice-best-path.cc:99) For utterance 78-369-0024, best cost 103.697 + 16714.3 = 16818 over 1989 frames.
78-369-0024 
LOG (lattice-best-path[5.5.0~1-40c7]:main():lattice-best-path.cc:99) For utterance 78-369-0025, best cost 98.3131 + 17074.4 = 17172.7 over 2035 frames.
78-369-0025 
LOG (lattice-best-path[5.5.0~1-40c7]:main():lattice-best-path.cc:99) For utterance 78-369-0026, best cost 67.1218 + 10812.3 = 10879.4 over 1303 frames.
78-369-0026 
LOG (lattice-best-path[5.5.0~1-40c7]:main():lattice-best-path.cc:99) For utterance 78-369-0027, best cost 51.0141 + 19486.9 = 19537.9 over 2298 frames.
78-369-0027 
LOG (lattice-best-path[5.5.0~1-40c7]:main():lattice-best-path.cc:99) For utterance 78-369-0028, best cost 77.6306 + 13889.2 = 13966.9 over 1735 frames.
78-369-0028 
LOG (lattice-best-path[5.5.0~1-40c7]:main():lattice-best-path.cc:99) For utterance 78-369-0029, best cost 87.4129 + 11274 = 11361.4 over 1369 frames.
78-369-0029 
LOG (lattice-best-path[5.5.0~1-40c7]:main():lattice-best-path.cc:99) For utterance 78-369-0030, best cost 76.9303 + 12419.1 = 12496.1 over 1477 frames.
78-369-0030 
LOG (lattice-best-path[5.5.0~1-40c7]:main():lattice-best-path.cc:99) For utterance 78-369-0031, best cost 47.1245 + 15509.6 = 15556.7 over 1885 frames.
78-369-0031 
LOG (lattice-best-path[5.5.0~1-40c7]:main():lattice-best-path.cc:99) For utterance 78-369-0032, best cost 99.8181 + 17734.2 = 17834 over 2073 frames.
78-369-0032 
LOG (lattice-best-path[5.5.0~1-40c7]:main():lattice-best-path.cc:99) For utterance 78-369-0033, best cost 97.3548 + 14451.1 = 14548.5 over 1703 frames.
78-369-0033 
LOG (lattice-best-path[5.5.0~1-40c7]:main():lattice-best-path.cc:99) For utterance 78-369-0034, best cost 108.789 + 17603.7 = 17712.5 over 2095 frames.
78-369-0034 
LOG (lattice-best-path[5.5.0~1-40c7]:main():lattice-best-path.cc:99) For utterance 78-369-0035, best cost 57.8488 + 11023.9 = 11081.7 over 1354 frames.
78-369-0035 
LOG (lattice-best-path[5.5.0~1-40c7]:main():lattice-best-path.cc:99) For utterance 78-369-0036, best cost 38.5992 + 16600.7 = 16639.3 over 1911 frames.
78-369-0036 
LOG (lattice-best-path[5.5.0~1-40c7]:main():lattice-best-path.cc:99) For utterance 78-369-0037, best cost 78.7381 + 13723.2 = 13801.9 over 1639 frames.
78-369-0037 
LOG (lattice-best-path[5.5.0~1-40c7]:main():lattice-best-path.cc:99) For utterance 78-369-0038, best cost 108.588 + 16852.1 = 16960.7 over 2034 frames.
78-369-0038 
LOG (lattice-best-path[5.5.0~1-40c7]:main():lattice-best-path.cc:99) For utterance 78-369-0039, best cost 31.9204 + 16477.3 = 16509.2 over 1944 frames.
78-369-0039 
LOG (lattice-best-path[5.5.0~1-40c7]:main():lattice-best-path.cc:99) For utterance 78-369-0040, best cost 98.6895 + 11926.9 = 12025.6 over 1412 frames.
78-369-0040 
LOG (lattice-best-path[5.5.0~1-40c7]:main():lattice-best-path.cc:99) For utterance 78-369-0041, best cost 101.626 + 18304.6 = 18406.2 over 2141 frames.
78-369-0041 
LOG (lattice-best-path[5.5.0~1-40c7]:main():lattice-best-path.cc:99) For utterance 78-369-0042, best cost 57.9868 + 18111.3 = 18169.3 over 2125 frames.
78-369-0042 
LOG (lattice-best-path[5.5.0~1-40c7]:main():lattice-best-path.cc:99) For utterance 78-369-0043, best cost 107.271 + 18440.2 = 18547.4 over 2169 frames.
78-369-0043 
LOG (lattice-best-path[5.5.0~1-40c7]:main():lattice-best-path.cc:99) For utterance 78-369-0044, best cost 80.0588 + 14612.4 = 14692.5 over 1732 frames.
78-369-0044 
LOG (lattice-best-path[5.5.0~1-40c7]:main():lattice-best-path.cc:99) For utterance 78-369-0045, best cost 99.9066 + 17856 = 17955.9 over 2104 frames.
78-369-0045 
LOG (lattice-best-path[5.5.0~1-40c7]:main():lattice-best-path.cc:99) For utterance 78-369-0046, best cost 37.6877 + 20395.6 = 20433.3 over 2337 frames.
78-369-0046 
LOG (lattice-best-path[5.5.0~1-40c7]:main():lattice-best-path.cc:99) For utterance 78-369-0047, best cost 76.4923 + 13965.1 = 14041.6 over 1643 frames.
78-369-0047 
LOG (lattice-best-path[5.5.0~1-40c7]:main():lattice-best-path.cc:99) For utterance 78-369-0048, best cost 58.7464 + 9193.61 = 9252.36 over 1085 frames.
78-369-0048 
LOG (lattice-scale[5.5.0~1-40c7]:main():lattice-scale.cc:107) Done 345 lattices.
LOG (lattice-best-path[5.5.0~1-40c7]:main():lattice-best-path.cc:99) For utterance 78-369-0049, best cost 48.4253 + 18250.7 = 18299.1 over 2086 frames.
78-369-0049 
LOG (lattice-best-path[5.5.0~1-40c7]:main():lattice-best-path.cc:99) For utterance 78-369-0050, best cost 108.721 + 16850.5 = 16959.3 over 2001 frames.
78-369-0050 
LOG (lattice-best-path[5.5.0~1-40c7]:main():lattice-best-path.cc:99) For utterance 78-369-0051, best cost 116.47 + 16030 = 16146.5 over 1883 frames.
78-369-0051 
LOG (lattice-best-path[5.5.0~1-40c7]:main():lattice-best-path.cc:99) For utterance 78-369-0052, best cost 31.6983 + 13258.9 = 13290.6 over 1531 frames.
78-369-0052 
LOG (lattice-best-path[5.5.0~1-40c7]:main():lattice-best-path.cc:99) For utterance 78-369-0053, best cost 129.881 + 17810.1 = 17940 over 2101 frames.
78-369-0053 
LOG (lattice-best-path[5.5.0~1-40c7]:main():lattice-best-path.cc:99) For utterance 78-369-0054, best cost 99.7626 + 13826.9 = 13926.7 over 1623 frames.
78-369-0054 
LOG (lattice-best-path[5.5.0~1-40c7]:main():lattice-best-path.cc:99) For utterance 78-369-0055, best cost 35.7454 + 17186.4 = 17222.2 over 1989 frames.
78-369-0055 
LOG (lattice-best-path[5.5.0~1-40c7]:main():lattice-best-path.cc:99) For utterance 78-369-0056, best cost 104.44 + 15724 = 15828.5 over 1874 frames.
78-369-0056 
LOG (lattice-add-penalty[5.5.0~1-40c7]:main():lattice-add-penalty.cc:62) Done adding word insertion penalty to 345 lattices.
LOG (lattice-best-path[5.5.0~1-40c7]:main():lattice-best-path.cc:99) For utterance 78-369-0057, best cost 29.232 + 9689.37 = 9718.6 over 1122 frames.
78-369-0057 
LOG (lattice-best-path[5.5.0~1-40c7]:main():lattice-best-path.cc:99) For utterance 78-369-0058, best cost 71.4072 + 10385.8 = 10457.2 over 1204 frames.
78-369-0058 
LOG (lattice-best-path[5.5.0~1-40c7]:main():lattice-best-path.cc:99) For utterance 78-369-0059, best cost 128.059 + 20153.1 = 20281.1 over 2344 frames.
78-369-0059 
LOG (lattice-best-path[5.5.0~1-40c7]:main():lattice-best-path.cc:99) For utterance 78-369-0060, best cost 33.3599 + 18013.9 = 18047.2 over 2129 frames.
78-369-0060 
LOG (lattice-best-path[5.5.0~1-40c7]:main():lattice-best-path.cc:99) For utterance 78-369-0061, best cost 74.5758 + 13290.2 = 13364.8 over 1636 frames.
78-369-0061 
LOG (lattice-best-path[5.5.0~1-40c7]:main():lattice-best-path.cc:99) For utterance 78-369-0062, best cost 104.585 + 18462.1 = 18566.7 over 2189 frames.
78-369-0062 
LOG (lattice-best-path[5.5.0~1-40c7]:main():lattice-best-path.cc:99) For utterance 78-369-0063, best cost 36.318 + 14440.5 = 14476.8 over 1693 frames.
78-369-0063 
LOG (lattice-best-path[5.5.0~1-40c7]:main():lattice-best-path.cc:124) Overall cost per frame is 8.95162 = 0.0488935 [graph] + 8.90273 [acoustic] over 626920 frames.
LOG (lattice-best-path[5.5.0~1-40c7]:main():lattice-best-path.cc:128) Done 345 lattices, failed for 0
# Accounting: time=1 threads=1
# Ended (code 0) at Tue Dec  8 07:27:54 UTC 2020, elapsed time 1 seconds
