# compile-train-graphs --read-disambig-syms=data/lang/phones/disambig.int exp/tri3a_ali/tree exp/tri3a_ali/final.mdl data/lang/L.fst "ark:utils/sym2int.pl --map-oov 133027 -f 2- data/lang/words.txt data/train/split32/21/text|" "ark:|gzip -c >exp/tri3a_ali/fsts.21.gz" 
# Started at Mon Dec  7 01:49:46 UTC 2020
#
compile-train-graphs --read-disambig-syms=data/lang/phones/disambig.int exp/tri3a_ali/tree exp/tri3a_ali/final.mdl data/lang/L.fst 'ark:utils/sym2int.pl --map-oov 133027 -f 2- data/lang/words.txt data/train/split32/21/text|' 'ark:|gzip -c >exp/tri3a_ali/fsts.21.gz' 
sym2int.pl: replacing JOSIANA with 133027
sym2int.pl: replacing JOSIANA with 133027
sym2int.pl: replacing PROLONGATION with 133027
sym2int.pl: replacing FOPS with 133027
sym2int.pl: replacing JOSIANA with 133027
sym2int.pl: replacing JOSIANA with 133027
sym2int.pl: replacing FASCINATIONS with 133027
sym2int.pl: replacing JOSIANA with 133027
sym2int.pl: replacing JOSIANA with 133027
sym2int.pl: replacing JOSIANA with 133027
sym2int.pl: replacing ANTECHAMBER with 133027
sym2int.pl: replacing JOSIANA'S with 133027
sym2int.pl: replacing JOSIANA with 133027
sym2int.pl: replacing JOSIANA with 133027
sym2int.pl: replacing UNAPPROACHABLE with 133027
sym2int.pl: replacing JOSIANA with 133027
sym2int.pl: replacing DISCOURSED with 133027
sym2int.pl: replacing JOSIANA with 133027
sym2int.pl: replacing NEREID with 133027
sym2int.pl: replacing BASTARDY with 133027
sym2int.pl: not warning for OOVs any more times
** Replaced 118 instances of OOVs with 133027
LOG (compile-train-graphs[5.5.0~1-40c7]:main():compile-train-graphs.cc:147) compile-train-graphs: succeeded for 117 graphs, failed for 0
# Accounting: time=2 threads=1
# Ended (code 0) at Mon Dec  7 01:49:48 UTC 2020, elapsed time 2 seconds
