# compile-train-graphs --read-disambig-syms=data/lang/phones/disambig.int exp/tri3a_ali/tree exp/tri3a_ali/final.mdl data/lang/L.fst "ark:utils/sym2int.pl --map-oov 133027 -f 2- data/lang/words.txt data/train/split32/15/text|" "ark:|gzip -c >exp/tri3a_ali/fsts.15.gz" 
# Started at Mon Dec  7 01:49:44 UTC 2020
#
compile-train-graphs --read-disambig-syms=data/lang/phones/disambig.int exp/tri3a_ali/tree exp/tri3a_ali/final.mdl data/lang/L.fst 'ark:utils/sym2int.pl --map-oov 133027 -f 2- data/lang/words.txt data/train/split32/15/text|' 'ark:|gzip -c >exp/tri3a_ali/fsts.15.gz' 
sym2int.pl: replacing CORONEL with 133027
sym2int.pl: replacing HUMOUR with 133027
sym2int.pl: replacing WIGGS'S with 133027
sym2int.pl: replacing CORONEL with 133027
sym2int.pl: replacing CORONEL with 133027
sym2int.pl: replacing CORONEL with 133027
sym2int.pl: replacing CORONEL with 133027
sym2int.pl: replacing BELVANE with 133027
sym2int.pl: replacing DOTAGE with 133027
sym2int.pl: replacing BELVANE with 133027
sym2int.pl: replacing BELVANE'S with 133027
sym2int.pl: replacing CORONEL with 133027
sym2int.pl: replacing CORONEL with 133027
sym2int.pl: replacing BELVANE with 133027
sym2int.pl: replacing CORONEL with 133027
sym2int.pl: replacing CORONEL with 133027
sym2int.pl: replacing CORONEL with 133027
sym2int.pl: replacing CORONEL with 133027
sym2int.pl: replacing CORONEL with 133027
sym2int.pl: replacing BELVANE with 133027
sym2int.pl: not warning for OOVs any more times
** Replaced 135 instances of OOVs with 133027
LOG (compile-train-graphs[5.5.0~1-40c7]:main():compile-train-graphs.cc:147) compile-train-graphs: succeeded for 114 graphs, failed for 0
# Accounting: time=2 threads=1
# Ended (code 0) at Mon Dec  7 01:49:46 UTC 2020, elapsed time 2 seconds
