# ali-to-post "ark:gunzip -c exp/tri3a_ali/pre_ali.6.gz|" ark:- | weight-silence-post 0.0 1:2:3:4:5:6:7:8:9:10 exp/tri3a/final.mdl ark:- ark:- | gmm-est-fmllr --fmllr-update-type=full --spk2utt=ark:data/train/split32/6/spk2utt exp/tri3a/final.mdl "ark,s,cs:apply-cmvn  --utt2spk=ark:data/train/split32/6/utt2spk scp:data/train/split32/6/cmvn.scp scp:data/train/split32/6/feats.scp ark:- | splice-feats  ark:- ark:- | transform-feats exp/tri3a/final.mat ark:- ark:- |" ark,s,cs:- ark:exp/tri3a_ali/trans.6 
# Started at Mon Dec  7 01:50:38 UTC 2020
#
gmm-est-fmllr --fmllr-update-type=full --spk2utt=ark:data/train/split32/6/spk2utt exp/tri3a/final.mdl 'ark,s,cs:apply-cmvn  --utt2spk=ark:data/train/split32/6/utt2spk scp:data/train/split32/6/cmvn.scp scp:data/train/split32/6/feats.scp ark:- | splice-feats  ark:- ark:- | transform-feats exp/tri3a/final.mat ark:- ark:- |' ark,s,cs:- ark:exp/tri3a_ali/trans.6 
ali-to-post 'ark:gunzip -c exp/tri3a_ali/pre_ali.6.gz|' ark:- 
weight-silence-post 0.0 1:2:3:4:5:6:7:8:9:10 exp/tri3a/final.mdl ark:- ark:- 
splice-feats ark:- ark:- 
apply-cmvn --utt2spk=ark:data/train/split32/6/utt2spk scp:data/train/split32/6/cmvn.scp scp:data/train/split32/6/feats.scp ark:- 
transform-feats exp/tri3a/final.mat ark:- ark:- 
LOG (gmm-est-fmllr[5.5.0~1-40c7]:ComputeFmllrMatrixDiagGmmFull():fmllr-diag-gmm.cc:262) fMLLR objf improvement is 2.10823 per frame over 126571 frames.
LOG (gmm-est-fmllr[5.5.0~1-40c7]:main():gmm-est-fmllr.cc:143) For speaker 2514, auxf-impr from fMLLR is 2.10823, over 126571 frames.
LOG (ali-to-post[5.5.0~1-40c7]:main():ali-to-post.cc:73) Converted 194 alignments.
LOG (apply-cmvn[5.5.0~1-40c7]:main():apply-cmvn.cc:162) Applied cepstral mean normalization to 194 utterances, errors on 0
LOG (weight-silence-post[5.5.0~1-40c7]:main():weight-silence-post.cc:95) Done 194 posteriors.
LOG (transform-feats[5.5.0~1-40c7]:main():transform-feats.cc:158) Overall average [pseudo-]logdet is -100.497 over 379497 frames.
LOG (transform-feats[5.5.0~1-40c7]:main():transform-feats.cc:161) Applied transform to 194 utterances; 0 had errors.
LOG (gmm-est-fmllr[5.5.0~1-40c7]:ComputeFmllrMatrixDiagGmmFull():fmllr-diag-gmm.cc:262) fMLLR objf improvement is 1.79007 per frame over 95721 frames.
LOG (gmm-est-fmllr[5.5.0~1-40c7]:main():gmm-est-fmllr.cc:143) For speaker 289, auxf-impr from fMLLR is 1.79007, over 95721 frames.
LOG (gmm-est-fmllr[5.5.0~1-40c7]:main():gmm-est-fmllr.cc:188) Done 194 files, 0 with no posts, 0 with other errors.
LOG (gmm-est-fmllr[5.5.0~1-40c7]:main():gmm-est-fmllr.cc:190) Overall fMLLR auxf impr per frame is 1.97123 over 222292 frames.
# Accounting: time=11 threads=1
# Ended (code 0) at Mon Dec  7 01:50:49 UTC 2020, elapsed time 11 seconds
