# lattice-scale --inv-acoustic-scale=15 "ark:gunzip -c exp/tri1/de/lat.*.gz|" ark:- | lattice-add-penalty --word-ins-penalty=0.5 ark:- ark:- | lattice-best-path --word-symbol-table=exp/tri1/graph/words.txt ark:- ark,t:- | utils/int2sym.pl -f 2- exp/tri1/graph/words.txt | cat > exp/tri1/de/scoring_kaldi/penalty_0.5/15.txt 
# Started at Tue Dec  8 03:53:56 UTC 2020
#
lattice-best-path --word-symbol-table=exp/tri1/graph/words.txt ark:- ark,t:- 
lattice-scale --inv-acoustic-scale=15 'ark:gunzip -c exp/tri1/de/lat.*.gz|' ark:- 
lattice-add-penalty --word-ins-penalty=0.5 ark:- ark:- 
LOG (lattice-best-path[5.5.0~1-40c7]:main():lattice-best-path.cc:99) For utterance 248-130644-0000, best cost 148.089 + 11753.2 = 11901.3 over 1688 frames.
248-130644-0000 
LOG (lattice-best-path[5.5.0~1-40c7]:main():lattice-best-path.cc:99) For utterance 248-130644-0001, best cost 131.177 + 11445.8 = 11576.9 over 1649 frames.
248-130644-0001 
LOG (lattice-best-path[5.5.0~1-40c7]:main():lattice-best-path.cc:99) For utterance 248-130644-0002, best cost 160.865 + 14961.6 = 15122.4 over 2159 frames.
248-130644-0002 
LOG (lattice-best-path[5.5.0~1-40c7]:main():lattice-best-path.cc:99) For utterance 248-130644-0003, best cost 154.132 + 12478.4 = 12632.5 over 1795 frames.
248-130644-0003 
LOG (lattice-best-path[5.5.0~1-40c7]:main():lattice-best-path.cc:99) For utterance 248-130644-0004, best cost 165.096 + 15809 = 15974.1 over 2249 frames.
248-130644-0004 
LOG (lattice-best-path[5.5.0~1-40c7]:main():lattice-best-path.cc:99) For utterance 248-130644-0005, best cost 166.73 + 14654.8 = 14821.5 over 2103 frames.
248-130644-0005 
LOG (lattice-best-path[5.5.0~1-40c7]:main():lattice-best-path.cc:99) For utterance 248-130644-0006, best cost 168.723 + 14721.1 = 14889.8 over 2133 frames.
248-130644-0006 
LOG (lattice-best-path[5.5.0~1-40c7]:main():lattice-best-path.cc:99) For utterance 248-130644-0007, best cost 173.613 + 15196.8 = 15370.4 over 2205 frames.
248-130644-0007 
LOG (lattice-best-path[5.5.0~1-40c7]:main():lattice-best-path.cc:99) For utterance 248-130644-0008, best cost 174.51 + 15881 = 16055.5 over 2270 frames.
248-130644-0008 
LOG (lattice-best-path[5.5.0~1-40c7]:main():lattice-best-path.cc:99) For utterance 248-130644-0009, best cost 148.756 + 13151.3 = 13300 over 1875 frames.
248-130644-0009 
LOG (lattice-best-path[5.5.0~1-40c7]:main():lattice-best-path.cc:99) For utterance 248-130644-0010, best cost 187.099 + 16853.8 = 17040.9 over 2430 frames.
248-130644-0010 
LOG (lattice-best-path[5.5.0~1-40c7]:main():lattice-best-path.cc:99) For utterance 248-130644-0011, best cost 147.223 + 13677.6 = 13824.8 over 1960 frames.
248-130644-0011 
LOG (lattice-best-path[5.5.0~1-40c7]:main():lattice-best-path.cc:99) For utterance 248-130644-0012, best cost 121.744 + 10781.8 = 10903.5 over 1546 frames.
248-130644-0012 
LOG (lattice-best-path[5.5.0~1-40c7]:main():lattice-best-path.cc:99) For utterance 248-130644-0013, best cost 139.486 + 11538.9 = 11678.4 over 1660 frames.
248-130644-0013 
LOG (lattice-best-path[5.5.0~1-40c7]:main():lattice-best-path.cc:99) For utterance 248-130644-0014, best cost 95.7174 + 6954.25 = 7049.97 over 995 frames.
248-130644-0014 
LOG (lattice-best-path[5.5.0~1-40c7]:main():lattice-best-path.cc:99) For utterance 248-130644-0015, best cost 151.877 + 12666.5 = 12818.4 over 1817 frames.
248-130644-0015 
LOG (lattice-best-path[5.5.0~1-40c7]:main():lattice-best-path.cc:99) For utterance 248-130644-0016, best cost 172.643 + 15229 = 15401.7 over 2181 frames.
248-130644-0016 
LOG (lattice-best-path[5.5.0~1-40c7]:main():lattice-best-path.cc:99) For utterance 248-130644-0017, best cost 124.853 + 10862.1 = 10986.9 over 1562 frames.
248-130644-0017 
LOG (lattice-best-path[5.5.0~1-40c7]:main():lattice-best-path.cc:99) For utterance 248-130644-0018, best cost 165.978 + 14293.7 = 14459.7 over 2057 frames.
248-130644-0018 
LOG (lattice-best-path[5.5.0~1-40c7]:main():lattice-best-path.cc:99) For utterance 248-130644-0019, best cost 190.977 + 16568.5 = 16759.5 over 2398 frames.
248-130644-0019 
LOG (lattice-best-path[5.5.0~1-40c7]:main():lattice-best-path.cc:99) For utterance 248-130644-0020, best cost 114.362 + 11467.8 = 11582.2 over 1649 frames.
248-130644-0020 
LOG (lattice-best-path[5.5.0~1-40c7]:main():lattice-best-path.cc:99) For utterance 248-130644-0021, best cost 185.956 + 18041.9 = 18227.8 over 2570 frames.
248-130644-0021 
LOG (lattice-best-path[5.5.0~1-40c7]:main():lattice-best-path.cc:99) For utterance 248-130644-0022, best cost 139.451 + 10811.4 = 10950.9 over 1566 frames.
248-130644-0022 
LOG (lattice-best-path[5.5.0~1-40c7]:main():lattice-best-path.cc:99) For utterance 248-130644-0023, best cost 106.157 + 9068.17 = 9174.32 over 1294 frames.
248-130644-0023 
LOG (lattice-best-path[5.5.0~1-40c7]:main():lattice-best-path.cc:99) For utterance 248-130644-0024, best cost 144.622 + 13854.8 = 13999.5 over 1988 frames.
248-130644-0024 
LOG (lattice-best-path[5.5.0~1-40c7]:main():lattice-best-path.cc:99) For utterance 248-130644-0025, best cost 160.022 + 14682.4 = 14842.4 over 2117 frames.
248-130644-0025 
LOG (lattice-best-path[5.5.0~1-40c7]:main():lattice-best-path.cc:99) For utterance 248-130644-0026, best cost 159.193 + 14486.6 = 14645.8 over 2090 frames.
248-130644-0026 
LOG (lattice-best-path[5.5.0~1-40c7]:main():lattice-best-path.cc:99) For utterance 248-130644-0027, best cost 94.733 + 7953.86 = 8048.59 over 1164 frames.
248-130644-0027 
LOG (lattice-best-path[5.5.0~1-40c7]:main():lattice-best-path.cc:99) For utterance 248-130644-0028, best cost 155.605 + 14156.7 = 14312.3 over 2046 frames.
248-130644-0028 
LOG (lattice-best-path[5.5.0~1-40c7]:main():lattice-best-path.cc:99) For utterance 248-130644-0029, best cost 143.308 + 12274.3 = 12417.6 over 1744 frames.
248-130644-0029 
LOG (lattice-best-path[5.5.0~1-40c7]:main():lattice-best-path.cc:99) For utterance 248-130644-0030, best cost 155.827 + 15542 = 15697.8 over 2249 frames.
248-130644-0030 
LOG (lattice-best-path[5.5.0~1-40c7]:main():lattice-best-path.cc:99) For utterance 248-130644-0031, best cost 105.137 + 9124.43 = 9229.57 over 1336 frames.
248-130644-0031 
LOG (lattice-best-path[5.5.0~1-40c7]:main():lattice-best-path.cc:99) For utterance 248-130644-0032, best cost 139.935 + 12240.1 = 12380 over 1782 frames.
248-130644-0032 
LOG (lattice-best-path[5.5.0~1-40c7]:main():lattice-best-path.cc:99) For utterance 248-130644-0033, best cost 167.263 + 14382.7 = 14549.9 over 2081 frames.
248-130644-0033 
LOG (lattice-best-path[5.5.0~1-40c7]:main():lattice-best-path.cc:99) For utterance 248-130644-0034, best cost 139.051 + 11058.7 = 11197.8 over 1617 frames.
248-130644-0034 
LOG (lattice-best-path[5.5.0~1-40c7]:main():lattice-best-path.cc:99) For utterance 248-130644-0035, best cost 156.239 + 14780.3 = 14936.6 over 2138 frames.
248-130644-0035 
LOG (lattice-best-path[5.5.0~1-40c7]:main():lattice-best-path.cc:99) For utterance 248-130644-0036, best cost 45.7235 + 2948.29 = 2994.02 over 434 frames.
248-130644-0036 
LOG (lattice-best-path[5.5.0~1-40c7]:main():lattice-best-path.cc:99) For utterance 248-130652-0000, best cost 138.61 + 14825.6 = 14964.2 over 2183 frames.
248-130652-0000 
LOG (lattice-best-path[5.5.0~1-40c7]:main():lattice-best-path.cc:99) For utterance 248-130652-0001, best cost 120.483 + 9326.17 = 9446.65 over 1327 frames.
248-130652-0001 
LOG (lattice-best-path[5.5.0~1-40c7]:main():lattice-best-path.cc:99) For utterance 248-130652-0002, best cost 170.296 + 14601.9 = 14772.2 over 2123 frames.
248-130652-0002 
LOG (lattice-best-path[5.5.0~1-40c7]:main():lattice-best-path.cc:99) For utterance 248-130652-0003, best cost 155.07 + 13968.4 = 14123.5 over 2022 frames.
248-130652-0003 
LOG (lattice-best-path[5.5.0~1-40c7]:main():lattice-best-path.cc:99) For utterance 248-130652-0004, best cost 152.341 + 14564.8 = 14717.2 over 2097 frames.
248-130652-0004 
LOG (lattice-best-path[5.5.0~1-40c7]:main():lattice-best-path.cc:99) For utterance 248-130652-0005, best cost 133.237 + 11930.1 = 12063.3 over 1734 frames.
248-130652-0005 
LOG (lattice-best-path[5.5.0~1-40c7]:main():lattice-best-path.cc:99) For utterance 248-130652-0006, best cost 143.689 + 11726 = 11869.7 over 1699 frames.
248-130652-0006 
LOG (lattice-best-path[5.5.0~1-40c7]:main():lattice-best-path.cc:99) For utterance 248-130652-0007, best cost 184.539 + 14183.5 = 14368 over 2069 frames.
248-130652-0007 
LOG (lattice-best-path[5.5.0~1-40c7]:main():lattice-best-path.cc:99) For utterance 248-130652-0008, best cost 191.086 + 17009.5 = 17200.6 over 2462 frames.
248-130652-0008 
LOG (lattice-best-path[5.5.0~1-40c7]:main():lattice-best-path.cc:99) For utterance 248-130652-0009, best cost 161.785 + 14959.1 = 15120.9 over 2149 frames.
248-130652-0009 
LOG (lattice-best-path[5.5.0~1-40c7]:main():lattice-best-path.cc:99) For utterance 248-130652-0010, best cost 146.562 + 12611.9 = 12758.5 over 1821 frames.
248-130652-0010 
LOG (lattice-best-path[5.5.0~1-40c7]:main():lattice-best-path.cc:99) For utterance 248-130652-0011, best cost 158.404 + 12959.6 = 13118 over 1886 frames.
248-130652-0011 
LOG (lattice-best-path[5.5.0~1-40c7]:main():lattice-best-path.cc:99) For utterance 248-130652-0012, best cost 118.42 + 11548.5 = 11667 over 1728 frames.
248-130652-0012 
LOG (lattice-best-path[5.5.0~1-40c7]:main():lattice-best-path.cc:99) For utterance 248-130652-0013, best cost 157.95 + 14083.8 = 14241.8 over 2047 frames.
248-130652-0013 
LOG (lattice-best-path[5.5.0~1-40c7]:main():lattice-best-path.cc:99) For utterance 248-130652-0014, best cost 88.6301 + 7026.47 = 7115.1 over 1048 frames.
248-130652-0014 
LOG (lattice-best-path[5.5.0~1-40c7]:main():lattice-best-path.cc:99) For utterance 248-130652-0015, best cost 146.683 + 12895.2 = 13041.8 over 1905 frames.
248-130652-0015 
LOG (lattice-best-path[5.5.0~1-40c7]:main():lattice-best-path.cc:99) For utterance 248-130652-0016, best cost 136.37 + 11889.2 = 12025.6 over 1739 frames.
248-130652-0016 
LOG (lattice-best-path[5.5.0~1-40c7]:main():lattice-best-path.cc:99) For utterance 248-130652-0017, best cost 125.516 + 11423 = 11548.5 over 1670 frames.
248-130652-0017 
LOG (lattice-best-path[5.5.0~1-40c7]:main():lattice-best-path.cc:99) For utterance 248-130652-0018, best cost 174.126 + 16055.4 = 16229.5 over 2316 frames.
248-130652-0018 
LOG (lattice-best-path[5.5.0~1-40c7]:main():lattice-best-path.cc:99) For utterance 248-130652-0019, best cost 119.141 + 11733 = 11852.1 over 1747 frames.
248-130652-0019 
LOG (lattice-best-path[5.5.0~1-40c7]:main():lattice-best-path.cc:99) For utterance 248-130652-0020, best cost 126.087 + 11346.7 = 11472.8 over 1660 frames.
248-130652-0020 
LOG (lattice-best-path[5.5.0~1-40c7]:main():lattice-best-path.cc:99) For utterance 248-130652-0021, best cost 130.823 + 12887.7 = 13018.6 over 1886 frames.
248-130652-0021 
LOG (lattice-best-path[5.5.0~1-40c7]:main():lattice-best-path.cc:99) For utterance 248-130652-0022, best cost 142.254 + 13300.1 = 13442.3 over 1937 frames.
248-130652-0022 
LOG (lattice-best-path[5.5.0~1-40c7]:main():lattice-best-path.cc:99) For utterance 248-130652-0023, best cost 115.92 + 12525.8 = 12641.8 over 1869 frames.
248-130652-0023 
LOG (lattice-best-path[5.5.0~1-40c7]:main():lattice-best-path.cc:99) For utterance 248-130652-0024, best cost 184.266 + 16209 = 16393.3 over 2353 frames.
248-130652-0024 
LOG (lattice-best-path[5.5.0~1-40c7]:main():lattice-best-path.cc:99) For utterance 248-130652-0025, best cost 126.879 + 12806.3 = 12933.1 over 1909 frames.
248-130652-0025 
LOG (lattice-best-path[5.5.0~1-40c7]:main():lattice-best-path.cc:99) For utterance 248-130652-0026, best cost 109.692 + 11860.3 = 11970 over 1791 frames.
248-130652-0026 
LOG (lattice-best-path[5.5.0~1-40c7]:main():lattice-best-path.cc:99) For utterance 248-130652-0027, best cost 153.461 + 14217 = 14370.5 over 2089 frames.
248-130652-0027 
LOG (lattice-best-path[5.5.0~1-40c7]:main():lattice-best-path.cc:99) For utterance 248-130652-0028, best cost 136.52 + 12754.2 = 12890.7 over 1865 frames.
248-130652-0028 
LOG (lattice-best-path[5.5.0~1-40c7]:main():lattice-best-path.cc:99) For utterance 248-130652-0029, best cost 168.638 + 15335.5 = 15504.1 over 2223 frames.
248-130652-0029 
LOG (lattice-best-path[5.5.0~1-40c7]:main():lattice-best-path.cc:99) For utterance 248-130652-0030, best cost 145.077 + 13218 = 13363.1 over 1939 frames.
248-130652-0030 
LOG (lattice-best-path[5.5.0~1-40c7]:main():lattice-best-path.cc:99) For utterance 248-130652-0031, best cost 163.841 + 15185.6 = 15349.4 over 2145 frames.
248-130652-0031 
LOG (lattice-best-path[5.5.0~1-40c7]:main():lattice-best-path.cc:99) For utterance 248-130652-0032, best cost 144.954 + 14381.9 = 14526.9 over 2078 frames.
248-130652-0032 
LOG (lattice-best-path[5.5.0~1-40c7]:main():lattice-best-path.cc:99) For utterance 248-130652-0033, best cost 185.289 + 15410.2 = 15595.5 over 2190 frames.
248-130652-0033 
LOG (lattice-best-path[5.5.0~1-40c7]:main():lattice-best-path.cc:99) For utterance 248-130652-0034, best cost 148.972 + 12980.9 = 13129.9 over 1886 frames.
248-130652-0034 
LOG (lattice-best-path[5.5.0~1-40c7]:main():lattice-best-path.cc:99) For utterance 248-130652-0035, best cost 110.676 + 10874.3 = 10984.9 over 1590 frames.
248-130652-0035 
LOG (lattice-best-path[5.5.0~1-40c7]:main():lattice-best-path.cc:99) For utterance 248-130652-0036, best cost 164.182 + 14630.8 = 14795 over 2081 frames.
248-130652-0036 
LOG (lattice-best-path[5.5.0~1-40c7]:main():lattice-best-path.cc:99) For utterance 248-130652-0037, best cost 134.064 + 12964.4 = 13098.4 over 1886 frames.
248-130652-0037 
LOG (lattice-best-path[5.5.0~1-40c7]:main():lattice-best-path.cc:99) For utterance 248-130652-0038, best cost 136.365 + 12451.9 = 12588.3 over 1801 frames.
248-130652-0038 
LOG (lattice-best-path[5.5.0~1-40c7]:main():lattice-best-path.cc:99) For utterance 248-130652-0039, best cost 72.2616 + 6491.26 = 6563.52 over 931 frames.
248-130652-0039 
LOG (lattice-best-path[5.5.0~1-40c7]:main():lattice-best-path.cc:99) For utterance 248-130697-0000, best cost 91.9583 + 7809.81 = 7901.77 over 1164 frames.
248-130697-0000 
LOG (lattice-best-path[5.5.0~1-40c7]:main():lattice-best-path.cc:99) For utterance 248-130697-0001, best cost 143.659 + 11725.6 = 11869.2 over 1709 frames.
248-130697-0001 
LOG (lattice-best-path[5.5.0~1-40c7]:main():lattice-best-path.cc:99) For utterance 248-130697-0002, best cost 147.88 + 13346 = 13493.9 over 2019 frames.
248-130697-0002 
LOG (lattice-best-path[5.5.0~1-40c7]:main():lattice-best-path.cc:99) For utterance 248-130697-0003, best cost 155.385 + 15112 = 15267.4 over 2193 frames.
248-130697-0003 
LOG (lattice-best-path[5.5.0~1-40c7]:main():lattice-best-path.cc:99) For utterance 248-130697-0004, best cost 130.318 + 14196.9 = 14327.2 over 2132 frames.
248-130697-0004 
LOG (lattice-best-path[5.5.0~1-40c7]:main():lattice-best-path.cc:99) For utterance 248-130697-0005, best cost 136.064 + 12638.2 = 12774.3 over 1872 frames.
248-130697-0005 
LOG (lattice-best-path[5.5.0~1-40c7]:main():lattice-best-path.cc:99) For utterance 248-130697-0006, best cost 127.904 + 12795.3 = 12923.2 over 1878 frames.
248-130697-0006 
LOG (lattice-best-path[5.5.0~1-40c7]:main():lattice-best-path.cc:99) For utterance 248-130697-0007, best cost 125.361 + 13420.8 = 13546.1 over 1977 frames.
248-130697-0007 
LOG (lattice-best-path[5.5.0~1-40c7]:main():lattice-best-path.cc:99) For utterance 248-130697-0008, best cost 121.878 + 11298.9 = 11420.8 over 1620 frames.
248-130697-0008 
LOG (lattice-best-path[5.5.0~1-40c7]:main():lattice-best-path.cc:99) For utterance 248-130697-0009, best cost 141.58 + 12470.4 = 12612 over 1814 frames.
248-130697-0009 
LOG (lattice-best-path[5.5.0~1-40c7]:main():lattice-best-path.cc:99) For utterance 248-130697-0010, best cost 141.311 + 15283.9 = 15425.2 over 2218 frames.
248-130697-0010 
LOG (lattice-best-path[5.5.0~1-40c7]:main():lattice-best-path.cc:99) For utterance 248-130697-0011, best cost 136.209 + 13804.3 = 13940.5 over 2042 frames.
248-130697-0011 
LOG (lattice-best-path[5.5.0~1-40c7]:main():lattice-best-path.cc:99) For utterance 248-130697-0012, best cost 108.741 + 10494.6 = 10603.3 over 1559 frames.
248-130697-0012 
LOG (lattice-best-path[5.5.0~1-40c7]:main():lattice-best-path.cc:99) For utterance 248-130697-0013, best cost 168.299 + 15610.5 = 15778.8 over 2263 frames.
248-130697-0013 
LOG (lattice-best-path[5.5.0~1-40c7]:main():lattice-best-path.cc:99) For utterance 248-130697-0014, best cost 90.7501 + 8357.99 = 8448.74 over 1277 frames.
248-130697-0014 
LOG (lattice-best-path[5.5.0~1-40c7]:main():lattice-best-path.cc:99) For utterance 248-130697-0015, best cost 111.659 + 11119.8 = 11231.4 over 1654 frames.
248-130697-0015 
LOG (lattice-best-path[5.5.0~1-40c7]:main():lattice-best-path.cc:99) For utterance 248-130697-0016, best cost 133.418 + 14590.3 = 14723.7 over 2162 frames.
248-130697-0016 
LOG (lattice-best-path[5.5.0~1-40c7]:main():lattice-best-path.cc:99) For utterance 248-130697-0017, best cost 133.213 + 12235.1 = 12368.3 over 1798 frames.
248-130697-0017 
LOG (lattice-best-path[5.5.0~1-40c7]:main():lattice-best-path.cc:99) For utterance 248-130697-0018, best cost 153.934 + 14421.5 = 14575.4 over 2120 frames.
248-130697-0018 
LOG (lattice-best-path[5.5.0~1-40c7]:main():lattice-best-path.cc:99) For utterance 248-130697-0019, best cost 157.421 + 14135.1 = 14292.5 over 2052 frames.
248-130697-0019 
LOG (lattice-best-path[5.5.0~1-40c7]:main():lattice-best-path.cc:99) For utterance 248-130697-0020, best cost 139.783 + 13981.6 = 14121.4 over 2003 frames.
248-130697-0020 
LOG (lattice-best-path[5.5.0~1-40c7]:main():lattice-best-path.cc:99) For utterance 248-130697-0021, best cost 146.946 + 12722.9 = 12869.9 over 1835 frames.
248-130697-0021 
LOG (lattice-best-path[5.5.0~1-40c7]:main():lattice-best-path.cc:99) For utterance 248-130697-0022, best cost 131.853 + 12100.3 = 12232.1 over 1726 frames.
248-130697-0022 
LOG (lattice-best-path[5.5.0~1-40c7]:main():lattice-best-path.cc:99) For utterance 248-130697-0023, best cost 122.36 + 11594.8 = 11717.1 over 1719 frames.
248-130697-0023 
LOG (lattice-best-path[5.5.0~1-40c7]:main():lattice-best-path.cc:99) For utterance 248-130697-0024, best cost 153.455 + 14406 = 14559.4 over 2088 frames.
248-130697-0024 
LOG (lattice-best-path[5.5.0~1-40c7]:main():lattice-best-path.cc:99) For utterance 248-130697-0025, best cost 94.0218 + 9846.36 = 9940.38 over 1450 frames.
248-130697-0025 
LOG (lattice-best-path[5.5.0~1-40c7]:main():lattice-best-path.cc:99) For utterance 248-130697-0026, best cost 105.781 + 9446.48 = 9552.26 over 1368 frames.
248-130697-0026 
LOG (lattice-best-path[5.5.0~1-40c7]:main():lattice-best-path.cc:99) For utterance 248-130697-0027, best cost 120.433 + 11514.4 = 11634.9 over 1708 frames.
248-130697-0027 
LOG (lattice-best-path[5.5.0~1-40c7]:main():lattice-best-path.cc:99) For utterance 248-130697-0028, best cost 119.479 + 13021 = 13140.5 over 1966 frames.
248-130697-0028 
LOG (lattice-best-path[5.5.0~1-40c7]:main():lattice-best-path.cc:99) For utterance 248-130697-0029, best cost 115.584 + 12016.7 = 12132.3 over 1782 frames.
248-130697-0029 
LOG (lattice-best-path[5.5.0~1-40c7]:main():lattice-best-path.cc:99) For utterance 248-130697-0030, best cost 128.016 + 13617.6 = 13745.6 over 2020 frames.
248-130697-0030 
LOG (lattice-best-path[5.5.0~1-40c7]:main():lattice-best-path.cc:99) For utterance 248-130697-0031, best cost 138.298 + 12617.1 = 12755.4 over 1826 frames.
248-130697-0031 
LOG (lattice-best-path[5.5.0~1-40c7]:main():lattice-best-path.cc:99) For utterance 248-130697-0032, best cost 139.042 + 13584.9 = 13723.9 over 2023 frames.
248-130697-0032 
LOG (lattice-best-path[5.5.0~1-40c7]:main():lattice-best-path.cc:99) For utterance 248-130697-0033, best cost 46.6472 + 3638.2 = 3684.84 over 532 frames.
248-130697-0033 
LOG (lattice-best-path[5.5.0~1-40c7]:main():lattice-best-path.cc:99) For utterance 248-130697-0034, best cost 144.312 + 13235.3 = 13379.6 over 1950 frames.
248-130697-0034 
LOG (lattice-best-path[5.5.0~1-40c7]:main():lattice-best-path.cc:99) For utterance 248-130697-0035, best cost 110.52 + 10714.9 = 10825.4 over 1570 frames.
248-130697-0035 
LOG (lattice-best-path[5.5.0~1-40c7]:main():lattice-best-path.cc:99) For utterance 248-130697-0036, best cost 58.5196 + 3848.23 = 3906.75 over 561 frames.
248-130697-0036 
LOG (lattice-best-path[5.5.0~1-40c7]:main():lattice-best-path.cc:99) For utterance 302-123504-0000, best cost 134.796 + 15185.3 = 15320.1 over 1960 frames.
302-123504-0000 
LOG (lattice-best-path[5.5.0~1-40c7]:main():lattice-best-path.cc:99) For utterance 302-123504-0001, best cost 152.099 + 14697.1 = 14849.2 over 1901 frames.
302-123504-0001 
LOG (lattice-best-path[5.5.0~1-40c7]:main():lattice-best-path.cc:99) For utterance 302-123504-0002, best cost 160.89 + 16351.6 = 16512.5 over 2145 frames.
302-123504-0002 
LOG (lattice-best-path[5.5.0~1-40c7]:main():lattice-best-path.cc:99) For utterance 302-123504-0003, best cost 126.647 + 13552.7 = 13679.4 over 1801 frames.
302-123504-0003 
LOG (lattice-best-path[5.5.0~1-40c7]:main():lattice-best-path.cc:99) For utterance 302-123504-0004, best cost 161.611 + 17464.4 = 17626 over 2256 frames.
302-123504-0004 
LOG (lattice-best-path[5.5.0~1-40c7]:main():lattice-best-path.cc:99) For utterance 302-123504-0005, best cost 170.827 + 15827.5 = 15998.3 over 2046 frames.
302-123504-0005 
LOG (lattice-best-path[5.5.0~1-40c7]:main():lattice-best-path.cc:99) For utterance 302-123504-0006, best cost 139.885 + 13157.2 = 13297.1 over 1698 frames.
302-123504-0006 
LOG (lattice-best-path[5.5.0~1-40c7]:main():lattice-best-path.cc:99) For utterance 302-123504-0007, best cost 126.525 + 12258.3 = 12384.8 over 1619 frames.
302-123504-0007 
LOG (lattice-best-path[5.5.0~1-40c7]:main():lattice-best-path.cc:99) For utterance 302-123504-0008, best cost 152.843 + 14600.4 = 14753.3 over 1923 frames.
302-123504-0008 
LOG (lattice-best-path[5.5.0~1-40c7]:main():lattice-best-path.cc:99) For utterance 302-123504-0009, best cost 145.574 + 16668.5 = 16814.1 over 2188 frames.
302-123504-0009 
LOG (lattice-best-path[5.5.0~1-40c7]:main():lattice-best-path.cc:99) For utterance 302-123504-0010, best cost 169.443 + 16444.3 = 16613.7 over 2164 frames.
302-123504-0010 
LOG (lattice-best-path[5.5.0~1-40c7]:main():lattice-best-path.cc:99) For utterance 302-123504-0011, best cost 84.9732 + 7939.31 = 8024.28 over 1030 frames.
302-123504-0011 
LOG (lattice-best-path[5.5.0~1-40c7]:main():lattice-best-path.cc:99) For utterance 302-123504-0012, best cost 157.693 + 14700.2 = 14857.9 over 1917 frames.
302-123504-0012 
LOG (lattice-best-path[5.5.0~1-40c7]:main():lattice-best-path.cc:99) For utterance 302-123504-0013, best cost 156.295 + 16112 = 16268.3 over 2099 frames.
302-123504-0013 
LOG (lattice-best-path[5.5.0~1-40c7]:main():lattice-best-path.cc:99) For utterance 302-123504-0014, best cost 171.518 + 16745.8 = 16917.3 over 2228 frames.
302-123504-0014 
LOG (lattice-best-path[5.5.0~1-40c7]:main():lattice-best-path.cc:99) For utterance 302-123504-0015, best cost 149.136 + 14472.8 = 14621.9 over 1873 frames.
302-123504-0015 
LOG (lattice-best-path[5.5.0~1-40c7]:main():lattice-best-path.cc:99) For utterance 302-123504-0016, best cost 145.556 + 14377.1 = 14522.6 over 1869 frames.
302-123504-0016 
LOG (lattice-best-path[5.5.0~1-40c7]:main():lattice-best-path.cc:99) For utterance 302-123504-0017, best cost 135.022 + 13423.7 = 13558.7 over 1715 frames.
302-123504-0017 
LOG (lattice-best-path[5.5.0~1-40c7]:main():lattice-best-path.cc:99) For utterance 302-123504-0018, best cost 152.818 + 13413.6 = 13566.4 over 1723 frames.
302-123504-0018 
LOG (lattice-best-path[5.5.0~1-40c7]:main():lattice-best-path.cc:99) For utterance 302-123504-0019, best cost 162.516 + 14014.5 = 14177 over 1817 frames.
302-123504-0019 
LOG (lattice-best-path[5.5.0~1-40c7]:main():lattice-best-path.cc:99) For utterance 302-123504-0020, best cost 173.93 + 16424.4 = 16598.3 over 2142 frames.
302-123504-0020 
LOG (lattice-best-path[5.5.0~1-40c7]:main():lattice-best-path.cc:99) For utterance 302-123504-0021, best cost 155.639 + 16663.6 = 16819.3 over 2188 frames.
302-123504-0021 
LOG (lattice-best-path[5.5.0~1-40c7]:main():lattice-best-path.cc:99) For utterance 302-123504-0022, best cost 143.552 + 15441.6 = 15585.1 over 2020 frames.
302-123504-0022 
LOG (lattice-best-path[5.5.0~1-40c7]:main():lattice-best-path.cc:99) For utterance 302-123504-0023, best cost 159.263 + 14755.9 = 14915.2 over 1933 frames.
302-123504-0023 
LOG (lattice-best-path[5.5.0~1-40c7]:main():lattice-best-path.cc:99) For utterance 302-123504-0024, best cost 154.224 + 14350.5 = 14504.7 over 1860 frames.
302-123504-0024 
LOG (lattice-best-path[5.5.0~1-40c7]:main():lattice-best-path.cc:99) For utterance 302-123504-0025, best cost 172.157 + 16527.5 = 16699.6 over 2143 frames.
302-123504-0025 
LOG (lattice-best-path[5.5.0~1-40c7]:main():lattice-best-path.cc:99) For utterance 302-123504-0026, best cost 144.759 + 15078.6 = 15223.4 over 1964 frames.
302-123504-0026 
LOG (lattice-best-path[5.5.0~1-40c7]:main():lattice-best-path.cc:99) For utterance 302-123504-0027, best cost 165.827 + 16235.6 = 16401.4 over 2111 frames.
302-123504-0027 
LOG (lattice-best-path[5.5.0~1-40c7]:main():lattice-best-path.cc:99) For utterance 302-123504-0028, best cost 170.589 + 16354.4 = 16524.9 over 2122 frames.
302-123504-0028 
LOG (lattice-best-path[5.5.0~1-40c7]:main():lattice-best-path.cc:99) For utterance 302-123504-0029, best cost 134.506 + 15906.1 = 16040.6 over 2046 frames.
302-123504-0029 
LOG (lattice-best-path[5.5.0~1-40c7]:main():lattice-best-path.cc:99) For utterance 302-123504-0030, best cost 176.332 + 17092.5 = 17268.8 over 2234 frames.
302-123504-0030 
LOG (lattice-best-path[5.5.0~1-40c7]:main():lattice-best-path.cc:99) For utterance 302-123504-0031, best cost 158.768 + 16021.9 = 16180.7 over 2083 frames.
302-123504-0031 
LOG (lattice-best-path[5.5.0~1-40c7]:main():lattice-best-path.cc:99) For utterance 302-123504-0032, best cost 163.576 + 15126.8 = 15290.3 over 1969 frames.
302-123504-0032 
LOG (lattice-best-path[5.5.0~1-40c7]:main():lattice-best-path.cc:99) For utterance 302-123504-0033, best cost 150.56 + 16055 = 16205.6 over 2078 frames.
302-123504-0033 
LOG (lattice-best-path[5.5.0~1-40c7]:main():lattice-best-path.cc:99) For utterance 302-123504-0034, best cost 161.945 + 14794.7 = 14956.6 over 1903 frames.
302-123504-0034 
LOG (lattice-best-path[5.5.0~1-40c7]:main():lattice-best-path.cc:99) For utterance 302-123504-0035, best cost 127.824 + 12870.7 = 12998.5 over 1646 frames.
302-123504-0035 
LOG (lattice-best-path[5.5.0~1-40c7]:main():lattice-best-path.cc:99) For utterance 302-123504-0036, best cost 149.033 + 15765.1 = 15914.2 over 2032 frames.
302-123504-0036 
LOG (lattice-best-path[5.5.0~1-40c7]:main():lattice-best-path.cc:99) For utterance 302-123504-0037, best cost 104.19 + 8442.84 = 8547.03 over 1081 frames.
302-123504-0037 
LOG (lattice-best-path[5.5.0~1-40c7]:main():lattice-best-path.cc:99) For utterance 302-123516-0000, best cost 59.5809 + 12651.3 = 12710.9 over 1768 frames.
302-123516-0000 
LOG (lattice-best-path[5.5.0~1-40c7]:main():lattice-best-path.cc:99) For utterance 302-123516-0001, best cost 131.314 + 13832.8 = 13964.1 over 1893 frames.
302-123516-0001 
LOG (lattice-best-path[5.5.0~1-40c7]:main():lattice-best-path.cc:99) For utterance 302-123516-0002, best cost 189.148 + 16274.4 = 16463.5 over 2209 frames.
302-123516-0002 
LOG (lattice-best-path[5.5.0~1-40c7]:main():lattice-best-path.cc:99) For utterance 302-123516-0003, best cost 106.533 + 8815.05 = 8921.58 over 1199 frames.
302-123516-0003 
LOG (lattice-best-path[5.5.0~1-40c7]:main():lattice-best-path.cc:99) For utterance 302-123516-0004, best cost 157.086 + 15074.4 = 15231.5 over 2052 frames.
302-123516-0004 
LOG (lattice-best-path[5.5.0~1-40c7]:main():lattice-best-path.cc:99) For utterance 302-123516-0005, best cost 123.894 + 11688.8 = 11812.7 over 1576 frames.
302-123516-0005 
LOG (lattice-best-path[5.5.0~1-40c7]:main():lattice-best-path.cc:99) For utterance 302-123516-0006, best cost 126.633 + 11695.5 = 11822.1 over 1591 frames.
302-123516-0006 
LOG (lattice-best-path[5.5.0~1-40c7]:main():lattice-best-path.cc:99) For utterance 302-123516-0007, best cost 158.392 + 14282 = 14440.4 over 1927 frames.
302-123516-0007 
LOG (lattice-best-path[5.5.0~1-40c7]:main():lattice-best-path.cc:99) For utterance 302-123516-0008, best cost 186.811 + 15877.6 = 16064.4 over 2150 frames.
302-123516-0008 
LOG (lattice-best-path[5.5.0~1-40c7]:main():lattice-best-path.cc:99) For utterance 302-123516-0009, best cost 168.646 + 15504.9 = 15673.5 over 2097 frames.
302-123516-0009 
LOG (lattice-best-path[5.5.0~1-40c7]:main():lattice-best-path.cc:99) For utterance 302-123516-0010, best cost 161 + 16600.1 = 16761.1 over 2245 frames.
302-123516-0010 
LOG (lattice-best-path[5.5.0~1-40c7]:main():lattice-best-path.cc:99) For utterance 302-123516-0011, best cost 140.718 + 13221.8 = 13362.5 over 1801 frames.
302-123516-0011 
LOG (lattice-best-path[5.5.0~1-40c7]:main():lattice-best-path.cc:99) For utterance 302-123516-0012, best cost 172.275 + 16130.5 = 16302.8 over 2184 frames.
302-123516-0012 
LOG (lattice-best-path[5.5.0~1-40c7]:main():lattice-best-path.cc:99) For utterance 302-123516-0013, best cost 168.252 + 16769.9 = 16938.2 over 2259 frames.
302-123516-0013 
LOG (lattice-best-path[5.5.0~1-40c7]:main():lattice-best-path.cc:99) For utterance 302-123516-0014, best cost 172.257 + 15975.2 = 16147.5 over 2167 frames.
302-123516-0014 
LOG (lattice-best-path[5.5.0~1-40c7]:main():lattice-best-path.cc:99) For utterance 302-123516-0015, best cost 116.72 + 11500.4 = 11617.1 over 1560 frames.
302-123516-0015 
LOG (lattice-best-path[5.5.0~1-40c7]:main():lattice-best-path.cc:99) For utterance 302-123516-0016, best cost 157.015 + 14387.9 = 14545 over 1927 frames.
302-123516-0016 
LOG (lattice-best-path[5.5.0~1-40c7]:main():lattice-best-path.cc:99) For utterance 302-123516-0017, best cost 156.056 + 14545 = 14701 over 1962 frames.
302-123516-0017 
LOG (lattice-best-path[5.5.0~1-40c7]:main():lattice-best-path.cc:99) For utterance 302-123516-0018, best cost 105.942 + 9188.01 = 9293.95 over 1251 frames.
302-123516-0018 
LOG (lattice-best-path[5.5.0~1-40c7]:main():lattice-best-path.cc:99) For utterance 302-123516-0019, best cost 96.2516 + 8367.43 = 8463.68 over 1127 frames.
302-123516-0019 
LOG (lattice-best-path[5.5.0~1-40c7]:main():lattice-best-path.cc:99) For utterance 302-123516-0020, best cost 99.1225 + 9449.12 = 9548.24 over 1296 frames.
302-123516-0020 
LOG (lattice-best-path[5.5.0~1-40c7]:main():lattice-best-path.cc:99) For utterance 302-123516-0021, best cost 156.273 + 14850.3 = 15006.5 over 2006 frames.
302-123516-0021 
LOG (lattice-best-path[5.5.0~1-40c7]:main():lattice-best-path.cc:99) For utterance 302-123516-0022, best cost 117.553 + 11766.9 = 11884.5 over 1586 frames.
302-123516-0022 
LOG (lattice-best-path[5.5.0~1-40c7]:main():lattice-best-path.cc:99) For utterance 302-123516-0023, best cost 165.879 + 16490.7 = 16656.5 over 2226 frames.
302-123516-0023 
LOG (lattice-best-path[5.5.0~1-40c7]:main():lattice-best-path.cc:99) For utterance 302-123516-0024, best cost 66.0792 + 4441.48 = 4507.56 over 600 frames.
302-123516-0024 
LOG (lattice-best-path[5.5.0~1-40c7]:main():lattice-best-path.cc:99) For utterance 302-123516-0025, best cost 143.331 + 13330.7 = 13474 over 1801 frames.
302-123516-0025 
LOG (lattice-best-path[5.5.0~1-40c7]:main():lattice-best-path.cc:99) For utterance 302-123516-0026, best cost 134.717 + 14826.2 = 14960.9 over 2007 frames.
302-123516-0026 
LOG (lattice-best-path[5.5.0~1-40c7]:main():lattice-best-path.cc:99) For utterance 302-123516-0027, best cost 159.556 + 15405.3 = 15564.8 over 2074 frames.
302-123516-0027 
LOG (lattice-best-path[5.5.0~1-40c7]:main():lattice-best-path.cc:99) For utterance 302-123516-0028, best cost 164.654 + 15263.3 = 15428 over 2052 frames.
302-123516-0028 
LOG (lattice-best-path[5.5.0~1-40c7]:main():lattice-best-path.cc:99) For utterance 302-123516-0029, best cost 168.318 + 15601.7 = 15770 over 2107 frames.
302-123516-0029 
LOG (lattice-best-path[5.5.0~1-40c7]:main():lattice-best-path.cc:99) For utterance 302-123516-0030, best cost 91.4939 + 6922.69 = 7014.19 over 931 frames.
302-123516-0030 
LOG (lattice-best-path[5.5.0~1-40c7]:main():lattice-best-path.cc:99) For utterance 302-123516-0031, best cost 148.946 + 14747.7 = 14896.7 over 1994 frames.
302-123516-0031 
LOG (lattice-best-path[5.5.0~1-40c7]:main():lattice-best-path.cc:99) For utterance 302-123516-0032, best cost 75.7396 + 7056.19 = 7131.93 over 963 frames.
302-123516-0032 
LOG (lattice-best-path[5.5.0~1-40c7]:main():lattice-best-path.cc:99) For utterance 302-123516-0033, best cost 118.83 + 11565.1 = 11683.9 over 1567 frames.
302-123516-0033 
LOG (lattice-best-path[5.5.0~1-40c7]:main():lattice-best-path.cc:99) For utterance 302-123516-0034, best cost 44.5853 + 2734.02 = 2778.6 over 369 frames.
302-123516-0034 
LOG (lattice-best-path[5.5.0~1-40c7]:main():lattice-best-path.cc:99) For utterance 302-123516-0035, best cost 154.704 + 14988.4 = 15143.1 over 2025 frames.
302-123516-0035 
LOG (lattice-best-path[5.5.0~1-40c7]:main():lattice-best-path.cc:99) For utterance 302-123523-0000, best cost 157.575 + 16357.4 = 16514.9 over 2141 frames.
302-123523-0000 
LOG (lattice-best-path[5.5.0~1-40c7]:main():lattice-best-path.cc:99) For utterance 302-123523-0001, best cost 91.4148 + 7098.43 = 7189.85 over 941 frames.
302-123523-0001 
LOG (lattice-best-path[5.5.0~1-40c7]:main():lattice-best-path.cc:99) For utterance 302-123523-0002, best cost 177.355 + 16963.9 = 17141.2 over 2242 frames.
302-123523-0002 
LOG (lattice-best-path[5.5.0~1-40c7]:main():lattice-best-path.cc:99) For utterance 302-123523-0003, best cost 176.61 + 17007.1 = 17183.7 over 2293 frames.
302-123523-0003 
LOG (lattice-best-path[5.5.0~1-40c7]:main():lattice-best-path.cc:99) For utterance 302-123523-0004, best cost 132.739 + 12607.8 = 12740.6 over 1672 frames.
302-123523-0004 
LOG (lattice-best-path[5.5.0~1-40c7]:main():lattice-best-path.cc:99) For utterance 302-123523-0005, best cost 138.028 + 13521.7 = 13659.8 over 1814 frames.
302-123523-0005 
LOG (lattice-best-path[5.5.0~1-40c7]:main():lattice-best-path.cc:99) For utterance 302-123523-0006, best cost 147.437 + 14188.2 = 14335.6 over 1895 frames.
302-123523-0006 
LOG (lattice-best-path[5.5.0~1-40c7]:main():lattice-best-path.cc:99) For utterance 302-123523-0007, best cost 139.097 + 14659.5 = 14798.6 over 1959 frames.
302-123523-0007 
LOG (lattice-best-path[5.5.0~1-40c7]:main():lattice-best-path.cc:99) For utterance 302-123523-0008, best cost 160.378 + 16089.2 = 16249.6 over 2147 frames.
302-123523-0008 
LOG (lattice-best-path[5.5.0~1-40c7]:main():lattice-best-path.cc:99) For utterance 302-123523-0009, best cost 158.213 + 16522.9 = 16681.1 over 2195 frames.
302-123523-0009 
LOG (lattice-best-path[5.5.0~1-40c7]:main():lattice-best-path.cc:99) For utterance 302-123523-0010, best cost 146.262 + 14144 = 14290.3 over 1881 frames.
302-123523-0010 
LOG (lattice-best-path[5.5.0~1-40c7]:main():lattice-best-path.cc:99) For utterance 302-123523-0011, best cost 155.03 + 14579.9 = 14734.9 over 1960 frames.
302-123523-0011 
LOG (lattice-best-path[5.5.0~1-40c7]:main():lattice-best-path.cc:99) For utterance 302-123523-0012, best cost 134.758 + 15427.8 = 15562.6 over 2064 frames.
302-123523-0012 
LOG (lattice-best-path[5.5.0~1-40c7]:main():lattice-best-path.cc:99) For utterance 302-123523-0013, best cost 151.252 + 14657 = 14808.3 over 1936 frames.
302-123523-0013 
LOG (lattice-best-path[5.5.0~1-40c7]:main():lattice-best-path.cc:99) For utterance 302-123523-0014, best cost 159.24 + 15197.8 = 15357 over 2008 frames.
302-123523-0014 
LOG (lattice-best-path[5.5.0~1-40c7]:main():lattice-best-path.cc:99) For utterance 302-123523-0015, best cost 155.471 + 14892.9 = 15048.4 over 1996 frames.
302-123523-0015 
LOG (lattice-best-path[5.5.0~1-40c7]:main():lattice-best-path.cc:99) For utterance 302-123523-0016, best cost 120.668 + 10833.6 = 10954.2 over 1460 frames.
302-123523-0016 
LOG (lattice-best-path[5.5.0~1-40c7]:main():lattice-best-path.cc:99) For utterance 302-123523-0017, best cost 162.853 + 15146 = 15308.9 over 2028 frames.
302-123523-0017 
LOG (lattice-best-path[5.5.0~1-40c7]:main():lattice-best-path.cc:99) For utterance 302-123523-0018, best cost 140.324 + 15238.6 = 15378.9 over 2042 frames.
302-123523-0018 
LOG (lattice-best-path[5.5.0~1-40c7]:main():lattice-best-path.cc:99) For utterance 302-123523-0019, best cost 137.823 + 14259.9 = 14397.7 over 1877 frames.
302-123523-0019 
LOG (lattice-best-path[5.5.0~1-40c7]:main():lattice-best-path.cc:99) For utterance 302-123523-0020, best cost 164.166 + 16043.6 = 16207.8 over 2139 frames.
302-123523-0020 
LOG (lattice-best-path[5.5.0~1-40c7]:main():lattice-best-path.cc:99) For utterance 302-123523-0021, best cost 45.4548 + 3401.77 = 3447.22 over 463 frames.
302-123523-0021 
LOG (lattice-best-path[5.5.0~1-40c7]:main():lattice-best-path.cc:99) For utterance 302-123523-0022, best cost 121.373 + 11248.7 = 11370.1 over 1505 frames.
302-123523-0022 
LOG (lattice-best-path[5.5.0~1-40c7]:main():lattice-best-path.cc:99) For utterance 302-123523-0023, best cost 138.353 + 14332.2 = 14470.5 over 1926 frames.
302-123523-0023 
LOG (lattice-best-path[5.5.0~1-40c7]:main():lattice-best-path.cc:99) For utterance 302-123523-0024, best cost 120.932 + 11339.3 = 11460.3 over 1511 frames.
302-123523-0024 
LOG (lattice-best-path[5.5.0~1-40c7]:main():lattice-best-path.cc:99) For utterance 302-123523-0025, best cost 173.867 + 17661.5 = 17835.4 over 2390 frames.
302-123523-0025 
LOG (lattice-best-path[5.5.0~1-40c7]:main():lattice-best-path.cc:99) For utterance 302-123523-0026, best cost 153.07 + 15196.7 = 15349.8 over 2036 frames.
302-123523-0026 
LOG (lattice-best-path[5.5.0~1-40c7]:main():lattice-best-path.cc:99) For utterance 302-123523-0027, best cost 143.044 + 14639.1 = 14782.2 over 1980 frames.
302-123523-0027 
LOG (lattice-best-path[5.5.0~1-40c7]:main():lattice-best-path.cc:99) For utterance 302-123523-0028, best cost 129.748 + 12359.1 = 12488.9 over 1687 frames.
302-123523-0028 
LOG (lattice-best-path[5.5.0~1-40c7]:main():lattice-best-path.cc:99) For utterance 302-123523-0029, best cost 146.719 + 14128.6 = 14275.4 over 1914 frames.
302-123523-0029 
LOG (lattice-best-path[5.5.0~1-40c7]:main():lattice-best-path.cc:99) For utterance 302-123523-0030, best cost 171.213 + 16594.2 = 16765.4 over 2248 frames.
302-123523-0030 
LOG (lattice-best-path[5.5.0~1-40c7]:main():lattice-best-path.cc:99) For utterance 302-123523-0031, best cost 164.513 + 15942.1 = 16106.6 over 2137 frames.
302-123523-0031 
LOG (lattice-best-path[5.5.0~1-40c7]:main():lattice-best-path.cc:99) For utterance 302-123523-0032, best cost 170.917 + 16263.6 = 16434.5 over 2178 frames.
302-123523-0032 
LOG (lattice-best-path[5.5.0~1-40c7]:main():lattice-best-path.cc:99) For utterance 302-123523-0033, best cost 146.995 + 14393.1 = 14540.1 over 1938 frames.
302-123523-0033 
LOG (lattice-best-path[5.5.0~1-40c7]:main():lattice-best-path.cc:99) For utterance 302-123523-0034, best cost 115.404 + 13390.9 = 13506.3 over 1798 frames.
302-123523-0034 
LOG (lattice-best-path[5.5.0~1-40c7]:main():lattice-best-path.cc:99) For utterance 302-123523-0035, best cost 120.424 + 12314.8 = 12435.3 over 1663 frames.
302-123523-0035 
LOG (lattice-best-path[5.5.0~1-40c7]:main():lattice-best-path.cc:99) For utterance 302-123523-0036, best cost 131.023 + 13829.5 = 13960.5 over 1823 frames.
302-123523-0036 
LOG (lattice-best-path[5.5.0~1-40c7]:main():lattice-best-path.cc:99) For utterance 302-123523-0037, best cost 163.217 + 17056.8 = 17220 over 2284 frames.
302-123523-0037 
LOG (lattice-best-path[5.5.0~1-40c7]:main():lattice-best-path.cc:99) For utterance 302-123523-0038, best cost 158.609 + 15880.1 = 16038.7 over 2123 frames.
302-123523-0038 
LOG (lattice-best-path[5.5.0~1-40c7]:main():lattice-best-path.cc:99) For utterance 78-368-0000, best cost 109.931 + 13486.6 = 13596.5 over 2028 frames.
78-368-0000 
LOG (lattice-best-path[5.5.0~1-40c7]:main():lattice-best-path.cc:99) For utterance 78-368-0001, best cost 101.296 + 9931.13 = 10032.4 over 1476 frames.
78-368-0001 
LOG (lattice-best-path[5.5.0~1-40c7]:main():lattice-best-path.cc:99) For utterance 78-368-0002, best cost 122.702 + 12648 = 12770.7 over 1864 frames.
78-368-0002 
LOG (lattice-best-path[5.5.0~1-40c7]:main():lattice-best-path.cc:99) For utterance 78-368-0003, best cost 137.102 + 13237.4 = 13374.5 over 1969 frames.
78-368-0003 
LOG (lattice-best-path[5.5.0~1-40c7]:main():lattice-best-path.cc:99) For utterance 78-368-0004, best cost 136.96 + 13029.1 = 13166 over 1950 frames.
78-368-0004 
LOG (lattice-best-path[5.5.0~1-40c7]:main():lattice-best-path.cc:99) For utterance 78-368-0005, best cost 159.918 + 15927.9 = 16087.8 over 2352 frames.
78-368-0005 
LOG (lattice-best-path[5.5.0~1-40c7]:main():lattice-best-path.cc:99) For utterance 78-368-0006, best cost 86.6252 + 8531.15 = 8617.78 over 1284 frames.
78-368-0006 
LOG (lattice-best-path[5.5.0~1-40c7]:main():lattice-best-path.cc:99) For utterance 78-368-0007, best cost 90.9639 + 8139 = 8229.96 over 1201 frames.
78-368-0007 
LOG (lattice-best-path[5.5.0~1-40c7]:main():lattice-best-path.cc:99) For utterance 78-368-0008, best cost 156.258 + 15327.4 = 15483.7 over 2285 frames.
78-368-0008 
LOG (lattice-best-path[5.5.0~1-40c7]:main():lattice-best-path.cc:99) For utterance 78-368-0009, best cost 121.125 + 12758.8 = 12879.9 over 1941 frames.
78-368-0009 
LOG (lattice-best-path[5.5.0~1-40c7]:main():lattice-best-path.cc:99) For utterance 78-368-0010, best cost 67.7895 + 8932.24 = 9000.03 over 1373 frames.
78-368-0010 
LOG (lattice-best-path[5.5.0~1-40c7]:main():lattice-best-path.cc:99) For utterance 78-368-0011, best cost 118.174 + 11141.5 = 11259.6 over 1672 frames.
78-368-0011 
LOG (lattice-best-path[5.5.0~1-40c7]:main():lattice-best-path.cc:99) For utterance 78-368-0012, best cost 137.7 + 14509 = 14646.7 over 2173 frames.
78-368-0012 
LOG (lattice-best-path[5.5.0~1-40c7]:main():lattice-best-path.cc:99) For utterance 78-368-0013, best cost 105.803 + 11791.6 = 11897.4 over 1756 frames.
78-368-0013 
LOG (lattice-best-path[5.5.0~1-40c7]:main():lattice-best-path.cc:99) For utterance 78-368-0014, best cost 131.376 + 12543.9 = 12675.3 over 1868 frames.
78-368-0014 
LOG (lattice-best-path[5.5.0~1-40c7]:main():lattice-best-path.cc:99) For utterance 78-368-0015, best cost 100.74 + 12085 = 12185.8 over 1825 frames.
78-368-0015 
LOG (lattice-best-path[5.5.0~1-40c7]:main():lattice-best-path.cc:99) For utterance 78-368-0016, best cost 62.9157 + 7414.44 = 7477.35 over 1140 frames.
78-368-0016 
LOG (lattice-best-path[5.5.0~1-40c7]:main():lattice-best-path.cc:99) For utterance 78-368-0017, best cost 114.314 + 14202.1 = 14316.4 over 2083 frames.
78-368-0017 
LOG (lattice-best-path[5.5.0~1-40c7]:main():lattice-best-path.cc:99) For utterance 78-368-0018, best cost 131.385 + 14316.6 = 14448 over 2116 frames.
78-368-0018 
LOG (lattice-best-path[5.5.0~1-40c7]:main():lattice-best-path.cc:99) For utterance 78-368-0019, best cost 125.096 + 14306.5 = 14431.6 over 2143 frames.
78-368-0019 
LOG (lattice-best-path[5.5.0~1-40c7]:main():lattice-best-path.cc:99) For utterance 78-368-0020, best cost 91.3638 + 8568.62 = 8659.98 over 1284 frames.
78-368-0020 
LOG (lattice-best-path[5.5.0~1-40c7]:main():lattice-best-path.cc:99) For utterance 78-368-0021, best cost 109.705 + 12558.9 = 12668.6 over 1876 frames.
78-368-0021 
LOG (lattice-best-path[5.5.0~1-40c7]:main():lattice-best-path.cc:99) For utterance 78-368-0022, best cost 107.566 + 9210.17 = 9317.73 over 1384 frames.
78-368-0022 
LOG (lattice-best-path[5.5.0~1-40c7]:main():lattice-best-path.cc:99) For utterance 78-368-0023, best cost 114.25 + 10771.3 = 10885.5 over 1616 frames.
78-368-0023 
LOG (lattice-best-path[5.5.0~1-40c7]:main():lattice-best-path.cc:99) For utterance 78-368-0024, best cost 118.237 + 11200.8 = 11319 over 1669 frames.
78-368-0024 
LOG (lattice-best-path[5.5.0~1-40c7]:main():lattice-best-path.cc:99) For utterance 78-368-0025, best cost 55.861 + 5494.5 = 5550.36 over 821 frames.
78-368-0025 
LOG (lattice-best-path[5.5.0~1-40c7]:main():lattice-best-path.cc:99) For utterance 78-368-0026, best cost 136.704 + 14981.5 = 15118.2 over 2233 frames.
78-368-0026 
LOG (lattice-best-path[5.5.0~1-40c7]:main():lattice-best-path.cc:99) For utterance 78-368-0027, best cost 113.575 + 12527.8 = 12641.4 over 1853 frames.
78-368-0027 
LOG (lattice-best-path[5.5.0~1-40c7]:main():lattice-best-path.cc:99) For utterance 78-368-0028, best cost 55.4682 + 8816.99 = 8872.46 over 1357 frames.
78-368-0028 
LOG (lattice-best-path[5.5.0~1-40c7]:main():lattice-best-path.cc:99) For utterance 78-368-0029, best cost 136.647 + 13878 = 14014.7 over 2113 frames.
78-368-0029 
LOG (lattice-best-path[5.5.0~1-40c7]:main():lattice-best-path.cc:99) For utterance 78-368-0030, best cost 125.607 + 12007.6 = 12133.2 over 1788 frames.
78-368-0030 
LOG (lattice-best-path[5.5.0~1-40c7]:main():lattice-best-path.cc:99) For utterance 78-368-0031, best cost 47.7035 + 3249.95 = 3297.65 over 493 frames.
78-368-0031 
LOG (lattice-best-path[5.5.0~1-40c7]:main():lattice-best-path.cc:99) For utterance 78-368-0032, best cost 149.125 + 15169.9 = 15319 over 2260 frames.
78-368-0032 
LOG (lattice-best-path[5.5.0~1-40c7]:main():lattice-best-path.cc:99) For utterance 78-368-0033, best cost 97.3771 + 12711.5 = 12808.9 over 1919 frames.
78-368-0033 
LOG (lattice-best-path[5.5.0~1-40c7]:main():lattice-best-path.cc:99) For utterance 78-368-0034, best cost 75.5816 + 6968.32 = 7043.9 over 1026 frames.
78-368-0034 
LOG (lattice-best-path[5.5.0~1-40c7]:main():lattice-best-path.cc:99) For utterance 78-368-0035, best cost 117.519 + 13364.4 = 13481.9 over 2011 frames.
78-368-0035 
LOG (lattice-best-path[5.5.0~1-40c7]:main():lattice-best-path.cc:99) For utterance 78-368-0036, best cost 118.225 + 10715.2 = 10833.4 over 1581 frames.
78-368-0036 
LOG (lattice-best-path[5.5.0~1-40c7]:main():lattice-best-path.cc:99) For utterance 78-368-0037, best cost 104.164 + 11254.6 = 11358.7 over 1701 frames.
78-368-0037 
LOG (lattice-best-path[5.5.0~1-40c7]:main():lattice-best-path.cc:99) For utterance 78-368-0038, best cost 54.7456 + 3474.7 = 3529.44 over 504 frames.
78-368-0038 
LOG (lattice-best-path[5.5.0~1-40c7]:main():lattice-best-path.cc:99) For utterance 78-368-0039, best cost 140.584 + 14105.6 = 14246.2 over 2099 frames.
78-368-0039 
LOG (lattice-best-path[5.5.0~1-40c7]:main():lattice-best-path.cc:99) For utterance 78-368-0040, best cost 133.73 + 14226.1 = 14359.8 over 2111 frames.
78-368-0040 
LOG (lattice-best-path[5.5.0~1-40c7]:main():lattice-best-path.cc:99) For utterance 78-368-0041, best cost 111.975 + 9898.29 = 10010.3 over 1450 frames.
78-368-0041 
LOG (lattice-best-path[5.5.0~1-40c7]:main():lattice-best-path.cc:99) For utterance 78-368-0042, best cost 43.5607 + 2422.93 = 2466.49 over 356 frames.
78-368-0042 
LOG (lattice-best-path[5.5.0~1-40c7]:main():lattice-best-path.cc:99) For utterance 78-368-0043, best cost 105.497 + 10740.8 = 10846.3 over 1554 frames.
78-368-0043 
LOG (lattice-best-path[5.5.0~1-40c7]:main():lattice-best-path.cc:99) For utterance 78-368-0044, best cost 71.8867 + 7351.68 = 7423.56 over 1073 frames.
78-368-0044 
LOG (lattice-best-path[5.5.0~1-40c7]:main():lattice-best-path.cc:99) For utterance 78-368-0045, best cost 92.5283 + 13032.9 = 13125.5 over 1934 frames.
78-368-0045 
LOG (lattice-best-path[5.5.0~1-40c7]:main():lattice-best-path.cc:99) For utterance 78-368-0046, best cost 138.923 + 12479.3 = 12618.2 over 1827 frames.
78-368-0046 
LOG (lattice-best-path[5.5.0~1-40c7]:main():lattice-best-path.cc:99) For utterance 78-368-0047, best cost 125.85 + 13211.6 = 13337.5 over 1945 frames.
78-368-0047 
LOG (lattice-best-path[5.5.0~1-40c7]:main():lattice-best-path.cc:99) For utterance 78-368-0048, best cost 126.214 + 11356.5 = 11482.7 over 1629 frames.
78-368-0048 
LOG (lattice-best-path[5.5.0~1-40c7]:main():lattice-best-path.cc:99) For utterance 78-368-0049, best cost 129.426 + 14521.9 = 14651.3 over 2106 frames.
78-368-0049 
LOG (lattice-best-path[5.5.0~1-40c7]:main():lattice-best-path.cc:99) For utterance 78-368-0050, best cost 75.6764 + 7958.68 = 8034.35 over 1181 frames.
78-368-0050 
LOG (lattice-best-path[5.5.0~1-40c7]:main():lattice-best-path.cc:99) For utterance 78-368-0051, best cost 168.132 + 15768 = 15936.2 over 2321 frames.
78-368-0051 
LOG (lattice-best-path[5.5.0~1-40c7]:main():lattice-best-path.cc:99) For utterance 78-368-0052, best cost 124.783 + 12439.9 = 12564.7 over 1832 frames.
78-368-0052 
LOG (lattice-best-path[5.5.0~1-40c7]:main():lattice-best-path.cc:99) For utterance 78-368-0053, best cost 59.2546 + 3996.41 = 4055.67 over 580 frames.
78-368-0053 
LOG (lattice-best-path[5.5.0~1-40c7]:main():lattice-best-path.cc:99) For utterance 78-369-0000, best cost 100.666 + 12379.6 = 12480.3 over 1976 frames.
78-369-0000 
LOG (lattice-best-path[5.5.0~1-40c7]:main():lattice-best-path.cc:99) For utterance 78-369-0001, best cost 102.745 + 9968.83 = 10071.6 over 1507 frames.
78-369-0001 
LOG (lattice-best-path[5.5.0~1-40c7]:main():lattice-best-path.cc:99) For utterance 78-369-0002, best cost 81.4107 + 12002.1 = 12083.5 over 1843 frames.
78-369-0002 
LOG (lattice-best-path[5.5.0~1-40c7]:main():lattice-best-path.cc:99) For utterance 78-369-0003, best cost 76.0742 + 8669.54 = 8745.61 over 1325 frames.
78-369-0003 
LOG (lattice-best-path[5.5.0~1-40c7]:main():lattice-best-path.cc:99) For utterance 78-369-0004, best cost 97.7394 + 12643.5 = 12741.2 over 1989 frames.
78-369-0004 
LOG (lattice-best-path[5.5.0~1-40c7]:main():lattice-best-path.cc:99) For utterance 78-369-0005, best cost 113.885 + 12073.5 = 12187.4 over 1875 frames.
78-369-0005 
LOG (lattice-best-path[5.5.0~1-40c7]:main():lattice-best-path.cc:99) For utterance 78-369-0006, best cost 130.248 + 14191.8 = 14322.1 over 2197 frames.
78-369-0006 
LOG (lattice-best-path[5.5.0~1-40c7]:main():lattice-best-path.cc:99) For utterance 78-369-0007, best cost 64.1047 + 9249.93 = 9314.03 over 1457 frames.
78-369-0007 
LOG (lattice-best-path[5.5.0~1-40c7]:main():lattice-best-path.cc:99) For utterance 78-369-0008, best cost 109.41 + 13063.6 = 13173 over 2023 frames.
78-369-0008 
LOG (lattice-best-path[5.5.0~1-40c7]:main():lattice-best-path.cc:99) For utterance 78-369-0009, best cost 140.505 + 14001.1 = 14141.6 over 2139 frames.
78-369-0009 
LOG (lattice-best-path[5.5.0~1-40c7]:main():lattice-best-path.cc:99) For utterance 78-369-0010, best cost 102.042 + 10299.9 = 10401.9 over 1575 frames.
78-369-0010 
LOG (lattice-best-path[5.5.0~1-40c7]:main():lattice-best-path.cc:99) For utterance 78-369-0011, best cost 115.332 + 13382.5 = 13497.8 over 2102 frames.
78-369-0011 
LOG (lattice-best-path[5.5.0~1-40c7]:main():lattice-best-path.cc:99) For utterance 78-369-0012, best cost 83.1506 + 8570.4 = 8653.55 over 1339 frames.
78-369-0012 
LOG (lattice-best-path[5.5.0~1-40c7]:main():lattice-best-path.cc:99) For utterance 78-369-0013, best cost 87.3328 + 8189.96 = 8277.29 over 1276 frames.
78-369-0013 
LOG (lattice-best-path[5.5.0~1-40c7]:main():lattice-best-path.cc:99) For utterance 78-369-0014, best cost 88.1828 + 9031.48 = 9119.66 over 1411 frames.
78-369-0014 
LOG (lattice-best-path[5.5.0~1-40c7]:main():lattice-best-path.cc:99) For utterance 78-369-0015, best cost 123.959 + 14396.8 = 14520.8 over 2229 frames.
78-369-0015 
LOG (lattice-best-path[5.5.0~1-40c7]:main():lattice-best-path.cc:99) For utterance 78-369-0016, best cost 96.2514 + 12805.1 = 12901.4 over 1966 frames.
78-369-0016 
LOG (lattice-best-path[5.5.0~1-40c7]:main():lattice-best-path.cc:99) For utterance 78-369-0017, best cost 128.434 + 12341 = 12469.5 over 1890 frames.
78-369-0017 
LOG (lattice-best-path[5.5.0~1-40c7]:main():lattice-best-path.cc:99) For utterance 78-369-0018, best cost 117.898 + 11359.8 = 11477.7 over 1746 frames.
78-369-0018 
LOG (lattice-best-path[5.5.0~1-40c7]:main():lattice-best-path.cc:99) For utterance 78-369-0019, best cost 115.935 + 12274.5 = 12390.4 over 1854 frames.
78-369-0019 
LOG (lattice-best-path[5.5.0~1-40c7]:main():lattice-best-path.cc:99) For utterance 78-369-0020, best cost 80.7841 + 8448.35 = 8529.13 over 1316 frames.
78-369-0020 
LOG (lattice-best-path[5.5.0~1-40c7]:main():lattice-best-path.cc:99) For utterance 78-369-0021, best cost 98.5452 + 12000.4 = 12099 over 1871 frames.
78-369-0021 
LOG (lattice-best-path[5.5.0~1-40c7]:main():lattice-best-path.cc:99) For utterance 78-369-0022, best cost 125.918 + 14131.7 = 14257.6 over 2136 frames.
78-369-0022 
LOG (lattice-best-path[5.5.0~1-40c7]:main():lattice-best-path.cc:99) For utterance 78-369-0023, best cost 145.371 + 15865.2 = 16010.5 over 2397 frames.
78-369-0023 
LOG (lattice-best-path[5.5.0~1-40c7]:main():lattice-best-path.cc:99) For utterance 78-369-0024, best cost 109.803 + 13079.6 = 13189.4 over 1989 frames.
78-369-0024 
LOG (lattice-best-path[5.5.0~1-40c7]:main():lattice-best-path.cc:99) For utterance 78-369-0025, best cost 140.118 + 13358.7 = 13498.8 over 2035 frames.
78-369-0025 
LOG (lattice-best-path[5.5.0~1-40c7]:main():lattice-best-path.cc:99) For utterance 78-369-0026, best cost 71.5749 + 8464.19 = 8535.77 over 1303 frames.
78-369-0026 
LOG (lattice-best-path[5.5.0~1-40c7]:main():lattice-best-path.cc:99) For utterance 78-369-0027, best cost 160.978 + 15116.8 = 15277.8 over 2298 frames.
78-369-0027 
LOG (lattice-best-path[5.5.0~1-40c7]:main():lattice-best-path.cc:99) For utterance 78-369-0028, best cost 90.7459 + 10972.5 = 11063.3 over 1735 frames.
78-369-0028 
LOG (lattice-best-path[5.5.0~1-40c7]:main():lattice-best-path.cc:99) For utterance 78-369-0029, best cost 95.4857 + 8894.29 = 8989.78 over 1369 frames.
78-369-0029 
LOG (lattice-best-path[5.5.0~1-40c7]:main():lattice-best-path.cc:99) For utterance 78-369-0030, best cost 104.389 + 9688.61 = 9793 over 1477 frames.
78-369-0030 
LOG (lattice-best-path[5.5.0~1-40c7]:main():lattice-best-path.cc:99) For utterance 78-369-0031, best cost 128.927 + 12127.1 = 12256 over 1885 frames.
78-369-0031 
LOG (lattice-best-path[5.5.0~1-40c7]:main():lattice-best-path.cc:99) For utterance 78-369-0032, best cost 129.912 + 13829.7 = 13959.6 over 2073 frames.
78-369-0032 
LOG (lattice-best-path[5.5.0~1-40c7]:main():lattice-best-path.cc:99) For utterance 78-369-0033, best cost 118.438 + 11290 = 11408.5 over 1703 frames.
78-369-0033 
LOG (lattice-best-path[5.5.0~1-40c7]:main():lattice-best-path.cc:99) For utterance 78-369-0034, best cost 142.013 + 13689.5 = 13831.5 over 2095 frames.
78-369-0034 
LOG (lattice-best-path[5.5.0~1-40c7]:main():lattice-best-path.cc:99) For utterance 78-369-0035, best cost 71.3859 + 8721.9 = 8793.28 over 1354 frames.
78-369-0035 
LOG (lattice-best-path[5.5.0~1-40c7]:main():lattice-best-path.cc:99) For utterance 78-369-0036, best cost 137.779 + 12788 = 12925.8 over 1911 frames.
78-369-0036 
LOG (lattice-best-path[5.5.0~1-40c7]:main():lattice-best-path.cc:99) For utterance 78-369-0037, best cost 115.147 + 10694 = 10809.1 over 1639 frames.
78-369-0037 
LOG (lattice-best-path[5.5.0~1-40c7]:main():lattice-best-path.cc:99) For utterance 78-369-0038, best cost 114.461 + 13151.9 = 13266.4 over 2034 frames.
78-369-0038 
LOG (lattice-best-path[5.5.0~1-40c7]:main():lattice-best-path.cc:99) For utterance 78-369-0039, best cost 118.997 + 12745.9 = 12864.9 over 1944 frames.
78-369-0039 
LOG (lattice-best-path[5.5.0~1-40c7]:main():lattice-best-path.cc:99) For utterance 78-369-0040, best cost 103.785 + 9269.93 = 9373.71 over 1412 frames.
78-369-0040 
LOG (lattice-best-path[5.5.0~1-40c7]:main():lattice-best-path.cc:99) For utterance 78-369-0041, best cost 137.307 + 14274.1 = 14411.4 over 2141 frames.
78-369-0041 
LOG (lattice-best-path[5.5.0~1-40c7]:main():lattice-best-path.cc:99) For utterance 78-369-0042, best cost 127.548 + 14110 = 14237.5 over 2125 frames.
78-369-0042 
LOG (lattice-best-path[5.5.0~1-40c7]:main():lattice-best-path.cc:99) For utterance 78-369-0043, best cost 150.37 + 14323.8 = 14474.2 over 2169 frames.
78-369-0043 
LOG (lattice-best-path[5.5.0~1-40c7]:main():lattice-best-path.cc:99) For utterance 78-369-0044, best cost 116.246 + 11406.2 = 11522.5 over 1732 frames.
78-369-0044 
LOG (lattice-best-path[5.5.0~1-40c7]:main():lattice-best-path.cc:99) For utterance 78-369-0045, best cost 134.87 + 13979.9 = 14114.8 over 2104 frames.
78-369-0045 
LOG (lattice-best-path[5.5.0~1-40c7]:main():lattice-best-path.cc:99) For utterance 78-369-0046, best cost 162.293 + 15717 = 15879.3 over 2337 frames.
78-369-0046 
LOG (lattice-best-path[5.5.0~1-40c7]:main():lattice-best-path.cc:99) For utterance 78-369-0047, best cost 109.759 + 10958.4 = 11068.1 over 1643 frames.
78-369-0047 
LOG (lattice-best-path[5.5.0~1-40c7]:main():lattice-best-path.cc:99) For utterance 78-369-0048, best cost 77.1072 + 7153.56 = 7230.67 over 1085 frames.
78-369-0048 
LOG (lattice-scale[5.5.0~1-40c7]:main():lattice-scale.cc:107) Done 345 lattices.
LOG (lattice-best-path[5.5.0~1-40c7]:main():lattice-best-path.cc:99) For utterance 78-369-0049, best cost 141.252 + 14158.5 = 14299.7 over 2086 frames.
78-369-0049 
LOG (lattice-best-path[5.5.0~1-40c7]:main():lattice-best-path.cc:99) For utterance 78-369-0050, best cost 124.507 + 13196.1 = 13320.6 over 2001 frames.
78-369-0050 
LOG (lattice-best-path[5.5.0~1-40c7]:main():lattice-best-path.cc:99) For utterance 78-369-0051, best cost 141.345 + 12544.7 = 12686 over 1883 frames.
78-369-0051 
LOG (lattice-best-path[5.5.0~1-40c7]:main():lattice-best-path.cc:99) For utterance 78-369-0052, best cost 105.86 + 10223 = 10328.9 over 1531 frames.
78-369-0052 
LOG (lattice-best-path[5.5.0~1-40c7]:main():lattice-best-path.cc:99) For utterance 78-369-0053, best cost 134.465 + 13901.1 = 14035.6 over 2101 frames.
78-369-0053 
LOG (lattice-best-path[5.5.0~1-40c7]:main():lattice-best-path.cc:99) For utterance 78-369-0054, best cost 114.187 + 10786.9 = 10901.1 over 1623 frames.
78-369-0054 
LOG (lattice-best-path[5.5.0~1-40c7]:main():lattice-best-path.cc:99) For utterance 78-369-0055, best cost 142.161 + 13293.3 = 13435.4 over 1989 frames.
78-369-0055 
LOG (lattice-best-path[5.5.0~1-40c7]:main():lattice-best-path.cc:99) For utterance 78-369-0056, best cost 125.365 + 12325.7 = 12451 over 1874 frames.
78-369-0056 
LOG (lattice-add-penalty[5.5.0~1-40c7]:main():lattice-add-penalty.cc:62) Done adding word insertion penalty to 345 lattices.
LOG (lattice-best-path[5.5.0~1-40c7]:main():lattice-best-path.cc:99) For utterance 78-369-0057, best cost 84.2538 + 7475.07 = 7559.32 over 1122 frames.
78-369-0057 
LOG (lattice-best-path[5.5.0~1-40c7]:main():lattice-best-path.cc:99) For utterance 78-369-0058, best cost 90.8759 + 8101.39 = 8192.26 over 1204 frames.
78-369-0058 
LOG (lattice-best-path[5.5.0~1-40c7]:main():lattice-best-path.cc:99) For utterance 78-369-0059, best cost 161.06 + 15636.6 = 15797.7 over 2344 frames.
78-369-0059 
LOG (lattice-best-path[5.5.0~1-40c7]:main():lattice-best-path.cc:99) For utterance 78-369-0060, best cost 140.342 + 13981.9 = 14122.2 over 2129 frames.
78-369-0060 
LOG (lattice-best-path[5.5.0~1-40c7]:main():lattice-best-path.cc:99) For utterance 78-369-0061, best cost 90.5677 + 10390.8 = 10481.4 over 1636 frames.
78-369-0061 
LOG (lattice-best-path[5.5.0~1-40c7]:main():lattice-best-path.cc:99) For utterance 78-369-0062, best cost 130.645 + 14423.6 = 14554.2 over 2189 frames.
78-369-0062 
LOG (lattice-best-path[5.5.0~1-40c7]:main():lattice-best-path.cc:99) For utterance 78-369-0063, best cost 123.451 + 11205.6 = 11329.1 over 1693 frames.
78-369-0063 
LOG (lattice-best-path[5.5.0~1-40c7]:main():lattice-best-path.cc:124) Overall cost per frame is 7.08154 = 0.0721744 [graph] + 7.00937 [acoustic] over 626920 frames.
LOG (lattice-best-path[5.5.0~1-40c7]:main():lattice-best-path.cc:128) Done 345 lattices, failed for 0
# Accounting: time=1 threads=1
# Ended (code 0) at Tue Dec  8 03:53:57 UTC 2020, elapsed time 1 seconds
