# lattice-scale --inv-acoustic-scale=16 "ark:gunzip -c exp/tri1/de/lat.*.gz|" ark:- | lattice-add-penalty --word-ins-penalty=0.5 ark:- ark:- | lattice-best-path --word-symbol-table=exp/tri1/graph/words.txt ark:- ark,t:- | utils/int2sym.pl -f 2- exp/tri1/graph/words.txt | cat > exp/tri1/de/scoring_kaldi/penalty_0.5/16.txt 
# Started at Tue Dec  8 03:53:56 UTC 2020
#
lattice-scale --inv-acoustic-scale=16 'ark:gunzip -c exp/tri1/de/lat.*.gz|' ark:- 
lattice-add-penalty --word-ins-penalty=0.5 ark:- ark:- 
lattice-best-path --word-symbol-table=exp/tri1/graph/words.txt ark:- ark,t:- 
LOG (lattice-best-path[5.5.0~1-40c7]:main():lattice-best-path.cc:99) For utterance 248-130644-0000, best cost 148.089 + 11018.6 = 11166.7 over 1688 frames.
248-130644-0000 
LOG (lattice-best-path[5.5.0~1-40c7]:main():lattice-best-path.cc:99) For utterance 248-130644-0001, best cost 131.177 + 10730.4 = 10861.6 over 1649 frames.
248-130644-0001 
LOG (lattice-best-path[5.5.0~1-40c7]:main():lattice-best-path.cc:99) For utterance 248-130644-0002, best cost 160.865 + 14026.5 = 14187.3 over 2159 frames.
248-130644-0002 
LOG (lattice-best-path[5.5.0~1-40c7]:main():lattice-best-path.cc:99) For utterance 248-130644-0003, best cost 154.132 + 11698.5 = 11852.6 over 1795 frames.
248-130644-0003 
LOG (lattice-best-path[5.5.0~1-40c7]:main():lattice-best-path.cc:99) For utterance 248-130644-0004, best cost 165.096 + 14821 = 14986.1 over 2249 frames.
248-130644-0004 
LOG (lattice-best-path[5.5.0~1-40c7]:main():lattice-best-path.cc:99) For utterance 248-130644-0005, best cost 166.73 + 13738.9 = 13905.6 over 2103 frames.
248-130644-0005 
LOG (lattice-best-path[5.5.0~1-40c7]:main():lattice-best-path.cc:99) For utterance 248-130644-0006, best cost 168.723 + 13801 = 13969.8 over 2133 frames.
248-130644-0006 
LOG (lattice-best-path[5.5.0~1-40c7]:main():lattice-best-path.cc:99) For utterance 248-130644-0007, best cost 173.613 + 14247 = 14420.6 over 2205 frames.
248-130644-0007 
LOG (lattice-best-path[5.5.0~1-40c7]:main():lattice-best-path.cc:99) For utterance 248-130644-0008, best cost 174.51 + 14888.4 = 15063 over 2270 frames.
248-130644-0008 
LOG (lattice-best-path[5.5.0~1-40c7]:main():lattice-best-path.cc:99) For utterance 248-130644-0009, best cost 148.756 + 12329.3 = 12478.1 over 1875 frames.
248-130644-0009 
LOG (lattice-best-path[5.5.0~1-40c7]:main():lattice-best-path.cc:99) For utterance 248-130644-0010, best cost 187.099 + 15800.4 = 15987.5 over 2430 frames.
248-130644-0010 
LOG (lattice-best-path[5.5.0~1-40c7]:main():lattice-best-path.cc:99) For utterance 248-130644-0011, best cost 147.223 + 12822.8 = 12970 over 1960 frames.
248-130644-0011 
LOG (lattice-best-path[5.5.0~1-40c7]:main():lattice-best-path.cc:99) For utterance 248-130644-0012, best cost 121.744 + 10107.9 = 10229.7 over 1546 frames.
248-130644-0012 
LOG (lattice-best-path[5.5.0~1-40c7]:main():lattice-best-path.cc:99) For utterance 248-130644-0013, best cost 139.486 + 10817.8 = 10957.2 over 1660 frames.
248-130644-0013 
LOG (lattice-best-path[5.5.0~1-40c7]:main():lattice-best-path.cc:99) For utterance 248-130644-0014, best cost 95.7174 + 6519.61 = 6615.33 over 995 frames.
248-130644-0014 
LOG (lattice-best-path[5.5.0~1-40c7]:main():lattice-best-path.cc:99) For utterance 248-130644-0015, best cost 151.877 + 11874.8 = 12026.7 over 1817 frames.
248-130644-0015 
LOG (lattice-best-path[5.5.0~1-40c7]:main():lattice-best-path.cc:99) For utterance 248-130644-0016, best cost 172.643 + 14277.2 = 14449.9 over 2181 frames.
248-130644-0016 
LOG (lattice-best-path[5.5.0~1-40c7]:main():lattice-best-path.cc:99) For utterance 248-130644-0017, best cost 124.853 + 10183.2 = 10308 over 1562 frames.
248-130644-0017 
LOG (lattice-best-path[5.5.0~1-40c7]:main():lattice-best-path.cc:99) For utterance 248-130644-0018, best cost 165.978 + 13400.4 = 13566.3 over 2057 frames.
248-130644-0018 
LOG (lattice-best-path[5.5.0~1-40c7]:main():lattice-best-path.cc:99) For utterance 248-130644-0019, best cost 190.977 + 15533 = 15724 over 2398 frames.
248-130644-0019 
LOG (lattice-best-path[5.5.0~1-40c7]:main():lattice-best-path.cc:99) For utterance 248-130644-0020, best cost 114.362 + 10751.1 = 10865.4 over 1649 frames.
248-130644-0020 
LOG (lattice-best-path[5.5.0~1-40c7]:main():lattice-best-path.cc:99) For utterance 248-130644-0021, best cost 185.956 + 16914.2 = 17100.2 over 2570 frames.
248-130644-0021 
LOG (lattice-best-path[5.5.0~1-40c7]:main():lattice-best-path.cc:99) For utterance 248-130644-0022, best cost 139.451 + 10135.7 = 10275.2 over 1566 frames.
248-130644-0022 
LOG (lattice-best-path[5.5.0~1-40c7]:main():lattice-best-path.cc:99) For utterance 248-130644-0023, best cost 106.157 + 8501.41 = 8607.56 over 1294 frames.
248-130644-0023 
LOG (lattice-best-path[5.5.0~1-40c7]:main():lattice-best-path.cc:99) For utterance 248-130644-0024, best cost 144.622 + 12988.9 = 13133.5 over 1988 frames.
248-130644-0024 
LOG (lattice-best-path[5.5.0~1-40c7]:main():lattice-best-path.cc:99) For utterance 248-130644-0025, best cost 160.022 + 13764.8 = 13924.8 over 2117 frames.
248-130644-0025 
LOG (lattice-best-path[5.5.0~1-40c7]:main():lattice-best-path.cc:99) For utterance 248-130644-0026, best cost 159.193 + 13581.2 = 13740.4 over 2090 frames.
248-130644-0026 
LOG (lattice-best-path[5.5.0~1-40c7]:main():lattice-best-path.cc:99) For utterance 248-130644-0027, best cost 94.733 + 7456.74 = 7551.48 over 1164 frames.
248-130644-0027 
LOG (lattice-best-path[5.5.0~1-40c7]:main():lattice-best-path.cc:99) For utterance 248-130644-0028, best cost 155.605 + 13271.9 = 13427.5 over 2046 frames.
248-130644-0028 
LOG (lattice-best-path[5.5.0~1-40c7]:main():lattice-best-path.cc:99) For utterance 248-130644-0029, best cost 143.308 + 11507.1 = 11650.5 over 1744 frames.
248-130644-0029 
LOG (lattice-best-path[5.5.0~1-40c7]:main():lattice-best-path.cc:99) For utterance 248-130644-0030, best cost 155.827 + 14570.6 = 14726.5 over 2249 frames.
248-130644-0030 
LOG (lattice-best-path[5.5.0~1-40c7]:main():lattice-best-path.cc:99) For utterance 248-130644-0031, best cost 105.137 + 8554.16 = 8659.29 over 1336 frames.
248-130644-0031 
LOG (lattice-best-path[5.5.0~1-40c7]:main():lattice-best-path.cc:99) For utterance 248-130644-0032, best cost 139.935 + 11475.1 = 11615 over 1782 frames.
248-130644-0032 
LOG (lattice-best-path[5.5.0~1-40c7]:main():lattice-best-path.cc:99) For utterance 248-130644-0033, best cost 167.263 + 13483.8 = 13651 over 2081 frames.
248-130644-0033 
LOG (lattice-best-path[5.5.0~1-40c7]:main():lattice-best-path.cc:99) For utterance 248-130644-0034, best cost 139.051 + 10367.5 = 10506.6 over 1617 frames.
248-130644-0034 
LOG (lattice-best-path[5.5.0~1-40c7]:main():lattice-best-path.cc:99) For utterance 248-130644-0035, best cost 156.239 + 13856.6 = 14012.8 over 2138 frames.
248-130644-0035 
LOG (lattice-best-path[5.5.0~1-40c7]:main():lattice-best-path.cc:99) For utterance 248-130644-0036, best cost 45.7235 + 2764.03 = 2809.75 over 434 frames.
248-130644-0036 
LOG (lattice-best-path[5.5.0~1-40c7]:main():lattice-best-path.cc:99) For utterance 248-130652-0000, best cost 138.61 + 13899 = 14037.6 over 2183 frames.
248-130652-0000 
LOG (lattice-best-path[5.5.0~1-40c7]:main():lattice-best-path.cc:99) For utterance 248-130652-0001, best cost 120.483 + 8743.28 = 8863.76 over 1327 frames.
248-130652-0001 
LOG (lattice-best-path[5.5.0~1-40c7]:main():lattice-best-path.cc:99) For utterance 248-130652-0002, best cost 170.296 + 13689.3 = 13859.6 over 2123 frames.
248-130652-0002 
LOG (lattice-best-path[5.5.0~1-40c7]:main():lattice-best-path.cc:99) For utterance 248-130652-0003, best cost 155.07 + 13095.4 = 13250.4 over 2022 frames.
248-130652-0003 
LOG (lattice-best-path[5.5.0~1-40c7]:main():lattice-best-path.cc:99) For utterance 248-130652-0004, best cost 152.341 + 13654.5 = 13806.9 over 2097 frames.
248-130652-0004 
LOG (lattice-best-path[5.5.0~1-40c7]:main():lattice-best-path.cc:99) For utterance 248-130652-0005, best cost 133.237 + 11184.4 = 11317.7 over 1734 frames.
248-130652-0005 
LOG (lattice-best-path[5.5.0~1-40c7]:main():lattice-best-path.cc:99) For utterance 248-130652-0006, best cost 143.689 + 10993.2 = 11136.8 over 1699 frames.
248-130652-0006 
LOG (lattice-best-path[5.5.0~1-40c7]:main():lattice-best-path.cc:99) For utterance 248-130652-0007, best cost 184.539 + 13297 = 13481.5 over 2069 frames.
248-130652-0007 
LOG (lattice-best-path[5.5.0~1-40c7]:main():lattice-best-path.cc:99) For utterance 248-130652-0008, best cost 191.086 + 15946.4 = 16137.5 over 2462 frames.
248-130652-0008 
LOG (lattice-best-path[5.5.0~1-40c7]:main():lattice-best-path.cc:99) For utterance 248-130652-0009, best cost 161.785 + 14024.1 = 14185.9 over 2149 frames.
248-130652-0009 
LOG (lattice-best-path[5.5.0~1-40c7]:main():lattice-best-path.cc:99) For utterance 248-130652-0010, best cost 146.562 + 11823.7 = 11970.3 over 1821 frames.
248-130652-0010 
LOG (lattice-best-path[5.5.0~1-40c7]:main():lattice-best-path.cc:99) For utterance 248-130652-0011, best cost 158.404 + 12149.6 = 12308 over 1886 frames.
248-130652-0011 
LOG (lattice-best-path[5.5.0~1-40c7]:main():lattice-best-path.cc:99) For utterance 248-130652-0012, best cost 118.42 + 10826.8 = 10945.2 over 1728 frames.
248-130652-0012 
LOG (lattice-best-path[5.5.0~1-40c7]:main():lattice-best-path.cc:99) For utterance 248-130652-0013, best cost 157.95 + 13203.6 = 13361.5 over 2047 frames.
248-130652-0013 
LOG (lattice-best-path[5.5.0~1-40c7]:main():lattice-best-path.cc:99) For utterance 248-130652-0014, best cost 88.6301 + 6587.31 = 6675.94 over 1048 frames.
248-130652-0014 
LOG (lattice-best-path[5.5.0~1-40c7]:main():lattice-best-path.cc:99) For utterance 248-130652-0015, best cost 146.683 + 12089.2 = 12235.9 over 1905 frames.
248-130652-0015 
LOG (lattice-best-path[5.5.0~1-40c7]:main():lattice-best-path.cc:99) For utterance 248-130652-0016, best cost 136.37 + 11146.1 = 11282.5 over 1739 frames.
248-130652-0016 
LOG (lattice-best-path[5.5.0~1-40c7]:main():lattice-best-path.cc:99) For utterance 248-130652-0017, best cost 125.516 + 10709.1 = 10834.6 over 1670 frames.
248-130652-0017 
LOG (lattice-best-path[5.5.0~1-40c7]:main():lattice-best-path.cc:99) For utterance 248-130652-0018, best cost 174.126 + 15051.9 = 15226 over 2316 frames.
248-130652-0018 
LOG (lattice-best-path[5.5.0~1-40c7]:main():lattice-best-path.cc:99) For utterance 248-130652-0019, best cost 119.141 + 10999.7 = 11118.8 over 1747 frames.
248-130652-0019 
LOG (lattice-best-path[5.5.0~1-40c7]:main():lattice-best-path.cc:99) For utterance 248-130652-0020, best cost 126.087 + 10637.6 = 10763.6 over 1660 frames.
248-130652-0020 
LOG (lattice-best-path[5.5.0~1-40c7]:main():lattice-best-path.cc:99) For utterance 248-130652-0021, best cost 130.823 + 12082.3 = 12213.1 over 1886 frames.
248-130652-0021 
LOG (lattice-best-path[5.5.0~1-40c7]:main():lattice-best-path.cc:99) For utterance 248-130652-0022, best cost 142.254 + 12468.8 = 12611.1 over 1937 frames.
248-130652-0022 
LOG (lattice-best-path[5.5.0~1-40c7]:main():lattice-best-path.cc:99) For utterance 248-130652-0023, best cost 115.92 + 11743 = 11858.9 over 1869 frames.
248-130652-0023 
LOG (lattice-best-path[5.5.0~1-40c7]:main():lattice-best-path.cc:99) For utterance 248-130652-0024, best cost 184.266 + 15195.9 = 15380.2 over 2353 frames.
248-130652-0024 
LOG (lattice-best-path[5.5.0~1-40c7]:main():lattice-best-path.cc:99) For utterance 248-130652-0025, best cost 126.879 + 12005.9 = 12132.7 over 1909 frames.
248-130652-0025 
LOG (lattice-best-path[5.5.0~1-40c7]:main():lattice-best-path.cc:99) For utterance 248-130652-0026, best cost 109.692 + 11119 = 11228.7 over 1791 frames.
248-130652-0026 
LOG (lattice-best-path[5.5.0~1-40c7]:main():lattice-best-path.cc:99) For utterance 248-130652-0027, best cost 153.461 + 13328.5 = 13481.9 over 2089 frames.
248-130652-0027 
LOG (lattice-best-path[5.5.0~1-40c7]:main():lattice-best-path.cc:99) For utterance 248-130652-0028, best cost 136.52 + 11957.1 = 12093.6 over 1865 frames.
248-130652-0028 
LOG (lattice-best-path[5.5.0~1-40c7]:main():lattice-best-path.cc:99) For utterance 248-130652-0029, best cost 168.638 + 14377 = 14545.6 over 2223 frames.
248-130652-0029 
LOG (lattice-best-path[5.5.0~1-40c7]:main():lattice-best-path.cc:99) For utterance 248-130652-0030, best cost 145.077 + 12391.9 = 12537 over 1939 frames.
248-130652-0030 
LOG (lattice-best-path[5.5.0~1-40c7]:main():lattice-best-path.cc:99) For utterance 248-130652-0031, best cost 163.841 + 14236.5 = 14400.3 over 2145 frames.
248-130652-0031 
LOG (lattice-best-path[5.5.0~1-40c7]:main():lattice-best-path.cc:99) For utterance 248-130652-0032, best cost 144.954 + 13483.1 = 13628 over 2078 frames.
248-130652-0032 
LOG (lattice-best-path[5.5.0~1-40c7]:main():lattice-best-path.cc:99) For utterance 248-130652-0033, best cost 185.289 + 14447.1 = 14632.4 over 2190 frames.
248-130652-0033 
LOG (lattice-best-path[5.5.0~1-40c7]:main():lattice-best-path.cc:99) For utterance 248-130652-0034, best cost 148.972 + 12169.6 = 12318.6 over 1886 frames.
248-130652-0034 
LOG (lattice-best-path[5.5.0~1-40c7]:main():lattice-best-path.cc:99) For utterance 248-130652-0035, best cost 110.676 + 10194.6 = 10305.3 over 1590 frames.
248-130652-0035 
LOG (lattice-best-path[5.5.0~1-40c7]:main():lattice-best-path.cc:99) For utterance 248-130652-0036, best cost 164.182 + 13716.4 = 13880.6 over 2081 frames.
248-130652-0036 
LOG (lattice-best-path[5.5.0~1-40c7]:main():lattice-best-path.cc:99) For utterance 248-130652-0037, best cost 134.064 + 12154.1 = 12288.2 over 1886 frames.
248-130652-0037 
LOG (lattice-best-path[5.5.0~1-40c7]:main():lattice-best-path.cc:99) For utterance 248-130652-0038, best cost 136.365 + 11673.6 = 11810 over 1801 frames.
248-130652-0038 
LOG (lattice-best-path[5.5.0~1-40c7]:main():lattice-best-path.cc:99) For utterance 248-130652-0039, best cost 72.2616 + 6085.55 = 6157.81 over 931 frames.
248-130652-0039 
LOG (lattice-best-path[5.5.0~1-40c7]:main():lattice-best-path.cc:99) For utterance 248-130697-0000, best cost 91.9583 + 7321.7 = 7413.66 over 1164 frames.
248-130697-0000 
LOG (lattice-best-path[5.5.0~1-40c7]:main():lattice-best-path.cc:99) For utterance 248-130697-0001, best cost 143.659 + 10992.7 = 11136.4 over 1709 frames.
248-130697-0001 
LOG (lattice-best-path[5.5.0~1-40c7]:main():lattice-best-path.cc:99) For utterance 248-130697-0002, best cost 147.88 + 12511.9 = 12659.8 over 2019 frames.
248-130697-0002 
LOG (lattice-best-path[5.5.0~1-40c7]:main():lattice-best-path.cc:99) For utterance 248-130697-0003, best cost 155.385 + 14167.5 = 14322.9 over 2193 frames.
248-130697-0003 
LOG (lattice-best-path[5.5.0~1-40c7]:main():lattice-best-path.cc:99) For utterance 248-130697-0004, best cost 130.318 + 13309.6 = 13439.9 over 2132 frames.
248-130697-0004 
LOG (lattice-best-path[5.5.0~1-40c7]:main():lattice-best-path.cc:99) For utterance 248-130697-0005, best cost 136.064 + 11848.3 = 11984.4 over 1872 frames.
248-130697-0005 
LOG (lattice-best-path[5.5.0~1-40c7]:main():lattice-best-path.cc:99) For utterance 248-130697-0006, best cost 127.904 + 11995.6 = 12123.5 over 1878 frames.
248-130697-0006 
LOG (lattice-best-path[5.5.0~1-40c7]:main():lattice-best-path.cc:99) For utterance 248-130697-0007, best cost 125.361 + 12582 = 12707.3 over 1977 frames.
248-130697-0007 
LOG (lattice-best-path[5.5.0~1-40c7]:main():lattice-best-path.cc:99) For utterance 248-130697-0008, best cost 121.878 + 10592.7 = 10714.6 over 1620 frames.
248-130697-0008 
LOG (lattice-best-path[5.5.0~1-40c7]:main():lattice-best-path.cc:99) For utterance 248-130697-0009, best cost 141.58 + 11691 = 11832.6 over 1814 frames.
248-130697-0009 
LOG (lattice-best-path[5.5.0~1-40c7]:main():lattice-best-path.cc:99) For utterance 248-130697-0010, best cost 141.311 + 14328.7 = 14470 over 2218 frames.
248-130697-0010 
LOG (lattice-best-path[5.5.0~1-40c7]:main():lattice-best-path.cc:99) For utterance 248-130697-0011, best cost 136.209 + 12941.5 = 13077.8 over 2042 frames.
248-130697-0011 
LOG (lattice-best-path[5.5.0~1-40c7]:main():lattice-best-path.cc:99) For utterance 248-130697-0012, best cost 108.741 + 9838.69 = 9947.43 over 1559 frames.
248-130697-0012 
LOG (lattice-best-path[5.5.0~1-40c7]:main():lattice-best-path.cc:99) For utterance 248-130697-0013, best cost 168.299 + 14634.9 = 14803.2 over 2263 frames.
248-130697-0013 
LOG (lattice-best-path[5.5.0~1-40c7]:main():lattice-best-path.cc:99) For utterance 248-130697-0014, best cost 90.7501 + 7835.62 = 7926.37 over 1277 frames.
248-130697-0014 
LOG (lattice-best-path[5.5.0~1-40c7]:main():lattice-best-path.cc:99) For utterance 248-130697-0015, best cost 111.659 + 10424.8 = 10536.5 over 1654 frames.
248-130697-0015 
LOG (lattice-best-path[5.5.0~1-40c7]:main():lattice-best-path.cc:99) For utterance 248-130697-0016, best cost 133.418 + 13678.4 = 13811.8 over 2162 frames.
248-130697-0016 
LOG (lattice-best-path[5.5.0~1-40c7]:main():lattice-best-path.cc:99) For utterance 248-130697-0017, best cost 133.213 + 11470.4 = 11603.7 over 1798 frames.
248-130697-0017 
LOG (lattice-best-path[5.5.0~1-40c7]:main():lattice-best-path.cc:99) For utterance 248-130697-0018, best cost 153.934 + 13520.2 = 13674.1 over 2120 frames.
248-130697-0018 
LOG (lattice-best-path[5.5.0~1-40c7]:main():lattice-best-path.cc:99) For utterance 248-130697-0019, best cost 157.421 + 13251.6 = 13409.1 over 2052 frames.
248-130697-0019 
LOG (lattice-best-path[5.5.0~1-40c7]:main():lattice-best-path.cc:99) For utterance 248-130697-0020, best cost 139.783 + 13107.8 = 13247.5 over 2003 frames.
248-130697-0020 
LOG (lattice-best-path[5.5.0~1-40c7]:main():lattice-best-path.cc:99) For utterance 248-130697-0021, best cost 146.946 + 11927.7 = 12074.7 over 1835 frames.
248-130697-0021 
LOG (lattice-best-path[5.5.0~1-40c7]:main():lattice-best-path.cc:99) For utterance 248-130697-0022, best cost 131.853 + 11344 = 11475.8 over 1726 frames.
248-130697-0022 
LOG (lattice-best-path[5.5.0~1-40c7]:main():lattice-best-path.cc:99) For utterance 248-130697-0023, best cost 122.36 + 10870.1 = 10992.4 over 1719 frames.
248-130697-0023 
LOG (lattice-best-path[5.5.0~1-40c7]:main():lattice-best-path.cc:99) For utterance 248-130697-0024, best cost 153.455 + 13505.6 = 13659.1 over 2088 frames.
248-130697-0024 
LOG (lattice-best-path[5.5.0~1-40c7]:main():lattice-best-path.cc:99) For utterance 248-130697-0025, best cost 94.0218 + 9230.96 = 9324.98 over 1450 frames.
248-130697-0025 
LOG (lattice-best-path[5.5.0~1-40c7]:main():lattice-best-path.cc:99) For utterance 248-130697-0026, best cost 105.781 + 8856.08 = 8961.86 over 1368 frames.
248-130697-0026 
LOG (lattice-best-path[5.5.0~1-40c7]:main():lattice-best-path.cc:99) For utterance 248-130697-0027, best cost 120.433 + 10794.8 = 10915.2 over 1708 frames.
248-130697-0027 
LOG (lattice-best-path[5.5.0~1-40c7]:main():lattice-best-path.cc:99) For utterance 248-130697-0028, best cost 119.479 + 12207.2 = 12326.7 over 1966 frames.
248-130697-0028 
LOG (lattice-best-path[5.5.0~1-40c7]:main():lattice-best-path.cc:99) For utterance 248-130697-0029, best cost 115.584 + 11265.6 = 11381.2 over 1782 frames.
248-130697-0029 
LOG (lattice-best-path[5.5.0~1-40c7]:main():lattice-best-path.cc:99) For utterance 248-130697-0030, best cost 128.016 + 12766.5 = 12894.5 over 2020 frames.
248-130697-0030 
LOG (lattice-best-path[5.5.0~1-40c7]:main():lattice-best-path.cc:99) For utterance 248-130697-0031, best cost 138.298 + 11828.5 = 11966.8 over 1826 frames.
248-130697-0031 
LOG (lattice-best-path[5.5.0~1-40c7]:main():lattice-best-path.cc:99) For utterance 248-130697-0032, best cost 139.042 + 12735.8 = 12874.9 over 2023 frames.
248-130697-0032 
LOG (lattice-best-path[5.5.0~1-40c7]:main():lattice-best-path.cc:99) For utterance 248-130697-0033, best cost 46.6472 + 3410.81 = 3457.46 over 532 frames.
248-130697-0033 
LOG (lattice-best-path[5.5.0~1-40c7]:main():lattice-best-path.cc:99) For utterance 248-130697-0034, best cost 144.312 + 12408.1 = 12552.4 over 1950 frames.
248-130697-0034 
LOG (lattice-best-path[5.5.0~1-40c7]:main():lattice-best-path.cc:99) For utterance 248-130697-0035, best cost 110.52 + 10045.2 = 10155.7 over 1570 frames.
248-130697-0035 
LOG (lattice-best-path[5.5.0~1-40c7]:main():lattice-best-path.cc:99) For utterance 248-130697-0036, best cost 58.5196 + 3607.72 = 3666.24 over 561 frames.
248-130697-0036 
LOG (lattice-best-path[5.5.0~1-40c7]:main():lattice-best-path.cc:99) For utterance 302-123504-0000, best cost 134.796 + 14236.2 = 14371 over 1960 frames.
302-123504-0000 
LOG (lattice-best-path[5.5.0~1-40c7]:main():lattice-best-path.cc:99) For utterance 302-123504-0001, best cost 152.099 + 13778.5 = 13930.6 over 1901 frames.
302-123504-0001 
LOG (lattice-best-path[5.5.0~1-40c7]:main():lattice-best-path.cc:99) For utterance 302-123504-0002, best cost 160.89 + 15329.6 = 15490.5 over 2145 frames.
302-123504-0002 
LOG (lattice-best-path[5.5.0~1-40c7]:main():lattice-best-path.cc:99) For utterance 302-123504-0003, best cost 126.647 + 12705.7 = 12832.3 over 1801 frames.
302-123504-0003 
LOG (lattice-best-path[5.5.0~1-40c7]:main():lattice-best-path.cc:99) For utterance 302-123504-0004, best cost 161.611 + 16372.9 = 16534.5 over 2256 frames.
302-123504-0004 
LOG (lattice-best-path[5.5.0~1-40c7]:main():lattice-best-path.cc:99) For utterance 302-123504-0005, best cost 170.827 + 14838.3 = 15009.1 over 2046 frames.
302-123504-0005 
LOG (lattice-best-path[5.5.0~1-40c7]:main():lattice-best-path.cc:99) For utterance 302-123504-0006, best cost 139.885 + 12334.9 = 12474.8 over 1698 frames.
302-123504-0006 
LOG (lattice-best-path[5.5.0~1-40c7]:main():lattice-best-path.cc:99) For utterance 302-123504-0007, best cost 126.525 + 11492.2 = 11618.7 over 1619 frames.
302-123504-0007 
LOG (lattice-best-path[5.5.0~1-40c7]:main():lattice-best-path.cc:99) For utterance 302-123504-0008, best cost 152.843 + 13687.9 = 13840.7 over 1923 frames.
302-123504-0008 
LOG (lattice-best-path[5.5.0~1-40c7]:main():lattice-best-path.cc:99) For utterance 302-123504-0009, best cost 145.574 + 15626.7 = 15772.3 over 2188 frames.
302-123504-0009 
LOG (lattice-best-path[5.5.0~1-40c7]:main():lattice-best-path.cc:99) For utterance 302-123504-0010, best cost 169.443 + 15416.5 = 15586 over 2164 frames.
302-123504-0010 
LOG (lattice-best-path[5.5.0~1-40c7]:main():lattice-best-path.cc:99) For utterance 302-123504-0011, best cost 84.9732 + 7443.1 = 7528.07 over 1030 frames.
302-123504-0011 
LOG (lattice-best-path[5.5.0~1-40c7]:main():lattice-best-path.cc:99) For utterance 302-123504-0012, best cost 157.693 + 13781.5 = 13939.2 over 1917 frames.
302-123504-0012 
LOG (lattice-best-path[5.5.0~1-40c7]:main():lattice-best-path.cc:99) For utterance 302-123504-0013, best cost 156.295 + 15105 = 15261.3 over 2099 frames.
302-123504-0013 
LOG (lattice-best-path[5.5.0~1-40c7]:main():lattice-best-path.cc:99) For utterance 302-123504-0014, best cost 171.518 + 15699.1 = 15870.7 over 2228 frames.
302-123504-0014 
LOG (lattice-best-path[5.5.0~1-40c7]:main():lattice-best-path.cc:99) For utterance 302-123504-0015, best cost 149.136 + 13568.2 = 13717.4 over 1873 frames.
302-123504-0015 
LOG (lattice-best-path[5.5.0~1-40c7]:main():lattice-best-path.cc:99) For utterance 302-123504-0016, best cost 145.556 + 13478.5 = 13624.1 over 1869 frames.
302-123504-0016 
LOG (lattice-best-path[5.5.0~1-40c7]:main():lattice-best-path.cc:99) For utterance 302-123504-0017, best cost 135.022 + 12584.7 = 12719.7 over 1715 frames.
302-123504-0017 
LOG (lattice-best-path[5.5.0~1-40c7]:main():lattice-best-path.cc:99) For utterance 302-123504-0018, best cost 152.818 + 12575.3 = 12728.1 over 1723 frames.
302-123504-0018 
LOG (lattice-best-path[5.5.0~1-40c7]:main():lattice-best-path.cc:99) For utterance 302-123504-0019, best cost 162.516 + 13138.6 = 13301.1 over 1817 frames.
302-123504-0019 
LOG (lattice-best-path[5.5.0~1-40c7]:main():lattice-best-path.cc:99) For utterance 302-123504-0020, best cost 173.93 + 15397.9 = 15571.8 over 2142 frames.
302-123504-0020 
LOG (lattice-best-path[5.5.0~1-40c7]:main():lattice-best-path.cc:99) For utterance 302-123504-0021, best cost 155.639 + 15622.2 = 15777.8 over 2188 frames.
302-123504-0021 
LOG (lattice-best-path[5.5.0~1-40c7]:main():lattice-best-path.cc:99) For utterance 302-123504-0022, best cost 143.552 + 14476.5 = 14620 over 2020 frames.
302-123504-0022 
LOG (lattice-best-path[5.5.0~1-40c7]:main():lattice-best-path.cc:99) For utterance 302-123504-0023, best cost 159.263 + 13833.7 = 13993 over 1933 frames.
302-123504-0023 
LOG (lattice-best-path[5.5.0~1-40c7]:main():lattice-best-path.cc:99) For utterance 302-123504-0024, best cost 154.224 + 13453.6 = 13607.8 over 1860 frames.
302-123504-0024 
LOG (lattice-best-path[5.5.0~1-40c7]:main():lattice-best-path.cc:99) For utterance 302-123504-0025, best cost 172.157 + 15494.5 = 15666.7 over 2143 frames.
302-123504-0025 
LOG (lattice-best-path[5.5.0~1-40c7]:main():lattice-best-path.cc:99) For utterance 302-123504-0026, best cost 144.759 + 14136.2 = 14281 over 1964 frames.
302-123504-0026 
LOG (lattice-best-path[5.5.0~1-40c7]:main():lattice-best-path.cc:99) For utterance 302-123504-0027, best cost 165.827 + 15220.8 = 15386.7 over 2111 frames.
302-123504-0027 
LOG (lattice-best-path[5.5.0~1-40c7]:main():lattice-best-path.cc:99) For utterance 302-123504-0028, best cost 170.589 + 15332.2 = 15502.8 over 2122 frames.
302-123504-0028 
LOG (lattice-best-path[5.5.0~1-40c7]:main():lattice-best-path.cc:99) For utterance 302-123504-0029, best cost 134.506 + 14912 = 15046.5 over 2046 frames.
302-123504-0029 
LOG (lattice-best-path[5.5.0~1-40c7]:main():lattice-best-path.cc:99) For utterance 302-123504-0030, best cost 176.332 + 16024.2 = 16200.5 over 2234 frames.
302-123504-0030 
LOG (lattice-best-path[5.5.0~1-40c7]:main():lattice-best-path.cc:99) For utterance 302-123504-0031, best cost 158.768 + 15020.5 = 15179.3 over 2083 frames.
302-123504-0031 
LOG (lattice-best-path[5.5.0~1-40c7]:main():lattice-best-path.cc:99) For utterance 302-123504-0032, best cost 163.576 + 14181.3 = 14344.9 over 1969 frames.
302-123504-0032 
LOG (lattice-best-path[5.5.0~1-40c7]:main():lattice-best-path.cc:99) For utterance 302-123504-0033, best cost 150.56 + 15051.6 = 15202.2 over 2078 frames.
302-123504-0033 
LOG (lattice-best-path[5.5.0~1-40c7]:main():lattice-best-path.cc:99) For utterance 302-123504-0034, best cost 161.945 + 13870 = 14032 over 1903 frames.
302-123504-0034 
LOG (lattice-best-path[5.5.0~1-40c7]:main():lattice-best-path.cc:99) For utterance 302-123504-0035, best cost 127.824 + 12066.3 = 12194.1 over 1646 frames.
302-123504-0035 
LOG (lattice-best-path[5.5.0~1-40c7]:main():lattice-best-path.cc:99) For utterance 302-123504-0036, best cost 149.033 + 14779.8 = 14928.8 over 2032 frames.
302-123504-0036 
LOG (lattice-best-path[5.5.0~1-40c7]:main():lattice-best-path.cc:99) For utterance 302-123504-0037, best cost 104.19 + 7915.16 = 8019.35 over 1081 frames.
302-123504-0037 
LOG (lattice-best-path[5.5.0~1-40c7]:main():lattice-best-path.cc:99) For utterance 302-123516-0000, best cost 59.5809 + 11860.6 = 11920.2 over 1768 frames.
302-123516-0000 
LOG (lattice-best-path[5.5.0~1-40c7]:main():lattice-best-path.cc:99) For utterance 302-123516-0001, best cost 131.314 + 12968.3 = 13099.6 over 1893 frames.
302-123516-0001 
LOG (lattice-best-path[5.5.0~1-40c7]:main():lattice-best-path.cc:99) For utterance 302-123516-0002, best cost 189.148 + 15257.2 = 15446.4 over 2209 frames.
302-123516-0002 
LOG (lattice-best-path[5.5.0~1-40c7]:main():lattice-best-path.cc:99) For utterance 302-123516-0003, best cost 106.533 + 8264.11 = 8370.64 over 1199 frames.
302-123516-0003 
LOG (lattice-best-path[5.5.0~1-40c7]:main():lattice-best-path.cc:99) For utterance 302-123516-0004, best cost 157.086 + 14132.2 = 14289.3 over 2052 frames.
302-123516-0004 
LOG (lattice-best-path[5.5.0~1-40c7]:main():lattice-best-path.cc:99) For utterance 302-123516-0005, best cost 123.894 + 10958.3 = 11082.2 over 1576 frames.
302-123516-0005 
LOG (lattice-best-path[5.5.0~1-40c7]:main():lattice-best-path.cc:99) For utterance 302-123516-0006, best cost 126.633 + 10964.5 = 11091.1 over 1591 frames.
302-123516-0006 
LOG (lattice-best-path[5.5.0~1-40c7]:main():lattice-best-path.cc:99) For utterance 302-123516-0007, best cost 158.392 + 13389.4 = 13547.8 over 1927 frames.
302-123516-0007 
LOG (lattice-best-path[5.5.0~1-40c7]:main():lattice-best-path.cc:99) For utterance 302-123516-0008, best cost 186.811 + 14885.3 = 15072.1 over 2150 frames.
302-123516-0008 
LOG (lattice-best-path[5.5.0~1-40c7]:main():lattice-best-path.cc:99) For utterance 302-123516-0009, best cost 168.646 + 14535.8 = 14704.5 over 2097 frames.
302-123516-0009 
LOG (lattice-best-path[5.5.0~1-40c7]:main():lattice-best-path.cc:99) For utterance 302-123516-0010, best cost 161 + 15562.6 = 15723.6 over 2245 frames.
302-123516-0010 
LOG (lattice-best-path[5.5.0~1-40c7]:main():lattice-best-path.cc:99) For utterance 302-123516-0011, best cost 140.718 + 12395.4 = 12536.1 over 1801 frames.
302-123516-0011 
LOG (lattice-best-path[5.5.0~1-40c7]:main():lattice-best-path.cc:99) For utterance 302-123516-0012, best cost 172.275 + 15122.4 = 15294.6 over 2184 frames.
302-123516-0012 
LOG (lattice-best-path[5.5.0~1-40c7]:main():lattice-best-path.cc:99) For utterance 302-123516-0013, best cost 168.252 + 15721.8 = 15890.1 over 2259 frames.
302-123516-0013 
LOG (lattice-best-path[5.5.0~1-40c7]:main():lattice-best-path.cc:99) For utterance 302-123516-0014, best cost 172.257 + 14976.8 = 15149 over 2167 frames.
302-123516-0014 
LOG (lattice-best-path[5.5.0~1-40c7]:main():lattice-best-path.cc:99) For utterance 302-123516-0015, best cost 116.72 + 10781.6 = 10898.4 over 1560 frames.
302-123516-0015 
LOG (lattice-best-path[5.5.0~1-40c7]:main():lattice-best-path.cc:99) For utterance 302-123516-0016, best cost 157.015 + 13488.7 = 13645.7 over 1927 frames.
302-123516-0016 
LOG (lattice-best-path[5.5.0~1-40c7]:main():lattice-best-path.cc:99) For utterance 302-123516-0017, best cost 156.056 + 13635.9 = 13792 over 1962 frames.
302-123516-0017 
LOG (lattice-best-path[5.5.0~1-40c7]:main():lattice-best-path.cc:99) For utterance 302-123516-0018, best cost 105.942 + 8613.76 = 8719.7 over 1251 frames.
302-123516-0018 
LOG (lattice-best-path[5.5.0~1-40c7]:main():lattice-best-path.cc:99) For utterance 302-123516-0019, best cost 96.2516 + 7844.46 = 7940.71 over 1127 frames.
302-123516-0019 
LOG (lattice-best-path[5.5.0~1-40c7]:main():lattice-best-path.cc:99) For utterance 302-123516-0020, best cost 99.1225 + 8858.54 = 8957.67 over 1296 frames.
302-123516-0020 
LOG (lattice-best-path[5.5.0~1-40c7]:main():lattice-best-path.cc:99) For utterance 302-123516-0021, best cost 156.273 + 13922.1 = 14078.4 over 2006 frames.
302-123516-0021 
LOG (lattice-best-path[5.5.0~1-40c7]:main():lattice-best-path.cc:99) For utterance 302-123516-0022, best cost 117.553 + 11031.5 = 11149.1 over 1586 frames.
302-123516-0022 
LOG (lattice-best-path[5.5.0~1-40c7]:main():lattice-best-path.cc:99) For utterance 302-123516-0023, best cost 165.879 + 15460 = 15625.9 over 2226 frames.
302-123516-0023 
LOG (lattice-best-path[5.5.0~1-40c7]:main():lattice-best-path.cc:99) For utterance 302-123516-0024, best cost 66.0792 + 4163.89 = 4229.97 over 600 frames.
302-123516-0024 
LOG (lattice-best-path[5.5.0~1-40c7]:main():lattice-best-path.cc:99) For utterance 302-123516-0025, best cost 143.331 + 12497.5 = 12640.8 over 1801 frames.
302-123516-0025 
LOG (lattice-best-path[5.5.0~1-40c7]:main():lattice-best-path.cc:99) For utterance 302-123516-0026, best cost 134.717 + 13899.5 = 14034.2 over 2007 frames.
302-123516-0026 
LOG (lattice-best-path[5.5.0~1-40c7]:main():lattice-best-path.cc:99) For utterance 302-123516-0027, best cost 159.556 + 14442.5 = 14602 over 2074 frames.
302-123516-0027 
LOG (lattice-best-path[5.5.0~1-40c7]:main():lattice-best-path.cc:99) For utterance 302-123516-0028, best cost 164.654 + 14309.4 = 14474 over 2052 frames.
302-123516-0028 
LOG (lattice-best-path[5.5.0~1-40c7]:main():lattice-best-path.cc:99) For utterance 302-123516-0029, best cost 168.318 + 14626.6 = 14794.9 over 2107 frames.
302-123516-0029 
LOG (lattice-best-path[5.5.0~1-40c7]:main():lattice-best-path.cc:99) For utterance 302-123516-0030, best cost 91.4939 + 6490.02 = 6581.52 over 931 frames.
302-123516-0030 
LOG (lattice-best-path[5.5.0~1-40c7]:main():lattice-best-path.cc:99) For utterance 302-123516-0031, best cost 148.946 + 13826 = 13974.9 over 1994 frames.
302-123516-0031 
LOG (lattice-best-path[5.5.0~1-40c7]:main():lattice-best-path.cc:99) For utterance 302-123516-0032, best cost 75.7396 + 6615.18 = 6690.92 over 963 frames.
302-123516-0032 
LOG (lattice-best-path[5.5.0~1-40c7]:main():lattice-best-path.cc:99) For utterance 302-123516-0033, best cost 118.83 + 10842.3 = 10961.1 over 1567 frames.
302-123516-0033 
LOG (lattice-best-path[5.5.0~1-40c7]:main():lattice-best-path.cc:99) For utterance 302-123516-0034, best cost 44.5853 + 2563.14 = 2607.73 over 369 frames.
302-123516-0034 
LOG (lattice-best-path[5.5.0~1-40c7]:main():lattice-best-path.cc:99) For utterance 302-123516-0035, best cost 154.704 + 14051.6 = 14206.3 over 2025 frames.
302-123516-0035 
LOG (lattice-best-path[5.5.0~1-40c7]:main():lattice-best-path.cc:99) For utterance 302-123523-0000, best cost 157.575 + 15335 = 15492.6 over 2141 frames.
302-123523-0000 
LOG (lattice-best-path[5.5.0~1-40c7]:main():lattice-best-path.cc:99) For utterance 302-123523-0001, best cost 91.4148 + 6654.78 = 6746.2 over 941 frames.
302-123523-0001 
LOG (lattice-best-path[5.5.0~1-40c7]:main():lattice-best-path.cc:99) For utterance 302-123523-0002, best cost 177.355 + 15903.6 = 16081 over 2242 frames.
302-123523-0002 
LOG (lattice-best-path[5.5.0~1-40c7]:main():lattice-best-path.cc:99) For utterance 302-123523-0003, best cost 176.61 + 15944.2 = 16120.8 over 2293 frames.
302-123523-0003 
LOG (lattice-best-path[5.5.0~1-40c7]:main():lattice-best-path.cc:99) For utterance 302-123523-0004, best cost 132.739 + 11819.8 = 11952.6 over 1672 frames.
302-123523-0004 
LOG (lattice-best-path[5.5.0~1-40c7]:main():lattice-best-path.cc:99) For utterance 302-123523-0005, best cost 138.028 + 12676.6 = 12814.6 over 1814 frames.
302-123523-0005 
LOG (lattice-best-path[5.5.0~1-40c7]:main():lattice-best-path.cc:99) For utterance 302-123523-0006, best cost 147.437 + 13301.4 = 13448.9 over 1895 frames.
302-123523-0006 
LOG (lattice-best-path[5.5.0~1-40c7]:main():lattice-best-path.cc:99) For utterance 302-123523-0007, best cost 139.097 + 13743.3 = 13882.4 over 1959 frames.
302-123523-0007 
LOG (lattice-best-path[5.5.0~1-40c7]:main():lattice-best-path.cc:99) For utterance 302-123523-0008, best cost 160.378 + 15083.6 = 15244 over 2147 frames.
302-123523-0008 
LOG (lattice-best-path[5.5.0~1-40c7]:main():lattice-best-path.cc:99) For utterance 302-123523-0009, best cost 158.213 + 15490.2 = 15648.4 over 2195 frames.
302-123523-0009 
LOG (lattice-best-path[5.5.0~1-40c7]:main():lattice-best-path.cc:99) For utterance 302-123523-0010, best cost 146.262 + 13260 = 13406.3 over 1881 frames.
302-123523-0010 
LOG (lattice-best-path[5.5.0~1-40c7]:main():lattice-best-path.cc:99) For utterance 302-123523-0011, best cost 155.03 + 13668.6 = 13823.6 over 1960 frames.
302-123523-0011 
LOG (lattice-best-path[5.5.0~1-40c7]:main():lattice-best-path.cc:99) For utterance 302-123523-0012, best cost 134.758 + 14463.6 = 14598.3 over 2064 frames.
302-123523-0012 
LOG (lattice-best-path[5.5.0~1-40c7]:main():lattice-best-path.cc:99) For utterance 302-123523-0013, best cost 151.252 + 13741 = 13892.2 over 1936 frames.
302-123523-0013 
LOG (lattice-best-path[5.5.0~1-40c7]:main():lattice-best-path.cc:99) For utterance 302-123523-0014, best cost 159.24 + 14247.9 = 14407.2 over 2008 frames.
302-123523-0014 
LOG (lattice-best-path[5.5.0~1-40c7]:main():lattice-best-path.cc:99) For utterance 302-123523-0015, best cost 155.471 + 13962.1 = 14117.6 over 1996 frames.
302-123523-0015 
LOG (lattice-best-path[5.5.0~1-40c7]:main():lattice-best-path.cc:99) For utterance 302-123523-0016, best cost 120.668 + 10156.5 = 10277.1 over 1460 frames.
302-123523-0016 
LOG (lattice-best-path[5.5.0~1-40c7]:main():lattice-best-path.cc:99) For utterance 302-123523-0017, best cost 162.853 + 14199.4 = 14362.3 over 2028 frames.
302-123523-0017 
LOG (lattice-best-path[5.5.0~1-40c7]:main():lattice-best-path.cc:99) For utterance 302-123523-0018, best cost 140.324 + 14286.2 = 14426.5 over 2042 frames.
302-123523-0018 
LOG (lattice-best-path[5.5.0~1-40c7]:main():lattice-best-path.cc:99) For utterance 302-123523-0019, best cost 137.823 + 13368.6 = 13506.5 over 1877 frames.
302-123523-0019 
LOG (lattice-best-path[5.5.0~1-40c7]:main():lattice-best-path.cc:99) For utterance 302-123523-0020, best cost 164.166 + 15040.9 = 15205.1 over 2139 frames.
302-123523-0020 
LOG (lattice-best-path[5.5.0~1-40c7]:main():lattice-best-path.cc:99) For utterance 302-123523-0021, best cost 45.4548 + 3189.16 = 3234.61 over 463 frames.
302-123523-0021 
LOG (lattice-best-path[5.5.0~1-40c7]:main():lattice-best-path.cc:99) For utterance 302-123523-0022, best cost 121.373 + 10545.7 = 10667 over 1505 frames.
302-123523-0022 
LOG (lattice-best-path[5.5.0~1-40c7]:main():lattice-best-path.cc:99) For utterance 302-123523-0023, best cost 138.353 + 13436.4 = 13574.8 over 1926 frames.
302-123523-0023 
LOG (lattice-best-path[5.5.0~1-40c7]:main():lattice-best-path.cc:99) For utterance 302-123523-0024, best cost 120.932 + 10630.6 = 10751.6 over 1511 frames.
302-123523-0024 
LOG (lattice-best-path[5.5.0~1-40c7]:main():lattice-best-path.cc:99) For utterance 302-123523-0025, best cost 173.867 + 16557.7 = 16731.6 over 2390 frames.
302-123523-0025 
LOG (lattice-best-path[5.5.0~1-40c7]:main():lattice-best-path.cc:99) For utterance 302-123523-0026, best cost 153.07 + 14246.9 = 14400 over 2036 frames.
302-123523-0026 
LOG (lattice-best-path[5.5.0~1-40c7]:main():lattice-best-path.cc:99) For utterance 302-123523-0027, best cost 143.044 + 13724.2 = 13867.2 over 1980 frames.
302-123523-0027 
LOG (lattice-best-path[5.5.0~1-40c7]:main():lattice-best-path.cc:99) For utterance 302-123523-0028, best cost 129.748 + 11586.7 = 11716.4 over 1687 frames.
302-123523-0028 
LOG (lattice-best-path[5.5.0~1-40c7]:main():lattice-best-path.cc:99) For utterance 302-123523-0029, best cost 146.719 + 13245.6 = 13392.3 over 1914 frames.
302-123523-0029 
LOG (lattice-best-path[5.5.0~1-40c7]:main():lattice-best-path.cc:99) For utterance 302-123523-0030, best cost 171.213 + 15557.1 = 15728.3 over 2248 frames.
302-123523-0030 
LOG (lattice-best-path[5.5.0~1-40c7]:main():lattice-best-path.cc:99) For utterance 302-123523-0031, best cost 164.513 + 14945.7 = 15110.2 over 2137 frames.
302-123523-0031 
LOG (lattice-best-path[5.5.0~1-40c7]:main():lattice-best-path.cc:99) For utterance 302-123523-0032, best cost 170.917 + 15247.1 = 15418.1 over 2178 frames.
302-123523-0032 
LOG (lattice-best-path[5.5.0~1-40c7]:main():lattice-best-path.cc:99) For utterance 302-123523-0033, best cost 146.995 + 13493.5 = 13640.5 over 1938 frames.
302-123523-0033 
LOG (lattice-best-path[5.5.0~1-40c7]:main():lattice-best-path.cc:99) For utterance 302-123523-0034, best cost 115.404 + 12553.9 = 12669.3 over 1798 frames.
302-123523-0034 
LOG (lattice-best-path[5.5.0~1-40c7]:main():lattice-best-path.cc:99) For utterance 302-123523-0035, best cost 120.424 + 11545.2 = 11665.6 over 1663 frames.
302-123523-0035 
LOG (lattice-best-path[5.5.0~1-40c7]:main():lattice-best-path.cc:99) For utterance 302-123523-0036, best cost 131.023 + 12965.2 = 13096.2 over 1823 frames.
302-123523-0036 
LOG (lattice-best-path[5.5.0~1-40c7]:main():lattice-best-path.cc:99) For utterance 302-123523-0037, best cost 163.217 + 15990.7 = 16154 over 2284 frames.
302-123523-0037 
LOG (lattice-best-path[5.5.0~1-40c7]:main():lattice-best-path.cc:99) For utterance 302-123523-0038, best cost 158.609 + 14887.6 = 15046.2 over 2123 frames.
302-123523-0038 
LOG (lattice-best-path[5.5.0~1-40c7]:main():lattice-best-path.cc:99) For utterance 78-368-0000, best cost 109.931 + 12643.7 = 12753.6 over 2028 frames.
78-368-0000 
LOG (lattice-best-path[5.5.0~1-40c7]:main():lattice-best-path.cc:99) For utterance 78-368-0001, best cost 101.296 + 9310.43 = 9411.73 over 1476 frames.
78-368-0001 
LOG (lattice-best-path[5.5.0~1-40c7]:main():lattice-best-path.cc:99) For utterance 78-368-0002, best cost 122.702 + 11857.5 = 11980.2 over 1864 frames.
78-368-0002 
LOG (lattice-best-path[5.5.0~1-40c7]:main():lattice-best-path.cc:99) For utterance 78-368-0003, best cost 137.102 + 12410.1 = 12547.2 over 1969 frames.
78-368-0003 
LOG (lattice-best-path[5.5.0~1-40c7]:main():lattice-best-path.cc:99) For utterance 78-368-0004, best cost 136.96 + 12214.8 = 12351.7 over 1950 frames.
78-368-0004 
LOG (lattice-best-path[5.5.0~1-40c7]:main():lattice-best-path.cc:99) For utterance 78-368-0005, best cost 159.918 + 14932.4 = 15092.3 over 2352 frames.
78-368-0005 
LOG (lattice-best-path[5.5.0~1-40c7]:main():lattice-best-path.cc:99) For utterance 78-368-0006, best cost 86.6252 + 7997.96 = 8084.58 over 1284 frames.
78-368-0006 
LOG (lattice-best-path[5.5.0~1-40c7]:main():lattice-best-path.cc:99) For utterance 78-368-0007, best cost 90.9639 + 7630.31 = 7721.27 over 1201 frames.
78-368-0007 
LOG (lattice-best-path[5.5.0~1-40c7]:main():lattice-best-path.cc:99) For utterance 78-368-0008, best cost 156.258 + 14369.4 = 14525.7 over 2285 frames.
78-368-0008 
LOG (lattice-best-path[5.5.0~1-40c7]:main():lattice-best-path.cc:99) For utterance 78-368-0009, best cost 121.125 + 11961.4 = 12082.5 over 1941 frames.
78-368-0009 
LOG (lattice-best-path[5.5.0~1-40c7]:main():lattice-best-path.cc:99) For utterance 78-368-0010, best cost 67.7895 + 8373.98 = 8441.77 over 1373 frames.
78-368-0010 
LOG (lattice-best-path[5.5.0~1-40c7]:main():lattice-best-path.cc:99) For utterance 78-368-0011, best cost 118.174 + 10445.1 = 10563.3 over 1672 frames.
78-368-0011 
LOG (lattice-best-path[5.5.0~1-40c7]:main():lattice-best-path.cc:99) For utterance 78-368-0012, best cost 137.7 + 13602.2 = 13739.9 over 2173 frames.
78-368-0012 
LOG (lattice-best-path[5.5.0~1-40c7]:main():lattice-best-path.cc:99) For utterance 78-368-0013, best cost 105.803 + 11054.6 = 11160.4 over 1756 frames.
78-368-0013 
LOG (lattice-best-path[5.5.0~1-40c7]:main():lattice-best-path.cc:99) For utterance 78-368-0014, best cost 131.376 + 11759.9 = 11891.3 over 1868 frames.
78-368-0014 
LOG (lattice-best-path[5.5.0~1-40c7]:main():lattice-best-path.cc:99) For utterance 78-368-0015, best cost 100.74 + 11329.7 = 11430.5 over 1825 frames.
78-368-0015 
LOG (lattice-best-path[5.5.0~1-40c7]:main():lattice-best-path.cc:99) For utterance 78-368-0016, best cost 62.9157 + 6951.04 = 7013.95 over 1140 frames.
78-368-0016 
LOG (lattice-best-path[5.5.0~1-40c7]:main():lattice-best-path.cc:99) For utterance 78-368-0017, best cost 114.314 + 13314.4 = 13428.8 over 2083 frames.
78-368-0017 
LOG (lattice-best-path[5.5.0~1-40c7]:main():lattice-best-path.cc:99) For utterance 78-368-0018, best cost 131.385 + 13421.8 = 13553.2 over 2116 frames.
78-368-0018 
LOG (lattice-best-path[5.5.0~1-40c7]:main():lattice-best-path.cc:99) For utterance 78-368-0019, best cost 125.096 + 13412.4 = 13537.5 over 2143 frames.
78-368-0019 
LOG (lattice-best-path[5.5.0~1-40c7]:main():lattice-best-path.cc:99) For utterance 78-368-0020, best cost 91.3638 + 8033.08 = 8124.44 over 1284 frames.
78-368-0020 
LOG (lattice-best-path[5.5.0~1-40c7]:main():lattice-best-path.cc:99) For utterance 78-368-0021, best cost 109.705 + 11774 = 11883.7 over 1876 frames.
78-368-0021 
LOG (lattice-best-path[5.5.0~1-40c7]:main():lattice-best-path.cc:99) For utterance 78-368-0022, best cost 107.566 + 8634.53 = 8742.1 over 1384 frames.
78-368-0022 
LOG (lattice-best-path[5.5.0~1-40c7]:main():lattice-best-path.cc:99) For utterance 78-368-0023, best cost 114.25 + 10098.1 = 10212.3 over 1616 frames.
78-368-0023 
LOG (lattice-best-path[5.5.0~1-40c7]:main():lattice-best-path.cc:99) For utterance 78-368-0024, best cost 118.237 + 10500.7 = 10619 over 1669 frames.
78-368-0024 
LOG (lattice-best-path[5.5.0~1-40c7]:main():lattice-best-path.cc:99) For utterance 78-368-0025, best cost 55.861 + 5151.09 = 5206.95 over 821 frames.
78-368-0025 
LOG (lattice-best-path[5.5.0~1-40c7]:main():lattice-best-path.cc:99) For utterance 78-368-0026, best cost 136.704 + 14045.2 = 14181.9 over 2233 frames.
78-368-0026 
LOG (lattice-best-path[5.5.0~1-40c7]:main():lattice-best-path.cc:99) For utterance 78-368-0027, best cost 113.575 + 11744.8 = 11858.4 over 1853 frames.
78-368-0027 
LOG (lattice-best-path[5.5.0~1-40c7]:main():lattice-best-path.cc:99) For utterance 78-368-0028, best cost 55.4682 + 8265.93 = 8321.4 over 1357 frames.
78-368-0028 
LOG (lattice-best-path[5.5.0~1-40c7]:main():lattice-best-path.cc:99) For utterance 78-368-0029, best cost 136.647 + 13010.6 = 13147.3 over 2113 frames.
78-368-0029 
LOG (lattice-best-path[5.5.0~1-40c7]:main():lattice-best-path.cc:99) For utterance 78-368-0030, best cost 125.607 + 11257.1 = 11382.8 over 1788 frames.
78-368-0030 
LOG (lattice-best-path[5.5.0~1-40c7]:main():lattice-best-path.cc:99) For utterance 78-368-0031, best cost 47.7035 + 3046.83 = 3094.53 over 493 frames.
78-368-0031 
LOG (lattice-best-path[5.5.0~1-40c7]:main():lattice-best-path.cc:99) For utterance 78-368-0032, best cost 149.125 + 14221.8 = 14370.9 over 2260 frames.
78-368-0032 
LOG (lattice-best-path[5.5.0~1-40c7]:main():lattice-best-path.cc:99) For utterance 78-368-0033, best cost 97.3771 + 11917.1 = 12014.5 over 1919 frames.
78-368-0033 
LOG (lattice-best-path[5.5.0~1-40c7]:main():lattice-best-path.cc:99) For utterance 78-368-0034, best cost 75.5816 + 6532.8 = 6608.38 over 1026 frames.
78-368-0034 
LOG (lattice-best-path[5.5.0~1-40c7]:main():lattice-best-path.cc:99) For utterance 78-368-0035, best cost 117.519 + 12529.1 = 12646.6 over 2011 frames.
78-368-0035 
LOG (lattice-best-path[5.5.0~1-40c7]:main():lattice-best-path.cc:99) For utterance 78-368-0036, best cost 118.225 + 10045.5 = 10163.7 over 1581 frames.
78-368-0036 
LOG (lattice-best-path[5.5.0~1-40c7]:main():lattice-best-path.cc:99) For utterance 78-368-0037, best cost 104.164 + 10551.1 = 10655.3 over 1701 frames.
78-368-0037 
LOG (lattice-best-path[5.5.0~1-40c7]:main():lattice-best-path.cc:99) For utterance 78-368-0038, best cost 54.7456 + 3257.53 = 3312.27 over 504 frames.
78-368-0038 
LOG (lattice-best-path[5.5.0~1-40c7]:main():lattice-best-path.cc:99) For utterance 78-368-0039, best cost 140.584 + 13224 = 13364.6 over 2099 frames.
78-368-0039 
LOG (lattice-best-path[5.5.0~1-40c7]:main():lattice-best-path.cc:99) For utterance 78-368-0040, best cost 133.73 + 13336.9 = 13470.7 over 2111 frames.
78-368-0040 
LOG (lattice-best-path[5.5.0~1-40c7]:main():lattice-best-path.cc:99) For utterance 78-368-0041, best cost 111.975 + 9279.65 = 9391.63 over 1450 frames.
78-368-0041 
LOG (lattice-best-path[5.5.0~1-40c7]:main():lattice-best-path.cc:99) For utterance 78-368-0042, best cost 43.5607 + 2271.49 = 2315.05 over 356 frames.
78-368-0042 
LOG (lattice-best-path[5.5.0~1-40c7]:main():lattice-best-path.cc:99) For utterance 78-368-0043, best cost 105.497 + 10069.5 = 10175 over 1554 frames.
78-368-0043 
LOG (lattice-best-path[5.5.0~1-40c7]:main():lattice-best-path.cc:99) For utterance 78-368-0044, best cost 71.8867 + 6892.2 = 6964.08 over 1073 frames.
78-368-0044 
LOG (lattice-best-path[5.5.0~1-40c7]:main():lattice-best-path.cc:99) For utterance 78-368-0045, best cost 92.5283 + 12218.4 = 12310.9 over 1934 frames.
78-368-0045 
LOG (lattice-best-path[5.5.0~1-40c7]:main():lattice-best-path.cc:99) For utterance 78-368-0046, best cost 138.923 + 11699.3 = 11838.3 over 1827 frames.
78-368-0046 
LOG (lattice-best-path[5.5.0~1-40c7]:main():lattice-best-path.cc:99) For utterance 78-368-0047, best cost 125.85 + 12385.9 = 12511.7 over 1945 frames.
78-368-0047 
LOG (lattice-best-path[5.5.0~1-40c7]:main():lattice-best-path.cc:99) For utterance 78-368-0048, best cost 126.214 + 10646.7 = 10772.9 over 1629 frames.
78-368-0048 
LOG (lattice-best-path[5.5.0~1-40c7]:main():lattice-best-path.cc:99) For utterance 78-368-0049, best cost 129.426 + 13614.2 = 13743.7 over 2106 frames.
78-368-0049 
LOG (lattice-best-path[5.5.0~1-40c7]:main():lattice-best-path.cc:99) For utterance 78-368-0050, best cost 75.6764 + 7461.26 = 7536.94 over 1181 frames.
78-368-0050 
LOG (lattice-best-path[5.5.0~1-40c7]:main():lattice-best-path.cc:99) For utterance 78-368-0051, best cost 168.132 + 14782.5 = 14950.6 over 2321 frames.
78-368-0051 
LOG (lattice-best-path[5.5.0~1-40c7]:main():lattice-best-path.cc:99) For utterance 78-368-0052, best cost 124.783 + 11662.4 = 11787.2 over 1832 frames.
78-368-0052 
LOG (lattice-best-path[5.5.0~1-40c7]:main():lattice-best-path.cc:99) For utterance 78-368-0053, best cost 59.2546 + 3746.64 = 3805.89 over 580 frames.
78-368-0053 
LOG (lattice-best-path[5.5.0~1-40c7]:main():lattice-best-path.cc:99) For utterance 78-369-0000, best cost 100.666 + 11605.9 = 11706.6 over 1976 frames.
78-369-0000 
LOG (lattice-best-path[5.5.0~1-40c7]:main():lattice-best-path.cc:99) For utterance 78-369-0001, best cost 102.745 + 9345.78 = 9448.52 over 1507 frames.
78-369-0001 
LOG (lattice-best-path[5.5.0~1-40c7]:main():lattice-best-path.cc:99) For utterance 78-369-0002, best cost 81.4107 + 11252 = 11333.4 over 1843 frames.
78-369-0002 
LOG (lattice-best-path[5.5.0~1-40c7]:main():lattice-best-path.cc:99) For utterance 78-369-0003, best cost 76.0742 + 8127.69 = 8203.76 over 1325 frames.
78-369-0003 
LOG (lattice-best-path[5.5.0~1-40c7]:main():lattice-best-path.cc:99) For utterance 78-369-0004, best cost 97.7394 + 11853.3 = 11951 over 1989 frames.
78-369-0004 
LOG (lattice-best-path[5.5.0~1-40c7]:main():lattice-best-path.cc:99) For utterance 78-369-0005, best cost 113.885 + 11318.9 = 11432.8 over 1875 frames.
78-369-0005 
LOG (lattice-best-path[5.5.0~1-40c7]:main():lattice-best-path.cc:99) For utterance 78-369-0006, best cost 130.248 + 13304.8 = 13435.1 over 2197 frames.
78-369-0006 
LOG (lattice-best-path[5.5.0~1-40c7]:main():lattice-best-path.cc:99) For utterance 78-369-0007, best cost 64.1047 + 8671.8 = 8735.91 over 1457 frames.
78-369-0007 
LOG (lattice-best-path[5.5.0~1-40c7]:main():lattice-best-path.cc:99) For utterance 78-369-0008, best cost 109.41 + 12247.1 = 12356.5 over 2023 frames.
78-369-0008 
LOG (lattice-best-path[5.5.0~1-40c7]:main():lattice-best-path.cc:99) For utterance 78-369-0009, best cost 140.505 + 13126.1 = 13266.6 over 2139 frames.
78-369-0009 
LOG (lattice-best-path[5.5.0~1-40c7]:main():lattice-best-path.cc:99) For utterance 78-369-0010, best cost 102.042 + 9656.15 = 9758.19 over 1575 frames.
78-369-0010 
LOG (lattice-best-path[5.5.0~1-40c7]:main():lattice-best-path.cc:99) For utterance 78-369-0011, best cost 115.332 + 12546.1 = 12661.4 over 2102 frames.
78-369-0011 
LOG (lattice-best-path[5.5.0~1-40c7]:main():lattice-best-path.cc:99) For utterance 78-369-0012, best cost 83.1506 + 8034.75 = 8117.9 over 1339 frames.
78-369-0012 
LOG (lattice-best-path[5.5.0~1-40c7]:main():lattice-best-path.cc:99) For utterance 78-369-0013, best cost 87.3328 + 7678.09 = 7765.42 over 1276 frames.
78-369-0013 
LOG (lattice-best-path[5.5.0~1-40c7]:main():lattice-best-path.cc:99) For utterance 78-369-0014, best cost 88.1828 + 8467.01 = 8555.2 over 1411 frames.
78-369-0014 
LOG (lattice-best-path[5.5.0~1-40c7]:main():lattice-best-path.cc:99) For utterance 78-369-0015, best cost 123.959 + 13497 = 13621 over 2229 frames.
78-369-0015 
LOG (lattice-best-path[5.5.0~1-40c7]:main():lattice-best-path.cc:99) For utterance 78-369-0016, best cost 96.2514 + 12004.8 = 12101.1 over 1966 frames.
78-369-0016 
LOG (lattice-best-path[5.5.0~1-40c7]:main():lattice-best-path.cc:99) For utterance 78-369-0017, best cost 128.434 + 11569.7 = 11698.2 over 1890 frames.
78-369-0017 
LOG (lattice-best-path[5.5.0~1-40c7]:main():lattice-best-path.cc:99) For utterance 78-369-0018, best cost 117.898 + 10649.8 = 10767.7 over 1746 frames.
78-369-0018 
LOG (lattice-best-path[5.5.0~1-40c7]:main():lattice-best-path.cc:99) For utterance 78-369-0019, best cost 115.935 + 11507.3 = 11623.3 over 1854 frames.
78-369-0019 
LOG (lattice-best-path[5.5.0~1-40c7]:main():lattice-best-path.cc:99) For utterance 78-369-0020, best cost 80.7841 + 7920.32 = 8001.11 over 1316 frames.
78-369-0020 
LOG (lattice-best-path[5.5.0~1-40c7]:main():lattice-best-path.cc:99) For utterance 78-369-0021, best cost 98.5452 + 11250.4 = 11349 over 1871 frames.
78-369-0021 
LOG (lattice-best-path[5.5.0~1-40c7]:main():lattice-best-path.cc:99) For utterance 78-369-0022, best cost 125.918 + 13248.5 = 13374.4 over 2136 frames.
78-369-0022 
LOG (lattice-best-path[5.5.0~1-40c7]:main():lattice-best-path.cc:99) For utterance 78-369-0023, best cost 145.371 + 14873.6 = 15019 over 2397 frames.
78-369-0023 
LOG (lattice-best-path[5.5.0~1-40c7]:main():lattice-best-path.cc:99) For utterance 78-369-0024, best cost 109.803 + 12262.1 = 12371.9 over 1989 frames.
78-369-0024 
LOG (lattice-best-path[5.5.0~1-40c7]:main():lattice-best-path.cc:99) For utterance 78-369-0025, best cost 140.118 + 12523.8 = 12663.9 over 2035 frames.
78-369-0025 
LOG (lattice-best-path[5.5.0~1-40c7]:main():lattice-best-path.cc:99) For utterance 78-369-0026, best cost 71.5749 + 7935.18 = 8006.75 over 1303 frames.
78-369-0026 
LOG (lattice-best-path[5.5.0~1-40c7]:main():lattice-best-path.cc:99) For utterance 78-369-0027, best cost 160.978 + 14172 = 14333 over 2298 frames.
78-369-0027 
LOG (lattice-best-path[5.5.0~1-40c7]:main():lattice-best-path.cc:99) For utterance 78-369-0028, best cost 90.7459 + 10286.7 = 10377.5 over 1735 frames.
78-369-0028 
LOG (lattice-best-path[5.5.0~1-40c7]:main():lattice-best-path.cc:99) For utterance 78-369-0029, best cost 95.4857 + 8338.4 = 8433.88 over 1369 frames.
78-369-0029 
LOG (lattice-best-path[5.5.0~1-40c7]:main():lattice-best-path.cc:99) For utterance 78-369-0030, best cost 104.389 + 9083.07 = 9187.46 over 1477 frames.
78-369-0030 
LOG (lattice-best-path[5.5.0~1-40c7]:main():lattice-best-path.cc:99) For utterance 78-369-0031, best cost 128.927 + 11369.1 = 11498.1 over 1885 frames.
78-369-0031 
LOG (lattice-best-path[5.5.0~1-40c7]:main():lattice-best-path.cc:99) For utterance 78-369-0032, best cost 129.912 + 12965.4 = 13095.3 over 2073 frames.
78-369-0032 
LOG (lattice-best-path[5.5.0~1-40c7]:main():lattice-best-path.cc:99) For utterance 78-369-0033, best cost 118.438 + 10584.4 = 10702.8 over 1703 frames.
78-369-0033 
LOG (lattice-best-path[5.5.0~1-40c7]:main():lattice-best-path.cc:99) For utterance 78-369-0034, best cost 142.013 + 12833.9 = 12975.9 over 2095 frames.
78-369-0034 
LOG (lattice-best-path[5.5.0~1-40c7]:main():lattice-best-path.cc:99) For utterance 78-369-0035, best cost 71.3859 + 8176.78 = 8248.17 over 1354 frames.
78-369-0035 
LOG (lattice-best-path[5.5.0~1-40c7]:main():lattice-best-path.cc:99) For utterance 78-369-0036, best cost 137.779 + 11988.8 = 12126.6 over 1911 frames.
78-369-0036 
LOG (lattice-best-path[5.5.0~1-40c7]:main():lattice-best-path.cc:99) For utterance 78-369-0037, best cost 115.147 + 10025.6 = 10140.7 over 1639 frames.
78-369-0037 
LOG (lattice-best-path[5.5.0~1-40c7]:main():lattice-best-path.cc:99) For utterance 78-369-0038, best cost 114.461 + 12329.9 = 12444.4 over 2034 frames.
78-369-0038 
LOG (lattice-best-path[5.5.0~1-40c7]:main():lattice-best-path.cc:99) For utterance 78-369-0039, best cost 118.997 + 11949.3 = 12068.3 over 1944 frames.
78-369-0039 
LOG (lattice-best-path[5.5.0~1-40c7]:main():lattice-best-path.cc:99) For utterance 78-369-0040, best cost 103.785 + 8690.55 = 8794.34 over 1412 frames.
78-369-0040 
LOG (lattice-best-path[5.5.0~1-40c7]:main():lattice-best-path.cc:99) For utterance 78-369-0041, best cost 137.307 + 13382 = 13519.3 over 2141 frames.
78-369-0041 
LOG (lattice-best-path[5.5.0~1-40c7]:main():lattice-best-path.cc:99) For utterance 78-369-0042, best cost 127.548 + 13228.1 = 13355.6 over 2125 frames.
78-369-0042 
LOG (lattice-best-path[5.5.0~1-40c7]:main():lattice-best-path.cc:99) For utterance 78-369-0043, best cost 150.37 + 13428.6 = 13579 over 2169 frames.
78-369-0043 
LOG (lattice-best-path[5.5.0~1-40c7]:main():lattice-best-path.cc:99) For utterance 78-369-0044, best cost 116.246 + 10693.3 = 10809.6 over 1732 frames.
78-369-0044 
LOG (lattice-best-path[5.5.0~1-40c7]:main():lattice-best-path.cc:99) For utterance 78-369-0045, best cost 134.87 + 13106.2 = 13241.1 over 2104 frames.
78-369-0045 
LOG (lattice-best-path[5.5.0~1-40c7]:main():lattice-best-path.cc:99) For utterance 78-369-0046, best cost 162.293 + 14734.7 = 14896.9 over 2337 frames.
78-369-0046 
LOG (lattice-best-path[5.5.0~1-40c7]:main():lattice-best-path.cc:99) For utterance 78-369-0047, best cost 109.759 + 10273.5 = 10383.2 over 1643 frames.
78-369-0047 
LOG (lattice-best-path[5.5.0~1-40c7]:main():lattice-best-path.cc:99) For utterance 78-369-0048, best cost 77.1072 + 6706.46 = 6783.57 over 1085 frames.
78-369-0048 
LOG (lattice-best-path[5.5.0~1-40c7]:main():lattice-best-path.cc:99) For utterance 78-369-0049, best cost 141.252 + 13273.6 = 13414.8 over 2086 frames.
78-369-0049 
LOG (lattice-best-path[5.5.0~1-40c7]:main():lattice-best-path.cc:99) For utterance 78-369-0050, best cost 124.507 + 12371.4 = 12495.9 over 2001 frames.
78-369-0050 
LOG (lattice-scale[5.5.0~1-40c7]:main():lattice-scale.cc:107) Done 345 lattices.
LOG (lattice-best-path[5.5.0~1-40c7]:main():lattice-best-path.cc:99) For utterance 78-369-0051, best cost 141.345 + 11760.6 = 11902 over 1883 frames.
78-369-0051 
LOG (lattice-best-path[5.5.0~1-40c7]:main():lattice-best-path.cc:99) For utterance 78-369-0052, best cost 105.86 + 9584.08 = 9689.94 over 1531 frames.
78-369-0052 
LOG (lattice-best-path[5.5.0~1-40c7]:main():lattice-best-path.cc:99) For utterance 78-369-0053, best cost 134.465 + 13032.3 = 13166.8 over 2101 frames.
78-369-0053 
LOG (lattice-best-path[5.5.0~1-40c7]:main():lattice-best-path.cc:99) For utterance 78-369-0054, best cost 114.187 + 10112.7 = 10226.9 over 1623 frames.
78-369-0054 
LOG (lattice-best-path[5.5.0~1-40c7]:main():lattice-best-path.cc:99) For utterance 78-369-0055, best cost 142.161 + 12462.4 = 12604.6 over 1989 frames.
78-369-0055 
LOG (lattice-best-path[5.5.0~1-40c7]:main():lattice-best-path.cc:99) For utterance 78-369-0056, best cost 125.365 + 11555.3 = 11680.7 over 1874 frames.
78-369-0056 
LOG (lattice-add-penalty[5.5.0~1-40c7]:main():lattice-add-penalty.cc:62) Done adding word insertion penalty to 345 lattices.
LOG (lattice-best-path[5.5.0~1-40c7]:main():lattice-best-path.cc:99) For utterance 78-369-0057, best cost 84.2538 + 7007.87 = 7092.13 over 1122 frames.
78-369-0057 
LOG (lattice-best-path[5.5.0~1-40c7]:main():lattice-best-path.cc:99) For utterance 78-369-0058, best cost 90.8759 + 7595.05 = 7685.93 over 1204 frames.
78-369-0058 
LOG (lattice-best-path[5.5.0~1-40c7]:main():lattice-best-path.cc:99) For utterance 78-369-0059, best cost 161.06 + 14659.3 = 14820.4 over 2344 frames.
78-369-0059 
LOG (lattice-best-path[5.5.0~1-40c7]:main():lattice-best-path.cc:99) For utterance 78-369-0060, best cost 140.342 + 13108 = 13248.3 over 2129 frames.
78-369-0060 
LOG (lattice-best-path[5.5.0~1-40c7]:main():lattice-best-path.cc:99) For utterance 78-369-0061, best cost 90.5677 + 9741.37 = 9831.94 over 1636 frames.
78-369-0061 
LOG (lattice-best-path[5.5.0~1-40c7]:main():lattice-best-path.cc:99) For utterance 78-369-0062, best cost 130.645 + 13522.1 = 13652.8 over 2189 frames.
78-369-0062 
LOG (lattice-best-path[5.5.0~1-40c7]:main():lattice-best-path.cc:99) For utterance 78-369-0063, best cost 123.451 + 10505.3 = 10628.7 over 1693 frames.
78-369-0063 
LOG (lattice-best-path[5.5.0~1-40c7]:main():lattice-best-path.cc:124) Overall cost per frame is 6.64346 = 0.0721744 [graph] + 6.57128 [acoustic] over 626920 frames.
LOG (lattice-best-path[5.5.0~1-40c7]:main():lattice-best-path.cc:128) Done 345 lattices, failed for 0
# Accounting: time=1 threads=1
# Ended (code 0) at Tue Dec  8 03:53:57 UTC 2020, elapsed time 1 seconds
