# compute-mfcc-feats --write-utt2dur=ark,t:exp/make_mfcc/train/utt2dur.9 --verbose=2 --config=conf/mfcc.conf scp,p:exp/make_mfcc/train/wav_train.9.scp ark:- | copy-feats --write-num-frames=ark,t:exp/make_mfcc/train/utt2num_frames.9 --compress=true ark:- ark,scp:/opt/kaldi/egs/disfluent-speech-to-text/mfcc/raw_mfcc_train.9.ark,/opt/kaldi/egs/disfluent-speech-to-text/mfcc/raw_mfcc_train.9.scp 
# Started at Thu Dec  3 01:47:56 UTC 2020
#
copy-feats --write-num-frames=ark,t:exp/make_mfcc/train/utt2num_frames.9 --compress=true ark:- ark,scp:/opt/kaldi/egs/disfluent-speech-to-text/mfcc/raw_mfcc_train.9.ark,/opt/kaldi/egs/disfluent-speech-to-text/mfcc/raw_mfcc_train.9.scp 
compute-mfcc-feats --write-utt2dur=ark,t:exp/make_mfcc/train/utt2dur.9 --verbose=2 --config=conf/mfcc.conf scp,p:exp/make_mfcc/train/wav_train.9.scp ark:- 
VLOG[2] (compute-mfcc-feats[5.5.0~1-40c7]:main():compute-mfcc-feats.cc:182) Processed features for key 26-495-0039
VLOG[2] (compute-mfcc-feats[5.5.0~1-40c7]:main():compute-mfcc-feats.cc:182) Processed features for key 26-495-0040
VLOG[2] (compute-mfcc-feats[5.5.0~1-40c7]:main():compute-mfcc-feats.cc:182) Processed features for key 26-495-0041
VLOG[2] (compute-mfcc-feats[5.5.0~1-40c7]:main():compute-mfcc-feats.cc:182) Processed features for key 26-495-0042
VLOG[2] (compute-mfcc-feats[5.5.0~1-40c7]:main():compute-mfcc-feats.cc:182) Processed features for key 26-495-0043
VLOG[2] (compute-mfcc-feats[5.5.0~1-40c7]:main():compute-mfcc-feats.cc:182) Processed features for key 26-495-0044
VLOG[2] (compute-mfcc-feats[5.5.0~1-40c7]:main():compute-mfcc-feats.cc:182) Processed features for key 26-495-0045
VLOG[2] (compute-mfcc-feats[5.5.0~1-40c7]:main():compute-mfcc-feats.cc:182) Processed features for key 26-495-0046
VLOG[2] (compute-mfcc-feats[5.5.0~1-40c7]:main():compute-mfcc-feats.cc:182) Processed features for key 26-495-0047
LOG (compute-mfcc-feats[5.5.0~1-40c7]:main():compute-mfcc-feats.cc:181) Processed 10 utterances
VLOG[2] (compute-mfcc-feats[5.5.0~1-40c7]:main():compute-mfcc-feats.cc:182) Processed features for key 26-495-0048
VLOG[2] (compute-mfcc-feats[5.5.0~1-40c7]:main():compute-mfcc-feats.cc:182) Processed features for key 26-495-0049
VLOG[2] (compute-mfcc-feats[5.5.0~1-40c7]:main():compute-mfcc-feats.cc:182) Processed features for key 26-495-0050
VLOG[2] (compute-mfcc-feats[5.5.0~1-40c7]:main():compute-mfcc-feats.cc:182) Processed features for key 26-495-0051
VLOG[2] (compute-mfcc-feats[5.5.0~1-40c7]:main():compute-mfcc-feats.cc:182) Processed features for key 26-495-0052
VLOG[2] (compute-mfcc-feats[5.5.0~1-40c7]:main():compute-mfcc-feats.cc:182) Processed features for key 26-495-0053
VLOG[2] (compute-mfcc-feats[5.5.0~1-40c7]:main():compute-mfcc-feats.cc:182) Processed features for key 26-495-0054
VLOG[2] (compute-mfcc-feats[5.5.0~1-40c7]:main():compute-mfcc-feats.cc:182) Processed features for key 26-495-0055
VLOG[2] (compute-mfcc-feats[5.5.0~1-40c7]:main():compute-mfcc-feats.cc:182) Processed features for key 26-495-0056
LOG (compute-mfcc-feats[5.5.0~1-40c7]:main():compute-mfcc-feats.cc:185)  Done 18 out of 18 utterances.
LOG (copy-feats[5.5.0~1-40c7]:main():copy-feats.cc:143) Copied 18 feature matrices.
# Accounting: time=2 threads=1
# Ended (code 0) at Thu Dec  3 01:47:58 UTC 2020, elapsed time 2 seconds
