# compute-mfcc-feats --write-utt2dur=ark,t:exp/make_mfcc/train/utt2dur.11 --verbose=2 --config=conf/mfcc.conf scp,p:exp/make_mfcc/train/wav_train.11.scp ark:- | copy-feats --write-num-frames=ark,t:exp/make_mfcc/train/utt2num_frames.11 --compress=true ark:- ark,scp:/opt/kaldi/egs/disfluent-speech-to-text/mfcc/raw_mfcc_train.11.ark,/opt/kaldi/egs/disfluent-speech-to-text/mfcc/raw_mfcc_train.11.scp 
# Started at Thu Dec  3 01:47:58 UTC 2020
#
copy-feats --write-num-frames=ark,t:exp/make_mfcc/train/utt2num_frames.11 --compress=true ark:- ark,scp:/opt/kaldi/egs/disfluent-speech-to-text/mfcc/raw_mfcc_train.11.ark,/opt/kaldi/egs/disfluent-speech-to-text/mfcc/raw_mfcc_train.11.scp 
compute-mfcc-feats --write-utt2dur=ark,t:exp/make_mfcc/train/utt2dur.11 --verbose=2 --config=conf/mfcc.conf scp,p:exp/make_mfcc/train/wav_train.11.scp ark:- 
VLOG[2] (compute-mfcc-feats[5.5.0~1-40c7]:main():compute-mfcc-feats.cc:182) Processed features for key 26-495-0075
VLOG[2] (compute-mfcc-feats[5.5.0~1-40c7]:main():compute-mfcc-feats.cc:182) Processed features for key 26-495-0076
VLOG[2] (compute-mfcc-feats[5.5.0~1-40c7]:main():compute-mfcc-feats.cc:182) Processed features for key 26-495-0077
VLOG[2] (compute-mfcc-feats[5.5.0~1-40c7]:main():compute-mfcc-feats.cc:182) Processed features for key 26-495-0078
VLOG[2] (compute-mfcc-feats[5.5.0~1-40c7]:main():compute-mfcc-feats.cc:182) Processed features for key 26-495-0079
VLOG[2] (compute-mfcc-feats[5.5.0~1-40c7]:main():compute-mfcc-feats.cc:182) Processed features for key 26-495-0080
VLOG[2] (compute-mfcc-feats[5.5.0~1-40c7]:main():compute-mfcc-feats.cc:182) Processed features for key 26-495-0081
VLOG[2] (compute-mfcc-feats[5.5.0~1-40c7]:main():compute-mfcc-feats.cc:182) Processed features for key 26-495-0082
VLOG[2] (compute-mfcc-feats[5.5.0~1-40c7]:main():compute-mfcc-feats.cc:182) Processed features for key 26-495-0083
LOG (compute-mfcc-feats[5.5.0~1-40c7]:main():compute-mfcc-feats.cc:181) Processed 10 utterances
VLOG[2] (compute-mfcc-feats[5.5.0~1-40c7]:main():compute-mfcc-feats.cc:182) Processed features for key 26-495-0084
VLOG[2] (compute-mfcc-feats[5.5.0~1-40c7]:main():compute-mfcc-feats.cc:182) Processed features for key 26-495-0085
VLOG[2] (compute-mfcc-feats[5.5.0~1-40c7]:main():compute-mfcc-feats.cc:182) Processed features for key 26-495-0086
VLOG[2] (compute-mfcc-feats[5.5.0~1-40c7]:main():compute-mfcc-feats.cc:182) Processed features for key 26-495-0087
VLOG[2] (compute-mfcc-feats[5.5.0~1-40c7]:main():compute-mfcc-feats.cc:182) Processed features for key 26-495-0088
VLOG[2] (compute-mfcc-feats[5.5.0~1-40c7]:main():compute-mfcc-feats.cc:182) Processed features for key 26-495-0089
VLOG[2] (compute-mfcc-feats[5.5.0~1-40c7]:main():compute-mfcc-feats.cc:182) Processed features for key 26-495-0090
VLOG[2] (compute-mfcc-feats[5.5.0~1-40c7]:main():compute-mfcc-feats.cc:182) Processed features for key 26-496-0000
ERROR (compute-mfcc-feats[5.5.0~1-40c7]:Read():wave-reader.cc:190) WaveData: can read only PCM data, format id in file is: 3

[ Stack-Trace: ]
/opt/kaldi/src/lib/libkaldi-base.so(kaldi::MessageLogger::LogMessage() const+0xa71) [0x7fbdafabd50f]
compute-mfcc-feats(kaldi::MessageLogger::LogAndThrow::operator=(kaldi::MessageLogger const&)+0x11) [0x55ab08437343]
/opt/kaldi/src/lib/libkaldi-feat.so(kaldi::WaveInfo::Read(std::istream&)+0x12d3) [0x7fbdb0883449]
/opt/kaldi/src/lib/libkaldi-feat.so(kaldi::WaveData::Read(std::istream&)+0x4a) [0x7fbdb0884262]
compute-mfcc-feats(kaldi::WaveHolder::Read(std::istream&)+0xd) [0x55ab0843d0e9]
compute-mfcc-feats(kaldi::SequentialTableReaderScriptImpl<kaldi::WaveHolder>::EnsureObjectLoaded()+0x161) [0x55ab0844427f]
compute-mfcc-feats(kaldi::SequentialTableReaderScriptImpl<kaldi::WaveHolder>::Next()+0x27) [0x55ab08444b67]
compute-mfcc-feats(main+0x18f9) [0x55ab08435779]
/lib/x86_64-linux-gnu/libc.so.6(__libc_start_main+0xf1) [0x7fbda82942e1]
compute-mfcc-feats(_start+0x2a) [0x55ab08433d7a]

WARNING (compute-mfcc-feats[5.5.0~1-40c7]:Read():feat/wave-reader.h:197) Exception caught in WaveHolder::Read(). kaldi::KaldiFatalError
WARNING (compute-mfcc-feats[5.5.0~1-40c7]:EnsureObjectLoaded():util/kaldi-table-inl.h:317) Failed to load object from /opt/kaldi/egs/disfluent-speech-to-text/augmented-data/26/26-496-0001.wav
LOG (compute-mfcc-feats[5.5.0~1-40c7]:main():compute-mfcc-feats.cc:185)  Done 17 out of 17 utterances.
LOG (copy-feats[5.5.0~1-40c7]:main():copy-feats.cc:143) Copied 17 feature matrices.
# Accounting: time=3 threads=1
# Ended (code 0) at Thu Dec  3 01:48:01 UTC 2020, elapsed time 3 seconds
