# compute-mfcc-feats --write-utt2dur=ark,t:exp/make_mfcc/train/utt2dur.1 --verbose=2 --config=conf/mfcc.conf scp,p:exp/make_mfcc/train/wav_train.1.scp ark:- | copy-feats --write-num-frames=ark,t:exp/make_mfcc/train/utt2num_frames.1 --compress=true ark:- ark,scp:/opt/kaldi/egs/disfluent-speech-to-text/mfcc/raw_mfcc_train.1.ark,/opt/kaldi/egs/disfluent-speech-to-text/mfcc/raw_mfcc_train.1.scp 
# Started at Thu Dec  3 01:47:53 UTC 2020
#
compute-mfcc-feats --write-utt2dur=ark,t:exp/make_mfcc/train/utt2dur.1 --verbose=2 --config=conf/mfcc.conf scp,p:exp/make_mfcc/train/wav_train.1.scp ark:- 
ERROR (compute-mfcc-feats[5.5.0~1-40c7]:Read():wave-reader.cc:190) WaveData: can read only PCM data, format id in file is: 3

[ Stack-Trace: ]
/opt/kaldi/src/lib/libkaldi-base.so(kaldi::MessageLogger::LogMessage() const+0xa71) [0x7f659d11d50f]
compute-mfcc-feats(kaldi::MessageLogger::LogAndThrow::operator=(kaldi::MessageLogger const&)+0x11) [0x55c782060343]
/opt/kaldi/src/lib/libkaldi-feat.so(kaldi::WaveInfo::Read(std::istream&)+0x12d3) [0x7f659dee3449]
/opt/kaldi/src/lib/libkaldi-feat.so(kaldi::WaveData::Read(std::istream&)+0x4a) [0x7f659dee4262]
compute-mfcc-feats(kaldi::WaveHolder::Read(std::istream&)+0xd) [0x55c7820660e9]
compute-mfcc-feats(kaldi::SequentialTableReaderScriptImpl<kaldi::WaveHolder>::EnsureObjectLoaded()+0x161) [0x55c78206d27f]
compute-mfcc-feats(kaldi::SequentialTableReaderScriptImpl<kaldi::WaveHolder>::Next()+0x27) [0x55c78206db67]
compute-mfcc-feats(kaldi::SequentialTableReaderScriptImpl<kaldi::WaveHolder>::Open(std::__cxx11::basic_string<char, std::char_traits<char>, std::allocator<char> > const&)+0x29d) [0x55c782063361]
compute-mfcc-feats(kaldi::SequentialTableReader<kaldi::WaveHolder>::Open(std::__cxx11::basic_string<char, std::char_traits<char>, std::allocator<char> > const&)+0x1ed) [0x55c782066843]
compute-mfcc-feats(kaldi::SequentialTableReader<kaldi::WaveHolder>::SequentialTableReader(std::__cxx11::basic_string<char, std::char_traits<char>, std::allocator<char> > const&)+0x3e) [0x55c782066b54]
compute-mfcc-feats(main+0x824) [0x55c78205d6a4]
/lib/x86_64-linux-gnu/libc.so.6(__libc_start_main+0xf1) [0x7f65958f42e1]
compute-mfcc-feats(_start+0x2a) [0x55c78205cd7a]

WARNING (compute-mfcc-feats[5.5.0~1-40c7]:Read():feat/wave-reader.h:197) Exception caught in WaveHolder::Read(). kaldi::KaldiFatalError
WARNING (compute-mfcc-feats[5.5.0~1-40c7]:EnsureObjectLoaded():util/kaldi-table-inl.h:317) Failed to load object from /opt/kaldi/egs/disfluent-speech-to-text/augmented-data/19/19-198-0001.wav
ERROR (compute-mfcc-feats[5.5.0~1-40c7]:Read():wave-reader.cc:190) WaveData: can read only PCM data, format id in file is: 3

[ Stack-Trace: ]
/opt/kaldi/src/lib/libkaldi-base.so(kaldi::MessageLogger::LogMessage() const+0xa71) [0x7f659d11d50f]
compute-mfcc-feats(kaldi::MessageLogger::LogAndThrow::operator=(kaldi::MessageLogger const&)+0x11) [0x55c782060343]
/opt/kaldi/src/lib/libkaldi-feat.so(kaldi::WaveInfo::Read(std::istream&)+0x12d3) [0x7f659dee3449]
/opt/kaldi/src/lib/libkaldi-feat.so(kaldi::WaveData::Read(std::istream&)+0x4a) [0x7f659dee4262]
compute-mfcc-feats(kaldi::WaveHolder::Read(std::istream&)+0xd) [0x55c7820660e9]
compute-mfcc-feats(kaldi::SequentialTableReaderScriptImpl<kaldi::WaveHolder>::EnsureObjectLoaded()+0x161) [0x55c78206d27f]
compute-mfcc-feats(kaldi::SequentialTableReaderScriptImpl<kaldi::WaveHolder>::Next()+0x27) [0x55c78206db67]
compute-mfcc-feats(kaldi::SequentialTableReaderScriptImpl<kaldi::WaveHolder>::Open(std::__cxx11::basic_string<char, std::char_traits<char>, std::allocator<char> > const&)+0x29d) [0x55c782063361]
compute-mfcc-feats(kaldi::SequentialTableReader<kaldi::WaveHolder>::Open(std::__cxx11::basic_string<char, std::char_traits<char>, std::allocator<char> > const&)+0x1ed) [0x55c782066843]
compute-mfcc-feats(kaldi::SequentialTableReader<kaldi::WaveHolder>::SequentialTableReader(std::__cxx11::basic_string<char, std::char_traits<char>, std::allocator<char> > const&)+0x3e) [0x55c782066b54]
compute-mfcc-feats(main+0x824) [0x55c78205d6a4]
/lib/x86_64-linux-gnu/libc.so.6(__libc_start_main+0xf1) [0x7f65958f42e1]
compute-mfcc-feats(_start+0x2a) [0x55c78205cd7a]

WARNING (compute-mfcc-feats[5.5.0~1-40c7]:Read():feat/wave-reader.h:197) Exception caught in WaveHolder::Read(). kaldi::KaldiFatalError
WARNING (compute-mfcc-feats[5.5.0~1-40c7]:EnsureObjectLoaded():util/kaldi-table-inl.h:317) Failed to load object from /opt/kaldi/egs/disfluent-speech-to-text/augmented-data/19/19-198-0002.wav
copy-feats --write-num-frames=ark,t:exp/make_mfcc/train/utt2num_frames.1 --compress=true ark:- ark,scp:/opt/kaldi/egs/disfluent-speech-to-text/mfcc/raw_mfcc_train.1.ark,/opt/kaldi/egs/disfluent-speech-to-text/mfcc/raw_mfcc_train.1.scp 
ERROR (compute-mfcc-feats[5.5.0~1-40c7]:Read():wave-reader.cc:190) WaveData: can read only PCM data, format id in file is: 3

[ Stack-Trace: ]
/opt/kaldi/src/lib/libkaldi-base.so(kaldi::MessageLogger::LogMessage() const+0xa71) [0x7f659d11d50f]
compute-mfcc-feats(kaldi::MessageLogger::LogAndThrow::operator=(kaldi::MessageLogger const&)+0x11) [0x55c782060343]
/opt/kaldi/src/lib/libkaldi-feat.so(kaldi::WaveInfo::Read(std::istream&)+0x12d3) [0x7f659dee3449]
/opt/kaldi/src/lib/libkaldi-feat.so(kaldi::WaveData::Read(std::istream&)+0x4a) [0x7f659dee4262]
compute-mfcc-feats(kaldi::WaveHolder::Read(std::istream&)+0xd) [0x55c7820660e9]
compute-mfcc-feats(kaldi::SequentialTableReaderScriptImpl<kaldi::WaveHolder>::EnsureObjectLoaded()+0x161) [0x55c78206d27f]
compute-mfcc-feats(kaldi::SequentialTableReaderScriptImpl<kaldi::WaveHolder>::Next()+0x27) [0x55c78206db67]
compute-mfcc-feats(kaldi::SequentialTableReaderScriptImpl<kaldi::WaveHolder>::Open(std::__cxx11::basic_string<char, std::char_traits<char>, std::allocator<char> > const&)+0x29d) [0x55c782063361]
compute-mfcc-feats(kaldi::SequentialTableReader<kaldi::WaveHolder>::Open(std::__cxx11::basic_string<char, std::char_traits<char>, std::allocator<char> > const&)+0x1ed) [0x55c782066843]
compute-mfcc-feats(kaldi::SequentialTableReader<kaldi::WaveHolder>::SequentialTableReader(std::__cxx11::basic_string<char, std::char_traits<char>, std::allocator<char> > const&)+0x3e) [0x55c782066b54]
compute-mfcc-feats(main+0x824) [0x55c78205d6a4]
/lib/x86_64-linux-gnu/libc.so.6(__libc_start_main+0xf1) [0x7f65958f42e1]
compute-mfcc-feats(_start+0x2a) [0x55c78205cd7a]

WARNING (compute-mfcc-feats[5.5.0~1-40c7]:Read():feat/wave-reader.h:197) Exception caught in WaveHolder::Read(). kaldi::KaldiFatalError
WARNING (compute-mfcc-feats[5.5.0~1-40c7]:EnsureObjectLoaded():util/kaldi-table-inl.h:317) Failed to load object from /opt/kaldi/egs/disfluent-speech-to-text/augmented-data/19/19-198-0003.wav
ERROR (compute-mfcc-feats[5.5.0~1-40c7]:Read():wave-reader.cc:190) WaveData: can read only PCM data, format id in file is: 3

[ Stack-Trace: ]
/opt/kaldi/src/lib/libkaldi-base.so(kaldi::MessageLogger::LogMessage() const+0xa71) [0x7f659d11d50f]
compute-mfcc-feats(kaldi::MessageLogger::LogAndThrow::operator=(kaldi::MessageLogger const&)+0x11) [0x55c782060343]
/opt/kaldi/src/lib/libkaldi-feat.so(kaldi::WaveInfo::Read(std::istream&)+0x12d3) [0x7f659dee3449]
/opt/kaldi/src/lib/libkaldi-feat.so(kaldi::WaveData::Read(std::istream&)+0x4a) [0x7f659dee4262]
compute-mfcc-feats(kaldi::WaveHolder::Read(std::istream&)+0xd) [0x55c7820660e9]
compute-mfcc-feats(kaldi::SequentialTableReaderScriptImpl<kaldi::WaveHolder>::EnsureObjectLoaded()+0x161) [0x55c78206d27f]
compute-mfcc-feats(kaldi::SequentialTableReaderScriptImpl<kaldi::WaveHolder>::Next()+0x27) [0x55c78206db67]
compute-mfcc-feats(kaldi::SequentialTableReaderScriptImpl<kaldi::WaveHolder>::Open(std::__cxx11::basic_string<char, std::char_traits<char>, std::allocator<char> > const&)+0x29d) [0x55c782063361]
compute-mfcc-feats(kaldi::SequentialTableReader<kaldi::WaveHolder>::Open(std::__cxx11::basic_string<char, std::char_traits<char>, std::allocator<char> > const&)+0x1ed) [0x55c782066843]
compute-mfcc-feats(kaldi::SequentialTableReader<kaldi::WaveHolder>::SequentialTableReader(std::__cxx11::basic_string<char, std::char_traits<char>, std::allocator<char> > const&)+0x3e) [0x55c782066b54]
compute-mfcc-feats(main+0x824) [0x55c78205d6a4]
/lib/x86_64-linux-gnu/libc.so.6(__libc_start_main+0xf1) [0x7f65958f42e1]
compute-mfcc-feats(_start+0x2a) [0x55c78205cd7a]

WARNING (compute-mfcc-feats[5.5.0~1-40c7]:Read():feat/wave-reader.h:197) Exception caught in WaveHolder::Read(). kaldi::KaldiFatalError
WARNING (compute-mfcc-feats[5.5.0~1-40c7]:EnsureObjectLoaded():util/kaldi-table-inl.h:317) Failed to load object from /opt/kaldi/egs/disfluent-speech-to-text/augmented-data/19/19-198-0004.wav
ERROR (compute-mfcc-feats[5.5.0~1-40c7]:Read():wave-reader.cc:190) WaveData: can read only PCM data, format id in file is: 3

[ Stack-Trace: ]
/opt/kaldi/src/lib/libkaldi-base.so(kaldi::MessageLogger::LogMessage() const+0xa71) [0x7f659d11d50f]
compute-mfcc-feats(kaldi::MessageLogger::LogAndThrow::operator=(kaldi::MessageLogger const&)+0x11) [0x55c782060343]
/opt/kaldi/src/lib/libkaldi-feat.so(kaldi::WaveInfo::Read(std::istream&)+0x12d3) [0x7f659dee3449]
/opt/kaldi/src/lib/libkaldi-feat.so(kaldi::WaveData::Read(std::istream&)+0x4a) [0x7f659dee4262]
compute-mfcc-feats(kaldi::WaveHolder::Read(std::istream&)+0xd) [0x55c7820660e9]
compute-mfcc-feats(kaldi::SequentialTableReaderScriptImpl<kaldi::WaveHolder>::EnsureObjectLoaded()+0x161) [0x55c78206d27f]
compute-mfcc-feats(kaldi::SequentialTableReaderScriptImpl<kaldi::WaveHolder>::Next()+0x27) [0x55c78206db67]
compute-mfcc-feats(kaldi::SequentialTableReaderScriptImpl<kaldi::WaveHolder>::Open(std::__cxx11::basic_string<char, std::char_traits<char>, std::allocator<char> > const&)+0x29d) [0x55c782063361]
compute-mfcc-feats(kaldi::SequentialTableReader<kaldi::WaveHolder>::Open(std::__cxx11::basic_string<char, std::char_traits<char>, std::allocator<char> > const&)+0x1ed) [0x55c782066843]
compute-mfcc-feats(kaldi::SequentialTableReader<kaldi::WaveHolder>::SequentialTableReader(std::__cxx11::basic_string<char, std::char_traits<char>, std::allocator<char> > const&)+0x3e) [0x55c782066b54]
compute-mfcc-feats(main+0x824) [0x55c78205d6a4]
/lib/x86_64-linux-gnu/libc.so.6(__libc_start_main+0xf1) [0x7f65958f42e1]
compute-mfcc-feats(_start+0x2a) [0x55c78205cd7a]

WARNING (compute-mfcc-feats[5.5.0~1-40c7]:Read():feat/wave-reader.h:197) Exception caught in WaveHolder::Read(). kaldi::KaldiFatalError
WARNING (compute-mfcc-feats[5.5.0~1-40c7]:EnsureObjectLoaded():util/kaldi-table-inl.h:317) Failed to load object from /opt/kaldi/egs/disfluent-speech-to-text/augmented-data/19/19-198-0005.wav
ERROR (compute-mfcc-feats[5.5.0~1-40c7]:Read():wave-reader.cc:190) WaveData: can read only PCM data, format id in file is: 3

[ Stack-Trace: ]
/opt/kaldi/src/lib/libkaldi-base.so(kaldi::MessageLogger::LogMessage() const+0xa71) [0x7f659d11d50f]
compute-mfcc-feats(kaldi::MessageLogger::LogAndThrow::operator=(kaldi::MessageLogger const&)+0x11) [0x55c782060343]
/opt/kaldi/src/lib/libkaldi-feat.so(kaldi::WaveInfo::Read(std::istream&)+0x12d3) [0x7f659dee3449]
/opt/kaldi/src/lib/libkaldi-feat.so(kaldi::WaveData::Read(std::istream&)+0x4a) [0x7f659dee4262]
compute-mfcc-feats(kaldi::WaveHolder::Read(std::istream&)+0xd) [0x55c7820660e9]
compute-mfcc-feats(kaldi::SequentialTableReaderScriptImpl<kaldi::WaveHolder>::EnsureObjectLoaded()+0x161) [0x55c78206d27f]
compute-mfcc-feats(kaldi::SequentialTableReaderScriptImpl<kaldi::WaveHolder>::Next()+0x27) [0x55c78206db67]
compute-mfcc-feats(kaldi::SequentialTableReaderScriptImpl<kaldi::WaveHolder>::Open(std::__cxx11::basic_string<char, std::char_traits<char>, std::allocator<char> > const&)+0x29d) [0x55c782063361]
compute-mfcc-feats(kaldi::SequentialTableReader<kaldi::WaveHolder>::Open(std::__cxx11::basic_string<char, std::char_traits<char>, std::allocator<char> > const&)+0x1ed) [0x55c782066843]
compute-mfcc-feats(kaldi::SequentialTableReader<kaldi::WaveHolder>::SequentialTableReader(std::__cxx11::basic_string<char, std::char_traits<char>, std::allocator<char> > const&)+0x3e) [0x55c782066b54]
compute-mfcc-feats(main+0x824) [0x55c78205d6a4]
/lib/x86_64-linux-gnu/libc.so.6(__libc_start_main+0xf1) [0x7f65958f42e1]
compute-mfcc-feats(_start+0x2a) [0x55c78205cd7a]

WARNING (compute-mfcc-feats[5.5.0~1-40c7]:Read():feat/wave-reader.h:197) Exception caught in WaveHolder::Read(). kaldi::KaldiFatalError
WARNING (compute-mfcc-feats[5.5.0~1-40c7]:EnsureObjectLoaded():util/kaldi-table-inl.h:317) Failed to load object from /opt/kaldi/egs/disfluent-speech-to-text/augmented-data/19/19-198-0006.wav
ERROR (compute-mfcc-feats[5.5.0~1-40c7]:Read():wave-reader.cc:190) WaveData: can read only PCM data, format id in file is: 3

[ Stack-Trace: ]
/opt/kaldi/src/lib/libkaldi-base.so(kaldi::MessageLogger::LogMessage() const+0xa71) [0x7f659d11d50f]
compute-mfcc-feats(kaldi::MessageLogger::LogAndThrow::operator=(kaldi::MessageLogger const&)+0x11) [0x55c782060343]
/opt/kaldi/src/lib/libkaldi-feat.so(kaldi::WaveInfo::Read(std::istream&)+0x12d3) [0x7f659dee3449]
/opt/kaldi/src/lib/libkaldi-feat.so(kaldi::WaveData::Read(std::istream&)+0x4a) [0x7f659dee4262]
compute-mfcc-feats(kaldi::WaveHolder::Read(std::istream&)+0xd) [0x55c7820660e9]
compute-mfcc-feats(kaldi::SequentialTableReaderScriptImpl<kaldi::WaveHolder>::EnsureObjectLoaded()+0x161) [0x55c78206d27f]
compute-mfcc-feats(kaldi::SequentialTableReaderScriptImpl<kaldi::WaveHolder>::Next()+0x27) [0x55c78206db67]
compute-mfcc-feats(kaldi::SequentialTableReaderScriptImpl<kaldi::WaveHolder>::Open(std::__cxx11::basic_string<char, std::char_traits<char>, std::allocator<char> > const&)+0x29d) [0x55c782063361]
compute-mfcc-feats(kaldi::SequentialTableReader<kaldi::WaveHolder>::Open(std::__cxx11::basic_string<char, std::char_traits<char>, std::allocator<char> > const&)+0x1ed) [0x55c782066843]
compute-mfcc-feats(kaldi::SequentialTableReader<kaldi::WaveHolder>::SequentialTableReader(std::__cxx11::basic_string<char, std::char_traits<char>, std::allocator<char> > const&)+0x3e) [0x55c782066b54]
compute-mfcc-feats(main+0x824) [0x55c78205d6a4]
/lib/x86_64-linux-gnu/libc.so.6(__libc_start_main+0xf1) [0x7f65958f42e1]
compute-mfcc-feats(_start+0x2a) [0x55c78205cd7a]

WARNING (compute-mfcc-feats[5.5.0~1-40c7]:Read():feat/wave-reader.h:197) Exception caught in WaveHolder::Read(). kaldi::KaldiFatalError
WARNING (compute-mfcc-feats[5.5.0~1-40c7]:EnsureObjectLoaded():util/kaldi-table-inl.h:317) Failed to load object from /opt/kaldi/egs/disfluent-speech-to-text/augmented-data/19/19-198-0007.wav
ERROR (compute-mfcc-feats[5.5.0~1-40c7]:Read():wave-reader.cc:190) WaveData: can read only PCM data, format id in file is: 3

[ Stack-Trace: ]
/opt/kaldi/src/lib/libkaldi-base.so(kaldi::MessageLogger::LogMessage() const+0xa71) [0x7f659d11d50f]
compute-mfcc-feats(kaldi::MessageLogger::LogAndThrow::operator=(kaldi::MessageLogger const&)+0x11) [0x55c782060343]
/opt/kaldi/src/lib/libkaldi-feat.so(kaldi::WaveInfo::Read(std::istream&)+0x12d3) [0x7f659dee3449]
/opt/kaldi/src/lib/libkaldi-feat.so(kaldi::WaveData::Read(std::istream&)+0x4a) [0x7f659dee4262]
compute-mfcc-feats(kaldi::WaveHolder::Read(std::istream&)+0xd) [0x55c7820660e9]
compute-mfcc-feats(kaldi::SequentialTableReaderScriptImpl<kaldi::WaveHolder>::EnsureObjectLoaded()+0x161) [0x55c78206d27f]
compute-mfcc-feats(kaldi::SequentialTableReaderScriptImpl<kaldi::WaveHolder>::Next()+0x27) [0x55c78206db67]
compute-mfcc-feats(kaldi::SequentialTableReaderScriptImpl<kaldi::WaveHolder>::Open(std::__cxx11::basic_string<char, std::char_traits<char>, std::allocator<char> > const&)+0x29d) [0x55c782063361]
compute-mfcc-feats(kaldi::SequentialTableReader<kaldi::WaveHolder>::Open(std::__cxx11::basic_string<char, std::char_traits<char>, std::allocator<char> > const&)+0x1ed) [0x55c782066843]
compute-mfcc-feats(kaldi::SequentialTableReader<kaldi::WaveHolder>::SequentialTableReader(std::__cxx11::basic_string<char, std::char_traits<char>, std::allocator<char> > const&)+0x3e) [0x55c782066b54]
compute-mfcc-feats(main+0x824) [0x55c78205d6a4]
/lib/x86_64-linux-gnu/libc.so.6(__libc_start_main+0xf1) [0x7f65958f42e1]
compute-mfcc-feats(_start+0x2a) [0x55c78205cd7a]

WARNING (compute-mfcc-feats[5.5.0~1-40c7]:Read():feat/wave-reader.h:197) Exception caught in WaveHolder::Read(). kaldi::KaldiFatalError
WARNING (compute-mfcc-feats[5.5.0~1-40c7]:EnsureObjectLoaded():util/kaldi-table-inl.h:317) Failed to load object from /opt/kaldi/egs/disfluent-speech-to-text/augmented-data/19/19-198-0008.wav
ERROR (compute-mfcc-feats[5.5.0~1-40c7]:Read():wave-reader.cc:190) WaveData: can read only PCM data, format id in file is: 3

[ Stack-Trace: ]
/opt/kaldi/src/lib/libkaldi-base.so(kaldi::MessageLogger::LogMessage() const+0xa71) [0x7f659d11d50f]
compute-mfcc-feats(kaldi::MessageLogger::LogAndThrow::operator=(kaldi::MessageLogger const&)+0x11) [0x55c782060343]
/opt/kaldi/src/lib/libkaldi-feat.so(kaldi::WaveInfo::Read(std::istream&)+0x12d3) [0x7f659dee3449]
/opt/kaldi/src/lib/libkaldi-feat.so(kaldi::WaveData::Read(std::istream&)+0x4a) [0x7f659dee4262]
compute-mfcc-feats(kaldi::WaveHolder::Read(std::istream&)+0xd) [0x55c7820660e9]
compute-mfcc-feats(kaldi::SequentialTableReaderScriptImpl<kaldi::WaveHolder>::EnsureObjectLoaded()+0x161) [0x55c78206d27f]
compute-mfcc-feats(kaldi::SequentialTableReaderScriptImpl<kaldi::WaveHolder>::Next()+0x27) [0x55c78206db67]
compute-mfcc-feats(kaldi::SequentialTableReaderScriptImpl<kaldi::WaveHolder>::Open(std::__cxx11::basic_string<char, std::char_traits<char>, std::allocator<char> > const&)+0x29d) [0x55c782063361]
compute-mfcc-feats(kaldi::SequentialTableReader<kaldi::WaveHolder>::Open(std::__cxx11::basic_string<char, std::char_traits<char>, std::allocator<char> > const&)+0x1ed) [0x55c782066843]
compute-mfcc-feats(kaldi::SequentialTableReader<kaldi::WaveHolder>::SequentialTableReader(std::__cxx11::basic_string<char, std::char_traits<char>, std::allocator<char> > const&)+0x3e) [0x55c782066b54]
compute-mfcc-feats(main+0x824) [0x55c78205d6a4]
/lib/x86_64-linux-gnu/libc.so.6(__libc_start_main+0xf1) [0x7f65958f42e1]
compute-mfcc-feats(_start+0x2a) [0x55c78205cd7a]

WARNING (compute-mfcc-feats[5.5.0~1-40c7]:Read():feat/wave-reader.h:197) Exception caught in WaveHolder::Read(). kaldi::KaldiFatalError
WARNING (compute-mfcc-feats[5.5.0~1-40c7]:EnsureObjectLoaded():util/kaldi-table-inl.h:317) Failed to load object from /opt/kaldi/egs/disfluent-speech-to-text/augmented-data/19/19-198-0009.wav
ERROR (compute-mfcc-feats[5.5.0~1-40c7]:Read():wave-reader.cc:190) WaveData: can read only PCM data, format id in file is: 3

[ Stack-Trace: ]
/opt/kaldi/src/lib/libkaldi-base.so(kaldi::MessageLogger::LogMessage() const+0xa71) [0x7f659d11d50f]
compute-mfcc-feats(kaldi::MessageLogger::LogAndThrow::operator=(kaldi::MessageLogger const&)+0x11) [0x55c782060343]
/opt/kaldi/src/lib/libkaldi-feat.so(kaldi::WaveInfo::Read(std::istream&)+0x12d3) [0x7f659dee3449]
/opt/kaldi/src/lib/libkaldi-feat.so(kaldi::WaveData::Read(std::istream&)+0x4a) [0x7f659dee4262]
compute-mfcc-feats(kaldi::WaveHolder::Read(std::istream&)+0xd) [0x55c7820660e9]
compute-mfcc-feats(kaldi::SequentialTableReaderScriptImpl<kaldi::WaveHolder>::EnsureObjectLoaded()+0x161) [0x55c78206d27f]
compute-mfcc-feats(kaldi::SequentialTableReaderScriptImpl<kaldi::WaveHolder>::Next()+0x27) [0x55c78206db67]
compute-mfcc-feats(kaldi::SequentialTableReaderScriptImpl<kaldi::WaveHolder>::Open(std::__cxx11::basic_string<char, std::char_traits<char>, std::allocator<char> > const&)+0x29d) [0x55c782063361]
compute-mfcc-feats(kaldi::SequentialTableReader<kaldi::WaveHolder>::Open(std::__cxx11::basic_string<char, std::char_traits<char>, std::allocator<char> > const&)+0x1ed) [0x55c782066843]
compute-mfcc-feats(kaldi::SequentialTableReader<kaldi::WaveHolder>::SequentialTableReader(std::__cxx11::basic_string<char, std::char_traits<char>, std::allocator<char> > const&)+0x3e) [0x55c782066b54]
compute-mfcc-feats(main+0x824) [0x55c78205d6a4]
/lib/x86_64-linux-gnu/libc.so.6(__libc_start_main+0xf1) [0x7f65958f42e1]
compute-mfcc-feats(_start+0x2a) [0x55c78205cd7a]

WARNING (compute-mfcc-feats[5.5.0~1-40c7]:Read():feat/wave-reader.h:197) Exception caught in WaveHolder::Read(). kaldi::KaldiFatalError
WARNING (compute-mfcc-feats[5.5.0~1-40c7]:EnsureObjectLoaded():util/kaldi-table-inl.h:317) Failed to load object from /opt/kaldi/egs/disfluent-speech-to-text/augmented-data/19/19-198-0010.wav
ERROR (compute-mfcc-feats[5.5.0~1-40c7]:Read():wave-reader.cc:190) WaveData: can read only PCM data, format id in file is: 3

[ Stack-Trace: ]
/opt/kaldi/src/lib/libkaldi-base.so(kaldi::MessageLogger::LogMessage() const+0xa71) [0x7f659d11d50f]
compute-mfcc-feats(kaldi::MessageLogger::LogAndThrow::operator=(kaldi::MessageLogger const&)+0x11) [0x55c782060343]
/opt/kaldi/src/lib/libkaldi-feat.so(kaldi::WaveInfo::Read(std::istream&)+0x12d3) [0x7f659dee3449]
/opt/kaldi/src/lib/libkaldi-feat.so(kaldi::WaveData::Read(std::istream&)+0x4a) [0x7f659dee4262]
compute-mfcc-feats(kaldi::WaveHolder::Read(std::istream&)+0xd) [0x55c7820660e9]
compute-mfcc-feats(kaldi::SequentialTableReaderScriptImpl<kaldi::WaveHolder>::EnsureObjectLoaded()+0x161) [0x55c78206d27f]
compute-mfcc-feats(kaldi::SequentialTableReaderScriptImpl<kaldi::WaveHolder>::Next()+0x27) [0x55c78206db67]
compute-mfcc-feats(kaldi::SequentialTableReaderScriptImpl<kaldi::WaveHolder>::Open(std::__cxx11::basic_string<char, std::char_traits<char>, std::allocator<char> > const&)+0x29d) [0x55c782063361]
compute-mfcc-feats(kaldi::SequentialTableReader<kaldi::WaveHolder>::Open(std::__cxx11::basic_string<char, std::char_traits<char>, std::allocator<char> > const&)+0x1ed) [0x55c782066843]
compute-mfcc-feats(kaldi::SequentialTableReader<kaldi::WaveHolder>::SequentialTableReader(std::__cxx11::basic_string<char, std::char_traits<char>, std::allocator<char> > const&)+0x3e) [0x55c782066b54]
compute-mfcc-feats(main+0x824) [0x55c78205d6a4]
/lib/x86_64-linux-gnu/libc.so.6(__libc_start_main+0xf1) [0x7f65958f42e1]
compute-mfcc-feats(_start+0x2a) [0x55c78205cd7a]

WARNING (compute-mfcc-feats[5.5.0~1-40c7]:Read():feat/wave-reader.h:197) Exception caught in WaveHolder::Read(). kaldi::KaldiFatalError
WARNING (compute-mfcc-feats[5.5.0~1-40c7]:EnsureObjectLoaded():util/kaldi-table-inl.h:317) Failed to load object from /opt/kaldi/egs/disfluent-speech-to-text/augmented-data/19/19-198-0011.wav
ERROR (compute-mfcc-feats[5.5.0~1-40c7]:Read():wave-reader.cc:190) WaveData: can read only PCM data, format id in file is: 3

[ Stack-Trace: ]
/opt/kaldi/src/lib/libkaldi-base.so(kaldi::MessageLogger::LogMessage() const+0xa71) [0x7f659d11d50f]
compute-mfcc-feats(kaldi::MessageLogger::LogAndThrow::operator=(kaldi::MessageLogger const&)+0x11) [0x55c782060343]
/opt/kaldi/src/lib/libkaldi-feat.so(kaldi::WaveInfo::Read(std::istream&)+0x12d3) [0x7f659dee3449]
/opt/kaldi/src/lib/libkaldi-feat.so(kaldi::WaveData::Read(std::istream&)+0x4a) [0x7f659dee4262]
compute-mfcc-feats(kaldi::WaveHolder::Read(std::istream&)+0xd) [0x55c7820660e9]
compute-mfcc-feats(kaldi::SequentialTableReaderScriptImpl<kaldi::WaveHolder>::EnsureObjectLoaded()+0x161) [0x55c78206d27f]
compute-mfcc-feats(kaldi::SequentialTableReaderScriptImpl<kaldi::WaveHolder>::Next()+0x27) [0x55c78206db67]
compute-mfcc-feats(kaldi::SequentialTableReaderScriptImpl<kaldi::WaveHolder>::Open(std::__cxx11::basic_string<char, std::char_traits<char>, std::allocator<char> > const&)+0x29d) [0x55c782063361]
compute-mfcc-feats(kaldi::SequentialTableReader<kaldi::WaveHolder>::Open(std::__cxx11::basic_string<char, std::char_traits<char>, std::allocator<char> > const&)+0x1ed) [0x55c782066843]
compute-mfcc-feats(kaldi::SequentialTableReader<kaldi::WaveHolder>::SequentialTableReader(std::__cxx11::basic_string<char, std::char_traits<char>, std::allocator<char> > const&)+0x3e) [0x55c782066b54]
compute-mfcc-feats(main+0x824) [0x55c78205d6a4]
/lib/x86_64-linux-gnu/libc.so.6(__libc_start_main+0xf1) [0x7f65958f42e1]
compute-mfcc-feats(_start+0x2a) [0x55c78205cd7a]

WARNING (compute-mfcc-feats[5.5.0~1-40c7]:Read():feat/wave-reader.h:197) Exception caught in WaveHolder::Read(). kaldi::KaldiFatalError
WARNING (compute-mfcc-feats[5.5.0~1-40c7]:EnsureObjectLoaded():util/kaldi-table-inl.h:317) Failed to load object from /opt/kaldi/egs/disfluent-speech-to-text/augmented-data/19/19-198-0012.wav
ERROR (compute-mfcc-feats[5.5.0~1-40c7]:Read():wave-reader.cc:190) WaveData: can read only PCM data, format id in file is: 3

[ Stack-Trace: ]
/opt/kaldi/src/lib/libkaldi-base.so(kaldi::MessageLogger::LogMessage() const+0xa71) [0x7f659d11d50f]
compute-mfcc-feats(kaldi::MessageLogger::LogAndThrow::operator=(kaldi::MessageLogger const&)+0x11) [0x55c782060343]
/opt/kaldi/src/lib/libkaldi-feat.so(kaldi::WaveInfo::Read(std::istream&)+0x12d3) [0x7f659dee3449]
/opt/kaldi/src/lib/libkaldi-feat.so(kaldi::WaveData::Read(std::istream&)+0x4a) [0x7f659dee4262]
compute-mfcc-feats(kaldi::WaveHolder::Read(std::istream&)+0xd) [0x55c7820660e9]
compute-mfcc-feats(kaldi::SequentialTableReaderScriptImpl<kaldi::WaveHolder>::EnsureObjectLoaded()+0x161) [0x55c78206d27f]
compute-mfcc-feats(kaldi::SequentialTableReaderScriptImpl<kaldi::WaveHolder>::Next()+0x27) [0x55c78206db67]
compute-mfcc-feats(kaldi::SequentialTableReaderScriptImpl<kaldi::WaveHolder>::Open(std::__cxx11::basic_string<char, std::char_traits<char>, std::allocator<char> > const&)+0x29d) [0x55c782063361]
compute-mfcc-feats(kaldi::SequentialTableReader<kaldi::WaveHolder>::Open(std::__cxx11::basic_string<char, std::char_traits<char>, std::allocator<char> > const&)+0x1ed) [0x55c782066843]
compute-mfcc-feats(kaldi::SequentialTableReader<kaldi::WaveHolder>::SequentialTableReader(std::__cxx11::basic_string<char, std::char_traits<char>, std::allocator<char> > const&)+0x3e) [0x55c782066b54]
compute-mfcc-feats(main+0x824) [0x55c78205d6a4]
/lib/x86_64-linux-gnu/libc.so.6(__libc_start_main+0xf1) [0x7f65958f42e1]
compute-mfcc-feats(_start+0x2a) [0x55c78205cd7a]

WARNING (compute-mfcc-feats[5.5.0~1-40c7]:Read():feat/wave-reader.h:197) Exception caught in WaveHolder::Read(). kaldi::KaldiFatalError
WARNING (compute-mfcc-feats[5.5.0~1-40c7]:EnsureObjectLoaded():util/kaldi-table-inl.h:317) Failed to load object from /opt/kaldi/egs/disfluent-speech-to-text/augmented-data/19/19-198-0013.wav
ERROR (compute-mfcc-feats[5.5.0~1-40c7]:Read():wave-reader.cc:190) WaveData: can read only PCM data, format id in file is: 3

[ Stack-Trace: ]
/opt/kaldi/src/lib/libkaldi-base.so(kaldi::MessageLogger::LogMessage() const+0xa71) [0x7f659d11d50f]
compute-mfcc-feats(kaldi::MessageLogger::LogAndThrow::operator=(kaldi::MessageLogger const&)+0x11) [0x55c782060343]
/opt/kaldi/src/lib/libkaldi-feat.so(kaldi::WaveInfo::Read(std::istream&)+0x12d3) [0x7f659dee3449]
/opt/kaldi/src/lib/libkaldi-feat.so(kaldi::WaveData::Read(std::istream&)+0x4a) [0x7f659dee4262]
compute-mfcc-feats(kaldi::WaveHolder::Read(std::istream&)+0xd) [0x55c7820660e9]
compute-mfcc-feats(kaldi::SequentialTableReaderScriptImpl<kaldi::WaveHolder>::EnsureObjectLoaded()+0x161) [0x55c78206d27f]
compute-mfcc-feats(kaldi::SequentialTableReaderScriptImpl<kaldi::WaveHolder>::Next()+0x27) [0x55c78206db67]
compute-mfcc-feats(kaldi::SequentialTableReaderScriptImpl<kaldi::WaveHolder>::Open(std::__cxx11::basic_string<char, std::char_traits<char>, std::allocator<char> > const&)+0x29d) [0x55c782063361]
compute-mfcc-feats(kaldi::SequentialTableReader<kaldi::WaveHolder>::Open(std::__cxx11::basic_string<char, std::char_traits<char>, std::allocator<char> > const&)+0x1ed) [0x55c782066843]
compute-mfcc-feats(kaldi::SequentialTableReader<kaldi::WaveHolder>::SequentialTableReader(std::__cxx11::basic_string<char, std::char_traits<char>, std::allocator<char> > const&)+0x3e) [0x55c782066b54]
compute-mfcc-feats(main+0x824) [0x55c78205d6a4]
/lib/x86_64-linux-gnu/libc.so.6(__libc_start_main+0xf1) [0x7f65958f42e1]
compute-mfcc-feats(_start+0x2a) [0x55c78205cd7a]

WARNING (compute-mfcc-feats[5.5.0~1-40c7]:Read():feat/wave-reader.h:197) Exception caught in WaveHolder::Read(). kaldi::KaldiFatalError
WARNING (compute-mfcc-feats[5.5.0~1-40c7]:EnsureObjectLoaded():util/kaldi-table-inl.h:317) Failed to load object from /opt/kaldi/egs/disfluent-speech-to-text/augmented-data/19/19-198-0014.wav
ERROR (compute-mfcc-feats[5.5.0~1-40c7]:Read():wave-reader.cc:190) WaveData: can read only PCM data, format id in file is: 3

[ Stack-Trace: ]
/opt/kaldi/src/lib/libkaldi-base.so(kaldi::MessageLogger::LogMessage() const+0xa71) [0x7f659d11d50f]
compute-mfcc-feats(kaldi::MessageLogger::LogAndThrow::operator=(kaldi::MessageLogger const&)+0x11) [0x55c782060343]
/opt/kaldi/src/lib/libkaldi-feat.so(kaldi::WaveInfo::Read(std::istream&)+0x12d3) [0x7f659dee3449]
/opt/kaldi/src/lib/libkaldi-feat.so(kaldi::WaveData::Read(std::istream&)+0x4a) [0x7f659dee4262]
compute-mfcc-feats(kaldi::WaveHolder::Read(std::istream&)+0xd) [0x55c7820660e9]
compute-mfcc-feats(kaldi::SequentialTableReaderScriptImpl<kaldi::WaveHolder>::EnsureObjectLoaded()+0x161) [0x55c78206d27f]
compute-mfcc-feats(kaldi::SequentialTableReaderScriptImpl<kaldi::WaveHolder>::Next()+0x27) [0x55c78206db67]
compute-mfcc-feats(kaldi::SequentialTableReaderScriptImpl<kaldi::WaveHolder>::Open(std::__cxx11::basic_string<char, std::char_traits<char>, std::allocator<char> > const&)+0x29d) [0x55c782063361]
compute-mfcc-feats(kaldi::SequentialTableReader<kaldi::WaveHolder>::Open(std::__cxx11::basic_string<char, std::char_traits<char>, std::allocator<char> > const&)+0x1ed) [0x55c782066843]
compute-mfcc-feats(kaldi::SequentialTableReader<kaldi::WaveHolder>::SequentialTableReader(std::__cxx11::basic_string<char, std::char_traits<char>, std::allocator<char> > const&)+0x3e) [0x55c782066b54]
compute-mfcc-feats(main+0x824) [0x55c78205d6a4]
/lib/x86_64-linux-gnu/libc.so.6(__libc_start_main+0xf1) [0x7f65958f42e1]
compute-mfcc-feats(_start+0x2a) [0x55c78205cd7a]

WARNING (compute-mfcc-feats[5.5.0~1-40c7]:Read():feat/wave-reader.h:197) Exception caught in WaveHolder::Read(). kaldi::KaldiFatalError
WARNING (compute-mfcc-feats[5.5.0~1-40c7]:EnsureObjectLoaded():util/kaldi-table-inl.h:317) Failed to load object from /opt/kaldi/egs/disfluent-speech-to-text/augmented-data/19/19-198-0015.wav
ERROR (compute-mfcc-feats[5.5.0~1-40c7]:Read():wave-reader.cc:190) WaveData: can read only PCM data, format id in file is: 3

[ Stack-Trace: ]
/opt/kaldi/src/lib/libkaldi-base.so(kaldi::MessageLogger::LogMessage() const+0xa71) [0x7f659d11d50f]
compute-mfcc-feats(kaldi::MessageLogger::LogAndThrow::operator=(kaldi::MessageLogger const&)+0x11) [0x55c782060343]
/opt/kaldi/src/lib/libkaldi-feat.so(kaldi::WaveInfo::Read(std::istream&)+0x12d3) [0x7f659dee3449]
/opt/kaldi/src/lib/libkaldi-feat.so(kaldi::WaveData::Read(std::istream&)+0x4a) [0x7f659dee4262]
compute-mfcc-feats(kaldi::WaveHolder::Read(std::istream&)+0xd) [0x55c7820660e9]
compute-mfcc-feats(kaldi::SequentialTableReaderScriptImpl<kaldi::WaveHolder>::EnsureObjectLoaded()+0x161) [0x55c78206d27f]
compute-mfcc-feats(kaldi::SequentialTableReaderScriptImpl<kaldi::WaveHolder>::Next()+0x27) [0x55c78206db67]
compute-mfcc-feats(kaldi::SequentialTableReaderScriptImpl<kaldi::WaveHolder>::Open(std::__cxx11::basic_string<char, std::char_traits<char>, std::allocator<char> > const&)+0x29d) [0x55c782063361]
compute-mfcc-feats(kaldi::SequentialTableReader<kaldi::WaveHolder>::Open(std::__cxx11::basic_string<char, std::char_traits<char>, std::allocator<char> > const&)+0x1ed) [0x55c782066843]
compute-mfcc-feats(kaldi::SequentialTableReader<kaldi::WaveHolder>::SequentialTableReader(std::__cxx11::basic_string<char, std::char_traits<char>, std::allocator<char> > const&)+0x3e) [0x55c782066b54]
compute-mfcc-feats(main+0x824) [0x55c78205d6a4]
/lib/x86_64-linux-gnu/libc.so.6(__libc_start_main+0xf1) [0x7f65958f42e1]
compute-mfcc-feats(_start+0x2a) [0x55c78205cd7a]

WARNING (compute-mfcc-feats[5.5.0~1-40c7]:Read():feat/wave-reader.h:197) Exception caught in WaveHolder::Read(). kaldi::KaldiFatalError
WARNING (compute-mfcc-feats[5.5.0~1-40c7]:EnsureObjectLoaded():util/kaldi-table-inl.h:317) Failed to load object from /opt/kaldi/egs/disfluent-speech-to-text/augmented-data/19/19-198-0016.wav
ERROR (compute-mfcc-feats[5.5.0~1-40c7]:Read():wave-reader.cc:190) WaveData: can read only PCM data, format id in file is: 3

[ Stack-Trace: ]
/opt/kaldi/src/lib/libkaldi-base.so(kaldi::MessageLogger::LogMessage() const+0xa71) [0x7f659d11d50f]
compute-mfcc-feats(kaldi::MessageLogger::LogAndThrow::operator=(kaldi::MessageLogger const&)+0x11) [0x55c782060343]
/opt/kaldi/src/lib/libkaldi-feat.so(kaldi::WaveInfo::Read(std::istream&)+0x12d3) [0x7f659dee3449]
/opt/kaldi/src/lib/libkaldi-feat.so(kaldi::WaveData::Read(std::istream&)+0x4a) [0x7f659dee4262]
compute-mfcc-feats(kaldi::WaveHolder::Read(std::istream&)+0xd) [0x55c7820660e9]
compute-mfcc-feats(kaldi::SequentialTableReaderScriptImpl<kaldi::WaveHolder>::EnsureObjectLoaded()+0x161) [0x55c78206d27f]
compute-mfcc-feats(kaldi::SequentialTableReaderScriptImpl<kaldi::WaveHolder>::Next()+0x27) [0x55c78206db67]
compute-mfcc-feats(kaldi::SequentialTableReaderScriptImpl<kaldi::WaveHolder>::Open(std::__cxx11::basic_string<char, std::char_traits<char>, std::allocator<char> > const&)+0x29d) [0x55c782063361]
compute-mfcc-feats(kaldi::SequentialTableReader<kaldi::WaveHolder>::Open(std::__cxx11::basic_string<char, std::char_traits<char>, std::allocator<char> > const&)+0x1ed) [0x55c782066843]
compute-mfcc-feats(kaldi::SequentialTableReader<kaldi::WaveHolder>::SequentialTableReader(std::__cxx11::basic_string<char, std::char_traits<char>, std::allocator<char> > const&)+0x3e) [0x55c782066b54]
compute-mfcc-feats(main+0x824) [0x55c78205d6a4]
/lib/x86_64-linux-gnu/libc.so.6(__libc_start_main+0xf1) [0x7f65958f42e1]
compute-mfcc-feats(_start+0x2a) [0x55c78205cd7a]

WARNING (compute-mfcc-feats[5.5.0~1-40c7]:Read():feat/wave-reader.h:197) Exception caught in WaveHolder::Read(). kaldi::KaldiFatalError
WARNING (compute-mfcc-feats[5.5.0~1-40c7]:EnsureObjectLoaded():util/kaldi-table-inl.h:317) Failed to load object from /opt/kaldi/egs/disfluent-speech-to-text/augmented-data/19/19-198-0017.wav
ERROR (compute-mfcc-feats[5.5.0~1-40c7]:Read():wave-reader.cc:190) WaveData: can read only PCM data, format id in file is: 3

[ Stack-Trace: ]
/opt/kaldi/src/lib/libkaldi-base.so(kaldi::MessageLogger::LogMessage() const+0xa71) [0x7f659d11d50f]
compute-mfcc-feats(kaldi::MessageLogger::LogAndThrow::operator=(kaldi::MessageLogger const&)+0x11) [0x55c782060343]
/opt/kaldi/src/lib/libkaldi-feat.so(kaldi::WaveInfo::Read(std::istream&)+0x12d3) [0x7f659dee3449]
/opt/kaldi/src/lib/libkaldi-feat.so(kaldi::WaveData::Read(std::istream&)+0x4a) [0x7f659dee4262]
compute-mfcc-feats(kaldi::WaveHolder::Read(std::istream&)+0xd) [0x55c7820660e9]
compute-mfcc-feats(kaldi::SequentialTableReaderScriptImpl<kaldi::WaveHolder>::EnsureObjectLoaded()+0x161) [0x55c78206d27f]
compute-mfcc-feats(kaldi::SequentialTableReaderScriptImpl<kaldi::WaveHolder>::Next()+0x27) [0x55c78206db67]
compute-mfcc-feats(kaldi::SequentialTableReaderScriptImpl<kaldi::WaveHolder>::Open(std::__cxx11::basic_string<char, std::char_traits<char>, std::allocator<char> > const&)+0x29d) [0x55c782063361]
compute-mfcc-feats(kaldi::SequentialTableReader<kaldi::WaveHolder>::Open(std::__cxx11::basic_string<char, std::char_traits<char>, std::allocator<char> > const&)+0x1ed) [0x55c782066843]
compute-mfcc-feats(kaldi::SequentialTableReader<kaldi::WaveHolder>::SequentialTableReader(std::__cxx11::basic_string<char, std::char_traits<char>, std::allocator<char> > const&)+0x3e) [0x55c782066b54]
compute-mfcc-feats(main+0x824) [0x55c78205d6a4]
/lib/x86_64-linux-gnu/libc.so.6(__libc_start_main+0xf1) [0x7f65958f42e1]
compute-mfcc-feats(_start+0x2a) [0x55c78205cd7a]

WARNING (compute-mfcc-feats[5.5.0~1-40c7]:Read():feat/wave-reader.h:197) Exception caught in WaveHolder::Read(). kaldi::KaldiFatalError
WARNING (compute-mfcc-feats[5.5.0~1-40c7]:EnsureObjectLoaded():util/kaldi-table-inl.h:317) Failed to load object from /opt/kaldi/egs/disfluent-speech-to-text/augmented-data/19/19-198-0018.wav
ERROR (compute-mfcc-feats[5.5.0~1-40c7]:Read():wave-reader.cc:190) WaveData: can read only PCM data, format id in file is: 3

[ Stack-Trace: ]
/opt/kaldi/src/lib/libkaldi-base.so(kaldi::MessageLogger::LogMessage() const+0xa71) [0x7f659d11d50f]
compute-mfcc-feats(kaldi::MessageLogger::LogAndThrow::operator=(kaldi::MessageLogger const&)+0x11) [0x55c782060343]
/opt/kaldi/src/lib/libkaldi-feat.so(kaldi::WaveInfo::Read(std::istream&)+0x12d3) [0x7f659dee3449]
/opt/kaldi/src/lib/libkaldi-feat.so(kaldi::WaveData::Read(std::istream&)+0x4a) [0x7f659dee4262]
compute-mfcc-feats(kaldi::WaveHolder::Read(std::istream&)+0xd) [0x55c7820660e9]
compute-mfcc-feats(kaldi::SequentialTableReaderScriptImpl<kaldi::WaveHolder>::EnsureObjectLoaded()+0x161) [0x55c78206d27f]
compute-mfcc-feats(kaldi::SequentialTableReaderScriptImpl<kaldi::WaveHolder>::Next()+0x27) [0x55c78206db67]
compute-mfcc-feats(kaldi::SequentialTableReaderScriptImpl<kaldi::WaveHolder>::Open(std::__cxx11::basic_string<char, std::char_traits<char>, std::allocator<char> > const&)+0x29d) [0x55c782063361]
compute-mfcc-feats(kaldi::SequentialTableReader<kaldi::WaveHolder>::Open(std::__cxx11::basic_string<char, std::char_traits<char>, std::allocator<char> > const&)+0x1ed) [0x55c782066843]
compute-mfcc-feats(kaldi::SequentialTableReader<kaldi::WaveHolder>::SequentialTableReader(std::__cxx11::basic_string<char, std::char_traits<char>, std::allocator<char> > const&)+0x3e) [0x55c782066b54]
compute-mfcc-feats(main+0x824) [0x55c78205d6a4]
/lib/x86_64-linux-gnu/libc.so.6(__libc_start_main+0xf1) [0x7f65958f42e1]
compute-mfcc-feats(_start+0x2a) [0x55c78205cd7a]

WARNING (compute-mfcc-feats[5.5.0~1-40c7]:Read():feat/wave-reader.h:197) Exception caught in WaveHolder::Read(). kaldi::KaldiFatalError
WARNING (compute-mfcc-feats[5.5.0~1-40c7]:EnsureObjectLoaded():util/kaldi-table-inl.h:317) Failed to load object from /opt/kaldi/egs/disfluent-speech-to-text/augmented-data/19/19-198-0019.wav
LOG (compute-mfcc-feats[5.5.0~1-40c7]:main():compute-mfcc-feats.cc:185)  Done 0 out of 0 utterances.
LOG (copy-feats[5.5.0~1-40c7]:main():copy-feats.cc:143) Copied 0 feature matrices.
# Accounting: time=0 threads=1
# Ended (code 1) at Thu Dec  3 01:47:53 UTC 2020, elapsed time 0 seconds
