# compute-mfcc-feats --write-utt2dur=ark,t:exp/make_mfcc/train/utt2dur.13 --verbose=2 --config=conf/mfcc.conf scp,p:exp/make_mfcc/train/wav_train.13.scp ark:- | copy-feats --write-num-frames=ark,t:exp/make_mfcc/train/utt2num_frames.13 --compress=true ark:- ark,scp:/opt/kaldi/egs/disfluent-speech-to-text/mfcc/raw_mfcc_train.13.ark,/opt/kaldi/egs/disfluent-speech-to-text/mfcc/raw_mfcc_train.13.scp 
# Started at Thu Dec  3 01:48:01 UTC 2020
#
copy-feats --write-num-frames=ark,t:exp/make_mfcc/train/utt2num_frames.13 --compress=true ark:- ark,scp:/opt/kaldi/egs/disfluent-speech-to-text/mfcc/raw_mfcc_train.13.ark,/opt/kaldi/egs/disfluent-speech-to-text/mfcc/raw_mfcc_train.13.scp 
compute-mfcc-feats --write-utt2dur=ark,t:exp/make_mfcc/train/utt2dur.13 --verbose=2 --config=conf/mfcc.conf scp,p:exp/make_mfcc/train/wav_train.13.scp ark:- 
VLOG[2] (compute-mfcc-feats[5.5.0~1-40c7]:main():compute-mfcc-feats.cc:182) Processed features for key 26-496-0020
VLOG[2] (compute-mfcc-feats[5.5.0~1-40c7]:main():compute-mfcc-feats.cc:182) Processed features for key 26-496-0021
VLOG[2] (compute-mfcc-feats[5.5.0~1-40c7]:main():compute-mfcc-feats.cc:182) Processed features for key 26-496-0022
VLOG[2] (compute-mfcc-feats[5.5.0~1-40c7]:main():compute-mfcc-feats.cc:182) Processed features for key 26-496-0023
VLOG[2] (compute-mfcc-feats[5.5.0~1-40c7]:main():compute-mfcc-feats.cc:182) Processed features for key 26-496-0024
VLOG[2] (compute-mfcc-feats[5.5.0~1-40c7]:main():compute-mfcc-feats.cc:182) Processed features for key 26-496-0025
VLOG[2] (compute-mfcc-feats[5.5.0~1-40c7]:main():compute-mfcc-feats.cc:182) Processed features for key 26-496-0026
ERROR (compute-mfcc-feats[5.5.0~1-40c7]:Read():wave-reader.cc:190) WaveData: can read only PCM data, format id in file is: 3

[ Stack-Trace: ]
/opt/kaldi/src/lib/libkaldi-base.so(kaldi::MessageLogger::LogMessage() const+0xa71) [0x7f5c89b7250f]
compute-mfcc-feats(kaldi::MessageLogger::LogAndThrow::operator=(kaldi::MessageLogger const&)+0x11) [0x55e1bdd85343]
/opt/kaldi/src/lib/libkaldi-feat.so(kaldi::WaveInfo::Read(std::istream&)+0x12d3) [0x7f5c8a938449]
/opt/kaldi/src/lib/libkaldi-feat.so(kaldi::WaveData::Read(std::istream&)+0x4a) [0x7f5c8a939262]
compute-mfcc-feats(kaldi::WaveHolder::Read(std::istream&)+0xd) [0x55e1bdd8b0e9]
compute-mfcc-feats(kaldi::SequentialTableReaderScriptImpl<kaldi::WaveHolder>::EnsureObjectLoaded()+0x161) [0x55e1bdd9227f]
compute-mfcc-feats(kaldi::SequentialTableReaderScriptImpl<kaldi::WaveHolder>::Next()+0x27) [0x55e1bdd92b67]
compute-mfcc-feats(main+0x18f9) [0x55e1bdd83779]
/lib/x86_64-linux-gnu/libc.so.6(__libc_start_main+0xf1) [0x7f5c823492e1]
compute-mfcc-feats(_start+0x2a) [0x55e1bdd81d7a]

WARNING (compute-mfcc-feats[5.5.0~1-40c7]:Read():feat/wave-reader.h:197) Exception caught in WaveHolder::Read(). kaldi::KaldiFatalError
WARNING (compute-mfcc-feats[5.5.0~1-40c7]:EnsureObjectLoaded():util/kaldi-table-inl.h:317) Failed to load object from /opt/kaldi/egs/disfluent-speech-to-text/augmented-data/27/27-123349-0001.wav
ERROR (compute-mfcc-feats[5.5.0~1-40c7]:Read():wave-reader.cc:190) WaveData: can read only PCM data, format id in file is: 3

[ Stack-Trace: ]
/opt/kaldi/src/lib/libkaldi-base.so(kaldi::MessageLogger::LogMessage() const+0xa71) [0x7f5c89b7250f]
compute-mfcc-feats(kaldi::MessageLogger::LogAndThrow::operator=(kaldi::MessageLogger const&)+0x11) [0x55e1bdd85343]
/opt/kaldi/src/lib/libkaldi-feat.so(kaldi::WaveInfo::Read(std::istream&)+0x12d3) [0x7f5c8a938449]
/opt/kaldi/src/lib/libkaldi-feat.so(kaldi::WaveData::Read(std::istream&)+0x4a) [0x7f5c8a939262]
compute-mfcc-feats(kaldi::WaveHolder::Read(std::istream&)+0xd) [0x55e1bdd8b0e9]
compute-mfcc-feats(kaldi::SequentialTableReaderScriptImpl<kaldi::WaveHolder>::EnsureObjectLoaded()+0x161) [0x55e1bdd9227f]
compute-mfcc-feats(kaldi::SequentialTableReaderScriptImpl<kaldi::WaveHolder>::Next()+0x27) [0x55e1bdd92b67]
compute-mfcc-feats(main+0x18f9) [0x55e1bdd83779]
/lib/x86_64-linux-gnu/libc.so.6(__libc_start_main+0xf1) [0x7f5c823492e1]
compute-mfcc-feats(_start+0x2a) [0x55e1bdd81d7a]

WARNING (compute-mfcc-feats[5.5.0~1-40c7]:Read():feat/wave-reader.h:197) Exception caught in WaveHolder::Read(). kaldi::KaldiFatalError
WARNING (compute-mfcc-feats[5.5.0~1-40c7]:EnsureObjectLoaded():util/kaldi-table-inl.h:317) Failed to load object from /opt/kaldi/egs/disfluent-speech-to-text/augmented-data/27/27-123349-0002.wav
ERROR (compute-mfcc-feats[5.5.0~1-40c7]:Read():wave-reader.cc:190) WaveData: can read only PCM data, format id in file is: 3

[ Stack-Trace: ]
/opt/kaldi/src/lib/libkaldi-base.so(kaldi::MessageLogger::LogMessage() const+0xa71) [0x7f5c89b7250f]
compute-mfcc-feats(kaldi::MessageLogger::LogAndThrow::operator=(kaldi::MessageLogger const&)+0x11) [0x55e1bdd85343]
/opt/kaldi/src/lib/libkaldi-feat.so(kaldi::WaveInfo::Read(std::istream&)+0x12d3) [0x7f5c8a938449]
/opt/kaldi/src/lib/libkaldi-feat.so(kaldi::WaveData::Read(std::istream&)+0x4a) [0x7f5c8a939262]
compute-mfcc-feats(kaldi::WaveHolder::Read(std::istream&)+0xd) [0x55e1bdd8b0e9]
compute-mfcc-feats(kaldi::SequentialTableReaderScriptImpl<kaldi::WaveHolder>::EnsureObjectLoaded()+0x161) [0x55e1bdd9227f]
compute-mfcc-feats(kaldi::SequentialTableReaderScriptImpl<kaldi::WaveHolder>::Next()+0x27) [0x55e1bdd92b67]
compute-mfcc-feats(main+0x18f9) [0x55e1bdd83779]
/lib/x86_64-linux-gnu/libc.so.6(__libc_start_main+0xf1) [0x7f5c823492e1]
compute-mfcc-feats(_start+0x2a) [0x55e1bdd81d7a]

WARNING (compute-mfcc-feats[5.5.0~1-40c7]:Read():feat/wave-reader.h:197) Exception caught in WaveHolder::Read(). kaldi::KaldiFatalError
WARNING (compute-mfcc-feats[5.5.0~1-40c7]:EnsureObjectLoaded():util/kaldi-table-inl.h:317) Failed to load object from /opt/kaldi/egs/disfluent-speech-to-text/augmented-data/27/27-123349-0003.wav
ERROR (compute-mfcc-feats[5.5.0~1-40c7]:Read():wave-reader.cc:190) WaveData: can read only PCM data, format id in file is: 3

[ Stack-Trace: ]
/opt/kaldi/src/lib/libkaldi-base.so(kaldi::MessageLogger::LogMessage() const+0xa71) [0x7f5c89b7250f]
compute-mfcc-feats(kaldi::MessageLogger::LogAndThrow::operator=(kaldi::MessageLogger const&)+0x11) [0x55e1bdd85343]
/opt/kaldi/src/lib/libkaldi-feat.so(kaldi::WaveInfo::Read(std::istream&)+0x12d3) [0x7f5c8a938449]
/opt/kaldi/src/lib/libkaldi-feat.so(kaldi::WaveData::Read(std::istream&)+0x4a) [0x7f5c8a939262]
compute-mfcc-feats(kaldi::WaveHolder::Read(std::istream&)+0xd) [0x55e1bdd8b0e9]
compute-mfcc-feats(kaldi::SequentialTableReaderScriptImpl<kaldi::WaveHolder>::EnsureObjectLoaded()+0x161) [0x55e1bdd9227f]
compute-mfcc-feats(kaldi::SequentialTableReaderScriptImpl<kaldi::WaveHolder>::Next()+0x27) [0x55e1bdd92b67]
compute-mfcc-feats(main+0x18f9) [0x55e1bdd83779]
/lib/x86_64-linux-gnu/libc.so.6(__libc_start_main+0xf1) [0x7f5c823492e1]
compute-mfcc-feats(_start+0x2a) [0x55e1bdd81d7a]

WARNING (compute-mfcc-feats[5.5.0~1-40c7]:Read():feat/wave-reader.h:197) Exception caught in WaveHolder::Read(). kaldi::KaldiFatalError
WARNING (compute-mfcc-feats[5.5.0~1-40c7]:EnsureObjectLoaded():util/kaldi-table-inl.h:317) Failed to load object from /opt/kaldi/egs/disfluent-speech-to-text/augmented-data/27/27-123349-0004.wav
ERROR (compute-mfcc-feats[5.5.0~1-40c7]:Read():wave-reader.cc:190) WaveData: can read only PCM data, format id in file is: 3

[ Stack-Trace: ]
/opt/kaldi/src/lib/libkaldi-base.so(kaldi::MessageLogger::LogMessage() const+0xa71) [0x7f5c89b7250f]
compute-mfcc-feats(kaldi::MessageLogger::LogAndThrow::operator=(kaldi::MessageLogger const&)+0x11) [0x55e1bdd85343]
/opt/kaldi/src/lib/libkaldi-feat.so(kaldi::WaveInfo::Read(std::istream&)+0x12d3) [0x7f5c8a938449]
/opt/kaldi/src/lib/libkaldi-feat.so(kaldi::WaveData::Read(std::istream&)+0x4a) [0x7f5c8a939262]
compute-mfcc-feats(kaldi::WaveHolder::Read(std::istream&)+0xd) [0x55e1bdd8b0e9]
compute-mfcc-feats(kaldi::SequentialTableReaderScriptImpl<kaldi::WaveHolder>::EnsureObjectLoaded()+0x161) [0x55e1bdd9227f]
compute-mfcc-feats(kaldi::SequentialTableReaderScriptImpl<kaldi::WaveHolder>::Next()+0x27) [0x55e1bdd92b67]
compute-mfcc-feats(main+0x18f9) [0x55e1bdd83779]
/lib/x86_64-linux-gnu/libc.so.6(__libc_start_main+0xf1) [0x7f5c823492e1]
compute-mfcc-feats(_start+0x2a) [0x55e1bdd81d7a]

WARNING (compute-mfcc-feats[5.5.0~1-40c7]:Read():feat/wave-reader.h:197) Exception caught in WaveHolder::Read(). kaldi::KaldiFatalError
WARNING (compute-mfcc-feats[5.5.0~1-40c7]:EnsureObjectLoaded():util/kaldi-table-inl.h:317) Failed to load object from /opt/kaldi/egs/disfluent-speech-to-text/augmented-data/27/27-123349-0005.wav
ERROR (compute-mfcc-feats[5.5.0~1-40c7]:Read():wave-reader.cc:190) WaveData: can read only PCM data, format id in file is: 3

[ Stack-Trace: ]
/opt/kaldi/src/lib/libkaldi-base.so(kaldi::MessageLogger::LogMessage() const+0xa71) [0x7f5c89b7250f]
compute-mfcc-feats(kaldi::MessageLogger::LogAndThrow::operator=(kaldi::MessageLogger const&)+0x11) [0x55e1bdd85343]
/opt/kaldi/src/lib/libkaldi-feat.so(kaldi::WaveInfo::Read(std::istream&)+0x12d3) [0x7f5c8a938449]
/opt/kaldi/src/lib/libkaldi-feat.so(kaldi::WaveData::Read(std::istream&)+0x4a) [0x7f5c8a939262]
compute-mfcc-feats(kaldi::WaveHolder::Read(std::istream&)+0xd) [0x55e1bdd8b0e9]
compute-mfcc-feats(kaldi::SequentialTableReaderScriptImpl<kaldi::WaveHolder>::EnsureObjectLoaded()+0x161) [0x55e1bdd9227f]
compute-mfcc-feats(kaldi::SequentialTableReaderScriptImpl<kaldi::WaveHolder>::Next()+0x27) [0x55e1bdd92b67]
compute-mfcc-feats(main+0x18f9) [0x55e1bdd83779]
/lib/x86_64-linux-gnu/libc.so.6(__libc_start_main+0xf1) [0x7f5c823492e1]
compute-mfcc-feats(_start+0x2a) [0x55e1bdd81d7a]

WARNING (compute-mfcc-feats[5.5.0~1-40c7]:Read():feat/wave-reader.h:197) Exception caught in WaveHolder::Read(). kaldi::KaldiFatalError
WARNING (compute-mfcc-feats[5.5.0~1-40c7]:EnsureObjectLoaded():util/kaldi-table-inl.h:317) Failed to load object from /opt/kaldi/egs/disfluent-speech-to-text/augmented-data/27/27-123349-0006.wav
ERROR (compute-mfcc-feats[5.5.0~1-40c7]:Read():wave-reader.cc:190) WaveData: can read only PCM data, format id in file is: 3

[ Stack-Trace: ]
/opt/kaldi/src/lib/libkaldi-base.so(kaldi::MessageLogger::LogMessage() const+0xa71) [0x7f5c89b7250f]
compute-mfcc-feats(kaldi::MessageLogger::LogAndThrow::operator=(kaldi::MessageLogger const&)+0x11) [0x55e1bdd85343]
/opt/kaldi/src/lib/libkaldi-feat.so(kaldi::WaveInfo::Read(std::istream&)+0x12d3) [0x7f5c8a938449]
/opt/kaldi/src/lib/libkaldi-feat.so(kaldi::WaveData::Read(std::istream&)+0x4a) [0x7f5c8a939262]
compute-mfcc-feats(kaldi::WaveHolder::Read(std::istream&)+0xd) [0x55e1bdd8b0e9]
compute-mfcc-feats(kaldi::SequentialTableReaderScriptImpl<kaldi::WaveHolder>::EnsureObjectLoaded()+0x161) [0x55e1bdd9227f]
compute-mfcc-feats(kaldi::SequentialTableReaderScriptImpl<kaldi::WaveHolder>::Next()+0x27) [0x55e1bdd92b67]
compute-mfcc-feats(main+0x18f9) [0x55e1bdd83779]
/lib/x86_64-linux-gnu/libc.so.6(__libc_start_main+0xf1) [0x7f5c823492e1]
compute-mfcc-feats(_start+0x2a) [0x55e1bdd81d7a]

WARNING (compute-mfcc-feats[5.5.0~1-40c7]:Read():feat/wave-reader.h:197) Exception caught in WaveHolder::Read(). kaldi::KaldiFatalError
WARNING (compute-mfcc-feats[5.5.0~1-40c7]:EnsureObjectLoaded():util/kaldi-table-inl.h:317) Failed to load object from /opt/kaldi/egs/disfluent-speech-to-text/augmented-data/27/27-123349-0007.wav
ERROR (compute-mfcc-feats[5.5.0~1-40c7]:Read():wave-reader.cc:190) WaveData: can read only PCM data, format id in file is: 3

[ Stack-Trace: ]
/opt/kaldi/src/lib/libkaldi-base.so(kaldi::MessageLogger::LogMessage() const+0xa71) [0x7f5c89b7250f]
compute-mfcc-feats(kaldi::MessageLogger::LogAndThrow::operator=(kaldi::MessageLogger const&)+0x11) [0x55e1bdd85343]
/opt/kaldi/src/lib/libkaldi-feat.so(kaldi::WaveInfo::Read(std::istream&)+0x12d3) [0x7f5c8a938449]
/opt/kaldi/src/lib/libkaldi-feat.so(kaldi::WaveData::Read(std::istream&)+0x4a) [0x7f5c8a939262]
compute-mfcc-feats(kaldi::WaveHolder::Read(std::istream&)+0xd) [0x55e1bdd8b0e9]
compute-mfcc-feats(kaldi::SequentialTableReaderScriptImpl<kaldi::WaveHolder>::EnsureObjectLoaded()+0x161) [0x55e1bdd9227f]
compute-mfcc-feats(kaldi::SequentialTableReaderScriptImpl<kaldi::WaveHolder>::Next()+0x27) [0x55e1bdd92b67]
compute-mfcc-feats(main+0x18f9) [0x55e1bdd83779]
/lib/x86_64-linux-gnu/libc.so.6(__libc_start_main+0xf1) [0x7f5c823492e1]
compute-mfcc-feats(_start+0x2a) [0x55e1bdd81d7a]

WARNING (compute-mfcc-feats[5.5.0~1-40c7]:Read():feat/wave-reader.h:197) Exception caught in WaveHolder::Read(). kaldi::KaldiFatalError
WARNING (compute-mfcc-feats[5.5.0~1-40c7]:EnsureObjectLoaded():util/kaldi-table-inl.h:317) Failed to load object from /opt/kaldi/egs/disfluent-speech-to-text/augmented-data/27/27-123349-0008.wav
ERROR (compute-mfcc-feats[5.5.0~1-40c7]:Read():wave-reader.cc:190) WaveData: can read only PCM data, format id in file is: 3

[ Stack-Trace: ]
/opt/kaldi/src/lib/libkaldi-base.so(kaldi::MessageLogger::LogMessage() const+0xa71) [0x7f5c89b7250f]
compute-mfcc-feats(kaldi::MessageLogger::LogAndThrow::operator=(kaldi::MessageLogger const&)+0x11) [0x55e1bdd85343]
/opt/kaldi/src/lib/libkaldi-feat.so(kaldi::WaveInfo::Read(std::istream&)+0x12d3) [0x7f5c8a938449]
/opt/kaldi/src/lib/libkaldi-feat.so(kaldi::WaveData::Read(std::istream&)+0x4a) [0x7f5c8a939262]
compute-mfcc-feats(kaldi::WaveHolder::Read(std::istream&)+0xd) [0x55e1bdd8b0e9]
compute-mfcc-feats(kaldi::SequentialTableReaderScriptImpl<kaldi::WaveHolder>::EnsureObjectLoaded()+0x161) [0x55e1bdd9227f]
compute-mfcc-feats(kaldi::SequentialTableReaderScriptImpl<kaldi::WaveHolder>::Next()+0x27) [0x55e1bdd92b67]
compute-mfcc-feats(main+0x18f9) [0x55e1bdd83779]
/lib/x86_64-linux-gnu/libc.so.6(__libc_start_main+0xf1) [0x7f5c823492e1]
compute-mfcc-feats(_start+0x2a) [0x55e1bdd81d7a]

WARNING (compute-mfcc-feats[5.5.0~1-40c7]:Read():feat/wave-reader.h:197) Exception caught in WaveHolder::Read(). kaldi::KaldiFatalError
WARNING (compute-mfcc-feats[5.5.0~1-40c7]:EnsureObjectLoaded():util/kaldi-table-inl.h:317) Failed to load object from /opt/kaldi/egs/disfluent-speech-to-text/augmented-data/27/27-123349-0009.wav
ERROR (compute-mfcc-feats[5.5.0~1-40c7]:Read():wave-reader.cc:190) WaveData: can read only PCM data, format id in file is: 3

[ Stack-Trace: ]
/opt/kaldi/src/lib/libkaldi-base.so(kaldi::MessageLogger::LogMessage() const+0xa71) [0x7f5c89b7250f]
compute-mfcc-feats(kaldi::MessageLogger::LogAndThrow::operator=(kaldi::MessageLogger const&)+0x11) [0x55e1bdd85343]
/opt/kaldi/src/lib/libkaldi-feat.so(kaldi::WaveInfo::Read(std::istream&)+0x12d3) [0x7f5c8a938449]
/opt/kaldi/src/lib/libkaldi-feat.so(kaldi::WaveData::Read(std::istream&)+0x4a) [0x7f5c8a939262]
compute-mfcc-feats(kaldi::WaveHolder::Read(std::istream&)+0xd) [0x55e1bdd8b0e9]
compute-mfcc-feats(kaldi::SequentialTableReaderScriptImpl<kaldi::WaveHolder>::EnsureObjectLoaded()+0x161) [0x55e1bdd9227f]
compute-mfcc-feats(kaldi::SequentialTableReaderScriptImpl<kaldi::WaveHolder>::Next()+0x27) [0x55e1bdd92b67]
compute-mfcc-feats(main+0x18f9) [0x55e1bdd83779]
/lib/x86_64-linux-gnu/libc.so.6(__libc_start_main+0xf1) [0x7f5c823492e1]
compute-mfcc-feats(_start+0x2a) [0x55e1bdd81d7a]

WARNING (compute-mfcc-feats[5.5.0~1-40c7]:Read():feat/wave-reader.h:197) Exception caught in WaveHolder::Read(). kaldi::KaldiFatalError
WARNING (compute-mfcc-feats[5.5.0~1-40c7]:EnsureObjectLoaded():util/kaldi-table-inl.h:317) Failed to load object from /opt/kaldi/egs/disfluent-speech-to-text/augmented-data/27/27-123349-0010.wav
ERROR (compute-mfcc-feats[5.5.0~1-40c7]:Read():wave-reader.cc:190) WaveData: can read only PCM data, format id in file is: 3

[ Stack-Trace: ]
/opt/kaldi/src/lib/libkaldi-base.so(kaldi::MessageLogger::LogMessage() const+0xa71) [0x7f5c89b7250f]
compute-mfcc-feats(kaldi::MessageLogger::LogAndThrow::operator=(kaldi::MessageLogger const&)+0x11) [0x55e1bdd85343]
/opt/kaldi/src/lib/libkaldi-feat.so(kaldi::WaveInfo::Read(std::istream&)+0x12d3) [0x7f5c8a938449]
/opt/kaldi/src/lib/libkaldi-feat.so(kaldi::WaveData::Read(std::istream&)+0x4a) [0x7f5c8a939262]
compute-mfcc-feats(kaldi::WaveHolder::Read(std::istream&)+0xd) [0x55e1bdd8b0e9]
compute-mfcc-feats(kaldi::SequentialTableReaderScriptImpl<kaldi::WaveHolder>::EnsureObjectLoaded()+0x161) [0x55e1bdd9227f]
compute-mfcc-feats(kaldi::SequentialTableReaderScriptImpl<kaldi::WaveHolder>::Next()+0x27) [0x55e1bdd92b67]
compute-mfcc-feats(main+0x18f9) [0x55e1bdd83779]
/lib/x86_64-linux-gnu/libc.so.6(__libc_start_main+0xf1) [0x7f5c823492e1]
compute-mfcc-feats(_start+0x2a) [0x55e1bdd81d7a]

WARNING (compute-mfcc-feats[5.5.0~1-40c7]:Read():feat/wave-reader.h:197) Exception caught in WaveHolder::Read(). kaldi::KaldiFatalError
WARNING (compute-mfcc-feats[5.5.0~1-40c7]:EnsureObjectLoaded():util/kaldi-table-inl.h:317) Failed to load object from /opt/kaldi/egs/disfluent-speech-to-text/augmented-data/27/27-123349-0011.wav
LOG (compute-mfcc-feats[5.5.0~1-40c7]:main():compute-mfcc-feats.cc:185)  Done 7 out of 7 utterances.
LOG (copy-feats[5.5.0~1-40c7]:main():copy-feats.cc:143) Copied 7 feature matrices.
# Accounting: time=1 threads=1
# Ended (code 0) at Thu Dec  3 01:48:02 UTC 2020, elapsed time 1 seconds
