# compile-train-graphs --read-disambig-syms=data/lang/phones/disambig.int exp/mono5/tree exp/mono5/0.mdl data/lang/L.fst "ark:sym2int.pl --map-oov 133027 -f 2- data/lang/words.txt < data/train/split4/2/text|" "ark:|gzip -c >exp/mono5/fsts.2.gz" 
# Started at Tue Dec  8 06:52:55 UTC 2020
#
compile-train-graphs --read-disambig-syms=data/lang/phones/disambig.int exp/mono5/tree exp/mono5/0.mdl data/lang/L.fst 'ark:sym2int.pl --map-oov 133027 -f 2- data/lang/words.txt < data/train/split4/2/text|' 'ark:|gzip -c >exp/mono5/fsts.2.gz' 
sym2int.pl: replacing KLETKE with 133027
sym2int.pl: replacing WRETCHES with 133027
sym2int.pl: replacing FERKO'S with 133027
sym2int.pl: replacing GLUTTON with 133027
sym2int.pl: replacing BESOUGHT with 133027
sym2int.pl: replacing NEIGHBOURHOOD with 133027
sym2int.pl: replacing FERKO'S with 133027
sym2int.pl: replacing SIGHTLESS with 133027
sym2int.pl: replacing DEWDROPS with 133027
sym2int.pl: replacing DISCONSOLATELY with 133027
sym2int.pl: replacing FURROWS with 133027
sym2int.pl: replacing RECOGNISED with 133027
sym2int.pl: replacing FULFIL with 133027
sym2int.pl: replacing DISCONSOLATELY with 133027
sym2int.pl: replacing KNOCKERS with 133027
sym2int.pl: replacing FERKO'S with 133027
sym2int.pl: replacing RECOGNISED with 133027
sym2int.pl: replacing FERKO'S with 133027
sym2int.pl: replacing RECOGNISED with 133027
sym2int.pl: replacing FERKO'S with 133027
sym2int.pl: not warning for OOVs any more times
** Replaced 471 instances of OOVs with 133027
LOG (compile-train-graphs[5.5.0~1-40c7]:main():compile-train-graphs.cc:147) compile-train-graphs: succeeded for 756 graphs, failed for 0
# Accounting: time=6 threads=1
# Ended (code 0) at Tue Dec  8 06:53:01 UTC 2020, elapsed time 6 seconds
