# gmm-acc-stats-ali exp/tri3a/28.mdl "ark,s,cs:apply-cmvn  --utt2spk=ark:data/train/split24/1/utt2spk scp:data/train/split24/1/cmvn.scp scp:data/train/split24/1/feats.scp ark:- | splice-feats  ark:- ark:- | transform-feats exp/tri3a/12.mat ark:- ark:- |" "ark,s,cs:gunzip -c exp/tri3a/ali.1.gz|" exp/tri3a/28.1.acc 
# Started at Mon Dec  7 01:46:38 UTC 2020
#
gmm-acc-stats-ali exp/tri3a/28.mdl 'ark,s,cs:apply-cmvn  --utt2spk=ark:data/train/split24/1/utt2spk scp:data/train/split24/1/cmvn.scp scp:data/train/split24/1/feats.scp ark:- | splice-feats  ark:- ark:- | transform-feats exp/tri3a/12.mat ark:- ark:- |' 'ark,s,cs:gunzip -c exp/tri3a/ali.1.gz|' exp/tri3a/28.1.acc 
transform-feats exp/tri3a/12.mat ark:- ark:- 
apply-cmvn --utt2spk=ark:data/train/split24/1/utt2spk scp:data/train/split24/1/cmvn.scp scp:data/train/split24/1/feats.scp ark:- 
splice-feats ark:- ark:- 
WARNING (gmm-acc-stats-ali[5.5.0~1-40c7]:main():gmm-acc-stats-ali.cc:79) No alignment for utterance 1624-142933-0013
LOG (gmm-acc-stats-ali[5.5.0~1-40c7]:main():gmm-acc-stats-ali.cc:105) Processed 50 utterances; for utterance 1624-168623-0003 avg. like is -48.6674 over 2020 frames.
LOG (gmm-acc-stats-ali[5.5.0~1-40c7]:main():gmm-acc-stats-ali.cc:105) Processed 100 utterances; for utterance 1624-168623-0053 avg. like is -42.6047 over 510 frames.
LOG (gmm-acc-stats-ali[5.5.0~1-40c7]:main():gmm-acc-stats-ali.cc:105) Processed 150 utterances; for utterance 1841-159771-0016 avg. like is -55.313 over 831 frames.
LOG (gmm-acc-stats-ali[5.5.0~1-40c7]:main():gmm-acc-stats-ali.cc:105) Processed 200 utterances; for utterance 1841-179183-0023 avg. like is -56.2971 over 1959 frames.
LOG (apply-cmvn[5.5.0~1-40c7]:main():apply-cmvn.cc:162) Applied cepstral mean normalization to 216 utterances, errors on 0
LOG (transform-feats[5.5.0~1-40c7]:main():transform-feats.cc:158) Overall average [pseudo-]logdet is -100.497 over 398268 frames.
LOG (transform-feats[5.5.0~1-40c7]:main():transform-feats.cc:161) Applied transform to 216 utterances; 0 had errors.
LOG (gmm-acc-stats-ali[5.5.0~1-40c7]:main():gmm-acc-stats-ali.cc:112) Done 215 files, 1 with errors.
LOG (gmm-acc-stats-ali[5.5.0~1-40c7]:main():gmm-acc-stats-ali.cc:115) Overall avg like per frame (Gaussian only) = -52.4441 over 397153 frames.
LOG (gmm-acc-stats-ali[5.5.0~1-40c7]:main():gmm-acc-stats-ali.cc:123) Written accs.
# Accounting: time=3 threads=1
# Ended (code 0) at Mon Dec  7 01:46:41 UTC 2020, elapsed time 3 seconds
