# compile-train-graphs --read-disambig-syms=data/lang/phones/disambig.int exp/tri3a/tree exp/tri3a/1.mdl data/lang/L.fst "ark:utils/sym2int.pl --map-oov 133027 -f 2- data/lang/words.txt < data/train/split24/18/text |" "ark:|gzip -c >exp/tri3a/fsts.18.gz" 
# Started at Mon Dec  7 01:39:13 UTC 2020
#
compile-train-graphs --read-disambig-syms=data/lang/phones/disambig.int exp/tri3a/tree exp/tri3a/1.mdl data/lang/L.fst 'ark:utils/sym2int.pl --map-oov 133027 -f 2- data/lang/words.txt < data/train/split24/18/text |' 'ark:|gzip -c >exp/tri3a/fsts.18.gz' 
sym2int.pl: replacing MUDBANKS with 133027
sym2int.pl: replacing WHITENED with 133027
sym2int.pl: replacing PROPHETSTOWN with 133027
sym2int.pl: replacing PRETTILY with 133027
sym2int.pl: replacing HAWK'S with 133027
sym2int.pl: replacing PROPHET'S with 133027
sym2int.pl: replacing CLOUD'S with 133027
sym2int.pl: replacing SOLDIERY with 133027
sym2int.pl: replacing PROPHETSTOWN with 133027
sym2int.pl: replacing BOWLDERS with 133027
sym2int.pl: replacing PROPHETSTOWN with 133027
sym2int.pl: replacing BOGGY with 133027
sym2int.pl: replacing EDDYING with 133027
sym2int.pl: replacing BOWLDERS with 133027
sym2int.pl: replacing MUDBANK with 133027
sym2int.pl: replacing HALLOO with 133027
sym2int.pl: replacing FERRYMAN'S with 133027
sym2int.pl: replacing BESOUGHT with 133027
sym2int.pl: replacing FERRYMEN with 133027
sym2int.pl: replacing GUARANTIED with 133027
sym2int.pl: not warning for OOVs any more times
** Replaced 126 instances of OOVs with 133027
LOG (compile-train-graphs[5.5.0~1-40c7]:main():compile-train-graphs.cc:147) compile-train-graphs: succeeded for 137 graphs, failed for 0
# Accounting: time=3 threads=1
# Ended (code 0) at Mon Dec  7 01:39:16 UTC 2020, elapsed time 3 seconds
