# compile-train-graphs --read-disambig-syms=data/lang/phones/disambig.int exp/tri3a/tree exp/tri3a/1.mdl data/lang/L.fst "ark:utils/sym2int.pl --map-oov 133027 -f 2- data/lang/words.txt < data/train/split24/8/text |" "ark:|gzip -c >exp/tri3a/fsts.8.gz" 
# Started at Mon Dec  7 01:39:06 UTC 2020
#
compile-train-graphs --read-disambig-syms=data/lang/phones/disambig.int exp/tri3a/tree exp/tri3a/1.mdl data/lang/L.fst 'ark:utils/sym2int.pl --map-oov 133027 -f 2- data/lang/words.txt < data/train/split24/8/text |' 'ark:|gzip -c >exp/tri3a/fsts.8.gz' 
sym2int.pl: replacing MAINMAST with 133027
sym2int.pl: replacing MAINMAST with 133027
sym2int.pl: replacing TOLERABLY with 133027
sym2int.pl: replacing HUMOUR with 133027
sym2int.pl: replacing THITHER with 133027
sym2int.pl: replacing REDRIFF with 133027
sym2int.pl: replacing TOLERABLY with 133027
sym2int.pl: replacing HONOURABLE with 133027
sym2int.pl: replacing DISTEMPERED with 133027
sym2int.pl: replacing HONOUR with 133027
sym2int.pl: replacing DEXTEROUSLY with 133027
sym2int.pl: replacing STRAITENED with 133027
sym2int.pl: replacing SOEVER with 133027
sym2int.pl: replacing DISTASTED with 133027
sym2int.pl: replacing LANDLADY'S with 133027
sym2int.pl: replacing HUMOUR with 133027
sym2int.pl: replacing HUMOUR with 133027
sym2int.pl: replacing SHEPTON with 133027
sym2int.pl: replacing BED'S with 133027
sym2int.pl: replacing IMMODEST with 133027
sym2int.pl: not warning for OOVs any more times
** Replaced 50 instances of OOVs with 133027
LOG (compile-train-graphs[5.5.0~1-40c7]:main():compile-train-graphs.cc:147) compile-train-graphs: succeeded for 188 graphs, failed for 0
# Accounting: time=3 threads=1
# Ended (code 0) at Mon Dec  7 01:39:09 UTC 2020, elapsed time 3 seconds
