# compile-train-graphs --read-disambig-syms=data/lang/phones/disambig.int exp/tri3a/tree exp/tri3a/1.mdl data/lang/L.fst "ark:utils/sym2int.pl --map-oov 133027 -f 2- data/lang/words.txt < data/train/split24/7/text |" "ark:|gzip -c >exp/tri3a/fsts.7.gz" 
# Started at Mon Dec  7 01:39:06 UTC 2020
#
compile-train-graphs --read-disambig-syms=data/lang/phones/disambig.int exp/tri3a/tree exp/tri3a/1.mdl data/lang/L.fst 'ark:utils/sym2int.pl --map-oov 133027 -f 2- data/lang/words.txt < data/train/split24/7/text |' 'ark:|gzip -c >exp/tri3a/fsts.7.gz' 
sym2int.pl: replacing FROGGY with 133027
sym2int.pl: replacing FROGEITY with 133027
sym2int.pl: replacing MALADJUSTMENT with 133027
sym2int.pl: replacing PONTUS with 133027
sym2int.pl: replacing ARAGO with 133027
sym2int.pl: replacing INDISTINGUISHABLES with 133027
sym2int.pl: replacing APENNINES with 133027
sym2int.pl: replacing EJECTAMENTA with 133027
sym2int.pl: replacing APENNINES with 133027
sym2int.pl: replacing EXCLUSIONIST with 133027
sym2int.pl: replacing WHIRLWINDS with 133027
sym2int.pl: replacing WHIRLWINDS with 133027
sym2int.pl: replacing ACCELERATIVE with 133027
sym2int.pl: replacing ANCESTRALLY with 133027
sym2int.pl: replacing EXCLUSIONISTS with 133027
sym2int.pl: replacing ABEDARE with 133027
sym2int.pl: replacing EXCLUSIONISM with 133027
sym2int.pl: replacing STICKLEBACKS with 133027
sym2int.pl: replacing PAILFULS with 133027
sym2int.pl: replacing AXIALLY with 133027
sym2int.pl: not warning for OOVs any more times
** Replaced 70 instances of OOVs with 133027
LOG (compile-train-graphs[5.5.0~1-40c7]:main():compile-train-graphs.cc:147) compile-train-graphs: succeeded for 127 graphs, failed for 0
# Accounting: time=2 threads=1
# Ended (code 0) at Mon Dec  7 01:39:08 UTC 2020, elapsed time 2 seconds
