# ali-to-post "ark:gunzip -c exp/tri3a/ali.17.gz|" ark:- | weight-silence-post 0.0 1:2:3:4:5:6:7:8:9:10 exp/tri3a/2.mdl ark:- ark:- | gmm-acc-mllt --rand-prune=4.0 exp/tri3a/2.mdl "ark,s,cs:apply-cmvn  --utt2spk=ark:data/train/split24/17/utt2spk scp:data/train/split24/17/cmvn.scp scp:data/train/split24/17/feats.scp ark:- | splice-feats  ark:- ark:- | transform-feats exp/tri3a/0.mat ark:- ark:- |" ark:- exp/tri3a/2.17.macc 
# Started at Mon Dec  7 01:39:33 UTC 2020
#
ali-to-post 'ark:gunzip -c exp/tri3a/ali.17.gz|' ark:- 
gmm-acc-mllt --rand-prune=4.0 exp/tri3a/2.mdl 'ark,s,cs:apply-cmvn  --utt2spk=ark:data/train/split24/17/utt2spk scp:data/train/split24/17/cmvn.scp scp:data/train/split24/17/feats.scp ark:- | splice-feats  ark:- ark:- | transform-feats exp/tri3a/0.mat ark:- ark:- |' ark:- exp/tri3a/2.17.macc 
weight-silence-post 0.0 1:2:3:4:5:6:7:8:9:10 exp/tri3a/2.mdl ark:- ark:- 
apply-cmvn --utt2spk=ark:data/train/split24/17/utt2spk scp:data/train/split24/17/cmvn.scp scp:data/train/split24/17/feats.scp ark:- 
transform-feats exp/tri3a/0.mat ark:- ark:- 
splice-feats ark:- ark:- 
LOG (gmm-acc-mllt[5.5.0~1-40c7]:main():gmm-acc-mllt.cc:108) Average like for this file is -58.4672 over 895 frames.
LOG (gmm-acc-mllt[5.5.0~1-40c7]:main():gmm-acc-mllt.cc:108) Average like for this file is -55.4387 over 1017 frames.
LOG (gmm-acc-mllt[5.5.0~1-40c7]:main():gmm-acc-mllt.cc:108) Average like for this file is -54.603 over 949 frames.
LOG (gmm-acc-mllt[5.5.0~1-40c7]:main():gmm-acc-mllt.cc:108) Average like for this file is -56.181 over 676 frames.
LOG (gmm-acc-mllt[5.5.0~1-40c7]:main():gmm-acc-mllt.cc:108) Average like for this file is -60.5592 over 133 frames.
LOG (gmm-acc-mllt[5.5.0~1-40c7]:main():gmm-acc-mllt.cc:108) Average like for this file is -55.7181 over 552 frames.
LOG (gmm-acc-mllt[5.5.0~1-40c7]:main():gmm-acc-mllt.cc:108) Average like for this file is -58.5781 over 904 frames.
LOG (gmm-acc-mllt[5.5.0~1-40c7]:main():gmm-acc-mllt.cc:108) Average like for this file is -54.0125 over 1058 frames.
LOG (gmm-acc-mllt[5.5.0~1-40c7]:main():gmm-acc-mllt.cc:108) Average like for this file is -56.1666 over 913 frames.
LOG (gmm-acc-mllt[5.5.0~1-40c7]:main():gmm-acc-mllt.cc:108) Average like for this file is -56.0657 over 586 frames.
LOG (gmm-acc-mllt[5.5.0~1-40c7]:main():gmm-acc-mllt.cc:114) Avg like per frame so far is -56.1696
LOG (gmm-acc-mllt[5.5.0~1-40c7]:main():gmm-acc-mllt.cc:108) Average like for this file is -57.8202 over 528 frames.
LOG (gmm-acc-mllt[5.5.0~1-40c7]:main():gmm-acc-mllt.cc:108) Average like for this file is -56.3722 over 798 frames.
LOG (gmm-acc-mllt[5.5.0~1-40c7]:main():gmm-acc-mllt.cc:108) Average like for this file is -57.2527 over 778 frames.
LOG (gmm-acc-mllt[5.5.0~1-40c7]:main():gmm-acc-mllt.cc:108) Average like for this file is -57.2852 over 1099 frames.
LOG (gmm-acc-mllt[5.5.0~1-40c7]:main():gmm-acc-mllt.cc:108) Average like for this file is -55.4513 over 1057 frames.
LOG (gmm-acc-mllt[5.5.0~1-40c7]:main():gmm-acc-mllt.cc:108) Average like for this file is -56.181 over 1119 frames.
LOG (gmm-acc-mllt[5.5.0~1-40c7]:main():gmm-acc-mllt.cc:108) Average like for this file is -59.0427 over 330 frames.
LOG (gmm-acc-mllt[5.5.0~1-40c7]:main():gmm-acc-mllt.cc:108) Average like for this file is -55.6044 over 1024 frames.
LOG (gmm-acc-mllt[5.5.0~1-40c7]:main():gmm-acc-mllt.cc:108) Average like for this file is -58.7629 over 793 frames.
LOG (gmm-acc-mllt[5.5.0~1-40c7]:main():gmm-acc-mllt.cc:108) Average like for this file is -56.9033 over 689 frames.
LOG (gmm-acc-mllt[5.5.0~1-40c7]:main():gmm-acc-mllt.cc:114) Avg like per frame so far is -56.5021
LOG (gmm-acc-mllt[5.5.0~1-40c7]:main():gmm-acc-mllt.cc:108) Average like for this file is -57.7098 over 866 frames.
LOG (gmm-acc-mllt[5.5.0~1-40c7]:main():gmm-acc-mllt.cc:108) Average like for this file is -57.351 over 805 frames.
LOG (gmm-acc-mllt[5.5.0~1-40c7]:main():gmm-acc-mllt.cc:108) Average like for this file is -55.4587 over 980 frames.
LOG (gmm-acc-mllt[5.5.0~1-40c7]:main():gmm-acc-mllt.cc:108) Average like for this file is -55.884 over 998 frames.
LOG (gmm-acc-mllt[5.5.0~1-40c7]:main():gmm-acc-mllt.cc:108) Average like for this file is -56.2764 over 642 frames.
LOG (gmm-acc-mllt[5.5.0~1-40c7]:main():gmm-acc-mllt.cc:108) Average like for this file is -57.1083 over 720 frames.
LOG (gmm-acc-mllt[5.5.0~1-40c7]:main():gmm-acc-mllt.cc:108) Average like for this file is -55.6089 over 1158 frames.
LOG (gmm-acc-mllt[5.5.0~1-40c7]:main():gmm-acc-mllt.cc:108) Average like for this file is -55.9449 over 694 frames.
LOG (gmm-acc-mllt[5.5.0~1-40c7]:main():gmm-acc-mllt.cc:108) Average like for this file is -55.3146 over 973 frames.
LOG (gmm-acc-mllt[5.5.0~1-40c7]:main():gmm-acc-mllt.cc:108) Average like for this file is -58.0246 over 499 frames.
LOG (gmm-acc-mllt[5.5.0~1-40c7]:main():gmm-acc-mllt.cc:114) Avg like per frame so far is -56.4429
LOG (gmm-acc-mllt[5.5.0~1-40c7]:main():gmm-acc-mllt.cc:108) Average like for this file is -56.2995 over 919 frames.
LOG (gmm-acc-mllt[5.5.0~1-40c7]:main():gmm-acc-mllt.cc:108) Average like for this file is -55.2912 over 966 frames.
LOG (gmm-acc-mllt[5.5.0~1-40c7]:main():gmm-acc-mllt.cc:108) Average like for this file is -55.5287 over 1136 frames.
LOG (gmm-acc-mllt[5.5.0~1-40c7]:main():gmm-acc-mllt.cc:108) Average like for this file is -54.9381 over 755 frames.
LOG (gmm-acc-mllt[5.5.0~1-40c7]:main():gmm-acc-mllt.cc:108) Average like for this file is -55.7046 over 576 frames.
LOG (gmm-acc-mllt[5.5.0~1-40c7]:main():gmm-acc-mllt.cc:108) Average like for this file is -53.9419 over 708 frames.
LOG (gmm-acc-mllt[5.5.0~1-40c7]:main():gmm-acc-mllt.cc:108) Average like for this file is -54.7672 over 1164 frames.
LOG (gmm-acc-mllt[5.5.0~1-40c7]:main():gmm-acc-mllt.cc:108) Average like for this file is -53.3584 over 1146 frames.
LOG (gmm-acc-mllt[5.5.0~1-40c7]:main():gmm-acc-mllt.cc:108) Average like for this file is -53.1775 over 610 frames.
LOG (gmm-acc-mllt[5.5.0~1-40c7]:main():gmm-acc-mllt.cc:108) Average like for this file is -51.9269 over 1012 frames.
LOG (gmm-acc-mllt[5.5.0~1-40c7]:main():gmm-acc-mllt.cc:114) Avg like per frame so far is -55.9113
LOG (gmm-acc-mllt[5.5.0~1-40c7]:main():gmm-acc-mllt.cc:108) Average like for this file is -53.3686 over 945 frames.
LOG (gmm-acc-mllt[5.5.0~1-40c7]:main():gmm-acc-mllt.cc:108) Average like for this file is -53.6424 over 1160 frames.
LOG (gmm-acc-mllt[5.5.0~1-40c7]:main():gmm-acc-mllt.cc:108) Average like for this file is -52.8255 over 956 frames.
LOG (gmm-acc-mllt[5.5.0~1-40c7]:main():gmm-acc-mllt.cc:108) Average like for this file is -53.6124 over 1216 frames.
LOG (gmm-acc-mllt[5.5.0~1-40c7]:main():gmm-acc-mllt.cc:108) Average like for this file is -56.2316 over 967 frames.
LOG (gmm-acc-mllt[5.5.0~1-40c7]:main():gmm-acc-mllt.cc:108) Average like for this file is -53.0958 over 907 frames.
LOG (gmm-acc-mllt[5.5.0~1-40c7]:main():gmm-acc-mllt.cc:108) Average like for this file is -55.0906 over 674 frames.
LOG (gmm-acc-mllt[5.5.0~1-40c7]:main():gmm-acc-mllt.cc:108) Average like for this file is -53.7073 over 888 frames.
LOG (gmm-acc-mllt[5.5.0~1-40c7]:main():gmm-acc-mllt.cc:108) Average like for this file is -54.6114 over 1019 frames.
LOG (gmm-acc-mllt[5.5.0~1-40c7]:main():gmm-acc-mllt.cc:108) Average like for this file is -52.5796 over 883 frames.
LOG (gmm-acc-mllt[5.5.0~1-40c7]:main():gmm-acc-mllt.cc:114) Avg like per frame so far is -55.4491
LOG (gmm-acc-mllt[5.5.0~1-40c7]:main():gmm-acc-mllt.cc:108) Average like for this file is -54.6959 over 1058 frames.
LOG (gmm-acc-mllt[5.5.0~1-40c7]:main():gmm-acc-mllt.cc:108) Average like for this file is -55.904 over 1095 frames.
LOG (gmm-acc-mllt[5.5.0~1-40c7]:main():gmm-acc-mllt.cc:108) Average like for this file is -52.8296 over 1131 frames.
LOG (gmm-acc-mllt[5.5.0~1-40c7]:main():gmm-acc-mllt.cc:108) Average like for this file is -53.8823 over 688 frames.
LOG (gmm-acc-mllt[5.5.0~1-40c7]:main():gmm-acc-mllt.cc:108) Average like for this file is -54.7505 over 777 frames.
LOG (gmm-acc-mllt[5.5.0~1-40c7]:main():gmm-acc-mllt.cc:108) Average like for this file is -55.5492 over 833 frames.
LOG (gmm-acc-mllt[5.5.0~1-40c7]:main():gmm-acc-mllt.cc:108) Average like for this file is -51.981 over 388 frames.
LOG (gmm-acc-mllt[5.5.0~1-40c7]:main():gmm-acc-mllt.cc:108) Average like for this file is -53.0125 over 493 frames.
LOG (gmm-acc-mllt[5.5.0~1-40c7]:main():gmm-acc-mllt.cc:108) Average like for this file is -53.2271 over 912 frames.
LOG (gmm-acc-mllt[5.5.0~1-40c7]:main():gmm-acc-mllt.cc:108) Average like for this file is -53.3483 over 1048 frames.
LOG (gmm-acc-mllt[5.5.0~1-40c7]:main():gmm-acc-mllt.cc:114) Avg like per frame so far is -55.2233
LOG (gmm-acc-mllt[5.5.0~1-40c7]:main():gmm-acc-mllt.cc:108) Average like for this file is -53.2419 over 1158 frames.
LOG (gmm-acc-mllt[5.5.0~1-40c7]:main():gmm-acc-mllt.cc:108) Average like for this file is -52.6711 over 831 frames.
LOG (gmm-acc-mllt[5.5.0~1-40c7]:main():gmm-acc-mllt.cc:108) Average like for this file is -53.8106 over 672 frames.
LOG (gmm-acc-mllt[5.5.0~1-40c7]:main():gmm-acc-mllt.cc:108) Average like for this file is -55.6403 over 469 frames.
LOG (gmm-acc-mllt[5.5.0~1-40c7]:main():gmm-acc-mllt.cc:108) Average like for this file is -52.5311 over 993 frames.
LOG (gmm-acc-mllt[5.5.0~1-40c7]:main():gmm-acc-mllt.cc:108) Average like for this file is -52.6472 over 1203 frames.
LOG (gmm-acc-mllt[5.5.0~1-40c7]:main():gmm-acc-mllt.cc:108) Average like for this file is -53.6002 over 985 frames.
LOG (gmm-acc-mllt[5.5.0~1-40c7]:main():gmm-acc-mllt.cc:108) Average like for this file is -53.5094 over 1088 frames.
LOG (gmm-acc-mllt[5.5.0~1-40c7]:main():gmm-acc-mllt.cc:108) Average like for this file is -50.9006 over 924 frames.
LOG (gmm-acc-mllt[5.5.0~1-40c7]:main():gmm-acc-mllt.cc:108) Average like for this file is -52.8814 over 981 frames.
LOG (gmm-acc-mllt[5.5.0~1-40c7]:main():gmm-acc-mllt.cc:114) Avg like per frame so far is -54.8816
LOG (gmm-acc-mllt[5.5.0~1-40c7]:main():gmm-acc-mllt.cc:108) Average like for this file is -54.2519 over 1186 frames.
LOG (gmm-acc-mllt[5.5.0~1-40c7]:main():gmm-acc-mllt.cc:108) Average like for this file is -51.8384 over 1005 frames.
LOG (gmm-acc-mllt[5.5.0~1-40c7]:main():gmm-acc-mllt.cc:108) Average like for this file is -53.5812 over 968 frames.
LOG (gmm-acc-mllt[5.5.0~1-40c7]:main():gmm-acc-mllt.cc:108) Average like for this file is -54.572 over 1079 frames.
LOG (gmm-acc-mllt[5.5.0~1-40c7]:main():gmm-acc-mllt.cc:108) Average like for this file is -53.0302 over 859 frames.
LOG (gmm-acc-mllt[5.5.0~1-40c7]:main():gmm-acc-mllt.cc:108) Average like for this file is -50.9529 over 872 frames.
LOG (gmm-acc-mllt[5.5.0~1-40c7]:main():gmm-acc-mllt.cc:108) Average like for this file is -51.0123 over 929 frames.
LOG (gmm-acc-mllt[5.5.0~1-40c7]:main():gmm-acc-mllt.cc:108) Average like for this file is -54.8798 over 195 frames.
LOG (gmm-acc-mllt[5.5.0~1-40c7]:main():gmm-acc-mllt.cc:108) Average like for this file is -51.4977 over 1130 frames.
LOG (gmm-acc-mllt[5.5.0~1-40c7]:main():gmm-acc-mllt.cc:108) Average like for this file is -53.139 over 1054 frames.
LOG (gmm-acc-mllt[5.5.0~1-40c7]:main():gmm-acc-mllt.cc:114) Avg like per frame so far is -54.6
LOG (gmm-acc-mllt[5.5.0~1-40c7]:main():gmm-acc-mllt.cc:108) Average like for this file is -54.4368 over 742 frames.
LOG (gmm-acc-mllt[5.5.0~1-40c7]:main():gmm-acc-mllt.cc:108) Average like for this file is -53.44 over 1129 frames.
LOG (gmm-acc-mllt[5.5.0~1-40c7]:main():gmm-acc-mllt.cc:108) Average like for this file is -52.3593 over 918 frames.
LOG (gmm-acc-mllt[5.5.0~1-40c7]:main():gmm-acc-mllt.cc:108) Average like for this file is -54.3398 over 926 frames.
LOG (gmm-acc-mllt[5.5.0~1-40c7]:main():gmm-acc-mllt.cc:108) Average like for this file is -54.7478 over 1062 frames.
LOG (gmm-acc-mllt[5.5.0~1-40c7]:main():gmm-acc-mllt.cc:108) Average like for this file is -53.7267 over 1032 frames.
LOG (gmm-acc-mllt[5.5.0~1-40c7]:main():gmm-acc-mllt.cc:108) Average like for this file is -53.0702 over 932 frames.
LOG (gmm-acc-mllt[5.5.0~1-40c7]:main():gmm-acc-mllt.cc:108) Average like for this file is -54.0313 over 1024 frames.
LOG (gmm-acc-mllt[5.5.0~1-40c7]:main():gmm-acc-mllt.cc:108) Average like for this file is -54.3225 over 1010 frames.
LOG (gmm-acc-mllt[5.5.0~1-40c7]:main():gmm-acc-mllt.cc:108) Average like for this file is -52.6409 over 536 frames.
LOG (gmm-acc-mllt[5.5.0~1-40c7]:main():gmm-acc-mllt.cc:114) Avg like per frame so far is -54.5013
LOG (gmm-acc-mllt[5.5.0~1-40c7]:main():gmm-acc-mllt.cc:108) Average like for this file is -51.9186 over 251 frames.
LOG (gmm-acc-mllt[5.5.0~1-40c7]:main():gmm-acc-mllt.cc:108) Average like for this file is -54.4399 over 1077 frames.
LOG (gmm-acc-mllt[5.5.0~1-40c7]:main():gmm-acc-mllt.cc:108) Average like for this file is -55.0169 over 791 frames.
LOG (gmm-acc-mllt[5.5.0~1-40c7]:main():gmm-acc-mllt.cc:108) Average like for this file is -52.2621 over 1068 frames.
LOG (gmm-acc-mllt[5.5.0~1-40c7]:main():gmm-acc-mllt.cc:108) Average like for this file is -54.4651 over 467 frames.
LOG (gmm-acc-mllt[5.5.0~1-40c7]:main():gmm-acc-mllt.cc:108) Average like for this file is -53.1526 over 802 frames.
LOG (gmm-acc-mllt[5.5.0~1-40c7]:main():gmm-acc-mllt.cc:108) Average like for this file is -53.6352 over 946 frames.
LOG (gmm-acc-mllt[5.5.0~1-40c7]:main():gmm-acc-mllt.cc:108) Average like for this file is -53.3229 over 954 frames.
LOG (gmm-acc-mllt[5.5.0~1-40c7]:main():gmm-acc-mllt.cc:108) Average like for this file is -54.4871 over 959 frames.
LOG (gmm-acc-mllt[5.5.0~1-40c7]:main():gmm-acc-mllt.cc:108) Average like for this file is -54.2866 over 497 frames.
LOG (gmm-acc-mllt[5.5.0~1-40c7]:main():gmm-acc-mllt.cc:114) Avg like per frame so far is -54.4339
LOG (gmm-acc-mllt[5.5.0~1-40c7]:main():gmm-acc-mllt.cc:108) Average like for this file is -54.2737 over 904 frames.
LOG (gmm-acc-mllt[5.5.0~1-40c7]:main():gmm-acc-mllt.cc:108) Average like for this file is -52.6102 over 1163 frames.
LOG (gmm-acc-mllt[5.5.0~1-40c7]:main():gmm-acc-mllt.cc:108) Average like for this file is -53.243 over 1081 frames.
LOG (gmm-acc-mllt[5.5.0~1-40c7]:main():gmm-acc-mllt.cc:108) Average like for this file is -53.8283 over 926 frames.
LOG (gmm-acc-mllt[5.5.0~1-40c7]:main():gmm-acc-mllt.cc:108) Average like for this file is -52.9197 over 1042 frames.
LOG (gmm-acc-mllt[5.5.0~1-40c7]:main():gmm-acc-mllt.cc:108) Average like for this file is -52.6522 over 1006 frames.
LOG (gmm-acc-mllt[5.5.0~1-40c7]:main():gmm-acc-mllt.cc:108) Average like for this file is -53.5633 over 1058 frames.
LOG (gmm-acc-mllt[5.5.0~1-40c7]:main():gmm-acc-mllt.cc:108) Average like for this file is -52.9154 over 998 frames.
LOG (gmm-acc-mllt[5.5.0~1-40c7]:main():gmm-acc-mllt.cc:108) Average like for this file is -52.5492 over 1272 frames.
LOG (gmm-acc-mllt[5.5.0~1-40c7]:main():gmm-acc-mllt.cc:108) Average like for this file is -51.4972 over 855 frames.
LOG (gmm-acc-mllt[5.5.0~1-40c7]:main():gmm-acc-mllt.cc:114) Avg like per frame so far is -54.2815
LOG (gmm-acc-mllt[5.5.0~1-40c7]:main():gmm-acc-mllt.cc:108) Average like for this file is -52.6023 over 1216 frames.
LOG (gmm-acc-mllt[5.5.0~1-40c7]:main():gmm-acc-mllt.cc:108) Average like for this file is -52.9592 over 844 frames.
LOG (gmm-acc-mllt[5.5.0~1-40c7]:main():gmm-acc-mllt.cc:108) Average like for this file is -51.6903 over 1050 frames.
LOG (gmm-acc-mllt[5.5.0~1-40c7]:main():gmm-acc-mllt.cc:108) Average like for this file is -53.6342 over 1056 frames.
LOG (gmm-acc-mllt[5.5.0~1-40c7]:main():gmm-acc-mllt.cc:108) Average like for this file is -52.7123 over 1189 frames.
LOG (gmm-acc-mllt[5.5.0~1-40c7]:main():gmm-acc-mllt.cc:108) Average like for this file is -58.2015 over 1110 frames.
LOG (gmm-acc-mllt[5.5.0~1-40c7]:main():gmm-acc-mllt.cc:108) Average like for this file is -57.3912 over 1310 frames.
LOG (gmm-acc-mllt[5.5.0~1-40c7]:main():gmm-acc-mllt.cc:108) Average like for this file is -56.8249 over 913 frames.
LOG (gmm-acc-mllt[5.5.0~1-40c7]:main():gmm-acc-mllt.cc:108) Average like for this file is -59.495 over 1189 frames.
LOG (gmm-acc-mllt[5.5.0~1-40c7]:main():gmm-acc-mllt.cc:108) Average like for this file is -58.7822 over 1146 frames.
LOG (gmm-acc-mllt[5.5.0~1-40c7]:main():gmm-acc-mllt.cc:114) Avg like per frame so far is -54.4078
LOG (gmm-acc-mllt[5.5.0~1-40c7]:main():gmm-acc-mllt.cc:108) Average like for this file is -59.3628 over 1301 frames.
LOG (gmm-acc-mllt[5.5.0~1-40c7]:main():gmm-acc-mllt.cc:108) Average like for this file is -58.0377 over 1212 frames.
LOG (gmm-acc-mllt[5.5.0~1-40c7]:main():gmm-acc-mllt.cc:108) Average like for this file is -58.357 over 1299 frames.
LOG (gmm-acc-mllt[5.5.0~1-40c7]:main():gmm-acc-mllt.cc:108) Average like for this file is -55.4729 over 1241 frames.
LOG (gmm-acc-mllt[5.5.0~1-40c7]:main():gmm-acc-mllt.cc:108) Average like for this file is -57.1965 over 1232 frames.
LOG (gmm-acc-mllt[5.5.0~1-40c7]:main():gmm-acc-mllt.cc:108) Average like for this file is -58.572 over 1073 frames.
LOG (gmm-acc-mllt[5.5.0~1-40c7]:main():gmm-acc-mllt.cc:108) Average like for this file is -56.6489 over 1184 frames.
LOG (gmm-acc-mllt[5.5.0~1-40c7]:main():gmm-acc-mllt.cc:108) Average like for this file is -57.7787 over 1204 frames.
LOG (gmm-acc-mllt[5.5.0~1-40c7]:main():gmm-acc-mllt.cc:108) Average like for this file is -58.8322 over 1416 frames.
LOG (gmm-acc-mllt[5.5.0~1-40c7]:main():gmm-acc-mllt.cc:108) Average like for this file is -57.3035 over 1277 frames.
LOG (gmm-acc-mllt[5.5.0~1-40c7]:main():gmm-acc-mllt.cc:114) Avg like per frame so far is -54.7546
LOG (gmm-acc-mllt[5.5.0~1-40c7]:main():gmm-acc-mllt.cc:108) Average like for this file is -58.0095 over 1285 frames.
LOG (gmm-acc-mllt[5.5.0~1-40c7]:main():gmm-acc-mllt.cc:108) Average like for this file is -58.1723 over 1289 frames.
LOG (gmm-acc-mllt[5.5.0~1-40c7]:main():gmm-acc-mllt.cc:108) Average like for this file is -58.281 over 1293 frames.
LOG (gmm-acc-mllt[5.5.0~1-40c7]:main():gmm-acc-mllt.cc:108) Average like for this file is -55.5051 over 1248 frames.
LOG (gmm-acc-mllt[5.5.0~1-40c7]:main():gmm-acc-mllt.cc:108) Average like for this file is -56.9466 over 1173 frames.
LOG (gmm-acc-mllt[5.5.0~1-40c7]:main():gmm-acc-mllt.cc:108) Average like for this file is -58.3965 over 1354 frames.
LOG (gmm-acc-mllt[5.5.0~1-40c7]:main():gmm-acc-mllt.cc:108) Average like for this file is -57.1085 over 1356 frames.
LOG (gmm-acc-mllt[5.5.0~1-40c7]:main():gmm-acc-mllt.cc:108) Average like for this file is -57.7879 over 1057 frames.
LOG (gmm-acc-mllt[5.5.0~1-40c7]:main():gmm-acc-mllt.cc:108) Average like for this file is -56.7914 over 1217 frames.
LOG (gmm-acc-mllt[5.5.0~1-40c7]:main():gmm-acc-mllt.cc:108) Average like for this file is -56.9933 over 636 frames.
LOG (gmm-acc-mllt[5.5.0~1-40c7]:main():gmm-acc-mllt.cc:114) Avg like per frame so far is -54.995
LOG (gmm-acc-mllt[5.5.0~1-40c7]:main():gmm-acc-mllt.cc:108) Average like for this file is -58.1801 over 1115 frames.
LOG (gmm-acc-mllt[5.5.0~1-40c7]:main():gmm-acc-mllt.cc:108) Average like for this file is -57.6917 over 362 frames.
LOG (gmm-acc-mllt[5.5.0~1-40c7]:main():gmm-acc-mllt.cc:108) Average like for this file is -57.8442 over 1128 frames.
LOG (gmm-acc-mllt[5.5.0~1-40c7]:main():gmm-acc-mllt.cc:108) Average like for this file is -57.7829 over 1376 frames.
LOG (gmm-acc-mllt[5.5.0~1-40c7]:main():gmm-acc-mllt.cc:108) Average like for this file is -57.8144 over 1154 frames.
LOG (gmm-acc-mllt[5.5.0~1-40c7]:main():gmm-acc-mllt.cc:108) Average like for this file is -58.0848 over 1082 frames.
LOG (gmm-acc-mllt[5.5.0~1-40c7]:main():gmm-acc-mllt.cc:108) Average like for this file is -58.2221 over 1288 frames.
LOG (gmm-acc-mllt[5.5.0~1-40c7]:main():gmm-acc-mllt.cc:108) Average like for this file is -56.828 over 296 frames.
LOG (gmm-acc-mllt[5.5.0~1-40c7]:main():gmm-acc-mllt.cc:108) Average like for this file is -57.3333 over 1323 frames.
LOG (gmm-acc-mllt[5.5.0~1-40c7]:main():gmm-acc-mllt.cc:108) Average like for this file is -60.1404 over 1215 frames.
LOG (gmm-acc-mllt[5.5.0~1-40c7]:main():gmm-acc-mllt.cc:114) Avg like per frame so far is -55.2203
LOG (gmm-acc-mllt[5.5.0~1-40c7]:main():gmm-acc-mllt.cc:108) Average like for this file is -58.3086 over 1334 frames.
LOG (gmm-acc-mllt[5.5.0~1-40c7]:main():gmm-acc-mllt.cc:108) Average like for this file is -57.1811 over 1192 frames.
LOG (gmm-acc-mllt[5.5.0~1-40c7]:main():gmm-acc-mllt.cc:108) Average like for this file is -56.1405 over 1111 frames.
LOG (gmm-acc-mllt[5.5.0~1-40c7]:main():gmm-acc-mllt.cc:108) Average like for this file is -56.8997 over 1201 frames.
LOG (gmm-acc-mllt[5.5.0~1-40c7]:main():gmm-acc-mllt.cc:108) Average like for this file is -56.6339 over 1110 frames.
LOG (gmm-acc-mllt[5.5.0~1-40c7]:main():gmm-acc-mllt.cc:108) Average like for this file is -57.9688 over 1346 frames.
LOG (gmm-acc-mllt[5.5.0~1-40c7]:main():gmm-acc-mllt.cc:108) Average like for this file is -58.1747 over 1406 frames.
LOG (gmm-acc-mllt[5.5.0~1-40c7]:main():gmm-acc-mllt.cc:108) Average like for this file is -57.9849 over 735 frames.
LOG (gmm-acc-mllt[5.5.0~1-40c7]:main():gmm-acc-mllt.cc:108) Average like for this file is -57.7653 over 1117 frames.
LOG (gmm-acc-mllt[5.5.0~1-40c7]:main():gmm-acc-mllt.cc:108) Average like for this file is -56.3041 over 280 frames.
LOG (gmm-acc-mllt[5.5.0~1-40c7]:main():gmm-acc-mllt.cc:114) Avg like per frame so far is -55.377
LOG (gmm-acc-mllt[5.5.0~1-40c7]:main():gmm-acc-mllt.cc:108) Average like for this file is -55.9302 over 1065 frames.
LOG (gmm-acc-mllt[5.5.0~1-40c7]:main():gmm-acc-mllt.cc:108) Average like for this file is -54.7397 over 1273 frames.
LOG (gmm-acc-mllt[5.5.0~1-40c7]:main():gmm-acc-mllt.cc:108) Average like for this file is -54.1632 over 1211 frames.
LOG (gmm-acc-mllt[5.5.0~1-40c7]:main():gmm-acc-mllt.cc:108) Average like for this file is -54.5667 over 1253 frames.
LOG (gmm-acc-mllt[5.5.0~1-40c7]:main():gmm-acc-mllt.cc:108) Average like for this file is -57.4899 over 1012 frames.
LOG (gmm-acc-mllt[5.5.0~1-40c7]:main():gmm-acc-mllt.cc:108) Average like for this file is -56.8291 over 1165 frames.
LOG (gmm-acc-mllt[5.5.0~1-40c7]:main():gmm-acc-mllt.cc:108) Average like for this file is -56.5902 over 967 frames.
LOG (gmm-acc-mllt[5.5.0~1-40c7]:main():gmm-acc-mllt.cc:108) Average like for this file is -56.3084 over 1108 frames.
LOG (gmm-acc-mllt[5.5.0~1-40c7]:main():gmm-acc-mllt.cc:108) Average like for this file is -54.9096 over 1100 frames.
LOG (gmm-acc-mllt[5.5.0~1-40c7]:main():gmm-acc-mllt.cc:108) Average like for this file is -55.1479 over 1278 frames.
LOG (gmm-acc-mllt[5.5.0~1-40c7]:main():gmm-acc-mllt.cc:114) Avg like per frame so far is -55.3923
LOG (gmm-acc-mllt[5.5.0~1-40c7]:main():gmm-acc-mllt.cc:108) Average like for this file is -57.1916 over 1034 frames.
LOG (gmm-acc-mllt[5.5.0~1-40c7]:main():gmm-acc-mllt.cc:108) Average like for this file is -55.1736 over 1337 frames.
LOG (gmm-acc-mllt[5.5.0~1-40c7]:main():gmm-acc-mllt.cc:108) Average like for this file is -55.8093 over 1281 frames.
LOG (gmm-acc-mllt[5.5.0~1-40c7]:main():gmm-acc-mllt.cc:108) Average like for this file is -56.5562 over 1157 frames.
LOG (gmm-acc-mllt[5.5.0~1-40c7]:main():gmm-acc-mllt.cc:108) Average like for this file is -55.6486 over 1217 frames.
LOG (gmm-acc-mllt[5.5.0~1-40c7]:main():gmm-acc-mllt.cc:108) Average like for this file is -56.6464 over 1041 frames.
LOG (gmm-acc-mllt[5.5.0~1-40c7]:main():gmm-acc-mllt.cc:108) Average like for this file is -55.8502 over 1394 frames.
LOG (gmm-acc-mllt[5.5.0~1-40c7]:main():gmm-acc-mllt.cc:108) Average like for this file is -56.9299 over 600 frames.
LOG (gmm-acc-mllt[5.5.0~1-40c7]:main():gmm-acc-mllt.cc:108) Average like for this file is -57.5565 over 1213 frames.
LOG (gmm-acc-mllt[5.5.0~1-40c7]:main():gmm-acc-mllt.cc:108) Average like for this file is -55.0473 over 1260 frames.
LOG (gmm-acc-mllt[5.5.0~1-40c7]:main():gmm-acc-mllt.cc:114) Avg like per frame so far is -55.4421
LOG (gmm-acc-mllt[5.5.0~1-40c7]:main():gmm-acc-mllt.cc:108) Average like for this file is -56.3048 over 1205 frames.
LOG (gmm-acc-mllt[5.5.0~1-40c7]:main():gmm-acc-mllt.cc:108) Average like for this file is -56.1264 over 1046 frames.
LOG (gmm-acc-mllt[5.5.0~1-40c7]:main():gmm-acc-mllt.cc:108) Average like for this file is -55.8641 over 575 frames.
LOG (gmm-acc-mllt[5.5.0~1-40c7]:main():gmm-acc-mllt.cc:108) Average like for this file is -54.5618 over 1079 frames.
LOG (gmm-acc-mllt[5.5.0~1-40c7]:main():gmm-acc-mllt.cc:108) Average like for this file is -55.6082 over 1105 frames.
LOG (gmm-acc-mllt[5.5.0~1-40c7]:main():gmm-acc-mllt.cc:108) Average like for this file is -56.1661 over 1242 frames.
LOG (gmm-acc-mllt[5.5.0~1-40c7]:main():gmm-acc-mllt.cc:108) Average like for this file is -54.4479 over 1208 frames.
LOG (gmm-acc-mllt[5.5.0~1-40c7]:main():gmm-acc-mllt.cc:108) Average like for this file is -55.8488 over 1365 frames.
LOG (gmm-acc-mllt[5.5.0~1-40c7]:main():gmm-acc-mllt.cc:108) Average like for this file is -55.9285 over 1169 frames.
LOG (gmm-acc-mllt[5.5.0~1-40c7]:main():gmm-acc-mllt.cc:108) Average like for this file is -57.5658 over 1298 frames.
LOG (gmm-acc-mllt[5.5.0~1-40c7]:main():gmm-acc-mllt.cc:114) Avg like per frame so far is -55.4677
LOG (gmm-acc-mllt[5.5.0~1-40c7]:main():gmm-acc-mllt.cc:108) Average like for this file is -55.1344 over 1209 frames.
LOG (gmm-acc-mllt[5.5.0~1-40c7]:main():gmm-acc-mllt.cc:108) Average like for this file is -55.4791 over 1152 frames.
LOG (gmm-acc-mllt[5.5.0~1-40c7]:main():gmm-acc-mllt.cc:108) Average like for this file is -56.9114 over 1249 frames.
LOG (gmm-acc-mllt[5.5.0~1-40c7]:main():gmm-acc-mllt.cc:108) Average like for this file is -56.3298 over 1229 frames.
LOG (gmm-acc-mllt[5.5.0~1-40c7]:main():gmm-acc-mllt.cc:108) Average like for this file is -54.3298 over 1189 frames.
LOG (gmm-acc-mllt[5.5.0~1-40c7]:main():gmm-acc-mllt.cc:108) Average like for this file is -54.6723 over 1168 frames.
LOG (gmm-acc-mllt[5.5.0~1-40c7]:main():gmm-acc-mllt.cc:108) Average like for this file is -53.4088 over 1073 frames.
LOG (gmm-acc-mllt[5.5.0~1-40c7]:main():gmm-acc-mllt.cc:108) Average like for this file is -56.7644 over 1363 frames.
LOG (gmm-acc-mllt[5.5.0~1-40c7]:main():gmm-acc-mllt.cc:108) Average like for this file is -55.6141 over 1257 frames.
LOG (gmm-acc-mllt[5.5.0~1-40c7]:main():gmm-acc-mllt.cc:108) Average like for this file is -56.1546 over 1161 frames.
LOG (gmm-acc-mllt[5.5.0~1-40c7]:main():gmm-acc-mllt.cc:114) Avg like per frame so far is -55.4714
LOG (gmm-acc-mllt[5.5.0~1-40c7]:main():gmm-acc-mllt.cc:108) Average like for this file is -57.2419 over 1088 frames.
LOG (ali-to-post[5.5.0~1-40c7]:main():ali-to-post.cc:73) Converted 207 alignments.
LOG (gmm-acc-mllt[5.5.0~1-40c7]:main():gmm-acc-mllt.cc:108) Average like for this file is -55.5942 over 1054 frames.
LOG (gmm-acc-mllt[5.5.0~1-40c7]:main():gmm-acc-mllt.cc:108) Average like for this file is -55.2353 over 1205 frames.
LOG (apply-cmvn[5.5.0~1-40c7]:main():apply-cmvn.cc:162) Applied cepstral mean normalization to 207 utterances, errors on 0
LOG (weight-silence-post[5.5.0~1-40c7]:main():weight-silence-post.cc:95) Done 207 posteriors.
LOG (gmm-acc-mllt[5.5.0~1-40c7]:main():gmm-acc-mllt.cc:108) Average like for this file is -54.7719 over 1132 frames.
LOG (gmm-acc-mllt[5.5.0~1-40c7]:main():gmm-acc-mllt.cc:108) Average like for this file is -55.7027 over 1110 frames.
LOG (gmm-acc-mllt[5.5.0~1-40c7]:main():gmm-acc-mllt.cc:108) Average like for this file is -55.6237 over 1058 frames.
LOG (transform-feats[5.5.0~1-40c7]:main():transform-feats.cc:158) Overall average [pseudo-]logdet is -101.923 over 395077 frames.
LOG (transform-feats[5.5.0~1-40c7]:main():transform-feats.cc:161) Applied transform to 207 utterances; 0 had errors.
LOG (gmm-acc-mllt[5.5.0~1-40c7]:main():gmm-acc-mllt.cc:108) Average like for this file is -54.7946 over 593 frames.
LOG (gmm-acc-mllt[5.5.0~1-40c7]:main():gmm-acc-mllt.cc:119) Done 207 files, 0 with no posteriors, 0 with other errors.
LOG (gmm-acc-mllt[5.5.0~1-40c7]:main():gmm-acc-mllt.cc:123) Overall avg like per frame (Gaussian only) = -55.4762 over 207361 frames.
LOG (gmm-acc-mllt[5.5.0~1-40c7]:main():gmm-acc-mllt.cc:127) Written accs.
# Accounting: time=5 threads=1
# Ended (code 0) at Mon Dec  7 01:39:38 UTC 2020, elapsed time 5 seconds
