# ali-to-post "ark:gunzip -c exp/tri3a/ali.12.gz|" ark:- | weight-silence-post 0.0 1:2:3:4:5:6:7:8:9:10 exp/tri3a/6.mdl ark:- ark:- | gmm-acc-mllt --rand-prune=4.0 exp/tri3a/6.mdl "ark,s,cs:apply-cmvn  --utt2spk=ark:data/train/split24/12/utt2spk scp:data/train/split24/12/cmvn.scp scp:data/train/split24/12/feats.scp ark:- | splice-feats  ark:- ark:- | transform-feats exp/tri3a/4.mat ark:- ark:- |" ark:- exp/tri3a/6.12.macc 
# Started at Mon Dec  7 01:40:39 UTC 2020
#
weight-silence-post 0.0 1:2:3:4:5:6:7:8:9:10 exp/tri3a/6.mdl ark:- ark:- 
ali-to-post 'ark:gunzip -c exp/tri3a/ali.12.gz|' ark:- 
gmm-acc-mllt --rand-prune=4.0 exp/tri3a/6.mdl 'ark,s,cs:apply-cmvn  --utt2spk=ark:data/train/split24/12/utt2spk scp:data/train/split24/12/cmvn.scp scp:data/train/split24/12/feats.scp ark:- | splice-feats  ark:- ark:- | transform-feats exp/tri3a/4.mat ark:- ark:- |' ark:- exp/tri3a/6.12.macc 
splice-feats ark:- ark:- 
apply-cmvn --utt2spk=ark:data/train/split24/12/utt2spk scp:data/train/split24/12/cmvn.scp scp:data/train/split24/12/feats.scp ark:- 
transform-feats exp/tri3a/4.mat ark:- ark:- 
LOG (gmm-acc-mllt[5.5.0~1-40c7]:main():gmm-acc-mllt.cc:108) Average like for this file is -64.5718 over 711 frames.
LOG (gmm-acc-mllt[5.5.0~1-40c7]:main():gmm-acc-mllt.cc:108) Average like for this file is -67.6813 over 1090 frames.
LOG (gmm-acc-mllt[5.5.0~1-40c7]:main():gmm-acc-mllt.cc:108) Average like for this file is -64.5332 over 1106 frames.
LOG (gmm-acc-mllt[5.5.0~1-40c7]:main():gmm-acc-mllt.cc:108) Average like for this file is -62.7802 over 1106 frames.
LOG (gmm-acc-mllt[5.5.0~1-40c7]:main():gmm-acc-mllt.cc:108) Average like for this file is -63.5388 over 760 frames.
LOG (gmm-acc-mllt[5.5.0~1-40c7]:main():gmm-acc-mllt.cc:108) Average like for this file is -65.9771 over 916 frames.
LOG (gmm-acc-mllt[5.5.0~1-40c7]:main():gmm-acc-mllt.cc:108) Average like for this file is -64.5853 over 913 frames.
LOG (gmm-acc-mllt[5.5.0~1-40c7]:main():gmm-acc-mllt.cc:108) Average like for this file is -65.7385 over 518 frames.
LOG (gmm-acc-mllt[5.5.0~1-40c7]:main():gmm-acc-mllt.cc:108) Average like for this file is -63.333 over 1176 frames.
LOG (gmm-acc-mllt[5.5.0~1-40c7]:main():gmm-acc-mllt.cc:108) Average like for this file is -64.0473 over 1102 frames.
LOG (gmm-acc-mllt[5.5.0~1-40c7]:main():gmm-acc-mllt.cc:114) Avg like per frame so far is -64.6196
LOG (gmm-acc-mllt[5.5.0~1-40c7]:main():gmm-acc-mllt.cc:108) Average like for this file is -66.2745 over 1148 frames.
LOG (gmm-acc-mllt[5.5.0~1-40c7]:main():gmm-acc-mllt.cc:108) Average like for this file is -67.8964 over 1397 frames.
LOG (gmm-acc-mllt[5.5.0~1-40c7]:main():gmm-acc-mllt.cc:108) Average like for this file is -64.9415 over 1033 frames.
LOG (gmm-acc-mllt[5.5.0~1-40c7]:main():gmm-acc-mllt.cc:108) Average like for this file is -65.6442 over 1124 frames.
LOG (gmm-acc-mllt[5.5.0~1-40c7]:main():gmm-acc-mllt.cc:108) Average like for this file is -65.8685 over 807 frames.
LOG (gmm-acc-mllt[5.5.0~1-40c7]:main():gmm-acc-mllt.cc:108) Average like for this file is -65.6773 over 1193 frames.
LOG (gmm-acc-mllt[5.5.0~1-40c7]:main():gmm-acc-mllt.cc:108) Average like for this file is -61.0297 over 278 frames.
LOG (gmm-acc-mllt[5.5.0~1-40c7]:main():gmm-acc-mllt.cc:108) Average like for this file is -64.0351 over 952 frames.
LOG (gmm-acc-mllt[5.5.0~1-40c7]:main():gmm-acc-mllt.cc:108) Average like for this file is -65.4598 over 855 frames.
LOG (gmm-acc-mllt[5.5.0~1-40c7]:main():gmm-acc-mllt.cc:108) Average like for this file is -64.8855 over 951 frames.
LOG (gmm-acc-mllt[5.5.0~1-40c7]:main():gmm-acc-mllt.cc:114) Avg like per frame so far is -65.1238
LOG (gmm-acc-mllt[5.5.0~1-40c7]:main():gmm-acc-mllt.cc:108) Average like for this file is -62.7609 over 249 frames.
LOG (gmm-acc-mllt[5.5.0~1-40c7]:main():gmm-acc-mllt.cc:108) Average like for this file is -65.0506 over 825 frames.
LOG (gmm-acc-mllt[5.5.0~1-40c7]:main():gmm-acc-mllt.cc:108) Average like for this file is -64.7497 over 965 frames.
LOG (gmm-acc-mllt[5.5.0~1-40c7]:main():gmm-acc-mllt.cc:108) Average like for this file is -63.3462 over 1109 frames.
LOG (gmm-acc-mllt[5.5.0~1-40c7]:main():gmm-acc-mllt.cc:108) Average like for this file is -64.753 over 926 frames.
LOG (gmm-acc-mllt[5.5.0~1-40c7]:main():gmm-acc-mllt.cc:108) Average like for this file is -65.813 over 1201 frames.
LOG (gmm-acc-mllt[5.5.0~1-40c7]:main():gmm-acc-mllt.cc:108) Average like for this file is -66.9514 over 1212 frames.
LOG (gmm-acc-mllt[5.5.0~1-40c7]:main():gmm-acc-mllt.cc:108) Average like for this file is -65.2014 over 886 frames.
LOG (gmm-acc-mllt[5.5.0~1-40c7]:main():gmm-acc-mllt.cc:108) Average like for this file is -67.3817 over 799 frames.
LOG (gmm-acc-mllt[5.5.0~1-40c7]:main():gmm-acc-mllt.cc:108) Average like for this file is -64.6328 over 1039 frames.
LOG (gmm-acc-mllt[5.5.0~1-40c7]:main():gmm-acc-mllt.cc:114) Avg like per frame so far is -65.1619
LOG (gmm-acc-mllt[5.5.0~1-40c7]:main():gmm-acc-mllt.cc:108) Average like for this file is -62.3986 over 926 frames.
LOG (gmm-acc-mllt[5.5.0~1-40c7]:main():gmm-acc-mllt.cc:108) Average like for this file is -63.3801 over 863 frames.
LOG (gmm-acc-mllt[5.5.0~1-40c7]:main():gmm-acc-mllt.cc:108) Average like for this file is -65.799 over 1241 frames.
LOG (gmm-acc-mllt[5.5.0~1-40c7]:main():gmm-acc-mllt.cc:108) Average like for this file is -65.6858 over 423 frames.
LOG (gmm-acc-mllt[5.5.0~1-40c7]:main():gmm-acc-mllt.cc:108) Average like for this file is -66.286 over 737 frames.
LOG (gmm-acc-mllt[5.5.0~1-40c7]:main():gmm-acc-mllt.cc:108) Average like for this file is -63.6421 over 1419 frames.
LOG (gmm-acc-mllt[5.5.0~1-40c7]:main():gmm-acc-mllt.cc:108) Average like for this file is -63.1597 over 1106 frames.
LOG (gmm-acc-mllt[5.5.0~1-40c7]:main():gmm-acc-mllt.cc:108) Average like for this file is -63.1806 over 177 frames.
LOG (gmm-acc-mllt[5.5.0~1-40c7]:main():gmm-acc-mllt.cc:108) Average like for this file is -63.1628 over 352 frames.
LOG (gmm-acc-mllt[5.5.0~1-40c7]:main():gmm-acc-mllt.cc:108) Average like for this file is -62.214 over 1116 frames.
LOG (gmm-acc-mllt[5.5.0~1-40c7]:main():gmm-acc-mllt.cc:114) Avg like per frame so far is -64.863
LOG (gmm-acc-mllt[5.5.0~1-40c7]:main():gmm-acc-mllt.cc:108) Average like for this file is -61.1253 over 940 frames.
LOG (gmm-acc-mllt[5.5.0~1-40c7]:main():gmm-acc-mllt.cc:108) Average like for this file is -58.9178 over 1117 frames.
LOG (gmm-acc-mllt[5.5.0~1-40c7]:main():gmm-acc-mllt.cc:108) Average like for this file is -62.5112 over 686 frames.
LOG (gmm-acc-mllt[5.5.0~1-40c7]:main():gmm-acc-mllt.cc:108) Average like for this file is -60.8956 over 1202 frames.
LOG (gmm-acc-mllt[5.5.0~1-40c7]:main():gmm-acc-mllt.cc:108) Average like for this file is -62.8458 over 951 frames.
LOG (gmm-acc-mllt[5.5.0~1-40c7]:main():gmm-acc-mllt.cc:108) Average like for this file is -62.0655 over 1172 frames.
LOG (gmm-acc-mllt[5.5.0~1-40c7]:main():gmm-acc-mllt.cc:108) Average like for this file is -61.4613 over 1075 frames.
LOG (gmm-acc-mllt[5.5.0~1-40c7]:main():gmm-acc-mllt.cc:108) Average like for this file is -62.6264 over 1166 frames.
LOG (gmm-acc-mllt[5.5.0~1-40c7]:main():gmm-acc-mllt.cc:108) Average like for this file is -63.3799 over 1049 frames.
LOG (gmm-acc-mllt[5.5.0~1-40c7]:main():gmm-acc-mllt.cc:108) Average like for this file is -61.9907 over 1056 frames.
LOG (gmm-acc-mllt[5.5.0~1-40c7]:main():gmm-acc-mllt.cc:114) Avg like per frame so far is -64.1715
LOG (gmm-acc-mllt[5.5.0~1-40c7]:main():gmm-acc-mllt.cc:108) Average like for this file is -61.4931 over 917 frames.
LOG (gmm-acc-mllt[5.5.0~1-40c7]:main():gmm-acc-mllt.cc:108) Average like for this file is -64.0593 over 1018 frames.
LOG (gmm-acc-mllt[5.5.0~1-40c7]:main():gmm-acc-mllt.cc:108) Average like for this file is -63.3431 over 1024 frames.
LOG (gmm-acc-mllt[5.5.0~1-40c7]:main():gmm-acc-mllt.cc:108) Average like for this file is -61.4552 over 1177 frames.
LOG (gmm-acc-mllt[5.5.0~1-40c7]:main():gmm-acc-mllt.cc:108) Average like for this file is -60.5335 over 1177 frames.
LOG (gmm-acc-mllt[5.5.0~1-40c7]:main():gmm-acc-mllt.cc:108) Average like for this file is -61.0135 over 973 frames.
LOG (gmm-acc-mllt[5.5.0~1-40c7]:main():gmm-acc-mllt.cc:108) Average like for this file is -63.4027 over 589 frames.
LOG (gmm-acc-mllt[5.5.0~1-40c7]:main():gmm-acc-mllt.cc:108) Average like for this file is -59.9026 over 1086 frames.
LOG (gmm-acc-mllt[5.5.0~1-40c7]:main():gmm-acc-mllt.cc:108) Average like for this file is -57.8586 over 1149 frames.
LOG (gmm-acc-mllt[5.5.0~1-40c7]:main():gmm-acc-mllt.cc:108) Average like for this file is -55.7521 over 1129 frames.
LOG (gmm-acc-mllt[5.5.0~1-40c7]:main():gmm-acc-mllt.cc:114) Avg like per frame so far is -63.547
LOG (gmm-acc-mllt[5.5.0~1-40c7]:main():gmm-acc-mllt.cc:108) Average like for this file is -55.5615 over 904 frames.
LOG (gmm-acc-mllt[5.5.0~1-40c7]:main():gmm-acc-mllt.cc:108) Average like for this file is -53.2903 over 604 frames.
LOG (gmm-acc-mllt[5.5.0~1-40c7]:main():gmm-acc-mllt.cc:108) Average like for this file is -54.6137 over 1121 frames.
LOG (gmm-acc-mllt[5.5.0~1-40c7]:main():gmm-acc-mllt.cc:108) Average like for this file is -55.6131 over 846 frames.
LOG (gmm-acc-mllt[5.5.0~1-40c7]:main():gmm-acc-mllt.cc:108) Average like for this file is -56.3851 over 1287 frames.
LOG (gmm-acc-mllt[5.5.0~1-40c7]:main():gmm-acc-mllt.cc:108) Average like for this file is -54.2577 over 1098 frames.
LOG (gmm-acc-mllt[5.5.0~1-40c7]:main():gmm-acc-mllt.cc:108) Average like for this file is -53.7099 over 1127 frames.
LOG (gmm-acc-mllt[5.5.0~1-40c7]:main():gmm-acc-mllt.cc:108) Average like for this file is -55.1634 over 1029 frames.
LOG (gmm-acc-mllt[5.5.0~1-40c7]:main():gmm-acc-mllt.cc:108) Average like for this file is -52.7382 over 505 frames.
LOG (gmm-acc-mllt[5.5.0~1-40c7]:main():gmm-acc-mllt.cc:108) Average like for this file is -56.2522 over 736 frames.
LOG (gmm-acc-mllt[5.5.0~1-40c7]:main():gmm-acc-mllt.cc:114) Avg like per frame so far is -62.3447
LOG (gmm-acc-mllt[5.5.0~1-40c7]:main():gmm-acc-mllt.cc:108) Average like for this file is -54.2748 over 1096 frames.
LOG (gmm-acc-mllt[5.5.0~1-40c7]:main():gmm-acc-mllt.cc:108) Average like for this file is -56.4532 over 1103 frames.
LOG (gmm-acc-mllt[5.5.0~1-40c7]:main():gmm-acc-mllt.cc:108) Average like for this file is -56.5332 over 1076 frames.
LOG (gmm-acc-mllt[5.5.0~1-40c7]:main():gmm-acc-mllt.cc:108) Average like for this file is -56.4123 over 762 frames.
LOG (gmm-acc-mllt[5.5.0~1-40c7]:main():gmm-acc-mllt.cc:108) Average like for this file is -57.6017 over 764 frames.
LOG (gmm-acc-mllt[5.5.0~1-40c7]:main():gmm-acc-mllt.cc:108) Average like for this file is -58.8522 over 1007 frames.
LOG (gmm-acc-mllt[5.5.0~1-40c7]:main():gmm-acc-mllt.cc:108) Average like for this file is -56.991 over 1157 frames.
LOG (gmm-acc-mllt[5.5.0~1-40c7]:main():gmm-acc-mllt.cc:108) Average like for this file is -55.4138 over 1086 frames.
LOG (gmm-acc-mllt[5.5.0~1-40c7]:main():gmm-acc-mllt.cc:108) Average like for this file is -54.0212 over 238 frames.
LOG (gmm-acc-mllt[5.5.0~1-40c7]:main():gmm-acc-mllt.cc:108) Average like for this file is -56.8903 over 923 frames.
LOG (gmm-acc-mllt[5.5.0~1-40c7]:main():gmm-acc-mllt.cc:114) Avg like per frame so far is -61.6326
LOG (gmm-acc-mllt[5.5.0~1-40c7]:main():gmm-acc-mllt.cc:108) Average like for this file is -56.8784 over 779 frames.
LOG (gmm-acc-mllt[5.5.0~1-40c7]:main():gmm-acc-mllt.cc:108) Average like for this file is -56.5565 over 429 frames.
LOG (gmm-acc-mllt[5.5.0~1-40c7]:main():gmm-acc-mllt.cc:108) Average like for this file is -59.0641 over 365 frames.
LOG (gmm-acc-mllt[5.5.0~1-40c7]:main():gmm-acc-mllt.cc:108) Average like for this file is -56.6622 over 813 frames.
LOG (gmm-acc-mllt[5.5.0~1-40c7]:main():gmm-acc-mllt.cc:108) Average like for this file is -56.3413 over 1194 frames.
LOG (gmm-acc-mllt[5.5.0~1-40c7]:main():gmm-acc-mllt.cc:108) Average like for this file is -57.4925 over 902 frames.
LOG (gmm-acc-mllt[5.5.0~1-40c7]:main():gmm-acc-mllt.cc:108) Average like for this file is -57.8682 over 1125 frames.
LOG (gmm-acc-mllt[5.5.0~1-40c7]:main():gmm-acc-mllt.cc:108) Average like for this file is -59.8265 over 1208 frames.
LOG (gmm-acc-mllt[5.5.0~1-40c7]:main():gmm-acc-mllt.cc:108) Average like for this file is -62.8159 over 1097 frames.
LOG (gmm-acc-mllt[5.5.0~1-40c7]:main():gmm-acc-mllt.cc:108) Average like for this file is -63.1022 over 1120 frames.
LOG (gmm-acc-mllt[5.5.0~1-40c7]:main():gmm-acc-mllt.cc:114) Avg like per frame so far is -61.3453
LOG (gmm-acc-mllt[5.5.0~1-40c7]:main():gmm-acc-mllt.cc:108) Average like for this file is -59.5724 over 694 frames.
LOG (gmm-acc-mllt[5.5.0~1-40c7]:main():gmm-acc-mllt.cc:108) Average like for this file is -56.5544 over 1255 frames.
LOG (gmm-acc-mllt[5.5.0~1-40c7]:main():gmm-acc-mllt.cc:108) Average like for this file is -58.0764 over 864 frames.
LOG (gmm-acc-mllt[5.5.0~1-40c7]:main():gmm-acc-mllt.cc:108) Average like for this file is -53.4935 over 853 frames.
LOG (gmm-acc-mllt[5.5.0~1-40c7]:main():gmm-acc-mllt.cc:108) Average like for this file is -54.8179 over 803 frames.
LOG (gmm-acc-mllt[5.5.0~1-40c7]:main():gmm-acc-mllt.cc:108) Average like for this file is -57.9807 over 1359 frames.
LOG (gmm-acc-mllt[5.5.0~1-40c7]:main():gmm-acc-mllt.cc:108) Average like for this file is -56.9861 over 1085 frames.
LOG (gmm-acc-mllt[5.5.0~1-40c7]:main():gmm-acc-mllt.cc:108) Average like for this file is -55.7908 over 1019 frames.
LOG (gmm-acc-mllt[5.5.0~1-40c7]:main():gmm-acc-mllt.cc:108) Average like for this file is -55.6525 over 1071 frames.
LOG (gmm-acc-mllt[5.5.0~1-40c7]:main():gmm-acc-mllt.cc:108) Average like for this file is -54.3527 over 1074 frames.
LOG (gmm-acc-mllt[5.5.0~1-40c7]:main():gmm-acc-mllt.cc:114) Avg like per frame so far is -60.8125
LOG (gmm-acc-mllt[5.5.0~1-40c7]:main():gmm-acc-mllt.cc:108) Average like for this file is -57.2789 over 682 frames.
LOG (gmm-acc-mllt[5.5.0~1-40c7]:main():gmm-acc-mllt.cc:108) Average like for this file is -55.7059 over 777 frames.
LOG (gmm-acc-mllt[5.5.0~1-40c7]:main():gmm-acc-mllt.cc:108) Average like for this file is -58.1339 over 898 frames.
LOG (gmm-acc-mllt[5.5.0~1-40c7]:main():gmm-acc-mllt.cc:108) Average like for this file is -55.6589 over 1164 frames.
LOG (gmm-acc-mllt[5.5.0~1-40c7]:main():gmm-acc-mllt.cc:108) Average like for this file is -55.4747 over 1082 frames.
LOG (gmm-acc-mllt[5.5.0~1-40c7]:main():gmm-acc-mllt.cc:108) Average like for this file is -59.0614 over 705 frames.
LOG (gmm-acc-mllt[5.5.0~1-40c7]:main():gmm-acc-mllt.cc:108) Average like for this file is -55.3539 over 1071 frames.
LOG (gmm-acc-mllt[5.5.0~1-40c7]:main():gmm-acc-mllt.cc:108) Average like for this file is -53.6991 over 976 frames.
LOG (gmm-acc-mllt[5.5.0~1-40c7]:main():gmm-acc-mllt.cc:108) Average like for this file is -54.8153 over 964 frames.
LOG (gmm-acc-mllt[5.5.0~1-40c7]:main():gmm-acc-mllt.cc:108) Average like for this file is -57.0041 over 587 frames.
LOG (gmm-acc-mllt[5.5.0~1-40c7]:main():gmm-acc-mllt.cc:114) Avg like per frame so far is -60.4023
LOG (gmm-acc-mllt[5.5.0~1-40c7]:main():gmm-acc-mllt.cc:108) Average like for this file is -54.4625 over 954 frames.
LOG (gmm-acc-mllt[5.5.0~1-40c7]:main():gmm-acc-mllt.cc:108) Average like for this file is -55.1213 over 920 frames.
LOG (gmm-acc-mllt[5.5.0~1-40c7]:main():gmm-acc-mllt.cc:108) Average like for this file is -54.1985 over 725 frames.
LOG (gmm-acc-mllt[5.5.0~1-40c7]:main():gmm-acc-mllt.cc:108) Average like for this file is -56.6205 over 411 frames.
LOG (gmm-acc-mllt[5.5.0~1-40c7]:main():gmm-acc-mllt.cc:108) Average like for this file is -50.5332 over 540 frames.
LOG (gmm-acc-mllt[5.5.0~1-40c7]:main():gmm-acc-mllt.cc:108) Average like for this file is -52.5712 over 1347 frames.
LOG (gmm-acc-mllt[5.5.0~1-40c7]:main():gmm-acc-mllt.cc:108) Average like for this file is -50.9364 over 1242 frames.
LOG (gmm-acc-mllt[5.5.0~1-40c7]:main():gmm-acc-mllt.cc:108) Average like for this file is -52.0241 over 1254 frames.
LOG (gmm-acc-mllt[5.5.0~1-40c7]:main():gmm-acc-mllt.cc:108) Average like for this file is -51.3165 over 987 frames.
LOG (gmm-acc-mllt[5.5.0~1-40c7]:main():gmm-acc-mllt.cc:108) Average like for this file is -53.3295 over 1179 frames.
LOG (gmm-acc-mllt[5.5.0~1-40c7]:main():gmm-acc-mllt.cc:114) Avg like per frame so far is -59.7672
LOG (gmm-acc-mllt[5.5.0~1-40c7]:main():gmm-acc-mllt.cc:108) Average like for this file is -49.9796 over 1197 frames.
LOG (gmm-acc-mllt[5.5.0~1-40c7]:main():gmm-acc-mllt.cc:108) Average like for this file is -54.076 over 1032 frames.
LOG (gmm-acc-mllt[5.5.0~1-40c7]:main():gmm-acc-mllt.cc:108) Average like for this file is -53.6743 over 1133 frames.
LOG (gmm-acc-mllt[5.5.0~1-40c7]:main():gmm-acc-mllt.cc:108) Average like for this file is -53.5844 over 1004 frames.
LOG (gmm-acc-mllt[5.5.0~1-40c7]:main():gmm-acc-mllt.cc:108) Average like for this file is -52.2556 over 1122 frames.
LOG (gmm-acc-mllt[5.5.0~1-40c7]:main():gmm-acc-mllt.cc:108) Average like for this file is -53.5119 over 1318 frames.
LOG (gmm-acc-mllt[5.5.0~1-40c7]:main():gmm-acc-mllt.cc:108) Average like for this file is -53.5346 over 861 frames.
LOG (gmm-acc-mllt[5.5.0~1-40c7]:main():gmm-acc-mllt.cc:108) Average like for this file is -53.9164 over 1088 frames.
LOG (gmm-acc-mllt[5.5.0~1-40c7]:main():gmm-acc-mllt.cc:108) Average like for this file is -52.988 over 1105 frames.
LOG (gmm-acc-mllt[5.5.0~1-40c7]:main():gmm-acc-mllt.cc:108) Average like for this file is -52.9048 over 1250 frames.
LOG (gmm-acc-mllt[5.5.0~1-40c7]:main():gmm-acc-mllt.cc:114) Avg like per frame so far is -59.1635
LOG (gmm-acc-mllt[5.5.0~1-40c7]:main():gmm-acc-mllt.cc:108) Average like for this file is -51.2127 over 1034 frames.
LOG (gmm-acc-mllt[5.5.0~1-40c7]:main():gmm-acc-mllt.cc:108) Average like for this file is -51.0807 over 471 frames.
LOG (gmm-acc-mllt[5.5.0~1-40c7]:main():gmm-acc-mllt.cc:108) Average like for this file is -53.1336 over 972 frames.
LOG (gmm-acc-mllt[5.5.0~1-40c7]:main():gmm-acc-mllt.cc:108) Average like for this file is -52.0505 over 869 frames.
LOG (gmm-acc-mllt[5.5.0~1-40c7]:main():gmm-acc-mllt.cc:108) Average like for this file is -52.6177 over 1062 frames.
LOG (gmm-acc-mllt[5.5.0~1-40c7]:main():gmm-acc-mllt.cc:108) Average like for this file is -51.8966 over 893 frames.
LOG (gmm-acc-mllt[5.5.0~1-40c7]:main():gmm-acc-mllt.cc:108) Average like for this file is -49.8858 over 977 frames.
LOG (gmm-acc-mllt[5.5.0~1-40c7]:main():gmm-acc-mllt.cc:108) Average like for this file is -53.4532 over 996 frames.
LOG (gmm-acc-mllt[5.5.0~1-40c7]:main():gmm-acc-mllt.cc:108) Average like for this file is -53.1569 over 769 frames.
LOG (gmm-acc-mllt[5.5.0~1-40c7]:main():gmm-acc-mllt.cc:108) Average like for this file is -51.0337 over 1042 frames.
LOG (gmm-acc-mllt[5.5.0~1-40c7]:main():gmm-acc-mllt.cc:114) Avg like per frame so far is -58.6743
LOG (gmm-acc-mllt[5.5.0~1-40c7]:main():gmm-acc-mllt.cc:108) Average like for this file is -54.9861 over 906 frames.
LOG (gmm-acc-mllt[5.5.0~1-40c7]:main():gmm-acc-mllt.cc:108) Average like for this file is -51.8609 over 1190 frames.
LOG (gmm-acc-mllt[5.5.0~1-40c7]:main():gmm-acc-mllt.cc:108) Average like for this file is -52.3451 over 1093 frames.
LOG (gmm-acc-mllt[5.5.0~1-40c7]:main():gmm-acc-mllt.cc:108) Average like for this file is -53.2888 over 1418 frames.
LOG (gmm-acc-mllt[5.5.0~1-40c7]:main():gmm-acc-mllt.cc:108) Average like for this file is -53.4901 over 1028 frames.
LOG (gmm-acc-mllt[5.5.0~1-40c7]:main():gmm-acc-mllt.cc:108) Average like for this file is -52.0238 over 1224 frames.
LOG (gmm-acc-mllt[5.5.0~1-40c7]:main():gmm-acc-mllt.cc:108) Average like for this file is -53.974 over 1097 frames.
LOG (gmm-acc-mllt[5.5.0~1-40c7]:main():gmm-acc-mllt.cc:108) Average like for this file is -53.2761 over 1039 frames.
LOG (gmm-acc-mllt[5.5.0~1-40c7]:main():gmm-acc-mllt.cc:108) Average like for this file is -53.0475 over 1031 frames.
LOG (gmm-acc-mllt[5.5.0~1-40c7]:main():gmm-acc-mllt.cc:108) Average like for this file is -53.4744 over 995 frames.
LOG (gmm-acc-mllt[5.5.0~1-40c7]:main():gmm-acc-mllt.cc:114) Avg like per frame so far is -58.251
LOG (gmm-acc-mllt[5.5.0~1-40c7]:main():gmm-acc-mllt.cc:108) Average like for this file is -52.8143 over 1154 frames.
LOG (gmm-acc-mllt[5.5.0~1-40c7]:main():gmm-acc-mllt.cc:108) Average like for this file is -52.8706 over 1094 frames.
LOG (gmm-acc-mllt[5.5.0~1-40c7]:main():gmm-acc-mllt.cc:108) Average like for this file is -53.0553 over 1117 frames.
LOG (gmm-acc-mllt[5.5.0~1-40c7]:main():gmm-acc-mllt.cc:108) Average like for this file is -54.2397 over 983 frames.
LOG (gmm-acc-mllt[5.5.0~1-40c7]:main():gmm-acc-mllt.cc:108) Average like for this file is -53.287 over 1233 frames.
LOG (gmm-acc-mllt[5.5.0~1-40c7]:main():gmm-acc-mllt.cc:108) Average like for this file is -51.5587 over 1239 frames.
LOG (gmm-acc-mllt[5.5.0~1-40c7]:main():gmm-acc-mllt.cc:108) Average like for this file is -54.5644 over 782 frames.
LOG (gmm-acc-mllt[5.5.0~1-40c7]:main():gmm-acc-mllt.cc:108) Average like for this file is -52.4623 over 942 frames.
LOG (gmm-acc-mllt[5.5.0~1-40c7]:main():gmm-acc-mllt.cc:108) Average like for this file is -53.0542 over 1040 frames.
LOG (gmm-acc-mllt[5.5.0~1-40c7]:main():gmm-acc-mllt.cc:108) Average like for this file is -50.6211 over 420 frames.
LOG (gmm-acc-mllt[5.5.0~1-40c7]:main():gmm-acc-mllt.cc:114) Avg like per frame so far is -57.9065
LOG (gmm-acc-mllt[5.5.0~1-40c7]:main():gmm-acc-mllt.cc:108) Average like for this file is -53.0358 over 1016 frames.
LOG (gmm-acc-mllt[5.5.0~1-40c7]:main():gmm-acc-mllt.cc:108) Average like for this file is -55.0388 over 303 frames.
LOG (gmm-acc-mllt[5.5.0~1-40c7]:main():gmm-acc-mllt.cc:108) Average like for this file is -53.2364 over 1142 frames.
LOG (gmm-acc-mllt[5.5.0~1-40c7]:main():gmm-acc-mllt.cc:108) Average like for this file is -55.7647 over 1102 frames.
LOG (gmm-acc-mllt[5.5.0~1-40c7]:main():gmm-acc-mllt.cc:108) Average like for this file is -56.7524 over 658 frames.
LOG (gmm-acc-mllt[5.5.0~1-40c7]:main():gmm-acc-mllt.cc:108) Average like for this file is -51.6209 over 796 frames.
LOG (gmm-acc-mllt[5.5.0~1-40c7]:main():gmm-acc-mllt.cc:108) Average like for this file is -50.7722 over 1232 frames.
LOG (gmm-acc-mllt[5.5.0~1-40c7]:main():gmm-acc-mllt.cc:108) Average like for this file is -53.3492 over 1108 frames.
LOG (gmm-acc-mllt[5.5.0~1-40c7]:main():gmm-acc-mllt.cc:108) Average like for this file is -52.0564 over 981 frames.
LOG (gmm-acc-mllt[5.5.0~1-40c7]:main():gmm-acc-mllt.cc:108) Average like for this file is -50.2326 over 698 frames.
LOG (gmm-acc-mllt[5.5.0~1-40c7]:main():gmm-acc-mllt.cc:114) Avg like per frame so far is -57.6364
LOG (gmm-acc-mllt[5.5.0~1-40c7]:main():gmm-acc-mllt.cc:108) Average like for this file is -50.5025 over 1014 frames.
LOG (gmm-acc-mllt[5.5.0~1-40c7]:main():gmm-acc-mllt.cc:108) Average like for this file is -51.9176 over 926 frames.
LOG (gmm-acc-mllt[5.5.0~1-40c7]:main():gmm-acc-mllt.cc:108) Average like for this file is -51.0432 over 431 frames.
LOG (gmm-acc-mllt[5.5.0~1-40c7]:main():gmm-acc-mllt.cc:108) Average like for this file is -50.9691 over 1040 frames.
LOG (gmm-acc-mllt[5.5.0~1-40c7]:main():gmm-acc-mllt.cc:108) Average like for this file is -49.6941 over 951 frames.
LOG (gmm-acc-mllt[5.5.0~1-40c7]:main():gmm-acc-mllt.cc:108) Average like for this file is -54.9128 over 1050 frames.
LOG (gmm-acc-mllt[5.5.0~1-40c7]:main():gmm-acc-mllt.cc:108) Average like for this file is -50.5647 over 1093 frames.
LOG (gmm-acc-mllt[5.5.0~1-40c7]:main():gmm-acc-mllt.cc:108) Average like for this file is -53.3658 over 315 frames.
LOG (gmm-acc-mllt[5.5.0~1-40c7]:main():gmm-acc-mllt.cc:108) Average like for this file is -52.2185 over 1070 frames.
LOG (gmm-acc-mllt[5.5.0~1-40c7]:main():gmm-acc-mllt.cc:108) Average like for this file is -52.3917 over 1010 frames.
LOG (gmm-acc-mllt[5.5.0~1-40c7]:main():gmm-acc-mllt.cc:114) Avg like per frame so far is -57.3299
LOG (gmm-acc-mllt[5.5.0~1-40c7]:main():gmm-acc-mllt.cc:108) Average like for this file is -53.0061 over 950 frames.
LOG (gmm-acc-mllt[5.5.0~1-40c7]:main():gmm-acc-mllt.cc:108) Average like for this file is -53.7758 over 1109 frames.
LOG (gmm-acc-mllt[5.5.0~1-40c7]:main():gmm-acc-mllt.cc:108) Average like for this file is -53.8642 over 805 frames.
LOG (gmm-acc-mllt[5.5.0~1-40c7]:main():gmm-acc-mllt.cc:108) Average like for this file is -52.7923 over 1110 frames.
LOG (gmm-acc-mllt[5.5.0~1-40c7]:main():gmm-acc-mllt.cc:108) Average like for this file is -53.4253 over 1020 frames.
LOG (gmm-acc-mllt[5.5.0~1-40c7]:main():gmm-acc-mllt.cc:108) Average like for this file is -52.7737 over 1084 frames.
LOG (gmm-acc-mllt[5.5.0~1-40c7]:main():gmm-acc-mllt.cc:108) Average like for this file is -52.41 over 856 frames.
LOG (gmm-acc-mllt[5.5.0~1-40c7]:main():gmm-acc-mllt.cc:108) Average like for this file is -52.9916 over 1193 frames.
LOG (gmm-acc-mllt[5.5.0~1-40c7]:main():gmm-acc-mllt.cc:108) Average like for this file is -53.008 over 556 frames.
LOG (gmm-acc-mllt[5.5.0~1-40c7]:main():gmm-acc-mllt.cc:108) Average like for this file is -52.16 over 1062 frames.
LOG (gmm-acc-mllt[5.5.0~1-40c7]:main():gmm-acc-mllt.cc:114) Avg like per frame so far is -57.0991
LOG (gmm-acc-mllt[5.5.0~1-40c7]:main():gmm-acc-mllt.cc:108) Average like for this file is -51.9828 over 1138 frames.
LOG (gmm-acc-mllt[5.5.0~1-40c7]:main():gmm-acc-mllt.cc:108) Average like for this file is -53.7539 over 1292 frames.
LOG (gmm-acc-mllt[5.5.0~1-40c7]:main():gmm-acc-mllt.cc:108) Average like for this file is -52.3198 over 1111 frames.
LOG (gmm-acc-mllt[5.5.0~1-40c7]:main():gmm-acc-mllt.cc:108) Average like for this file is -52.6069 over 881 frames.
LOG (gmm-acc-mllt[5.5.0~1-40c7]:main():gmm-acc-mllt.cc:108) Average like for this file is -53.9281 over 1100 frames.
LOG (gmm-acc-mllt[5.5.0~1-40c7]:main():gmm-acc-mllt.cc:108) Average like for this file is -53.0529 over 874 frames.
LOG (gmm-acc-mllt[5.5.0~1-40c7]:main():gmm-acc-mllt.cc:108) Average like for this file is -52.7903 over 1140 frames.
LOG (gmm-acc-mllt[5.5.0~1-40c7]:main():gmm-acc-mllt.cc:108) Average like for this file is -51.3111 over 963 frames.
LOG (gmm-acc-mllt[5.5.0~1-40c7]:main():gmm-acc-mllt.cc:108) Average like for this file is -52.0157 over 644 frames.
LOG (gmm-acc-mllt[5.5.0~1-40c7]:main():gmm-acc-mllt.cc:108) Average like for this file is -52.8763 over 264 frames.
LOG (gmm-acc-mllt[5.5.0~1-40c7]:main():gmm-acc-mllt.cc:114) Avg like per frame so far is -56.8836
LOG (gmm-acc-mllt[5.5.0~1-40c7]:main():gmm-acc-mllt.cc:108) Average like for this file is -54.757 over 866 frames.
LOG (gmm-acc-mllt[5.5.0~1-40c7]:main():gmm-acc-mllt.cc:108) Average like for this file is -55.2135 over 592 frames.
LOG (gmm-acc-mllt[5.5.0~1-40c7]:main():gmm-acc-mllt.cc:108) Average like for this file is -53.3805 over 1047 frames.
LOG (gmm-acc-mllt[5.5.0~1-40c7]:main():gmm-acc-mllt.cc:108) Average like for this file is -53.1646 over 1068 frames.
LOG (gmm-acc-mllt[5.5.0~1-40c7]:main():gmm-acc-mllt.cc:108) Average like for this file is -51.9415 over 1213 frames.
LOG (gmm-acc-mllt[5.5.0~1-40c7]:main():gmm-acc-mllt.cc:108) Average like for this file is -53.1443 over 1015 frames.
LOG (ali-to-post[5.5.0~1-40c7]:main():ali-to-post.cc:73) Converted 215 alignments.
LOG (gmm-acc-mllt[5.5.0~1-40c7]:main():gmm-acc-mllt.cc:108) Average like for this file is -54.327 over 1324 frames.
LOG (gmm-acc-mllt[5.5.0~1-40c7]:main():gmm-acc-mllt.cc:108) Average like for this file is -51.1751 over 1014 frames.
LOG (gmm-acc-mllt[5.5.0~1-40c7]:main():gmm-acc-mllt.cc:108) Average like for this file is -52.9791 over 996 frames.
LOG (gmm-acc-mllt[5.5.0~1-40c7]:main():gmm-acc-mllt.cc:108) Average like for this file is -53.4644 over 751 frames.
LOG (gmm-acc-mllt[5.5.0~1-40c7]:main():gmm-acc-mllt.cc:114) Avg like per frame so far is -56.7056
LOG (apply-cmvn[5.5.0~1-40c7]:main():apply-cmvn.cc:162) Applied cepstral mean normalization to 215 utterances, errors on 0
LOG (weight-silence-post[5.5.0~1-40c7]:main():weight-silence-post.cc:95) Done 215 posteriors.
LOG (gmm-acc-mllt[5.5.0~1-40c7]:main():gmm-acc-mllt.cc:108) Average like for this file is -52.9587 over 1114 frames.
LOG (gmm-acc-mllt[5.5.0~1-40c7]:main():gmm-acc-mllt.cc:108) Average like for this file is -53.0734 over 239 frames.
LOG (gmm-acc-mllt[5.5.0~1-40c7]:main():gmm-acc-mllt.cc:108) Average like for this file is -55.0134 over 329 frames.
LOG (gmm-acc-mllt[5.5.0~1-40c7]:main():gmm-acc-mllt.cc:108) Average like for this file is -51.6516 over 995 frames.
LOG (transform-feats[5.5.0~1-40c7]:main():transform-feats.cc:158) Overall average [pseudo-]logdet is -100.942 over 388276 frames.
LOG (transform-feats[5.5.0~1-40c7]:main():transform-feats.cc:161) Applied transform to 215 utterances; 0 had errors.
LOG (gmm-acc-mllt[5.5.0~1-40c7]:main():gmm-acc-mllt.cc:108) Average like for this file is -49.5822 over 308 frames.
LOG (gmm-acc-mllt[5.5.0~1-40c7]:main():gmm-acc-mllt.cc:119) Done 215 files, 0 with no posteriors, 0 with other errors.
LOG (gmm-acc-mllt[5.5.0~1-40c7]:main():gmm-acc-mllt.cc:123) Overall avg like per frame (Gaussian only) = -56.6429 over 204582 frames.
LOG (gmm-acc-mllt[5.5.0~1-40c7]:main():gmm-acc-mllt.cc:127) Written accs.
# Accounting: time=5 threads=1
# Ended (code 0) at Mon Dec  7 01:40:44 UTC 2020, elapsed time 5 seconds
