# ali-to-post "ark:gunzip -c exp/tri3a/ali.23.gz|" ark:- | weight-silence-post 0.0 1:2:3:4:5:6:7:8:9:10 exp/tri3a/4.mdl ark:- ark:- | gmm-acc-mllt --rand-prune=4.0 exp/tri3a/4.mdl "ark,s,cs:apply-cmvn  --utt2spk=ark:data/train/split24/23/utt2spk scp:data/train/split24/23/cmvn.scp scp:data/train/split24/23/feats.scp ark:- | splice-feats  ark:- ark:- | transform-feats exp/tri3a/2.mat ark:- ark:- |" ark:- exp/tri3a/4.23.macc 
# Started at Mon Dec  7 01:40:12 UTC 2020
#
gmm-acc-mllt --rand-prune=4.0 exp/tri3a/4.mdl 'ark,s,cs:apply-cmvn  --utt2spk=ark:data/train/split24/23/utt2spk scp:data/train/split24/23/cmvn.scp scp:data/train/split24/23/feats.scp ark:- | splice-feats  ark:- ark:- | transform-feats exp/tri3a/2.mat ark:- ark:- |' ark:- exp/tri3a/4.23.macc 
weight-silence-post 0.0 1:2:3:4:5:6:7:8:9:10 exp/tri3a/4.mdl ark:- ark:- 
ali-to-post 'ark:gunzip -c exp/tri3a/ali.23.gz|' ark:- 
transform-feats exp/tri3a/2.mat ark:- ark:- 
splice-feats ark:- ark:- 
apply-cmvn --utt2spk=ark:data/train/split24/23/utt2spk scp:data/train/split24/23/cmvn.scp scp:data/train/split24/23/feats.scp ark:- 
LOG (gmm-acc-mllt[5.5.0~1-40c7]:main():gmm-acc-mllt.cc:108) Average like for this file is -51.6548 over 1143 frames.
LOG (gmm-acc-mllt[5.5.0~1-40c7]:main():gmm-acc-mllt.cc:108) Average like for this file is -52.098 over 1238 frames.
LOG (gmm-acc-mllt[5.5.0~1-40c7]:main():gmm-acc-mllt.cc:108) Average like for this file is -53.7162 over 1069 frames.
LOG (gmm-acc-mllt[5.5.0~1-40c7]:main():gmm-acc-mllt.cc:108) Average like for this file is -52.0792 over 1164 frames.
LOG (gmm-acc-mllt[5.5.0~1-40c7]:main():gmm-acc-mllt.cc:108) Average like for this file is -52.5754 over 1179 frames.
LOG (gmm-acc-mllt[5.5.0~1-40c7]:main():gmm-acc-mllt.cc:108) Average like for this file is -51.2127 over 979 frames.
LOG (gmm-acc-mllt[5.5.0~1-40c7]:main():gmm-acc-mllt.cc:108) Average like for this file is -52.418 over 1018 frames.
LOG (gmm-acc-mllt[5.5.0~1-40c7]:main():gmm-acc-mllt.cc:108) Average like for this file is -52.5391 over 1051 frames.
LOG (gmm-acc-mllt[5.5.0~1-40c7]:main():gmm-acc-mllt.cc:108) Average like for this file is -51.7555 over 992 frames.
LOG (gmm-acc-mllt[5.5.0~1-40c7]:main():gmm-acc-mllt.cc:108) Average like for this file is -52.4002 over 1157 frames.
LOG (gmm-acc-mllt[5.5.0~1-40c7]:main():gmm-acc-mllt.cc:114) Avg like per frame so far is -52.2524
LOG (gmm-acc-mllt[5.5.0~1-40c7]:main():gmm-acc-mllt.cc:108) Average like for this file is -52.6586 over 1057 frames.
LOG (gmm-acc-mllt[5.5.0~1-40c7]:main():gmm-acc-mllt.cc:108) Average like for this file is -53.7018 over 940 frames.
LOG (gmm-acc-mllt[5.5.0~1-40c7]:main():gmm-acc-mllt.cc:108) Average like for this file is -50.599 over 1152 frames.
LOG (gmm-acc-mllt[5.5.0~1-40c7]:main():gmm-acc-mllt.cc:108) Average like for this file is -52.5005 over 1048 frames.
LOG (gmm-acc-mllt[5.5.0~1-40c7]:main():gmm-acc-mllt.cc:108) Average like for this file is -53.6344 over 1116 frames.
LOG (gmm-acc-mllt[5.5.0~1-40c7]:main():gmm-acc-mllt.cc:108) Average like for this file is -52.5716 over 1123 frames.
LOG (gmm-acc-mllt[5.5.0~1-40c7]:main():gmm-acc-mllt.cc:108) Average like for this file is -50.9009 over 1004 frames.
LOG (gmm-acc-mllt[5.5.0~1-40c7]:main():gmm-acc-mllt.cc:108) Average like for this file is -52.6047 over 1179 frames.
LOG (gmm-acc-mllt[5.5.0~1-40c7]:main():gmm-acc-mllt.cc:108) Average like for this file is -52.7716 over 1164 frames.
LOG (gmm-acc-mllt[5.5.0~1-40c7]:main():gmm-acc-mllt.cc:108) Average like for this file is -52.3597 over 1269 frames.
LOG (gmm-acc-mllt[5.5.0~1-40c7]:main():gmm-acc-mllt.cc:114) Avg like per frame so far is -52.3362
LOG (gmm-acc-mllt[5.5.0~1-40c7]:main():gmm-acc-mllt.cc:108) Average like for this file is -52.7635 over 1000 frames.
LOG (gmm-acc-mllt[5.5.0~1-40c7]:main():gmm-acc-mllt.cc:108) Average like for this file is -54.44 over 1135 frames.
LOG (gmm-acc-mllt[5.5.0~1-40c7]:main():gmm-acc-mllt.cc:108) Average like for this file is -52.5871 over 1024 frames.
LOG (gmm-acc-mllt[5.5.0~1-40c7]:main():gmm-acc-mllt.cc:108) Average like for this file is -49.5056 over 1107 frames.
LOG (gmm-acc-mllt[5.5.0~1-40c7]:main():gmm-acc-mllt.cc:108) Average like for this file is -50.7379 over 1071 frames.
LOG (gmm-acc-mllt[5.5.0~1-40c7]:main():gmm-acc-mllt.cc:108) Average like for this file is -52.0177 over 1056 frames.
LOG (gmm-acc-mllt[5.5.0~1-40c7]:main():gmm-acc-mllt.cc:108) Average like for this file is -51.3326 over 1199 frames.
LOG (gmm-acc-mllt[5.5.0~1-40c7]:main():gmm-acc-mllt.cc:108) Average like for this file is -52.5844 over 1220 frames.
LOG (gmm-acc-mllt[5.5.0~1-40c7]:main():gmm-acc-mllt.cc:108) Average like for this file is -52.4566 over 717 frames.
LOG (gmm-acc-mllt[5.5.0~1-40c7]:main():gmm-acc-mllt.cc:108) Average like for this file is -52.1051 over 1149 frames.
LOG (gmm-acc-mllt[5.5.0~1-40c7]:main():gmm-acc-mllt.cc:114) Avg like per frame so far is -52.2387
LOG (gmm-acc-mllt[5.5.0~1-40c7]:main():gmm-acc-mllt.cc:108) Average like for this file is -51.8523 over 1095 frames.
LOG (gmm-acc-mllt[5.5.0~1-40c7]:main():gmm-acc-mllt.cc:108) Average like for this file is -51.7623 over 937 frames.
LOG (gmm-acc-mllt[5.5.0~1-40c7]:main():gmm-acc-mllt.cc:108) Average like for this file is -52.4511 over 1109 frames.
LOG (gmm-acc-mllt[5.5.0~1-40c7]:main():gmm-acc-mllt.cc:108) Average like for this file is -53.76 over 608 frames.
LOG (gmm-acc-mllt[5.5.0~1-40c7]:main():gmm-acc-mllt.cc:108) Average like for this file is -52.1797 over 1056 frames.
LOG (gmm-acc-mllt[5.5.0~1-40c7]:main():gmm-acc-mllt.cc:108) Average like for this file is -51.2233 over 939 frames.
LOG (gmm-acc-mllt[5.5.0~1-40c7]:main():gmm-acc-mllt.cc:108) Average like for this file is -51.0189 over 510 frames.
LOG (gmm-acc-mllt[5.5.0~1-40c7]:main():gmm-acc-mllt.cc:108) Average like for this file is -51.3865 over 1031 frames.
LOG (gmm-acc-mllt[5.5.0~1-40c7]:main():gmm-acc-mllt.cc:108) Average like for this file is -51.9177 over 1113 frames.
LOG (gmm-acc-mllt[5.5.0~1-40c7]:main():gmm-acc-mllt.cc:108) Average like for this file is -53.7546 over 1046 frames.
LOG (gmm-acc-mllt[5.5.0~1-40c7]:main():gmm-acc-mllt.cc:114) Avg like per frame so far is -52.2151
LOG (gmm-acc-mllt[5.5.0~1-40c7]:main():gmm-acc-mllt.cc:108) Average like for this file is -53.1061 over 961 frames.
LOG (gmm-acc-mllt[5.5.0~1-40c7]:main():gmm-acc-mllt.cc:108) Average like for this file is -52.8291 over 1144 frames.
LOG (gmm-acc-mllt[5.5.0~1-40c7]:main():gmm-acc-mllt.cc:108) Average like for this file is -52.719 over 511 frames.
LOG (gmm-acc-mllt[5.5.0~1-40c7]:main():gmm-acc-mllt.cc:108) Average like for this file is -52.3046 over 1229 frames.
LOG (gmm-acc-mllt[5.5.0~1-40c7]:main():gmm-acc-mllt.cc:108) Average like for this file is -51.0859 over 445 frames.
LOG (gmm-acc-mllt[5.5.0~1-40c7]:main():gmm-acc-mllt.cc:108) Average like for this file is -52.0912 over 908 frames.
LOG (gmm-acc-mllt[5.5.0~1-40c7]:main():gmm-acc-mllt.cc:108) Average like for this file is -53.3718 over 1072 frames.
LOG (gmm-acc-mllt[5.5.0~1-40c7]:main():gmm-acc-mllt.cc:108) Average like for this file is -53.97 over 1355 frames.
LOG (gmm-acc-mllt[5.5.0~1-40c7]:main():gmm-acc-mllt.cc:108) Average like for this file is -54.0351 over 986 frames.
LOG (gmm-acc-mllt[5.5.0~1-40c7]:main():gmm-acc-mllt.cc:108) Average like for this file is -50.8924 over 1243 frames.
LOG (gmm-acc-mllt[5.5.0~1-40c7]:main():gmm-acc-mllt.cc:114) Avg like per frame so far is -52.3127
LOG (gmm-acc-mllt[5.5.0~1-40c7]:main():gmm-acc-mllt.cc:108) Average like for this file is -51.7551 over 1216 frames.
LOG (gmm-acc-mllt[5.5.0~1-40c7]:main():gmm-acc-mllt.cc:108) Average like for this file is -51.5301 over 1135 frames.
LOG (gmm-acc-mllt[5.5.0~1-40c7]:main():gmm-acc-mllt.cc:108) Average like for this file is -51.1679 over 1152 frames.
LOG (gmm-acc-mllt[5.5.0~1-40c7]:main():gmm-acc-mllt.cc:108) Average like for this file is -54.144 over 1228 frames.
LOG (gmm-acc-mllt[5.5.0~1-40c7]:main():gmm-acc-mllt.cc:108) Average like for this file is -54.6422 over 944 frames.
LOG (gmm-acc-mllt[5.5.0~1-40c7]:main():gmm-acc-mllt.cc:108) Average like for this file is -54.1959 over 1216 frames.
LOG (gmm-acc-mllt[5.5.0~1-40c7]:main():gmm-acc-mllt.cc:108) Average like for this file is -54.8726 over 918 frames.
LOG (gmm-acc-mllt[5.5.0~1-40c7]:main():gmm-acc-mllt.cc:108) Average like for this file is -55.6947 over 529 frames.
LOG (gmm-acc-mllt[5.5.0~1-40c7]:main():gmm-acc-mllt.cc:108) Average like for this file is -53.408 over 1044 frames.
LOG (gmm-acc-mllt[5.5.0~1-40c7]:main():gmm-acc-mllt.cc:108) Average like for this file is -54.2968 over 1059 frames.
LOG (gmm-acc-mllt[5.5.0~1-40c7]:main():gmm-acc-mllt.cc:114) Avg like per frame so far is -52.4926
LOG (gmm-acc-mllt[5.5.0~1-40c7]:main():gmm-acc-mllt.cc:108) Average like for this file is -52.1415 over 1087 frames.
LOG (gmm-acc-mllt[5.5.0~1-40c7]:main():gmm-acc-mllt.cc:108) Average like for this file is -51.7976 over 932 frames.
LOG (gmm-acc-mllt[5.5.0~1-40c7]:main():gmm-acc-mllt.cc:108) Average like for this file is -53.4108 over 668 frames.
LOG (gmm-acc-mllt[5.5.0~1-40c7]:main():gmm-acc-mllt.cc:108) Average like for this file is -53.577 over 1165 frames.
LOG (gmm-acc-mllt[5.5.0~1-40c7]:main():gmm-acc-mllt.cc:108) Average like for this file is -54.2283 over 990 frames.
LOG (gmm-acc-mllt[5.5.0~1-40c7]:main():gmm-acc-mllt.cc:108) Average like for this file is -53.2367 over 946 frames.
LOG (gmm-acc-mllt[5.5.0~1-40c7]:main():gmm-acc-mllt.cc:108) Average like for this file is -51.8581 over 897 frames.
LOG (gmm-acc-mllt[5.5.0~1-40c7]:main():gmm-acc-mllt.cc:108) Average like for this file is -53.8774 over 1111 frames.
LOG (gmm-acc-mllt[5.5.0~1-40c7]:main():gmm-acc-mllt.cc:108) Average like for this file is -52.8915 over 1030 frames.
LOG (gmm-acc-mllt[5.5.0~1-40c7]:main():gmm-acc-mllt.cc:108) Average like for this file is -53.5596 over 1142 frames.
LOG (gmm-acc-mllt[5.5.0~1-40c7]:main():gmm-acc-mllt.cc:114) Avg like per frame so far is -52.5736
LOG (gmm-acc-mllt[5.5.0~1-40c7]:main():gmm-acc-mllt.cc:108) Average like for this file is -51.8763 over 990 frames.
LOG (gmm-acc-mllt[5.5.0~1-40c7]:main():gmm-acc-mllt.cc:108) Average like for this file is -54.3397 over 1150 frames.
LOG (gmm-acc-mllt[5.5.0~1-40c7]:main():gmm-acc-mllt.cc:108) Average like for this file is -53.9932 over 1326 frames.
LOG (gmm-acc-mllt[5.5.0~1-40c7]:main():gmm-acc-mllt.cc:108) Average like for this file is -54.219 over 1193 frames.
LOG (gmm-acc-mllt[5.5.0~1-40c7]:main():gmm-acc-mllt.cc:108) Average like for this file is -53.125 over 1281 frames.
LOG (gmm-acc-mllt[5.5.0~1-40c7]:main():gmm-acc-mllt.cc:108) Average like for this file is -53.755 over 1250 frames.
LOG (gmm-acc-mllt[5.5.0~1-40c7]:main():gmm-acc-mllt.cc:108) Average like for this file is -54.4415 over 1035 frames.
LOG (gmm-acc-mllt[5.5.0~1-40c7]:main():gmm-acc-mllt.cc:108) Average like for this file is -53.7321 over 1212 frames.
LOG (gmm-acc-mllt[5.5.0~1-40c7]:main():gmm-acc-mllt.cc:108) Average like for this file is -52.2033 over 1146 frames.
LOG (gmm-acc-mllt[5.5.0~1-40c7]:main():gmm-acc-mllt.cc:108) Average like for this file is -53.3637 over 1378 frames.
LOG (gmm-acc-mllt[5.5.0~1-40c7]:main():gmm-acc-mllt.cc:114) Avg like per frame so far is -52.7084
LOG (gmm-acc-mllt[5.5.0~1-40c7]:main():gmm-acc-mllt.cc:108) Average like for this file is -54.3084 over 1034 frames.
LOG (gmm-acc-mllt[5.5.0~1-40c7]:main():gmm-acc-mllt.cc:108) Average like for this file is -53.1138 over 1096 frames.
LOG (gmm-acc-mllt[5.5.0~1-40c7]:main():gmm-acc-mllt.cc:108) Average like for this file is -52.6069 over 1263 frames.
LOG (gmm-acc-mllt[5.5.0~1-40c7]:main():gmm-acc-mllt.cc:108) Average like for this file is -53.7186 over 1410 frames.
LOG (gmm-acc-mllt[5.5.0~1-40c7]:main():gmm-acc-mllt.cc:108) Average like for this file is -51.7199 over 1226 frames.
LOG (gmm-acc-mllt[5.5.0~1-40c7]:main():gmm-acc-mllt.cc:108) Average like for this file is -52.7618 over 1033 frames.
LOG (gmm-acc-mllt[5.5.0~1-40c7]:main():gmm-acc-mllt.cc:108) Average like for this file is -53.6546 over 1114 frames.
LOG (gmm-acc-mllt[5.5.0~1-40c7]:main():gmm-acc-mllt.cc:108) Average like for this file is -54.6296 over 964 frames.
LOG (gmm-acc-mllt[5.5.0~1-40c7]:main():gmm-acc-mllt.cc:108) Average like for this file is -53.6061 over 1041 frames.
LOG (gmm-acc-mllt[5.5.0~1-40c7]:main():gmm-acc-mllt.cc:108) Average like for this file is -55.1659 over 1242 frames.
LOG (gmm-acc-mllt[5.5.0~1-40c7]:main():gmm-acc-mllt.cc:114) Avg like per frame so far is -52.8037
LOG (gmm-acc-mllt[5.5.0~1-40c7]:main():gmm-acc-mllt.cc:108) Average like for this file is -52.458 over 1086 frames.
LOG (gmm-acc-mllt[5.5.0~1-40c7]:main():gmm-acc-mllt.cc:108) Average like for this file is -54.2356 over 959 frames.
LOG (gmm-acc-mllt[5.5.0~1-40c7]:main():gmm-acc-mllt.cc:108) Average like for this file is -53.5605 over 882 frames.
LOG (gmm-acc-mllt[5.5.0~1-40c7]:main():gmm-acc-mllt.cc:108) Average like for this file is -56.1716 over 890 frames.
LOG (gmm-acc-mllt[5.5.0~1-40c7]:main():gmm-acc-mllt.cc:108) Average like for this file is -53.8704 over 220 frames.
LOG (gmm-acc-mllt[5.5.0~1-40c7]:main():gmm-acc-mllt.cc:108) Average like for this file is -55.9367 over 841 frames.
LOG (gmm-acc-mllt[5.5.0~1-40c7]:main():gmm-acc-mllt.cc:108) Average like for this file is -54.6147 over 1181 frames.
LOG (gmm-acc-mllt[5.5.0~1-40c7]:main():gmm-acc-mllt.cc:108) Average like for this file is -51.9326 over 520 frames.
LOG (gmm-acc-mllt[5.5.0~1-40c7]:main():gmm-acc-mllt.cc:108) Average like for this file is -52.7866 over 848 frames.
LOG (gmm-acc-mllt[5.5.0~1-40c7]:main():gmm-acc-mllt.cc:108) Average like for this file is -51.9087 over 896 frames.
LOG (gmm-acc-mllt[5.5.0~1-40c7]:main():gmm-acc-mllt.cc:114) Avg like per frame so far is -52.8844
LOG (gmm-acc-mllt[5.5.0~1-40c7]:main():gmm-acc-mllt.cc:108) Average like for this file is -53.1814 over 604 frames.
LOG (gmm-acc-mllt[5.5.0~1-40c7]:main():gmm-acc-mllt.cc:108) Average like for this file is -52.6643 over 899 frames.
LOG (gmm-acc-mllt[5.5.0~1-40c7]:main():gmm-acc-mllt.cc:108) Average like for this file is -51.9358 over 846 frames.
LOG (gmm-acc-mllt[5.5.0~1-40c7]:main():gmm-acc-mllt.cc:108) Average like for this file is -53.6941 over 1029 frames.
LOG (gmm-acc-mllt[5.5.0~1-40c7]:main():gmm-acc-mllt.cc:108) Average like for this file is -52.534 over 1013 frames.
LOG (gmm-acc-mllt[5.5.0~1-40c7]:main():gmm-acc-mllt.cc:108) Average like for this file is -53.0702 over 973 frames.
LOG (gmm-acc-mllt[5.5.0~1-40c7]:main():gmm-acc-mllt.cc:108) Average like for this file is -56.6057 over 905 frames.
LOG (gmm-acc-mllt[5.5.0~1-40c7]:main():gmm-acc-mllt.cc:108) Average like for this file is -51.2592 over 1174 frames.
LOG (gmm-acc-mllt[5.5.0~1-40c7]:main():gmm-acc-mllt.cc:108) Average like for this file is -49.9936 over 1011 frames.
LOG (gmm-acc-mllt[5.5.0~1-40c7]:main():gmm-acc-mllt.cc:108) Average like for this file is -52.0745 over 854 frames.
LOG (gmm-acc-mllt[5.5.0~1-40c7]:main():gmm-acc-mllt.cc:114) Avg like per frame so far is -52.864
LOG (gmm-acc-mllt[5.5.0~1-40c7]:main():gmm-acc-mllt.cc:108) Average like for this file is -50.7233 over 1014 frames.
LOG (gmm-acc-mllt[5.5.0~1-40c7]:main():gmm-acc-mllt.cc:108) Average like for this file is -51.2622 over 764 frames.
LOG (gmm-acc-mllt[5.5.0~1-40c7]:main():gmm-acc-mllt.cc:108) Average like for this file is -52.5231 over 763 frames.
LOG (gmm-acc-mllt[5.5.0~1-40c7]:main():gmm-acc-mllt.cc:108) Average like for this file is -52.5636 over 1112 frames.
LOG (gmm-acc-mllt[5.5.0~1-40c7]:main():gmm-acc-mllt.cc:108) Average like for this file is -51.7152 over 1241 frames.
LOG (gmm-acc-mllt[5.5.0~1-40c7]:main():gmm-acc-mllt.cc:108) Average like for this file is -52.307 over 923 frames.
LOG (gmm-acc-mllt[5.5.0~1-40c7]:main():gmm-acc-mllt.cc:108) Average like for this file is -52.9541 over 993 frames.
LOG (gmm-acc-mllt[5.5.0~1-40c7]:main():gmm-acc-mllt.cc:108) Average like for this file is -53.9796 over 880 frames.
LOG (gmm-acc-mllt[5.5.0~1-40c7]:main():gmm-acc-mllt.cc:108) Average like for this file is -52.5266 over 1131 frames.
LOG (gmm-acc-mllt[5.5.0~1-40c7]:main():gmm-acc-mllt.cc:108) Average like for this file is -52.5396 over 895 frames.
LOG (gmm-acc-mllt[5.5.0~1-40c7]:main():gmm-acc-mllt.cc:114) Avg like per frame so far is -52.8191
LOG (gmm-acc-mllt[5.5.0~1-40c7]:main():gmm-acc-mllt.cc:108) Average like for this file is -52.1407 over 748 frames.
LOG (gmm-acc-mllt[5.5.0~1-40c7]:main():gmm-acc-mllt.cc:108) Average like for this file is -52.0383 over 1128 frames.
LOG (gmm-acc-mllt[5.5.0~1-40c7]:main():gmm-acc-mllt.cc:108) Average like for this file is -52.7433 over 1224 frames.
LOG (gmm-acc-mllt[5.5.0~1-40c7]:main():gmm-acc-mllt.cc:108) Average like for this file is -51.8574 over 1068 frames.
LOG (gmm-acc-mllt[5.5.0~1-40c7]:main():gmm-acc-mllt.cc:108) Average like for this file is -52.6257 over 983 frames.
LOG (gmm-acc-mllt[5.5.0~1-40c7]:main():gmm-acc-mllt.cc:108) Average like for this file is -51.8347 over 663 frames.
LOG (gmm-acc-mllt[5.5.0~1-40c7]:main():gmm-acc-mllt.cc:108) Average like for this file is -54.39 over 1089 frames.
LOG (gmm-acc-mllt[5.5.0~1-40c7]:main():gmm-acc-mllt.cc:108) Average like for this file is -51.6636 over 1149 frames.
LOG (gmm-acc-mllt[5.5.0~1-40c7]:main():gmm-acc-mllt.cc:108) Average like for this file is -50.9108 over 1159 frames.
LOG (gmm-acc-mllt[5.5.0~1-40c7]:main():gmm-acc-mllt.cc:108) Average like for this file is -55.7274 over 380 frames.
LOG (gmm-acc-mllt[5.5.0~1-40c7]:main():gmm-acc-mllt.cc:114) Avg like per frame so far is -52.7884
LOG (gmm-acc-mllt[5.5.0~1-40c7]:main():gmm-acc-mllt.cc:108) Average like for this file is -51.7181 over 706 frames.
LOG (gmm-acc-mllt[5.5.0~1-40c7]:main():gmm-acc-mllt.cc:108) Average like for this file is -51.8267 over 1149 frames.
LOG (gmm-acc-mllt[5.5.0~1-40c7]:main():gmm-acc-mllt.cc:108) Average like for this file is -52.743 over 1128 frames.
LOG (gmm-acc-mllt[5.5.0~1-40c7]:main():gmm-acc-mllt.cc:108) Average like for this file is -51.4256 over 1075 frames.
LOG (gmm-acc-mllt[5.5.0~1-40c7]:main():gmm-acc-mllt.cc:108) Average like for this file is -53.8848 over 1110 frames.
LOG (gmm-acc-mllt[5.5.0~1-40c7]:main():gmm-acc-mllt.cc:108) Average like for this file is -53.486 over 1111 frames.
LOG (gmm-acc-mllt[5.5.0~1-40c7]:main():gmm-acc-mllt.cc:108) Average like for this file is -52.2346 over 1184 frames.
LOG (gmm-acc-mllt[5.5.0~1-40c7]:main():gmm-acc-mllt.cc:108) Average like for this file is -51.7339 over 1087 frames.
LOG (gmm-acc-mllt[5.5.0~1-40c7]:main():gmm-acc-mllt.cc:108) Average like for this file is -52.5631 over 1190 frames.
LOG (gmm-acc-mllt[5.5.0~1-40c7]:main():gmm-acc-mllt.cc:108) Average like for this file is -52.1918 over 565 frames.
LOG (gmm-acc-mllt[5.5.0~1-40c7]:main():gmm-acc-mllt.cc:114) Avg like per frame so far is -52.7619
LOG (gmm-acc-mllt[5.5.0~1-40c7]:main():gmm-acc-mllt.cc:108) Average like for this file is -51.7917 over 221 frames.
LOG (gmm-acc-mllt[5.5.0~1-40c7]:main():gmm-acc-mllt.cc:108) Average like for this file is -50.9 over 991 frames.
LOG (gmm-acc-mllt[5.5.0~1-40c7]:main():gmm-acc-mllt.cc:108) Average like for this file is -52.9875 over 1348 frames.
LOG (gmm-acc-mllt[5.5.0~1-40c7]:main():gmm-acc-mllt.cc:108) Average like for this file is -51.9611 over 806 frames.
LOG (gmm-acc-mllt[5.5.0~1-40c7]:main():gmm-acc-mllt.cc:108) Average like for this file is -52.1154 over 518 frames.
LOG (gmm-acc-mllt[5.5.0~1-40c7]:main():gmm-acc-mllt.cc:108) Average like for this file is -52.2238 over 1082 frames.
LOG (gmm-acc-mllt[5.5.0~1-40c7]:main():gmm-acc-mllt.cc:108) Average like for this file is -53.9495 over 624 frames.
LOG (gmm-acc-mllt[5.5.0~1-40c7]:main():gmm-acc-mllt.cc:108) Average like for this file is -52.5395 over 898 frames.
LOG (gmm-acc-mllt[5.5.0~1-40c7]:main():gmm-acc-mllt.cc:108) Average like for this file is -50.1094 over 1283 frames.
LOG (gmm-acc-mllt[5.5.0~1-40c7]:main():gmm-acc-mllt.cc:108) Average like for this file is -52.0645 over 1145 frames.
LOG (gmm-acc-mllt[5.5.0~1-40c7]:main():gmm-acc-mllt.cc:114) Avg like per frame so far is -52.7159
LOG (gmm-acc-mllt[5.5.0~1-40c7]:main():gmm-acc-mllt.cc:108) Average like for this file is -51.2677 over 1158 frames.
LOG (gmm-acc-mllt[5.5.0~1-40c7]:main():gmm-acc-mllt.cc:108) Average like for this file is -52.7737 over 1023 frames.
LOG (gmm-acc-mllt[5.5.0~1-40c7]:main():gmm-acc-mllt.cc:108) Average like for this file is -53.2485 over 1104 frames.
LOG (gmm-acc-mllt[5.5.0~1-40c7]:main():gmm-acc-mllt.cc:108) Average like for this file is -50.6003 over 707 frames.
LOG (gmm-acc-mllt[5.5.0~1-40c7]:main():gmm-acc-mllt.cc:108) Average like for this file is -51.098 over 923 frames.
LOG (gmm-acc-mllt[5.5.0~1-40c7]:main():gmm-acc-mllt.cc:108) Average like for this file is -50.5227 over 1167 frames.
LOG (gmm-acc-mllt[5.5.0~1-40c7]:main():gmm-acc-mllt.cc:108) Average like for this file is -51.8153 over 995 frames.
LOG (gmm-acc-mllt[5.5.0~1-40c7]:main():gmm-acc-mllt.cc:108) Average like for this file is -50.4196 over 1011 frames.
LOG (gmm-acc-mllt[5.5.0~1-40c7]:main():gmm-acc-mllt.cc:108) Average like for this file is -52.2048 over 1049 frames.
LOG (gmm-acc-mllt[5.5.0~1-40c7]:main():gmm-acc-mllt.cc:108) Average like for this file is -52.3052 over 543 frames.
LOG (gmm-acc-mllt[5.5.0~1-40c7]:main():gmm-acc-mllt.cc:114) Avg like per frame so far is -52.6507
LOG (gmm-acc-mllt[5.5.0~1-40c7]:main():gmm-acc-mllt.cc:108) Average like for this file is -51.1973 over 1047 frames.
LOG (gmm-acc-mllt[5.5.0~1-40c7]:main():gmm-acc-mllt.cc:108) Average like for this file is -51.1915 over 1249 frames.
LOG (gmm-acc-mllt[5.5.0~1-40c7]:main():gmm-acc-mllt.cc:108) Average like for this file is -51.297 over 341 frames.
LOG (gmm-acc-mllt[5.5.0~1-40c7]:main():gmm-acc-mllt.cc:108) Average like for this file is -50.7503 over 970 frames.
LOG (gmm-acc-mllt[5.5.0~1-40c7]:main():gmm-acc-mllt.cc:108) Average like for this file is -51.7493 over 1155 frames.
LOG (gmm-acc-mllt[5.5.0~1-40c7]:main():gmm-acc-mllt.cc:108) Average like for this file is -51.8186 over 1096 frames.
LOG (gmm-acc-mllt[5.5.0~1-40c7]:main():gmm-acc-mllt.cc:108) Average like for this file is -52.6637 over 1211 frames.
LOG (gmm-acc-mllt[5.5.0~1-40c7]:main():gmm-acc-mllt.cc:108) Average like for this file is -51.9417 over 1114 frames.
LOG (gmm-acc-mllt[5.5.0~1-40c7]:main():gmm-acc-mllt.cc:108) Average like for this file is -50.7889 over 1229 frames.
LOG (gmm-acc-mllt[5.5.0~1-40c7]:main():gmm-acc-mllt.cc:108) Average like for this file is -53.4966 over 1227 frames.
LOG (gmm-acc-mllt[5.5.0~1-40c7]:main():gmm-acc-mllt.cc:114) Avg like per frame so far is -52.5948
LOG (gmm-acc-mllt[5.5.0~1-40c7]:main():gmm-acc-mllt.cc:108) Average like for this file is -49.6731 over 1258 frames.
LOG (gmm-acc-mllt[5.5.0~1-40c7]:main():gmm-acc-mllt.cc:108) Average like for this file is -51.2768 over 1157 frames.
LOG (gmm-acc-mllt[5.5.0~1-40c7]:main():gmm-acc-mllt.cc:108) Average like for this file is -52.7216 over 1219 frames.
LOG (gmm-acc-mllt[5.5.0~1-40c7]:main():gmm-acc-mllt.cc:108) Average like for this file is -51.0801 over 1141 frames.
LOG (gmm-acc-mllt[5.5.0~1-40c7]:main():gmm-acc-mllt.cc:108) Average like for this file is -51.4841 over 1215 frames.
LOG (gmm-acc-mllt[5.5.0~1-40c7]:main():gmm-acc-mllt.cc:108) Average like for this file is -52.912 over 491 frames.
LOG (gmm-acc-mllt[5.5.0~1-40c7]:main():gmm-acc-mllt.cc:108) Average like for this file is -49.9322 over 1043 frames.
LOG (gmm-acc-mllt[5.5.0~1-40c7]:main():gmm-acc-mllt.cc:108) Average like for this file is -50.4753 over 157 frames.
LOG (gmm-acc-mllt[5.5.0~1-40c7]:main():gmm-acc-mllt.cc:108) Average like for this file is -52.0794 over 908 frames.
LOG (gmm-acc-mllt[5.5.0~1-40c7]:main():gmm-acc-mllt.cc:108) Average like for this file is -53.4917 over 1141 frames.
LOG (gmm-acc-mllt[5.5.0~1-40c7]:main():gmm-acc-mllt.cc:114) Avg like per frame so far is -52.537
LOG (gmm-acc-mllt[5.5.0~1-40c7]:main():gmm-acc-mllt.cc:108) Average like for this file is -55.8623 over 557 frames.
LOG (gmm-acc-mllt[5.5.0~1-40c7]:main():gmm-acc-mllt.cc:108) Average like for this file is -52.2724 over 979 frames.
LOG (gmm-acc-mllt[5.5.0~1-40c7]:main():gmm-acc-mllt.cc:108) Average like for this file is -51.8663 over 1116 frames.
LOG (gmm-acc-mllt[5.5.0~1-40c7]:main():gmm-acc-mllt.cc:108) Average like for this file is -52.6878 over 988 frames.
LOG (gmm-acc-mllt[5.5.0~1-40c7]:main():gmm-acc-mllt.cc:108) Average like for this file is -55.8104 over 1007 frames.
LOG (gmm-acc-mllt[5.5.0~1-40c7]:main():gmm-acc-mllt.cc:108) Average like for this file is -53.7999 over 1300 frames.
LOG (gmm-acc-mllt[5.5.0~1-40c7]:main():gmm-acc-mllt.cc:108) Average like for this file is -50.7891 over 1237 frames.
LOG (gmm-acc-mllt[5.5.0~1-40c7]:main():gmm-acc-mllt.cc:108) Average like for this file is -51.4592 over 1179 frames.
LOG (gmm-acc-mllt[5.5.0~1-40c7]:main():gmm-acc-mllt.cc:108) Average like for this file is -52.3606 over 1199 frames.
LOG (gmm-acc-mllt[5.5.0~1-40c7]:main():gmm-acc-mllt.cc:108) Average like for this file is -51.8369 over 749 frames.
LOG (gmm-acc-mllt[5.5.0~1-40c7]:main():gmm-acc-mllt.cc:114) Avg like per frame so far is -52.5461
LOG (gmm-acc-mllt[5.5.0~1-40c7]:main():gmm-acc-mllt.cc:108) Average like for this file is -51.7821 over 965 frames.
LOG (gmm-acc-mllt[5.5.0~1-40c7]:main():gmm-acc-mllt.cc:108) Average like for this file is -52.1023 over 1008 frames.
LOG (gmm-acc-mllt[5.5.0~1-40c7]:main():gmm-acc-mllt.cc:108) Average like for this file is -51.1412 over 1070 frames.
LOG (gmm-acc-mllt[5.5.0~1-40c7]:main():gmm-acc-mllt.cc:108) Average like for this file is -51.1509 over 1115 frames.
LOG (gmm-acc-mllt[5.5.0~1-40c7]:main():gmm-acc-mllt.cc:108) Average like for this file is -51.1913 over 1193 frames.
LOG (gmm-acc-mllt[5.5.0~1-40c7]:main():gmm-acc-mllt.cc:108) Average like for this file is -49.327 over 1277 frames.
LOG (gmm-acc-mllt[5.5.0~1-40c7]:main():gmm-acc-mllt.cc:108) Average like for this file is -50.9272 over 1033 frames.
LOG (gmm-acc-mllt[5.5.0~1-40c7]:main():gmm-acc-mllt.cc:108) Average like for this file is -53.2843 over 1265 frames.
LOG (gmm-acc-mllt[5.5.0~1-40c7]:main():gmm-acc-mllt.cc:108) Average like for this file is -51.6692 over 1018 frames.
LOG (gmm-acc-mllt[5.5.0~1-40c7]:main():gmm-acc-mllt.cc:108) Average like for this file is -51.9246 over 1006 frames.
LOG (gmm-acc-mllt[5.5.0~1-40c7]:main():gmm-acc-mllt.cc:114) Avg like per frame so far is -52.486
LOG (gmm-acc-mllt[5.5.0~1-40c7]:main():gmm-acc-mllt.cc:108) Average like for this file is -51.9829 over 451 frames.
LOG (gmm-acc-mllt[5.5.0~1-40c7]:main():gmm-acc-mllt.cc:108) Average like for this file is -52.6321 over 1019 frames.
LOG (gmm-acc-mllt[5.5.0~1-40c7]:main():gmm-acc-mllt.cc:108) Average like for this file is -51.0037 over 1124 frames.
LOG (gmm-acc-mllt[5.5.0~1-40c7]:main():gmm-acc-mllt.cc:108) Average like for this file is -51.795 over 485 frames.
LOG (gmm-acc-mllt[5.5.0~1-40c7]:main():gmm-acc-mllt.cc:108) Average like for this file is -51.6639 over 566 frames.
LOG (gmm-acc-mllt[5.5.0~1-40c7]:main():gmm-acc-mllt.cc:108) Average like for this file is -48.7759 over 120 frames.
LOG (gmm-acc-mllt[5.5.0~1-40c7]:main():gmm-acc-mllt.cc:108) Average like for this file is -52.1808 over 902 frames.
LOG (gmm-acc-mllt[5.5.0~1-40c7]:main():gmm-acc-mllt.cc:108) Average like for this file is -50.5092 over 1200 frames.
LOG (gmm-acc-mllt[5.5.0~1-40c7]:main():gmm-acc-mllt.cc:108) Average like for this file is -52.465 over 297 frames.
LOG (gmm-acc-mllt[5.5.0~1-40c7]:main():gmm-acc-mllt.cc:108) Average like for this file is -52.5555 over 1028 frames.
LOG (gmm-acc-mllt[5.5.0~1-40c7]:main():gmm-acc-mllt.cc:114) Avg like per frame so far is -52.4595
LOG (gmm-acc-mllt[5.5.0~1-40c7]:main():gmm-acc-mllt.cc:108) Average like for this file is -52.4802 over 1007 frames.
LOG (gmm-acc-mllt[5.5.0~1-40c7]:main():gmm-acc-mllt.cc:108) Average like for this file is -51.0327 over 709 frames.
LOG (gmm-acc-mllt[5.5.0~1-40c7]:main():gmm-acc-mllt.cc:108) Average like for this file is -51.1401 over 1089 frames.
LOG (gmm-acc-mllt[5.5.0~1-40c7]:main():gmm-acc-mllt.cc:108) Average like for this file is -53.3839 over 172 frames.
LOG (gmm-acc-mllt[5.5.0~1-40c7]:main():gmm-acc-mllt.cc:108) Average like for this file is -51.6773 over 1166 frames.
LOG (ali-to-post[5.5.0~1-40c7]:main():ali-to-post.cc:73) Converted 222 alignments.
LOG (gmm-acc-mllt[5.5.0~1-40c7]:main():gmm-acc-mllt.cc:108) Average like for this file is -50.6352 over 1163 frames.
LOG (gmm-acc-mllt[5.5.0~1-40c7]:main():gmm-acc-mllt.cc:108) Average like for this file is -50.6485 over 690 frames.
LOG (gmm-acc-mllt[5.5.0~1-40c7]:main():gmm-acc-mllt.cc:108) Average like for this file is -51.7595 over 1099 frames.
LOG (gmm-acc-mllt[5.5.0~1-40c7]:main():gmm-acc-mllt.cc:108) Average like for this file is -48.5054 over 431 frames.
LOG (weight-silence-post[5.5.0~1-40c7]:main():weight-silence-post.cc:95) Done 222 posteriors.
LOG (apply-cmvn[5.5.0~1-40c7]:main():apply-cmvn.cc:162) Applied cepstral mean normalization to 222 utterances, errors on 0
LOG (gmm-acc-mllt[5.5.0~1-40c7]:main():gmm-acc-mllt.cc:108) Average like for this file is -52.6737 over 1128 frames.
LOG (gmm-acc-mllt[5.5.0~1-40c7]:main():gmm-acc-mllt.cc:114) Avg like per frame so far is -52.4194
LOG (gmm-acc-mllt[5.5.0~1-40c7]:main():gmm-acc-mllt.cc:108) Average like for this file is -52.3135 over 1120 frames.
LOG (transform-feats[5.5.0~1-40c7]:main():transform-feats.cc:158) Overall average [pseudo-]logdet is -101.365 over 421737 frames.
LOG (transform-feats[5.5.0~1-40c7]:main():transform-feats.cc:161) Applied transform to 222 utterances; 0 had errors.
LOG (gmm-acc-mllt[5.5.0~1-40c7]:main():gmm-acc-mllt.cc:108) Average like for this file is -51.3265 over 1150 frames.
LOG (gmm-acc-mllt[5.5.0~1-40c7]:main():gmm-acc-mllt.cc:119) Done 222 files, 0 with no posteriors, 0 with other errors.
LOG (gmm-acc-mllt[5.5.0~1-40c7]:main():gmm-acc-mllt.cc:123) Overall avg like per frame (Gaussian only) = -52.4132 over 221396 frames.
LOG (gmm-acc-mllt[5.5.0~1-40c7]:main():gmm-acc-mllt.cc:127) Written accs.
# Accounting: time=4 threads=1
# Ended (code 0) at Mon Dec  7 01:40:16 UTC 2020, elapsed time 4 seconds
