# ali-to-post "ark:gunzip -c exp/tri3a/ali.9.gz|" ark:- | weight-silence-post 0.0 1:2:3:4:5:6:7:8:9:10 exp/tri3a/6.mdl ark:- ark:- | gmm-acc-mllt --rand-prune=4.0 exp/tri3a/6.mdl "ark,s,cs:apply-cmvn  --utt2spk=ark:data/train/split24/9/utt2spk scp:data/train/split24/9/cmvn.scp scp:data/train/split24/9/feats.scp ark:- | splice-feats  ark:- ark:- | transform-feats exp/tri3a/4.mat ark:- ark:- |" ark:- exp/tri3a/6.9.macc 
# Started at Mon Dec  7 01:40:38 UTC 2020
#
weight-silence-post 0.0 1:2:3:4:5:6:7:8:9:10 exp/tri3a/6.mdl ark:- ark:- 
gmm-acc-mllt --rand-prune=4.0 exp/tri3a/6.mdl 'ark,s,cs:apply-cmvn  --utt2spk=ark:data/train/split24/9/utt2spk scp:data/train/split24/9/cmvn.scp scp:data/train/split24/9/feats.scp ark:- | splice-feats  ark:- ark:- | transform-feats exp/tri3a/4.mat ark:- ark:- |' ark:- exp/tri3a/6.9.macc 
ali-to-post 'ark:gunzip -c exp/tri3a/ali.9.gz|' ark:- 
apply-cmvn --utt2spk=ark:data/train/split24/9/utt2spk scp:data/train/split24/9/cmvn.scp scp:data/train/split24/9/feats.scp ark:- 
transform-feats exp/tri3a/4.mat ark:- ark:- 
splice-feats ark:- ark:- 
LOG (gmm-acc-mllt[5.5.0~1-40c7]:main():gmm-acc-mllt.cc:108) Average like for this file is -47.6327 over 806 frames.
LOG (gmm-acc-mllt[5.5.0~1-40c7]:main():gmm-acc-mllt.cc:108) Average like for this file is -47.0297 over 765 frames.
LOG (gmm-acc-mllt[5.5.0~1-40c7]:main():gmm-acc-mllt.cc:108) Average like for this file is -48.1504 over 1203 frames.
LOG (gmm-acc-mllt[5.5.0~1-40c7]:main():gmm-acc-mllt.cc:108) Average like for this file is -48.4388 over 1153 frames.
LOG (gmm-acc-mllt[5.5.0~1-40c7]:main():gmm-acc-mllt.cc:108) Average like for this file is -46.8342 over 752 frames.
LOG (gmm-acc-mllt[5.5.0~1-40c7]:main():gmm-acc-mllt.cc:108) Average like for this file is -48.7759 over 1035 frames.
LOG (gmm-acc-mllt[5.5.0~1-40c7]:main():gmm-acc-mllt.cc:108) Average like for this file is -46.5582 over 1100 frames.
LOG (gmm-acc-mllt[5.5.0~1-40c7]:main():gmm-acc-mllt.cc:108) Average like for this file is -49.6444 over 506 frames.
LOG (gmm-acc-mllt[5.5.0~1-40c7]:main():gmm-acc-mllt.cc:108) Average like for this file is -48.421 over 763 frames.
LOG (gmm-acc-mllt[5.5.0~1-40c7]:main():gmm-acc-mllt.cc:108) Average like for this file is -48.2039 over 1040 frames.
LOG (gmm-acc-mllt[5.5.0~1-40c7]:main():gmm-acc-mllt.cc:114) Avg like per frame so far is -47.9292
LOG (gmm-acc-mllt[5.5.0~1-40c7]:main():gmm-acc-mllt.cc:108) Average like for this file is -50.1599 over 1236 frames.
LOG (gmm-acc-mllt[5.5.0~1-40c7]:main():gmm-acc-mllt.cc:108) Average like for this file is -50.508 over 1153 frames.
LOG (gmm-acc-mllt[5.5.0~1-40c7]:main():gmm-acc-mllt.cc:108) Average like for this file is -49.2037 over 1112 frames.
LOG (gmm-acc-mllt[5.5.0~1-40c7]:main():gmm-acc-mllt.cc:108) Average like for this file is -49.4171 over 1285 frames.
LOG (gmm-acc-mllt[5.5.0~1-40c7]:main():gmm-acc-mllt.cc:108) Average like for this file is -48.1798 over 1267 frames.
LOG (gmm-acc-mllt[5.5.0~1-40c7]:main():gmm-acc-mllt.cc:108) Average like for this file is -49.6735 over 752 frames.
LOG (gmm-acc-mllt[5.5.0~1-40c7]:main():gmm-acc-mllt.cc:108) Average like for this file is -49.6638 over 520 frames.
LOG (gmm-acc-mllt[5.5.0~1-40c7]:main():gmm-acc-mllt.cc:108) Average like for this file is -50.2002 over 1357 frames.
LOG (gmm-acc-mllt[5.5.0~1-40c7]:main():gmm-acc-mllt.cc:108) Average like for this file is -48.5375 over 1157 frames.
LOG (gmm-acc-mllt[5.5.0~1-40c7]:main():gmm-acc-mllt.cc:108) Average like for this file is -48.4769 over 1233 frames.
LOG (gmm-acc-mllt[5.5.0~1-40c7]:main():gmm-acc-mllt.cc:114) Avg like per frame so far is -48.724
LOG (gmm-acc-mllt[5.5.0~1-40c7]:main():gmm-acc-mllt.cc:108) Average like for this file is -48.9216 over 1328 frames.
LOG (gmm-acc-mllt[5.5.0~1-40c7]:main():gmm-acc-mllt.cc:108) Average like for this file is -48.6925 over 1228 frames.
LOG (gmm-acc-mllt[5.5.0~1-40c7]:main():gmm-acc-mllt.cc:108) Average like for this file is -48.3759 over 948 frames.
LOG (gmm-acc-mllt[5.5.0~1-40c7]:main():gmm-acc-mllt.cc:108) Average like for this file is -47.7446 over 969 frames.
LOG (gmm-acc-mllt[5.5.0~1-40c7]:main():gmm-acc-mllt.cc:108) Average like for this file is -48.7379 over 1036 frames.
LOG (gmm-acc-mllt[5.5.0~1-40c7]:main():gmm-acc-mllt.cc:108) Average like for this file is -47.661 over 1085 frames.
LOG (gmm-acc-mllt[5.5.0~1-40c7]:main():gmm-acc-mllt.cc:108) Average like for this file is -49.3448 over 1196 frames.
LOG (gmm-acc-mllt[5.5.0~1-40c7]:main():gmm-acc-mllt.cc:108) Average like for this file is -48.1511 over 273 frames.
LOG (gmm-acc-mllt[5.5.0~1-40c7]:main():gmm-acc-mllt.cc:108) Average like for this file is -49.6791 over 925 frames.
LOG (gmm-acc-mllt[5.5.0~1-40c7]:main():gmm-acc-mllt.cc:108) Average like for this file is -49.4301 over 895 frames.
LOG (gmm-acc-mllt[5.5.0~1-40c7]:main():gmm-acc-mllt.cc:114) Avg like per frame so far is -48.7209
LOG (gmm-acc-mllt[5.5.0~1-40c7]:main():gmm-acc-mllt.cc:108) Average like for this file is -48.7212 over 1241 frames.
LOG (gmm-acc-mllt[5.5.0~1-40c7]:main():gmm-acc-mllt.cc:108) Average like for this file is -48.4294 over 915 frames.
LOG (gmm-acc-mllt[5.5.0~1-40c7]:main():gmm-acc-mllt.cc:108) Average like for this file is -50.1292 over 1224 frames.
LOG (gmm-acc-mllt[5.5.0~1-40c7]:main():gmm-acc-mllt.cc:108) Average like for this file is -46.7979 over 1141 frames.
LOG (gmm-acc-mllt[5.5.0~1-40c7]:main():gmm-acc-mllt.cc:108) Average like for this file is -48.0678 over 1150 frames.
LOG (gmm-acc-mllt[5.5.0~1-40c7]:main():gmm-acc-mllt.cc:108) Average like for this file is -49.1225 over 709 frames.
LOG (gmm-acc-mllt[5.5.0~1-40c7]:main():gmm-acc-mllt.cc:108) Average like for this file is -49.0961 over 1162 frames.
LOG (gmm-acc-mllt[5.5.0~1-40c7]:main():gmm-acc-mllt.cc:108) Average like for this file is -48.6957 over 1090 frames.
LOG (gmm-acc-mllt[5.5.0~1-40c7]:main():gmm-acc-mllt.cc:108) Average like for this file is -49.2803 over 768 frames.
LOG (gmm-acc-mllt[5.5.0~1-40c7]:main():gmm-acc-mllt.cc:108) Average like for this file is -48.0228 over 934 frames.
LOG (gmm-acc-mllt[5.5.0~1-40c7]:main():gmm-acc-mllt.cc:114) Avg like per frame so far is -48.6958
LOG (gmm-acc-mllt[5.5.0~1-40c7]:main():gmm-acc-mllt.cc:108) Average like for this file is -48.222 over 1249 frames.
LOG (gmm-acc-mllt[5.5.0~1-40c7]:main():gmm-acc-mllt.cc:108) Average like for this file is -47.6611 over 920 frames.
LOG (gmm-acc-mllt[5.5.0~1-40c7]:main():gmm-acc-mllt.cc:108) Average like for this file is -49.1604 over 595 frames.
LOG (gmm-acc-mllt[5.5.0~1-40c7]:main():gmm-acc-mllt.cc:108) Average like for this file is -49.0164 over 991 frames.
LOG (gmm-acc-mllt[5.5.0~1-40c7]:main():gmm-acc-mllt.cc:108) Average like for this file is -50.1052 over 765 frames.
LOG (gmm-acc-mllt[5.5.0~1-40c7]:main():gmm-acc-mllt.cc:108) Average like for this file is -49.1233 over 950 frames.
LOG (gmm-acc-mllt[5.5.0~1-40c7]:main():gmm-acc-mllt.cc:108) Average like for this file is -47.259 over 1201 frames.
LOG (gmm-acc-mllt[5.5.0~1-40c7]:main():gmm-acc-mllt.cc:108) Average like for this file is -51.3122 over 274 frames.
LOG (gmm-acc-mllt[5.5.0~1-40c7]:main():gmm-acc-mllt.cc:108) Average like for this file is -47.656 over 1431 frames.
LOG (gmm-acc-mllt[5.5.0~1-40c7]:main():gmm-acc-mllt.cc:108) Average like for this file is -50.3557 over 676 frames.
LOG (gmm-acc-mllt[5.5.0~1-40c7]:main():gmm-acc-mllt.cc:114) Avg like per frame so far is -48.6788
LOG (gmm-acc-mllt[5.5.0~1-40c7]:main():gmm-acc-mllt.cc:108) Average like for this file is -48.4907 over 891 frames.
LOG (gmm-acc-mllt[5.5.0~1-40c7]:main():gmm-acc-mllt.cc:108) Average like for this file is -49.7268 over 340 frames.
LOG (gmm-acc-mllt[5.5.0~1-40c7]:main():gmm-acc-mllt.cc:108) Average like for this file is -49.3579 over 624 frames.
LOG (gmm-acc-mllt[5.5.0~1-40c7]:main():gmm-acc-mllt.cc:108) Average like for this file is -49.6555 over 230 frames.
LOG (gmm-acc-mllt[5.5.0~1-40c7]:main():gmm-acc-mllt.cc:108) Average like for this file is -48.9129 over 1024 frames.
LOG (gmm-acc-mllt[5.5.0~1-40c7]:main():gmm-acc-mllt.cc:108) Average like for this file is -48.3989 over 1166 frames.
LOG (gmm-acc-mllt[5.5.0~1-40c7]:main():gmm-acc-mllt.cc:108) Average like for this file is -48.9698 over 969 frames.
LOG (gmm-acc-mllt[5.5.0~1-40c7]:main():gmm-acc-mllt.cc:108) Average like for this file is -48.7523 over 1051 frames.
LOG (gmm-acc-mllt[5.5.0~1-40c7]:main():gmm-acc-mllt.cc:108) Average like for this file is -49.0146 over 1249 frames.
LOG (gmm-acc-mllt[5.5.0~1-40c7]:main():gmm-acc-mllt.cc:108) Average like for this file is -50.1734 over 1177 frames.
LOG (gmm-acc-mllt[5.5.0~1-40c7]:main():gmm-acc-mllt.cc:114) Avg like per frame so far is -48.7353
LOG (gmm-acc-mllt[5.5.0~1-40c7]:main():gmm-acc-mllt.cc:108) Average like for this file is -48.7398 over 1174 frames.
LOG (gmm-acc-mllt[5.5.0~1-40c7]:main():gmm-acc-mllt.cc:108) Average like for this file is -50.9501 over 795 frames.
LOG (gmm-acc-mllt[5.5.0~1-40c7]:main():gmm-acc-mllt.cc:108) Average like for this file is -48.9437 over 409 frames.
LOG (gmm-acc-mllt[5.5.0~1-40c7]:main():gmm-acc-mllt.cc:108) Average like for this file is -48.5492 over 1100 frames.
LOG (gmm-acc-mllt[5.5.0~1-40c7]:main():gmm-acc-mllt.cc:108) Average like for this file is -48.5179 over 1086 frames.
LOG (gmm-acc-mllt[5.5.0~1-40c7]:main():gmm-acc-mllt.cc:108) Average like for this file is -49.336 over 908 frames.
LOG (gmm-acc-mllt[5.5.0~1-40c7]:main():gmm-acc-mllt.cc:108) Average like for this file is -48.349 over 1126 frames.
LOG (gmm-acc-mllt[5.5.0~1-40c7]:main():gmm-acc-mllt.cc:108) Average like for this file is -49.2302 over 1113 frames.
LOG (gmm-acc-mllt[5.5.0~1-40c7]:main():gmm-acc-mllt.cc:108) Average like for this file is -48.3216 over 1339 frames.
LOG (gmm-acc-mllt[5.5.0~1-40c7]:main():gmm-acc-mllt.cc:108) Average like for this file is -47.4978 over 887 frames.
LOG (gmm-acc-mllt[5.5.0~1-40c7]:main():gmm-acc-mllt.cc:114) Avg like per frame so far is -48.7415
LOG (gmm-acc-mllt[5.5.0~1-40c7]:main():gmm-acc-mllt.cc:108) Average like for this file is -48.5838 over 1079 frames.
LOG (gmm-acc-mllt[5.5.0~1-40c7]:main():gmm-acc-mllt.cc:108) Average like for this file is -49.756 over 1082 frames.
LOG (gmm-acc-mllt[5.5.0~1-40c7]:main():gmm-acc-mllt.cc:108) Average like for this file is -47.3753 over 714 frames.
LOG (gmm-acc-mllt[5.5.0~1-40c7]:main():gmm-acc-mllt.cc:108) Average like for this file is -48.748 over 871 frames.
LOG (gmm-acc-mllt[5.5.0~1-40c7]:main():gmm-acc-mllt.cc:108) Average like for this file is -47.3743 over 821 frames.
LOG (gmm-acc-mllt[5.5.0~1-40c7]:main():gmm-acc-mllt.cc:108) Average like for this file is -47.8718 over 994 frames.
LOG (gmm-acc-mllt[5.5.0~1-40c7]:main():gmm-acc-mllt.cc:108) Average like for this file is -58.7361 over 801 frames.
LOG (gmm-acc-mllt[5.5.0~1-40c7]:main():gmm-acc-mllt.cc:108) Average like for this file is -57.8315 over 389 frames.
LOG (gmm-acc-mllt[5.5.0~1-40c7]:main():gmm-acc-mllt.cc:108) Average like for this file is -56.9161 over 894 frames.
LOG (gmm-acc-mllt[5.5.0~1-40c7]:main():gmm-acc-mllt.cc:108) Average like for this file is -55.3385 over 1164 frames.
LOG (gmm-acc-mllt[5.5.0~1-40c7]:main():gmm-acc-mllt.cc:114) Avg like per frame so far is -49.0599
LOG (gmm-acc-mllt[5.5.0~1-40c7]:main():gmm-acc-mllt.cc:108) Average like for this file is -53.8778 over 292 frames.
LOG (gmm-acc-mllt[5.5.0~1-40c7]:main():gmm-acc-mllt.cc:108) Average like for this file is -55.8185 over 1090 frames.
LOG (gmm-acc-mllt[5.5.0~1-40c7]:main():gmm-acc-mllt.cc:108) Average like for this file is -54.8303 over 1033 frames.
LOG (gmm-acc-mllt[5.5.0~1-40c7]:main():gmm-acc-mllt.cc:108) Average like for this file is -55.1122 over 504 frames.
LOG (gmm-acc-mllt[5.5.0~1-40c7]:main():gmm-acc-mllt.cc:108) Average like for this file is -56.811 over 962 frames.
LOG (gmm-acc-mllt[5.5.0~1-40c7]:main():gmm-acc-mllt.cc:108) Average like for this file is -56.9963 over 1220 frames.
LOG (gmm-acc-mllt[5.5.0~1-40c7]:main():gmm-acc-mllt.cc:108) Average like for this file is -52.09 over 926 frames.
LOG (gmm-acc-mllt[5.5.0~1-40c7]:main():gmm-acc-mllt.cc:108) Average like for this file is -56.3665 over 331 frames.
LOG (gmm-acc-mllt[5.5.0~1-40c7]:main():gmm-acc-mllt.cc:108) Average like for this file is -55.1125 over 634 frames.
LOG (gmm-acc-mllt[5.5.0~1-40c7]:main():gmm-acc-mllt.cc:108) Average like for this file is -54.0226 over 1074 frames.
LOG (gmm-acc-mllt[5.5.0~1-40c7]:main():gmm-acc-mllt.cc:114) Avg like per frame so far is -49.6401
LOG (gmm-acc-mllt[5.5.0~1-40c7]:main():gmm-acc-mllt.cc:108) Average like for this file is -51.2178 over 832 frames.
LOG (gmm-acc-mllt[5.5.0~1-40c7]:main():gmm-acc-mllt.cc:108) Average like for this file is -52.3564 over 926 frames.
LOG (gmm-acc-mllt[5.5.0~1-40c7]:main():gmm-acc-mllt.cc:108) Average like for this file is -54.897 over 834 frames.
LOG (gmm-acc-mllt[5.5.0~1-40c7]:main():gmm-acc-mllt.cc:108) Average like for this file is -53.6692 over 996 frames.
LOG (gmm-acc-mllt[5.5.0~1-40c7]:main():gmm-acc-mllt.cc:108) Average like for this file is -51.6698 over 1080 frames.
LOG (gmm-acc-mllt[5.5.0~1-40c7]:main():gmm-acc-mllt.cc:108) Average like for this file is -53.6009 over 787 frames.
LOG (gmm-acc-mllt[5.5.0~1-40c7]:main():gmm-acc-mllt.cc:108) Average like for this file is -50.104 over 1085 frames.
LOG (gmm-acc-mllt[5.5.0~1-40c7]:main():gmm-acc-mllt.cc:108) Average like for this file is -56.0089 over 1178 frames.
LOG (gmm-acc-mllt[5.5.0~1-40c7]:main():gmm-acc-mllt.cc:108) Average like for this file is -54.9202 over 685 frames.
LOG (gmm-acc-mllt[5.5.0~1-40c7]:main():gmm-acc-mllt.cc:108) Average like for this file is -57.0985 over 1239 frames.
LOG (gmm-acc-mllt[5.5.0~1-40c7]:main():gmm-acc-mllt.cc:114) Avg like per frame so far is -50.0459
LOG (gmm-acc-mllt[5.5.0~1-40c7]:main():gmm-acc-mllt.cc:108) Average like for this file is -57.0542 over 894 frames.
LOG (gmm-acc-mllt[5.5.0~1-40c7]:main():gmm-acc-mllt.cc:108) Average like for this file is -55.7007 over 1067 frames.
LOG (gmm-acc-mllt[5.5.0~1-40c7]:main():gmm-acc-mllt.cc:108) Average like for this file is -54.2808 over 693 frames.
LOG (gmm-acc-mllt[5.5.0~1-40c7]:main():gmm-acc-mllt.cc:108) Average like for this file is -55.4039 over 1000 frames.
LOG (gmm-acc-mllt[5.5.0~1-40c7]:main():gmm-acc-mllt.cc:108) Average like for this file is -56.5395 over 1242 frames.
LOG (gmm-acc-mllt[5.5.0~1-40c7]:main():gmm-acc-mllt.cc:108) Average like for this file is -54.4265 over 1134 frames.
LOG (gmm-acc-mllt[5.5.0~1-40c7]:main():gmm-acc-mllt.cc:108) Average like for this file is -54.1228 over 1161 frames.
LOG (gmm-acc-mllt[5.5.0~1-40c7]:main():gmm-acc-mllt.cc:108) Average like for this file is -57.5958 over 1020 frames.
LOG (gmm-acc-mllt[5.5.0~1-40c7]:main():gmm-acc-mllt.cc:108) Average like for this file is -53.6051 over 570 frames.
LOG (gmm-acc-mllt[5.5.0~1-40c7]:main():gmm-acc-mllt.cc:108) Average like for this file is -53.004 over 1305 frames.
LOG (gmm-acc-mllt[5.5.0~1-40c7]:main():gmm-acc-mllt.cc:114) Avg like per frame so far is -50.5419
LOG (gmm-acc-mllt[5.5.0~1-40c7]:main():gmm-acc-mllt.cc:108) Average like for this file is -55.3523 over 1172 frames.
LOG (gmm-acc-mllt[5.5.0~1-40c7]:main():gmm-acc-mllt.cc:108) Average like for this file is -55.9704 over 824 frames.
LOG (gmm-acc-mllt[5.5.0~1-40c7]:main():gmm-acc-mllt.cc:108) Average like for this file is -52.9861 over 946 frames.
LOG (gmm-acc-mllt[5.5.0~1-40c7]:main():gmm-acc-mllt.cc:108) Average like for this file is -53.7489 over 1068 frames.
LOG (gmm-acc-mllt[5.5.0~1-40c7]:main():gmm-acc-mllt.cc:108) Average like for this file is -52.4133 over 899 frames.
LOG (gmm-acc-mllt[5.5.0~1-40c7]:main():gmm-acc-mllt.cc:108) Average like for this file is -52.79 over 721 frames.
LOG (gmm-acc-mllt[5.5.0~1-40c7]:main():gmm-acc-mllt.cc:108) Average like for this file is -53.762 over 1208 frames.
LOG (gmm-acc-mllt[5.5.0~1-40c7]:main():gmm-acc-mllt.cc:108) Average like for this file is -52.604 over 1289 frames.
LOG (gmm-acc-mllt[5.5.0~1-40c7]:main():gmm-acc-mllt.cc:108) Average like for this file is -53.3576 over 405 frames.
LOG (gmm-acc-mllt[5.5.0~1-40c7]:main():gmm-acc-mllt.cc:108) Average like for this file is -53.3697 over 626 frames.
LOG (gmm-acc-mllt[5.5.0~1-40c7]:main():gmm-acc-mllt.cc:114) Avg like per frame so far is -50.7931
LOG (gmm-acc-mllt[5.5.0~1-40c7]:main():gmm-acc-mllt.cc:108) Average like for this file is -50.324 over 935 frames.
LOG (gmm-acc-mllt[5.5.0~1-40c7]:main():gmm-acc-mllt.cc:108) Average like for this file is -52.9208 over 699 frames.
LOG (gmm-acc-mllt[5.5.0~1-40c7]:main():gmm-acc-mllt.cc:108) Average like for this file is -50.628 over 1002 frames.
LOG (gmm-acc-mllt[5.5.0~1-40c7]:main():gmm-acc-mllt.cc:108) Average like for this file is -51.2673 over 596 frames.
LOG (gmm-acc-mllt[5.5.0~1-40c7]:main():gmm-acc-mllt.cc:108) Average like for this file is -50.7424 over 1304 frames.
LOG (gmm-acc-mllt[5.5.0~1-40c7]:main():gmm-acc-mllt.cc:108) Average like for this file is -50.7294 over 300 frames.
LOG (gmm-acc-mllt[5.5.0~1-40c7]:main():gmm-acc-mllt.cc:108) Average like for this file is -51.2277 over 1201 frames.
LOG (gmm-acc-mllt[5.5.0~1-40c7]:main():gmm-acc-mllt.cc:108) Average like for this file is -51.1427 over 983 frames.
LOG (gmm-acc-mllt[5.5.0~1-40c7]:main():gmm-acc-mllt.cc:108) Average like for this file is -50.6512 over 1072 frames.
LOG (gmm-acc-mllt[5.5.0~1-40c7]:main():gmm-acc-mllt.cc:108) Average like for this file is -52.1458 over 1361 frames.
LOG (gmm-acc-mllt[5.5.0~1-40c7]:main():gmm-acc-mllt.cc:114) Avg like per frame so far is -50.8226
LOG (gmm-acc-mllt[5.5.0~1-40c7]:main():gmm-acc-mllt.cc:108) Average like for this file is -54.0497 over 760 frames.
LOG (gmm-acc-mllt[5.5.0~1-40c7]:main():gmm-acc-mllt.cc:108) Average like for this file is -53.4875 over 1329 frames.
LOG (gmm-acc-mllt[5.5.0~1-40c7]:main():gmm-acc-mllt.cc:108) Average like for this file is -50.309 over 1227 frames.
LOG (gmm-acc-mllt[5.5.0~1-40c7]:main():gmm-acc-mllt.cc:108) Average like for this file is -51.0582 over 1264 frames.
LOG (gmm-acc-mllt[5.5.0~1-40c7]:main():gmm-acc-mllt.cc:108) Average like for this file is -50.3333 over 1224 frames.
LOG (gmm-acc-mllt[5.5.0~1-40c7]:main():gmm-acc-mllt.cc:108) Average like for this file is -51.6846 over 1017 frames.
LOG (gmm-acc-mllt[5.5.0~1-40c7]:main():gmm-acc-mllt.cc:108) Average like for this file is -50.9513 over 1290 frames.
LOG (gmm-acc-mllt[5.5.0~1-40c7]:main():gmm-acc-mllt.cc:108) Average like for this file is -50.8665 over 1185 frames.
LOG (gmm-acc-mllt[5.5.0~1-40c7]:main():gmm-acc-mllt.cc:108) Average like for this file is -50.9282 over 1215 frames.
LOG (gmm-acc-mllt[5.5.0~1-40c7]:main():gmm-acc-mllt.cc:108) Average like for this file is -51.5715 over 1152 frames.
LOG (gmm-acc-mllt[5.5.0~1-40c7]:main():gmm-acc-mllt.cc:114) Avg like per frame so far is -50.8756
LOG (gmm-acc-mllt[5.5.0~1-40c7]:main():gmm-acc-mllt.cc:108) Average like for this file is -49.746 over 698 frames.
LOG (gmm-acc-mllt[5.5.0~1-40c7]:main():gmm-acc-mllt.cc:108) Average like for this file is -52.0372 over 464 frames.
LOG (gmm-acc-mllt[5.5.0~1-40c7]:main():gmm-acc-mllt.cc:108) Average like for this file is -52.299 over 1159 frames.
LOG (gmm-acc-mllt[5.5.0~1-40c7]:main():gmm-acc-mllt.cc:108) Average like for this file is -49.0271 over 965 frames.
LOG (gmm-acc-mllt[5.5.0~1-40c7]:main():gmm-acc-mllt.cc:108) Average like for this file is -49.5871 over 1126 frames.
LOG (gmm-acc-mllt[5.5.0~1-40c7]:main():gmm-acc-mllt.cc:108) Average like for this file is -51.1382 over 1310 frames.
LOG (gmm-acc-mllt[5.5.0~1-40c7]:main():gmm-acc-mllt.cc:108) Average like for this file is -51.5644 over 1096 frames.
LOG (gmm-acc-mllt[5.5.0~1-40c7]:main():gmm-acc-mllt.cc:108) Average like for this file is -52.6383 over 741 frames.
LOG (gmm-acc-mllt[5.5.0~1-40c7]:main():gmm-acc-mllt.cc:108) Average like for this file is -52.9356 over 203 frames.
LOG (gmm-acc-mllt[5.5.0~1-40c7]:main():gmm-acc-mllt.cc:108) Average like for this file is -50.1807 over 1566 frames.
LOG (gmm-acc-mllt[5.5.0~1-40c7]:main():gmm-acc-mllt.cc:114) Avg like per frame so far is -50.8749
LOG (gmm-acc-mllt[5.5.0~1-40c7]:main():gmm-acc-mllt.cc:108) Average like for this file is -50.2454 over 1156 frames.
LOG (gmm-acc-mllt[5.5.0~1-40c7]:main():gmm-acc-mllt.cc:108) Average like for this file is -50.3517 over 1386 frames.
LOG (gmm-acc-mllt[5.5.0~1-40c7]:main():gmm-acc-mllt.cc:108) Average like for this file is -52.3977 over 1121 frames.
LOG (gmm-acc-mllt[5.5.0~1-40c7]:main():gmm-acc-mllt.cc:108) Average like for this file is -51.1765 over 1276 frames.
LOG (gmm-acc-mllt[5.5.0~1-40c7]:main():gmm-acc-mllt.cc:108) Average like for this file is -52.4053 over 909 frames.
LOG (gmm-acc-mllt[5.5.0~1-40c7]:main():gmm-acc-mllt.cc:108) Average like for this file is -51.0756 over 946 frames.
LOG (gmm-acc-mllt[5.5.0~1-40c7]:main():gmm-acc-mllt.cc:108) Average like for this file is -50.3107 over 947 frames.
LOG (gmm-acc-mllt[5.5.0~1-40c7]:main():gmm-acc-mllt.cc:108) Average like for this file is -50.5133 over 1293 frames.
LOG (gmm-acc-mllt[5.5.0~1-40c7]:main():gmm-acc-mllt.cc:108) Average like for this file is -49.7214 over 1167 frames.
LOG (gmm-acc-mllt[5.5.0~1-40c7]:main():gmm-acc-mllt.cc:108) Average like for this file is -49.7803 over 417 frames.
LOG (gmm-acc-mllt[5.5.0~1-40c7]:main():gmm-acc-mllt.cc:114) Avg like per frame so far is -50.8711
LOG (gmm-acc-mllt[5.5.0~1-40c7]:main():gmm-acc-mllt.cc:108) Average like for this file is -50.3054 over 1401 frames.
LOG (gmm-acc-mllt[5.5.0~1-40c7]:main():gmm-acc-mllt.cc:108) Average like for this file is -51.9116 over 1234 frames.
LOG (gmm-acc-mllt[5.5.0~1-40c7]:main():gmm-acc-mllt.cc:108) Average like for this file is -53.6651 over 1235 frames.
LOG (gmm-acc-mllt[5.5.0~1-40c7]:main():gmm-acc-mllt.cc:108) Average like for this file is -55.2762 over 710 frames.
LOG (gmm-acc-mllt[5.5.0~1-40c7]:main():gmm-acc-mllt.cc:108) Average like for this file is -50.4236 over 1219 frames.
LOG (gmm-acc-mllt[5.5.0~1-40c7]:main():gmm-acc-mllt.cc:108) Average like for this file is -49.8915 over 811 frames.
LOG (gmm-acc-mllt[5.5.0~1-40c7]:main():gmm-acc-mllt.cc:108) Average like for this file is -51.2206 over 878 frames.
LOG (gmm-acc-mllt[5.5.0~1-40c7]:main():gmm-acc-mllt.cc:108) Average like for this file is -48.5563 over 1019 frames.
LOG (gmm-acc-mllt[5.5.0~1-40c7]:main():gmm-acc-mllt.cc:108) Average like for this file is -51.5144 over 1113 frames.
LOG (gmm-acc-mllt[5.5.0~1-40c7]:main():gmm-acc-mllt.cc:108) Average like for this file is -50.4379 over 1136 frames.
LOG (gmm-acc-mllt[5.5.0~1-40c7]:main():gmm-acc-mllt.cc:114) Avg like per frame so far is -50.8946
LOG (gmm-acc-mllt[5.5.0~1-40c7]:main():gmm-acc-mllt.cc:108) Average like for this file is -51.1933 over 1262 frames.
LOG (gmm-acc-mllt[5.5.0~1-40c7]:main():gmm-acc-mllt.cc:108) Average like for this file is -51.5182 over 579 frames.
LOG (gmm-acc-mllt[5.5.0~1-40c7]:main():gmm-acc-mllt.cc:108) Average like for this file is -49.494 over 1118 frames.
LOG (gmm-acc-mllt[5.5.0~1-40c7]:main():gmm-acc-mllt.cc:108) Average like for this file is -48.786 over 941 frames.
LOG (gmm-acc-mllt[5.5.0~1-40c7]:main():gmm-acc-mllt.cc:108) Average like for this file is -51.317 over 895 frames.
LOG (gmm-acc-mllt[5.5.0~1-40c7]:main():gmm-acc-mllt.cc:108) Average like for this file is -52.4193 over 541 frames.
LOG (gmm-acc-mllt[5.5.0~1-40c7]:main():gmm-acc-mllt.cc:108) Average like for this file is -50.5719 over 1184 frames.
LOG (gmm-acc-mllt[5.5.0~1-40c7]:main():gmm-acc-mllt.cc:108) Average like for this file is -49.9934 over 968 frames.
LOG (gmm-acc-mllt[5.5.0~1-40c7]:main():gmm-acc-mllt.cc:108) Average like for this file is -50.5466 over 1161 frames.
LOG (gmm-acc-mllt[5.5.0~1-40c7]:main():gmm-acc-mllt.cc:108) Average like for this file is -49.4242 over 1362 frames.
LOG (gmm-acc-mllt[5.5.0~1-40c7]:main():gmm-acc-mllt.cc:114) Avg like per frame so far is -50.8646
LOG (gmm-acc-mllt[5.5.0~1-40c7]:main():gmm-acc-mllt.cc:108) Average like for this file is -50.9542 over 208 frames.
LOG (gmm-acc-mllt[5.5.0~1-40c7]:main():gmm-acc-mllt.cc:108) Average like for this file is -50.0648 over 1424 frames.
LOG (gmm-acc-mllt[5.5.0~1-40c7]:main():gmm-acc-mllt.cc:108) Average like for this file is -51.0378 over 1314 frames.
LOG (gmm-acc-mllt[5.5.0~1-40c7]:main():gmm-acc-mllt.cc:108) Average like for this file is -49.7886 over 1224 frames.
LOG (gmm-acc-mllt[5.5.0~1-40c7]:main():gmm-acc-mllt.cc:108) Average like for this file is -51.6869 over 1147 frames.
LOG (gmm-acc-mllt[5.5.0~1-40c7]:main():gmm-acc-mllt.cc:108) Average like for this file is -49.1911 over 1224 frames.
LOG (gmm-acc-mllt[5.5.0~1-40c7]:main():gmm-acc-mllt.cc:108) Average like for this file is -47.9401 over 963 frames.
LOG (gmm-acc-mllt[5.5.0~1-40c7]:main():gmm-acc-mllt.cc:108) Average like for this file is -50.6588 over 1309 frames.
LOG (gmm-acc-mllt[5.5.0~1-40c7]:main():gmm-acc-mllt.cc:108) Average like for this file is -50.2666 over 1382 frames.
LOG (gmm-acc-mllt[5.5.0~1-40c7]:main():gmm-acc-mllt.cc:108) Average like for this file is -49.6832 over 950 frames.
LOG (gmm-acc-mllt[5.5.0~1-40c7]:main():gmm-acc-mllt.cc:114) Avg like per frame so far is -50.82
LOG (gmm-acc-mllt[5.5.0~1-40c7]:main():gmm-acc-mllt.cc:108) Average like for this file is -50.415 over 1287 frames.
LOG (gmm-acc-mllt[5.5.0~1-40c7]:main():gmm-acc-mllt.cc:108) Average like for this file is -50.2854 over 1097 frames.
LOG (gmm-acc-mllt[5.5.0~1-40c7]:main():gmm-acc-mllt.cc:108) Average like for this file is -49.844 over 1075 frames.
LOG (gmm-acc-mllt[5.5.0~1-40c7]:main():gmm-acc-mllt.cc:108) Average like for this file is -49.9432 over 1317 frames.
LOG (gmm-acc-mllt[5.5.0~1-40c7]:main():gmm-acc-mllt.cc:108) Average like for this file is -51.9131 over 1101 frames.
LOG (gmm-acc-mllt[5.5.0~1-40c7]:main():gmm-acc-mllt.cc:108) Average like for this file is -51.5902 over 873 frames.
LOG (gmm-acc-mllt[5.5.0~1-40c7]:main():gmm-acc-mllt.cc:108) Average like for this file is -50.159 over 1271 frames.
LOG (gmm-acc-mllt[5.5.0~1-40c7]:main():gmm-acc-mllt.cc:108) Average like for this file is -51.4102 over 743 frames.
LOG (gmm-acc-mllt[5.5.0~1-40c7]:main():gmm-acc-mllt.cc:108) Average like for this file is -49.9308 over 735 frames.
LOG (gmm-acc-mllt[5.5.0~1-40c7]:main():gmm-acc-mllt.cc:108) Average like for this file is -49.1758 over 571 frames.
LOG (gmm-acc-mllt[5.5.0~1-40c7]:main():gmm-acc-mllt.cc:114) Avg like per frame so far is -50.8025
LOG (gmm-acc-mllt[5.5.0~1-40c7]:main():gmm-acc-mllt.cc:108) Average like for this file is -48.4841 over 721 frames.
LOG (gmm-acc-mllt[5.5.0~1-40c7]:main():gmm-acc-mllt.cc:108) Average like for this file is -49.0921 over 1304 frames.
LOG (gmm-acc-mllt[5.5.0~1-40c7]:main():gmm-acc-mllt.cc:108) Average like for this file is -51.2443 over 231 frames.
LOG (gmm-acc-mllt[5.5.0~1-40c7]:main():gmm-acc-mllt.cc:108) Average like for this file is -51.2224 over 384 frames.
LOG (gmm-acc-mllt[5.5.0~1-40c7]:main():gmm-acc-mllt.cc:108) Average like for this file is -51.0571 over 1173 frames.
LOG (gmm-acc-mllt[5.5.0~1-40c7]:main():gmm-acc-mllt.cc:108) Average like for this file is -52.2794 over 1012 frames.
LOG (gmm-acc-mllt[5.5.0~1-40c7]:main():gmm-acc-mllt.cc:108) Average like for this file is -51.0538 over 653 frames.
LOG (gmm-acc-mllt[5.5.0~1-40c7]:main():gmm-acc-mllt.cc:108) Average like for this file is -53.52 over 210 frames.
LOG (gmm-acc-mllt[5.5.0~1-40c7]:main():gmm-acc-mllt.cc:108) Average like for this file is -51.069 over 322 frames.
LOG (gmm-acc-mllt[5.5.0~1-40c7]:main():gmm-acc-mllt.cc:108) Average like for this file is -49.9097 over 1153 frames.
LOG (gmm-acc-mllt[5.5.0~1-40c7]:main():gmm-acc-mllt.cc:114) Avg like per frame so far is -50.7925
LOG (gmm-acc-mllt[5.5.0~1-40c7]:main():gmm-acc-mllt.cc:108) Average like for this file is -51.6454 over 1274 frames.
LOG (gmm-acc-mllt[5.5.0~1-40c7]:main():gmm-acc-mllt.cc:108) Average like for this file is -51.5748 over 1342 frames.
LOG (gmm-acc-mllt[5.5.0~1-40c7]:main():gmm-acc-mllt.cc:108) Average like for this file is -52.0082 over 990 frames.
LOG (gmm-acc-mllt[5.5.0~1-40c7]:main():gmm-acc-mllt.cc:108) Average like for this file is -49.3339 over 778 frames.
LOG (gmm-acc-mllt[5.5.0~1-40c7]:main():gmm-acc-mllt.cc:108) Average like for this file is -52.1366 over 955 frames.
LOG (gmm-acc-mllt[5.5.0~1-40c7]:main():gmm-acc-mllt.cc:108) Average like for this file is -52.221 over 1262 frames.
LOG (gmm-acc-mllt[5.5.0~1-40c7]:main():gmm-acc-mllt.cc:108) Average like for this file is -52.8352 over 980 frames.
LOG (gmm-acc-mllt[5.5.0~1-40c7]:main():gmm-acc-mllt.cc:108) Average like for this file is -51.566 over 1290 frames.
LOG (gmm-acc-mllt[5.5.0~1-40c7]:main():gmm-acc-mllt.cc:108) Average like for this file is -50.97 over 1347 frames.
LOG (gmm-acc-mllt[5.5.0~1-40c7]:main():gmm-acc-mllt.cc:108) Average like for this file is -49.8336 over 1286 frames.
LOG (gmm-acc-mllt[5.5.0~1-40c7]:main():gmm-acc-mllt.cc:114) Avg like per frame so far is -50.8263
LOG (gmm-acc-mllt[5.5.0~1-40c7]:main():gmm-acc-mllt.cc:108) Average like for this file is -51.9887 over 1315 frames.
LOG (gmm-acc-mllt[5.5.0~1-40c7]:main():gmm-acc-mllt.cc:108) Average like for this file is -50.9868 over 1349 frames.
LOG (gmm-acc-mllt[5.5.0~1-40c7]:main():gmm-acc-mllt.cc:108) Average like for this file is -52.7239 over 318 frames.
LOG (gmm-acc-mllt[5.5.0~1-40c7]:main():gmm-acc-mllt.cc:108) Average like for this file is -46.7219 over 161 frames.
LOG (gmm-acc-mllt[5.5.0~1-40c7]:main():gmm-acc-mllt.cc:108) Average like for this file is -52.7775 over 308 frames.
LOG (gmm-acc-mllt[5.5.0~1-40c7]:main():gmm-acc-mllt.cc:108) Average like for this file is -51.5272 over 1141 frames.
LOG (gmm-acc-mllt[5.5.0~1-40c7]:main():gmm-acc-mllt.cc:108) Average like for this file is -49.7114 over 850 frames.
LOG (gmm-acc-mllt[5.5.0~1-40c7]:main():gmm-acc-mllt.cc:108) Average like for this file is -52.6588 over 1112 frames.
LOG (gmm-acc-mllt[5.5.0~1-40c7]:main():gmm-acc-mllt.cc:108) Average like for this file is -51.4272 over 1103 frames.
LOG (gmm-acc-mllt[5.5.0~1-40c7]:main():gmm-acc-mllt.cc:108) Average like for this file is -51.6491 over 1275 frames.
LOG (gmm-acc-mllt[5.5.0~1-40c7]:main():gmm-acc-mllt.cc:114) Avg like per frame so far is -50.8526
LOG (gmm-acc-mllt[5.5.0~1-40c7]:main():gmm-acc-mllt.cc:108) Average like for this file is -52.3983 over 1049 frames.
LOG (ali-to-post[5.5.0~1-40c7]:main():ali-to-post.cc:73) Converted 238 alignments.
LOG (gmm-acc-mllt[5.5.0~1-40c7]:main():gmm-acc-mllt.cc:108) Average like for this file is -50.8401 over 1080 frames.
LOG (gmm-acc-mllt[5.5.0~1-40c7]:main():gmm-acc-mllt.cc:108) Average like for this file is -51.6781 over 1253 frames.
LOG (gmm-acc-mllt[5.5.0~1-40c7]:main():gmm-acc-mllt.cc:108) Average like for this file is -51.1156 over 1345 frames.
LOG (weight-silence-post[5.5.0~1-40c7]:main():weight-silence-post.cc:95) Done 238 posteriors.
LOG (gmm-acc-mllt[5.5.0~1-40c7]:main():gmm-acc-mllt.cc:108) Average like for this file is -52.9772 over 1301 frames.
LOG (apply-cmvn[5.5.0~1-40c7]:main():apply-cmvn.cc:162) Applied cepstral mean normalization to 238 utterances, errors on 0
LOG (gmm-acc-mllt[5.5.0~1-40c7]:main():gmm-acc-mllt.cc:108) Average like for this file is -49.1934 over 750 frames.
LOG (gmm-acc-mllt[5.5.0~1-40c7]:main():gmm-acc-mllt.cc:108) Average like for this file is -50.5886 over 393 frames.
LOG (transform-feats[5.5.0~1-40c7]:main():transform-feats.cc:158) Overall average [pseudo-]logdet is -100.942 over 423105 frames.
LOG (transform-feats[5.5.0~1-40c7]:main():transform-feats.cc:161) Applied transform to 238 utterances; 0 had errors.
LOG (gmm-acc-mllt[5.5.0~1-40c7]:main():gmm-acc-mllt.cc:108) Average like for this file is -52.9157 over 835 frames.
LOG (gmm-acc-mllt[5.5.0~1-40c7]:main():gmm-acc-mllt.cc:119) Done 238 files, 0 with no posteriors, 0 with other errors.
LOG (gmm-acc-mllt[5.5.0~1-40c7]:main():gmm-acc-mllt.cc:123) Overall avg like per frame (Gaussian only) = -50.8789 over 232532 frames.
LOG (gmm-acc-mllt[5.5.0~1-40c7]:main():gmm-acc-mllt.cc:127) Written accs.
# Accounting: time=4 threads=1
# Ended (code 0) at Mon Dec  7 01:40:42 UTC 2020, elapsed time 4 seconds
