# ali-to-post "ark:gunzip -c exp/tri3a/ali.18.gz|" ark:- | weight-silence-post 0.0 1:2:3:4:5:6:7:8:9:10 exp/tri3a/12.mdl ark:- ark:- | gmm-acc-mllt --rand-prune=4.0 exp/tri3a/12.mdl "ark,s,cs:apply-cmvn  --utt2spk=ark:data/train/split24/18/utt2spk scp:data/train/split24/18/cmvn.scp scp:data/train/split24/18/feats.scp ark:- | splice-feats  ark:- ark:- | transform-feats exp/tri3a/6.mat ark:- ark:- |" ark:- exp/tri3a/12.18.macc 
# Started at Mon Dec  7 01:42:44 UTC 2020
#
weight-silence-post 0.0 1:2:3:4:5:6:7:8:9:10 exp/tri3a/12.mdl ark:- ark:- 
gmm-acc-mllt --rand-prune=4.0 exp/tri3a/12.mdl 'ark,s,cs:apply-cmvn  --utt2spk=ark:data/train/split24/18/utt2spk scp:data/train/split24/18/cmvn.scp scp:data/train/split24/18/feats.scp ark:- | splice-feats  ark:- ark:- | transform-feats exp/tri3a/6.mat ark:- ark:- |' ark:- exp/tri3a/12.18.macc 
ali-to-post 'ark:gunzip -c exp/tri3a/ali.18.gz|' ark:- 
splice-feats ark:- ark:- 
apply-cmvn --utt2spk=ark:data/train/split24/18/utt2spk scp:data/train/split24/18/cmvn.scp scp:data/train/split24/18/feats.scp ark:- 
transform-feats exp/tri3a/6.mat ark:- ark:- 
LOG (gmm-acc-mllt[5.5.0~1-40c7]:main():gmm-acc-mllt.cc:108) Average like for this file is -49.8005 over 961 frames.
LOG (gmm-acc-mllt[5.5.0~1-40c7]:main():gmm-acc-mllt.cc:108) Average like for this file is -52.9456 over 1302 frames.
LOG (gmm-acc-mllt[5.5.0~1-40c7]:main():gmm-acc-mllt.cc:108) Average like for this file is -53.5621 over 1197 frames.
LOG (gmm-acc-mllt[5.5.0~1-40c7]:main():gmm-acc-mllt.cc:108) Average like for this file is -50.8493 over 1177 frames.
LOG (gmm-acc-mllt[5.5.0~1-40c7]:main():gmm-acc-mllt.cc:108) Average like for this file is -53.2112 over 1151 frames.
LOG (gmm-acc-mllt[5.5.0~1-40c7]:main():gmm-acc-mllt.cc:108) Average like for this file is -52.3443 over 1262 frames.
LOG (gmm-acc-mllt[5.5.0~1-40c7]:main():gmm-acc-mllt.cc:108) Average like for this file is -52.3076 over 1153 frames.
LOG (gmm-acc-mllt[5.5.0~1-40c7]:main():gmm-acc-mllt.cc:108) Average like for this file is -51.4694 over 951 frames.
LOG (gmm-acc-mllt[5.5.0~1-40c7]:main():gmm-acc-mllt.cc:108) Average like for this file is -52.1622 over 1109 frames.
LOG (gmm-acc-mllt[5.5.0~1-40c7]:main():gmm-acc-mllt.cc:108) Average like for this file is -52.6962 over 903 frames.
LOG (gmm-acc-mllt[5.5.0~1-40c7]:main():gmm-acc-mllt.cc:114) Avg like per frame so far is -52.1899
LOG (gmm-acc-mllt[5.5.0~1-40c7]:main():gmm-acc-mllt.cc:108) Average like for this file is -50.7327 over 1221 frames.
LOG (gmm-acc-mllt[5.5.0~1-40c7]:main():gmm-acc-mllt.cc:108) Average like for this file is -51.668 over 1056 frames.
LOG (gmm-acc-mllt[5.5.0~1-40c7]:main():gmm-acc-mllt.cc:108) Average like for this file is -52.9672 over 1072 frames.
LOG (gmm-acc-mllt[5.5.0~1-40c7]:main():gmm-acc-mllt.cc:108) Average like for this file is -51.2902 over 1038 frames.
LOG (gmm-acc-mllt[5.5.0~1-40c7]:main():gmm-acc-mllt.cc:108) Average like for this file is -52.6928 over 973 frames.
LOG (gmm-acc-mllt[5.5.0~1-40c7]:main():gmm-acc-mllt.cc:108) Average like for this file is -51.5564 over 1046 frames.
LOG (gmm-acc-mllt[5.5.0~1-40c7]:main():gmm-acc-mllt.cc:108) Average like for this file is -49.5746 over 1250 frames.
LOG (gmm-acc-mllt[5.5.0~1-40c7]:main():gmm-acc-mllt.cc:108) Average like for this file is -50.5022 over 1141 frames.
LOG (gmm-acc-mllt[5.5.0~1-40c7]:main():gmm-acc-mllt.cc:108) Average like for this file is -51.8474 over 806 frames.
LOG (gmm-acc-mllt[5.5.0~1-40c7]:main():gmm-acc-mllt.cc:108) Average like for this file is -50.1672 over 1355 frames.
LOG (gmm-acc-mllt[5.5.0~1-40c7]:main():gmm-acc-mllt.cc:114) Avg like per frame so far is -51.701
LOG (gmm-acc-mllt[5.5.0~1-40c7]:main():gmm-acc-mllt.cc:108) Average like for this file is -52.1983 over 1174 frames.
LOG (gmm-acc-mllt[5.5.0~1-40c7]:main():gmm-acc-mllt.cc:108) Average like for this file is -51.6708 over 1234 frames.
LOG (gmm-acc-mllt[5.5.0~1-40c7]:main():gmm-acc-mllt.cc:108) Average like for this file is -49.765 over 1122 frames.
LOG (gmm-acc-mllt[5.5.0~1-40c7]:main():gmm-acc-mllt.cc:108) Average like for this file is -52.0684 over 1094 frames.
LOG (gmm-acc-mllt[5.5.0~1-40c7]:main():gmm-acc-mllt.cc:108) Average like for this file is -51.7561 over 1322 frames.
LOG (gmm-acc-mllt[5.5.0~1-40c7]:main():gmm-acc-mllt.cc:108) Average like for this file is -52.9516 over 1301 frames.
LOG (gmm-acc-mllt[5.5.0~1-40c7]:main():gmm-acc-mllt.cc:108) Average like for this file is -51.8123 over 1096 frames.
LOG (gmm-acc-mllt[5.5.0~1-40c7]:main():gmm-acc-mllt.cc:108) Average like for this file is -51.1038 over 980 frames.
LOG (gmm-acc-mllt[5.5.0~1-40c7]:main():gmm-acc-mllt.cc:108) Average like for this file is -51.7261 over 1383 frames.
LOG (gmm-acc-mllt[5.5.0~1-40c7]:main():gmm-acc-mllt.cc:108) Average like for this file is -52.7828 over 1191 frames.
LOG (gmm-acc-mllt[5.5.0~1-40c7]:main():gmm-acc-mllt.cc:114) Avg like per frame so far is -51.7403
LOG (gmm-acc-mllt[5.5.0~1-40c7]:main():gmm-acc-mllt.cc:108) Average like for this file is -52.5322 over 1082 frames.
LOG (gmm-acc-mllt[5.5.0~1-40c7]:main():gmm-acc-mllt.cc:108) Average like for this file is -52.6151 over 1197 frames.
LOG (gmm-acc-mllt[5.5.0~1-40c7]:main():gmm-acc-mllt.cc:108) Average like for this file is -54.1808 over 1113 frames.
LOG (gmm-acc-mllt[5.5.0~1-40c7]:main():gmm-acc-mllt.cc:108) Average like for this file is -50.1705 over 1251 frames.
LOG (gmm-acc-mllt[5.5.0~1-40c7]:main():gmm-acc-mllt.cc:108) Average like for this file is -50.2251 over 1186 frames.
LOG (gmm-acc-mllt[5.5.0~1-40c7]:main():gmm-acc-mllt.cc:108) Average like for this file is -52.1328 over 1187 frames.
LOG (gmm-acc-mllt[5.5.0~1-40c7]:main():gmm-acc-mllt.cc:108) Average like for this file is -54.8969 over 939 frames.
LOG (gmm-acc-mllt[5.5.0~1-40c7]:main():gmm-acc-mllt.cc:108) Average like for this file is -53.3431 over 1124 frames.
LOG (gmm-acc-mllt[5.5.0~1-40c7]:main():gmm-acc-mllt.cc:108) Average like for this file is -53.1127 over 1070 frames.
LOG (gmm-acc-mllt[5.5.0~1-40c7]:main():gmm-acc-mllt.cc:108) Average like for this file is -52.7769 over 1221 frames.
LOG (gmm-acc-mllt[5.5.0~1-40c7]:main():gmm-acc-mllt.cc:114) Avg like per frame so far is -51.9347
LOG (gmm-acc-mllt[5.5.0~1-40c7]:main():gmm-acc-mllt.cc:108) Average like for this file is -51.7668 over 961 frames.
LOG (gmm-acc-mllt[5.5.0~1-40c7]:main():gmm-acc-mllt.cc:108) Average like for this file is -54.0969 over 1036 frames.
LOG (gmm-acc-mllt[5.5.0~1-40c7]:main():gmm-acc-mllt.cc:108) Average like for this file is -49.1163 over 872 frames.
LOG (gmm-acc-mllt[5.5.0~1-40c7]:main():gmm-acc-mllt.cc:108) Average like for this file is -54.8844 over 835 frames.
LOG (gmm-acc-mllt[5.5.0~1-40c7]:main():gmm-acc-mllt.cc:108) Average like for this file is -54.2007 over 828 frames.
LOG (gmm-acc-mllt[5.5.0~1-40c7]:main():gmm-acc-mllt.cc:108) Average like for this file is -51.0335 over 1043 frames.
LOG (gmm-acc-mllt[5.5.0~1-40c7]:main():gmm-acc-mllt.cc:108) Average like for this file is -51.1178 over 891 frames.
LOG (gmm-acc-mllt[5.5.0~1-40c7]:main():gmm-acc-mllt.cc:108) Average like for this file is -50.839 over 1212 frames.
LOG (gmm-acc-mllt[5.5.0~1-40c7]:main():gmm-acc-mllt.cc:108) Average like for this file is -52.7574 over 1309 frames.
LOG (gmm-acc-mllt[5.5.0~1-40c7]:main():gmm-acc-mllt.cc:108) Average like for this file is -55.7451 over 971 frames.
LOG (gmm-acc-mllt[5.5.0~1-40c7]:main():gmm-acc-mllt.cc:114) Avg like per frame so far is -52.0384
LOG (gmm-acc-mllt[5.5.0~1-40c7]:main():gmm-acc-mllt.cc:108) Average like for this file is -53.7549 over 769 frames.
LOG (gmm-acc-mllt[5.5.0~1-40c7]:main():gmm-acc-mllt.cc:108) Average like for this file is -54.1612 over 1209 frames.
LOG (gmm-acc-mllt[5.5.0~1-40c7]:main():gmm-acc-mllt.cc:108) Average like for this file is -51.6584 over 577 frames.
LOG (gmm-acc-mllt[5.5.0~1-40c7]:main():gmm-acc-mllt.cc:108) Average like for this file is -49.518 over 1109 frames.
LOG (gmm-acc-mllt[5.5.0~1-40c7]:main():gmm-acc-mllt.cc:108) Average like for this file is -52.2676 over 1273 frames.
LOG (gmm-acc-mllt[5.5.0~1-40c7]:main():gmm-acc-mllt.cc:108) Average like for this file is -53.5456 over 1070 frames.
LOG (gmm-acc-mllt[5.5.0~1-40c7]:main():gmm-acc-mllt.cc:108) Average like for this file is -54.8956 over 1187 frames.
LOG (gmm-acc-mllt[5.5.0~1-40c7]:main():gmm-acc-mllt.cc:108) Average like for this file is -54.4237 over 1162 frames.
LOG (gmm-acc-mllt[5.5.0~1-40c7]:main():gmm-acc-mllt.cc:108) Average like for this file is -53.5182 over 1273 frames.
LOG (gmm-acc-mllt[5.5.0~1-40c7]:main():gmm-acc-mllt.cc:108) Average like for this file is -54.2567 over 252 frames.
LOG (gmm-acc-mllt[5.5.0~1-40c7]:main():gmm-acc-mllt.cc:114) Avg like per frame so far is -52.2129
LOG (gmm-acc-mllt[5.5.0~1-40c7]:main():gmm-acc-mllt.cc:108) Average like for this file is -52.8681 over 695 frames.
LOG (gmm-acc-mllt[5.5.0~1-40c7]:main():gmm-acc-mllt.cc:108) Average like for this file is -49.5226 over 206 frames.
LOG (gmm-acc-mllt[5.5.0~1-40c7]:main():gmm-acc-mllt.cc:108) Average like for this file is -52.1407 over 1136 frames.
LOG (gmm-acc-mllt[5.5.0~1-40c7]:main():gmm-acc-mllt.cc:108) Average like for this file is -53.42 over 1242 frames.
LOG (gmm-acc-mllt[5.5.0~1-40c7]:main():gmm-acc-mllt.cc:108) Average like for this file is -50.9238 over 969 frames.
LOG (gmm-acc-mllt[5.5.0~1-40c7]:main():gmm-acc-mllt.cc:108) Average like for this file is -52.0855 over 1141 frames.
LOG (gmm-acc-mllt[5.5.0~1-40c7]:main():gmm-acc-mllt.cc:108) Average like for this file is -52.5619 over 1373 frames.
LOG (gmm-acc-mllt[5.5.0~1-40c7]:main():gmm-acc-mllt.cc:108) Average like for this file is -49.8982 over 1021 frames.
LOG (gmm-acc-mllt[5.5.0~1-40c7]:main():gmm-acc-mllt.cc:108) Average like for this file is -52.9725 over 921 frames.
LOG (gmm-acc-mllt[5.5.0~1-40c7]:main():gmm-acc-mllt.cc:108) Average like for this file is -50.7853 over 410 frames.
LOG (gmm-acc-mllt[5.5.0~1-40c7]:main():gmm-acc-mllt.cc:114) Avg like per frame so far is -52.1881
LOG (gmm-acc-mllt[5.5.0~1-40c7]:main():gmm-acc-mllt.cc:108) Average like for this file is -51.1885 over 975 frames.
LOG (gmm-acc-mllt[5.5.0~1-40c7]:main():gmm-acc-mllt.cc:108) Average like for this file is -51.8674 over 876 frames.
LOG (gmm-acc-mllt[5.5.0~1-40c7]:main():gmm-acc-mllt.cc:108) Average like for this file is -50.9442 over 1059 frames.
LOG (gmm-acc-mllt[5.5.0~1-40c7]:main():gmm-acc-mllt.cc:108) Average like for this file is -51.0352 over 959 frames.
LOG (gmm-acc-mllt[5.5.0~1-40c7]:main():gmm-acc-mllt.cc:108) Average like for this file is -53.7224 over 934 frames.
LOG (gmm-acc-mllt[5.5.0~1-40c7]:main():gmm-acc-mllt.cc:108) Average like for this file is -50.8144 over 426 frames.
LOG (gmm-acc-mllt[5.5.0~1-40c7]:main():gmm-acc-mllt.cc:108) Average like for this file is -51.3681 over 1132 frames.
LOG (gmm-acc-mllt[5.5.0~1-40c7]:main():gmm-acc-mllt.cc:108) Average like for this file is -51.6918 over 110 frames.
LOG (gmm-acc-mllt[5.5.0~1-40c7]:main():gmm-acc-mllt.cc:108) Average like for this file is -50.7304 over 858 frames.
LOG (gmm-acc-mllt[5.5.0~1-40c7]:main():gmm-acc-mllt.cc:108) Average like for this file is -50.7279 over 1351 frames.
LOG (gmm-acc-mllt[5.5.0~1-40c7]:main():gmm-acc-mllt.cc:114) Avg like per frame so far is -52.1033
LOG (gmm-acc-mllt[5.5.0~1-40c7]:main():gmm-acc-mllt.cc:108) Average like for this file is -54.2355 over 1288 frames.
LOG (gmm-acc-mllt[5.5.0~1-40c7]:main():gmm-acc-mllt.cc:108) Average like for this file is -51.6293 over 966 frames.
LOG (gmm-acc-mllt[5.5.0~1-40c7]:main():gmm-acc-mllt.cc:108) Average like for this file is -51.4356 over 1213 frames.
LOG (gmm-acc-mllt[5.5.0~1-40c7]:main():gmm-acc-mllt.cc:108) Average like for this file is -54.5991 over 1257 frames.
LOG (gmm-acc-mllt[5.5.0~1-40c7]:main():gmm-acc-mllt.cc:108) Average like for this file is -53.4599 over 814 frames.
LOG (gmm-acc-mllt[5.5.0~1-40c7]:main():gmm-acc-mllt.cc:108) Average like for this file is -53.1401 over 1315 frames.
LOG (gmm-acc-mllt[5.5.0~1-40c7]:main():gmm-acc-mllt.cc:108) Average like for this file is -53.1397 over 1373 frames.
LOG (gmm-acc-mllt[5.5.0~1-40c7]:main():gmm-acc-mllt.cc:108) Average like for this file is -53.3559 over 1212 frames.
LOG (gmm-acc-mllt[5.5.0~1-40c7]:main():gmm-acc-mllt.cc:108) Average like for this file is -53.6942 over 1292 frames.
LOG (gmm-acc-mllt[5.5.0~1-40c7]:main():gmm-acc-mllt.cc:108) Average like for this file is -53.5999 over 1382 frames.
LOG (gmm-acc-mllt[5.5.0~1-40c7]:main():gmm-acc-mllt.cc:114) Avg like per frame so far is -52.2521
LOG (gmm-acc-mllt[5.5.0~1-40c7]:main():gmm-acc-mllt.cc:108) Average like for this file is -51.7355 over 1212 frames.
LOG (gmm-acc-mllt[5.5.0~1-40c7]:main():gmm-acc-mllt.cc:108) Average like for this file is -54.4876 over 1249 frames.
LOG (gmm-acc-mllt[5.5.0~1-40c7]:main():gmm-acc-mllt.cc:108) Average like for this file is -50.571 over 1400 frames.
LOG (gmm-acc-mllt[5.5.0~1-40c7]:main():gmm-acc-mllt.cc:108) Average like for this file is -48.0406 over 1120 frames.
LOG (gmm-acc-mllt[5.5.0~1-40c7]:main():gmm-acc-mllt.cc:108) Average like for this file is -52.8445 over 603 frames.
LOG (gmm-acc-mllt[5.5.0~1-40c7]:main():gmm-acc-mllt.cc:108) Average like for this file is -50.4143 over 1272 frames.
LOG (gmm-acc-mllt[5.5.0~1-40c7]:main():gmm-acc-mllt.cc:108) Average like for this file is -51.3697 over 1258 frames.
LOG (gmm-acc-mllt[5.5.0~1-40c7]:main():gmm-acc-mllt.cc:108) Average like for this file is -51.5257 over 1204 frames.
LOG (gmm-acc-mllt[5.5.0~1-40c7]:main():gmm-acc-mllt.cc:108) Average like for this file is -52.8418 over 1316 frames.
LOG (gmm-acc-mllt[5.5.0~1-40c7]:main():gmm-acc-mllt.cc:108) Average like for this file is -50.8945 over 1291 frames.
LOG (gmm-acc-mllt[5.5.0~1-40c7]:main():gmm-acc-mllt.cc:114) Avg like per frame so far is -52.1601
LOG (gmm-acc-mllt[5.5.0~1-40c7]:main():gmm-acc-mllt.cc:108) Average like for this file is -51.5749 over 1516 frames.
LOG (gmm-acc-mllt[5.5.0~1-40c7]:main():gmm-acc-mllt.cc:108) Average like for this file is -52.3401 over 1338 frames.
LOG (gmm-acc-mllt[5.5.0~1-40c7]:main():gmm-acc-mllt.cc:108) Average like for this file is -50.5676 over 1286 frames.
LOG (gmm-acc-mllt[5.5.0~1-40c7]:main():gmm-acc-mllt.cc:108) Average like for this file is -52.1742 over 1259 frames.
LOG (gmm-acc-mllt[5.5.0~1-40c7]:main():gmm-acc-mllt.cc:108) Average like for this file is -51.2108 over 1117 frames.
LOG (gmm-acc-mllt[5.5.0~1-40c7]:main():gmm-acc-mllt.cc:108) Average like for this file is -51.6864 over 478 frames.
LOG (gmm-acc-mllt[5.5.0~1-40c7]:main():gmm-acc-mllt.cc:108) Average like for this file is -50.4857 over 1138 frames.
LOG (gmm-acc-mllt[5.5.0~1-40c7]:main():gmm-acc-mllt.cc:108) Average like for this file is -52.4319 over 1049 frames.
LOG (gmm-acc-mllt[5.5.0~1-40c7]:main():gmm-acc-mllt.cc:108) Average like for this file is -53.6308 over 1287 frames.
LOG (gmm-acc-mllt[5.5.0~1-40c7]:main():gmm-acc-mllt.cc:108) Average like for this file is -51.3551 over 462 frames.
LOG (gmm-acc-mllt[5.5.0~1-40c7]:main():gmm-acc-mllt.cc:114) Avg like per frame so far is -52.1257
LOG (gmm-acc-mllt[5.5.0~1-40c7]:main():gmm-acc-mllt.cc:108) Average like for this file is -52.5322 over 667 frames.
LOG (gmm-acc-mllt[5.5.0~1-40c7]:main():gmm-acc-mllt.cc:108) Average like for this file is -52.3479 over 248 frames.
LOG (gmm-acc-mllt[5.5.0~1-40c7]:main():gmm-acc-mllt.cc:108) Average like for this file is -56.5192 over 1083 frames.
LOG (gmm-acc-mllt[5.5.0~1-40c7]:main():gmm-acc-mllt.cc:108) Average like for this file is -53.5302 over 1015 frames.
LOG (gmm-acc-mllt[5.5.0~1-40c7]:main():gmm-acc-mllt.cc:108) Average like for this file is -52.1978 over 1177 frames.
LOG (gmm-acc-mllt[5.5.0~1-40c7]:main():gmm-acc-mllt.cc:108) Average like for this file is -54.1758 over 1259 frames.
LOG (gmm-acc-mllt[5.5.0~1-40c7]:main():gmm-acc-mllt.cc:108) Average like for this file is -53.2845 over 1151 frames.
LOG (gmm-acc-mllt[5.5.0~1-40c7]:main():gmm-acc-mllt.cc:108) Average like for this file is -55.1038 over 1105 frames.
LOG (gmm-acc-mllt[5.5.0~1-40c7]:main():gmm-acc-mllt.cc:108) Average like for this file is -53.8779 over 1356 frames.
LOG (gmm-acc-mllt[5.5.0~1-40c7]:main():gmm-acc-mllt.cc:108) Average like for this file is -54.5251 over 1098 frames.
LOG (gmm-acc-mllt[5.5.0~1-40c7]:main():gmm-acc-mllt.cc:114) Avg like per frame so far is -52.2724
LOG (gmm-acc-mllt[5.5.0~1-40c7]:main():gmm-acc-mllt.cc:108) Average like for this file is -55.5183 over 312 frames.
LOG (gmm-acc-mllt[5.5.0~1-40c7]:main():gmm-acc-mllt.cc:108) Average like for this file is -54.9334 over 1246 frames.
LOG (gmm-acc-mllt[5.5.0~1-40c7]:main():gmm-acc-mllt.cc:108) Average like for this file is -52.7639 over 1030 frames.
LOG (gmm-acc-mllt[5.5.0~1-40c7]:main():gmm-acc-mllt.cc:108) Average like for this file is -52.8678 over 1229 frames.
LOG (gmm-acc-mllt[5.5.0~1-40c7]:main():gmm-acc-mllt.cc:108) Average like for this file is -53.1429 over 1364 frames.
LOG (gmm-acc-mllt[5.5.0~1-40c7]:main():gmm-acc-mllt.cc:108) Average like for this file is -51.064 over 517 frames.
LOG (gmm-acc-mllt[5.5.0~1-40c7]:main():gmm-acc-mllt.cc:108) Average like for this file is -52.1146 over 1208 frames.
LOG (gmm-acc-mllt[5.5.0~1-40c7]:main():gmm-acc-mllt.cc:108) Average like for this file is -53.5259 over 990 frames.
LOG (gmm-acc-mllt[5.5.0~1-40c7]:main():gmm-acc-mllt.cc:108) Average like for this file is -52.3814 over 1311 frames.
LOG (gmm-acc-mllt[5.5.0~1-40c7]:main():gmm-acc-mllt.cc:108) Average like for this file is -54.1285 over 775 frames.
LOG (gmm-acc-mllt[5.5.0~1-40c7]:main():gmm-acc-mllt.cc:114) Avg like per frame so far is -52.3359
LOG (gmm-acc-mllt[5.5.0~1-40c7]:main():gmm-acc-mllt.cc:108) Average like for this file is -54.195 over 1214 frames.
LOG (ali-to-post[5.5.0~1-40c7]:main():ali-to-post.cc:73) Converted 137 alignments.
LOG (gmm-acc-mllt[5.5.0~1-40c7]:main():gmm-acc-mllt.cc:108) Average like for this file is -51.6515 over 1210 frames.
LOG (gmm-acc-mllt[5.5.0~1-40c7]:main():gmm-acc-mllt.cc:108) Average like for this file is -52.6833 over 1231 frames.
LOG (weight-silence-post[5.5.0~1-40c7]:main():weight-silence-post.cc:95) Done 137 posteriors.
LOG (gmm-acc-mllt[5.5.0~1-40c7]:main():gmm-acc-mllt.cc:108) Average like for this file is -52.9604 over 1247 frames.
LOG (apply-cmvn[5.5.0~1-40c7]:main():apply-cmvn.cc:162) Applied cepstral mean normalization to 137 utterances, errors on 0
LOG (gmm-acc-mllt[5.5.0~1-40c7]:main():gmm-acc-mllt.cc:108) Average like for this file is -52.8797 over 734 frames.
LOG (gmm-acc-mllt[5.5.0~1-40c7]:main():gmm-acc-mllt.cc:108) Average like for this file is -52.2813 over 1063 frames.
LOG (transform-feats[5.5.0~1-40c7]:main():transform-feats.cc:158) Overall average [pseudo-]logdet is -100.667 over 262301 frames.
LOG (transform-feats[5.5.0~1-40c7]:main():transform-feats.cc:161) Applied transform to 137 utterances; 0 had errors.
LOG (gmm-acc-mllt[5.5.0~1-40c7]:main():gmm-acc-mllt.cc:108) Average like for this file is -52.4653 over 1007 frames.
LOG (gmm-acc-mllt[5.5.0~1-40c7]:main():gmm-acc-mllt.cc:119) Done 137 files, 0 with no posteriors, 0 with other errors.
LOG (gmm-acc-mllt[5.5.0~1-40c7]:main():gmm-acc-mllt.cc:123) Overall avg like per frame (Gaussian only) = -52.3572 over 145838 frames.
LOG (gmm-acc-mllt[5.5.0~1-40c7]:main():gmm-acc-mllt.cc:127) Written accs.
# Accounting: time=3 threads=1
# Ended (code 0) at Mon Dec  7 01:42:47 UTC 2020, elapsed time 3 seconds
