# build-tree --verbose=1 --max-leaves=2000 --cluster-thresh=-1 exp/mono6/treeacc data/lang/phones/roots.int exp/mono6/questions.qst data/lang/topo exp/mono6/tree 
# Started at Tue Dec  8 19:14:36 UTC 2020
#
build-tree --verbose=1 --max-leaves=2000 --cluster-thresh=-1 exp/mono6/treeacc data/lang/phones/roots.int exp/mono6/questions.qst data/lang/topo exp/mono6/tree 
LOG (build-tree[5.5.0~1-40c7]:main():build-tree.cc:104) Number of separate statistics is 76609
LOG (build-tree[5.5.0~1-40c7]:BuildTree():build-tree.cc:161) BuildTree: before building trees, map has 79 leaves.
LOG (build-tree[5.5.0~1-40c7]:SplitDecisionTree():build-tree-utils.cc:577) DoDecisionTreeSplit: split 1921 times, #leaves now 2000
LOG (build-tree[5.5.0~1-40c7]:BuildTree():build-tree.cc:187) Setting clustering threshold to smallest split 449.156
VLOG[1] (build-tree[5.5.0~1-40c7]:BuildTree():build-tree.cc:196) After decision tree split, num-leaves = 2000, like-impr = 2.90439 per frame over 5.27745e+06 frames.
VLOG[1] (build-tree[5.5.0~1-40c7]:BuildTree():build-tree.cc:200) Including just phones that were split, improvement is 2.90439 per frame over 5.27745e+06 frames.
LOG (build-tree[5.5.0~1-40c7]:BuildTree():build-tree.cc:215) BuildTree: removed 504 leaves.
VLOG[1] (build-tree[5.5.0~1-40c7]:ClusterEventMapToNClustersRestrictedByMap():build-tree-utils.cc:914) Number of non-empty clusters in map = 41
VLOG[1] (build-tree[5.5.0~1-40c7]:ClusterEventMapToNClustersRestrictedByMap():build-tree-utils.cc:915) Number of non-empty clusters = 1458
VLOG[1] (build-tree[5.5.0~1-40c7]:BuildTree():build-tree.cc:256) Objf change due to clustering -0.029493 per frame.
VLOG[1] (build-tree[5.5.0~1-40c7]:BuildTree():build-tree.cc:259) Normalizing over only split phones, this is: -0.029493 per frame.
VLOG[1] (build-tree[5.5.0~1-40c7]:BuildTree():build-tree.cc:262) Num-leaves is now 1496
VLOG[1] (build-tree[5.5.0~1-40c7]:main():build-tree.cc:143) For pdf-id 2, low count 0
VLOG[1] (build-tree[5.5.0~1-40c7]:main():build-tree.cc:143) For pdf-id 3, low count 0
VLOG[1] (build-tree[5.5.0~1-40c7]:main():build-tree.cc:143) For pdf-id 4, low count 0
VLOG[1] (build-tree[5.5.0~1-40c7]:main():build-tree.cc:143) For pdf-id 8, low count 0
VLOG[1] (build-tree[5.5.0~1-40c7]:main():build-tree.cc:143) For pdf-id 9, low count 0
VLOG[1] (build-tree[5.5.0~1-40c7]:main():build-tree.cc:143) For pdf-id 11, low count 0
VLOG[1] (build-tree[5.5.0~1-40c7]:main():build-tree.cc:143) For pdf-id 12, low count 0
VLOG[1] (build-tree[5.5.0~1-40c7]:main():build-tree.cc:143) For pdf-id 13, low count 0
VLOG[1] (build-tree[5.5.0~1-40c7]:main():build-tree.cc:143) For pdf-id 14, low count 0
VLOG[1] (build-tree[5.5.0~1-40c7]:main():build-tree.cc:143) For pdf-id 16, low count 0
VLOG[1] (build-tree[5.5.0~1-40c7]:main():build-tree.cc:143) For pdf-id 17, low count 0
VLOG[1] (build-tree[5.5.0~1-40c7]:main():build-tree.cc:143) For pdf-id 19, low count 0
VLOG[1] (build-tree[5.5.0~1-40c7]:main():build-tree.cc:143) For pdf-id 20, low count 0
VLOG[1] (build-tree[5.5.0~1-40c7]:main():build-tree.cc:143) For pdf-id 25, low count 0
VLOG[1] (build-tree[5.5.0~1-40c7]:main():build-tree.cc:143) For pdf-id 26, low count 0
VLOG[1] (build-tree[5.5.0~1-40c7]:main():build-tree.cc:143) For pdf-id 27, low count 0
VLOG[1] (build-tree[5.5.0~1-40c7]:main():build-tree.cc:143) For pdf-id 28, low count 0
VLOG[1] (build-tree[5.5.0~1-40c7]:main():build-tree.cc:143) For pdf-id 29, low count 0
VLOG[1] (build-tree[5.5.0~1-40c7]:main():build-tree.cc:143) For pdf-id 32, low count 0
VLOG[1] (build-tree[5.5.0~1-40c7]:main():build-tree.cc:143) For pdf-id 33, low count 0
VLOG[1] (build-tree[5.5.0~1-40c7]:main():build-tree.cc:143) For pdf-id 35, low count 0
VLOG[1] (build-tree[5.5.0~1-40c7]:main():build-tree.cc:143) For pdf-id 39, low count 0
VLOG[1] (build-tree[5.5.0~1-40c7]:main():build-tree.cc:143) For pdf-id 40, low count 0
VLOG[1] (build-tree[5.5.0~1-40c7]:main():build-tree.cc:143) For pdf-id 49, low count 0
VLOG[1] (build-tree[5.5.0~1-40c7]:main():build-tree.cc:143) For pdf-id 50, low count 0
VLOG[1] (build-tree[5.5.0~1-40c7]:main():build-tree.cc:143) For pdf-id 51, low count 0
VLOG[1] (build-tree[5.5.0~1-40c7]:main():build-tree.cc:143) For pdf-id 52, low count 0
VLOG[1] (build-tree[5.5.0~1-40c7]:main():build-tree.cc:143) For pdf-id 53, low count 0
VLOG[1] (build-tree[5.5.0~1-40c7]:main():build-tree.cc:143) For pdf-id 54, low count 0
VLOG[1] (build-tree[5.5.0~1-40c7]:main():build-tree.cc:143) For pdf-id 55, low count 0
VLOG[1] (build-tree[5.5.0~1-40c7]:main():build-tree.cc:143) For pdf-id 56, low count 0
VLOG[1] (build-tree[5.5.0~1-40c7]:main():build-tree.cc:143) For pdf-id 57, low count 0
VLOG[1] (build-tree[5.5.0~1-40c7]:main():build-tree.cc:143) For pdf-id 58, low count 0
VLOG[1] (build-tree[5.5.0~1-40c7]:main():build-tree.cc:143) For pdf-id 60, low count 0
VLOG[1] (build-tree[5.5.0~1-40c7]:main():build-tree.cc:143) For pdf-id 61, low count 0
VLOG[1] (build-tree[5.5.0~1-40c7]:main():build-tree.cc:143) For pdf-id 63, low count 0
VLOG[1] (build-tree[5.5.0~1-40c7]:main():build-tree.cc:143) For pdf-id 71, low count 0
VLOG[1] (build-tree[5.5.0~1-40c7]:main():build-tree.cc:143) For pdf-id 72, low count 0
VLOG[1] (build-tree[5.5.0~1-40c7]:main():build-tree.cc:143) For pdf-id 311, low count 14
VLOG[1] (build-tree[5.5.0~1-40c7]:main():build-tree.cc:143) For pdf-id 392, low count 79
VLOG[1] (build-tree[5.5.0~1-40c7]:main():build-tree.cc:143) For pdf-id 400, low count 61
VLOG[1] (build-tree[5.5.0~1-40c7]:main():build-tree.cc:143) For pdf-id 409, low count 29
VLOG[1] (build-tree[5.5.0~1-40c7]:main():build-tree.cc:143) For pdf-id 416, low count 59
VLOG[1] (build-tree[5.5.0~1-40c7]:main():build-tree.cc:143) For pdf-id 444, low count 32
VLOG[1] (build-tree[5.5.0~1-40c7]:main():build-tree.cc:143) For pdf-id 578, low count 44
VLOG[1] (build-tree[5.5.0~1-40c7]:main():build-tree.cc:143) For pdf-id 618, low count 62
VLOG[1] (build-tree[5.5.0~1-40c7]:main():build-tree.cc:143) For pdf-id 639, low count 68
VLOG[1] (build-tree[5.5.0~1-40c7]:main():build-tree.cc:143) For pdf-id 670, low count 98
VLOG[1] (build-tree[5.5.0~1-40c7]:main():build-tree.cc:143) For pdf-id 676, low count 78
VLOG[1] (build-tree[5.5.0~1-40c7]:main():build-tree.cc:143) For pdf-id 717, low count 90
VLOG[1] (build-tree[5.5.0~1-40c7]:main():build-tree.cc:143) For pdf-id 744, low count 71
VLOG[1] (build-tree[5.5.0~1-40c7]:main():build-tree.cc:143) For pdf-id 869, low count 53
VLOG[1] (build-tree[5.5.0~1-40c7]:main():build-tree.cc:143) For pdf-id 878, low count 92
VLOG[1] (build-tree[5.5.0~1-40c7]:main():build-tree.cc:143) For pdf-id 913, low count 96
VLOG[1] (build-tree[5.5.0~1-40c7]:main():build-tree.cc:143) For pdf-id 926, low count 68
VLOG[1] (build-tree[5.5.0~1-40c7]:main():build-tree.cc:143) For pdf-id 1047, low count 69
VLOG[1] (build-tree[5.5.0~1-40c7]:main():build-tree.cc:143) For pdf-id 1064, low count 63
VLOG[1] (build-tree[5.5.0~1-40c7]:main():build-tree.cc:143) For pdf-id 1125, low count 60
VLOG[1] (build-tree[5.5.0~1-40c7]:main():build-tree.cc:143) For pdf-id 1150, low count 74
VLOG[1] (build-tree[5.5.0~1-40c7]:main():build-tree.cc:143) For pdf-id 1224, low count 46
VLOG[1] (build-tree[5.5.0~1-40c7]:main():build-tree.cc:143) For pdf-id 1314, low count 89
VLOG[1] (build-tree[5.5.0~1-40c7]:main():build-tree.cc:143) For pdf-id 1388, low count 71
VLOG[1] (build-tree[5.5.0~1-40c7]:main():build-tree.cc:143) For pdf-id 1484, low count 56
VLOG[1] (build-tree[5.5.0~1-40c7]:main():build-tree.cc:143) For pdf-id 1486, low count 54
WARNING (build-tree[5.5.0~1-40c7]:main():build-tree.cc:185) Saw no stats for following phones: 2 3 4 5 6 7 8 9 11 12 13 14 15 16 17 18 19 20 21 22 28 30 35 36 37 38 39 40 41 42 46 47 48 49 50 51 52 53 54 55 56 57 58 59 60 61 62 66 67 68 69 70 71 72 73 74 79 80 81 82 83 84 85 86 90 94 98 102 103 104 105 106 107 108 109 110 111 112 113 114 115 116 117 118 119 120 121 122 130 131 132 133 134 135 136 137 138 143 144 145 146 150 154 156 158 159 160 161 162 163 164 165 166 168 170 178 182 186 190 194 195 198 199 200 201 202 203 204 205 206 207 208 209 210 211 212 213 214 215 216 217 218 219 220 221 222 223 224 225 226 227 228 229 230 231 232 233 234 235 236 237 238 243 244 245 246 247 248 249 250 254 255 256 257 258 262 266 270 274 278 282 283 284 286 287 288 289 290 291 292 293 294 298 302 304 306 308 310 314 318 
LOG (build-tree[5.5.0~1-40c7]:main():build-tree.cc:189) Wrote tree
# Accounting: time=8 threads=1
# Ended (code 0) at Tue Dec  8 19:14:44 UTC 2020, elapsed time 8 seconds
