# compile-train-graphs --read-disambig-syms=data/lang/phones/disambig.int exp/mono6/tree exp/mono6/1.mdl data/lang/L.fst "ark:utils/sym2int.pl --map-oov 133027 -f 2- data/lang/words.txt < data/train/split4/1/text |" "ark:|gzip -c >exp/mono6/fsts.1.gz" 
# Started at Tue Dec  8 19:14:45 UTC 2020
#
compile-train-graphs --read-disambig-syms=data/lang/phones/disambig.int exp/mono6/tree exp/mono6/1.mdl data/lang/L.fst 'ark:utils/sym2int.pl --map-oov 133027 -f 2- data/lang/words.txt < data/train/split4/1/text |' 'ark:|gzip -c >exp/mono6/fsts.1.gz' 
sym2int.pl: replacing UNWORTHILY with 133027
sym2int.pl: replacing UNFAVOURABLE with 133027
sym2int.pl: replacing TOOTLES with 133027
sym2int.pl: replacing HULLO with 133027
sym2int.pl: replacing FALTERINGLY with 133027
sym2int.pl: replacing CRAFTILY with 133027
sym2int.pl: replacing TINK with 133027
sym2int.pl: replacing SILLIES with 133027
sym2int.pl: replacing TINK with 133027
sym2int.pl: replacing TINK with 133027
sym2int.pl: replacing TINK with 133027
sym2int.pl: replacing DARLING'S with 133027
sym2int.pl: replacing TOOTLES with 133027
sym2int.pl: replacing MERMAID'S with 133027
sym2int.pl: replacing DARNING with 133027
sym2int.pl: replacing HULLO with 133027
sym2int.pl: replacing NIGHTGOWN with 133027
sym2int.pl: replacing HULLO with 133027
sym2int.pl: replacing HULLO with 133027
sym2int.pl: replacing HULLO with 133027
sym2int.pl: not warning for OOVs any more times
** Replaced 448 instances of OOVs with 133027
LOG (compile-train-graphs[5.5.0~1-40c7]:main():compile-train-graphs.cc:147) compile-train-graphs: succeeded for 803 graphs, failed for 0
# Accounting: time=12 threads=1
# Ended (code 0) at Tue Dec  8 19:14:57 UTC 2020, elapsed time 12 seconds
