# compute-mfcc-feats --write-utt2dur=ark,t:exp/make_mfcc/data/train/utt2dur.14 --verbose=2 --config=conf/mfcc.conf scp,p:exp/make_mfcc/data/train/wav_train.14.scp ark:- | copy-feats --write-num-frames=ark,t:exp/make_mfcc/data/train/utt2num_frames.14 --compress=true ark:- ark,scp:/opt/kaldi/egs/disfluent-speech-to-text/mfcc/raw_mfcc_train.14.ark,/opt/kaldi/egs/disfluent-speech-to-text/mfcc/raw_mfcc_train.14.scp 
# Started at Thu Dec  3 01:37:15 UTC 2020
#
copy-feats --write-num-frames=ark,t:exp/make_mfcc/data/train/utt2num_frames.14 --compress=true ark:- ark,scp:/opt/kaldi/egs/disfluent-speech-to-text/mfcc/raw_mfcc_train.14.ark,/opt/kaldi/egs/disfluent-speech-to-text/mfcc/raw_mfcc_train.14.scp 
compute-mfcc-feats --write-utt2dur=ark,t:exp/make_mfcc/data/train/utt2dur.14 --verbose=2 --config=conf/mfcc.conf scp,p:exp/make_mfcc/data/train/wav_train.14.scp ark:- 
ERROR (compute-mfcc-feats[5.5.0~1-40c7]:Read():wave-reader.cc:190) WaveData: can read only PCM data, format id in file is: 3

[ Stack-Trace: ]
/opt/kaldi/src/lib/libkaldi-base.so(kaldi::MessageLogger::LogMessage() const+0xa71) [0x7f4db121b50f]
compute-mfcc-feats(kaldi::MessageLogger::LogAndThrow::operator=(kaldi::MessageLogger const&)+0x11) [0x55bcf3083343]
/opt/kaldi/src/lib/libkaldi-feat.so(kaldi::WaveInfo::Read(std::istream&)+0x12d3) [0x7f4db1fe1449]
/opt/kaldi/src/lib/libkaldi-feat.so(kaldi::WaveData::Read(std::istream&)+0x4a) [0x7f4db1fe2262]
compute-mfcc-feats(kaldi::WaveHolder::Read(std::istream&)+0xd) [0x55bcf30890e9]
compute-mfcc-feats(kaldi::SequentialTableReaderScriptImpl<kaldi::WaveHolder>::EnsureObjectLoaded()+0x161) [0x55bcf309027f]
compute-mfcc-feats(kaldi::SequentialTableReaderScriptImpl<kaldi::WaveHolder>::Next()+0x27) [0x55bcf3090b67]
compute-mfcc-feats(kaldi::SequentialTableReaderScriptImpl<kaldi::WaveHolder>::Open(std::__cxx11::basic_string<char, std::char_traits<char>, std::allocator<char> > const&)+0x29d) [0x55bcf3086361]
compute-mfcc-feats(kaldi::SequentialTableReader<kaldi::WaveHolder>::Open(std::__cxx11::basic_string<char, std::char_traits<char>, std::allocator<char> > const&)+0x1ed) [0x55bcf3089843]
compute-mfcc-feats(kaldi::SequentialTableReader<kaldi::WaveHolder>::SequentialTableReader(std::__cxx11::basic_string<char, std::char_traits<char>, std::allocator<char> > const&)+0x3e) [0x55bcf3089b54]
compute-mfcc-feats(main+0x824) [0x55bcf30806a4]
/lib/x86_64-linux-gnu/libc.so.6(__libc_start_main+0xf1) [0x7f4da99f22e1]
compute-mfcc-feats(_start+0x2a) [0x55bcf307fd7a]

WARNING (compute-mfcc-feats[5.5.0~1-40c7]:Read():feat/wave-reader.h:197) Exception caught in WaveHolder::Read(). kaldi::KaldiFatalError
WARNING (compute-mfcc-feats[5.5.0~1-40c7]:EnsureObjectLoaded():util/kaldi-table-inl.h:317) Failed to load object from /opt/kaldi/egs/disfluent-speech-to-text/augmented-data/27/27-124992-0013.wav
ERROR (compute-mfcc-feats[5.5.0~1-40c7]:Read():wave-reader.cc:190) WaveData: can read only PCM data, format id in file is: 3

[ Stack-Trace: ]
/opt/kaldi/src/lib/libkaldi-base.so(kaldi::MessageLogger::LogMessage() const+0xa71) [0x7f4db121b50f]
compute-mfcc-feats(kaldi::MessageLogger::LogAndThrow::operator=(kaldi::MessageLogger const&)+0x11) [0x55bcf3083343]
/opt/kaldi/src/lib/libkaldi-feat.so(kaldi::WaveInfo::Read(std::istream&)+0x12d3) [0x7f4db1fe1449]
/opt/kaldi/src/lib/libkaldi-feat.so(kaldi::WaveData::Read(std::istream&)+0x4a) [0x7f4db1fe2262]
compute-mfcc-feats(kaldi::WaveHolder::Read(std::istream&)+0xd) [0x55bcf30890e9]
compute-mfcc-feats(kaldi::SequentialTableReaderScriptImpl<kaldi::WaveHolder>::EnsureObjectLoaded()+0x161) [0x55bcf309027f]
compute-mfcc-feats(kaldi::SequentialTableReaderScriptImpl<kaldi::WaveHolder>::Next()+0x27) [0x55bcf3090b67]
compute-mfcc-feats(kaldi::SequentialTableReaderScriptImpl<kaldi::WaveHolder>::Open(std::__cxx11::basic_string<char, std::char_traits<char>, std::allocator<char> > const&)+0x29d) [0x55bcf3086361]
compute-mfcc-feats(kaldi::SequentialTableReader<kaldi::WaveHolder>::Open(std::__cxx11::basic_string<char, std::char_traits<char>, std::allocator<char> > const&)+0x1ed) [0x55bcf3089843]
compute-mfcc-feats(kaldi::SequentialTableReader<kaldi::WaveHolder>::SequentialTableReader(std::__cxx11::basic_string<char, std::char_traits<char>, std::allocator<char> > const&)+0x3e) [0x55bcf3089b54]
compute-mfcc-feats(main+0x824) [0x55bcf30806a4]
/lib/x86_64-linux-gnu/libc.so.6(__libc_start_main+0xf1) [0x7f4da99f22e1]
compute-mfcc-feats(_start+0x2a) [0x55bcf307fd7a]

WARNING (compute-mfcc-feats[5.5.0~1-40c7]:Read():feat/wave-reader.h:197) Exception caught in WaveHolder::Read(). kaldi::KaldiFatalError
WARNING (compute-mfcc-feats[5.5.0~1-40c7]:EnsureObjectLoaded():util/kaldi-table-inl.h:317) Failed to load object from /opt/kaldi/egs/disfluent-speech-to-text/augmented-data/27/27-124992-0014.wav
ERROR (compute-mfcc-feats[5.5.0~1-40c7]:Read():wave-reader.cc:190) WaveData: can read only PCM data, format id in file is: 3

[ Stack-Trace: ]
/opt/kaldi/src/lib/libkaldi-base.so(kaldi::MessageLogger::LogMessage() const+0xa71) [0x7f4db121b50f]
compute-mfcc-feats(kaldi::MessageLogger::LogAndThrow::operator=(kaldi::MessageLogger const&)+0x11) [0x55bcf3083343]
/opt/kaldi/src/lib/libkaldi-feat.so(kaldi::WaveInfo::Read(std::istream&)+0x12d3) [0x7f4db1fe1449]
/opt/kaldi/src/lib/libkaldi-feat.so(kaldi::WaveData::Read(std::istream&)+0x4a) [0x7f4db1fe2262]
compute-mfcc-feats(kaldi::WaveHolder::Read(std::istream&)+0xd) [0x55bcf30890e9]
compute-mfcc-feats(kaldi::SequentialTableReaderScriptImpl<kaldi::WaveHolder>::EnsureObjectLoaded()+0x161) [0x55bcf309027f]
compute-mfcc-feats(kaldi::SequentialTableReaderScriptImpl<kaldi::WaveHolder>::Next()+0x27) [0x55bcf3090b67]
compute-mfcc-feats(kaldi::SequentialTableReaderScriptImpl<kaldi::WaveHolder>::Open(std::__cxx11::basic_string<char, std::char_traits<char>, std::allocator<char> > const&)+0x29d) [0x55bcf3086361]
compute-mfcc-feats(kaldi::SequentialTableReader<kaldi::WaveHolder>::Open(std::__cxx11::basic_string<char, std::char_traits<char>, std::allocator<char> > const&)+0x1ed) [0x55bcf3089843]
compute-mfcc-feats(kaldi::SequentialTableReader<kaldi::WaveHolder>::SequentialTableReader(std::__cxx11::basic_string<char, std::char_traits<char>, std::allocator<char> > const&)+0x3e) [0x55bcf3089b54]
compute-mfcc-feats(main+0x824) [0x55bcf30806a4]
/lib/x86_64-linux-gnu/libc.so.6(__libc_start_main+0xf1) [0x7f4da99f22e1]
compute-mfcc-feats(_start+0x2a) [0x55bcf307fd7a]

WARNING (compute-mfcc-feats[5.5.0~1-40c7]:Read():feat/wave-reader.h:197) Exception caught in WaveHolder::Read(). kaldi::KaldiFatalError
WARNING (compute-mfcc-feats[5.5.0~1-40c7]:EnsureObjectLoaded():util/kaldi-table-inl.h:317) Failed to load object from /opt/kaldi/egs/disfluent-speech-to-text/augmented-data/27/27-124992-0015.wav
ERROR (compute-mfcc-feats[5.5.0~1-40c7]:Read():wave-reader.cc:190) WaveData: can read only PCM data, format id in file is: 3

[ Stack-Trace: ]
/opt/kaldi/src/lib/libkaldi-base.so(kaldi::MessageLogger::LogMessage() const+0xa71) [0x7f4db121b50f]
compute-mfcc-feats(kaldi::MessageLogger::LogAndThrow::operator=(kaldi::MessageLogger const&)+0x11) [0x55bcf3083343]
/opt/kaldi/src/lib/libkaldi-feat.so(kaldi::WaveInfo::Read(std::istream&)+0x12d3) [0x7f4db1fe1449]
/opt/kaldi/src/lib/libkaldi-feat.so(kaldi::WaveData::Read(std::istream&)+0x4a) [0x7f4db1fe2262]
compute-mfcc-feats(kaldi::WaveHolder::Read(std::istream&)+0xd) [0x55bcf30890e9]
compute-mfcc-feats(kaldi::SequentialTableReaderScriptImpl<kaldi::WaveHolder>::EnsureObjectLoaded()+0x161) [0x55bcf309027f]
compute-mfcc-feats(kaldi::SequentialTableReaderScriptImpl<kaldi::WaveHolder>::Next()+0x27) [0x55bcf3090b67]
compute-mfcc-feats(kaldi::SequentialTableReaderScriptImpl<kaldi::WaveHolder>::Open(std::__cxx11::basic_string<char, std::char_traits<char>, std::allocator<char> > const&)+0x29d) [0x55bcf3086361]
compute-mfcc-feats(kaldi::SequentialTableReader<kaldi::WaveHolder>::Open(std::__cxx11::basic_string<char, std::char_traits<char>, std::allocator<char> > const&)+0x1ed) [0x55bcf3089843]
compute-mfcc-feats(kaldi::SequentialTableReader<kaldi::WaveHolder>::SequentialTableReader(std::__cxx11::basic_string<char, std::char_traits<char>, std::allocator<char> > const&)+0x3e) [0x55bcf3089b54]
compute-mfcc-feats(main+0x824) [0x55bcf30806a4]
/lib/x86_64-linux-gnu/libc.so.6(__libc_start_main+0xf1) [0x7f4da99f22e1]
compute-mfcc-feats(_start+0x2a) [0x55bcf307fd7a]

WARNING (compute-mfcc-feats[5.5.0~1-40c7]:Read():feat/wave-reader.h:197) Exception caught in WaveHolder::Read(). kaldi::KaldiFatalError
WARNING (compute-mfcc-feats[5.5.0~1-40c7]:EnsureObjectLoaded():util/kaldi-table-inl.h:317) Failed to load object from /opt/kaldi/egs/disfluent-speech-to-text/augmented-data/27/27-124992-0016.wav
ERROR (compute-mfcc-feats[5.5.0~1-40c7]:Read():wave-reader.cc:190) WaveData: can read only PCM data, format id in file is: 3

[ Stack-Trace: ]
/opt/kaldi/src/lib/libkaldi-base.so(kaldi::MessageLogger::LogMessage() const+0xa71) [0x7f4db121b50f]
compute-mfcc-feats(kaldi::MessageLogger::LogAndThrow::operator=(kaldi::MessageLogger const&)+0x11) [0x55bcf3083343]
/opt/kaldi/src/lib/libkaldi-feat.so(kaldi::WaveInfo::Read(std::istream&)+0x12d3) [0x7f4db1fe1449]
/opt/kaldi/src/lib/libkaldi-feat.so(kaldi::WaveData::Read(std::istream&)+0x4a) [0x7f4db1fe2262]
compute-mfcc-feats(kaldi::WaveHolder::Read(std::istream&)+0xd) [0x55bcf30890e9]
compute-mfcc-feats(kaldi::SequentialTableReaderScriptImpl<kaldi::WaveHolder>::EnsureObjectLoaded()+0x161) [0x55bcf309027f]
compute-mfcc-feats(kaldi::SequentialTableReaderScriptImpl<kaldi::WaveHolder>::Next()+0x27) [0x55bcf3090b67]
compute-mfcc-feats(kaldi::SequentialTableReaderScriptImpl<kaldi::WaveHolder>::Open(std::__cxx11::basic_string<char, std::char_traits<char>, std::allocator<char> > const&)+0x29d) [0x55bcf3086361]
compute-mfcc-feats(kaldi::SequentialTableReader<kaldi::WaveHolder>::Open(std::__cxx11::basic_string<char, std::char_traits<char>, std::allocator<char> > const&)+0x1ed) [0x55bcf3089843]
compute-mfcc-feats(kaldi::SequentialTableReader<kaldi::WaveHolder>::SequentialTableReader(std::__cxx11::basic_string<char, std::char_traits<char>, std::allocator<char> > const&)+0x3e) [0x55bcf3089b54]
compute-mfcc-feats(main+0x824) [0x55bcf30806a4]
/lib/x86_64-linux-gnu/libc.so.6(__libc_start_main+0xf1) [0x7f4da99f22e1]
compute-mfcc-feats(_start+0x2a) [0x55bcf307fd7a]

WARNING (compute-mfcc-feats[5.5.0~1-40c7]:Read():feat/wave-reader.h:197) Exception caught in WaveHolder::Read(). kaldi::KaldiFatalError
WARNING (compute-mfcc-feats[5.5.0~1-40c7]:EnsureObjectLoaded():util/kaldi-table-inl.h:317) Failed to load object from /opt/kaldi/egs/disfluent-speech-to-text/augmented-data/27/27-124992-0017.wav
ERROR (compute-mfcc-feats[5.5.0~1-40c7]:Read():wave-reader.cc:190) WaveData: can read only PCM data, format id in file is: 3

[ Stack-Trace: ]
/opt/kaldi/src/lib/libkaldi-base.so(kaldi::MessageLogger::LogMessage() const+0xa71) [0x7f4db121b50f]
compute-mfcc-feats(kaldi::MessageLogger::LogAndThrow::operator=(kaldi::MessageLogger const&)+0x11) [0x55bcf3083343]
/opt/kaldi/src/lib/libkaldi-feat.so(kaldi::WaveInfo::Read(std::istream&)+0x12d3) [0x7f4db1fe1449]
/opt/kaldi/src/lib/libkaldi-feat.so(kaldi::WaveData::Read(std::istream&)+0x4a) [0x7f4db1fe2262]
compute-mfcc-feats(kaldi::WaveHolder::Read(std::istream&)+0xd) [0x55bcf30890e9]
compute-mfcc-feats(kaldi::SequentialTableReaderScriptImpl<kaldi::WaveHolder>::EnsureObjectLoaded()+0x161) [0x55bcf309027f]
compute-mfcc-feats(kaldi::SequentialTableReaderScriptImpl<kaldi::WaveHolder>::Next()+0x27) [0x55bcf3090b67]
compute-mfcc-feats(kaldi::SequentialTableReaderScriptImpl<kaldi::WaveHolder>::Open(std::__cxx11::basic_string<char, std::char_traits<char>, std::allocator<char> > const&)+0x29d) [0x55bcf3086361]
compute-mfcc-feats(kaldi::SequentialTableReader<kaldi::WaveHolder>::Open(std::__cxx11::basic_string<char, std::char_traits<char>, std::allocator<char> > const&)+0x1ed) [0x55bcf3089843]
compute-mfcc-feats(kaldi::SequentialTableReader<kaldi::WaveHolder>::SequentialTableReader(std::__cxx11::basic_string<char, std::char_traits<char>, std::allocator<char> > const&)+0x3e) [0x55bcf3089b54]
compute-mfcc-feats(main+0x824) [0x55bcf30806a4]
/lib/x86_64-linux-gnu/libc.so.6(__libc_start_main+0xf1) [0x7f4da99f22e1]
compute-mfcc-feats(_start+0x2a) [0x55bcf307fd7a]

WARNING (compute-mfcc-feats[5.5.0~1-40c7]:Read():feat/wave-reader.h:197) Exception caught in WaveHolder::Read(). kaldi::KaldiFatalError
WARNING (compute-mfcc-feats[5.5.0~1-40c7]:EnsureObjectLoaded():util/kaldi-table-inl.h:317) Failed to load object from /opt/kaldi/egs/disfluent-speech-to-text/augmented-data/27/27-124992-0018.wav
ERROR (compute-mfcc-feats[5.5.0~1-40c7]:Read():wave-reader.cc:190) WaveData: can read only PCM data, format id in file is: 3

[ Stack-Trace: ]
/opt/kaldi/src/lib/libkaldi-base.so(kaldi::MessageLogger::LogMessage() const+0xa71) [0x7f4db121b50f]
compute-mfcc-feats(kaldi::MessageLogger::LogAndThrow::operator=(kaldi::MessageLogger const&)+0x11) [0x55bcf3083343]
/opt/kaldi/src/lib/libkaldi-feat.so(kaldi::WaveInfo::Read(std::istream&)+0x12d3) [0x7f4db1fe1449]
/opt/kaldi/src/lib/libkaldi-feat.so(kaldi::WaveData::Read(std::istream&)+0x4a) [0x7f4db1fe2262]
compute-mfcc-feats(kaldi::WaveHolder::Read(std::istream&)+0xd) [0x55bcf30890e9]
compute-mfcc-feats(kaldi::SequentialTableReaderScriptImpl<kaldi::WaveHolder>::EnsureObjectLoaded()+0x161) [0x55bcf309027f]
compute-mfcc-feats(kaldi::SequentialTableReaderScriptImpl<kaldi::WaveHolder>::Next()+0x27) [0x55bcf3090b67]
compute-mfcc-feats(kaldi::SequentialTableReaderScriptImpl<kaldi::WaveHolder>::Open(std::__cxx11::basic_string<char, std::char_traits<char>, std::allocator<char> > const&)+0x29d) [0x55bcf3086361]
compute-mfcc-feats(kaldi::SequentialTableReader<kaldi::WaveHolder>::Open(std::__cxx11::basic_string<char, std::char_traits<char>, std::allocator<char> > const&)+0x1ed) [0x55bcf3089843]
compute-mfcc-feats(kaldi::SequentialTableReader<kaldi::WaveHolder>::SequentialTableReader(std::__cxx11::basic_string<char, std::char_traits<char>, std::allocator<char> > const&)+0x3e) [0x55bcf3089b54]
compute-mfcc-feats(main+0x824) [0x55bcf30806a4]
/lib/x86_64-linux-gnu/libc.so.6(__libc_start_main+0xf1) [0x7f4da99f22e1]
compute-mfcc-feats(_start+0x2a) [0x55bcf307fd7a]

WARNING (compute-mfcc-feats[5.5.0~1-40c7]:Read():feat/wave-reader.h:197) Exception caught in WaveHolder::Read(). kaldi::KaldiFatalError
WARNING (compute-mfcc-feats[5.5.0~1-40c7]:EnsureObjectLoaded():util/kaldi-table-inl.h:317) Failed to load object from /opt/kaldi/egs/disfluent-speech-to-text/augmented-data/27/27-124992-0019.wav
ERROR (compute-mfcc-feats[5.5.0~1-40c7]:Read():wave-reader.cc:190) WaveData: can read only PCM data, format id in file is: 3

[ Stack-Trace: ]
/opt/kaldi/src/lib/libkaldi-base.so(kaldi::MessageLogger::LogMessage() const+0xa71) [0x7f4db121b50f]
compute-mfcc-feats(kaldi::MessageLogger::LogAndThrow::operator=(kaldi::MessageLogger const&)+0x11) [0x55bcf3083343]
/opt/kaldi/src/lib/libkaldi-feat.so(kaldi::WaveInfo::Read(std::istream&)+0x12d3) [0x7f4db1fe1449]
/opt/kaldi/src/lib/libkaldi-feat.so(kaldi::WaveData::Read(std::istream&)+0x4a) [0x7f4db1fe2262]
compute-mfcc-feats(kaldi::WaveHolder::Read(std::istream&)+0xd) [0x55bcf30890e9]
compute-mfcc-feats(kaldi::SequentialTableReaderScriptImpl<kaldi::WaveHolder>::EnsureObjectLoaded()+0x161) [0x55bcf309027f]
compute-mfcc-feats(kaldi::SequentialTableReaderScriptImpl<kaldi::WaveHolder>::Next()+0x27) [0x55bcf3090b67]
compute-mfcc-feats(kaldi::SequentialTableReaderScriptImpl<kaldi::WaveHolder>::Open(std::__cxx11::basic_string<char, std::char_traits<char>, std::allocator<char> > const&)+0x29d) [0x55bcf3086361]
compute-mfcc-feats(kaldi::SequentialTableReader<kaldi::WaveHolder>::Open(std::__cxx11::basic_string<char, std::char_traits<char>, std::allocator<char> > const&)+0x1ed) [0x55bcf3089843]
compute-mfcc-feats(kaldi::SequentialTableReader<kaldi::WaveHolder>::SequentialTableReader(std::__cxx11::basic_string<char, std::char_traits<char>, std::allocator<char> > const&)+0x3e) [0x55bcf3089b54]
compute-mfcc-feats(main+0x824) [0x55bcf30806a4]
/lib/x86_64-linux-gnu/libc.so.6(__libc_start_main+0xf1) [0x7f4da99f22e1]
compute-mfcc-feats(_start+0x2a) [0x55bcf307fd7a]

WARNING (compute-mfcc-feats[5.5.0~1-40c7]:Read():feat/wave-reader.h:197) Exception caught in WaveHolder::Read(). kaldi::KaldiFatalError
WARNING (compute-mfcc-feats[5.5.0~1-40c7]:EnsureObjectLoaded():util/kaldi-table-inl.h:317) Failed to load object from /opt/kaldi/egs/disfluent-speech-to-text/augmented-data/27/27-124992-0020.wav
ERROR (compute-mfcc-feats[5.5.0~1-40c7]:Read():wave-reader.cc:190) WaveData: can read only PCM data, format id in file is: 3

[ Stack-Trace: ]
/opt/kaldi/src/lib/libkaldi-base.so(kaldi::MessageLogger::LogMessage() const+0xa71) [0x7f4db121b50f]
compute-mfcc-feats(kaldi::MessageLogger::LogAndThrow::operator=(kaldi::MessageLogger const&)+0x11) [0x55bcf3083343]
/opt/kaldi/src/lib/libkaldi-feat.so(kaldi::WaveInfo::Read(std::istream&)+0x12d3) [0x7f4db1fe1449]
/opt/kaldi/src/lib/libkaldi-feat.so(kaldi::WaveData::Read(std::istream&)+0x4a) [0x7f4db1fe2262]
compute-mfcc-feats(kaldi::WaveHolder::Read(std::istream&)+0xd) [0x55bcf30890e9]
compute-mfcc-feats(kaldi::SequentialTableReaderScriptImpl<kaldi::WaveHolder>::EnsureObjectLoaded()+0x161) [0x55bcf309027f]
compute-mfcc-feats(kaldi::SequentialTableReaderScriptImpl<kaldi::WaveHolder>::Next()+0x27) [0x55bcf3090b67]
compute-mfcc-feats(kaldi::SequentialTableReaderScriptImpl<kaldi::WaveHolder>::Open(std::__cxx11::basic_string<char, std::char_traits<char>, std::allocator<char> > const&)+0x29d) [0x55bcf3086361]
compute-mfcc-feats(kaldi::SequentialTableReader<kaldi::WaveHolder>::Open(std::__cxx11::basic_string<char, std::char_traits<char>, std::allocator<char> > const&)+0x1ed) [0x55bcf3089843]
compute-mfcc-feats(kaldi::SequentialTableReader<kaldi::WaveHolder>::SequentialTableReader(std::__cxx11::basic_string<char, std::char_traits<char>, std::allocator<char> > const&)+0x3e) [0x55bcf3089b54]
compute-mfcc-feats(main+0x824) [0x55bcf30806a4]
/lib/x86_64-linux-gnu/libc.so.6(__libc_start_main+0xf1) [0x7f4da99f22e1]
compute-mfcc-feats(_start+0x2a) [0x55bcf307fd7a]

WARNING (compute-mfcc-feats[5.5.0~1-40c7]:Read():feat/wave-reader.h:197) Exception caught in WaveHolder::Read(). kaldi::KaldiFatalError
WARNING (compute-mfcc-feats[5.5.0~1-40c7]:EnsureObjectLoaded():util/kaldi-table-inl.h:317) Failed to load object from /opt/kaldi/egs/disfluent-speech-to-text/augmented-data/27/27-124992-0021.wav
ERROR (compute-mfcc-feats[5.5.0~1-40c7]:Read():wave-reader.cc:190) WaveData: can read only PCM data, format id in file is: 3

[ Stack-Trace: ]
/opt/kaldi/src/lib/libkaldi-base.so(kaldi::MessageLogger::LogMessage() const+0xa71) [0x7f4db121b50f]
compute-mfcc-feats(kaldi::MessageLogger::LogAndThrow::operator=(kaldi::MessageLogger const&)+0x11) [0x55bcf3083343]
/opt/kaldi/src/lib/libkaldi-feat.so(kaldi::WaveInfo::Read(std::istream&)+0x12d3) [0x7f4db1fe1449]
/opt/kaldi/src/lib/libkaldi-feat.so(kaldi::WaveData::Read(std::istream&)+0x4a) [0x7f4db1fe2262]
compute-mfcc-feats(kaldi::WaveHolder::Read(std::istream&)+0xd) [0x55bcf30890e9]
compute-mfcc-feats(kaldi::SequentialTableReaderScriptImpl<kaldi::WaveHolder>::EnsureObjectLoaded()+0x161) [0x55bcf309027f]
compute-mfcc-feats(kaldi::SequentialTableReaderScriptImpl<kaldi::WaveHolder>::Next()+0x27) [0x55bcf3090b67]
compute-mfcc-feats(kaldi::SequentialTableReaderScriptImpl<kaldi::WaveHolder>::Open(std::__cxx11::basic_string<char, std::char_traits<char>, std::allocator<char> > const&)+0x29d) [0x55bcf3086361]
compute-mfcc-feats(kaldi::SequentialTableReader<kaldi::WaveHolder>::Open(std::__cxx11::basic_string<char, std::char_traits<char>, std::allocator<char> > const&)+0x1ed) [0x55bcf3089843]
compute-mfcc-feats(kaldi::SequentialTableReader<kaldi::WaveHolder>::SequentialTableReader(std::__cxx11::basic_string<char, std::char_traits<char>, std::allocator<char> > const&)+0x3e) [0x55bcf3089b54]
compute-mfcc-feats(main+0x824) [0x55bcf30806a4]
/lib/x86_64-linux-gnu/libc.so.6(__libc_start_main+0xf1) [0x7f4da99f22e1]
compute-mfcc-feats(_start+0x2a) [0x55bcf307fd7a]

WARNING (compute-mfcc-feats[5.5.0~1-40c7]:Read():feat/wave-reader.h:197) Exception caught in WaveHolder::Read(). kaldi::KaldiFatalError
WARNING (compute-mfcc-feats[5.5.0~1-40c7]:EnsureObjectLoaded():util/kaldi-table-inl.h:317) Failed to load object from /opt/kaldi/egs/disfluent-speech-to-text/augmented-data/27/27-124992-0022.wav
ERROR (compute-mfcc-feats[5.5.0~1-40c7]:Read():wave-reader.cc:190) WaveData: can read only PCM data, format id in file is: 3

[ Stack-Trace: ]
/opt/kaldi/src/lib/libkaldi-base.so(kaldi::MessageLogger::LogMessage() const+0xa71) [0x7f4db121b50f]
compute-mfcc-feats(kaldi::MessageLogger::LogAndThrow::operator=(kaldi::MessageLogger const&)+0x11) [0x55bcf3083343]
/opt/kaldi/src/lib/libkaldi-feat.so(kaldi::WaveInfo::Read(std::istream&)+0x12d3) [0x7f4db1fe1449]
/opt/kaldi/src/lib/libkaldi-feat.so(kaldi::WaveData::Read(std::istream&)+0x4a) [0x7f4db1fe2262]
compute-mfcc-feats(kaldi::WaveHolder::Read(std::istream&)+0xd) [0x55bcf30890e9]
compute-mfcc-feats(kaldi::SequentialTableReaderScriptImpl<kaldi::WaveHolder>::EnsureObjectLoaded()+0x161) [0x55bcf309027f]
compute-mfcc-feats(kaldi::SequentialTableReaderScriptImpl<kaldi::WaveHolder>::Next()+0x27) [0x55bcf3090b67]
compute-mfcc-feats(kaldi::SequentialTableReaderScriptImpl<kaldi::WaveHolder>::Open(std::__cxx11::basic_string<char, std::char_traits<char>, std::allocator<char> > const&)+0x29d) [0x55bcf3086361]
compute-mfcc-feats(kaldi::SequentialTableReader<kaldi::WaveHolder>::Open(std::__cxx11::basic_string<char, std::char_traits<char>, std::allocator<char> > const&)+0x1ed) [0x55bcf3089843]
compute-mfcc-feats(kaldi::SequentialTableReader<kaldi::WaveHolder>::SequentialTableReader(std::__cxx11::basic_string<char, std::char_traits<char>, std::allocator<char> > const&)+0x3e) [0x55bcf3089b54]
compute-mfcc-feats(main+0x824) [0x55bcf30806a4]
/lib/x86_64-linux-gnu/libc.so.6(__libc_start_main+0xf1) [0x7f4da99f22e1]
compute-mfcc-feats(_start+0x2a) [0x55bcf307fd7a]

WARNING (compute-mfcc-feats[5.5.0~1-40c7]:Read():feat/wave-reader.h:197) Exception caught in WaveHolder::Read(). kaldi::KaldiFatalError
WARNING (compute-mfcc-feats[5.5.0~1-40c7]:EnsureObjectLoaded():util/kaldi-table-inl.h:317) Failed to load object from /opt/kaldi/egs/disfluent-speech-to-text/augmented-data/27/27-124992-0023.wav
ERROR (compute-mfcc-feats[5.5.0~1-40c7]:Read():wave-reader.cc:190) WaveData: can read only PCM data, format id in file is: 3

[ Stack-Trace: ]
/opt/kaldi/src/lib/libkaldi-base.so(kaldi::MessageLogger::LogMessage() const+0xa71) [0x7f4db121b50f]
compute-mfcc-feats(kaldi::MessageLogger::LogAndThrow::operator=(kaldi::MessageLogger const&)+0x11) [0x55bcf3083343]
/opt/kaldi/src/lib/libkaldi-feat.so(kaldi::WaveInfo::Read(std::istream&)+0x12d3) [0x7f4db1fe1449]
/opt/kaldi/src/lib/libkaldi-feat.so(kaldi::WaveData::Read(std::istream&)+0x4a) [0x7f4db1fe2262]
compute-mfcc-feats(kaldi::WaveHolder::Read(std::istream&)+0xd) [0x55bcf30890e9]
compute-mfcc-feats(kaldi::SequentialTableReaderScriptImpl<kaldi::WaveHolder>::EnsureObjectLoaded()+0x161) [0x55bcf309027f]
compute-mfcc-feats(kaldi::SequentialTableReaderScriptImpl<kaldi::WaveHolder>::Next()+0x27) [0x55bcf3090b67]
compute-mfcc-feats(kaldi::SequentialTableReaderScriptImpl<kaldi::WaveHolder>::Open(std::__cxx11::basic_string<char, std::char_traits<char>, std::allocator<char> > const&)+0x29d) [0x55bcf3086361]
compute-mfcc-feats(kaldi::SequentialTableReader<kaldi::WaveHolder>::Open(std::__cxx11::basic_string<char, std::char_traits<char>, std::allocator<char> > const&)+0x1ed) [0x55bcf3089843]
compute-mfcc-feats(kaldi::SequentialTableReader<kaldi::WaveHolder>::SequentialTableReader(std::__cxx11::basic_string<char, std::char_traits<char>, std::allocator<char> > const&)+0x3e) [0x55bcf3089b54]
compute-mfcc-feats(main+0x824) [0x55bcf30806a4]
/lib/x86_64-linux-gnu/libc.so.6(__libc_start_main+0xf1) [0x7f4da99f22e1]
compute-mfcc-feats(_start+0x2a) [0x55bcf307fd7a]

WARNING (compute-mfcc-feats[5.5.0~1-40c7]:Read():feat/wave-reader.h:197) Exception caught in WaveHolder::Read(). kaldi::KaldiFatalError
WARNING (compute-mfcc-feats[5.5.0~1-40c7]:EnsureObjectLoaded():util/kaldi-table-inl.h:317) Failed to load object from /opt/kaldi/egs/disfluent-speech-to-text/augmented-data/27/27-124992-0024.wav
ERROR (compute-mfcc-feats[5.5.0~1-40c7]:Read():wave-reader.cc:190) WaveData: can read only PCM data, format id in file is: 3

[ Stack-Trace: ]
/opt/kaldi/src/lib/libkaldi-base.so(kaldi::MessageLogger::LogMessage() const+0xa71) [0x7f4db121b50f]
compute-mfcc-feats(kaldi::MessageLogger::LogAndThrow::operator=(kaldi::MessageLogger const&)+0x11) [0x55bcf3083343]
/opt/kaldi/src/lib/libkaldi-feat.so(kaldi::WaveInfo::Read(std::istream&)+0x12d3) [0x7f4db1fe1449]
/opt/kaldi/src/lib/libkaldi-feat.so(kaldi::WaveData::Read(std::istream&)+0x4a) [0x7f4db1fe2262]
compute-mfcc-feats(kaldi::WaveHolder::Read(std::istream&)+0xd) [0x55bcf30890e9]
compute-mfcc-feats(kaldi::SequentialTableReaderScriptImpl<kaldi::WaveHolder>::EnsureObjectLoaded()+0x161) [0x55bcf309027f]
compute-mfcc-feats(kaldi::SequentialTableReaderScriptImpl<kaldi::WaveHolder>::Next()+0x27) [0x55bcf3090b67]
compute-mfcc-feats(kaldi::SequentialTableReaderScriptImpl<kaldi::WaveHolder>::Open(std::__cxx11::basic_string<char, std::char_traits<char>, std::allocator<char> > const&)+0x29d) [0x55bcf3086361]
compute-mfcc-feats(kaldi::SequentialTableReader<kaldi::WaveHolder>::Open(std::__cxx11::basic_string<char, std::char_traits<char>, std::allocator<char> > const&)+0x1ed) [0x55bcf3089843]
compute-mfcc-feats(kaldi::SequentialTableReader<kaldi::WaveHolder>::SequentialTableReader(std::__cxx11::basic_string<char, std::char_traits<char>, std::allocator<char> > const&)+0x3e) [0x55bcf3089b54]
compute-mfcc-feats(main+0x824) [0x55bcf30806a4]
/lib/x86_64-linux-gnu/libc.so.6(__libc_start_main+0xf1) [0x7f4da99f22e1]
compute-mfcc-feats(_start+0x2a) [0x55bcf307fd7a]

WARNING (compute-mfcc-feats[5.5.0~1-40c7]:Read():feat/wave-reader.h:197) Exception caught in WaveHolder::Read(). kaldi::KaldiFatalError
WARNING (compute-mfcc-feats[5.5.0~1-40c7]:EnsureObjectLoaded():util/kaldi-table-inl.h:317) Failed to load object from /opt/kaldi/egs/disfluent-speech-to-text/augmented-data/27/27-124992-0025.wav
ERROR (compute-mfcc-feats[5.5.0~1-40c7]:Read():wave-reader.cc:190) WaveData: can read only PCM data, format id in file is: 3

[ Stack-Trace: ]
/opt/kaldi/src/lib/libkaldi-base.so(kaldi::MessageLogger::LogMessage() const+0xa71) [0x7f4db121b50f]
compute-mfcc-feats(kaldi::MessageLogger::LogAndThrow::operator=(kaldi::MessageLogger const&)+0x11) [0x55bcf3083343]
/opt/kaldi/src/lib/libkaldi-feat.so(kaldi::WaveInfo::Read(std::istream&)+0x12d3) [0x7f4db1fe1449]
/opt/kaldi/src/lib/libkaldi-feat.so(kaldi::WaveData::Read(std::istream&)+0x4a) [0x7f4db1fe2262]
compute-mfcc-feats(kaldi::WaveHolder::Read(std::istream&)+0xd) [0x55bcf30890e9]
compute-mfcc-feats(kaldi::SequentialTableReaderScriptImpl<kaldi::WaveHolder>::EnsureObjectLoaded()+0x161) [0x55bcf309027f]
compute-mfcc-feats(kaldi::SequentialTableReaderScriptImpl<kaldi::WaveHolder>::Next()+0x27) [0x55bcf3090b67]
compute-mfcc-feats(kaldi::SequentialTableReaderScriptImpl<kaldi::WaveHolder>::Open(std::__cxx11::basic_string<char, std::char_traits<char>, std::allocator<char> > const&)+0x29d) [0x55bcf3086361]
compute-mfcc-feats(kaldi::SequentialTableReader<kaldi::WaveHolder>::Open(std::__cxx11::basic_string<char, std::char_traits<char>, std::allocator<char> > const&)+0x1ed) [0x55bcf3089843]
compute-mfcc-feats(kaldi::SequentialTableReader<kaldi::WaveHolder>::SequentialTableReader(std::__cxx11::basic_string<char, std::char_traits<char>, std::allocator<char> > const&)+0x3e) [0x55bcf3089b54]
compute-mfcc-feats(main+0x824) [0x55bcf30806a4]
/lib/x86_64-linux-gnu/libc.so.6(__libc_start_main+0xf1) [0x7f4da99f22e1]
compute-mfcc-feats(_start+0x2a) [0x55bcf307fd7a]

WARNING (compute-mfcc-feats[5.5.0~1-40c7]:Read():feat/wave-reader.h:197) Exception caught in WaveHolder::Read(). kaldi::KaldiFatalError
WARNING (compute-mfcc-feats[5.5.0~1-40c7]:EnsureObjectLoaded():util/kaldi-table-inl.h:317) Failed to load object from /opt/kaldi/egs/disfluent-speech-to-text/augmented-data/27/27-124992-0026.wav
ERROR (compute-mfcc-feats[5.5.0~1-40c7]:Read():wave-reader.cc:190) WaveData: can read only PCM data, format id in file is: 3

[ Stack-Trace: ]
/opt/kaldi/src/lib/libkaldi-base.so(kaldi::MessageLogger::LogMessage() const+0xa71) [0x7f4db121b50f]
compute-mfcc-feats(kaldi::MessageLogger::LogAndThrow::operator=(kaldi::MessageLogger const&)+0x11) [0x55bcf3083343]
/opt/kaldi/src/lib/libkaldi-feat.so(kaldi::WaveInfo::Read(std::istream&)+0x12d3) [0x7f4db1fe1449]
/opt/kaldi/src/lib/libkaldi-feat.so(kaldi::WaveData::Read(std::istream&)+0x4a) [0x7f4db1fe2262]
compute-mfcc-feats(kaldi::WaveHolder::Read(std::istream&)+0xd) [0x55bcf30890e9]
compute-mfcc-feats(kaldi::SequentialTableReaderScriptImpl<kaldi::WaveHolder>::EnsureObjectLoaded()+0x161) [0x55bcf309027f]
compute-mfcc-feats(kaldi::SequentialTableReaderScriptImpl<kaldi::WaveHolder>::Next()+0x27) [0x55bcf3090b67]
compute-mfcc-feats(kaldi::SequentialTableReaderScriptImpl<kaldi::WaveHolder>::Open(std::__cxx11::basic_string<char, std::char_traits<char>, std::allocator<char> > const&)+0x29d) [0x55bcf3086361]
compute-mfcc-feats(kaldi::SequentialTableReader<kaldi::WaveHolder>::Open(std::__cxx11::basic_string<char, std::char_traits<char>, std::allocator<char> > const&)+0x1ed) [0x55bcf3089843]
compute-mfcc-feats(kaldi::SequentialTableReader<kaldi::WaveHolder>::SequentialTableReader(std::__cxx11::basic_string<char, std::char_traits<char>, std::allocator<char> > const&)+0x3e) [0x55bcf3089b54]
compute-mfcc-feats(main+0x824) [0x55bcf30806a4]
/lib/x86_64-linux-gnu/libc.so.6(__libc_start_main+0xf1) [0x7f4da99f22e1]
compute-mfcc-feats(_start+0x2a) [0x55bcf307fd7a]

WARNING (compute-mfcc-feats[5.5.0~1-40c7]:Read():feat/wave-reader.h:197) Exception caught in WaveHolder::Read(). kaldi::KaldiFatalError
WARNING (compute-mfcc-feats[5.5.0~1-40c7]:EnsureObjectLoaded():util/kaldi-table-inl.h:317) Failed to load object from /opt/kaldi/egs/disfluent-speech-to-text/augmented-data/27/27-124992-0027.wav
ERROR (compute-mfcc-feats[5.5.0~1-40c7]:Read():wave-reader.cc:190) WaveData: can read only PCM data, format id in file is: 3

[ Stack-Trace: ]
/opt/kaldi/src/lib/libkaldi-base.so(kaldi::MessageLogger::LogMessage() const+0xa71) [0x7f4db121b50f]
compute-mfcc-feats(kaldi::MessageLogger::LogAndThrow::operator=(kaldi::MessageLogger const&)+0x11) [0x55bcf3083343]
/opt/kaldi/src/lib/libkaldi-feat.so(kaldi::WaveInfo::Read(std::istream&)+0x12d3) [0x7f4db1fe1449]
/opt/kaldi/src/lib/libkaldi-feat.so(kaldi::WaveData::Read(std::istream&)+0x4a) [0x7f4db1fe2262]
compute-mfcc-feats(kaldi::WaveHolder::Read(std::istream&)+0xd) [0x55bcf30890e9]
compute-mfcc-feats(kaldi::SequentialTableReaderScriptImpl<kaldi::WaveHolder>::EnsureObjectLoaded()+0x161) [0x55bcf309027f]
compute-mfcc-feats(kaldi::SequentialTableReaderScriptImpl<kaldi::WaveHolder>::Next()+0x27) [0x55bcf3090b67]
compute-mfcc-feats(kaldi::SequentialTableReaderScriptImpl<kaldi::WaveHolder>::Open(std::__cxx11::basic_string<char, std::char_traits<char>, std::allocator<char> > const&)+0x29d) [0x55bcf3086361]
compute-mfcc-feats(kaldi::SequentialTableReader<kaldi::WaveHolder>::Open(std::__cxx11::basic_string<char, std::char_traits<char>, std::allocator<char> > const&)+0x1ed) [0x55bcf3089843]
compute-mfcc-feats(kaldi::SequentialTableReader<kaldi::WaveHolder>::SequentialTableReader(std::__cxx11::basic_string<char, std::char_traits<char>, std::allocator<char> > const&)+0x3e) [0x55bcf3089b54]
compute-mfcc-feats(main+0x824) [0x55bcf30806a4]
/lib/x86_64-linux-gnu/libc.so.6(__libc_start_main+0xf1) [0x7f4da99f22e1]
compute-mfcc-feats(_start+0x2a) [0x55bcf307fd7a]

WARNING (compute-mfcc-feats[5.5.0~1-40c7]:Read():feat/wave-reader.h:197) Exception caught in WaveHolder::Read(). kaldi::KaldiFatalError
WARNING (compute-mfcc-feats[5.5.0~1-40c7]:EnsureObjectLoaded():util/kaldi-table-inl.h:317) Failed to load object from /opt/kaldi/egs/disfluent-speech-to-text/augmented-data/27/27-124992-0028.wav
ERROR (compute-mfcc-feats[5.5.0~1-40c7]:Read():wave-reader.cc:190) WaveData: can read only PCM data, format id in file is: 3

[ Stack-Trace: ]
/opt/kaldi/src/lib/libkaldi-base.so(kaldi::MessageLogger::LogMessage() const+0xa71) [0x7f4db121b50f]
compute-mfcc-feats(kaldi::MessageLogger::LogAndThrow::operator=(kaldi::MessageLogger const&)+0x11) [0x55bcf3083343]
/opt/kaldi/src/lib/libkaldi-feat.so(kaldi::WaveInfo::Read(std::istream&)+0x12d3) [0x7f4db1fe1449]
/opt/kaldi/src/lib/libkaldi-feat.so(kaldi::WaveData::Read(std::istream&)+0x4a) [0x7f4db1fe2262]
compute-mfcc-feats(kaldi::WaveHolder::Read(std::istream&)+0xd) [0x55bcf30890e9]
compute-mfcc-feats(kaldi::SequentialTableReaderScriptImpl<kaldi::WaveHolder>::EnsureObjectLoaded()+0x161) [0x55bcf309027f]
compute-mfcc-feats(kaldi::SequentialTableReaderScriptImpl<kaldi::WaveHolder>::Next()+0x27) [0x55bcf3090b67]
compute-mfcc-feats(kaldi::SequentialTableReaderScriptImpl<kaldi::WaveHolder>::Open(std::__cxx11::basic_string<char, std::char_traits<char>, std::allocator<char> > const&)+0x29d) [0x55bcf3086361]
compute-mfcc-feats(kaldi::SequentialTableReader<kaldi::WaveHolder>::Open(std::__cxx11::basic_string<char, std::char_traits<char>, std::allocator<char> > const&)+0x1ed) [0x55bcf3089843]
compute-mfcc-feats(kaldi::SequentialTableReader<kaldi::WaveHolder>::SequentialTableReader(std::__cxx11::basic_string<char, std::char_traits<char>, std::allocator<char> > const&)+0x3e) [0x55bcf3089b54]
compute-mfcc-feats(main+0x824) [0x55bcf30806a4]
/lib/x86_64-linux-gnu/libc.so.6(__libc_start_main+0xf1) [0x7f4da99f22e1]
compute-mfcc-feats(_start+0x2a) [0x55bcf307fd7a]

WARNING (compute-mfcc-feats[5.5.0~1-40c7]:Read():feat/wave-reader.h:197) Exception caught in WaveHolder::Read(). kaldi::KaldiFatalError
WARNING (compute-mfcc-feats[5.5.0~1-40c7]:EnsureObjectLoaded():util/kaldi-table-inl.h:317) Failed to load object from /opt/kaldi/egs/disfluent-speech-to-text/augmented-data/27/27-124992-0029.wav
ERROR (compute-mfcc-feats[5.5.0~1-40c7]:Read():wave-reader.cc:190) WaveData: can read only PCM data, format id in file is: 3

[ Stack-Trace: ]
/opt/kaldi/src/lib/libkaldi-base.so(kaldi::MessageLogger::LogMessage() const+0xa71) [0x7f4db121b50f]
compute-mfcc-feats(kaldi::MessageLogger::LogAndThrow::operator=(kaldi::MessageLogger const&)+0x11) [0x55bcf3083343]
/opt/kaldi/src/lib/libkaldi-feat.so(kaldi::WaveInfo::Read(std::istream&)+0x12d3) [0x7f4db1fe1449]
/opt/kaldi/src/lib/libkaldi-feat.so(kaldi::WaveData::Read(std::istream&)+0x4a) [0x7f4db1fe2262]
compute-mfcc-feats(kaldi::WaveHolder::Read(std::istream&)+0xd) [0x55bcf30890e9]
compute-mfcc-feats(kaldi::SequentialTableReaderScriptImpl<kaldi::WaveHolder>::EnsureObjectLoaded()+0x161) [0x55bcf309027f]
compute-mfcc-feats(kaldi::SequentialTableReaderScriptImpl<kaldi::WaveHolder>::Next()+0x27) [0x55bcf3090b67]
compute-mfcc-feats(kaldi::SequentialTableReaderScriptImpl<kaldi::WaveHolder>::Open(std::__cxx11::basic_string<char, std::char_traits<char>, std::allocator<char> > const&)+0x29d) [0x55bcf3086361]
compute-mfcc-feats(kaldi::SequentialTableReader<kaldi::WaveHolder>::Open(std::__cxx11::basic_string<char, std::char_traits<char>, std::allocator<char> > const&)+0x1ed) [0x55bcf3089843]
compute-mfcc-feats(kaldi::SequentialTableReader<kaldi::WaveHolder>::SequentialTableReader(std::__cxx11::basic_string<char, std::char_traits<char>, std::allocator<char> > const&)+0x3e) [0x55bcf3089b54]
compute-mfcc-feats(main+0x824) [0x55bcf30806a4]
/lib/x86_64-linux-gnu/libc.so.6(__libc_start_main+0xf1) [0x7f4da99f22e1]
compute-mfcc-feats(_start+0x2a) [0x55bcf307fd7a]

WARNING (compute-mfcc-feats[5.5.0~1-40c7]:Read():feat/wave-reader.h:197) Exception caught in WaveHolder::Read(). kaldi::KaldiFatalError
WARNING (compute-mfcc-feats[5.5.0~1-40c7]:EnsureObjectLoaded():util/kaldi-table-inl.h:317) Failed to load object from /opt/kaldi/egs/disfluent-speech-to-text/augmented-data/27/27-124992-0030.wav
ERROR (compute-mfcc-feats[5.5.0~1-40c7]:Read():wave-reader.cc:190) WaveData: can read only PCM data, format id in file is: 3

[ Stack-Trace: ]
/opt/kaldi/src/lib/libkaldi-base.so(kaldi::MessageLogger::LogMessage() const+0xa71) [0x7f4db121b50f]
compute-mfcc-feats(kaldi::MessageLogger::LogAndThrow::operator=(kaldi::MessageLogger const&)+0x11) [0x55bcf3083343]
/opt/kaldi/src/lib/libkaldi-feat.so(kaldi::WaveInfo::Read(std::istream&)+0x12d3) [0x7f4db1fe1449]
/opt/kaldi/src/lib/libkaldi-feat.so(kaldi::WaveData::Read(std::istream&)+0x4a) [0x7f4db1fe2262]
compute-mfcc-feats(kaldi::WaveHolder::Read(std::istream&)+0xd) [0x55bcf30890e9]
compute-mfcc-feats(kaldi::SequentialTableReaderScriptImpl<kaldi::WaveHolder>::EnsureObjectLoaded()+0x161) [0x55bcf309027f]
compute-mfcc-feats(kaldi::SequentialTableReaderScriptImpl<kaldi::WaveHolder>::Next()+0x27) [0x55bcf3090b67]
compute-mfcc-feats(kaldi::SequentialTableReaderScriptImpl<kaldi::WaveHolder>::Open(std::__cxx11::basic_string<char, std::char_traits<char>, std::allocator<char> > const&)+0x29d) [0x55bcf3086361]
compute-mfcc-feats(kaldi::SequentialTableReader<kaldi::WaveHolder>::Open(std::__cxx11::basic_string<char, std::char_traits<char>, std::allocator<char> > const&)+0x1ed) [0x55bcf3089843]
compute-mfcc-feats(kaldi::SequentialTableReader<kaldi::WaveHolder>::SequentialTableReader(std::__cxx11::basic_string<char, std::char_traits<char>, std::allocator<char> > const&)+0x3e) [0x55bcf3089b54]
compute-mfcc-feats(main+0x824) [0x55bcf30806a4]
/lib/x86_64-linux-gnu/libc.so.6(__libc_start_main+0xf1) [0x7f4da99f22e1]
compute-mfcc-feats(_start+0x2a) [0x55bcf307fd7a]

WARNING (compute-mfcc-feats[5.5.0~1-40c7]:Read():feat/wave-reader.h:197) Exception caught in WaveHolder::Read(). kaldi::KaldiFatalError
WARNING (compute-mfcc-feats[5.5.0~1-40c7]:EnsureObjectLoaded():util/kaldi-table-inl.h:317) Failed to load object from /opt/kaldi/egs/disfluent-speech-to-text/augmented-data/27/27-124992-0031.wav
ERROR (compute-mfcc-feats[5.5.0~1-40c7]:Read():wave-reader.cc:190) WaveData: can read only PCM data, format id in file is: 3

[ Stack-Trace: ]
/opt/kaldi/src/lib/libkaldi-base.so(kaldi::MessageLogger::LogMessage() const+0xa71) [0x7f4db121b50f]
compute-mfcc-feats(kaldi::MessageLogger::LogAndThrow::operator=(kaldi::MessageLogger const&)+0x11) [0x55bcf3083343]
/opt/kaldi/src/lib/libkaldi-feat.so(kaldi::WaveInfo::Read(std::istream&)+0x12d3) [0x7f4db1fe1449]
/opt/kaldi/src/lib/libkaldi-feat.so(kaldi::WaveData::Read(std::istream&)+0x4a) [0x7f4db1fe2262]
compute-mfcc-feats(kaldi::WaveHolder::Read(std::istream&)+0xd) [0x55bcf30890e9]
compute-mfcc-feats(kaldi::SequentialTableReaderScriptImpl<kaldi::WaveHolder>::EnsureObjectLoaded()+0x161) [0x55bcf309027f]
compute-mfcc-feats(kaldi::SequentialTableReaderScriptImpl<kaldi::WaveHolder>::Next()+0x27) [0x55bcf3090b67]
compute-mfcc-feats(kaldi::SequentialTableReaderScriptImpl<kaldi::WaveHolder>::Open(std::__cxx11::basic_string<char, std::char_traits<char>, std::allocator<char> > const&)+0x29d) [0x55bcf3086361]
compute-mfcc-feats(kaldi::SequentialTableReader<kaldi::WaveHolder>::Open(std::__cxx11::basic_string<char, std::char_traits<char>, std::allocator<char> > const&)+0x1ed) [0x55bcf3089843]
compute-mfcc-feats(kaldi::SequentialTableReader<kaldi::WaveHolder>::SequentialTableReader(std::__cxx11::basic_string<char, std::char_traits<char>, std::allocator<char> > const&)+0x3e) [0x55bcf3089b54]
compute-mfcc-feats(main+0x824) [0x55bcf30806a4]
/lib/x86_64-linux-gnu/libc.so.6(__libc_start_main+0xf1) [0x7f4da99f22e1]
compute-mfcc-feats(_start+0x2a) [0x55bcf307fd7a]

WARNING (compute-mfcc-feats[5.5.0~1-40c7]:Read():feat/wave-reader.h:197) Exception caught in WaveHolder::Read(). kaldi::KaldiFatalError
WARNING (compute-mfcc-feats[5.5.0~1-40c7]:EnsureObjectLoaded():util/kaldi-table-inl.h:317) Failed to load object from /opt/kaldi/egs/disfluent-speech-to-text/augmented-data/27/27-124992-0032.wav
ERROR (compute-mfcc-feats[5.5.0~1-40c7]:Read():wave-reader.cc:190) WaveData: can read only PCM data, format id in file is: 3

[ Stack-Trace: ]
/opt/kaldi/src/lib/libkaldi-base.so(kaldi::MessageLogger::LogMessage() const+0xa71) [0x7f4db121b50f]
compute-mfcc-feats(kaldi::MessageLogger::LogAndThrow::operator=(kaldi::MessageLogger const&)+0x11) [0x55bcf3083343]
/opt/kaldi/src/lib/libkaldi-feat.so(kaldi::WaveInfo::Read(std::istream&)+0x12d3) [0x7f4db1fe1449]
/opt/kaldi/src/lib/libkaldi-feat.so(kaldi::WaveData::Read(std::istream&)+0x4a) [0x7f4db1fe2262]
compute-mfcc-feats(kaldi::WaveHolder::Read(std::istream&)+0xd) [0x55bcf30890e9]
compute-mfcc-feats(kaldi::SequentialTableReaderScriptImpl<kaldi::WaveHolder>::EnsureObjectLoaded()+0x161) [0x55bcf309027f]
compute-mfcc-feats(kaldi::SequentialTableReaderScriptImpl<kaldi::WaveHolder>::Next()+0x27) [0x55bcf3090b67]
compute-mfcc-feats(kaldi::SequentialTableReaderScriptImpl<kaldi::WaveHolder>::Open(std::__cxx11::basic_string<char, std::char_traits<char>, std::allocator<char> > const&)+0x29d) [0x55bcf3086361]
compute-mfcc-feats(kaldi::SequentialTableReader<kaldi::WaveHolder>::Open(std::__cxx11::basic_string<char, std::char_traits<char>, std::allocator<char> > const&)+0x1ed) [0x55bcf3089843]
compute-mfcc-feats(kaldi::SequentialTableReader<kaldi::WaveHolder>::SequentialTableReader(std::__cxx11::basic_string<char, std::char_traits<char>, std::allocator<char> > const&)+0x3e) [0x55bcf3089b54]
compute-mfcc-feats(main+0x824) [0x55bcf30806a4]
/lib/x86_64-linux-gnu/libc.so.6(__libc_start_main+0xf1) [0x7f4da99f22e1]
compute-mfcc-feats(_start+0x2a) [0x55bcf307fd7a]

WARNING (compute-mfcc-feats[5.5.0~1-40c7]:Read():feat/wave-reader.h:197) Exception caught in WaveHolder::Read(). kaldi::KaldiFatalError
WARNING (compute-mfcc-feats[5.5.0~1-40c7]:EnsureObjectLoaded():util/kaldi-table-inl.h:317) Failed to load object from /opt/kaldi/egs/disfluent-speech-to-text/augmented-data/27/27-124992-0033.wav
ERROR (compute-mfcc-feats[5.5.0~1-40c7]:Read():wave-reader.cc:190) WaveData: can read only PCM data, format id in file is: 3

[ Stack-Trace: ]
/opt/kaldi/src/lib/libkaldi-base.so(kaldi::MessageLogger::LogMessage() const+0xa71) [0x7f4db121b50f]
compute-mfcc-feats(kaldi::MessageLogger::LogAndThrow::operator=(kaldi::MessageLogger const&)+0x11) [0x55bcf3083343]
/opt/kaldi/src/lib/libkaldi-feat.so(kaldi::WaveInfo::Read(std::istream&)+0x12d3) [0x7f4db1fe1449]
/opt/kaldi/src/lib/libkaldi-feat.so(kaldi::WaveData::Read(std::istream&)+0x4a) [0x7f4db1fe2262]
compute-mfcc-feats(kaldi::WaveHolder::Read(std::istream&)+0xd) [0x55bcf30890e9]
compute-mfcc-feats(kaldi::SequentialTableReaderScriptImpl<kaldi::WaveHolder>::EnsureObjectLoaded()+0x161) [0x55bcf309027f]
compute-mfcc-feats(kaldi::SequentialTableReaderScriptImpl<kaldi::WaveHolder>::Next()+0x27) [0x55bcf3090b67]
compute-mfcc-feats(kaldi::SequentialTableReaderScriptImpl<kaldi::WaveHolder>::Open(std::__cxx11::basic_string<char, std::char_traits<char>, std::allocator<char> > const&)+0x29d) [0x55bcf3086361]
compute-mfcc-feats(kaldi::SequentialTableReader<kaldi::WaveHolder>::Open(std::__cxx11::basic_string<char, std::char_traits<char>, std::allocator<char> > const&)+0x1ed) [0x55bcf3089843]
compute-mfcc-feats(kaldi::SequentialTableReader<kaldi::WaveHolder>::SequentialTableReader(std::__cxx11::basic_string<char, std::char_traits<char>, std::allocator<char> > const&)+0x3e) [0x55bcf3089b54]
compute-mfcc-feats(main+0x824) [0x55bcf30806a4]
/lib/x86_64-linux-gnu/libc.so.6(__libc_start_main+0xf1) [0x7f4da99f22e1]
compute-mfcc-feats(_start+0x2a) [0x55bcf307fd7a]

WARNING (compute-mfcc-feats[5.5.0~1-40c7]:Read():feat/wave-reader.h:197) Exception caught in WaveHolder::Read(). kaldi::KaldiFatalError
WARNING (compute-mfcc-feats[5.5.0~1-40c7]:EnsureObjectLoaded():util/kaldi-table-inl.h:317) Failed to load object from /opt/kaldi/egs/disfluent-speech-to-text/augmented-data/27/27-124992-0034.wav
LOG (compute-mfcc-feats[5.5.0~1-40c7]:main():compute-mfcc-feats.cc:185)  Done 0 out of 0 utterances.
LOG (copy-feats[5.5.0~1-40c7]:main():copy-feats.cc:143) Copied 0 feature matrices.
# Accounting: time=0 threads=1
# Ended (code 1) at Thu Dec  3 01:37:15 UTC 2020, elapsed time 0 seconds
